Magicka of the Third Era.esp: AUTOSPL DUP-REC MISSVER OVR-REC
    [AUTOSPL] Auto-calced Spells:
	frost_shield                   Frost Shield
	shock shield                   Shock Shield
	bound dagger                   Bound Dagger
	bound battle-axe               Bound Battle Axe
	bound longbow                  Bound Long Bow
	summon ancestral ghost         Summon Ancestral Ghost
	bone guard                     Bone Guard
	knuckle luck                   Knuckle Luck
	blood sacrifice                Blood Sacrifice
	wizard's fire                  Wizard's Fire
	spell drain                    Spell Drain
	flame                          Flame
	shard                          Shard
	sting                          Sting
	viper                          Viper
	smite the ungodly              Smite the Ungodly
	force bolt                     Force Bolt
	wizard rend                    Wizard Rend
	resist cold                    Resist Cold
	vivec's_wrath                  Vivec's Wrath
	fire_fathasa_unique            Fire Barrier
	viperbite                      Viperbite
	npc burden 1                   Minor Burden
	npc burden 2                   Major Burden
	npc burden 3                   Severe Burden
	npc burden 4                   Empowered Burden
	npc shield 1                   Defect Barrier
	npc shield 2                   Third-like Barrier
	npc shield 3                   Experimental Barrier
	npc shield 4                   Barrier of the Sixth
	npc blind 1                    Momentary Blindness
	npc blind 2                    Temporal Blindness
	npc blind 3                    Severe Blindness
	npc blind 4                    Prolonged Blindness
	npc paralyze 1                 Minor Paralyze
	npc paralyze 2                 Improved Paralyze
	npc paralyze 3                 Extended Paralyze
	npc paralyze 4                 Grand Paralyze
	npc restore fatigue 1          Refill
	npc restore fatigue 2          Greater Refill
	npc restore fatigue 3          Resurge
	npc restore fatigue 4          Greater Resurge
	npc restore health 1           Recovery
	npc restore health 2           Greater Recovery
	npc restore health 3           Empowered Recovery
	npc restore health 4           Miraculous Recovery
	npc absorb fatigue 1           Consume Fatigue
	npc absorb fatigue 2           Drain Fatigue
	npc absorb fatigue 3           Leech Fatigue
	npc absorb health 1            Consume Health
	npc absorb health 2            Drain Health
	npc absorb health 3            Leech Health
	npc silence 1                  Minor Silence
	npc silence 2                  Improved Silence
	npc silence 3                  Advanced Silence
	npc silence 4                  Empowered Silence
	npc fire 1                     Fire Arrow
	npc fire 2                     Fire Blast
	npc fire 3                     Ignition
	npc ice 1                      Icy Touch
	npc ice 2                      Ice Arrow
	npc ice 3                      Freezing Touch
	npc lightning 1                Shocking Touch
	npc lightning 2                Electric Touch
	npc lightning 3                Shock Arrow
	npc absorb health 4            Devour Health
	npc absorb fatigue 4           Devour Fatigue
    [OVR-REC] Overridden Records:
	From Master         Type    Name
	bloodmoon.esm       MGEF    64
	morrowind.esm       ENCH    sc_balefulsuffering_en
	morrowind.esm       ENCH    sc_dedresmasterfuleye_en
	morrowind.esm       ENCH    sc_feldramstrepidation_en
	morrowind.esm       ENCH    sc_gonarsgoad_en
	morrowind.esm       ENCH    sc_mondensinstigator_en
	morrowind.esm       ENCH    sc_telvinscourage_en
	morrowind.esm       ENCH    sc_tendilstrembling_en
	morrowind.esm       ENCH    sc_tevilspeace_en
	morrowind.esm       ENCH    sc_toususabidingbeast_en
	morrowind.esm       LEVI    random_book_wizard_all
	morrowind.esm       MGEF    0
	morrowind.esm       MGEF    10
	morrowind.esm       MGEF    101
	morrowind.esm       MGEF    11
	morrowind.esm       MGEF    117
	morrowind.esm       MGEF    118
	morrowind.esm       MGEF    119
	morrowind.esm       MGEF    12
	morrowind.esm       MGEF    120
	morrowind.esm       MGEF    121
	morrowind.esm       MGEF    122
	morrowind.esm       MGEF    123
	morrowind.esm       MGEF    124
	morrowind.esm       MGEF    125
	morrowind.esm       MGEF    127
	morrowind.esm       MGEF    128
	morrowind.esm       MGEF    129
	morrowind.esm       MGEF    13
	morrowind.esm       MGEF    130
	morrowind.esm       MGEF    131
	morrowind.esm       MGEF    134
	morrowind.esm       MGEF    14
	morrowind.esm       MGEF    16
	morrowind.esm       MGEF    17
	morrowind.esm       MGEF    18
	morrowind.esm       MGEF    19
	morrowind.esm       MGEF    2
	morrowind.esm       MGEF    20
	morrowind.esm       MGEF    21
	morrowind.esm       MGEF    22
	morrowind.esm       MGEF    23
	morrowind.esm       MGEF    24
	morrowind.esm       MGEF    25
	morrowind.esm       MGEF    26
	morrowind.esm       MGEF    27
	morrowind.esm       MGEF    28
	morrowind.esm       MGEF    29
	morrowind.esm       MGEF    3
	morrowind.esm       MGEF    30
	morrowind.esm       MGEF    31
	morrowind.esm       MGEF    32
	morrowind.esm       MGEF    33
	morrowind.esm       MGEF    34
	morrowind.esm       MGEF    35
	morrowind.esm       MGEF    36
	morrowind.esm       MGEF    37
	morrowind.esm       MGEF    38
	morrowind.esm       MGEF    39
	morrowind.esm       MGEF    4
	morrowind.esm       MGEF    40
	morrowind.esm       MGEF    41
	morrowind.esm       MGEF    42
	morrowind.esm       MGEF    43
	morrowind.esm       MGEF    44
	morrowind.esm       MGEF    45
	morrowind.esm       MGEF    46
	morrowind.esm       MGEF    47
	morrowind.esm       MGEF    48
	morrowind.esm       MGEF    49
	morrowind.esm       MGEF    5
	morrowind.esm       MGEF    50
	morrowind.esm       MGEF    51
	morrowind.esm       MGEF    52
	morrowind.esm       MGEF    53
	morrowind.esm       MGEF    54
	morrowind.esm       MGEF    55
	morrowind.esm       MGEF    56
	morrowind.esm       MGEF    57
	morrowind.esm       MGEF    58
	morrowind.esm       MGEF    59
	morrowind.esm       MGEF    6
	morrowind.esm       MGEF    60
	morrowind.esm       MGEF    61
	morrowind.esm       MGEF    62
	morrowind.esm       MGEF    63
	morrowind.esm       MGEF    65
	morrowind.esm       MGEF    66
	morrowind.esm       MGEF    67
	morrowind.esm       MGEF    68
	morrowind.esm       MGEF    69
	morrowind.esm       MGEF    7
	morrowind.esm       MGEF    70
	morrowind.esm       MGEF    72
	morrowind.esm       MGEF    73
	morrowind.esm       MGEF    74
	morrowind.esm       MGEF    75
	morrowind.esm       MGEF    76
	morrowind.esm       MGEF    77
	morrowind.esm       MGEF    78
	morrowind.esm       MGEF    79
	morrowind.esm       MGEF    8
	morrowind.esm       MGEF    80
	morrowind.esm       MGEF    81
	morrowind.esm       MGEF    82
	morrowind.esm       MGEF    83
	morrowind.esm       MGEF    85
	morrowind.esm       MGEF    86
	morrowind.esm       MGEF    87
	morrowind.esm       MGEF    88
	morrowind.esm       MGEF    89
	morrowind.esm       MGEF    9
	morrowind.esm       MGEF    90
	morrowind.esm       MGEF    91
	morrowind.esm       MGEF    92
	morrowind.esm       MGEF    93
	morrowind.esm       MGEF    94
	morrowind.esm       MGEF    95
	morrowind.esm       MGEF    96
	morrowind.esm       MGEF    97
	morrowind.esm       MGEF    98
	morrowind.esm       MGEF    99
	morrowind.esm       NPC_    aldaril
	morrowind.esm       NPC_    arielle phiencel
	morrowind.esm       NPC_    arrille
	morrowind.esm       NPC_    aunius autrus
	morrowind.esm       NPC_    chanil_lee
	morrowind.esm       NPC_    chaplain ogrul
	morrowind.esm       NPC_    danso indules
	morrowind.esm       NPC_    dileno lloran
	morrowind.esm       NPC_    diren vendu
	morrowind.esm       NPC_    dorisa darvel
	morrowind.esm       NPC_    dulian
	morrowind.esm       NPC_    elynu saren
	morrowind.esm       NPC_    eraamion
	morrowind.esm       NPC_    erer darothril
	morrowind.esm       NPC_    estirdalin
	morrowind.esm       NPC_    estoril
	morrowind.esm       NPC_    ethasi rilvayn
	morrowind.esm       NPC_    fanildil
	morrowind.esm       NPC_    farena arelas
	morrowind.esm       NPC_    felara andrethi
	morrowind.esm       NPC_    felen maryon
	morrowind.esm       NPC_    ferise varo
	morrowind.esm       NPC_    fevyn ralen
	morrowind.esm       NPC_    gildan
	morrowind.esm       NPC_    guls llervu
	morrowind.esm       NPC_    heem_la
	morrowind.esm       NPC_    idonea munia
	morrowind.esm       NPC_    imare
	morrowind.esm       NPC_    j'rasha
	morrowind.esm       NPC_    jobasha
	morrowind.esm       NPC_    lalatia varian
	morrowind.esm       NPC_    llaalam madalas
	morrowind.esm       NPC_    llarara omayn
	morrowind.esm       NPC_    llaros uvayn
	morrowind.esm       NPC_    llathyno hlaalu
	morrowind.esm       NPC_    lloros sarano
	morrowind.esm       NPC_    malven romori
	morrowind.esm       NPC_    marayn dren
	morrowind.esm       NPC_    medila indaren
	morrowind.esm       NPC_    melie frenck
	morrowind.esm       NPC_    mertisi andavel
	morrowind.esm       NPC_    minnibi selkin-adda
	morrowind.esm       NPC_    namanian facian
	morrowind.esm       NPC_    nebia amphia
	morrowind.esm       NPC_    nelso salenim
	morrowind.esm       NPC_    nilvyn drothan
	morrowind.esm       NPC_    niras farys
	morrowind.esm       NPC_    onlyhestandsthere
	morrowind.esm       NPC_    orrent geontene
	morrowind.esm       NPC_    ranis athrys
	morrowind.esm       NPC_    relms gilvilo
	morrowind.esm       NPC_    rirnas athren
	morrowind.esm       NPC_    salam andrethi
	morrowind.esm       NPC_    salen ravel
	morrowind.esm       NPC_    salver lleran
	morrowind.esm       NPC_    salyni nelvayn
	morrowind.esm       NPC_    saras orelu
	morrowind.esm       NPC_    scelian plebo
	morrowind.esm       NPC_    sharn gra-muzgob
	morrowind.esm       NPC_    simine fralinie
	morrowind.esm       NPC_    sirilonwe
	morrowind.esm       NPC_    solea nuccusius
	morrowind.esm       NPC_    somutis vunnis
	morrowind.esm       NPC_    sonummu zabamat
	morrowind.esm       NPC_    syloria siruliulus
	morrowind.esm       NPC_    tinaso alan
	morrowind.esm       NPC_    tyermaillin
	morrowind.esm       NPC_    ulmiso maloren
	morrowind.esm       NPC_    urtiso faryon
	morrowind.esm       NPC_    ygfa
	morrowind.esm       NPC_    zanmulk sammalamus
	morrowind.esm       SPEL    blood sacrifice
	morrowind.esm       SPEL    bone guard
	morrowind.esm       SPEL    bound battle-axe
	morrowind.esm       SPEL    bound dagger
	morrowind.esm       SPEL    bound longbow
	morrowind.esm       SPEL    fire_fathasa_unique
	morrowind.esm       SPEL    flame
	morrowind.esm       SPEL    force bolt
	morrowind.esm       SPEL    frost_shield
	morrowind.esm       SPEL    knuckle luck
	morrowind.esm       SPEL    resist cold
	morrowind.esm       SPEL    shard
	morrowind.esm       SPEL    shock shield
	morrowind.esm       SPEL    smite the ungodly
	morrowind.esm       SPEL    spell drain
	morrowind.esm       SPEL    sting
	morrowind.esm       SPEL    summon ancestral ghost
	morrowind.esm       SPEL    viper
	morrowind.esm       SPEL    viperbite
	morrowind.esm       SPEL    vivec's_wrath
	morrowind.esm       SPEL    wizard rend
	morrowind.esm       SPEL    wizard's fire
