Masters of the Sixth House.ESP: DUP-REC MISSAUT MISSDSC MISSVER OVR-REC
    [OVR-REC] Overridden Records:
	From Master         Type    Name
	morrowind.esm       CREA    dagoth araynys
	morrowind.esm       CREA    dagoth gilvoth
	morrowind.esm       CREA    dagoth odros
	morrowind.esm       CREA    dagoth tureynul
	morrowind.esm       CREA    dagoth uthol
	morrowind.esm       CREA    dagoth vemyn
	morrowind.esm       CREA    dagoth_ur_1
	morrowind.esm       CREA    dagoth_ur_2
	morrowind.esm       ENCH    ward of araynys
	morrowind.esm       ENCH    ward of dagoth
	morrowind.esm       ENCH    ward of endus
	morrowind.esm       ENCH    ward of gilvoth
	morrowind.esm       ENCH    ward of odros
	morrowind.esm       ENCH    ward of tureynul
	morrowind.esm       ENCH    ward of uthol
	morrowind.esm       ENCH    ward of vemyn
	tribunal.esm        CREA    dagoth endus
