Master Index Naturalized.esp: DUP-REC MENUMOD MISSVER OVR-REC
    [MENUMOD] Scripts not checking menumode:
	SCPT(Warp_Andra)
	SCPT(Warp_Beran)
	SCPT(Warp_Falas)
	SCPT(Warp_Falen)
	SCPT(Warp_Hlor)
	SCPT(Warp_Indo)
	SCPT(Warp_Maran)
	SCPT(Warp_Roth)
	SCPT(Warp_Telas)
	SCPT(Warp_Valen)
    [OVR-REC] Overridden Records:
	From Master         Type    Name
	morrowind.esm       DIAL    andasreth
	morrowind.esm       DIAL    falensarano
	morrowind.esm       DIAL    rotheran
	morrowind.esm       DIAL    work
	morrowind.esm       MISC    index_valen
	morrowind.esm       NPC_    nibani maesa
	morrowind.esm       NPC_    salen ravel
	tribunal.esm        DIAL    greeting 5
