MDMD - Creatures Add-On.ESP: DUP-REC MISSDSC MISSVER OVR-REC
    [OVR-REC] Overridden Records:
	From Master         Type    Name
	morrowind.esm       CREA    ancestor_ghost
	morrowind.esm       CREA    bonelord
	morrowind.esm       CREA    bonewalker
	morrowind.esm       CREA    bonewalker_greater
	morrowind.esm       CREA    bonewalker_weak
	morrowind.esm       CREA    dremora
	morrowind.esm       CREA    dremora_lord
	morrowind.esm       CREA    hunger
	morrowind.esm       CREA    hunger_audenian
	morrowind.esm       CREA    hunger_az_01
	morrowind.esm       CREA    hunger_az_02
	morrowind.esm       CREA    hunger_fghl
	tribunal.esm        CREA    ancestor_ghost_greater
	tribunal.esm        CREA    ancestor_ghost_summon
	tribunal.esm        CREA    bonelord_summon
	tribunal.esm        CREA    bonewalker_greater_summ
	tribunal.esm        CREA    bonewalker_summon
	tribunal.esm        CREA    hunger_summon
