Memento Mori.ESP: DUP-REC FOGBUG MASTERS MENUMOD MISSAUT MISSDSC MISSVER MOD-INF OVR-REC
    MASTERS: out of sync with the masters installed in your Data Files directory:
	Tamriel_Data.esm            10684550 (plugin)   11064795 (installed size)
	OAAB_Data.esm                1569829 (plugin)    1567893 (installed size)
    [FOGBUG]: Cells with zero fog density setting:
	Ghostfence, Southern Catacombs
	Ossuary of Vehk, Hall of the Order
    [MENUMOD] Scripts not checking menumode:
	SCPT(GG_AscendedIsDead)
	SCPT(GG_AshWoeIsDead)
	SCPT(GG_BlackHeartIsDead)
	SCPT(GG_BlindScroll)
	SCPT(GG_DS_shrine_script)
	SCPT(GG_DS_skull_script)
	SCPT(GG_MusaYahaz)
	SCPT(GG_Nasro)
	SCPT(GG_SergeantLleviScript)
	SCPT(GG_ShrineAyem)
	SCPT(GG_ShrineSeht)
	SCPT(GG_ShrineVehk)
	SCPT(GG_Urn_Guar_Script)
	SCPT(GG_Urn_Neryon_Script)
	SCPT(GG_bookPilgrimage)
	SCPT(GG_flame_disable)
	SCPT(GG_haunted_corpse)
	SCPT(GG_machine_fireball)
	SCPT(GG_machine_vanish)
    [OVR-REC] Overridden Records:
	From Master         Type    Name
	bloodmoon.esm       DIAL    my tale
	morrowind.esm       CONT    crate_01_eggs10
	morrowind.esm       DIAL    ghostgate
	morrowind.esm       DIAL    need
	morrowind.esm       DIAL    pilgrimage
	morrowind.esm       DIAL    sixth house servants
	morrowind.esm       NPC_    musa yahaz
	morrowind.esm       PGRD    ashlands region
	oaab_data.esm       BOOK    ab_info_dwrvchainjunction
	oaab_data.esm       BOOK    ab_info_dwrvgratestairs
	oaab_data.esm       BOOK    ab_info_dwrvmachinekit
	oaab_data.esm       BOOK    ab_info_dwrvnixielights
	oaab_data.esm       BOOK    ab_info_dwrvscaffold
	oaab_data.esm       BOOK    ab_info_dwrvscaffoldladders
	oaab_data.esm       BOOK    ab_info_dwrvstenciltricks
	oaab_data.esm       BOOK    ab_info_dwrvstove
	oaab_data.esm       BOOK    ab_info_velhiddentowerdoor
	oaab_data.esm       DIAL    pomegranates
	oaab_data.esm       STAT    ab_furn_detapestrymini01
	oaab_data.esm       STAT    ab_furn_detapestrymini04
	oaab_data.esm       STAT    ab_furn_detapestrymini08
	tamriel_data.esm    DIAL    necromancy
	tribunal.esm        DIAL    advancement
	tribunal.esm        DIAL    background
	tribunal.esm        DIAL    duties
	tribunal.esm        DIAL    greeting 1
	tribunal.esm        DIAL    greeting 5
	tribunal.esm        DIAL    greeting 9
	tribunal.esm        DIAL    latest rumors
	tribunal.esm        DIAL    services
	tribunal.esm        DIAL    someone in particular
	tribunal.esm        DIAL    specific place

[MOD-INF]: ID=785317362024314446(Topic:specific place)
  morrowind.esm---->|DATA|NAME|INTV|SCVR:1CsX0nolore|INTV:|SCVR:28FX0Ashlanders|INTV|BNAM:;Ghostgate;   Choice "Continue" 1
  Memento Mori.ESP->|DATA|NAME|INTV|SCVR:1CsX0NoLore|INTV:|SCVR:28FX0Ashlanders|INTV|BNAM:;Ghostgate;   Choice "Continue" 1
