Mining Pick Requirement.ESP: DUP-REC MENUMOD MISSVER OVR-REC
    [MENUMOD] Scripts not checking menumode:
	SCPT(TDM_MiningPicks)
    [OVR-REC] Overridden Records:
	From Master         Type    Name
	bloodmoon.esm       CONT    rock_ebony_01
	bloodmoon.esm       CONT    rock_ebony_01_colony
	bloodmoon.esm       CONT    rock_ebony_02_colony
	bloodmoon.esm       CONT    rock_ebony_05_colony
	bloodmoon.esm       CONT    rock_ebony_06_colony
	bloodmoon.esm       CONT    rock_ebony_07
	bloodmoon.esm       CONT    rock_ebony_07_colony
	morrowind.esm       CONT    rock_ebony_02
	morrowind.esm       CONT    rock_ebony_03
	morrowind.esm       CONT    rock_ebony_04
	morrowind.esm       CONT    rock_ebony_05
	morrowind.esm       CONT    rock_ebony_06
	morrowind.esm       CONT    rock_glass_01
	morrowind.esm       CONT    rock_glass_02
	morrowind.esm       CONT    rock_glass_03
	morrowind.esm       CONT    rock_glass_04
	morrowind.esm       CONT    rock_glass_05
	morrowind.esm       CONT    rock_glass_06
	morrowind.esm       CONT    rock_glass_07
	tribunal.esm        CONT    rock_adam_mold15
	tribunal.esm        CONT    rock_adam_mold16
	tribunal.esm        CONT    rock_adam_mold17
	tribunal.esm        CONT    rock_adam_mold18
	tribunal.esm        CONT    rock_adam_mold19
	tribunal.esm        CONT    rock_adam_mold20
	tribunal.esm        CONT    rock_adam_mold21
	tribunal.esm        CONT    rock_adam_py08
	tribunal.esm        CONT    rock_adam_py09
	tribunal.esm        CONT    rock_adam_py10
	tribunal.esm        CONT    rock_adam_py11
	tribunal.esm        CONT    rock_adam_py12
	tribunal.esm        CONT    rock_adam_py13
	tribunal.esm        CONT    rock_adam_py14
