More Banners for Vivec.ESP: DUP-REC JUNKCEL MISSAUT MISSDSC MISSVER OVR-REC
    [JUNKCEL] Junk Cells:                        Flags
	Ascadian Isles Region (2, -12)           0x02
    [DUP-REC] Duplicate Records:
	From Master         Type    Name
	morrowind.esm       ACTI    act_banner_ald_velothi
	morrowind.esm       ACTI    act_banner_gnaar_mok
	morrowind.esm       ACTI    act_banner_khuul
	morrowind.esm       ACTI    act_banner_sadrith_mora
	morrowind.esm       ACTI    act_banner_tel_aruhn
	morrowind.esm       ACTI    act_banner_tel_vos
	morrowind.esm       ACTI    act_banner_vos
	morrowind.esm       ACTI    ex_v_ban_arena_01
	morrowind.esm       ACTI    ex_v_ban_avs_01
	morrowind.esm       ACTI    ex_v_ban_child_01
	morrowind.esm       ACTI    ex_v_ban_faith_01
	morrowind.esm       ACTI    ex_v_ban_hlaalu_01
	morrowind.esm       ACTI    ex_v_ban_redoran_01
	morrowind.esm       ACTI    ex_v_ban_serving_01
	morrowind.esm       ACTI    ex_v_ban_speak_01
	morrowind.esm       ACTI    ex_v_ban_stdeyln_01
	morrowind.esm       ACTI    ex_v_ban_stolms_01
	morrowind.esm       ACTI    ex_v_ban_telvanni_01
	morrowind.esm       ACTI    ex_v_ban_tribunal_01
	morrowind.esm       ACTI    ex_v_ban_vivec_01
	morrowind.esm       ACTI    ex_v_ban_vivec_02
	morrowind.esm       ACTI    furn_ashl_chime_02
	morrowind.esm       ACTI    furn_ashl_chime_03
	morrowind.esm       ACTI    furn_ashl_chime_04
	morrowind.esm       ACTI    furn_ashl_chime_05
	morrowind.esm       ACTI    furn_ashl_chime_07
	morrowind.esm       ACTI    furn_banner_councilclub
	morrowind.esm       ACTI    furn_banner_hlaalu_01
	morrowind.esm       ACTI    furn_banner_tavern_aldruhncounc
	morrowind.esm       ACTI    furn_banner_temple_01
	morrowind.esm       ACTI    furn_banner_temple_02
	morrowind.esm       ACTI    furn_banner_temple_02_interior
	morrowind.esm       ACTI    furn_banner_temple_03
	morrowind.esm       ACTI    furn_banner_temple_delyn_01
	morrowind.esm       ACTI    furn_banner_temple_stolms
	morrowind.esm       ACTI    furn_bannerd_books_aldruhnbook
	morrowind.esm       ACTI    furn_bannerd_books_balmorabook
	morrowind.esm       ACTI    furn_bannerd_books_v_jrb
	morrowind.esm       ACTI    furn_bannerd_clothing_d4_01
	morrowind.esm       ACTI    furn_bannerd_danger_01
	morrowind.esm       ACTI    furn_bannerd_welcome_01
	morrowind.esm       ACTI    furn_de_banner_pawn_suran
	morrowind.esm       ACTI    furn_de_banner_telvani_01
    [OVR-REC] Overridden Records:
	From Master         Type    Name
	morrowind.esm       ACTI    ex_v_ban_walk_01
	morrowind.esm       ACTI    furn_banner_temple_delyn
