Morrowind Rebirth - Game Settings [Addon].ESP: DUP-REC MISSAUT MISSDSC MISSVER OVR-REC
    [OVR-REC] Overridden Records:
	From Master         Type    Name
	morrowind.esm       GMST    falarmradius
	morrowind.esm       GMST    fbartergoldresetdelay
	morrowind.esm       GMST    fbribe1000mod
	morrowind.esm       GMST    fbribe100mod
	morrowind.esm       GMST    fbribe10mod
	morrowind.esm       GMST    fcombatanglexy
	morrowind.esm       GMST    fcombatblockleftangle
	morrowind.esm       GMST    fcombatblockrightangle
	morrowind.esm       GMST    fcombatcriticalstrikemult
	morrowind.esm       GMST    fcombatdelaycreature
	morrowind.esm       GMST    fcombatdelaynpc
	morrowind.esm       GMST    fcrimegolddiscountmult
	morrowind.esm       GMST    fdispattacking
	morrowind.esm       GMST    fdispdiseasemod
	morrowind.esm       GMST    fdisppersonalitymult
	morrowind.esm       GMST    fdisppickpocketmod
	morrowind.esm       GMST    fdispracemod
	morrowind.esm       GMST    fdispstealing
	morrowind.esm       GMST    fdispweapondrawn
	morrowind.esm       GMST    felementalshieldmult
	morrowind.esm       GMST    fenchantmentchancemult
	morrowind.esm       GMST    fenchantmentconstantchancemult
	morrowind.esm       GMST    fenchantmentvaluemult
	morrowind.esm       GMST    ffalldamagedistancemin
	morrowind.esm       GMST    ffalldistancemult
	morrowind.esm       GMST    ffatigueattackbase
	morrowind.esm       GMST    ffatiguejumpbase
	morrowind.esm       GMST    ffatiguereturnmult
	morrowind.esm       GMST    ffatigueswimrunbase
	morrowind.esm       GMST    fhandtohandreach
	morrowind.esm       GMST    fjumpmovebase
	morrowind.esm       GMST    fjumpmovemult
	morrowind.esm       GMST    fmagesguildtravel
	morrowind.esm       GMST    fmagicitemoncemult
	morrowind.esm       GMST    fmagicitemrechargepersecond
	morrowind.esm       GMST    fmaxhandtohandmult
	morrowind.esm       GMST    fmaxwalkspeedcreature
	morrowind.esm       GMST    fminhandtohandmult
	morrowind.esm       GMST    fminwalkspeed
	morrowind.esm       GMST    fnpcbasemagickamult
	morrowind.esm       GMST    fperdierollmult
	morrowind.esm       GMST    fpickpocketmod
	morrowind.esm       GMST    fpotionstrengthmult
	morrowind.esm       GMST    fpotiont1durmult
	morrowind.esm       GMST    fpotiont1magmult
	morrowind.esm       GMST    fprojectilemaxspeed
	morrowind.esm       GMST    fprojectileminspeed
	morrowind.esm       GMST    fprojectilethrownstorechance
	morrowind.esm       GMST    frepairamountmult
	morrowind.esm       GMST    frepairmult
	morrowind.esm       GMST    fsoulgemmult
	morrowind.esm       GMST    fspellmakingvaluemult
	morrowind.esm       GMST    fsuffocationdamage
	morrowind.esm       GMST    ftargetspellmaxspeed
	morrowind.esm       GMST    fthrownweaponmaxspeed
	morrowind.esm       GMST    fthrownweaponminspeed
	morrowind.esm       GMST    ftrapcostmult
	morrowind.esm       GMST    ftravelmult
	morrowind.esm       GMST    fvanitydelay
	morrowind.esm       GMST    ialarmstealing
	morrowind.esm       GMST    ialarmtresspass
	morrowind.esm       GMST    ialchemymod
	morrowind.esm       GMST    iautospellconjurationmax
	morrowind.esm       GMST    iautospelldestructionmax
	morrowind.esm       GMST    ibasearmorskill
	morrowind.esm       GMST    icrimeattack
	morrowind.esm       GMST    icrimekilling
	morrowind.esm       GMST    icrimepickpocket
	morrowind.esm       GMST    icrimetresspass
	morrowind.esm       GMST    idaysinprisonmod
	morrowind.esm       GMST    igreetdistancemultiplier
	morrowind.esm       GMST    imonthstorespawn
	morrowind.esm       GMST    iperminchance
	morrowind.esm       GMST    iperminchange
	morrowind.esm       GMST    ipickmaxchance
	morrowind.esm       GMST    itrainingmod
	morrowind.esm       GMST    ivoiceattackodds
