Morrowind Tactics II.ESP: DUP-REC EVLGMST JUNKCEL MISSDSC MISSVER OVR-REC
    [EVLGMST] Bloodmoon(2):
	BM fcombatdistancewerewolfmod
	BM ffleedistance
    [JUNKCEL] Junk Cells:                        Flags
	Bitter Coast Region (-12, 1)             0x02
	Bitter Coast Region (-12, 2)             0x02
	Bitter Coast Region (-12, 3)             0x02
	Bitter Coast Region (-13, 1)             0x02
	Bitter Coast Region (-13, 2)             0x02
	Bitter Coast Region (-13, 3)             0x02
	Bitter Coast Region (-13, 4)             0x02
	Bitter Coast Region (-14, 2)             0x02
	Bitter Coast Region (-14, 4)             0x02
	Bitter Coast Region (-14, 5)             0x02
	West Gash Region (-15, 7)                0x02
	West Gash Region (-16, 7)                0x02
	West Gash Region (-16, 8)                0x02
	Wilderness (-15, -8)                     0x02
	Wilderness (-19, 14)                     0x02
	Wilderness (-19, 15)                     0x02
	Wilderness (-20, 15)                     0x02
	Wilderness (-28, 24)                     0x02
	Wilderness (-29, 23)                     0x02
    [DUP-REC] Duplicate Records:
	From Master         Type    Name
	morrowind.esm       GMST    ffatiguebase
	morrowind.esm       GMST    fjumpencumbrancemultiplier
	morrowind.esm       LEVI    random_armor_bonemold
	morrowind.esm       LEVI    random_armor_chitin
	tribunal.esm        DOOR    ex_cave_door_01
    [OVR-REC] Overridden Records:
	From Master         Type    Name
	morrowind.esm       GMST    fathleticsrunbonus
	morrowind.esm       GMST    fbaserunmultiplier
	morrowind.esm       GMST    fencumberedmoveeffect
	morrowind.esm       GMST    ffallacromult
	morrowind.esm       GMST    ffatigueattackbase
	morrowind.esm       GMST    ffatiguejumpbase
	morrowind.esm       GMST    ffatiguereturnbase
	morrowind.esm       GMST    ffatiguerunbase
	morrowind.esm       GMST    ffatiguerunmult
	morrowind.esm       GMST    ffatigueswimrunbase
	morrowind.esm       GMST    ffatigueswimwalkbase
	morrowind.esm       GMST    fjumpacrobaticsbase
	morrowind.esm       GMST    fjumpencumbrancebase
	morrowind.esm       GMST    fmaxhandtohandmult
	morrowind.esm       GMST    fminhandtohandmult
	morrowind.esm       GMST    fnpcbasemagickamult
	morrowind.esm       GMST    fperdierollmult
	morrowind.esm       GMST    fprojectilemaxspeed
	morrowind.esm       GMST    fprojectileminspeed
	morrowind.esm       GMST    fprojectilethrownstorechance
	morrowind.esm       GMST    fsneakspeedmultiplier
	morrowind.esm       GMST    fswimrunathleticsmult
	morrowind.esm       GMST    fswimwalkathleticsmult
	morrowind.esm       GMST    ftargetspellmaxspeed
	morrowind.esm       GMST    fthrownweaponmaxspeed
	morrowind.esm       GMST    fthrownweaponminspeed
	morrowind.esm       GMST    fweaponfatiguemult
	morrowind.esm       GMST    iperminchance
	morrowind.esm       GMST    iperminchange
	morrowind.esm       LEVC    ex_ascadianisles_lev+0
	morrowind.esm       LEVC    ex_ascadianisles_lev+2
	morrowind.esm       LEVC    ex_ascadianisles_lev-1
	morrowind.esm       LEVC    ex_ascadianisles_sleep
	morrowind.esm       LEVC    ex_azurascoast_lev+0
	morrowind.esm       LEVC    ex_azurascoast_lev+2
	morrowind.esm       LEVC    ex_azurascoast_lev-1
	morrowind.esm       LEVC    ex_azurascoast_sleep
	morrowind.esm       LEVC    ex_bittercoast_lev+0
	morrowind.esm       LEVC    ex_bittercoast_lev+2
	morrowind.esm       LEVC    ex_bittercoast_sleep
	morrowind.esm       LEVC    ex_grazelands_lev+0
	morrowind.esm       LEVC    ex_grazelands_lev+2
	morrowind.esm       LEVC    ex_grazelands_lev-1
	morrowind.esm       LEVC    ex_grazelands_sleep
	morrowind.esm       LEVC    ex_molagmar_lev+0
	morrowind.esm       LEVC    ex_molagmar_lev+2
	morrowind.esm       LEVC    ex_molagmar_lev-1
	morrowind.esm       LEVC    ex_redmtn_all_lev+0
	morrowind.esm       LEVC    ex_redmtn_all_lev+2
	morrowind.esm       LEVC    ex_redmtn_all_lev-2
	morrowind.esm       LEVC    ex_redmtn_all_sleep
	morrowind.esm       LEVC    ex_sheogorad_lev+0
	morrowind.esm       LEVC    ex_sheogorad_lev+2
	morrowind.esm       LEVC    ex_sheogorad_lev-1
	morrowind.esm       LEVC    ex_sheogorad_sleep
	morrowind.esm       LEVC    ex_westgash_lev+0
	morrowind.esm       LEVC    ex_westgash_lev+2
	morrowind.esm       LEVC    ex_westgash_lev-1
	morrowind.esm       LEVC    ex_westgash_sleep
	morrowind.esm       LEVC    ex_wild_all_lev+0
	morrowind.esm       LEVC    ex_wild_all_lev+2
	morrowind.esm       LEVC    ex_wild_all_lev-1
	morrowind.esm       LEVC    ex_wild_all_sleep
	morrowind.esm       LEVC    in_cave_all_lev+0
	morrowind.esm       LEVC    in_cave_all_lev+2
	morrowind.esm       LEVC    in_cave_all_lev-1
	morrowind.esm       LEVI    imperial guard random weapon
	morrowind.esm       LEVI    l_m_armor_shields
	morrowind.esm       LEVI    l_m_enchantitem_temple_rank8_1
	morrowind.esm       NPC_    buoyant armiger_wander
	morrowind.esm       NPC_    chargen boat guard 1
	morrowind.esm       NPC_    chargen boat guard 2
	morrowind.esm       NPC_    chargen boat guard 3
	morrowind.esm       NPC_    chargen door guard
	morrowind.esm       NPC_    hlaalu guard
	morrowind.esm       NPC_    hlaalu guard_outside
	morrowind.esm       NPC_    hlaalu sharpshooter
	morrowind.esm       NPC_    imperial archer
	morrowind.esm       NPC_    imperial guard
	morrowind.esm       NPC_    imperial guard captain
	morrowind.esm       NPC_    imperial guard_company
	morrowind.esm       NPC_    imperial guard_ebonhear
	morrowind.esm       NPC_    imperial guard_prisoner
	morrowind.esm       NPC_    imperial templar_ebon
	morrowind.esm       NPC_    ordinator stationary
	morrowind.esm       NPC_    ordinator wander
	morrowind.esm       NPC_    ordinator wander_hp
	morrowind.esm       NPC_    ordinator wander_ilpe_1
	morrowind.esm       NPC_    ordinator wander_ilpe_2
	morrowind.esm       NPC_    ordinator_bal_ur
	morrowind.esm       NPC_    ordinator_high fane
	morrowind.esm       NPC_    ordinator_wander_hvault
	morrowind.esm       NPC_    ordinator_wander_tvault
	morrowind.esm       NPC_    redoran guard female
	morrowind.esm       NPC_    redoran guard male
	morrowind.esm       NPC_    redoran guard sarethi1
	morrowind.esm       NPC_    redoran guard sarethi2
	morrowind.esm       NPC_    redoran guard sarethi3
	morrowind.esm       NPC_    redoran guard sarethi4
	morrowind.esm       NPC_    redoran guard_andasreth
	morrowind.esm       NPC_    telvanni guard
	morrowind.esm       NPC_    telvanni guard_stand
	morrowind.esm       NPC_    telvanni sharpshooter
	morrowind.esm       WEAP    dwarven halberd
	morrowind.esm       WEAP    dwarven halberd_soultrap
	morrowind.esm       WEAP    glass halberd
	morrowind.esm       WEAP    iron flamecleaver
	morrowind.esm       WEAP    iron halberd
	morrowind.esm       WEAP    iron shardcleaver
	morrowind.esm       WEAP    iron sparkcleaver
	morrowind.esm       WEAP    iron vipercleaver
	morrowind.esm       WEAP    shockbite halberd
	morrowind.esm       WEAP    steel flamecleaver
	morrowind.esm       WEAP    steel halberd
	morrowind.esm       WEAP    steel shardcleaver
	morrowind.esm       WEAP    steel sparkcleaver
	morrowind.esm       WEAP    steel vipercleaver
	tribunal.esm        GMST    fcombatdistancewerewolfmod
	tribunal.esm        GMST    ffleedistance
	tribunal.esm        NPC_    guard_helseth
	tribunal.esm        NPC_    guard_helseth_attack
	tribunal.esm        NPC_    guard_highord_attack
	tribunal.esm        NPC_    imperial guard_m_sadri
	tribunal.esm        NPC_    ordinator_mh_sadri
	tribunal.esm        NPC_    ordinator_mh_stationary
	tribunal.esm        NPC_    ordinator_mh_tbasement
	tribunal.esm        NPC_    ordinator_mh_th_uni
	tribunal.esm        NPC_    ordinator_mournhold
