MQE_MainQuestEnhancers (2).esp: DUP-REC JUNKCEL MASTERS MENUMOD MISSVER OVR-REC
    MASTERS: out of sync with the masters installed in your Data Files directory:
	OAAB_Data.esm                1106203 (plugin)    1567893 (installed size)
    [MENUMOD] Scripts not checking menumode:
	SCPT(_MQE_np_stage1)
	SCPT(_MQE_np_stage2)
	SCPT(_MQE_np_stage3)
	SCPT(_MQE_np_stage4)
	SCPT(_MQE_stage1_bb)
	SCPT(_MQE_stage1_cc)
	SCPT(_MQE_stage1_gg)
	SCPT(_MQE_stage1_ii)
	SCPT(_MQE_stage1_ss)
	SCPT(_MQE_stage2_cc)
	SCPT(_MQE_stage2_gg)
	SCPT(_MQE_stage2_ii)
	SCPT(_MQE_stage2_ii_p)
	SCPT(_MQE_stage2_ss)
	SCPT(_MQE_stage2_ss_p)
	SCPT(_MQE_stage3_cc)
	SCPT(_MQE_stage3_gg)
	SCPT(_MQE_stage3_ii)
	SCPT(_MQE_stage3_ii_p)
	SCPT(_MQE_stage3_ss)
	SCPT(_MQE_stage3_ss_p)
	SCPT(_MQE_stage4_cc)
	SCPT(_MQE_stage4_gg)
	SCPT(_MQE_stage4_ii)
	SCPT(_MQE_stage4_ii_p)
	SCPT(_MQE_stage4_ss)
	SCPT(_MQE_stage5_ss)
	SCPT(_MQE_stage6_ss)
	SCPT(enableNotice)
    [JUNKCEL] Junk Cells:                        Flags
	Azura's Coast Region (17, 3)             0x02
	Azura's Coast Region (18, 2)             0x02
	Azura's Coast Region (18, 5)             0x02
	Azura's Coast Region (19, 3)             0x02
    [OVR-REC] Overridden Records:
	From Master         Type    Name
	morrowind.esm       LEVC    ex_ascadianisles_lev+0
	morrowind.esm       LEVC    ex_ascadianisles_lev+2
	morrowind.esm       LEVC    ex_ascadianisles_lev-1
	morrowind.esm       LEVC    ex_azurascoast_lev+0
	morrowind.esm       LEVC    ex_azurascoast_lev+2
	morrowind.esm       LEVC    ex_azurascoast_lev-1
	morrowind.esm       LEVC    ex_bittercoast_lev+0
	morrowind.esm       LEVC    ex_bittercoast_lev+2
	morrowind.esm       LEVC    ex_bittercoast_lev-1
	morrowind.esm       LEVC    ex_grazelands_lev+0
	morrowind.esm       LEVC    ex_grazelands_lev+2
	morrowind.esm       LEVC    ex_grazelands_lev-1
	morrowind.esm       LEVC    ex_molagmar_lev+0
	morrowind.esm       LEVC    ex_molagmar_lev+2
	morrowind.esm       LEVC    ex_molagmar_lev-1
	morrowind.esm       LEVC    ex_sheogorad_lev+0
	morrowind.esm       LEVC    ex_sheogorad_lev+2
	morrowind.esm       LEVC    ex_sheogorad_lev-1
	morrowind.esm       LEVC    ex_westgash_lev+0
	morrowind.esm       LEVC    ex_westgash_lev+2
	morrowind.esm       LEVC    ex_westgash_lev-1
	tribunal.esm        DIAL    greeting 1
