MUNDIS.ESP: AUTOSPL DUP-INF DUP-REC MENUMOD MISSVER OVR-REC
    [AUTOSPL] Auto-calced Spells:
	aa_summonspell                 Summon MUNDIS
    [MENUMOD] Scripts not checking menumode:
	SCPT(AAA_CheatShops)
	SCPT(AAA_CheatToggler)
	SCPT(AAA_DoorPos)
	SCPT(AAA_DoorPosTR)
	SCPT(AAA_disabelspecificmundisendif)
	SCPT(AAA_disablemundis)
	SCPT(AAA_disablemundisTR)
	SCPT(AAA_enableMundis)
	SCPT(AAA_enablemundisTR)
	SCPT(AAA_enablespecifMundis)
	SCPT(AA_Book1)
	SCPT(TRTStart)
	SCPT(TRT_DebugStart)
	SCPT(ZZ_BoxEnableScript_01_01_01)
	SCPT(ZZ_BoxEnableScript_01_02_01)
	SCPT(ZZ_BoxEnableScript_01_03_01)
	SCPT(ZZ_BoxEnableScript_01_04_01)
	SCPT(ZZ_BoxEnableScript_01_05_01)
	SCPT(ZZ_BoxEnableScript_02_01_01)
	SCPT(ZZ_BoxEnableScript_02_02_01)
	SCPT(ZZ_BoxEnableScript_02_03_01)
	SCPT(ZZ_BoxEnableScript_02_04_01)
	SCPT(ZZ_BoxEnableScript_02_05_01)
	SCPT(ZZ_BoxEnableScript_02_06_01)
	SCPT(ZZ_BoxEnableScript_02_07_01)
	SCPT(ZZ_BoxEnableScript_02_08_01)
	SCPT(ZZ_BoxEnableScript_03_01_01)
	SCPT(ZZ_BoxEnableScript_03_02_01)
	SCPT(ZZ_BoxEnableScript_03_03_01)
	SCPT(ZZ_BoxEnableScript_03_04_01)
	SCPT(ZZ_BoxEnableScript_03_05_01)
	SCPT(ZZ_BoxEnableScript_03_06_01)
	SCPT(ZZ_BoxEnableScript_03_07_01)
	SCPT(ZZ_BoxEnableScript_03_08_01)
	SCPT(ZZ_BoxEnableScript_03_09_01)
	SCPT(ZZ_BoxEnableScript_03_10_01)
	SCPT(ZZ_BoxEnableScript_03_11_01)
	SCPT(ZZ_BoxEnableScript_04_01_01)
	SCPT(ZZ_BoxEnableScript_04_02_01)
	SCPT(ZZ_BoxEnableScript_04_03_01)
	SCPT(ZZ_BoxEnableScript_04_04_01)
	SCPT(ZZ_BoxEnableScript_04_05_01)
	SCPT(ZZ_BoxEnableScript_04_06_01)
	SCPT(ZZ_BoxEnableScript_04_07_01)
	SCPT(ZZ_BoxEnableScript_04_08_01)
	SCPT(ZZ_BoxEnableScript_04_09_01)
	SCPT(ZZ_BoxEnableScript_04_10_01)
	SCPT(ZZ_BoxEnableScript_04_11_01)
	SCPT(ZZ_BoxEnableScript_05_01_01)
	SCPT(ZZ_BoxEnableScript_05_02_01)
	SCPT(ZZ_BoxEnableScript_05_03_01)
	SCPT(ZZ_BoxEnableScript_06_01_01)
	SCPT(ZZ_BoxEnableScript_06_02_01)
	SCPT(ZZ_BoxEnableScript_06_03_01)
	SCPT(ZZ_BoxEnableScript_06_04_01)
	SCPT(ZZ_BoxEnableScript_06_05_01)
	SCPT(ZZ_BoxEnableScript_06_06_01)
	SCPT(ZZ_BoxEnableScript_06_07_01)
	SCPT(ZZ_BoxEnableScript_06_08_01)
	SCPT(ZZ_BoxEnableScript_06_09_01)
	SCPT(ZZ_BoxEnableScript_06_10_01)
	SCPT(ZZ_BoxEnableScript_06_11_01)
	SCPT(ZZ_BoxEnableScript_06_12_01)
	SCPT(ZZ_BoxEnableScript_06_13_01)
	SCPT(ZZ_BoxEnableScript_06_14_01)
	SCPT(ZZ_BoxEnableScript_06_15_01)
	SCPT(ZZ_BoxEnableScript_06_16_01)
	SCPT(ZZ_BoxEnableScript_06_17_01)
	SCPT(ZZ_BoxEnableScript_06_18_01)
	SCPT(ZZ_BoxEnableScript_06_19_01)
	SCPT(ZZ_BoxEnableScript_06_20_01)
	SCPT(ZZ_BoxEnableScript_06_21_01)
	SCPT(ZZ_BoxEnableScript_06_22_01)
	SCPT(ZZ_BoxEnableScript_06_23_01)
	SCPT(ZZ_BoxEnableScript_06_24_01)
	SCPT(ZZ_BoxEnableScript_06_25_01)
	SCPT(ZZ_BoxEnableScript_06_26_01)
	SCPT(ZZ_BoxEnableScript_06_27_01)
	SCPT(ZZ_BoxEnableScript_06_28_01)
	SCPT(ZZ_BoxEnableScript_06_29_01)
	SCPT(ZZ_BoxEnableScript_06_30_01)
	SCPT(ZZ_BoxEnableScript_06_31_01)
	SCPT(ZZ_BoxEnableScript_06_32_01)
	SCPT(ZZ_BoxEnableScript_06_33_01)
	SCPT(ZZ_BoxEnableScript_06_34_01)
	SCPT(ZZ_BoxEnableScript_07_01_01)
	SCPT(ZZ_BoxEnableScript_07_02_01)
	SCPT(ZZ_BoxEnableScript_07_03_01)
	SCPT(ZZ_BoxEnableScript_07_04_01)
	SCPT(ZZ_BoxEnableScript_07_05_01)
	SCPT(ZZ_BoxEnableScript_07_06_01)
	SCPT(ZZ_BoxEnableScript_07_07_01)
	SCPT(ZZ_BoxEnableScript_07_08_01)
	SCPT(ZZ_BoxEnableScript_07_09_01)
	SCPT(ZZ_BoxEnableScript_07_10_01)
	SCPT(ZZ_BoxEnableScript_07_11_01)
	SCPT(ZZ_BoxEnableScript_07_12_01)
	SCPT(ZZ_BoxEnableScript_07_13_01)
	SCPT(ZZ_BoxEnableScript_07_14_01)
	SCPT(ZZ_BoxEnableScript_07_15_01)
	SCPT(ZZ_BoxEnableScript_07_16_01)
	SCPT(ZZ_BoxEnableScript_07_17_01)
	SCPT(ZZ_BoxEnableScript_07_18_01)
	SCPT(ZZ_BoxEnableScript_07_19_01)
	SCPT(ZZ_BoxEnableScript_07_20_01)
	SCPT(ZZ_BoxEnableScript_07_21_01)
	SCPT(ZZ_BoxEnableScript_07_22_01)
	SCPT(ZZ_BoxEnableScript_07_23_01)
	SCPT(ZZ_BoxEnableScript_08_01_01)
	SCPT(ZZ_BoxEnableScript_08_02_01)
	SCPT(ZZ_BoxEnableScript_08_03_01)
	SCPT(ZZ_BoxEnableScript_08_04_01)
	SCPT(ZZ_BoxEnableScript_08_05_01)
	SCPT(ZZ_BoxEnableScript_08_06_01)
	SCPT(ZZ_BoxEnableScript_08_07_01)
	SCPT(ZZ_BoxEnableScript_08_08_01)
	SCPT(ZZ_BoxEnableScript_08_09_01)
	SCPT(ZZ_BoxEnableScript_09_01_01)
	SCPT(ZZ_BoxEnableScript_09_02_01)
	SCPT(ZZ_BoxEnableScript_09_03_01)
	SCPT(ZZ_BoxEnableScript_09_04_01)
	SCPT(ZZ_BoxEnableScript_09_05_01)
	SCPT(ZZ_BoxEnableScript_09_06_01)
	SCPT(ZZ_BoxEnableScript_12_01_01)
	SCPT(ZZ_BoxEnableScript_12_02_01)
	SCPT(ZZ_BoxEnableScript_12_03_01)
	SCPT(ZZ_BoxEnableScript_12_04_01)
	SCPT(ZZ_BoxEnableScript_12_05_01)
	SCPT(ZZ_BoxEnableScript_12_06_01)
	SCPT(ZZ_BoxEnableScript_12_07_01)
	SCPT(ZZ_BoxEnableScript_12_08_01)
	SCPT(ZZ_BoxEnableScript_12_09_01)
	SCPT(ZZ_BoxEnableScript_12_10_01)
	SCPT(ZZ_BoxEnableScript_12_11_01)
	SCPT(ZZ_BoxEnableScript_12_12_01)
	SCPT(ZZ_BoxEnableScript_12_13_01)
	SCPT(ZZ_BoxEnableScript_12_14_01)
	SCPT(ZZ_BoxEnableScript_12_15_01)
	SCPT(ZZ_BoxEnableScript_12_16_01)
	SCPT(ZZ_BoxEnableScript_12_17_01)
	SCPT(ZZ_BoxEnableScript_12_18_01)
	SCPT(ZZ_BoxEnableScript_12_19_01)
	SCPT(ZZ_BoxEnableScript_12_20_01)
	SCPT(ZZ_BoxEnableScript_12_21_01)
	SCPT(ZZ_BoxEnableScript_12_22_01)
	SCPT(ZZ_BoxEnableScript_12_23_01)
	SCPT(ZZ_BoxEnableScript_12_24_01)
	SCPT(ZZ_BoxEnableScript_12_25_01)
	SCPT(ZZ_EnableScript_01_01_01)
	SCPT(ZZ_EnableScript_01_02_01)
	SCPT(ZZ_EnableScript_01_03_01)
	SCPT(ZZ_EnableScript_01_04_01)
	SCPT(ZZ_EnableScript_01_05_01)
	SCPT(ZZ_EnableScript_02_01_01)
	SCPT(ZZ_EnableScript_02_02_01)
	SCPT(ZZ_EnableScript_02_03_01)
	SCPT(ZZ_EnableScript_02_04_01)
	SCPT(ZZ_EnableScript_02_05_01)
	SCPT(ZZ_EnableScript_02_06_01)
	SCPT(ZZ_EnableScript_02_07_01)
	SCPT(ZZ_EnableScript_02_08_01)
	SCPT(ZZ_EnableScript_03_01_01)
	SCPT(ZZ_EnableScript_03_02_01)
	SCPT(ZZ_EnableScript_03_03_01)
	SCPT(ZZ_EnableScript_03_04_01)
	SCPT(ZZ_EnableScript_03_05_01)
	SCPT(ZZ_EnableScript_03_06_01)
	SCPT(ZZ_EnableScript_03_07_01)
	SCPT(ZZ_EnableScript_03_08_01)
	SCPT(ZZ_EnableScript_03_09_01)
	SCPT(ZZ_EnableScript_03_10_01)
	SCPT(ZZ_EnableScript_03_11_01)
	SCPT(ZZ_EnableScript_04_01_01)
	SCPT(ZZ_EnableScript_04_02_01)
	SCPT(ZZ_EnableScript_04_03_01)
	SCPT(ZZ_EnableScript_04_04_01)
	SCPT(ZZ_EnableScript_04_05_01)
	SCPT(ZZ_EnableScript_04_06_01)
	SCPT(ZZ_EnableScript_04_07_01)
	SCPT(ZZ_EnableScript_04_08_01)
	SCPT(ZZ_EnableScript_04_09_01)
	SCPT(ZZ_EnableScript_04_10_01)
	SCPT(ZZ_EnableScript_04_11_01)
	SCPT(ZZ_EnableScript_05_01_01)
	SCPT(ZZ_EnableScript_05_02_01)
	SCPT(ZZ_EnableScript_05_03_01)
	SCPT(ZZ_EnableScript_06_01_01)
	SCPT(ZZ_EnableScript_06_02_01)
	SCPT(ZZ_EnableScript_06_03_01)
	SCPT(ZZ_EnableScript_06_04_01)
	SCPT(ZZ_EnableScript_06_05_01)
	SCPT(ZZ_EnableScript_06_06_01)
	SCPT(ZZ_EnableScript_06_07_01)
	SCPT(ZZ_EnableScript_06_08_01)
	SCPT(ZZ_EnableScript_06_09_01)
	SCPT(ZZ_EnableScript_06_10_01)
	SCPT(ZZ_EnableScript_06_11_01)
	SCPT(ZZ_EnableScript_06_12_01)
	SCPT(ZZ_EnableScript_06_13_01)
	SCPT(ZZ_EnableScript_06_14_01)
	SCPT(ZZ_EnableScript_06_15_01)
	SCPT(ZZ_EnableScript_06_16_01)
	SCPT(ZZ_EnableScript_06_17_01)
	SCPT(ZZ_EnableScript_06_18_01)
	SCPT(ZZ_EnableScript_06_19_01)
	SCPT(ZZ_EnableScript_06_20_01)
	SCPT(ZZ_EnableScript_06_21_01)
	SCPT(ZZ_EnableScript_06_22_01)
	SCPT(ZZ_EnableScript_06_23_01)
	SCPT(ZZ_EnableScript_06_24_01)
	SCPT(ZZ_EnableScript_06_25_01)
	SCPT(ZZ_EnableScript_06_26_01)
	SCPT(ZZ_EnableScript_06_27_01)
	SCPT(ZZ_EnableScript_06_28_01)
	SCPT(ZZ_EnableScript_06_29_01)
	SCPT(ZZ_EnableScript_06_30_01)
	SCPT(ZZ_EnableScript_06_31_01)
	SCPT(ZZ_EnableScript_06_32_01)
	SCPT(ZZ_EnableScript_06_33_01)
	SCPT(ZZ_EnableScript_06_34_01)
	SCPT(ZZ_EnableScript_07_01_01)
	SCPT(ZZ_EnableScript_07_02_01)
	SCPT(ZZ_EnableScript_07_03_01)
	SCPT(ZZ_EnableScript_07_04_01)
	SCPT(ZZ_EnableScript_07_05_01)
	SCPT(ZZ_EnableScript_07_06_01)
	SCPT(ZZ_EnableScript_07_07_01)
	SCPT(ZZ_EnableScript_07_08_01)
	SCPT(ZZ_EnableScript_07_09_01)
	SCPT(ZZ_EnableScript_07_10_01)
	SCPT(ZZ_EnableScript_07_11_01)
	SCPT(ZZ_EnableScript_07_12_01)
	SCPT(ZZ_EnableScript_07_13_01)
	SCPT(ZZ_EnableScript_07_14_01)
	SCPT(ZZ_EnableScript_07_15_01)
	SCPT(ZZ_EnableScript_07_16_01)
	SCPT(ZZ_EnableScript_07_17_01)
	SCPT(ZZ_EnableScript_07_18_01)
	SCPT(ZZ_EnableScript_07_19_01)
	SCPT(ZZ_EnableScript_07_20_01)
	SCPT(ZZ_EnableScript_07_21_01)
	SCPT(ZZ_EnableScript_07_22_01)
	SCPT(ZZ_EnableScript_07_23_01)
	SCPT(ZZ_EnableScript_08_01_01)
	SCPT(ZZ_EnableScript_08_02_01)
	SCPT(ZZ_EnableScript_08_03_01)
	SCPT(ZZ_EnableScript_08_04_01)
	SCPT(ZZ_EnableScript_08_05_01)
	SCPT(ZZ_EnableScript_08_06_01)
	SCPT(ZZ_EnableScript_08_07_01)
	SCPT(ZZ_EnableScript_08_08_01)
	SCPT(ZZ_EnableScript_08_09_01)
	SCPT(ZZ_EnableScript_09_01_01)
	SCPT(ZZ_EnableScript_09_02_01)
	SCPT(ZZ_EnableScript_09_03_01)
	SCPT(ZZ_EnableScript_09_04_01)
	SCPT(ZZ_EnableScript_09_05_01)
	SCPT(ZZ_EnableScript_09_06_01)
	SCPT(ZZ_EnableScript_12_01_01)
	SCPT(ZZ_EnableScript_12_02_01)
	SCPT(ZZ_EnableScript_12_03_01)
	SCPT(ZZ_EnableScript_12_04_01)
	SCPT(ZZ_EnableScript_12_05_01)
	SCPT(ZZ_EnableScript_12_06_01)
	SCPT(ZZ_EnableScript_12_07_01)
	SCPT(ZZ_EnableScript_12_08_01)
	SCPT(ZZ_EnableScript_12_09_01)
	SCPT(ZZ_EnableScript_12_10_01)
	SCPT(ZZ_EnableScript_12_11_01)
	SCPT(ZZ_EnableScript_12_12_01)
	SCPT(ZZ_EnableScript_12_13_01)
	SCPT(ZZ_EnableScript_12_14_01)
	SCPT(ZZ_EnableScript_12_15_01)
	SCPT(ZZ_EnableScript_12_16_01)
	SCPT(ZZ_EnableScript_12_17_01)
	SCPT(ZZ_EnableScript_12_18_01)
	SCPT(ZZ_EnableScript_12_19_01)
	SCPT(ZZ_EnableScript_12_20_01)
	SCPT(ZZ_EnableScript_12_21_01)
	SCPT(ZZ_EnableScript_12_22_01)
	SCPT(ZZ_EnableScript_12_23_01)
	SCPT(ZZ_EnableScript_12_24_01)
	SCPT(ZZ_EnableScript_12_25_01)
	SCPT(_disabledefault)
	SCPT(_m_console_names)
	SCPT(_m_console_names_pre)
	SCPT(aa_Merchant1Scr)
	SCPT(aa_activatetest)
	SCPT(aa_aldruhnbutton)
	SCPT(aa_balmorabutton)
	SCPT(aa_booktest)
	SCPT(aa_calderabutton)
	SCPT(aa_cheatenable)
	SCPT(aa_gnisisbutton)
	SCPT(aa_goldchest)
	SCPT(aa_lightscript)
	SCPT(aa_lockeddoor)
	SCPT(aa_mournholdbutton)
	SCPT(aa_mundis_switch_side01)
	SCPT(aa_mundis_switch_side02)
	SCPT(aa_mundis_switch_side03)
	SCPT(aa_mundis_switch_side04)
	SCPT(aa_mundis_switch_side05)
	SCPT(aa_mundis_switch_side06)
	SCPT(aa_mundis_switch_side07)
	SCPT(aa_mundis_switch_side08)
	SCPT(aa_mundis_switch_side09)
	SCPT(aa_mundis_switch_side10)
	SCPT(aa_mundis_switch_side11)
	SCPT(aa_mundis_switch_side12)
	SCPT(aa_mundis_switch_side13)
	SCPT(aa_mundis_switch_side14)
	SCPT(aa_mundis_switch_side15)
	SCPT(aa_mundis_switch_side16)
	SCPT(aa_mundislever)
	SCPT(aa_mundislever2)
	SCPT(aa_sadrithmorabutton)
	SCPT(aa_seydaneenbutton)
	SCPT(aa_shuffleLoc)
	SCPT(aa_skipanim)
	SCPT(aa_sortamulets01)
	SCPT(aa_sortcloth_com01)
	SCPT(aa_sortcloth_com02)
	SCPT(aa_sortcloth_com03)
	SCPT(aa_sortcloth_exp01)
	SCPT(aa_sortcloth_exp02)
	SCPT(aa_sortcloth_exq01)
	SCPT(aa_sortcloth_extrav01)
	SCPT(aa_sortcloth_rings_01)
	SCPT(aa_sortdwemer01)
	SCPT(aa_sortkeys_01)
	SCPT(aa_sortkeys_02)
	SCPT(aa_sortkeys_03)
	SCPT(aa_sortkeys_04)
	SCPT(aa_sortkeys_05)
	SCPT(aa_sortkeys_06)
	SCPT(aa_sortkeys_07)
	SCPT(aa_sortkeys_08)
	SCPT(aa_sortkeys_09)
	SCPT(aa_sortkeys_10)
	SCPT(aa_sortkeys_11)
	SCPT(aa_sortpot_exclusiv_01)
	SCPT(aa_sortpot_exclusiv_02)
	SCPT(aa_sortpot_exp01)
	SCPT(aa_sortpot_exp02)
	SCPT(aa_sortpot_liq01)
	SCPT(aa_sortpot_qual_01)
	SCPT(aa_sortpot_qual_02)
	SCPT(aa_sortpot_stand_01)
	SCPT(aa_sortpot_stand_02)
	SCPT(aa_sortpotbarg01)
	SCPT(aa_sortpotbarg02)
	SCPT(aa_sortpotcheap01)
	SCPT(aa_sortpotcheap02)
	SCPT(aa_sortrings01)
	SCPT(aa_sortscrolls01)
	SCPT(aa_sortscrolls02)
	SCPT(aa_sortscrolls03)
	SCPT(aa_sortscrolls04)
	SCPT(aa_spelladdscript01)
	SCPT(aa_spelladdscript02)
	SCPT(aa_spelladdscript03)
	SCPT(aa_spelladdscript04)
	SCPT(aa_spelladdscript05)
	SCPT(aa_spelladdscript06)
	SCPT(aa_spelladdscript07)
	SCPT(aa_spelladdscript08)
	SCPT(aa_spelladdscript09)
	SCPT(aa_spelladdscript10)
	SCPT(aa_spelladdscript11)
	SCPT(aa_stairscript)
	SCPT(aa_summonscr1)
	SCPT(aa_summonscr2)
	SCPT(aa_teststones)
	SCPT(aa_vivecbutton)
	SCPT(aa_vosbutton)
	SCPT(aaa_HowToAddLoc_Documentation)
	SCPT(aaa_catbutton)
	SCPT(aaa_enablemundis2)
	SCPT(aaa_mannscr)
	SCPT(aaa_pwrgemdeposit)
	SCPT(aaa_soulReset)
	SCPT(aaa_soulconvert)
	SCPT(aaa_soulconvert2)
	SCPT(aaa_souldepositbutton)
	SCPT(aaa_souldepositbutton2)
	SCPT(aaa_soultest)
	SCPT(aaa_telebutton)
	SCPT(aaa_teleportmundis)
	SCPT(aaa_teleportselect1)
	SCPT(aaaa_chestaddscript)
	SCPT(aaaa_chestscript_cat1)
	SCPT(aaaa_chestscript_cat12)
	SCPT(aaaa_chestscript_cat2)
	SCPT(aaaa_chestscript_cat3)
	SCPT(aaaa_chestscript_cat4)
	SCPT(aaaa_chestscript_cat5)
	SCPT(aaaa_chestscript_cat6)
	SCPT(aaaa_chestscript_cat7)
	SCPT(aaaa_chestscript_cat8)
	SCPT(aaaa_chestscript_cat9)
	SCPT(aaaa_mundisring2script)
	SCPT(aaaa_mundisringscript)
	SCPT(aaaa_mundissummonspell)
	SCPT(aaaa_newsorter1)
	SCPT(aaaa_newsorter2)
	SCPT(aaaa_spellcopy)
	SCPT(aax_addspell)
	SCPT(aaz_mannequin)
	SCPT(ab_Cheat_DispCat)
	SCPT(ab_Cheat_Go)
	SCPT(ab_Cheat_NexCat)
	SCPT(ab_Cheat_NexLoc)
	SCPT(ab_Cheat_PrevCat)
	SCPT(ab_Cheat_PrevLoc)
	SCPT(ab_cheatscript)
	SCPT(ab_mundisfence)
	SCPT(ab_power_remain)
	SCPT(ab_presetchoose1)
	SCPT(ab_presetchoose2)
	SCPT(ab_presetchoose3)
	SCPT(ab_presetchoose4)
	SCPT(ab_presetchoose5)
	SCPT(ab_presetchoose6)
	SCPT(ab_presetchoose7)
	SCPT(ab_presetchoose8)
	SCPT(ab_presetgo_01)
	SCPT(ab_presetgo_02)
	SCPT(ab_presetgo_03)
	SCPT(ab_presetgo_04)
	SCPT(ab_presetgo_05)
	SCPT(ab_presetgo_06)
	SCPT(ab_presetgo_07)
	SCPT(ab_presetgo_08)
	SCPT(ab_presetshow1)
	SCPT(ab_presetshow2)
	SCPT(ab_presetshow3)
	SCPT(ab_presetshow4)
	SCPT(ab_presetshow5)
	SCPT(ab_presetshow6)
	SCPT(ab_presetshow7)
	SCPT(ab_presetshow8)
	SCPT(ab_soulconvert1)
	SCPT(ab_soulconvert2)
	SCPT(ab_soulconvert3)
	SCPT(ab_soulconvert4)
	SCPT(ac_lstone_test)
	SCPT(ac_presetchooseset1)
	SCPT(ac_presetchooseset2)
	SCPT(ac_presetchooseset3)
	SCPT(ac_presetchooseset4)
	SCPT(ac_sortitem)
	SCPT(ac_sortscr1)
	SCPT(ac_sortscr2)
	SCPT(ac_sortscrolls)
	SCPT(ac_sortscrolls2)
	SCPT(ac_sortscrolls3)
	SCPT(ac_unsortitem)
	SCPT(ac_unsortscr1)
	SCPT(ac_unsortscr2)
	SCPT(ax_enginelvrscript1)
	SCPT(ax_offstatus)
	SCPT(ax_onstatus)
	SCPT(ax_sothaambient)
	SCPT(az_bookscript)
	SCPT(az_mund_locstone_scr_01_01)
	SCPT(az_mund_locstone_scr_01_02)
	SCPT(az_mund_locstone_scr_01_03)
	SCPT(az_mund_locstone_scr_01_04)
	SCPT(az_mund_locstone_scr_01_05)
	SCPT(az_mund_locstone_scr_02_01)
	SCPT(az_mund_locstone_scr_02_02)
	SCPT(az_mund_locstone_scr_02_03)
	SCPT(az_mund_locstone_scr_02_04)
	SCPT(az_mund_locstone_scr_02_05)
	SCPT(az_mund_locstone_scr_02_06)
	SCPT(az_mund_locstone_scr_02_07)
	SCPT(az_mund_locstone_scr_02_08)
	SCPT(az_mund_locstone_scr_03_01)
	SCPT(az_mund_locstone_scr_03_02)
	SCPT(az_mund_locstone_scr_03_03)
	SCPT(az_mund_locstone_scr_03_04)
	SCPT(az_mund_locstone_scr_03_05)
	SCPT(az_mund_locstone_scr_03_06)
	SCPT(az_mund_locstone_scr_03_07)
	SCPT(az_mund_locstone_scr_03_08)
	SCPT(az_mund_locstone_scr_03_09)
	SCPT(az_mund_locstone_scr_03_10)
	SCPT(az_mund_locstone_scr_03_11)
	SCPT(az_mund_locstone_scr_04_01)
	SCPT(az_mund_locstone_scr_04_02)
	SCPT(az_mund_locstone_scr_04_03)
	SCPT(az_mund_locstone_scr_04_04)
	SCPT(az_mund_locstone_scr_04_05)
	SCPT(az_mund_locstone_scr_04_06)
	SCPT(az_mund_locstone_scr_04_07)
	SCPT(az_mund_locstone_scr_04_08)
	SCPT(az_mund_locstone_scr_04_09)
	SCPT(az_mund_locstone_scr_04_10)
	SCPT(az_mund_locstone_scr_04_11)
	SCPT(az_mund_locstone_scr_05_01)
	SCPT(az_mund_locstone_scr_05_02)
	SCPT(az_mund_locstone_scr_05_03)
	SCPT(az_mund_locstone_scr_06_01)
	SCPT(az_mund_locstone_scr_06_02)
	SCPT(az_mund_locstone_scr_06_03)
	SCPT(az_mund_locstone_scr_06_04)
	SCPT(az_mund_locstone_scr_06_05)
	SCPT(az_mund_locstone_scr_06_06)
	SCPT(az_mund_locstone_scr_06_07)
	SCPT(az_mund_locstone_scr_06_08)
	SCPT(az_mund_locstone_scr_06_09)
	SCPT(az_mund_locstone_scr_06_10)
	SCPT(az_mund_locstone_scr_06_11)
	SCPT(az_mund_locstone_scr_06_12)
	SCPT(az_mund_locstone_scr_06_13)
	SCPT(az_mund_locstone_scr_06_14)
	SCPT(az_mund_locstone_scr_06_15)
	SCPT(az_mund_locstone_scr_06_16)
	SCPT(az_mund_locstone_scr_06_17)
	SCPT(az_mund_locstone_scr_06_18)
	SCPT(az_mund_locstone_scr_06_19)
	SCPT(az_mund_locstone_scr_06_20)
	SCPT(az_mund_locstone_scr_06_21)
	SCPT(az_mund_locstone_scr_06_22)
	SCPT(az_mund_locstone_scr_06_23)
	SCPT(az_mund_locstone_scr_06_24)
	SCPT(az_mund_locstone_scr_06_25)
	SCPT(az_mund_locstone_scr_06_26)
	SCPT(az_mund_locstone_scr_06_27)
	SCPT(az_mund_locstone_scr_06_28)
	SCPT(az_mund_locstone_scr_06_29)
	SCPT(az_mund_locstone_scr_06_30)
	SCPT(az_mund_locstone_scr_06_31)
	SCPT(az_mund_locstone_scr_06_32)
	SCPT(az_mund_locstone_scr_06_33)
	SCPT(az_mund_locstone_scr_06_34)
	SCPT(az_mund_locstone_scr_07_01)
	SCPT(az_mund_locstone_scr_07_02)
	SCPT(az_mund_locstone_scr_07_03)
	SCPT(az_mund_locstone_scr_07_04)
	SCPT(az_mund_locstone_scr_07_05)
	SCPT(az_mund_locstone_scr_07_06)
	SCPT(az_mund_locstone_scr_07_07)
	SCPT(az_mund_locstone_scr_07_08)
	SCPT(az_mund_locstone_scr_07_09)
	SCPT(az_mund_locstone_scr_07_10)
	SCPT(az_mund_locstone_scr_07_11)
	SCPT(az_mund_locstone_scr_07_12)
	SCPT(az_mund_locstone_scr_07_13)
	SCPT(az_mund_locstone_scr_07_14)
	SCPT(az_mund_locstone_scr_07_15)
	SCPT(az_mund_locstone_scr_07_16)
	SCPT(az_mund_locstone_scr_07_17)
	SCPT(az_mund_locstone_scr_07_18)
	SCPT(az_mund_locstone_scr_07_19)
	SCPT(az_mund_locstone_scr_07_20)
	SCPT(az_mund_locstone_scr_07_21)
	SCPT(az_mund_locstone_scr_07_22)
	SCPT(az_mund_locstone_scr_07_23)
	SCPT(az_mund_locstone_scr_08_01)
	SCPT(az_mund_locstone_scr_08_02)
	SCPT(az_mund_locstone_scr_08_03)
	SCPT(az_mund_locstone_scr_08_04)
	SCPT(az_mund_locstone_scr_08_05)
	SCPT(az_mund_locstone_scr_08_06)
	SCPT(az_mund_locstone_scr_08_07)
	SCPT(az_mund_locstone_scr_08_08)
	SCPT(az_mund_locstone_scr_08_09)
	SCPT(az_mund_locstone_scr_09_01)
	SCPT(az_mund_locstone_scr_09_02)
	SCPT(az_mund_locstone_scr_09_03)
	SCPT(az_mund_locstone_scr_09_04)
	SCPT(az_mund_locstone_scr_09_05)
	SCPT(az_mund_locstone_scr_09_06)
	SCPT(az_mund_locstone_scr_12_01)
	SCPT(az_mund_locstone_scr_12_02)
	SCPT(az_mund_locstone_scr_12_03)
	SCPT(az_mund_locstone_scr_12_04)
	SCPT(az_mund_locstone_scr_12_05)
	SCPT(az_mund_locstone_scr_12_06)
	SCPT(az_mund_locstone_scr_12_07)
	SCPT(az_mund_locstone_scr_12_08)
	SCPT(az_mund_locstone_scr_12_09)
	SCPT(az_mund_locstone_scr_12_10)
	SCPT(az_mund_locstone_scr_12_11)
	SCPT(az_mund_locstone_scr_12_12)
	SCPT(az_mund_locstone_scr_12_13)
	SCPT(az_mund_locstone_scr_12_14)
	SCPT(az_mund_locstone_scr_12_15)
	SCPT(az_mund_locstone_scr_12_16)
	SCPT(az_mund_locstone_scr_12_17)
	SCPT(az_mund_locstone_scr_12_18)
	SCPT(az_mund_locstone_scr_12_19)
	SCPT(az_mund_locstone_scr_12_20)
	SCPT(az_mund_locstone_scr_12_21)
	SCPT(az_mund_locstone_scr_12_22)
	SCPT(az_mund_locstone_scr_12_23)
	SCPT(az_mund_locstone_scr_12_24)
	SCPT(az_mund_locstone_scr_12_25)
	SCPT(mundis_merchdoor1)
	SCPT(mundis_merchdoor2;trader)
	SCPT(mundis_merchdoor3;armory)
	SCPT(mundis_merchdoor4;imperiel)
	SCPT(mundis_merchdoor5;tribunal)
	SCPT(trigger_spells)
    [DUP-REC] Duplicate Records:
	From Master         Type    Name
	tribunal.esm        SCPT    trigger_spells
    [OVR-REC] Overridden Records:
	From Master         Type    Name
	bloodmoon.esm       DIAL    service refusal
	tribunal.esm        DIAL    greeting 1
	tribunal.esm        DIAL    greeting 7

[DUP-INF]: ID=10387322131476749(Greeting:greeting 7)
  |DATA|CNAM:Slave|ANAM:Vivec, Telvanni Canalworks|NAME:Do you have the key to these bracers? Will you let me go free?|SCVR:05IX2key_vivectelvannislaves_01|INTV:

[DUP-INF]: ID=29730187151442596(Greeting:greeting 1)
  |DATA|ONAM:svenja snow-song|NAME:All hail %PCName, the chieftain of Thirsk! What can I do for you, my lord. Perhaps there is some mead hall business you'd like to tend to? Or maybe you'd rather just go upstairs and rest in your quarters?|SCVR:04JX3BM_MeadHall|INTV:d

[DUP-INF]: ID=137637342899629067(Persuasion:service refusal)
  |DATA|ONAM:vevrana aryon|NAME:I'm sorry. There must be some mistake. I'm not a gondolier or shipmaster.|SCVR:04JX4A2_4_Milo_hola_go|INTV

[DUP-INF]: ID=390119807270132179(Greeting:greeting 1)
  |DATA|ONAM:louis beauchamp|NAME:You...you mean to tell me you found the entrance to...to Hrothmund's Barrow...and...and uttered the WRONG name? You...you idiot! Get away from me.... You...you're obviously completely incompetent!|SCVR:04JX0BM_Airship_a|INTV: |BNAM:Journal BM_Airship_c 10  SetDisposition 0  Goodbye

[DUP-INF]: ID=8638260042827029248(Greeting:greeting 7)
  |DATA|CNAM:Slave|ANAM:Panat|NAME:Do you have the key to these bracers? Will you let me go free?|SCVR:05IX2key_panatslaves_01|INTV:

[DUP-INF]: ID=12930289901453217560(Persuasion:service refusal)
  |DATA|ONAM:Blatta Hateria|NAME:I'm sorry. There must be some mistake. I'm a fisherwoman -- not a gondolier.|SCVR:04JX4A2_4_Milo_hola_go|INTV
