mwse_PoisonCrafting.esp: DUP-REC MISSDSC MISSVER NUMRECS OVR-REC
    [NUMRECS]: number of records in TES3.HEDR (87) != Actual count (86)
    [DUP-REC] Duplicate Records:
	From Master         Type    Name
	morrowind.esm       ALCH    p_burden_b
	morrowind.esm       ALCH    p_burden_c
	morrowind.esm       ALCH    p_burden_e
	morrowind.esm       ALCH    p_burden_q
	morrowind.esm       ALCH    p_burden_s
    [OVR-REC] Overridden Records:
	From Master         Type    Name
	bloodmoon.esm       CONT    chest_01_v_potion_al_01
	morrowind.esm       ALCH    p_paralyze_b
	morrowind.esm       ALCH    p_paralyze_c
	morrowind.esm       ALCH    p_paralyze_e
	morrowind.esm       ALCH    p_paralyze_q
	morrowind.esm       ALCH    p_paralyze_s
	morrowind.esm       ALCH    p_silence_b
	morrowind.esm       ALCH    p_silence_c
	morrowind.esm       ALCH    p_silence_e
	morrowind.esm       ALCH    p_silence_q
	morrowind.esm       ALCH    p_silence_s
	morrowind.esm       CONT    chest_01_v_potion_al_03
	morrowind.esm       LEVI    l_m_potion
	tribunal.esm        CONT    chest_01_v_potion_al_02
	tribunal.esm        CONT    chest_01_v_potion_al_04
