BB reachmen.ESP: DUP-REC MASTERS MISSAUT MISSDSC MISSVER OVR-REC
    MASTERS: out of sync with the masters installed in your Data Files directory:
	Tamriel_Data.esm             7344508 (plugin)   11064795 (installed size)
    [OVR-REC] Overridden Records:
	From Master         Type    Name
	tamriel_data.esm    BODY    t_b_rea_anklefemale
	tamriel_data.esm    BODY    t_b_rea_anklemale
	tamriel_data.esm    BODY    t_b_rea_chestfemale
	tamriel_data.esm    BODY    t_b_rea_chestmale
	tamriel_data.esm    BODY    t_b_rea_footfemale
	tamriel_data.esm    BODY    t_b_rea_footmale
	tamriel_data.esm    BODY    t_b_rea_forearmfemale
	tamriel_data.esm    BODY    t_b_rea_forearmmale
	tamriel_data.esm    BODY    t_b_rea_groinfemale
	tamriel_data.esm    BODY    t_b_rea_groinmale
	tamriel_data.esm    BODY    t_b_rea_handmale
	tamriel_data.esm    BODY    t_b_rea_handmale.1st
	tamriel_data.esm    BODY    t_b_rea_handsfemale
	tamriel_data.esm    BODY    t_b_rea_handsfemale.1st
	tamriel_data.esm    BODY    t_b_rea_kneefemale
	tamriel_data.esm    BODY    t_b_rea_kneemale
	tamriel_data.esm    BODY    t_b_rea_neckfemale
	tamriel_data.esm    BODY    t_b_rea_neckmale
	tamriel_data.esm    BODY    t_b_rea_upperarmfemale
	tamriel_data.esm    BODY    t_b_rea_upperarmmale
	tamriel_data.esm    BODY    t_b_rea_upperlegfemale
	tamriel_data.esm    BODY    t_b_rea_upperlegmale
	tamriel_data.esm    BODY    t_b_rea_wristfemale
	tamriel_data.esm    BODY    t_b_rea_wristmale
	tamriel_data.esm    RACE    t_sky_reachman
