Bloodmoon Undead Rebalance.ESP: DUP-REC MISSAUT MISSDSC MISSVER OVR-REC
    [DUP-REC] Duplicate Records:
	From Master         Type    Name
	bloodmoon.esm       CREA    bm_sk_champ_bloodskal02
    [OVR-REC] Overridden Records:
	From Master         Type    Name
	bloodmoon.esm       CREA    bm_draugr01
	bloodmoon.esm       CREA    bm_draugr_bloodskal
	bloodmoon.esm       CREA    bm_sk_champ_bloodskal01
	bloodmoon.esm       CREA    bm_skeleton_pirate 
	bloodmoon.esm       CREA    bm_skeleton_pirate_capt
	bloodmoon.esm       CREA    bm_wolf_bone_summon
	bloodmoon.esm       CREA    bm_wolf_skeleton
	bloodmoon.esm       CREA    draugr
	bloodmoon.esm       CREA    draugr_aesliip
	bloodmoon.esm       CREA    draugr_co_3
	bloodmoon.esm       CREA    draugr_co_3_dead
	bloodmoon.esm       CREA    draugr_valbrandr
	bloodmoon.esm       CREA    skeleton nord 
	bloodmoon.esm       CREA    skeleton nord_2
	bloodmoon.esm       CREA    skeleton_stahl_uni
