BM_S_Inn - (Vanilla Inns - Animated Morrowind).ESP: DUP-REC MASTERS MENUMOD MISSAUT MISSDSC MISSVER OVR-REC
    MASTERS: out of sync with the masters installed in your Data Files directory:
	Tamriel_Data.esm             7824672 (plugin)   11064795 (installed size)
	Solstheim Tomb of The Snow Prince.esm   10646303 (plugin)   10637543 (installed size)
    [MENUMOD] Scripts not checking menumode:
	SCPT(GrimdalScript)
	SCPT(Pub_Solstheim_The)
    [DUP-REC] Duplicate Records:
	From Master         Type    Name
	solstheim tomb of the snow prince.esm    LTEX    sand_02
	solstheim tomb of the snow prince.esm    LTEX    tx_bm_rock_01.dds
	solstheim tomb of the snow prince.esm    LTEX    tx_bm_rock_02.dds
	solstheim tomb of the snow prince.esm    LTEX    tx_bm_rock_03.dds
	solstheim tomb of the snow prince.esm    LTEX    tx_bm_rock_dirt_01.dds
    [OVR-REC] Overridden Records:
	From Master         Type    Name
	bloodmoon.esm       LTEX    tx_bm_dirt_01.dds
	bloodmoon.esm       LTEX    tx_bm_grass_02.dds
	bloodmoon.esm       LTEX    tx_bm_grass_03.dds
	bloodmoon.esm       LTEX    tx_bm_grass_dirt_01.dds
	bloodmoon.esm       LTEX    tx_bm_grass_snow_02.dds
	bloodmoon.esm       LTEX    tx_bm_grass_snow_02a.dds
	bloodmoon.esm       LTEX    tx_bm_snow_02.dds
	solstheim tomb of the snow prince.esm    LAND    (-15, 22)
	solstheim tomb of the snow prince.esm    LAND    (-15, 23)
