Bob's TexTweaks - Interface & Commentary.esp: DUP-REC MENUMOD MISSVER OVR-REC
    [MENUMOD] Scripts not checking menumode:
	SCPT(CharGenDagger)
    [OVR-REC] Overridden Records:
	From Master         Type    Name
	bloodmoon.esm       CLAS    shaman
	bloodmoon.esm       MGEF    64
	morrowind.esm       CLAS    acrobat
	morrowind.esm       CLAS    assassin
	morrowind.esm       CLAS    barbarian
	morrowind.esm       CLAS    bard
	morrowind.esm       CLAS    battlemage
	morrowind.esm       CLAS    crusader
	morrowind.esm       CLAS    healer
	morrowind.esm       CLAS    knight
	morrowind.esm       CLAS    mage
	morrowind.esm       CLAS    monk
	morrowind.esm       CLAS    nightblade
	morrowind.esm       CLAS    pilgrim
	morrowind.esm       CLAS    rogue
	morrowind.esm       CLAS    scout
	morrowind.esm       CLAS    sorcerer
	morrowind.esm       CLAS    spellsword
	morrowind.esm       CLAS    thief
	morrowind.esm       CLAS    warrior
	morrowind.esm       CLAS    witchhunter
	morrowind.esm       GMST    sactivatexbox
	morrowind.esm       GMST    sactorincombat
	morrowind.esm       GMST    sadmire
	morrowind.esm       GMST    sagidesc
	morrowind.esm       GMST    saidistance
	morrowind.esm       GMST    sareades
	morrowind.esm       GMST    sattributesmenu1
	morrowind.esm       GMST    sbackxbox
	morrowind.esm       GMST    sbarterdialog1
	morrowind.esm       GMST    sbarterdialog10
	morrowind.esm       GMST    sbarterdialog11
	morrowind.esm       GMST    sbarterdialog12
	morrowind.esm       GMST    sbarterdialog2
	morrowind.esm       GMST    sbarterdialog3
	morrowind.esm       GMST    sbarterdialog4
	morrowind.esm       GMST    sbarterdialog5
	morrowind.esm       GMST    sbarterdialog6
	morrowind.esm       GMST    sbarterdialog9
	morrowind.esm       GMST    sbestattack
	morrowind.esm       GMST    sbookskillmessage
	morrowind.esm       GMST    sbribe 10 gold
	morrowind.esm       GMST    sbribe 100 gold
	morrowind.esm       GMST    sbribe 1000 gold
	morrowind.esm       GMST    scantequipweapwarning
	morrowind.esm       GMST    scaughtstealingmessage
	morrowind.esm       GMST    schangedmastersmsg
	morrowind.esm       GMST    schooseclassmenu1
	morrowind.esm       GMST    schooseclassmenu2
	morrowind.esm       GMST    sclasschoicemenu1
	morrowind.esm       GMST    sclasschoicemenu2
	morrowind.esm       GMST    sclasschoicemenu3
	morrowind.esm       GMST    scontentsmessage1
	morrowind.esm       GMST    scontentsmessage2
	morrowind.esm       GMST    scontentsmessage3
	morrowind.esm       GMST    scontrolsmenu3
	morrowind.esm       GMST    screateclassmenu2
	morrowind.esm       GMST    screateclassmenu3
	morrowind.esm       GMST    screateclassmenuhelp1
	morrowind.esm       GMST    screateclassmenuhelp2
	morrowind.esm       GMST    screatedeffects
	morrowind.esm       GMST    scrimehelp
	morrowind.esm       GMST    scrimemessage
	morrowind.esm       GMST    scrouchxbox
	morrowind.esm       GMST    scursoroff
	morrowind.esm       GMST    sdelete
	morrowind.esm       GMST    sdeletegame
	morrowind.esm       GMST    sdeletespell
	morrowind.esm       GMST    sdeletespellerror
	morrowind.esm       GMST    sdialogtext1xbox
	morrowind.esm       GMST    sdialogtext2xbox
	morrowind.esm       GMST    sdialogtext3xbox
	morrowind.esm       GMST    sdisposecorpsefail
	morrowind.esm       GMST    sdisposeofcorpse
	morrowind.esm       GMST    sdoyouwantto
	morrowind.esm       GMST    sdurationdes
	morrowind.esm       GMST    seffectabsorbfatigue
	morrowind.esm       GMST    seffectboundbattleaxe
	morrowind.esm       GMST    seffectcureparalyzation
	morrowind.esm       GMST    seffectdamagefatigue
	morrowind.esm       GMST    seffectdrainfatigue
	morrowind.esm       GMST    seffectfortifyfatigue
	morrowind.esm       GMST    seffectlightningshield
	morrowind.esm       GMST    seffectnighteye
	morrowind.esm       GMST    seffectrestorefatigue
	morrowind.esm       GMST    seffectslowfall
	morrowind.esm       GMST    seffectsoultrap
	morrowind.esm       GMST    seffectswiftswim
	morrowind.esm       GMST    senchanting
	morrowind.esm       GMST    senchantitems
	morrowind.esm       GMST    senchantmenthelp1
	morrowind.esm       GMST    senchantmenthelp10
	morrowind.esm       GMST    senchantmenthelp2
	morrowind.esm       GMST    senchantmenthelp3
	morrowind.esm       GMST    senchantmenthelp4
	morrowind.esm       GMST    senchantmenthelp5
	morrowind.esm       GMST    senchantmenthelp6
	morrowind.esm       GMST    senchantmenthelp7
	morrowind.esm       GMST    senchantmenthelp8
	morrowind.esm       GMST    senchantmenthelp9
	morrowind.esm       GMST    senchantmentmenu10
	morrowind.esm       GMST    senchantmentmenu11
	morrowind.esm       GMST    senchantmentmenu12
	morrowind.esm       GMST    senchantmentmenu7
	morrowind.esm       GMST    senchantmentmenu8
	morrowind.esm       GMST    senchantmentmenu9
	morrowind.esm       GMST    senddesc
	morrowind.esm       GMST    sexitgame
	morrowind.esm       GMST    sexpelledmessage
	morrowind.esm       GMST    sfatdesc
	morrowind.esm       GMST    sfatigue
	morrowind.esm       GMST    sfavoriteskills
	morrowind.esm       GMST    sfeet
	morrowind.esm       GMST    sfootarea
	morrowind.esm       GMST    sforwardxbox
	morrowind.esm       GMST    sgamewithoutlauncherxbox
	morrowind.esm       GMST    sgamma_correction
	morrowind.esm       GMST    sgold
	morrowind.esm       GMST    sgp
	morrowind.esm       GMST    shealthdesc
	morrowind.esm       GMST    sinprisontitle
	morrowind.esm       GMST    sintdesc
	morrowind.esm       GMST    sintimidate
	morrowind.esm       GMST    sinvalidsavegamemsg
	morrowind.esm       GMST    sinvalidsavegamemsgxbox
	morrowind.esm       GMST    sinventorymenu1
	morrowind.esm       GMST    sinventorymessage1
	morrowind.esm       GMST    sinventorymessage2
	morrowind.esm       GMST    sinventorymessage3
	morrowind.esm       GMST    sinventorymessage4
	morrowind.esm       GMST    sinventorymessage5
	morrowind.esm       GMST    sinventoryselectnoingredients
	morrowind.esm       GMST    sinventoryselectnoitems
	morrowind.esm       GMST    sinventoryselectnosoul
	morrowind.esm       GMST    sitemcastwhenstrikes
	morrowind.esm       GMST    sitemcastwhenused
	morrowind.esm       GMST    sjournalentry
	morrowind.esm       GMST    sjournalxbox
	morrowind.esm       GMST    sjumpxbox
	morrowind.esm       GMST    skeyused
	morrowind.esm       GMST    skilledessential
	morrowind.esm       GMST    slevelprogress
	morrowind.esm       GMST    slevelupmenu1
	morrowind.esm       GMST    slevelupmenu2
	morrowind.esm       GMST    slevelupmsg
	morrowind.esm       GMST    sloadfailedmessage
	morrowind.esm       GMST    sloadgame
	morrowind.esm       GMST    sloadingerrorsmsg
	morrowind.esm       GMST    sloadingmessage1
	morrowind.esm       GMST    sloadingmessage14
	morrowind.esm       GMST    sloadingmessage15
	morrowind.esm       GMST    sloadingmessage4
	morrowind.esm       GMST    sloadingmessage9
	morrowind.esm       GMST    sloadlastsavemsg
	morrowind.esm       GMST    slockfail
	morrowind.esm       GMST    slockimpossible
	morrowind.esm       GMST    slocklevel
	morrowind.esm       GMST    slocksuccess
	morrowind.esm       GMST    slookdownxbox
	morrowind.esm       GMST    slookupxbox
	morrowind.esm       GMST    slucdesc
	morrowind.esm       GMST    smagdesc
	morrowind.esm       GMST    smagiccannotrecast
	morrowind.esm       GMST    smagiccontractdisease
	morrowind.esm       GMST    smagiccorprusworsens
	morrowind.esm       GMST    smagiceffects
	morrowind.esm       GMST    smagicinsufficientcharge
	morrowind.esm       GMST    smagicinsufficientsp
	morrowind.esm       GMST    smagicinvalideffect
	morrowind.esm       GMST    smagicinvalidtarget
	morrowind.esm       GMST    smagiclocksuccess
	morrowind.esm       GMST    smagicopensuccess
	morrowind.esm       GMST    smagicpcresisted
	morrowind.esm       GMST    smagicselecttitle
	morrowind.esm       GMST    smagicskillfail
	morrowind.esm       GMST    smagictargetresisted
	morrowind.esm       GMST    smagictargetresistsweapons
	morrowind.esm       GMST    smagnitudedes
	morrowind.esm       GMST    smake enchantment
	morrowind.esm       GMST    smastplugmismatchmsg
	morrowind.esm       GMST    smenu_help_delay
	morrowind.esm       GMST    smenu_mode
	morrowind.esm       GMST    smenumodexbox
	morrowind.esm       GMST    smenunextxbox
	morrowind.esm       GMST    smenuprevxbox
	morrowind.esm       GMST    smessage1
	morrowind.esm       GMST    smessage2
	morrowind.esm       GMST    smessage3
	morrowind.esm       GMST    smessage4
	morrowind.esm       GMST    smessage5
	morrowind.esm       GMST    smessagequestionanswer1
	morrowind.esm       GMST    smessagequestionanswer2
	morrowind.esm       GMST    smessagequestionanswer3
	morrowind.esm       GMST    smissingmastersmsg
	morrowind.esm       GMST    smonthheartfire
	morrowind.esm       GMST    smovedownxbox
	morrowind.esm       GMST    smoveupxbox
	morrowind.esm       GMST    snewgame
	morrowind.esm       GMST    snextspellxbox
	morrowind.esm       GMST    snextweaponxbox
	morrowind.esm       GMST    snoname
	morrowind.esm       GMST    snotifymessage1
	morrowind.esm       GMST    snotifymessage10
	morrowind.esm       GMST    snotifymessage11
	morrowind.esm       GMST    snotifymessage12
	morrowind.esm       GMST    snotifymessage13
	morrowind.esm       GMST    snotifymessage14
	morrowind.esm       GMST    snotifymessage15
	morrowind.esm       GMST    snotifymessage16
	morrowind.esm       GMST    snotifymessage16_a
	morrowind.esm       GMST    snotifymessage17
	morrowind.esm       GMST    snotifymessage18
	morrowind.esm       GMST    snotifymessage19
	morrowind.esm       GMST    snotifymessage2
	morrowind.esm       GMST    snotifymessage20
	morrowind.esm       GMST    snotifymessage21
	morrowind.esm       GMST    snotifymessage22
	morrowind.esm       GMST    snotifymessage23
	morrowind.esm       GMST    snotifymessage24
	morrowind.esm       GMST    snotifymessage25
	morrowind.esm       GMST    snotifymessage26
	morrowind.esm       GMST    snotifymessage27
	morrowind.esm       GMST    snotifymessage28
	morrowind.esm       GMST    snotifymessage29
	morrowind.esm       GMST    snotifymessage3
	morrowind.esm       GMST    snotifymessage30
	morrowind.esm       GMST    snotifymessage31
	morrowind.esm       GMST    snotifymessage32
	morrowind.esm       GMST    snotifymessage33
	morrowind.esm       GMST    snotifymessage34
	morrowind.esm       GMST    snotifymessage35
	morrowind.esm       GMST    snotifymessage36
	morrowind.esm       GMST    snotifymessage37
	morrowind.esm       GMST    snotifymessage39
	morrowind.esm       GMST    snotifymessage4
	morrowind.esm       GMST    snotifymessage40
	morrowind.esm       GMST    snotifymessage41
	morrowind.esm       GMST    snotifymessage42
	morrowind.esm       GMST    snotifymessage43
	morrowind.esm       GMST    snotifymessage44
	morrowind.esm       GMST    snotifymessage45
	morrowind.esm       GMST    snotifymessage46
	morrowind.esm       GMST    snotifymessage47
	morrowind.esm       GMST    snotifymessage48
	morrowind.esm       GMST    snotifymessage49
	morrowind.esm       GMST    snotifymessage4xbox
	morrowind.esm       GMST    snotifymessage5
	morrowind.esm       GMST    snotifymessage50
	morrowind.esm       GMST    snotifymessage51
	morrowind.esm       GMST    snotifymessage52
	morrowind.esm       GMST    snotifymessage53
	morrowind.esm       GMST    snotifymessage54
	morrowind.esm       GMST    snotifymessage55
	morrowind.esm       GMST    snotifymessage56
	morrowind.esm       GMST    snotifymessage57
	morrowind.esm       GMST    snotifymessage58
	morrowind.esm       GMST    snotifymessage59
	morrowind.esm       GMST    snotifymessage6
	morrowind.esm       GMST    snotifymessage60
	morrowind.esm       GMST    snotifymessage61
	morrowind.esm       GMST    snotifymessage62
	morrowind.esm       GMST    snotifymessage63
	morrowind.esm       GMST    snotifymessage64
	morrowind.esm       GMST    snotifymessage65
	morrowind.esm       GMST    snotifymessage66
	morrowind.esm       GMST    snotifymessage67
	morrowind.esm       GMST    snotifymessage6a
	morrowind.esm       GMST    snotifymessage7
	morrowind.esm       GMST    snotifymessage8
	morrowind.esm       GMST    snotifymessage9
	morrowind.esm       GMST    sonehanded
	morrowind.esm       GMST    sonetypeeffectmessage
	morrowind.esm       GMST    soptions
	morrowind.esm       GMST    soptionsmenuxbox
	morrowind.esm       GMST    sperdesc
	morrowind.esm       GMST    spotionsuccess
	morrowind.esm       GMST    spoweralreadyused
	morrowind.esm       GMST    sprevspellxbox
	morrowind.esm       GMST    sprevweaponxbox
	morrowind.esm       GMST    squanitymenumessage01
	morrowind.esm       GMST    squanitymenumessage02
	morrowind.esm       GMST    squestiondeletespell
	morrowind.esm       GMST    squick0xbox
	morrowind.esm       GMST    squick4xbox
	morrowind.esm       GMST    squick5xbox
	morrowind.esm       GMST    squick6xbox
	morrowind.esm       GMST    squick7xbox
	morrowind.esm       GMST    squick8xbox
	morrowind.esm       GMST    squick9xbox
	morrowind.esm       GMST    squick_save
	morrowind.esm       GMST    squickloadxbox
	morrowind.esm       GMST    squickmenu1
	morrowind.esm       GMST    squickmenu2
	morrowind.esm       GMST    squickmenu3
	morrowind.esm       GMST    squickmenu4
	morrowind.esm       GMST    squickmenu5
	morrowind.esm       GMST    squickmenu6
	morrowind.esm       GMST    squickmenuinstruc
	morrowind.esm       GMST    squickmenutitle
	morrowind.esm       GMST    squicksavexbox
	morrowind.esm       GMST    sracemenu2
	morrowind.esm       GMST    sracemenu3
	morrowind.esm       GMST    sracemenu4
	morrowind.esm       GMST    sracemenu6
	morrowind.esm       GMST    srangedes
	morrowind.esm       GMST    sreadyitemxbox
	morrowind.esm       GMST    sreadymagicxbox
	morrowind.esm       GMST    srechargeenchantment
	morrowind.esm       GMST    srender_distance
	morrowind.esm       GMST    srepairfailed
	morrowind.esm       GMST    srepairservicetitle
	morrowind.esm       GMST    srepairsuccess
	morrowind.esm       GMST    sreputation
	morrowind.esm       GMST    sreschangewarning
	morrowind.esm       GMST    srestillegal
	morrowind.esm       GMST    srestmenu1
	morrowind.esm       GMST    srestmenu3
	morrowind.esm       GMST    srestmenu4
	morrowind.esm       GMST    srestmenuxbox
	morrowind.esm       GMST    sreturntogame
	morrowind.esm       GMST    srunxbox
	morrowind.esm       GMST    ssave
	morrowind.esm       GMST    ssavegame
	morrowind.esm       GMST    ssavegamedenied
	morrowind.esm       GMST    ssavegamefailed
	morrowind.esm       GMST    ssavegametoobig
	morrowind.esm       GMST    ssavemenu1
	morrowind.esm       GMST    ssavemenuhelp02
	morrowind.esm       GMST    ssavemenuhelp03
	morrowind.esm       GMST    ssavemenuhelp04
	morrowind.esm       GMST    ssavemenuhelp05
	morrowind.esm       GMST    ssavemenuhelp06
	morrowind.esm       GMST    ssecond
	morrowind.esm       GMST    sseconds
	morrowind.esm       GMST    ssellergold
	morrowind.esm       GMST    sservicerepairtitle
	morrowind.esm       GMST    sservicetrainingwords
	morrowind.esm       GMST    ssetvaluemessage01
	morrowind.esm       GMST    sshadowtext
	morrowind.esm       GMST    sskillmaxreached
	morrowind.esm       GMST    sskillprogress
	morrowind.esm       GMST    sskillsmenu1
	morrowind.esm       GMST    sskillsmenureputationhelp
	morrowind.esm       GMST    ssleepinterrupt
	morrowind.esm       GMST    sslideleftxbox
	morrowind.esm       GMST    ssliderightxbox
	morrowind.esm       GMST    ssoulgemswithsouls
	morrowind.esm       GMST    ssoultrapsuccess
	morrowind.esm       GMST    sspddesc
	morrowind.esm       GMST    sspecialization
	morrowind.esm       GMST    sspecializationmenu1
	morrowind.esm       GMST    sspellmaking
	morrowind.esm       GMST    sspellmakinghelp1
	morrowind.esm       GMST    sspellmakinghelp2
	morrowind.esm       GMST    sspellmakinghelp3
	morrowind.esm       GMST    sspellmakinghelp4
	morrowind.esm       GMST    sspellmakinghelp5
	morrowind.esm       GMST    sspellmakinghelp6
	morrowind.esm       GMST    sspellmakingmenutitle
	morrowind.esm       GMST    sspellservicetitle
	morrowind.esm       GMST    sstartcellerror
	morrowind.esm       GMST    sstarterror
	morrowind.esm       GMST    sstrdesc
	morrowind.esm       GMST    ssubtitles
	morrowind.esm       GMST    ssystemmenuxbox
	morrowind.esm       GMST    staunt
	morrowind.esm       GMST    stogglepovcmd
	morrowind.esm       GMST    stogglepovxbox
	morrowind.esm       GMST    stogglerunxbox
	morrowind.esm       GMST    stotalcost
	morrowind.esm       GMST    stotalsold
	morrowind.esm       GMST    strainingservicetitle
	morrowind.esm       GMST    stransparency_menu
	morrowind.esm       GMST    strapfail
	morrowind.esm       GMST    strapimpossible
	morrowind.esm       GMST    stravelservicetitle
	morrowind.esm       GMST    sturnleftxbox
	morrowind.esm       GMST    sturnrightxbox
	morrowind.esm       GMST    stwohanded
	morrowind.esm       GMST    stypeblightdisease
	morrowind.esm       GMST    susexbox
	morrowind.esm       GMST    svideowarning
	morrowind.esm       GMST    swildesc
	morrowind.esm       GMST    sxtimesint
	morrowind.esm       GMST    syourgold
	morrowind.esm       MGEF    0
	morrowind.esm       MGEF    1
	morrowind.esm       MGEF    10
	morrowind.esm       MGEF    100
	morrowind.esm       MGEF    101
	morrowind.esm       MGEF    102
	morrowind.esm       MGEF    103
	morrowind.esm       MGEF    104
	morrowind.esm       MGEF    105
	morrowind.esm       MGEF    106
	morrowind.esm       MGEF    107
	morrowind.esm       MGEF    108
	morrowind.esm       MGEF    109
	morrowind.esm       MGEF    11
	morrowind.esm       MGEF    110
	morrowind.esm       MGEF    111
	morrowind.esm       MGEF    112
	morrowind.esm       MGEF    113
	morrowind.esm       MGEF    114
	morrowind.esm       MGEF    115
	morrowind.esm       MGEF    116
	morrowind.esm       MGEF    117
	morrowind.esm       MGEF    118
	morrowind.esm       MGEF    119
	morrowind.esm       MGEF    12
	morrowind.esm       MGEF    120
	morrowind.esm       MGEF    121
	morrowind.esm       MGEF    122
	morrowind.esm       MGEF    123
	morrowind.esm       MGEF    124
	morrowind.esm       MGEF    125
	morrowind.esm       MGEF    127
	morrowind.esm       MGEF    128
	morrowind.esm       MGEF    129
	morrowind.esm       MGEF    13
	morrowind.esm       MGEF    130
	morrowind.esm       MGEF    131
	morrowind.esm       MGEF    132
	morrowind.esm       MGEF    133
	morrowind.esm       MGEF    134
	morrowind.esm       MGEF    135
	morrowind.esm       MGEF    136
	morrowind.esm       MGEF    14
	morrowind.esm       MGEF    15
	morrowind.esm       MGEF    16
	morrowind.esm       MGEF    17
	morrowind.esm       MGEF    18
	morrowind.esm       MGEF    19
	morrowind.esm       MGEF    2
	morrowind.esm       MGEF    20
	morrowind.esm       MGEF    21
	morrowind.esm       MGEF    22
	morrowind.esm       MGEF    23
	morrowind.esm       MGEF    24
	morrowind.esm       MGEF    25
	morrowind.esm       MGEF    26
	morrowind.esm       MGEF    27
	morrowind.esm       MGEF    28
	morrowind.esm       MGEF    29
	morrowind.esm       MGEF    3
	morrowind.esm       MGEF    30
	morrowind.esm       MGEF    31
	morrowind.esm       MGEF    32
	morrowind.esm       MGEF    33
	morrowind.esm       MGEF    34
	morrowind.esm       MGEF    35
	morrowind.esm       MGEF    36
	morrowind.esm       MGEF    37
	morrowind.esm       MGEF    38
	morrowind.esm       MGEF    39
	morrowind.esm       MGEF    4
	morrowind.esm       MGEF    40
	morrowind.esm       MGEF    41
	morrowind.esm       MGEF    42
	morrowind.esm       MGEF    43
	morrowind.esm       MGEF    44
	morrowind.esm       MGEF    45
	morrowind.esm       MGEF    46
	morrowind.esm       MGEF    47
	morrowind.esm       MGEF    48
	morrowind.esm       MGEF    49
	morrowind.esm       MGEF    5
	morrowind.esm       MGEF    50
	morrowind.esm       MGEF    51
	morrowind.esm       MGEF    52
	morrowind.esm       MGEF    53
	morrowind.esm       MGEF    54
	morrowind.esm       MGEF    55
	morrowind.esm       MGEF    56
	morrowind.esm       MGEF    57
	morrowind.esm       MGEF    58
	morrowind.esm       MGEF    59
	morrowind.esm       MGEF    6
	morrowind.esm       MGEF    60
	morrowind.esm       MGEF    61
	morrowind.esm       MGEF    62
	morrowind.esm       MGEF    63
	morrowind.esm       MGEF    65
	morrowind.esm       MGEF    66
	morrowind.esm       MGEF    67
	morrowind.esm       MGEF    68
	morrowind.esm       MGEF    69
	morrowind.esm       MGEF    7
	morrowind.esm       MGEF    70
	morrowind.esm       MGEF    71
	morrowind.esm       MGEF    72
	morrowind.esm       MGEF    73
	morrowind.esm       MGEF    74
	morrowind.esm       MGEF    75
	morrowind.esm       MGEF    76
	morrowind.esm       MGEF    77
	morrowind.esm       MGEF    78
	morrowind.esm       MGEF    79
	morrowind.esm       MGEF    8
	morrowind.esm       MGEF    80
	morrowind.esm       MGEF    81
	morrowind.esm       MGEF    82
	morrowind.esm       MGEF    83
	morrowind.esm       MGEF    84
	morrowind.esm       MGEF    85
	morrowind.esm       MGEF    86
	morrowind.esm       MGEF    87
	morrowind.esm       MGEF    88
	morrowind.esm       MGEF    89
	morrowind.esm       MGEF    9
	morrowind.esm       MGEF    90
	morrowind.esm       MGEF    91
	morrowind.esm       MGEF    92
	morrowind.esm       MGEF    93
	morrowind.esm       MGEF    94
	morrowind.esm       MGEF    95
	morrowind.esm       MGEF    96
	morrowind.esm       MGEF    97
	morrowind.esm       MGEF    98
	morrowind.esm       MGEF    99
	morrowind.esm       RACE    argonian
	morrowind.esm       RACE    breton
	morrowind.esm       RACE    dark elf
	morrowind.esm       RACE    high elf
	morrowind.esm       RACE    imperial
	morrowind.esm       RACE    khajiit
	morrowind.esm       RACE    nord
	morrowind.esm       RACE    orc
	morrowind.esm       RACE    redguard
	morrowind.esm       RACE    wood elf
	morrowind.esm       SKIL    0
	morrowind.esm       SKIL    1
	morrowind.esm       SKIL    10
	morrowind.esm       SKIL    11
	morrowind.esm       SKIL    12
	morrowind.esm       SKIL    13
	morrowind.esm       SKIL    14
	morrowind.esm       SKIL    15
	morrowind.esm       SKIL    16
	morrowind.esm       SKIL    17
	morrowind.esm       SKIL    18
	morrowind.esm       SKIL    19
	morrowind.esm       SKIL    2
	morrowind.esm       SKIL    20
	morrowind.esm       SKIL    21
	morrowind.esm       SKIL    22
	morrowind.esm       SKIL    23
	morrowind.esm       SKIL    24
	morrowind.esm       SKIL    25
	morrowind.esm       SKIL    26
	morrowind.esm       SKIL    3
	morrowind.esm       SKIL    4
	morrowind.esm       SKIL    5
	morrowind.esm       SKIL    6
	morrowind.esm       SKIL    7
	morrowind.esm       SKIL    8
	morrowind.esm       SKIL    9
	tribunal.esm        GMST    sadmirefail
	tribunal.esm        GMST    sadmiresuccess
	tribunal.esm        GMST    sbribefail
	tribunal.esm        GMST    sbribesuccess
	tribunal.esm        GMST    scompanionwarningbuttonone
	tribunal.esm        GMST    scompanionwarningbuttontwo
	tribunal.esm        GMST    scompanionwarningmessage
	tribunal.esm        GMST    screateclassmenuwarning
	tribunal.esm        GMST    sdeletenote
	tribunal.esm        GMST    sdifficulty
	tribunal.esm        GMST    sgeneralmastplugmismatchmsg
	tribunal.esm        GMST    sintimidatefail
	tribunal.esm        GMST    sintimidatesuccess
	tribunal.esm        GMST    slevitatedisabled
	tribunal.esm        GMST    sloadingmessage2
	tribunal.esm        GMST    sloadingmessage3
	tribunal.esm        GMST    sloadingmessage5
	tribunal.esm        GMST    smaximumsavegamemessage
	tribunal.esm        GMST    sprofitvalue
	tribunal.esm        GMST    ssavegamenomemory
	tribunal.esm        GMST    stauntfail
	tribunal.esm        GMST    stauntsuccess
	tribunal.esm        GMST    steleportdisabled
	tribunal.esm        GMST    swerewolfalarmmessage
	tribunal.esm        GMST    swerewolfrefusal
	tribunal.esm        GMST    swerewolfrestmessage
	tribunal.esm        MGEF    137
