Bob's TexTweaks - Magic & Skill Names.esp: DUP-REC MISSVER OVR-REC
    [OVR-REC] Overridden Records:
	From Master         Type    Name
	morrowind.esm       GMST    seffectabsorbfatigue
	morrowind.esm       GMST    seffectblind
	morrowind.esm       GMST    seffectboundbattleaxe
	morrowind.esm       GMST    seffectboundhelm
	morrowind.esm       GMST    seffectboundlongbow
	morrowind.esm       GMST    seffectboundlongsword
	morrowind.esm       GMST    seffectcalmcreature
	morrowind.esm       GMST    seffectcalmhumanoid
	morrowind.esm       GMST    seffectcommandcreatures
	morrowind.esm       GMST    seffectcommandhumanoids
	morrowind.esm       GMST    seffectcureblightdisease
	morrowind.esm       GMST    seffectcurecommondisease
	morrowind.esm       GMST    seffectcurecorprusdisease
	morrowind.esm       GMST    seffectcureparalyzation
	morrowind.esm       GMST    seffectdamagefatigue
	morrowind.esm       GMST    seffectdemoralizecreature
	morrowind.esm       GMST    seffectdemoralizehumanoid
	morrowind.esm       GMST    seffectdetectanimal
	morrowind.esm       GMST    seffectdetectenchantment
	morrowind.esm       GMST    seffectdetectkey
	morrowind.esm       GMST    seffectdisintegratearmor
	morrowind.esm       GMST    seffectdisintegrateweapon
	morrowind.esm       GMST    seffectdispel
	morrowind.esm       GMST    seffectdrainfatigue
	morrowind.esm       GMST    seffectfortifyattackbonus
	morrowind.esm       GMST    seffectfortifyfatigue
	morrowind.esm       GMST    seffectfortifymagickamultiplier
	morrowind.esm       GMST    seffectfrenzycreature
	morrowind.esm       GMST    seffectfrenzyhumanoid
	morrowind.esm       GMST    seffectjump
	morrowind.esm       GMST    seffectlevitate
	morrowind.esm       GMST    seffectlightningshield
	morrowind.esm       GMST    seffectmark
	morrowind.esm       GMST    seffectnighteye
	morrowind.esm       GMST    seffectparalyze
	morrowind.esm       GMST    seffectpoison
	morrowind.esm       GMST    seffectrallycreature
	morrowind.esm       GMST    seffectrallyhumanoid
	morrowind.esm       GMST    seffectrecall
	morrowind.esm       GMST    seffectreflect
	morrowind.esm       GMST    seffectremovecurse
	morrowind.esm       GMST    seffectresistblightdisease
	morrowind.esm       GMST    seffectresistcommondisease
	morrowind.esm       GMST    seffectresistcorprusdisease
	morrowind.esm       GMST    seffectresistnormalweapons
	morrowind.esm       GMST    seffectrestorefatigue
	morrowind.esm       GMST    seffectshield
	morrowind.esm       GMST    seffectsilence
	morrowind.esm       GMST    seffectslowfall
	morrowind.esm       GMST    seffectsoultrap
	morrowind.esm       GMST    seffectsound
	morrowind.esm       GMST    seffectswiftswim
	morrowind.esm       GMST    seffectturnundead
	morrowind.esm       GMST    seffectwaterbreathing
	morrowind.esm       GMST    seffectwaterwalking
	morrowind.esm       GMST    seffectweaknesstoblightdisease
	morrowind.esm       GMST    seffectweaknesstocommondisease
	morrowind.esm       GMST    seffectweaknesstocorprusdisease
	morrowind.esm       GMST    seffectweaknesstonormalweapons
	morrowind.esm       GMST    sskillarmorer
	morrowind.esm       GMST    sskillaxe
	morrowind.esm       GMST    sskillblock
	morrowind.esm       GMST    sskillbluntweapon
	morrowind.esm       GMST    sskillenchant
	morrowind.esm       GMST    sskillhandtohand
	morrowind.esm       GMST    sskilllongblade
	morrowind.esm       GMST    sskillmarksman
	morrowind.esm       GMST    sskillshortblade
	morrowind.esm       GMST    sskillsneak
	morrowind.esm       GMST    sskillspear
	morrowind.esm       GMST    sskillunarmored
	tribunal.esm        GMST    seffectsummoncreature01
	tribunal.esm        GMST    seffectsummoncreature02
	tribunal.esm        GMST    seffectsummonfabricant
