Bonemold weapons.esp: DUP-REC MASTERS MISSAUT MISSDSC MISSVER OVR-REC
    MASTERS: out of sync with the masters installed in your Data Files directory:
	Morrowind.esm               79764287 (plugin)   79837557 (installed size)
    [OVR-REC] Overridden Records:
	From Master         Type    Name
	bloodmoon.esm       CONT    com_chest_02_v_armor04
	morrowind.esm       CREA    skeleton
	morrowind.esm       CREA    skeleton archer
	morrowind.esm       CREA    skeleton champ_sandas00
	morrowind.esm       CREA    skeleton champ_sandas10
	morrowind.esm       CREA    skeleton champion
	morrowind.esm       CREA    skeleton entrance
	morrowind.esm       CREA    skeleton hero dead
	morrowind.esm       CREA    skeleton warrior
	morrowind.esm       CREA    skeleton_aldredaynia
	morrowind.esm       LEVI    l_m_wpn_melee_axe
	morrowind.esm       LEVI    l_m_wpn_melee_blunt
	morrowind.esm       LEVI    l_m_wpn_melee_long blade
	morrowind.esm       LEVI    l_m_wpn_melee_short blade
	morrowind.esm       LEVI    l_m_wpn_melee_spear
	morrowind.esm       LEVI    l_n_wpn_melee_axe
	morrowind.esm       LEVI    l_n_wpn_melee_blunt
	morrowind.esm       LEVI    l_n_wpn_melee_long blade
	morrowind.esm       LEVI    l_n_wpn_melee_short blade
	morrowind.esm       LEVI    l_n_wpn_melee_spear
	morrowind.esm       LEVI    random_de_weapon
	morrowind.esm       LEVI    random_weapon_melee_basic
	morrowind.esm       NPC_    arnskar
	morrowind.esm       NPC_    camas
	morrowind.esm       NPC_    heifnir
	morrowind.esm       NPC_    hlaalu guard
	morrowind.esm       NPC_    ken
	morrowind.esm       NPC_    nivel madryon
	morrowind.esm       NPC_    redoran guard female
	morrowind.esm       NPC_    redoran guard male
	morrowind.esm       NPC_    redoran guard_andasreth
	morrowind.esm       NPC_    telvanni guard
	morrowind.esm       NPC_    telvanni guard_stand
	morrowind.esm       NPC_    teris raledran
	morrowind.esm       NPC_    yanniss
