Book Jackets - Morrowind - BookRotate.esp: DUP-REC MISSAUT MISSVER NUMRECS OVR-REC
    [NUMRECS]: number of records in TES3.HEDR (416) != Actual count (334)
    [OVR-REC] Overridden Records:
	From Master         Type    Name
	bloodmoon.esm       BOOK    bk_blasphemousrevenants
	bloodmoon.esm       BOOK    bk_five_far_stars
	bloodmoon.esm       BOOK    bk_houseoftroubles_o
	bloodmoon.esm       BOOK    bk_mixedunittactics
	bloodmoon.esm       BOOK    bookskill_acrobatics2
	morrowind.esm       BOOK    bk_abcs
	morrowind.esm       BOOK    bk_aedra_tarer_unique
	morrowind.esm       BOOK    bk_aedraanddaedra
	morrowind.esm       BOOK    bk_affairsofwizards
	morrowind.esm       BOOK    bk_antecedantsdwemerlaw
	morrowind.esm       BOOK    bk_arcanarestored
	morrowind.esm       BOOK    bk_arkaytheenemy
	morrowind.esm       BOOK    bk_ashland_hymns
	morrowind.esm       BOOK    bk_bartendersguide_01
	morrowind.esm       BOOK    bk_biographybarenziah1
	morrowind.esm       BOOK    bk_biographybarenziah2
	morrowind.esm       BOOK    bk_biographybarenziah3
	morrowind.esm       BOOK    bk_blackglove
	morrowind.esm       BOOK    bk_bluebookofriddles
	morrowind.esm       BOOK    bk_boethiah's glory_unique
	morrowind.esm       BOOK    bk_boethiahpillowbook
	morrowind.esm       BOOK    bk_bookoflifeandservice
	morrowind.esm       BOOK    bk_bookofrestandendings
	morrowind.esm       BOOK    bk_briefhistoryempire1
	morrowind.esm       BOOK    bk_briefhistoryempire1_oh
	morrowind.esm       BOOK    bk_briefhistoryempire2
	morrowind.esm       BOOK    bk_briefhistoryempire2_oh
	morrowind.esm       BOOK    bk_briefhistoryempire3
	morrowind.esm       BOOK    bk_briefhistoryempire3_oh
	morrowind.esm       BOOK    bk_briefhistoryempire4
	morrowind.esm       BOOK    bk_briefhistoryempire4_oh
	morrowind.esm       BOOK    bk_briefhistoryofwood
	morrowind.esm       BOOK    bk_briefhistoryofwood_01
	morrowind.esm       BOOK    bk_brothersofdarkness
	morrowind.esm       BOOK    bk_brownbook426
	morrowind.esm       BOOK    bk_calderarecordbook1
	morrowind.esm       BOOK    bk_calderarecordbook2
	morrowind.esm       BOOK    bk_cantatasofvivec
	morrowind.esm       BOOK    bk_changedones
	morrowind.esm       BOOK    bk_charterfg
	morrowind.esm       BOOK    bk_chartermg
	morrowind.esm       BOOK    bk_confessions
	morrowind.esm       BOOK    bk_corpsepreperation1_c
	morrowind.esm       BOOK    bk_corpsepreperation1_o
	morrowind.esm       BOOK    bk_corpsepreperation2_c
	morrowind.esm       BOOK    bk_corpsepreperation3_c
	morrowind.esm       BOOK    bk_darkestdarkness
	morrowind.esm       BOOK    bk_divinemetaphysics
	morrowind.esm       BOOK    bk_doorsofthespirit
	morrowind.esm       BOOK    bk_dren_shipping_log
	morrowind.esm       BOOK    bk_eastempirecompanyledger
	morrowind.esm       BOOK    bk_eggoftime
	morrowind.esm       BOOK    bk_falljournal_unique
	morrowind.esm       BOOK    bk_fellowshiptemple
	morrowind.esm       BOOK    bk_fishystick
	morrowind.esm       BOOK    bk_fivesongsofkingwulfharth
	morrowind.esm       BOOK    bk_formygodsandemperor
	morrowind.esm       BOOK    bk_fortpelagiadprisonerlog
	morrowind.esm       BOOK    bk_fragmentonartaeum
	morrowind.esm       BOOK    bk_frontierconquestaccommodat
	morrowind.esm       BOOK    bk_galerionthemystic
	morrowind.esm       BOOK    bk_galur_rithari's_papers
	morrowind.esm       BOOK    bk_gnisiseggmineledger
	morrowind.esm       BOOK    bk_guylainesarchitecture
	morrowind.esm       BOOK    bk_hanginggardenswasten
	morrowind.esm       BOOK    bk_hlaalu_vaults_ledger
	morrowind.esm       BOOK    bk_homiliesofblessedalmalexia
	morrowind.esm       BOOK    bk_honorthieves
	morrowind.esm       BOOK    bk_ibardad_elante_notes
	morrowind.esm       BOOK    bk_invocationofazura
	morrowind.esm       BOOK    bk_istunondescosmology
	morrowind.esm       BOOK    bk_kagrenac'sjournal_excl
	morrowind.esm       BOOK    bk_kagrenac'splans_excl
	morrowind.esm       BOOK    bk_legendaryscourge
	morrowind.esm       BOOK    bk_lustyargonianmaid
	morrowind.esm       BOOK    bk_madnessofpelagius
	morrowind.esm       BOOK    bk_manyfacesmissinggod
	morrowind.esm       BOOK    bk_mysticism
	morrowind.esm       BOOK    bk_nchunaksfireandfaith
	morrowind.esm       BOOK    bk_nerevarmoonandstar
	morrowind.esm       BOOK    bk_ngastakvatakvakis_c
	morrowind.esm       BOOK    bk_ngastakvatakvakis_o
	morrowind.esm       BOOK    bk_notes-kagouti mating habits
	morrowind.esm       BOOK    bk_notetocalderaguard
	morrowind.esm       BOOK    bk_oldways
	morrowind.esm       BOOK    bk_onmorrowind
	morrowind.esm       BOOK    bk_onoblivion
	morrowind.esm       BOOK    bk_ordolegionis
	morrowind.esm       BOOK    bk_originofthemagesguild
	morrowind.esm       BOOK    bk_overviewofgodsandworship
	morrowind.esm       BOOK    bk_pigchildren
	morrowind.esm       BOOK    bk_pilgrimspath
	morrowind.esm       BOOK    bk_poisonsong1
	morrowind.esm       BOOK    bk_poisonsong2
	morrowind.esm       BOOK    bk_poisonsong3
	morrowind.esm       BOOK    bk_poisonsong4
	morrowind.esm       BOOK    bk_poisonsong5
	morrowind.esm       BOOK    bk_poisonsong6
	morrowind.esm       BOOK    bk_poisonsong7
	morrowind.esm       BOOK    bk_postingofthehunt
	morrowind.esm       BOOK    bk_progressoftruth
	morrowind.esm       BOOK    bk_realbarenziah1
	morrowind.esm       BOOK    bk_realbarenziah2
	morrowind.esm       BOOK    bk_realbarenziah3
	morrowind.esm       BOOK    bk_realbarenziah4
	morrowind.esm       BOOK    bk_realbarenziah5
	morrowind.esm       BOOK    bk_realnerevar
	morrowind.esm       BOOK    bk_redbook426
	morrowind.esm       BOOK    bk_redbookofriddles
	morrowind.esm       BOOK    bk_redoran_vaults_ledger
	morrowind.esm       BOOK    bk_redorancookingsecrets
	morrowind.esm       BOOK    bk_reflectionsoncultworship...
	morrowind.esm       BOOK    bk_samarstarloversjournal
	morrowind.esm       BOOK    bk_saryoni_note
	morrowind.esm       BOOK    bk_saryonisermonsmanuscript
	morrowind.esm       BOOK    bk_secretsdwemeranimunculi
	morrowind.esm       BOOK    bk_sharnslegionsofthedead
	morrowind.esm       BOOK    bk_shorthistorymorrowind
	morrowind.esm       BOOK    bk_sottildescodebook
	morrowind.esm       BOOK    bk_specialfloraoftamriel
	morrowind.esm       BOOK    bk_spiritofnirn
	morrowind.esm       BOOK    bk_spiritofthedaedra
	morrowind.esm       BOOK    bk_talmarogkersresearches
	morrowind.esm       BOOK    bk_telvanni_vault_ledger
	morrowind.esm       BOOK    bk_truenatureoforcs
	morrowind.esm       BOOK    bk_truenoblescode
	morrowind.esm       BOOK    bk_vagariesofmagica
	morrowind.esm       BOOK    bk_vampiresofvvardenfell1
	morrowind.esm       BOOK    bk_vampiresofvvardenfell2
	morrowind.esm       BOOK    bk_varietiesoffaithintheempire
	morrowind.esm       BOOK    bk_vivecandmephala
	morrowind.esm       BOOK    bk_warehouse_log
	morrowind.esm       BOOK    bk_warofthefirstcouncil
	morrowind.esm       BOOK    bk_watersofoblivion
	morrowind.esm       BOOK    bk_wherewereyoudragonbroke
	morrowind.esm       BOOK    bk_wildelves
	morrowind.esm       BOOK    bk_words_of_the_wind
	morrowind.esm       BOOK    bk_wordsclanmother
	morrowind.esm       BOOK    bk_yellowbook426
	morrowind.esm       BOOK    bk_yellowbookofriddles
	morrowind.esm       BOOK    bk_ynglingledger
	morrowind.esm       BOOK    bookskill_acrobatics1
	morrowind.esm       BOOK    bookskill_acrobatics3
	morrowind.esm       BOOK    bookskill_acrobatics4
	morrowind.esm       BOOK    bookskill_acrobatics5
	morrowind.esm       BOOK    bookskill_alchemy2
	morrowind.esm       BOOK    bookskill_alchemy3
	morrowind.esm       BOOK    bookskill_alchemy4
	morrowind.esm       BOOK    bookskill_alchemy5
	morrowind.esm       BOOK    bookskill_alteration1
	morrowind.esm       BOOK    bookskill_alteration2
	morrowind.esm       BOOK    bookskill_alteration3
	morrowind.esm       BOOK    bookskill_alteration4
	morrowind.esm       BOOK    bookskill_alteration5
	morrowind.esm       BOOK    bookskill_armorer1
	morrowind.esm       BOOK    bookskill_armorer2
	morrowind.esm       BOOK    bookskill_armorer3
	morrowind.esm       BOOK    bookskill_armorer4
	morrowind.esm       BOOK    bookskill_armorer5
	morrowind.esm       BOOK    bookskill_athletics1
	morrowind.esm       BOOK    bookskill_athletics2
	morrowind.esm       BOOK    bookskill_athletics3
	morrowind.esm       BOOK    bookskill_athletics4
	morrowind.esm       BOOK    bookskill_athletics5
	morrowind.esm       BOOK    bookskill_axe1
	morrowind.esm       BOOK    bookskill_axe2
	morrowind.esm       BOOK    bookskill_axe3
	morrowind.esm       BOOK    bookskill_axe4
	morrowind.esm       BOOK    bookskill_axe5
	morrowind.esm       BOOK    bookskill_axe5_open
	morrowind.esm       BOOK    bookskill_block1
	morrowind.esm       BOOK    bookskill_block2
	morrowind.esm       BOOK    bookskill_block3
	morrowind.esm       BOOK    bookskill_block4
	morrowind.esm       BOOK    bookskill_block5
	morrowind.esm       BOOK    bookskill_blunt weapon1
	morrowind.esm       BOOK    bookskill_blunt weapon2
	morrowind.esm       BOOK    bookskill_blunt weapon3
	morrowind.esm       BOOK    bookskill_blunt weapon4
	morrowind.esm       BOOK    bookskill_blunt weapon5
	morrowind.esm       BOOK    bookskill_conjuration1
	morrowind.esm       BOOK    bookskill_conjuration2
	morrowind.esm       BOOK    bookskill_conjuration3
	morrowind.esm       BOOK    bookskill_conjuration4
	morrowind.esm       BOOK    bookskill_conjuration5
	morrowind.esm       BOOK    bookskill_destruction1
	morrowind.esm       BOOK    bookskill_destruction2
	morrowind.esm       BOOK    bookskill_destruction3
	morrowind.esm       BOOK    bookskill_destruction4
	morrowind.esm       BOOK    bookskill_destruction5
	morrowind.esm       BOOK    bookskill_destruction5_open
	morrowind.esm       BOOK    bookskill_enchant1
	morrowind.esm       BOOK    bookskill_enchant2
	morrowind.esm       BOOK    bookskill_enchant3
	morrowind.esm       BOOK    bookskill_enchant4
	morrowind.esm       BOOK    bookskill_enchant5
	morrowind.esm       BOOK    bookskill_hand to hand1
	morrowind.esm       BOOK    bookskill_hand to hand2
	morrowind.esm       BOOK    bookskill_hand to hand3
	morrowind.esm       BOOK    bookskill_hand to hand4
	morrowind.esm       BOOK    bookskill_hand to hand5
	morrowind.esm       BOOK    bookskill_heavy armor1
	morrowind.esm       BOOK    bookskill_heavy armor2
	morrowind.esm       BOOK    bookskill_heavy armor3
	morrowind.esm       BOOK    bookskill_heavy armor4
	morrowind.esm       BOOK    bookskill_heavy armor5
	morrowind.esm       BOOK    bookskill_illusion1
	morrowind.esm       BOOK    bookskill_illusion2
	morrowind.esm       BOOK    bookskill_illusion3
	morrowind.esm       BOOK    bookskill_illusion4
	morrowind.esm       BOOK    bookskill_illusion5
	morrowind.esm       BOOK    bookskill_light armor1
	morrowind.esm       BOOK    bookskill_light armor2
	morrowind.esm       BOOK    bookskill_light armor3
	morrowind.esm       BOOK    bookskill_light armor4
	morrowind.esm       BOOK    bookskill_light armor5
	morrowind.esm       BOOK    bookskill_long blade1
	morrowind.esm       BOOK    bookskill_long blade2
	morrowind.esm       BOOK    bookskill_long blade3
	morrowind.esm       BOOK    bookskill_long blade4
	morrowind.esm       BOOK    bookskill_long blade5
	morrowind.esm       BOOK    bookskill_marksman1
	morrowind.esm       BOOK    bookskill_marksman2
	morrowind.esm       BOOK    bookskill_marksman3
	morrowind.esm       BOOK    bookskill_marksman4
	morrowind.esm       BOOK    bookskill_marksman5
	morrowind.esm       BOOK    bookskill_medium armor1
	morrowind.esm       BOOK    bookskill_medium armor2
	morrowind.esm       BOOK    bookskill_medium armor3
	morrowind.esm       BOOK    bookskill_medium armor4
	morrowind.esm       BOOK    bookskill_medium armor5
	morrowind.esm       BOOK    bookskill_mercantile1
	morrowind.esm       BOOK    bookskill_mercantile2
	morrowind.esm       BOOK    bookskill_mercantile3
	morrowind.esm       BOOK    bookskill_mercantile4
	morrowind.esm       BOOK    bookskill_mercantile5
	morrowind.esm       BOOK    bookskill_mystery5
	morrowind.esm       BOOK    bookskill_mysticism1
	morrowind.esm       BOOK    bookskill_mysticism2
	morrowind.esm       BOOK    bookskill_mysticism3
	morrowind.esm       BOOK    bookskill_mysticism4
	morrowind.esm       BOOK    bookskill_mysticism5
	morrowind.esm       BOOK    bookskill_restoration1
	morrowind.esm       BOOK    bookskill_restoration2
	morrowind.esm       BOOK    bookskill_restoration3
	morrowind.esm       BOOK    bookskill_restoration4
	morrowind.esm       BOOK    bookskill_restoration5
	morrowind.esm       BOOK    bookskill_security1
	morrowind.esm       BOOK    bookskill_security2
	morrowind.esm       BOOK    bookskill_security3
	morrowind.esm       BOOK    bookskill_security4
	morrowind.esm       BOOK    bookskill_security5
	morrowind.esm       BOOK    bookskill_short blade1
	morrowind.esm       BOOK    bookskill_short blade2
	morrowind.esm       BOOK    bookskill_short blade3
	morrowind.esm       BOOK    bookskill_short blade4
	morrowind.esm       BOOK    bookskill_short blade5
	morrowind.esm       BOOK    bookskill_sneak1
	morrowind.esm       BOOK    bookskill_sneak2
	morrowind.esm       BOOK    bookskill_sneak3
	morrowind.esm       BOOK    bookskill_sneak4
	morrowind.esm       BOOK    bookskill_sneak5
	morrowind.esm       BOOK    bookskill_spear1
	morrowind.esm       BOOK    bookskill_spear2
	morrowind.esm       BOOK    bookskill_spear3
	morrowind.esm       BOOK    bookskill_spear4
	morrowind.esm       BOOK    bookskill_spear5
	morrowind.esm       BOOK    bookskill_speechcraft1
	morrowind.esm       BOOK    bookskill_speechcraft3
	morrowind.esm       BOOK    bookskill_speechcraft4
	morrowind.esm       BOOK    bookskill_speechcraft5
	morrowind.esm       BOOK    bookskill_unarmored1
	morrowind.esm       BOOK    bookskill_unarmored2
	morrowind.esm       BOOK    bookskill_unarmored3
	morrowind.esm       BOOK    bookskill_unarmored4
	morrowind.esm       BOOK    bookskill_unarmored5
	morrowind.esm       BOOK    cumanya's notes
	tribunal.esm        BOOK    bk_alchemistsformulary
	tribunal.esm        BOOK    bk_ancestorsandthedunmer
	tribunal.esm        BOOK    bk_annotatedanuad
	tribunal.esm        BOOK    bk_anticipations
	tribunal.esm        BOOK    bk_arcturianheresy
	tribunal.esm        BOOK    bk_bartendersguide
	tribunal.esm        BOOK    bk_bookdawnanddusk
	tribunal.esm        BOOK    bk_bookofdaedra
	tribunal.esm        BOOK    bk_childrenofthesky
	tribunal.esm        BOOK    bk_childrensanuad
	tribunal.esm        BOOK    bk_chroniclesnchuleft
	tribunal.esm        BOOK    bk_consolationsofprayer
	tribunal.esm        BOOK    bk_easternprovincesimpartial
	tribunal.esm        BOOK    bk_firmament
	tribunal.esm        BOOK    bk_graspingfortune
	tribunal.esm        BOOK    bk_houseoftroubles_c
	tribunal.esm        BOOK    bk_legionsofthedead
	tribunal.esm        BOOK    bk_livesofthesaints
	tribunal.esm        BOOK    bk_mysteriousakavir
	tribunal.esm        BOOK    bk_saryonissermons
	tribunal.esm        BOOK    bk_tamrielicreligions
	tribunal.esm        BOOK    bk_yagrum's_book
	tribunal.esm        BOOK    bookskill_alchemy1
	tribunal.esm        BOOK    bookskill_speechcraft2
