Boots for Beasts-TR+.esp: DUP-REC MASTERS MISSVER OVR-REC
    MASTERS: out of sync with the masters installed in your Data Files directory:
	Tamriel_Data.esm             7824672 (plugin)   11064795 (installed size)
	TR_Mainland.esm            131296817 (plugin)  163244128 (installed size)
    [DUP-REC] Duplicate Records:
	From Master         Type    Name
	tamriel_data.esm    CONT    t_skycom_furn_chhv1tra3
    [OVR-REC] Overridden Records:
	From Master         Type    Name
	morrowind.esm       CONT    contain_corpse_nord
	morrowind.esm       LEVI    random_armor_bonemold
	morrowind.esm       LEVI    random_dwemer_armor
	tamriel_data.esm    CONT    t_skycom_furn_chhv1tra2
	tamriel_data.esm    CONT    t_skycom_furn_chhv1tra4
	tamriel_data.esm    LEVI    t_cyr_random_armoradamantium
	tamriel_data.esm    LEVI    t_cyr_random_armorayleid
	tamriel_data.esm    LEVI    t_cyr_random_armordragonscale
	tamriel_data.esm    LEVI    t_cyr_random_armorfurnord
	tamriel_data.esm    LEVI    t_cyr_random_armoriron
	tamriel_data.esm    LEVI    t_cyr_random_armorironnord
	tamriel_data.esm    LEVI    t_cyr_random_armorleather
	tamriel_data.esm    LEVI    t_cyr_random_armorlegion1
	tamriel_data.esm    LEVI    t_cyr_random_armornewtscale
	tamriel_data.esm    LEVI    t_cyr_random_armorsteel
	tamriel_data.esm    LEVI    t_mw_random_armorbonemold
	tamriel_data.esm    LEVI    t_mw_random_armoriron
	tamriel_data.esm    LEVI    t_mw_random_armorsimperial
	tamriel_data.esm    LEVI    t_mw_random_armorsordinator
	tamriel_data.esm    LEVI    t_sky_lvl_armorheavy
	tamriel_data.esm    LEVI    t_sky_lvl_armorlight
	tamriel_data.esm    LEVI    t_sky_random_armoriron
	tamriel_data.esm    LEVI    t_sky_random_armororc
	tamriel_data.esm    LEVI    t_sky_random_armorringmail
	tamriel_data.esm    LEVI    t_sky_random_armorsteel
	tamriel_data.esm    LEVI    t_sky_random_armorwormmouth
	tamriel_data.esm    LEVI    t_sky_random_direnniarmor
	tr_mainland.esm     CONT    tr_cont_m3-700_cratearm
	tr_mainland.esm     CONT    tr_i2-309_crate_iron02
	tr_mainland.esm     CONT    tr_i2-309_crate_ma01
	tr_mainland.esm     CONT    tr_i2-72_de_r_chest_01
	tr_mainland.esm     CONT    tr_i2-72_de_r_closet_02
	tr_mainland.esm     CONT    tr_i2_238_chest_guards
	tr_mainland.esm     CONT    tr_i2_238_crate_dulame2
	tr_mainland.esm     CONT    tr_i3_501_dunmer_chest
	tr_mainland.esm     CONT    tr_m1_c_chest_fwguard1
	tr_mainland.esm     CONT    tr_m1_c_chest_fwguard2
	tr_mainland.esm     CONT    tr_m1_crate_molarmr
	tr_mainland.esm     CONT    tr_m1_de_p_chest_derdel
	tr_mainland.esm     CONT    tr_m1_de_p_chest_go_arm
	tr_mainland.esm     CONT    tr_m1_fw_fg_01
	tr_mainland.esm     CONT    tr_m1_fw_fg_02
	tr_mainland.esm     CONT    tr_m1_fw_gb_01
	tr_mainland.esm     CONT    tr_m1_fw_gb_03
	tr_mainland.esm     CONT    tr_m1_fw_gb_04
	tr_mainland.esm     CONT    tr_m2-i231_de_r_closeti
	tr_mainland.esm     CONT    tr_m2_chest_armor_he
	tr_mainland.esm     CONT    tr_m2_cont_c_chest_i323
	tr_mainland.esm     CONT    tr_m2_crate_armor1
	tr_mainland.esm     CONT    tr_m2_i390_crate_telgrd
	tr_mainland.esm     CONT    tr_m3-284_chest01
	tr_mainland.esm     CONT    tr_m3-461_de_p_chest
	tr_mainland.esm     CONT    tr_m3_bosvau_crate3
	tr_mainland.esm     CONT    tr_m3_crateindbm_i3-647
	tr_mainland.esm     CONT    tr_m3_oe_arnulf_crate
	tr_mainland.esm     LEVI    tr_m3_random_imp_boots
