BTBGIsation - Wyrmhaven.esp: DUP-REC MISSVER OVR-REC
    [OVR-REC] Overridden Records:
	From Master         Type    Name
	wyrmhaven.esm       APPA    _wyrm_clay_mortar
	wyrmhaven.esm       ARMO    _wyrm_archer_cuirass
	wyrmhaven.esm       ARMO    _wyrm_black_boots
	wyrmhaven.esm       ARMO    _wyrm_black_gauntlet_left
	wyrmhaven.esm       ARMO    _wyrm_black_gauntlet_right
	wyrmhaven.esm       ARMO    _wyrm_black_helm
	wyrmhaven.esm       ARMO    _wyrm_black_tabard
	wyrmhaven.esm       ARMO    _wyrm_bronze_helm_crested
	wyrmhaven.esm       ARMO    _wyrm_bronze_helmet
	wyrmhaven.esm       ARMO    _wyrm_bronze_shield
	wyrmhaven.esm       ARMO    _wyrm_bronze_towershield
	wyrmhaven.esm       ARMO    _wyrm_guard_tabard
	wyrmhaven.esm       ARMO    _wyrm_guard_tabard_prison
	wyrmhaven.esm       ARMO    _wyrm_imperial_pld_l
	wyrmhaven.esm       ARMO    _wyrm_imperial_pld_r
	wyrmhaven.esm       ARMO    _wyrm_jb_msk2_boot
	wyrmhaven.esm       ARMO    _wyrm_jb_msk3_boot
	wyrmhaven.esm       ARMO    _wyrm_jb_msk_boot
	wyrmhaven.esm       ARMO    _wyrm_kynareth_boots
	wyrmhaven.esm       ARMO    _wyrm_kynareth_cuirass
	wyrmhaven.esm       ARMO    _wyrm_kynareth_gauntlet_left
	wyrmhaven.esm       ARMO    _wyrm_kynareth_gauntlet_right
	wyrmhaven.esm       ARMO    _wyrm_kynareth_greaves
	wyrmhaven.esm       ARMO    _wyrm_kynareth_helm
	wyrmhaven.esm       ARMO    _wyrm_kynareth_open_helm
	wyrmhaven.esm       ARMO    _wyrm_kynareth_pauldron_left
	wyrmhaven.esm       ARMO    _wyrm_kynareth_pauldron_right
	wyrmhaven.esm       ARMO    _wyrm_kynareth_quiver
	wyrmhaven.esm       ARMO    _wyrm_kynareth_quiver2
	wyrmhaven.esm       ARMO    _wyrm_kynareth_shield
	wyrmhaven.esm       ARMO    _wyrm_kynareth_shield_battle
	wyrmhaven.esm       ARMO    _wyrm_kynareth_shield_round
	wyrmhaven.esm       ARMO    _wyrm_kynareth_tabard
	wyrmhaven.esm       ARMO    _wyrm_longbow_shield
	wyrmhaven.esm       ARMO    _wyrm_pf_shield01
	wyrmhaven.esm       ARMO    _wyrm_pf_shield01a
	wyrmhaven.esm       ARMO    _wyrm_pf_shield02
	wyrmhaven.esm       ARMO    _wyrm_pf_shield03
	wyrmhaven.esm       ARMO    _wyrm_pf_shield04
	wyrmhaven.esm       ARMO    _wyrm_pf_shield04a
	wyrmhaven.esm       ARMO    _wyrm_red_tabard
	wyrmhaven.esm       ARMO    _wyrm_templar_pld_l
	wyrmhaven.esm       ARMO    _wyrm_templar_pld_r
	wyrmhaven.esm       ARMO    _wyrm_training_shield
	wyrmhaven.esm       CLOT    _wyrm_amulet_folkmar
	wyrmhaven.esm       CLOT    _wyrm_cloak_black
	wyrmhaven.esm       CLOT    _wyrm_copper_ring
	wyrmhaven.esm       CLOT    _wyrm_cursed_ring_magicka
	wyrmhaven.esm       CLOT    _wyrm_diamond_ring
	wyrmhaven.esm       CLOT    _wyrm_girdle_of_belaurin
	wyrmhaven.esm       CLOT    _wyrm_kynareth_robe_01
	wyrmhaven.esm       CLOT    _wyrm_robe_black
	wyrmhaven.esm       CLOT    _wyrm_tankard
	wyrmhaven.esm       WEAP    _wyrm_bronze_broadsword
	wyrmhaven.esm       WEAP    _wyrm_bronze_longspear
	wyrmhaven.esm       WEAP    _wyrm_bronze_spear
	wyrmhaven.esm       WEAP    _wyrm_claymore_appius
	wyrmhaven.esm       WEAP    _wyrm_crossbow_wood
	wyrmhaven.esm       WEAP    _wyrm_cutlass
	wyrmhaven.esm       WEAP    _wyrm_daedric_pike
	wyrmhaven.esm       WEAP    _wyrm_eadhere_axe
	wyrmhaven.esm       WEAP    _wyrm_iron_claymore_1hd
	wyrmhaven.esm       WEAP    _wyrm_knife
	wyrmhaven.esm       WEAP    _wyrm_kynaran_bastardsword
	wyrmhaven.esm       WEAP    _wyrm_longbow_androg
	wyrmhaven.esm       WEAP    _wyrm_nordic_silver_spear
	wyrmhaven.esm       WEAP    _wyrm_raedwald_claymore
	wyrmhaven.esm       WEAP    _wyrm_staff_magma
	wyrmhaven.esm       WEAP    _wyrm_steel_longspear
	wyrmhaven.esm       WEAP    _wyrm_vampire_bat_axe
	wyrmhaven.esm       WEAP    _wyrm_wyrmslayer
