BTBGIsation - Tel_Eurus.esp: DUP-REC MISSVER OVR-REC
    [OVR-REC] Overridden Records:
	From Master         Type    Name
	tel_eurus.esp       ARMO    dd_alchhood
	tel_eurus.esp       ARMO    dd_brassboots
	tel_eurus.esp       ARMO    dd_brasschest
	tel_eurus.esp       ARMO    dd_brassmask
	tel_eurus.esp       ARMO    dd_deathhelm
	tel_eurus.esp       ARMO    dd_irondeathboots
	tel_eurus.esp       ARMO    dd_irondeathpauldl
	tel_eurus.esp       ARMO    dd_irondeathpauldr
	tel_eurus.esp       ARMO    dd_mastermindcoat
	tel_eurus.esp       ARMO    dd_mastermindhelm
	tel_eurus.esp       ARMO    dd_mastermindhelmd
	tel_eurus.esp       ARMO    dd_mmboots
	tel_eurus.esp       ARMO    dd_mmgauntl
	tel_eurus.esp       ARMO    dd_mmgauntr
	tel_eurus.esp       ARMO    dd_mmpants
	tel_eurus.esp       ARMO    dd_ronboots
	tel_eurus.esp       ARMO    dd_rongauntl
	tel_eurus.esp       ARMO    dd_rongauntr
	tel_eurus.esp       ARMO    dd_ronhelm
	tel_eurus.esp       ARMO    dd_roninchest
	tel_eurus.esp       ARMO    dd_roninpants
	tel_eurus.esp       ARMO    dd_roninpauldronl
	tel_eurus.esp       ARMO    dd_roninpauldronr
	tel_eurus.esp       ARMO    dd_saboteurhelm
	tel_eurus.esp       CLOT    dd_bluerobet
	tel_eurus.esp       CLOT    dd_cageamulet
	tel_eurus.esp       CLOT    dd_dravenrobet
	tel_eurus.esp       CLOT    dd_dweamulet
	tel_eurus.esp       CLOT    dd_dweamuletagi
	tel_eurus.esp       CLOT    dd_dweamuletint
	tel_eurus.esp       CLOT    dd_dweamuletstr
	tel_eurus.esp       CLOT    dd_necrorobe1
	tel_eurus.esp       CLOT    dd_specialpants
	tel_eurus.esp       WEAP    dd_crydwekatanab
	tel_eurus.esp       WEAP    dd_crydwekatanap
	tel_eurus.esp       WEAP    dd_crykatanab
	tel_eurus.esp       WEAP    dd_crykatanab2
	tel_eurus.esp       WEAP    dd_crykatanakat
	tel_eurus.esp       WEAP    dd_crykatanakat2
	tel_eurus.esp       WEAP    dd_crykatanap
	tel_eurus.esp       WEAP    dd_crykatanap2
