BTBGIsation - Olafs Cloaks and Hoods.esp: DUP-REC MASTERS MISSVER OVR-REC
    MASTERS: out of sync with the masters installed in your Data Files directory:
	Olafs Cloaks and Hoods.ESP      18857 (plugin)      26437 (installed size)
    [OVR-REC] Overridden Records:
	From Master         Type    Name
	olafs cloaks and hoods.esp    ARMO    common_cloak_01
	olafs cloaks and hoods.esp    ARMO    common_cloak_02
	olafs cloaks and hoods.esp    ARMO    common_cloak_03
	olafs cloaks and hoods.esp    ARMO    common_cloak_04
	olafs cloaks and hoods.esp    ARMO    common_cloak_05
	olafs cloaks and hoods.esp    ARMO    common_cloak_06
	olafs cloaks and hoods.esp    ARMO    common_cloak_07
	olafs cloaks and hoods.esp    ARMO    common_cloak_08
	olafs cloaks and hoods.esp    ARMO    common_cloak_09
	olafs cloaks and hoods.esp    ARMO    common_cloak_10
	olafs cloaks and hoods.esp    ARMO    common_cloak_11
	olafs cloaks and hoods.esp    ARMO    common_cloak_13
	olafs cloaks and hoods.esp    ARMO    common_cloak_14
	olafs cloaks and hoods.esp    ARMO    common_cloak_rc
	olafs cloaks and hoods.esp    ARMO    common_hood_01
	olafs cloaks and hoods.esp    ARMO    common_hood_02
	olafs cloaks and hoods.esp    ARMO    common_hood_03
	olafs cloaks and hoods.esp    ARMO    common_hood_04
	olafs cloaks and hoods.esp    ARMO    common_hood_05
	olafs cloaks and hoods.esp    ARMO    common_hood_06
	olafs cloaks and hoods.esp    ARMO    common_hood_07
	olafs cloaks and hoods.esp    ARMO    common_hood_08
	olafs cloaks and hoods.esp    ARMO    common_hood_09
	olafs cloaks and hoods.esp    ARMO    common_hood_10
	olafs cloaks and hoods.esp    ARMO    common_hood_11
	olafs cloaks and hoods.esp    ARMO    common_hood_12
	olafs cloaks and hoods.esp    ARMO    common_hood_13
	olafs cloaks and hoods.esp    ARMO    expensive_cape_02
	olafs cloaks and hoods.esp    ARMO    expensive_cape_03
	olafs cloaks and hoods.esp    ARMO    expensive_cape_04
	olafs cloaks and hoods.esp    ARMO    expensive_cloak_01
	olafs cloaks and hoods.esp    ARMO    expensive_hood_01
	olafs cloaks and hoods.esp    ARMO    expensive_hood_02
	olafs cloaks and hoods.esp    ARMO    expensive_hood_03
	olafs cloaks and hoods.esp    ARMO    expensive_hood_04
	olafs cloaks and hoods.esp    ARMO    exquisite_cloak_01
	olafs cloaks and hoods.esp    ARMO    exquisite_hood_01
	olafs cloaks and hoods.esp    ARMO    exquisite_hood_02
	olafs cloaks and hoods.esp    ARMO    extravagant_cloak_01
	olafs cloaks and hoods.esp    ARMO    extravagant_cloak_02
	olafs cloaks and hoods.esp    ARMO    extravagant_cloak_03
	olafs cloaks and hoods.esp    ARMO    extravagant_cloak_04
	olafs cloaks and hoods.esp    ARMO    extravagant_cloak_05
	olafs cloaks and hoods.esp    ARMO    extravagant_hood_01
	olafs cloaks and hoods.esp    ARMO    extravagant_hood_02
	olafs cloaks and hoods.esp    ARMO    extravagant_hood_03
	olafs cloaks and hoods.esp    ARMO    extravagant_hood_04
	olafs cloaks and hoods.esp    ARMO    extravagant_hood_05
