BTBGIsation - LGNPC_SecretMasters.esp: DUP-REC MISSVER OVR-REC
    [OVR-REC] Overridden Records:
	From Master         Type    Name
	lgnpc_secretmasters.esp    ARMO    4lom_adamantium_chain_coif
	lgnpc_secretmasters.esp    ARMO    4lom_adamantium_chain_cuirass
	lgnpc_secretmasters.esp    ARMO    4lom_adamantium_chain_greaves
	lgnpc_secretmasters.esp    ARMO    4lom_adamantium_chainl_pauldron
	lgnpc_secretmasters.esp    ARMO    4lom_adamantium_chainr_pauldron
	lgnpc_secretmasters.esp    ARMO    4lom_ebonite_dukes_cuirass
	lgnpc_secretmasters.esp    ARMO    4lom_ebonite_imp_left_gauntlet
	lgnpc_secretmasters.esp    ARMO    4lom_ebonite_imp_left_pauldron
	lgnpc_secretmasters.esp    ARMO    4lom_ebonite_imp_right_gauntlet
	lgnpc_secretmasters.esp    ARMO    4lom_ebonite_imp_right_pauldron
	lgnpc_secretmasters.esp    ARMO    4lom_ebonite_imperial_boots
	lgnpc_secretmasters.esp    ARMO    4lom_ebonite_imperial_cuirass
	lgnpc_secretmasters.esp    ARMO    4lom_ebonite_imperial_greaves
	lgnpc_secretmasters.esp    ARMO    4lom_ebonite_imperial_helmet
	lgnpc_secretmasters.esp    ARMO    4lom_ebonite_imperial_shield
	lgnpc_secretmasters.esp    ARMO    4lom_ebonite_temp_left_pauldron
	lgnpc_secretmasters.esp    ARMO    4lom_ebonite_temp_rght_pauldron
	lgnpc_secretmasters.esp    ARMO    4lom_ebonite_templar_boots
	lgnpc_secretmasters.esp    ARMO    4lom_ebonite_templar_cuirass
	lgnpc_secretmasters.esp    ARMO    4lom_ebonite_templar_greaves
	lgnpc_secretmasters.esp    ARMO    4lom_ebonite_templar_helmet
	lgnpc_secretmasters.esp    ARMO    4lom_ebonite_templar_l_bracer
	lgnpc_secretmasters.esp    ARMO    4lom_ebonite_templar_r_bracer
	lgnpc_secretmasters.esp    ARMO    4lom_fixed_medchain_l_pauldron
	lgnpc_secretmasters.esp    ARMO    4lom_fixed_medchain_r_pauldron
	lgnpc_secretmasters.esp    ARMO    4lom_mc_chain_coif_helm
	lgnpc_secretmasters.esp    ARMO    4lom_mc_chain_greaves
	lgnpc_secretmasters.esp    ARMO    4lom_mc_chain_imperial_cuirass
	lgnpc_secretmasters.esp    ARMO    4lom_mc_chain_left_pauldron
	lgnpc_secretmasters.esp    ARMO    4lom_mc_chain_right_pauldron
	lgnpc_secretmasters.esp    ARMO    4lom_mc_dukes_cuirass
	lgnpc_secretmasters.esp    ARMO    4lom_mc_imperial_boots
	lgnpc_secretmasters.esp    ARMO    4lom_mc_imperial_cuirass
	lgnpc_secretmasters.esp    ARMO    4lom_mc_imperial_greaves
	lgnpc_secretmasters.esp    ARMO    4lom_mc_imperial_helmet
	lgnpc_secretmasters.esp    ARMO    4lom_mc_imperial_left_gauntlet
	lgnpc_secretmasters.esp    ARMO    4lom_mc_imperial_left_pauldron
	lgnpc_secretmasters.esp    ARMO    4lom_mc_imperial_right_gauntlet
	lgnpc_secretmasters.esp    ARMO    4lom_mc_imperial_right_pauldron
	lgnpc_secretmasters.esp    ARMO    4lom_mc_imperial_shield
	lgnpc_secretmasters.esp    ARMO    4lom_mc_templar_boots
	lgnpc_secretmasters.esp    ARMO    4lom_mc_templar_cuirass
	lgnpc_secretmasters.esp    ARMO    4lom_mc_templar_greaves
	lgnpc_secretmasters.esp    ARMO    4lom_mc_templar_helmet
	lgnpc_secretmasters.esp    ARMO    4lom_mc_templar_left_bracer
	lgnpc_secretmasters.esp    ARMO    4lom_mc_templar_left_pauldron
	lgnpc_secretmasters.esp    ARMO    4lom_mc_templar_right_bracer
	lgnpc_secretmasters.esp    ARMO    4lom_mc_templar_right_pauldron
	lgnpc_secretmasters.esp    ARMO    jo_glass_bracer_left
	lgnpc_secretmasters.esp    ARMO    jo_glass_bracer_right
	lgnpc_secretmasters.esp    ARMO    jo_glass_helm
	lgnpc_secretmasters.esp    CLOT    war_psijic_robe
	lgnpc_secretmasters.esp    WEAP    jo_dwarven_halberd_soultrap
	lgnpc_secretmasters.esp    WEAP    jo_ebony_shortsword
