Buckmoth Legion Fort.esp: DUP-REC MASTERS MENUMOD MISSAUT MISSDSC MISSVER OVR-REC
    MASTERS: out of sync with the masters installed in your Data Files directory:
	Morrowind.esm               79764287 (plugin)   79837557 (installed size)
	Tribunal.esm                 6616539 (plugin)    4565686 (installed size)
	Bloodmoon.esm               11799703 (plugin)    9631798 (installed size)
	OAAB_Data.esm                1327690 (plugin)    1567893 (installed size)
	Tamriel_Data.esm            10675702 (plugin)   11064795 (installed size)
    [MENUMOD] Scripts not checking menumode:
	SCPT(AM_Smith_Script)
	SCPT(NM_sitter_day_night)
    [OVR-REC] Overridden Records:
	From Master         Type    Name
	morrowind.esm       LAND    (-1, 4)
	morrowind.esm       LAND    (-1, 5)
	morrowind.esm       LAND    (-2, 4)
	morrowind.esm       LAND    (-2, 5)
	morrowind.esm       LAND    (-3, 4)
	morrowind.esm       LAND    (-3, 5)
	morrowind.esm       LTEX    al_ash_01
	morrowind.esm       LTEX    al_ash_02
	morrowind.esm       LTEX    al_ash_03
	morrowind.esm       LTEX    al_ash_04
	morrowind.esm       LTEX    al_road_01
	morrowind.esm       LTEX    daedric stone
	morrowind.esm       LTEX    ma_crackedearth
	morrowind.esm       LTEX    ma_rock04
	morrowind.esm       LTEX    rm_redrock
	morrowind.esm       LTEX    rm_rock_02
	morrowind.esm       LTEX    rm_whiterock
	morrowind.esm       LTEX    tx_rm_grayrock_01.tga
	morrowind.esm       LTEX    wg_dirtscrub
	morrowind.esm       LTEX    wg_rock
	morrowind.esm       LTEX    wg_rockydirt
	morrowind.esm       LTEX    wg_rockyscrub
	morrowind.esm       LTEX    wg_scrub plain
	morrowind.esm       NPC_    aldaril
	morrowind.esm       NPC_    dulian
	morrowind.esm       NPC_    imsin the dreamer
	morrowind.esm       NPC_    raesa pullia
	morrowind.esm       NPC_    rulfim gra-ogdub
	morrowind.esm       NPC_    shardie
	morrowind.esm       NPC_    thetrard phirrienele
	morrowind.esm       NPC_    yambagorn gor-shulor
	morrowind.esm       PGRD    buckmoth legion fort
	morrowind.esm       PGRD    buckmoth legion fort, interior
	morrowind.esm       PGRD    buckmoth legion fort, prison
	tribunal.esm        LTEX    rm_grayrock
	tribunal.esm        LTEX    rm_rock_01
