abotGuardsTR2101.esp: DUP-REC MASTERS MISSVER OVR-REC
    MASTERS: out of sync with the masters installed in your Data Files directory:
	Tamriel_Data.esm             8846501 (plugin)   11064795 (installed size)
	TR_Mainland.esm            131136864 (plugin)  163244128 (installed size)
    [OVR-REC] Overridden Records:
	From Master         Type    Name
	morrowind.esm       NPC_    hlaalu guard
	morrowind.esm       NPC_    hlaalu guard_outside
	morrowind.esm       NPC_    imperial guard
	morrowind.esm       NPC_    imperial guard_ebonhear
	morrowind.esm       NPC_    ordinator wander
	morrowind.esm       NPC_    ordinator_high fane
	morrowind.esm       NPC_    redoran guard female
	morrowind.esm       NPC_    redoran guard male
	morrowind.esm       NPC_    telvanni guard
	morrowind.esm       NPC_    telvanni sharpshooter
	morrowind.esm       NPC_    ughash gro-batul
	morrowind.esm       NPC_    yashnarz gro-ufthamph
	tribunal.esm        DIAL    attack
	tribunal.esm        DIAL    hello
	tribunal.esm        DIAL    hit
	tribunal.esm        NPC_    ordinator_mournhold
