adv_npcs_v1.1.esp: DUP-REC JUNKCEL MISSAUT MISSDSC MISSVER OVR-REC
    [JUNKCEL] Junk Cells:                        Flags
	Bitter Coast Region (-12, 1)             0x02
	Bitter Coast Region (-12, 2)             0x02
	Bitter Coast Region (-12, 3)             0x02
	Bitter Coast Region (-13, 1)             0x02
	Bitter Coast Region (-13, 2)             0x02
	Bitter Coast Region (-13, 3)             0x02
	Bitter Coast Region (-13, 4)             0x02
	Bitter Coast Region (-14, 2)             0x02
	Bitter Coast Region (-14, 4)             0x02
	Bitter Coast Region (-14, 5)             0x02
	West Gash Region (-15, 7)                0x02
	West Gash Region (-16, 7)                0x02
	West Gash Region (-16, 8)                0x02
	Wilderness (-15, -8)                     0x02
    [OVR-REC] Overridden Records:
	From Master         Type    Name
	morrowind.esm       NPC_    albecius colollius
	morrowind.esm       NPC_    chargen door guard
	morrowind.esm       NPC_    hrisskar flat-foot
	morrowind.esm       NPC_    imperial archer
	morrowind.esm       NPC_    imperial guard
	morrowind.esm       NPC_    imperial guard captain
	morrowind.esm       NPC_    nelos onmar
	morrowind.esm       NPC_    ordinator wander
	morrowind.esm       NPC_    shadbak gra-burbug
	morrowind.esm       NPC_    sorkvild the raven
	morrowind.esm       NPC_    tappius esdrecus
