AFFresh_3472454149.esp: AUTOSPL DUP-REC JUNKCEL MENUMOD MISSVER MOD-INF OVR-REC
    [AUTOSPL] Auto-calced Spells:
	af_chillbloom                  Chillbloom
    [MENUMOD] Scripts not checking menumode:
	SCPT(AF_BlueDevilDeathScr)
	SCPT(AF_BlueDevilsAmbush)
	SCPT(AF_BraleniDrenScr)
	SCPT(AF_CleanUp_LightWood)
	SCPT(AF_DarvamLetterPickup)
	SCPT(AF_ExMoveTarhiel)
	SCPT(AF_FlyLikeABloatedScr)
	SCPT(AF_FlyLikeARacerScr)
	SCPT(AF_Gils_Cure_Scr)
	SCPT(AF_GlobalAddMixedUnits)
	SCPT(AF_GlobalMoveKishni)
	SCPT(AF_Global_Fragrant)
	SCPT(AF_Global_Halfeye)
	SCPT(AF_HulsCleanup)
	SCPT(AF_HulsRiches)
	SCPT(AF_MixedUnitPickup)
	SCPT(AF_MoveIratil)
	SCPT(AF_MoveTerinde)
	SCPT(AF_NT_NixTracks)
	SCPT(AF_NchulemFakeScript)
	SCPT(AF_NchulemInitialBook)
	SCPT(AF_OgrimChests)
	SCPT(AF_Ogrim_LW_Script)
	SCPT(AF_OldGilsScript)
	SCPT(AF_SaveTarhielCheck)
	SCPT(AF_Skull_Ambush)
	SCPT(AF_Skull_Fragrant)
	SCPT(AF_Skull_HalfEye)
	SCPT(AF_Skull_Mabrigash)
	SCPT(AF_Skull_Skypilot)
	SCPT(AF_SlippinGrayfishAttack)
	SCPT(AF_SpectralArmyScr)
	SCPT(AF_StartBlueDevils)
	SCPT(AF_TarnishedWedRingScr)
	SCPT(AF_Tavia_Scr)
	SCPT(AF_TestLittleThings)
	SCPT(AF_ThorekBigDrum)
	SCPT(AF_ThorekNewItems)
	SCPT(AF_TironIenithScr)
	SCPT(AF_WDYWM_Spawns)
	SCPT(AF_explode_mabrigashinvis)
	SCPT(AF_geidar_journal_j)
	SCPT(AF_netch_lure_scr)
	SCPT(AF_netch_smug_scr)
    [JUNKCEL] Junk Cells:                        Flags
	West Gash Region (-4, 2)                 0x02
    [OVR-REC] Overridden Records:
	From Master         Type    Name
	bloodmoon.esm       DIAL    orders
	bloodmoon.esm       DIAL    service refusal
	morrowind.esm       DIAL    edryno arethi
	morrowind.esm       DIAL    go free
	morrowind.esm       DIAL    imperial legion
	morrowind.esm       DIAL    intimidate success
	morrowind.esm       DIAL    jobs
	morrowind.esm       DIAL    moon sugar
	morrowind.esm       DIAL    orvas dren
	morrowind.esm       DIAL    silt strider
	morrowind.esm       PGRD    west gash region
	tribunal.esm        DIAL    background
	tribunal.esm        DIAL    camonna tong
	tribunal.esm        DIAL    greeting 0
	tribunal.esm        DIAL    greeting 5
	tribunal.esm        DIAL    latest rumors
	tribunal.esm        DIAL    little advice
	tribunal.esm        DIAL    little secret
	tribunal.esm        DIAL    my trade
	tribunal.esm        DIAL    travel together

[MOD-INF]: ID=2449787962253016471(Topic:silt strider)
  morrowind.esm---------->|DATA|NAME:Silt striders carry passengers and cargo between settlements on Vvardenfell. Fares depend on distance to be traveled. Silt striders are giant insects. A compartment for passengers and cargo is hollowed from the creature's shell; the driver directs the beast by directly manipulating exposed organs and tissues. Silt striders travel between Ald'ruhn, Balmora, Seyda Neen, Suran, Gnisis, Molag Mar, Maar Gan, and North Landing near Vivec.|SCVR:0CsX0nolore|INTV:
  AFFresh_3472454149.esp->|DATA|NAME:Silt striders carry passengers and cargo between settlements on Vvardenfell. Fares depend on distance to be traveled. Silt striders are giant insects. A compartment for passengers and cargo is hollowed from the creature's shell; the driver directs the beast by directly manipulating exposed organs and tissues. Silt striders travel between Ald'ruhn, Balmora, Seyda Neen, Suran, Gnisis, Molag Mar, Maar Gan, and North Landing near Vivec.|SCVR:0CsX0NoLore|INTV:
