After the Blight.esp: DUP-REC MENUMOD MISSVER OVR-REC
    [MENUMOD] Scripts not checking menumode:
	SCPT(CS_AldKena01Script)
	SCPT(CS_AldKena02Script)
	SCPT(CS_AldKena03Script)
	SCPT(CS_Alvath1Script)
	SCPT(CS_Alvath2Script)
	SCPT(CS_Alvath3Script)
	SCPT(CS_Alvath4Script)
	SCPT(CS_AryoScript)
	SCPT(CS_AtBLUMT)
	SCPT(CS_AtBLUSC)
	SCPT(CS_BolrinScript1)
	SCPT(CS_BolrinScript2)
	SCPT(CS_DefendersDisableScript)
	SCPT(CS_Eldrar1Script)
	SCPT(CS_Eldrar2Script)
	SCPT(CS_GnisisTempleFleeScript)
	SCPT(CS_GnisisTempleWallScript)
	SCPT(CS_LuciaScript)
	SCPT(CS_MGTravelerScript)
	SCPT(CS_MaesatScript1)
	SCPT(CS_MaesatScript2)
	SCPT(CS_MaesatScript3)
	SCPT(CS_MamsharOrdinatorScript)
	SCPT(CS_MiriliArbiterScript)
	SCPT(CS_MiriliScript)
	SCPT(CS_Neria1Script)
	SCPT(CS_Neria2Script)
	SCPT(CS_TarenScript)
	SCPT(CS_TibaltakOutsideScript)
	SCPT(CS_TibaltakScript)
	SCPT(CS_WhereBolrinScript)
    [OVR-REC] Overridden Records:
	From Master         Type    Name
	morrowind.esm       DIAL    comberry
	morrowind.esm       DIAL    greef
	morrowind.esm       DIAL    love letter
	morrowind.esm       NPC_    bolrin
	morrowind.esm       NPC_    maesat shinirbael
	morrowind.esm       NPC_    missun hainterari
	morrowind.esm       NPC_    samsi ulannanit
	tribunal.esm        DIAL    background
	tribunal.esm        DIAL    biography
	tribunal.esm        DIAL    dissident priests
	tribunal.esm        DIAL    greeting 0
	tribunal.esm        DIAL    greeting 1
	tribunal.esm        DIAL    my trade
