Amanita.esp: DUP-INF DUP-REC FOGBUG JUNKCEL MENUMOD MISSAUT MISSDSC MISSVER MOD-INF OVR-REC
    [FOGBUG]: Cells with zero fog density setting:
	Amanita Garden's, He-Who Dwell's Deep House
	Amanita Garden's, Shei House of the Lizard
	Amanita, Stoney Street, Dalvani Spa
	Amanita, Stoney Street, Galos Relenim's House
	Amanita, Stoney Street, Imageshe San's Dojo
	Amanita, Stoney Street, Locked House
	Amanita, Stoney Street, Saryon's Manor
	Amanita, Stoney Street, Taros Andrethi's House
	Amanita, Stoney Street, Vadar Manor
	Amanita, Stoney Street, Verethi Manor
    [MENUMOD] Scripts not checking menumode:
	SCPT(AM_CaveScript_SC)
	SCPT(AM_CaveScript_SC_Exit)
	SCPT(AM_Fall)
	SCPT(AM_Fall_AmanitaGarden)
	SCPT(AM_HleervuLostBook)
	SCPT(AM_LumisNotePickup)
	SCPT(AM_SetFaction)
	SCPT(AM_Telvan_guard_disable)
	SCPT(AM_crate_shack_robes_script)
	SCPT(AM_impmine_moverock)
	SCPT(AM_pierre_furn_script)
	SCPT(UW_FallScript_SQ)
	SCPT(UW_FallScript_SS)
    [JUNKCEL] Junk Cells:                        Flags
	Azura's Coast Region (15, 7)             0x02
	Azura's Coast Region (16, 7)             0x02
	Bitter Coast Region (-10, 5)             0x02
	Bitter Coast Region (-12, 1)             0x02
	Bitter Coast Region (-12, 2)             0x02
	Bitter Coast Region (-12, 3)             0x02
	Bitter Coast Region (-13, 1)             0x02
	Bitter Coast Region (-13, 2)             0x02
	Bitter Coast Region (-13, 3)             0x02
	Bitter Coast Region (-13, 4)             0x02
	Bitter Coast Region (-14, 2)             0x02
	Bitter Coast Region (-14, 4)             0x02
	Bitter Coast Region (-14, 5)             0x02
	Bitter Coast Region (-5, -4)             0x02
	Sheogorad (9, 22)                        0x02
	West Gash Region (-15, 7)                0x02
	West Gash Region (-16, 7)                0x02
	West Gash Region (-16, 8)                0x02
	Wilderness (-15, -8)                     0x02
	Wilderness (-19, 14)                     0x02
	Wilderness (-19, 15)                     0x02
	Wilderness (-20, 15)                     0x02
	Wilderness (-28, 24)                     0x02
	Wilderness (-29, 23)                     0x02
    [DUP-REC] Duplicate Records:
	From Master         Type    Name
	bloodmoon.esm       LTEX    ac_darkgravel
	bloodmoon.esm       LTEX    rm_rock_03
	bloodmoon.esm       LTEX    sand_02
	bloodmoon.esm       LTEX    tx_bc_rock_03.tga
	bloodmoon.esm       LTEX    wg_road
	morrowind.esm       ALCH    potion_local_liquor_01
	morrowind.esm       CONT    flora_bittergreen_pod_01
	morrowind.esm       LTEX    al_ash_01
	morrowind.esm       LTEX    al_ash_02
	morrowind.esm       LTEX    al_ash_03
	morrowind.esm       LTEX    al_ash_04
	morrowind.esm       LTEX    al_road_01
	morrowind.esm       LTEX    rm_whiterock
	morrowind.esm       LTEX    scrub plain
	morrowind.esm       STAT    flora_bc_lilypad
	morrowind.esm       STAT    flora_bc_lilypad_02
	morrowind.esm       STAT    furn_de_rug_big_02
	morrowind.esm       STAT    furn_de_rug_big_05
	tribunal.esm        CONT    urn_04_food
	tribunal.esm        DOOR    in_t_s_plain_door
    [OVR-REC] Overridden Records:
	From Master         Type    Name
	bloodmoon.esm       DIAL    service refusal
	morrowind.esm       DIAL    greeting 6
	morrowind.esm       DIAL    hospitality papers
	morrowind.esm       DIAL    join house telvanni
	morrowind.esm       LAND    (-11, 11)
	morrowind.esm       LAND    (-5, -4)
	morrowind.esm       LAND    (15, 7)
	morrowind.esm       LAND    (16, 7)
	morrowind.esm       LAND    (9, 22)
	morrowind.esm       LTEX    ac_darkstone01
	morrowind.esm       LTEX    ac_darkstone02
	morrowind.esm       LTEX    ac_darkstone_grass
	morrowind.esm       LTEX    ac_dirt_01
	morrowind.esm       LTEX    ac_dirt_grass_01
	morrowind.esm       LTEX    ac_dirt_grass_02
	morrowind.esm       LTEX    ac_dirtroad_01
	morrowind.esm       LTEX    ac_roundstone
	morrowind.esm       LTEX    ac_scrubplain_01
	morrowind.esm       LTEX    ac_scrubplain_02
	morrowind.esm       LTEX    ai_mudflats_01.tga
	morrowind.esm       LTEX    rm_rock_02
	morrowind.esm       LTEX    sand
	morrowind.esm       LTEX    tx_ai_mudflats_01.tga
	morrowind.esm       LTEX    tx_bc_bank.tga
	morrowind.esm       LTEX    tx_bc_dirt.tga
	morrowind.esm       LTEX    tx_bc_grass.tga
	morrowind.esm       LTEX    tx_bc_mainroad_01.tga
	morrowind.esm       LTEX    tx_bc_moss.tga
	morrowind.esm       LTEX    tx_bc_muck.tga
	morrowind.esm       LTEX    tx_bc_muck_01.tga
	morrowind.esm       LTEX    tx_bc_mud.tga
	morrowind.esm       LTEX    tx_bc_rock_01.tga
	morrowind.esm       LTEX    tx_bc_rock_02.tga
	morrowind.esm       LTEX    tx_bc_rock_04.tga
	morrowind.esm       LTEX    tx_bc_rockyscrub.tga
	morrowind.esm       LTEX    tx_bc_scrub.tga
	morrowind.esm       LTEX    tx_bc_undergrowth.tga
	morrowind.esm       LTEX    tx_rock_wg_01.tga
	morrowind.esm       LTEX    tx_rockyscrub_01.tga
	morrowind.esm       LTEX    wg_cobblestones
	morrowind.esm       LTEX    wg_dirtroad_01
	morrowind.esm       LTEX    wg_dirtscrub
	morrowind.esm       LTEX    wg_mainroad_01
	morrowind.esm       LTEX    wg_rock
	morrowind.esm       LTEX    wg_rockydirt
	morrowind.esm       LTEX    wg_rockyscrub
	morrowind.esm       LTEX    wg_scrub plain
	morrowind.esm       REGN    bitter coast region
	tribunal.esm        DIAL    greeting 1
	tribunal.esm        DIAL    greeting 5
	tribunal.esm        DIAL    latest rumors
	tribunal.esm        DIAL    services
	tribunal.esm        LTEX    rm_grayrock
	tribunal.esm        LTEX    rm_rock_01
	tribunal.esm        LTEX    rock_coastal

[DUP-INF]: ID=128279104427445(Topic:latest rumors)
  |DATA|ONAM:denegor|NAME:Oh yeah, sure. Heard ya the f-f-first time.

[MOD-INF]: ID=66412384717816339(Topic:join house telvanni)
  morrowind.esm->|DATA|FNAM:Telvanni|ANAM:Sadrith Mora, Telvanni Council House|NAME:You are now a member of House Telvanni. Welcome, %PCRank %PCName. When you are ready, speak with me about your chores and your advancement in House Telvanni.|SCVR:01500|INTV|BNAM:PCJoinFaction "Telvanni"
  Amanita.esp--->|DATA|FNAM:Telvanni|ANAM:Sadrith Mora, Telvanni Council House|NAME:You are now a member of House Telvanni. Welcome, %PCRank %PCName. When you are ready, speak with me about your chores and your advancement in House Telvanni.|SCVR:01500|INTV|BNAM:PCJoinFaction "Telvanni"  set UW_Faction to 2

[DUP-INF]: ID=210147641289913738(Greeting:greeting 6)
  |DATA|ONAM:tralas rendas|NAME:You have completed the Pilgrimage to the Shine of Maar Gan.|SCVR:34JX3TT_MaarGan|INTV:<

[DUP-INF]: ID=310941559979747883(Greeting:greeting 1)
  |DATA|ONAM:svenja_outside|NAME:The winds have whispered to me, %PCName. They have told me of your failure to enter Hrothmund's Barrow. In order to become chieftain of Thirsk, you needed to enter the barrow and grasp the axe of Hrothmund to receive his blessing. Now, that will never happen. This is a sad day. I fear Thirsk will never reopen.|SCVR:04JX0BM_Airship_a|INTV: |BNAM:Journal BM_Airship_c 20  Goodbye

[DUP-INF]: ID=326358024121223181(Topic:hospitality papers)
  |DATA|ONAM:angaredhel|NAME:I see you already have your papers. Good.|SCVR:04JX3Hospitality_Papers|INTV:2|BNAM:;Angaredhel; Journal "Hospitality_Papers" >= 50;

[DUP-INF]: ID=861622254451322094(Persuasion:service refusal)
  |DATA|ONAM:Carnius Magius|NAME:You think I'd lift a finger to help you? Think again, %PCRank. Be thankful you still have a job.|SCVR:02sX0ColonySide|INTV

[DUP-INF]: ID=1288227500790714973(Greeting:greeting 5)
  |DATA|ONAM:gindrala hleran|NAME:Pardon me. But there's a very strange man in my house, and he won't leave. Will you go get him out of there, please?|SCVR:04JX3A2_2_6thHouse|INTV:2|SCVR:16DX0dreamer_02|INTV:

[DUP-INF]: ID=2024114207272511002(Topic:latest rumors)
  |DATA|ONAM:svenja_outside|NAME:Rumors? Are you mad? There's no time for such nonsense!

[DUP-INF]: ID=15866309532730625261(Topic:hospitality papers)
  |DATA|ONAM:angaredhel|NAME:Thank you. And here are your papers. They permit you to travel in town and speak to and conduct business with citizens, tradesmen, and publicans anywhere in Sadrith Mora. Of course, we hope you will stay with us here at the Gateway Inn. Travelers of all professions, factions, and professions are welcomed and made comfortable here.|SCVR:01500|INTV|BNAM:;Angaredhel; CHOICE 1;   player->removeitem "gold_001" 25  player->additem "bk_Hospitality_Papers" 1  Journal "Hospitality_Papers" 50

[DUP-INF]: ID=20481194642735427051(Greeting:greeting 1)
  |DATA|NAME:[You have failed your Oath of Silence]|SCVR:34JX3TT_SanctusShrine|INTV|SCVR:44JX4TT_SanctusShrine|INTV:2|BNAM:;ALWAYS LEAVE THIS TOPIC AT THE VERY TOP OF GREETING 1  Journal TT_SanctusShrine 70  Goodbye

[DUP-INF]: ID=23295123702187725686(Persuasion:service refusal)
  |DATA|ONAM:mirisa|SCVR:04JX4BM_Missionary|INTV:d

[DUP-INF]: ID=25659223951448129046(Topic:services)
  |DATA|ONAM:Sathyn Andrano|NAME:Aside from this shop, you mean? Well, that's an easy answer. Nothing. If it's not for sale here, you'll have to try checking at Fort Frostmoth. And, given my stock, it's probably not for sale here.
