Aoimevelho Wares with ALL NPCs.ESP: DUP-REC MASTERS MENUMOD MISSAUT MISSDSC MISSVER OVR-REC
    MASTERS: out of sync with the masters installed in your Data Files directory:
	Tribunal.esm                 4565578 (plugin)    4565686 (installed size)
	Bloodmoon.esm                9631726 (plugin)    9631798 (installed size)
	Wares-base.esm                102158 (plugin)      82499 (installed size)
    [MENUMOD] Scripts not checking menumode:
	SCPT(_AR_6th_erab)
	SCPT(_AR_Rebels)
	SCPT(_AR_Rebels2)
    [OVR-REC] Overridden Records:
	From Master         Type    Name
	morrowind.esm       CLAS    mabrigash
	morrowind.esm       NPC_    abassel asserbassalit
	morrowind.esm       NPC_    aditte oges
	morrowind.esm       NPC_    adraria vandacia
	morrowind.esm       NPC_    alavesa samori
	morrowind.esm       NPC_    aldaril
	morrowind.esm       NPC_    alvela saram
	morrowind.esm       NPC_    andalin hardil
	morrowind.esm       NPC_    anise romoran
	morrowind.esm       NPC_    ansu senatbael
	morrowind.esm       NPC_    arns saren
	morrowind.esm       NPC_    aroa nethalen
	morrowind.esm       NPC_    arvela falas
	morrowind.esm       NPC_    assamanu shashipal
	morrowind.esm       NPC_    astien masoriane
	morrowind.esm       NPC_    avoni dren
	morrowind.esm       NPC_    balen sedrethi
	morrowind.esm       NPC_    beldrose dralor
	morrowind.esm       NPC_    benudni ilurnubishpal
	morrowind.esm       NPC_    berapli ashumallit
	morrowind.esm       NPC_    berela andrano
	morrowind.esm       NPC_    bethes sarothril
	morrowind.esm       NPC_    birer indaram
	morrowind.esm       NPC_    brara morvayn
	morrowind.esm       NPC_    brarayni sarys
	morrowind.esm       NPC_    brelda quintella
	morrowind.esm       NPC_    brelo athelvis
	morrowind.esm       NPC_    brerama selas
	morrowind.esm       NPC_    breyns randas
	morrowind.esm       NPC_    brildraso nethan
	morrowind.esm       NPC_    bronosa nedalor
	morrowind.esm       NPC_    buoyant armiger_wander
	morrowind.esm       NPC_    daral thireloth
	morrowind.esm       NPC_    darvasa vedas
	morrowind.esm       NPC_    darvynea hleran
	morrowind.esm       NPC_    dead elite ord
	morrowind.esm       NPC_    dilvene venim
	morrowind.esm       NPC_    dissu ashalkimallit
	morrowind.esm       NPC_    domesea sarethi
	morrowind.esm       NPC_    dreamer guard
	morrowind.esm       NPC_    dredase arvel
	morrowind.esm       NPC_    drelse dralor
	morrowind.esm       NPC_    drelyne llenim
	morrowind.esm       NPC_    dreyns nelas
	morrowind.esm       NPC_    drores arvel
	morrowind.esm       NPC_    duldrar saren
	morrowind.esm       NPC_    duvianus platorius
	morrowind.esm       NPC_    edryno arethi
	morrowind.esm       NPC_    elitlaya assonirishpal
	morrowind.esm       NPC_    elumabi malibiran
	morrowind.esm       NPC_    endar drenim
	morrowind.esm       NPC_    endase avel
	morrowind.esm       NPC_    endroni dalas
	morrowind.esm       NPC_    ervas aradil
	morrowind.esm       NPC_    ervesa romandas
	morrowind.esm       NPC_    ervona barys
	morrowind.esm       NPC_    fadren dalis
	morrowind.esm       NPC_    fathasa llethri
	morrowind.esm       NPC_    favas nilem
	morrowind.esm       NPC_    favela dralor
	morrowind.esm       NPC_    favise selaren
	morrowind.esm       NPC_    favona gilnith
	morrowind.esm       NPC_    felmena falavel
	morrowind.esm       NPC_    felsa hleran
	morrowind.esm       NPC_    fendel hlaren
	morrowind.esm       NPC_    feril salmyn
	morrowind.esm       NPC_    ferone veran
	morrowind.esm       NPC_    galar baren
	morrowind.esm       NPC_    galas drenim
	morrowind.esm       NPC_    galsa gindu
	morrowind.esm       NPC_    gandosa arobar
	morrowind.esm       NPC_    ginadura andrethi
	morrowind.esm       NPC_    giras indaram
	morrowind.esm       NPC_    grand inquisitor
	morrowind.esm       NPC_    hansi saharnatturapli
	morrowind.esm       NPC_    hinummu siddurnanit
	morrowind.esm       NPC_    hlendrisa seleth
	morrowind.esm       NPC_    ienase relnim
	morrowind.esm       NPC_    ilet tistar
	morrowind.esm       NPC_    irer nervion
	morrowind.esm       NPC_    ivramie sarandas
	morrowind.esm       NPC_    kausha mantashpi
	morrowind.esm       NPC_    kund assarnibani
	morrowind.esm       NPC_    llaalam madalas
	morrowind.esm       NPC_    llerar mandas
	morrowind.esm       NPC_    llerusa hlaalu
	morrowind.esm       NPC_    llevena sendas
	morrowind.esm       NPC_    llivas othravel
	morrowind.esm       NPC_    mamaea ashun-idantus
	morrowind.esm       NPC_    mamusa shashmassamsi
	morrowind.esm       NPC_    manat shimmabadas
	morrowind.esm       NPC_    manirai mirshamammu
	morrowind.esm       NPC_    manu zainab
	morrowind.esm       NPC_    maranique jolvanne
	morrowind.esm       NPC_    matus mido
	morrowind.esm       NPC_    mavon drenim
	morrowind.esm       NPC_    medresi ofemalen
	morrowind.esm       NPC_    melvure rindu
	morrowind.esm       NPC_    mendel eves
	morrowind.esm       NPC_    mertis falandas
	morrowind.esm       NPC_    miara viake
	morrowind.esm       NPC_    midar aravel
	morrowind.esm       NPC_    midnabi sobdishapal
	morrowind.esm       NPC_    mimanu zeba-adad
	morrowind.esm       NPC_    missamsi timmiriran
	morrowind.esm       NPC_    morusu varen
	morrowind.esm       NPC_    munbebi addarari
	morrowind.esm       NPC_    nalmila thelas
	morrowind.esm       NPC_    nalosi alari
	morrowind.esm       NPC_    nals indrano
	morrowind.esm       NPC_    nedeni tenim
	morrowind.esm       NPC_    nervana verelas
	morrowind.esm       NPC_    nevena ules
	morrowind.esm       NPC_    nirai ashishpalirdan
	morrowind.esm       NPC_    norus marvel
	morrowind.esm       NPC_    nummu assudiraplit
	morrowind.esm       NPC_    odron omoran
	morrowind.esm       NPC_    ordinator_bal_ur
	morrowind.esm       NPC_    orval llaren
	morrowind.esm       NPC_    pilu shilansour
	morrowind.esm       NPC_    ralyn othravel
	morrowind.esm       NPC_    relen hlaalu
	morrowind.esm       NPC_    rovone arvel
	morrowind.esm       NPC_    ruccia conician
	morrowind.esm       NPC_    salvas areleth
	morrowind.esm       NPC_    salver lleran
	morrowind.esm       NPC_    salyn sarethi
	morrowind.esm       NPC_    selmen relas
	morrowind.esm       NPC_    shali assannabalit
	morrowind.esm       NPC_    shishi yanumibaal
	morrowind.esm       NPC_    sodres nerethi
	morrowind.esm       NPC_    solea nuccusius
	morrowind.esm       NPC_    strillian macro
	morrowind.esm       NPC_    suryn athones
	morrowind.esm       NPC_    talare arvel
	morrowind.esm       NPC_    tamira vian
	morrowind.esm       NPC_    tidros indaram
	morrowind.esm       NPC_    tissamsi asharapli
	morrowind.esm       NPC_    toris saren
	morrowind.esm       NPC_    trevyn fedos
	morrowind.esm       NPC_    tunila omavel
	morrowind.esm       NPC_    ulveni daram
	morrowind.esm       NPC_    urene arvel
	morrowind.esm       NPC_    uresa omoril
	morrowind.esm       NPC_    varian angius
	morrowind.esm       NPC_    varis ginith
	morrowind.esm       NPC_    velanda omani
	morrowind.esm       NPC_    virvyn athren
	morrowind.esm       NPC_    voruse bethrimo
	morrowind.esm       NPC_    yanabani ashushshirari
	morrowind.esm       NPC_    yanibi adur-dan
	morrowind.esm       NPC_    zabi adidshina
	morrowind.esm       NPC_    zainat ahalkalun
	morrowind.esm       NPC_    zebba asharnalit
	morrowind.esm       NPC_    zennammu
	tribunal.esm        NPC_    alvan llarys
	tribunal.esm        NPC_    arnsa thendas
	tribunal.esm        NPC_    deldrise andoren
	tribunal.esm        NPC_    donus serethi
	tribunal.esm        NPC_    ekkhi
	tribunal.esm        NPC_    fons beren
	tribunal.esm        NPC_    forven berano
	tribunal.esm        NPC_    tadera andules
	tribunal.esm        NPC_    taren andoren
	tribunal.esm        NPC_    torasa aram
	wares-base.esm      LEVI    aa_gear_arminger_boots
	wares-base.esm      LEVI    aa_gear_arminger_cuirass
	wares-base.esm      LEVI    aa_gear_arminger_greaves
	wares-base.esm      LEVI    aa_gear_arminger_pauldronl
	wares-base.esm      LEVI    aa_gear_arminger_pauldronr
	wares-base.esm      LEVI    aa_gear_ash_cuirass
	wares-base.esm      LEVI    aa_gear_ash_gauntletl
	wares-base.esm      LEVI    aa_gear_ash_gauntletr
	wares-base.esm      LEVI    aa_gear_ash_greaves
	wares-base.esm      LEVI    aa_gear_ash_mabrigath
	wares-base.esm      LEVI    aa_gear_ash_shields
	wares-base.esm      LEVI    aa_gear_exp_robes_nobe_f
	wares-base.esm      LEVI    aa_gear_exp_robes_nobe_m
	wares-base.esm      LEVI    aa_gear_greav_l_cheap
	wares-base.esm      LEVI    aa_gear_lpaul_l_cheap
	wares-base.esm      LEVI    aa_gear_rpaul_l_cheap
	wares-base.esm      LEVI    aa_trader_clothes
	wares-base.esm      LEVI    aa_trader_f_ash
	wares-base.esm      LEVI    aa_trader_f_hlaalu
	wares-base.esm      LEVI    aa_trader_f_legion
	wares-base.esm      LEVI    aa_trader_f_redo
	wares-base.esm      LEVI    aa_trader_f_telv
	wares-base.esm      LEVI    aa_trader_f_temple
	wares-base.esm      LEVI    aa_trader_misc
