Apothecary's Demise.ESP: DUP-INF DUP-REC MENUMOD MISSVER OVR-REC
    [MENUMOD] Scripts not checking menumode:
	SCPT(_AA_abode_amulet)
	SCPT(_AA_disable)
    [DUP-REC] Duplicate Records:
	From Master         Type    Name
	morrowind.esm       DOOR    ex_common_door_01
	tribunal.esm        LTEX    rock_coastal
	tribunal.esm        LTEX    tx_ai_mainroad_01.tga
    [OVR-REC] Overridden Records:
	From Master         Type    Name
	bloodmoon.esm       LTEX    sand_02
	morrowind.esm       CREA    skeleton warrior
	morrowind.esm       LAND    (0, -5)
	morrowind.esm       LTEX    ac_dirt_01
	morrowind.esm       LTEX    ac_dirt_grass_01
	morrowind.esm       LTEX    ac_dirt_grass_02
	morrowind.esm       LTEX    ac_dirtroad_01
	morrowind.esm       LTEX    ac_scrubplain_02
	morrowind.esm       LTEX    tx_ai_mudflats_01.tga
	tribunal.esm        DIAL    background
	tribunal.esm        DIAL    greeting 1
	tribunal.esm        LTEX    ai_dirt
	tribunal.esm        LTEX    ai_grass
	tribunal.esm        LTEX    ai_grass_02
	tribunal.esm        LTEX    ai_grass_dirt

[DUP-INF]: ID=273715018495026709(Greeting:greeting 1)
  |DATA|ONAM:divayth fyr|NAME:You have killed someone dear to me. It is a mistake you will not live to regret.|SCVR:06DX0yagrum bagarn|INTV|BNAM:;Divayth Fyr; Journal "A2-3_CorprusCure" = 32  StartCombat Player  ModDisposition -80  SetFight 100  Goodbye

[DUP-INF]: ID=455315669676314909(Greeting:greeting 1)
  |DATA|ONAM:dremora_ttpc|NAME:Are you here on the pilgrimage? I take it that silver longsword is for me.|SCVR:05IX2silver longsword|INTV:

[DUP-INF]: ID=831025023073723704(Topic:background)
  |DATA|ONAM:On_Wan|NAME:I was a slave, but I have escaped. I am hiding here. Please don't tell.

[DUP-INF]: ID=2826620668787213075(Greeting:greeting 1)
  |DATA|ONAM:dremora_ttpc|NAME:Are you here on the pilgrimage? Read the shrine.|SCVR:01630|INTV:

[DUP-INF]: ID=14849203321598615886(Greeting:greeting 1)
  |DATA|ONAM:Thelsa Dral|NAME:Well. Someone finally found me. Your bad luck, really.|BNAM:StartCombat Player  SetFight 90  SetDisposition 0  Goodbye

[DUP-INF]: ID=17516113621450112980(Greeting:greeting 1)
  |DATA|ONAM:dremora_ttpc|NAME:Have you not given me a silver longsword? Just read the shrine and leave. I tire of your mortal presence.|SCVR:34JX3TT_PuzzleCanal|INTV:2

[DUP-INF]: ID=31285247721166026012(Topic:background)
  |DATA|ONAM:On_Wan|NAME:I was a slave, but I have escaped. I am hiding here. Please don't tell.|SCVR:04JX3IC9_Argonian_alms|INTV|SCVR:14JX4IC9_Argonian_alms|INTV|BNAM:Journal IC9_slave_hiding 5
