AR_AI.ESP: DUP-REC JUNKCEL MASTERS MISSAUT MISSDSC MISSVER OVR-REC
    MASTERS: out of sync with the masters installed in your Data Files directory:
	Tamriel_Data.esm             8787443 (plugin)   11064795 (installed size)
	OAAB_Data.esm                1131586 (plugin)    1567893 (installed size)
    [JUNKCEL] Junk Cells:                        Flags
	Ashlands Region (-1, 6)                  0x02
	Ashlands Region (-1, 7)                  0x02
	Ashlands Region (-3, 18)                 0x02
	Ashlands Region (1, 4)                   0x02
	Ashlands Region (3, 4)                   0x02
	Azura's Coast Region (14, 6)             0x02
	Azura's Coast Region (15, -14)           0x02
	Azura's Coast Region (15, 6)             0x02
	Azura's Coast Region (17, 3)             0x02
	Azura's Coast Region (17, 6)             0x02
	Azura's Coast Region (18, 2)             0x02
	Azura's Coast Region (18, 5)             0x02
	Azura's Coast Region (19, 3)             0x02
	Bitter Coast Region (-12, 1)             0x02
	Bitter Coast Region (-12, 2)             0x02
	Bitter Coast Region (-12, 3)             0x02
	Bitter Coast Region (-13, 1)             0x02
	Bitter Coast Region (-13, 2)             0x02
	Bitter Coast Region (-13, 3)             0x02
	Bitter Coast Region (-13, 4)             0x02
	Bitter Coast Region (-14, 2)             0x02
	Bitter Coast Region (-14, 4)             0x02
	Bitter Coast Region (-14, 5)             0x02
	Red Mountain Region (2, 5)               0x02
	Red Mountain Region (3, 5)               0x02
	West Gash Region (-10, 10)               0x02
	West Gash Region (-10, 12)               0x02
	West Gash Region (-11, 12)               0x02
	West Gash Region (-12, 10)               0x02
	West Gash Region (-12, 11)               0x02
	West Gash Region (-12, 12)               0x02
	West Gash Region (-13, 12)               0x02
	West Gash Region (-15, 7)                0x02
	West Gash Region (-16, 7)                0x02
	West Gash Region (-16, 8)                0x02
	West Gash Region (-3, -1)                0x02
	West Gash Region (-8, 16)                0x02
	Wilderness (-15, -8)                     0x02
	Wilderness (-19, 14)                     0x02
	Wilderness (-19, 15)                     0x02
	Wilderness (-20, 15)                     0x02
	Wilderness (-28, 24)                     0x02
	Wilderness (-29, 23)                     0x02
    [DUP-REC] Duplicate Records:
	From Master         Type    Name
	morrowind.esm       NPC_    pilus amatius
    [OVR-REC] Overridden Records:
	From Master         Type    Name
	morrowind.esm       WEAP    iron arrow
