ArynxTR1912.esp: DUP-REC MASTERS MENUMOD MISSVER OVR-REC
    MASTERS: out of sync with the masters installed in your Data Files directory:
	Tamriel_Data.esm             7847988 (plugin)   11064795 (installed size)
	TR_Mainland.esm            131085182 (plugin)  163244128 (installed size)
    [MENUMOD] Scripts not checking menumode:
	SCPT(_Hemi_gong)
	SCPT(ab01aryDoorScript)
    [DUP-REC] Duplicate Records:
	From Master         Type    Name
	tr_mainland.esm     LTEX    rock_coastal
	tr_mainland.esm     LTEX    sand
	tribunal.esm        LTEX    ai_grass_cobbles
	tribunal.esm        LTEX    ai_grass_rocky
    [OVR-REC] Overridden Records:
	From Master         Type    Name
	bloodmoon.esm       LTEX    ac_darkgravel
	bloodmoon.esm       LTEX    sand_02
	bloodmoon.esm       LTEX    tx_bm_grass_01.dds
	bloodmoon.esm       LTEX    tx_bm_grass_03.dds
	bloodmoon.esm       LTEX    tx_bm_grass_snow_02a.dds
	bloodmoon.esm       LTEX    wg_road
	tr_mainland.esm     LAND    (36, 4)
	tr_mainland.esm     LAND    (36, 5)
	tr_mainland.esm     LAND    (37, 4)
	tr_mainland.esm     LAND    (37, 5)
	tr_mainland.esm     LAND    (37, 6)
	tr_mainland.esm     LAND    (38, 4)
	tr_mainland.esm     LAND    (38, 5)
	tr_mainland.esm     LAND    (38, 6)
	tr_mainland.esm     LTEX    ac_darkstone01
	tr_mainland.esm     LTEX    ac_darkstone02
	tr_mainland.esm     LTEX    ac_dirt_grass_01
	tr_mainland.esm     LTEX    ac_dirt_grass_02
	tr_mainland.esm     LTEX    ac_dirtroad_01
	tr_mainland.esm     LTEX    ac_roundstone
	tr_mainland.esm     LTEX    ac_scrubplain_01
	tr_mainland.esm     LTEX    ac_scrubplain_02
	tr_mainland.esm     LTEX    ai_mudflats_01.tga
	tr_mainland.esm     LTEX    gl_dirt_01
	tr_mainland.esm     LTEX    gl_dirt_02
	tr_mainland.esm     LTEX    gl_dirt_grass_02
	tr_mainland.esm     LTEX    gl_grass_01
	tr_mainland.esm     LTEX    gl_grass_02
	tr_mainland.esm     LTEX    gl_grass_03
	tr_mainland.esm     LTEX    gl_grass_04
	tr_mainland.esm     LTEX    gl_grass_05
	tr_mainland.esm     LTEX    scrub plain
	tr_mainland.esm     LTEX    tx_ai_mudflats_01.tga
	tr_mainland.esm     LTEX    tx_bc_dirt.tga
	tr_mainland.esm     LTEX    tx_bc_grass.tga
	tr_mainland.esm     LTEX    tx_bc_moss.tga
	tr_mainland.esm     LTEX    tx_bc_rock_02.tga
	tr_mainland.esm     LTEX    tx_bc_rock_04.tga
	tr_mainland.esm     LTEX    tx_bc_rockyscrub.tga
	tr_mainland.esm     LTEX    tx_bc_scrub.tga
	tr_mainland.esm     LTEX    tx_rock_wg_01.tga
	tr_mainland.esm     LTEX    tx_rockyscrub_01.tga
	tr_mainland.esm     LTEX    wg_cobblestones
	tr_mainland.esm     LTEX    wg_dirtroad_01
	tr_mainland.esm     LTEX    wg_dirtscrub
	tr_mainland.esm     LTEX    wg_mainroad_01
	tr_mainland.esm     LTEX    wg_rock
	tr_mainland.esm     LTEX    wg_rockydirt
	tr_mainland.esm     LTEX    wg_rockyscrub
	tr_mainland.esm     LTEX    wg_scrub plain
	tribunal.esm        DIAL    latest rumors
	tribunal.esm        LTEX    ai_clover
	tribunal.esm        LTEX    ai_dirt
	tribunal.esm        LTEX    ai_grass
	tribunal.esm        LTEX    ai_grass_02
	tribunal.esm        LTEX    ai_grass_dirt
	tribunal.esm        LTEX    ai_tilled_dirt
	tribunal.esm        LTEX    tx_ai_mainroad_01.tga
