Ascadian Isles+ Suran.ESP: DUP-REC MISSAUT MISSVER OVR-REC
    [DUP-REC] Duplicate Records:
	From Master         Type    Name
	tribunal.esm        LTEX    ai_grass
	tribunal.esm        LTEX    ai_grass_cobbles
	tribunal.esm        LTEX    ai_grass_rocky
	tribunal.esm        LTEX    rm_grayrock
	tribunal.esm        LTEX    rm_rock_01
	tribunal.esm        LTEX    rock_coastal
    [OVR-REC] Overridden Records:
	From Master         Type    Name
	bloodmoon.esm       LTEX    sand_02
	bloodmoon.esm       LTEX    wg_road
	morrowind.esm       LAND    (5, -6)
	morrowind.esm       LAND    (5, -7)
	morrowind.esm       LAND    (6, -6)
	morrowind.esm       LAND    (6, -7)
	morrowind.esm       LAND    (6, -8)
	morrowind.esm       LAND    (7, -6)
	morrowind.esm       LAND    (7, -7)
	morrowind.esm       LTEX    ma_crackedearth
	morrowind.esm       LTEX    ma_lava03
	morrowind.esm       LTEX    ma_rock04
	morrowind.esm       LTEX    ma_sulphur_rock02
	morrowind.esm       LTEX    ma_sulphur_rock08
	morrowind.esm       LTEX    tx_ai_mudflats_01.tga
	morrowind.esm       LTEX    wg_cobblestones
	tribunal.esm        LTEX    ai_dirt
	tribunal.esm        LTEX    ai_dirtroad
	tribunal.esm        LTEX    ai_grass_02
	tribunal.esm        LTEX    ai_grass_dirt
	tribunal.esm        LTEX    ai_tilled_dirt
