Ashlander Traders Remastered.esp: DUP-INF DUP-REC MASTERS MENUMOD MISSAUT MISSDSC MISSVER OVR-REC
    MASTERS: out of sync with the masters installed in your Data Files directory:
	Tamriel_Data.esm             8787443 (plugin)   11064795 (installed size)
	OAAB_Data.esm                1314087 (plugin)    1567893 (installed size)
    [MENUMOD] Scripts not checking menumode:
	SCPT(CV_CaravanEnable)
	SCPT(CV_Control1)
	SCPT(CV_Control2)
	SCPT(CV_En_Caravan1)
	SCPT(CV_En_Caravan2)
	SCPT(CV_Enable)
	SCPT(CV_Enable_Pitcher)
	SCPT(CV_Enable_ashlander_items)
	SCPT(CV_Enable_ashlanders)
	SCPT(CV_Enable_bluepot)
	SCPT(CV_Enable_bucket)
	SCPT(CV_Enable_de_bowl3)
	SCPT(CV_Enable_jug)
	SCPT(CV_Enable_large_bowl)
	SCPT(CV_Enable_redware_pot1)
	SCPT(CV_Enable_redware_pot2)
	SCPT(CV_FortuneTold)
	SCPT(CV_ReturnHome)
    [OVR-REC] Overridden Records:
	From Master         Type    Name
	bloodmoon.esm       DIAL    service refusal
	morrowind.esm       DIAL    arobar manor
	morrowind.esm       DIAL    ashlanders
	morrowind.esm       DIAL    fortune
	morrowind.esm       DIAL    mabrigash
	morrowind.esm       DIAL    miner arobar
	morrowind.esm       DIAL    suran
	morrowind.esm       DIAL    temple
	morrowind.esm       DIAL    trader
	tribunal.esm        DIAL    background
	tribunal.esm        DIAL    greeting 1
	tribunal.esm        DIAL    greeting 5
	tribunal.esm        DIAL    latest rumors
	tribunal.esm        DIAL    little secret
	tribunal.esm        DIAL    my trade
	tribunal.esm        DIAL    nerevarine
	tribunal.esm        DIAL    travel together

[DUP-INF]: ID=137637342899629067(Persuasion:service refusal)
  |DATA|ONAM:vevrana aryon|NAME:I'm sorry. There must be some mistake. I'm not a gondolier or shipmaster.|SCVR:04JX4A2_4_Milo_hola_go|INTV
