AtmosphericSoundEffects-3.1-Ignored.esp: DUP-REC GETSND MENUMOD MISSVER OVR-REC
    [GETSND] GetSoundPlaying possibly used to detect events:
	SCPT(_ase_cicada_crks02)
	SCPT(_ase_crks01)
	SCPT(_ase_cvewind)
	SCPT(_ase_in_stone)
	SCPT(_ase_in_tent)
	SCPT(_ase_in_wood)
	SCPT(_ase_insects_crks01)
	SCPT(_ase_muckbubbles)
	SCPT(_ase_pdragons)
	SCPT(_ase_swpknee_crks01)
	SCPT(_ase_swpknee_crks02)
    [MENUMOD] Scripts not checking menumode:
	SCPT(_ase_aitree_owls)
	SCPT(_ase_ashtree)
	SCPT(_ase_bnrs)
	SCPT(_ase_cicada_crks02)
	SCPT(_ase_crks01)
	SCPT(_ase_cvecreak)
	SCPT(_ase_cvedrip)
	SCPT(_ase_cveentr)
	SCPT(_ase_cvesounds)
	SCPT(_ase_cvewind)
	SCPT(_ase_daedric)
	SCPT(_ase_dtree_dtree-owls)
	SCPT(_ase_fallingrocks)
	SCPT(_ase_in_stone)
	SCPT(_ase_in_stop)
	SCPT(_ase_in_stopsounds)
	SCPT(_ase_in_tent)
	SCPT(_ase_in_wood)
	SCPT(_ase_insects)
	SCPT(_ase_insects_crks01)
	SCPT(_ase_lghtning)
	SCPT(_ase_lightning_randomize)
	SCPT(_ase_mshtree)
	SCPT(_ase_muckbubbles)
	SCPT(_ase_parasol)
	SCPT(_ase_pdragons)
	SCPT(_ase_rocklands)
	SCPT(_ase_swpknee_crks01)
	SCPT(_ase_swpknee_crks02)
	SCPT(_ase_swpknee_frogs)
	SCPT(_ase_swptree_owls)
	SCPT(_ase_swr)
	SCPT(_ase_tvrn_juju)
	SCPT(_ase_tvrn_music)
	SCPT(_ase_tvrn_outside)
	SCPT(_ase_tvrn_sound)
	SCPT(_ase_twn)
	SCPT(_ase_twn_voices)
	SCPT(_ase_wdcreak)
    [OVR-REC] Overridden Records:
	From Master         Type    Name
	morrowind.esm       REGN    ascadian isles region
	morrowind.esm       REGN    ashlands region
	morrowind.esm       REGN    azura's coast region
	morrowind.esm       REGN    bitter coast region
	morrowind.esm       REGN    grazelands region
	morrowind.esm       REGN    molag mar region
	morrowind.esm       REGN    red mountain region
	morrowind.esm       REGN    sheogorad
	morrowind.esm       REGN    west gash region
	morrowind.esm       SNDG    cliff racer0004
	morrowind.esm       SNDG    cliff racer0005
	morrowind.esm       SNDG    cliff racer0006
	morrowind.esm       SOUN    boat creak
	morrowind.esm       SOUN    bowshoot
	morrowind.esm       SOUN    crossbowshoot
	morrowind.esm       SOUN    dock creak
	morrowind.esm       SOUN    drown
	morrowind.esm       SOUN    drowning damage
	morrowind.esm       SOUN    fire
	morrowind.esm       SOUN    fire 50
	morrowind.esm       SOUN    hand to hand hit
	morrowind.esm       SOUN    hand to hand hit 2
	morrowind.esm       SOUN    heavy armor hit
	morrowind.esm       SOUN    lava layer
	morrowind.esm       SOUN    miss
	morrowind.esm       SOUN    swishl
	morrowind.esm       SOUN    swishm
	morrowind.esm       SOUN    swishs
	morrowind.esm       SOUN    weapon swish
	tribunal.esm        SOUN    cave drip
	tribunal.esm        SOUN    cave wind
	tribunal.esm        SOUN    sothabladeroll
