Bal'laku - The Lonely Towers.esp: DUP-REC MASTERS MISSAUT MISSDSC MISSVER OVR-REC
    MASTERS: out of sync with the masters installed in your Data Files directory:
	OAAB_Data.esm                1314087 (plugin)    1567893 (installed size)
    [OVR-REC] Overridden Records:
	From Master         Type    Name
	bloodmoon.esm       DIAL    greeting 4
	morrowind.esm       DIAL    ahemmusa
	morrowind.esm       DIAL    dagoth ur
	morrowind.esm       DIAL    disturbing dreams
	morrowind.esm       DIAL    erabenimsun
	morrowind.esm       DIAL    ghostfence
	morrowind.esm       DIAL    greeting 2
	morrowind.esm       DIAL    morrowind
	morrowind.esm       DIAL    nerevar
	morrowind.esm       DIAL    peakstar
	morrowind.esm       DIAL    urshilaku
	morrowind.esm       DIAL    zainab
	tribunal.esm        DIAL    almalexia
	tribunal.esm        DIAL    background
	tribunal.esm        DIAL    greeting 1
	tribunal.esm        DIAL    latest rumors
	tribunal.esm        DIAL    little advice
	tribunal.esm        DIAL    little secret
	tribunal.esm        DIAL    my trade
	tribunal.esm        DIAL    nerevarine
