Balmora & Suran Alterations.esp: DUP-REC JUNKCEL MISSVER OVR-REC
    [JUNKCEL] Junk Cells:                        Flags
	Bitter Coast Region (-5, 3)              0x02
	West Gash Region (-1, 1)                 0x02
	West Gash Region (-10, 10)               0x02
	West Gash Region (-10, 12)               0x02
	West Gash Region (-10, 13)               0x02
	West Gash Region (-10, 16)               0x02
	West Gash Region (-10, 8)                0x02
	West Gash Region (-11, 12)               0x02
	West Gash Region (-11, 13)               0x02
	West Gash Region (-11, 14)               0x02
	West Gash Region (-12, 10)               0x02
	West Gash Region (-12, 12)               0x02
	West Gash Region (-12, 9)                0x02
	West Gash Region (-13, 12)               0x02
	West Gash Region (-13, 13)               0x02
	West Gash Region (-2, 0)                 0x02
	West Gash Region (-2, 1)                 0x02
	West Gash Region (-2, 3)                 0x02
	West Gash Region (-3, 2)                 0x02
	West Gash Region (-3, 3)                 0x02
	West Gash Region (-4, 2)                 0x02
	West Gash Region (-4, 3)                 0x02
	West Gash Region (-5, 4)                 0x02
	West Gash Region (-6, 5)                 0x02
	West Gash Region (-6, 6)                 0x02
	West Gash Region (-7, 10)                0x02
	West Gash Region (-7, 11)                0x02
	West Gash Region (-7, 12)                0x02
	West Gash Region (-7, 13)                0x02
	West Gash Region (-7, 17)                0x02
	West Gash Region (-7, 6)                 0x02
	West Gash Region (-7, 7)                 0x02
	West Gash Region (-7, 9)                 0x02
	West Gash Region (-8, 10)                0x02
	West Gash Region (-8, 11)                0x02
	West Gash Region (-8, 14)                0x02
	West Gash Region (-8, 16)                0x02
	West Gash Region (-8, 7)                 0x02
	West Gash Region (-8, 8)                 0x02
	West Gash Region (-9, 10)                0x02
	West Gash Region (-9, 14)                0x02
	West Gash Region (-9, 15)                0x02
	West Gash Region (-9, 8)                 0x02
	West Gash Region (-9, 9)                 0x02
    [DUP-REC] Duplicate Records:
	From Master         Type    Name
	tribunal.esm        LTEX    rm_rock_01
	tribunal.esm        LTEX    rock_coastal
    [OVR-REC] Overridden Records:
	From Master         Type    Name
	bloodmoon.esm       LTEX    sand_02
	bloodmoon.esm       LTEX    tx_bc_rock_03.tga
	bloodmoon.esm       LTEX    wg_road
	morrowind.esm       ACTI    ex_balmora_roadmarker_01
	morrowind.esm       ACTI    ex_suran_roadmarker_01
	morrowind.esm       LAND    (-2, -2)
	morrowind.esm       LAND    (-3, -2)
	morrowind.esm       LAND    (-3, -3)
	morrowind.esm       LAND    (-4, -2)
	morrowind.esm       LAND    (-4, -3)
	morrowind.esm       LAND    (6, -7)
	morrowind.esm       LTEX    al_road_01
	morrowind.esm       LTEX    scrub plain
	morrowind.esm       LTEX    tx_ai_mudflats_01.tga
	morrowind.esm       LTEX    tx_bc_grass.tga
	morrowind.esm       LTEX    tx_bc_muck_01.tga
	morrowind.esm       LTEX    tx_bc_mud.tga
	morrowind.esm       LTEX    tx_bc_rockyscrub.tga
	morrowind.esm       LTEX    tx_bc_undergrowth.tga
	morrowind.esm       LTEX    wg_cobblestones
	morrowind.esm       LTEX    wg_dirtroad_01
	morrowind.esm       LTEX    wg_dirtscrub
	morrowind.esm       LTEX    wg_mainroad_01
	morrowind.esm       LTEX    wg_rock
	morrowind.esm       LTEX    wg_rockydirt
	morrowind.esm       LTEX    wg_rockyscrub
	morrowind.esm       LTEX    wg_scrub plain
	morrowind.esm       PGRD    balmora
	morrowind.esm       PGRD    suran
	tribunal.esm        LTEX    ai_dirt
	tribunal.esm        LTEX    ai_dirtroad
	tribunal.esm        LTEX    ai_grass
	tribunal.esm        LTEX    ai_grass_02
	tribunal.esm        LTEX    ai_grass_dirt
	tribunal.esm        LTEX    rm_grayrock
