BCOM_Canal_02.ESP: DUP-REC MASTERS MISSAUT MISSDSC MISSVER OVR-REC
    MASTERS: out of sync with the masters installed in your Data Files directory:
	Tamriel_Data.esm             8787443 (plugin)   11064795 (installed size)
	OAAB_Data.esm                1314087 (plugin)    1567893 (installed size)
    [OVR-REC] Overridden Records:
	From Master         Type    Name
	bloodmoon.esm       LTEX    wg_road
	morrowind.esm       LAND    (-3, -2)
	morrowind.esm       LAND    (-3, -3)
	morrowind.esm       LTEX    scrub plain
	morrowind.esm       LTEX    tx_rock_wg_01.tga
	morrowind.esm       LTEX    wg_cobblestones
	morrowind.esm       LTEX    wg_dirtroad_01
	morrowind.esm       LTEX    wg_mainroad_01
	morrowind.esm       LTEX    wg_rock
	morrowind.esm       LTEX    wg_rockydirt
	morrowind.esm       LTEX    wg_rockyscrub
	morrowind.esm       LTEX    wg_scrub plain
	tribunal.esm        LTEX    ai_dirt
	tribunal.esm        LTEX    rm_grayrock
