Beautiful cities of Morrowind (2).ESP: DUP-INF DUP-REC FOGBUG GETSND JUNKCEL MASTERS MENUMOD MISSAUT MISSDSC MISSVER MOD-INF MOD-IID OVR-REC
    MASTERS: out of sync with the masters installed in your Data Files directory:
	OAAB_Data.esm                1569948 (plugin)    1567893 (installed size)
	Tamriel_Data.esm            10684550 (plugin)   11064795 (installed size)
    [FOGBUG]: Cells with zero fog density setting:
	Ebonheart, Grand Council Chambers Tower
	Gnisis, Dinadad Hut
    [GETSND] GetSoundPlaying possibly used to detect events:
	SCPT(LLCS_bard_lute)
	SCPT(LLCS_drummer_s)
    [MENUMOD] Scripts not checking menumode:
	SCPT(AST_rentArille)
	SCPT(A_SH_Escape_Enable)
	SCPT(A_SH_Stage03_Disable)
	SCPT(BCoM_Start)
	SCPT(CliffDoor_Oneway)
	SCPT(Dunmer_Music)
	SCPT(LLCS_FG_bosmersaved_s)
	SCPT(LLCS_FG_enable_s)
	SCPT(LLCS_FG_neria_script)
	SCPT(LLCS_FG_slavesaved_s)
	SCPT(LLCS_bard_lute)
	SCPT(LLCS_berwen_script)
	SCPT(LLCS_cultist_forcegreet_s)
	SCPT(LLCS_cup_script)
	SCPT(LLCS_duneon_door_s)
	SCPT(LLCS_gamer_script)
	SCPT(LLCS_sload_forcegreet_s)
	SCPT(LLCS_sload_report_s)
	SCPT(LLCS_test_vidi)
	SCPT(LLCS_underground_roots_s)
	SCPT(MS_L_DoorOpen)
	SCPT(MoveMehra)
	SCPT(Pub_telaruhn_under)
	SCPT(RPNR_boiling_s)
	SCPT(RP_fake_script_ashfall_s)
	SCPT(TG_LootMG)
	SCPT(TG_LootMG2)
	SCPT(_l2t_EdwinnaBookNchuleft)
	SCPT(_l2t_EdwinnaPlans10)
	SCPT(_l2t_EdwinnaPlans20)
	SCPT(_l2t_EdwinnaTube)
	SCPT(bcom_vivec_briricca)
	SCPT(cr_vabdasscript)
	SCPT(l2tDoor1)
	SCPT(l2tDoor2)
	SCPT(luce_esep_Dunmer_Chat)
	SCPT(luce_huleendoor_enable)
	SCPT(luce_moveListien)
	SCPT(luce_msm_galarScript)
	SCPT(luce_msm_relaraScript)
	SCPT(luce_msm_setkhajiitfree)
	SCPT(luce_rco_othanlampscript)
	SCPT(rp_CharGenEnable)
	SCPT(rp_CharGenUnlock)
	SCPT(rp_SM_ladder01_script)
	SCPT(rp_S_rl_script1)
	SCPT(rp_V_rl_script1)
	SCPT(rp_b_rl_script1)
	SCPT(rp_caldera_ladder01_s)
	SCPT(rp_caldera_ladder02_s)
	SCPT(rp_moonmoth_ladder01_s)
	SCPT(rp_sn_ladder01_script)
	SCPT(savileSlaveTrader)
	SCPT(vivecArenaScript)
    [JUNKCEL] Junk Cells:                        Flags
	Ashlands Region (0, 0)                   0x02
	West Gash Region (-13, 10)               0x02
    [DUP-REC] Duplicate Records:
	From Master         Type    Name
	morrowind.esm       CONT    crate_smuggler_01
	morrowind.esm       LTEX    ac_darkgravel
	morrowind.esm       LTEX    ac_darkstone01
	morrowind.esm       LTEX    ac_darkstone02
	morrowind.esm       LTEX    ac_darkstone_grass
	morrowind.esm       LTEX    ac_roundstone
	morrowind.esm       LTEX    ai_grass_cobbles
	morrowind.esm       LTEX    ai_grass_rocky
	morrowind.esm       LTEX    al_ash_01
	morrowind.esm       LTEX    al_ash_02
	morrowind.esm       LTEX    al_ash_03
	morrowind.esm       LTEX    al_ash_04
	morrowind.esm       LTEX    al_road_01
	morrowind.esm       LTEX    rm_grayrock
	morrowind.esm       LTEX    rm_redrock
	morrowind.esm       LTEX    rm_rock_01
	morrowind.esm       LTEX    rm_rock_02
	morrowind.esm       LTEX    rm_whiterock
	morrowind.esm       LTEX    road dirt
	morrowind.esm       LTEX    rock_coastal
	morrowind.esm       LTEX    sand
	morrowind.esm       LTEX    scrub plain
	morrowind.esm       LTEX    tx_land_darkstone01.tga
	morrowind.esm       LTEX    tx_land_darkstone02.tga
	morrowind.esm       LTEX    tx_rm_grayrock_01.tga
	morrowind.esm       LTEX    tx_rock_wg_01.tga
	morrowind.esm       LTEX    tx_rockyscrub_01.tga
	morrowind.esm       LTEX    wg_rock
	morrowind.esm       LTEX    wg_rockyscrub
	morrowind.esm       LTEX    wg_scrub plain
    [OVR-REC] Overridden Records:
	From Master         Type    Name
	bloodmoon.esm       DIAL    m'nashi
	bloodmoon.esm       DIAL    service refusal
	bloodmoon.esm       DIAL    solstheim
	bloodmoon.esm       LTEX    rm_rock_03
	bloodmoon.esm       LTEX    sand_02
	bloodmoon.esm       LTEX    tx_bc_rock_03.tga
	bloodmoon.esm       LTEX    tx_bm_cobblestone_01.dds
	bloodmoon.esm       LTEX    wg_road
	morrowind.esm       ACTI    ac_maar_gan_magic_rock
	morrowind.esm       ACTI    ac_shrine_assarnibibi
	morrowind.esm       ACTI    active_lookout_unique
	morrowind.esm       ACTI    ex_gg_portcullis_01
	morrowind.esm       ACTI    ex_gg_portcullis_02
	morrowind.esm       ACTI    ex_holamayan_cover_01
	morrowind.esm       ACTI    furn_banner_hlaalu_vivec
	morrowind.esm       ACTI    furn_banner_tavern_elven
	morrowind.esm       ACTI    furn_banner_tavern_noname
	morrowind.esm       ACTI    furn_bannerd_alchemy_hlaalu
	morrowind.esm       ACTI    furn_bannerd_alchemy_v_tal
	morrowind.esm       ACTI    furn_bannerd_alchemy_v_ts
	morrowind.esm       ACTI    furn_bannerd_clothing_v_tdh
	morrowind.esm       ACTI    furn_bannerd_ench_vari
	morrowind.esm       ACTI    furn_bannerd_goods_aldruhntrade
	morrowind.esm       ACTI    furn_bannerd_goods_glass
	morrowind.esm       ACTI    furn_bannerd_goods_hlaalu
	morrowind.esm       ACTI    furn_bannerd_goods_potter
	morrowind.esm       ACTI    furn_bannerd_goods_suran_01
	morrowind.esm       ACTI    furn_bannerd_goods_v_bfm
	morrowind.esm       ACTI    furn_bannerd_goods_v_flh
	morrowind.esm       ACTI    furn_bannerd_goods_v_te
	morrowind.esm       ACTI    furn_bannerd_goods_v_tmh
	morrowind.esm       ACTI    furn_bannerd_trader_ravirr
	morrowind.esm       ACTI    furn_bannerd_wa_shop_balmoraraz
	morrowind.esm       ACTI    furn_bannerd_wa_shop_hlaalu
	morrowind.esm       ACTI    furn_de_banner_pawn_hlaalu
	morrowind.esm       BOOK    bk_guide_to_vivec
	morrowind.esm       CONT    com_closet_01_odralhelv
	morrowind.esm       CONT    crate_01_eggs10
	morrowind.esm       CONT    de_p_chest_02_zainsuban
	morrowind.esm       CONT    de_p_desk_01_bildren
	morrowind.esm       CONT    de_p_desk_01_ethasi ril
	morrowind.esm       CONT    de_p_desk_01_galbedir
	morrowind.esm       CONT    de_p_desk_01_gilyn seda
	morrowind.esm       CONT    de_p_desk_01_nachael
	morrowind.esm       CONT    de_p_desk_01_nevrila
	morrowind.esm       CONT    de_p_desk_01_shannat pa
	morrowind.esm       CONT    de_r_chest_01_aurane
	morrowind.esm       DIAL    1000-drake pledge
	morrowind.esm       DIAL    abolitionists
	morrowind.esm       DIAL    all my fault
	morrowind.esm       DIAL    arrange a meeting
	morrowind.esm       DIAL    blades_rithleen2
	morrowind.esm       DIAL    ciralinde
	morrowind.esm       DIAL    davina
	morrowind.esm       DIAL    destination
	morrowind.esm       DIAL    garisa llethri
	morrowind.esm       DIAL    ghostgate
	morrowind.esm       DIAL    go free
	morrowind.esm       DIAL    gothren
	morrowind.esm       DIAL    house hlaalu
	morrowind.esm       DIAL    house redoran
	morrowind.esm       DIAL    house telvanni
	morrowind.esm       DIAL    household slaves
	morrowind.esm       DIAL    huleen's hut
	morrowind.esm       DIAL    jadier mannick
	morrowind.esm       DIAL    join us
	morrowind.esm       DIAL    manilian scerius
	morrowind.esm       DIAL    menelras
	morrowind.esm       DIAL    outlander
	morrowind.esm       DIAL    patron
	morrowind.esm       DIAL    plan
	morrowind.esm       DIAL    rithleen
	morrowind.esm       DIAL    s'bakha
	morrowind.esm       DIAL    slander
	morrowind.esm       DIAL    sload soap
	morrowind.esm       DIAL    temple
	morrowind.esm       DIAL    tribunal temple
	morrowind.esm       DIAL    varvur sarethi
	morrowind.esm       DOOR    rent_caldera_shenk_door
	morrowind.esm       LAND    (-1, -3)
	morrowind.esm       LAND    (-1, 2)
	morrowind.esm       LAND    (-1, 6)
	morrowind.esm       LAND    (-1, 7)
	morrowind.esm       LAND    (-10, 10)
	morrowind.esm       LAND    (-10, 11)
	morrowind.esm       LAND    (-10, 12)
	morrowind.esm       LAND    (-10, 13)
	morrowind.esm       LAND    (-11, 10)
	morrowind.esm       LAND    (-11, 11)
	morrowind.esm       LAND    (-11, 12)
	morrowind.esm       LAND    (-11, 15)
	morrowind.esm       LAND    (-12, 10)
	morrowind.esm       LAND    (-12, 11)
	morrowind.esm       LAND    (-12, 12)
	morrowind.esm       LAND    (-2, -10)
	morrowind.esm       LAND    (-2, -2)
	morrowind.esm       LAND    (-2, -3)
	morrowind.esm       LAND    (-2, -9)
	morrowind.esm       LAND    (-2, 2)
	morrowind.esm       LAND    (-2, 5)
	morrowind.esm       LAND    (-2, 6)
	morrowind.esm       LAND    (-2, 7)
	morrowind.esm       LAND    (-3, -1)
	morrowind.esm       LAND    (-3, -2)
	morrowind.esm       LAND    (-3, -3)
	morrowind.esm       LAND    (-3, 12)
	morrowind.esm       LAND    (-3, 5)
	morrowind.esm       LAND    (-3, 6)
	morrowind.esm       LAND    (-4, -1)
	morrowind.esm       LAND    (-4, -2)
	morrowind.esm       LAND    (-4, -3)
	morrowind.esm       LAND    (-4, 18)
	morrowind.esm       LAND    (-6, -5)
	morrowind.esm       LAND    (-7, -5)
	morrowind.esm       LAND    (-9, 16)
	morrowind.esm       LAND    (-9, 17)
	morrowind.esm       LAND    (0, -13)
	morrowind.esm       LAND    (0, -7)
	morrowind.esm       LAND    (0, -8)
	morrowind.esm       LAND    (1, -12)
	morrowind.esm       LAND    (1, -13)
	morrowind.esm       LAND    (1, 3)
	morrowind.esm       LAND    (1, 4)
	morrowind.esm       LAND    (1, 5)
	morrowind.esm       LAND    (11, 16)
	morrowind.esm       LAND    (13, -1)
	morrowind.esm       LAND    (14, -4)
	morrowind.esm       LAND    (14, -5)
	morrowind.esm       LAND    (14, 5)
	morrowind.esm       LAND    (14, 6)
	morrowind.esm       LAND    (15, -14)
	morrowind.esm       LAND    (15, -4)
	morrowind.esm       LAND    (15, 5)
	morrowind.esm       LAND    (15, 6)
	morrowind.esm       LAND    (16, 4)
	morrowind.esm       LAND    (16, 5)
	morrowind.esm       LAND    (16, 6)
	morrowind.esm       LAND    (17, 3)
	morrowind.esm       LAND    (17, 4)
	morrowind.esm       LAND    (17, 5)
	morrowind.esm       LAND    (17, 6)
	morrowind.esm       LAND    (18, 3)
	morrowind.esm       LAND    (18, 4)
	morrowind.esm       LAND    (18, 5)
	morrowind.esm       LAND    (18, 6)
	morrowind.esm       LAND    (19, -4)
	morrowind.esm       LAND    (19, 3)
	morrowind.esm       LAND    (19, 4)
	morrowind.esm       LAND    (2, -10)
	morrowind.esm       LAND    (2, -11)
	morrowind.esm       LAND    (2, -12)
	morrowind.esm       LAND    (2, -13)
	morrowind.esm       LAND    (2, -6)
	morrowind.esm       LAND    (2, -7)
	morrowind.esm       LAND    (2, -8)
	morrowind.esm       LAND    (2, 3)
	morrowind.esm       LAND    (2, 4)
	morrowind.esm       LAND    (2, 5)
	morrowind.esm       LAND    (3, -10)
	morrowind.esm       LAND    (3, -11)
	morrowind.esm       LAND    (3, -12)
	morrowind.esm       LAND    (3, -13)
	morrowind.esm       LAND    (3, -9)
	morrowind.esm       LAND    (3, 4)
	morrowind.esm       LAND    (3, 5)
	morrowind.esm       LAND    (4, -10)
	morrowind.esm       LAND    (4, -11)
	morrowind.esm       LAND    (4, -12)
	morrowind.esm       LAND    (4, -13)
	morrowind.esm       LAND    (4, -9)
	morrowind.esm       LAND    (6, -6)
	morrowind.esm       LAND    (6, -7)
	morrowind.esm       LAND    (7, -7)
	morrowind.esm       LAND    (9, 10)
	morrowind.esm       LTEX    ac_dirt_01
	morrowind.esm       LTEX    ac_dirt_grass_01
	morrowind.esm       LTEX    ac_dirt_grass_02
	morrowind.esm       LTEX    ac_dirtroad_01
	morrowind.esm       LTEX    ac_scrubplain_01
	morrowind.esm       LTEX    ac_scrubplain_02
	morrowind.esm       LTEX    ai_mudflats_01.tga
	morrowind.esm       LTEX    daedric stone
	morrowind.esm       LTEX    daedric_scrubruins
	morrowind.esm       LTEX    gl_dirt_01
	morrowind.esm       LTEX    gl_dirt_02
	morrowind.esm       LTEX    gl_dirt_grass_01
	morrowind.esm       LTEX    gl_dirt_grass_02
	morrowind.esm       LTEX    gl_dirtroad
	morrowind.esm       LTEX    gl_grass_01
	morrowind.esm       LTEX    gl_grass_02
	morrowind.esm       LTEX    gl_grass_03
	morrowind.esm       LTEX    gl_grass_04
	morrowind.esm       LTEX    gl_grass_05
	morrowind.esm       LTEX    gl_rock_01
	morrowind.esm       LTEX    gl_rock_02
	morrowind.esm       LTEX    lavacrust01.tga
	morrowind.esm       LTEX    lavacrust02.tga
	morrowind.esm       LTEX    ma_crackedearth
	morrowind.esm       LTEX    ma_lava
	morrowind.esm       LTEX    ma_lava02
	morrowind.esm       LTEX    ma_lava03
	morrowind.esm       LTEX    ma_lava04
	morrowind.esm       LTEX    ma_lava05
	morrowind.esm       LTEX    ma_lava06
	morrowind.esm       LTEX    ma_lavacrust.tga
	morrowind.esm       LTEX    ma_lavaflow
	morrowind.esm       LTEX    ma_lavaridge
	morrowind.esm       LTEX    ma_lavarock
	morrowind.esm       LTEX    ma_rock04
	morrowind.esm       LTEX    ma_sandstone02
	morrowind.esm       LTEX    ma_sulphur_rock01
	morrowind.esm       LTEX    ma_sulphur_rock02
	morrowind.esm       LTEX    ma_sulphur_rock07
	morrowind.esm       LTEX    ma_sulphur_rock08
	morrowind.esm       LTEX    ma_sulphur_rock09
	morrowind.esm       LTEX    tx_ai_mudflats_01.tga
	morrowind.esm       LTEX    tx_bc_dirt.tga
	morrowind.esm       LTEX    tx_bc_grass.tga
	morrowind.esm       LTEX    tx_bc_mainroad_01.tga
	morrowind.esm       LTEX    tx_bc_moss.tga
	morrowind.esm       LTEX    tx_bc_muck.tga
	morrowind.esm       LTEX    tx_bc_muck_01.tga
	morrowind.esm       LTEX    tx_bc_mud.tga
	morrowind.esm       LTEX    tx_bc_rock_01.tga
	morrowind.esm       LTEX    tx_bc_rock_02.tga
	morrowind.esm       LTEX    tx_bc_rock_04.tga
	morrowind.esm       LTEX    tx_bc_rockyscrub.tga
	morrowind.esm       LTEX    tx_bc_scrub.tga
	morrowind.esm       LTEX    tx_bc_undergrowth.tga
	morrowind.esm       LTEX    wg_cobblestones
	morrowind.esm       LTEX    wg_dirtroad_01
	morrowind.esm       LTEX    wg_dirtscrub
	morrowind.esm       LTEX    wg_mainroad_01
	morrowind.esm       LTEX    wg_rockydirt
	morrowind.esm       MISC    key_tel_aruhn_slave1
	morrowind.esm       NPC_    ababael timsar-dadisun
	morrowind.esm       NPC_    abishpulu shand
	morrowind.esm       NPC_    addammus
	morrowind.esm       NPC_    addut-lamanu
	morrowind.esm       NPC_    adondasi sadalvel
	morrowind.esm       NPC_    ano andaram
	morrowind.esm       NPC_    aren maren
	morrowind.esm       NPC_    asha-ammu kutebani
	morrowind.esm       NPC_    ashuma-nud matluberib
	morrowind.esm       NPC_    assaba-bentus
	morrowind.esm       NPC_    assemmus
	morrowind.esm       NPC_    athal nerano
	morrowind.esm       NPC_    baleni salavel
	morrowind.esm       NPC_    benunius agrudilius
	morrowind.esm       NPC_    berwen
	morrowind.esm       NPC_    blatta hateria
	morrowind.esm       NPC_    celegorn
	morrowind.esm       NPC_    clilias pullia
	morrowind.esm       NPC_    dabienne mornardl
	morrowind.esm       NPC_    dalse adren
	morrowind.esm       NPC_    daras aryon
	morrowind.esm       NPC_    darvame hleran
	morrowind.esm       NPC_    dather manel
	morrowind.esm       NPC_    daynali dren
	morrowind.esm       NPC_    devas irano
	morrowind.esm       NPC_    dilami androm
	morrowind.esm       NPC_    dorisa darvel
	morrowind.esm       NPC_    dronos llervu
	morrowind.esm       NPC_    dul gro-dush
	morrowind.esm       NPC_    dulnea ralaal
	morrowind.esm       NPC_    dumbuk gro-bolak
	morrowind.esm       NPC_    dutadalk
	morrowind.esm       NPC_    edwinna elbert
	morrowind.esm       NPC_    elegal
	morrowind.esm       NPC_    emelia duronia
	morrowind.esm       NPC_    erranil
	morrowind.esm       NPC_    ertius fulbenus
	morrowind.esm       NPC_    falvis tunel
	morrowind.esm       NPC_    fandus puruseius
	morrowind.esm       NPC_    fara
	morrowind.esm       NPC_    felayn andral
	morrowind.esm       NPC_    fendryn drelvi
	morrowind.esm       NPC_    flacassia fauseius
	morrowind.esm       NPC_    folsi thendas
	morrowind.esm       NPC_    gals arethi
	morrowind.esm       NPC_    gilvas barelo
	morrowind.esm       NPC_    hainab lasamsi
	morrowind.esm       NPC_    han-ammu
	morrowind.esm       NPC_    hannabi zabynatus
	morrowind.esm       NPC_    hetman abelmawia
	morrowind.esm       NPC_    hinammu shishara
	morrowind.esm       NPC_    hirarend
	morrowind.esm       NPC_    hrargal the crow
	morrowind.esm       NPC_    kausi
	morrowind.esm       NPC_    largakh gro-bulfim
	morrowind.esm       NPC_    mabarrabael
	morrowind.esm       NPC_    maeonius man-llu
	morrowind.esm       NPC_    maline masolaude
	morrowind.esm       NPC_    mamaea
	morrowind.esm       NPC_    masalinie merian
	morrowind.esm       NPC_    mausur
	morrowind.esm       NPC_    menelras
	morrowind.esm       NPC_    mogak gra-ugruma
	morrowind.esm       NPC_    molvirian palenix
	morrowind.esm       NPC_    muriel sette
	morrowind.esm       NPC_    muvis moran
	morrowind.esm       NPC_    navam veran
	morrowind.esm       NPC_    nevosi hlan
	morrowind.esm       NPC_    nireli farys
	morrowind.esm       NPC_    nummu
	morrowind.esm       NPC_    pilus amatius
	morrowind.esm       NPC_    punibi yahaz
	morrowind.esm       NPC_    ranabi
	morrowind.esm       NPC_    relen hlaalu
	morrowind.esm       NPC_    rindral dralor
	morrowind.esm       NPC_    salattanat
	morrowind.esm       NPC_    savile imayn
	morrowind.esm       NPC_    seldus nerendus
	morrowind.esm       NPC_    selvil sareloth
	morrowind.esm       NPC_    servant arg male
	morrowind.esm       NPC_    shadbak gra-burbug
	morrowind.esm       NPC_    shagdub gra-murz
	morrowind.esm       NPC_    shallath-piremus
	morrowind.esm       NPC_    shulki ashunbabi
	morrowind.esm       NPC_    shuzug gro-bug
	morrowind.esm       NPC_    snorri
	morrowind.esm       NPC_    surane leoriane
	morrowind.esm       NPC_    talsi uvayn
	morrowind.esm       NPC_    tivam sadri
	morrowind.esm       NPC_    trebonius artorius
	morrowind.esm       NPC_    tunipu shamirbasour
	morrowind.esm       NPC_    tusamircil
	morrowind.esm       NPC_    ughash gro-batul
	morrowind.esm       NPC_    ulibabi
	morrowind.esm       NPC_    urshamusa rapli
	morrowind.esm       NPC_    urtiso faryon
	morrowind.esm       NPC_    urzoth gra-bargamph
	morrowind.esm       NPC_    valund
	morrowind.esm       NPC_    varus vatinius
	morrowind.esm       NPC_    vatollia apo
	morrowind.esm       NPC_    vedam dren
	morrowind.esm       NPC_    vevrana aryon
	morrowind.esm       NPC_    volene llervu
	morrowind.esm       NPC_    wuleen-shei
	morrowind.esm       NPC_    yenammu
	morrowind.esm       NPC_    zallay subaddamael
	morrowind.esm       NPC_    zanmulk sammalamus
	morrowind.esm       NPC_    zebba
	morrowind.esm       NPC_    zebba benamamat
	morrowind.esm       PGRD    ahemmusa camp
	morrowind.esm       PGRD    ald velothi
	morrowind.esm       PGRD    ald velothi, outpost
	morrowind.esm       PGRD    ald-ruhn
	morrowind.esm       PGRD    ald-ruhn, ald skar inn
	morrowind.esm       PGRD    ald-ruhn, bevene releth: clothier
	morrowind.esm       PGRD    ald-ruhn, council club
	morrowind.esm       PGRD    ald-ruhn, guild of fighters
	morrowind.esm       PGRD    ald-ruhn, guild of mages
	morrowind.esm       PGRD    ald-ruhn, ienas sarandas's house
	morrowind.esm       PGRD    ald-ruhn, redoran council hall
	morrowind.esm       PGRD    ascadian isles region
	morrowind.esm       PGRD    ashlands region
	morrowind.esm       PGRD    balmora
	morrowind.esm       PGRD    balmora, astius hanotepelus' house
	morrowind.esm       PGRD    balmora, clagius clanler: outfitter
	morrowind.esm       PGRD    balmora, dralosa athren's house
	morrowind.esm       PGRD    balmora, drarayne thelas' house
	morrowind.esm       PGRD    balmora, eight plates
	morrowind.esm       PGRD    balmora, guild of fighters
	morrowind.esm       PGRD    balmora, guild of mages
	morrowind.esm       PGRD    balmora, hlaalu council manor
	morrowind.esm       PGRD    balmora, lucky lockup
	morrowind.esm       PGRD    balmora, nalcarya of white haven: fine alchemist
	morrowind.esm       PGRD    balmora, rithleen's house
	morrowind.esm       PGRD    balmora, tsiya's house
	morrowind.esm       PGRD    balmora, tyermaillin's house
	morrowind.esm       PGRD    balmora, vori's house
	morrowind.esm       PGRD    buckmoth legion fort
	morrowind.esm       PGRD    buckmoth legion fort, interior
	morrowind.esm       PGRD    caldera
	morrowind.esm       PGRD    caldera, canodia felannus' house
	morrowind.esm       PGRD    caldera, ghorak manor
	morrowind.esm       PGRD    caldera, guild of mages
	morrowind.esm       PGRD    caldera, hodlismod: armorer
	morrowind.esm       PGRD    caldera, irgola: pawnbroker
	morrowind.esm       PGRD    caldera, surane leoriane's house
	morrowind.esm       PGRD    caldera, verick gemain: trader
	morrowind.esm       PGRD    dren plantation
	morrowind.esm       PGRD    dren plantation, dren's villa
	morrowind.esm       PGRD    dren plantation, shipping house
	morrowind.esm       PGRD    ebonheart
	morrowind.esm       PGRD    ebonheart, east empire south warehouse
	morrowind.esm       PGRD    ebonheart, grand council chambers
	morrowind.esm       PGRD    ebonheart, hawkmoth towers
	morrowind.esm       PGRD    ebonheart, imperial chapels
	morrowind.esm       PGRD    ebonheart, imperial commission
	morrowind.esm       PGRD    erabenimsun camp
	morrowind.esm       PGRD    ghostgate
	morrowind.esm       PGRD    ghostgate, temple
	morrowind.esm       PGRD    ghostgate, tower of dawn
	morrowind.esm       PGRD    ghostgate, tower of dawn lower level
	morrowind.esm       PGRD    ghostgate, tower of dusk
	morrowind.esm       PGRD    ghostgate, tower of dusk lower level
	morrowind.esm       PGRD    gnaar mok
	morrowind.esm       PGRD    gnaar mok, druegh-jigger's rest
	morrowind.esm       PGRD    gnisis
	morrowind.esm       PGRD    gnisis, fort darius
	morrowind.esm       PGRD    gnisis, madach tradehouse
	morrowind.esm       PGRD    gnisis, temple
	morrowind.esm       PGRD    hla oad
	morrowind.esm       PGRD    hla oad, fatleg's drop off
	morrowind.esm       PGRD    holamayan monastery
	morrowind.esm       PGRD    khuul
	morrowind.esm       PGRD    khuul, thongar's tradehouse
	morrowind.esm       PGRD    maar gan
	morrowind.esm       PGRD    maar gan, huleen's hut
	morrowind.esm       PGRD    molag mar
	morrowind.esm       PGRD    molag mar, st. veloth's hostel
	morrowind.esm       PGRD    molag mar, waistworks
	morrowind.esm       PGRD    moonmoth legion fort
	morrowind.esm       PGRD    pelagiad
	morrowind.esm       PGRD    pelagiad, ahnassi's house
	morrowind.esm       PGRD    pelagiad, halfway tavern
	morrowind.esm       PGRD    pelagiad, mebestien ence: trader
	morrowind.esm       PGRD    red mountain region
	morrowind.esm       PGRD    sadrith mora
	morrowind.esm       PGRD    sadrith mora, dirty muriel's cornerclub
	morrowind.esm       PGRD    sadrith mora, fara's hole in the wall
	morrowind.esm       PGRD    sadrith mora, tel naga upper tower
	morrowind.esm       PGRD    sadrith mora, wolverine hall: fighter's guild
	morrowind.esm       PGRD    sadrith mora, wolverine hall: imperial shrine
	morrowind.esm       PGRD    sadrith mora, wolverine hall: mage's guild
	morrowind.esm       PGRD    seyda neen
	morrowind.esm       PGRD    seyda neen, lighthouse
	morrowind.esm       PGRD    suran
	morrowind.esm       PGRD    suran, desele's house of earthly delights
	morrowind.esm       PGRD    suran, goldyn belaram: pawnbroker
	morrowind.esm       PGRD    tel aruhn
	morrowind.esm       PGRD    tel aruhn, plot and plaster
	morrowind.esm       PGRD    tel aruhn, underground
	morrowind.esm       PGRD    tel aruhn, upper tower
	morrowind.esm       PGRD    tel mora, lower tower
	morrowind.esm       PGRD    tower of tel fyr, hall of fyr
	morrowind.esm       PGRD    tower of tel fyr, onyx hall
	morrowind.esm       PGRD    urshilaku camp
	morrowind.esm       PGRD    urshilaku camp, wise woman's yurt
	morrowind.esm       PGRD    vivec
	morrowind.esm       PGRD    vivec, arena
	morrowind.esm       PGRD    vivec, arena hidden area
	morrowind.esm       PGRD    vivec, arena pit
	morrowind.esm       PGRD    vivec, black shalk cornerclub
	morrowind.esm       PGRD    vivec, foreign quarter
	morrowind.esm       PGRD    vivec, guild of mages
	morrowind.esm       PGRD    vivec, hlaalu
	morrowind.esm       PGRD    vivec, hlaalu records
	morrowind.esm       PGRD    vivec, hlaalu treasury
	morrowind.esm       PGRD    vivec, justice offices
	morrowind.esm       PGRD    vivec, redoran
	morrowind.esm       PGRD    vivec, redoran canalworks
	morrowind.esm       PGRD    vivec, st. delyn
	morrowind.esm       PGRD    vivec, st. delyn canalworks
	morrowind.esm       PGRD    vivec, st. delyn storage
	morrowind.esm       PGRD    vivec, st. delyn waistworks
	morrowind.esm       PGRD    vivec, st. olms
	morrowind.esm       PGRD    vivec, st. olms brewers and fishmongers hall
	morrowind.esm       PGRD    vivec, st. olms tailors and dyers hall
	morrowind.esm       PGRD    vivec, st. olms waistworks
	morrowind.esm       PGRD    vivec, telvanni
	morrowind.esm       PGRD    vivec, telvanni canalworks
	morrowind.esm       PGRD    vivec, telvanni upper storage
	morrowind.esm       PGRD    vivec, temple
	morrowind.esm       PGRD    west gash region
	morrowind.esm       PGRD    wolverine hall
	morrowind.esm       PGRD    zainab camp
	morrowind.esm       STAT    ex_ar_01
	morrowind.esm       STAT    ex_ashl_tent_03
	morrowind.esm       STAT    ex_gg_pylon_01
	morrowind.esm       STAT    in_ar_shellbottom_01
	morrowind.esm       STAT    in_ar_shelltop_01
	oaab_data.esm       LIGH    ab_light@_day1000
	oaab_data.esm       STAT    ab_furn_detapestrymini06
	tamriel_data.esm    DIAL    deposit funds
	tamriel_data.esm    DIAL    dunmer
	tamriel_data.esm    DIAL    greeting 3
	tamriel_data.esm    DIAL    jobs
	tamriel_data.esm    DIAL    join the mages guild
	tamriel_data.esm    DIAL    mages guild
	tamriel_data.esm    DIAL    orc
	tamriel_data.esm    DIAL    repay a loan
	tamriel_data.esm    DIAL    take out a loan
	tamriel_data.esm    DIAL    withdraw funds
	tamriel_data.esm    MISC    t_de_hlaalucompanyscrip_01
	tamriel_data.esm    MISC    t_de_hlaalucompanyscrip_02
	tamriel_data.esm    STAT    t_mw_terrrockwg_cliffm_01
	tamriel_data.esm    STAT    t_mw_terrrockwg_cliffm_02
	tamriel_data.esm    STAT    t_mw_terrrockwg_cliffm_03
	tamriel_data.esm    STAT    t_mw_terrrockwg_cliffm_04
	tamriel_data.esm    STAT    t_mw_terrrockwg_cliffm_06
	tamriel_data.esm    STAT    t_mw_terrrockwg_mtridge_01
	tamriel_data.esm    STAT    t_mw_terrrockwg_mtridge_02
	tamriel_data.esm    STAT    t_mw_terrrockwg_mtridge_03
	tribunal.esm        CONT    chest_small_02_rndgold
	tribunal.esm        DIAL    background
	tribunal.esm        DIAL    beds
	tribunal.esm        DIAL    business
	tribunal.esm        DIAL    greeting 1
	tribunal.esm        DIAL    greeting 5
	tribunal.esm        DIAL    greeting 7
	tribunal.esm        DIAL    greeting 9
	tribunal.esm        DIAL    hello
	tribunal.esm        DIAL    latest rumors
	tribunal.esm        DIAL    little advice
	tribunal.esm        DIAL    little secret
	tribunal.esm        DIAL    morrowind lore
	tribunal.esm        DIAL    my trade
	tribunal.esm        DIAL    services
	tribunal.esm        DIAL    someone in particular
	tribunal.esm        DIAL    specific place
	tribunal.esm        FACT    hands of almalexia
	tribunal.esm        LTEX    ai_clover
	tribunal.esm        LTEX    ai_dirt
	tribunal.esm        LTEX    ai_dirtroad
	tribunal.esm        LTEX    ai_grass
	tribunal.esm        LTEX    ai_grass_02
	tribunal.esm        LTEX    ai_grass_dirt
	tribunal.esm        LTEX    ai_tilled_dirt
	tribunal.esm        LTEX    tx_ai_mainroad_01.tga
	tribunal.esm        NPC_    asciene rane
	tribunal.esm        NPC_    mehra drora

[MOD-INF]: ID=994280566571240(Topic:slander)
  morrowind.esm------------------------->|DATA|ONAM:meril hlaano|NAME:Make me.
  Beautiful cities of Morrowind (2).ESP->|DATA|ONAM:meril hlaano|NAME:Do you even know who you're talking to?

[MOD-INF]: ID=3429260295224510(Greeting:greeting 7)
  morrowind.esm------------------------->|DATA|ONAM:Drarayne Girith|NAME:Good day. I'm Drarayne Girith, publican of the Plot and Plaster here in Tel Aruhn. We rent beds, and I have a limited selection of goods for barter. If you're new here, I can also tell you where to look for other services, or a specific place nearby. If you're looking  for someone in particular, I may be able to help.|BNAM:;Drarayne Girith
  Beautiful cities of Morrowind (2).ESP->|DATA|ONAM:Drarayne Girith|NAME:Good day. I'm Drarayne Girith. Do you want something to drink? If you're new here, I can also tell you where to look for other services, or a specific place nearby. If you're looking  for someone in particular, I may be able to help.|BNAM:;Drarayne Girith

[MOD-INF]: ID=5335322465444076(Topic:1000-drake pledge)
  morrowind.esm------------------------->|DATA|ONAM:Canctunian Ponius|NAME:Thank you again for recovering our embezzled funds.|SCVR:04JX3IC14_Ponius|INTV:-
  Beautiful cities of Morrowind (2).ESP->|DATA|ONAM:sinnammu mirpal|NAME:Thank you again for recovering our embezzled funds.|SCVR:04JX3IC14_Ponius|INTV:-

[MOD-INF]: ID=10009858175861683(Topic:household slaves)
  morrowind.esm------------------------->|DATA|ONAM:savile imayn|NAME:The following slaves are available for purchase: S'Bakha, a Khajiit male; Manilian Scerius, an Imperial male; Menelras, a Bosmer male; Ciralinde, an Altmer female; Jadier Mannick, a Breton male, and Davina, a Redguard female.|BNAM:;in case the player has never had this topic added... rare  AddTopic "go free"
  Beautiful cities of Morrowind (2).ESP->|DATA|ONAM:savile imayn|NAME:The following slaves are available for purchase: S'Bakha, a Khajiit male; Manilian Scerius, an Imperial male; Menelras, a Bosmer male; Ciralinde, an Altmer female; Jadier Mannick, a Breton male, and Davina, a Redguard female; Ubaairra, a Khajiit male; Nem-Rei, an Argonian female.|BNAM:;in case the player has never had this topic added... rare  AddTopic "go free"

[DUP-INF]: ID=10846297472227562(Greeting:greeting 5)
  |DATA|ONAM:ronerelie philulanie|NAME:You can look, but don't touch. Yes, it's all Dwarf-make. And it belongs to Master Aryon. So keep your hands to yourself.|BNAM:goodbye

[MOD-INF]: ID=20148464162028183(Topic:huleen's hut)
  morrowind.esm------------------------->|DATA|ONAM:edwinna elbert|DNAM:Mages Guild|NAME:So Huleen's apprentice summoned a scamp? Is that all? I can't believe I was distracted from my studies for something so trivial. Speaking of which, I discovered these scrolls during my research. You may find them useful.|SCVR:34JX3MG_Apprentice|INTV:(|BNAM:Journal MG_Apprentice 100  Player->AddItem sc_fifthbarrier 2  ModPCFacRep 5 "Mages Guild"  ModDisposition 10  "Listien Bierles"->Disable
  Beautiful cities of Morrowind (2).ESP->|DATA|ONAM:edwinna elbert|DNAM:Mages Guild|NAME:So Huleen's apprentice summoned a scamp? Is that all? I can't believe I was distracted from my studies for something so trivial. Speaking of which, I discovered these scrolls during my research. You may find them useful.|SCVR:04JX3MG_StealBook|INTV:d|SCVR:34JX3MG_Apprentice|INTV:(|BNAM:Journal MG_Apprentice 100  Player->AddItem sc_fifthbarrier 2  ModPCFacRep 5 "Mages Guild"  ModDisposition 10  StartScript luce_moveListien

[MOD-INF]: ID=100781054114564566(Topic:davina)
  morrowind.esm------------------------->|DATA|ONAM:savile imayn|NAME:Davina is now yours. I will have her brought forth from the slavepit. She should be waiting just inside.|SCVR:01500|INTV|SCVR:15IX3Gold_001|INTV|BNAM:Set davinaBought to 1  Player->RemoveItem Gold_001 1000  AddItem Gold_001 1000  "Davina"->PositionCell 1030 -2660 180 180 "Tel Aruhn, Underground"  Set "Davina".slaveStatus to 2
  Beautiful cities of Morrowind (2).ESP->|DATA|ONAM:savile imayn|NAME:Davina is now yours. I will have her brought forth from the slave prison. She should be waiting inside.|SCVR:01500|INTV|SCVR:15IX3Gold_001|INTV|BNAM:Set davinaBought to 1  Player->RemoveItem Gold_001 1000  AddItem Gold_001 1000  "Davina"->PositionCell 2961 -4618 1785 -90 "Tel Aruhn, Underground"  Set "Davina".slaveStatus to 2

[MOD-INF]: ID=171343168140283456(Greeting:greeting 7)
  morrowind.esm------------------------->|DATA|ONAM:dulnea ralaal|NAME:Good day. I'm Dulnea Ralaal, publican of the Eight Plates here in Balmora. We rent beds, and I have a limited selection of goods for barter. If you're new here, I can also tell you where to look for other services, or a specific place nearby. If you're looking  for someone in particular, I may be able to help.|BNAM:;Dulnea Ralaal
  Beautiful cities of Morrowind (2).ESP->|DATA|ONAM:dulnea ralaal|NAME:Greetings traveller, what brings you to the Eight Plates? I'm %name, publican here. If you need a place for the night, I can set you up with one of my beds, and if you're wanting a drink, I'm sure I can fix you up something strong.|BNAM:;Dulnea Ralaal

[MOD-INF]: ID=280332996568833086(Topic:destination)
  morrowind.esm------------------------->|DATA|ONAM:rindral dralor|NAME:My ship, the 'Whistler,' can carry you from Molag Mar to Ebonheart, Hla Oad, the Foreign Quarter of Vivec, or Tel Branora.|BNAM:;Molag Mar; Rindral Dralor; shipmaster
  Beautiful cities of Morrowind (2).ESP->|DATA|ONAM:rindral dralor|NAME:My ship, the 'Whistler,' can carry you from Molag Mar to Ebonheart, Hla Oad, Vivec, or Tel Branora.|BNAM:;Molag Mar; Rindral Dralor; shipmaster

[MOD-INF]: ID=310903222489162613(Topic:destination)
  morrowind.esm------------------------->|DATA|ONAM:aren maren|NAME:I can carry you by gondola to the Arena in the center of Vivec, or to the Foreign Quarter in the north, or to the Temple district to the south.
  Beautiful cities of Morrowind (2).ESP->|DATA|ONAM:aren maren|NAME:I can carry you by gondola to the Arena in the center of Vivec, or to the Foreign Quarter in the north, or to the Temple district to the south, or to Telvanni Compund to the east.

[MOD-INF]: ID=322422437341418749(Topic:services)
  morrowind.esm------------------------->|DATA|ANAM:Suran|NAME|INTV|SCVR:1CsX0NoLore|INTV:|BNAM:;Suran
  Beautiful cities of Morrowind (2).ESP->|DATA|ANAM:Suran|NAME|INTV|SCVR:1CsX0NoLore|INTV:|BNAM:;Suran

[MOD-INF]: ID=343022925183914544(Topic:slander)
  morrowind.esm------------------------->|DATA|ONAM:meril hlaano|NAME:Okay, okay. I, Meril Hlaano, withdraw the statements I made against House Redoran. There. I said it. Happy?|BNAM:Journal HR_HlaanoSlanders 50
  Beautiful cities of Morrowind (2).ESP->|DATA|ONAM:meril hlaano|NAME:(Meril chuckles and takes a long drag on his cigar.)   Alright, %PCName. I, Meril Hlaano, withdraw the statements I made against House Redoran. Now get out of my sight before I have you killed.|BNAM:Journal HR_HlaanoSlanders 50

[MOD-INF]: ID=392521375428414295(Topic:arrange a meeting)
  morrowind.esm------------------------->|DATA|ONAM:sinnammu mirpal|NAME:So be it. I will send my apprentice to talk with this Skink, but I do so for the honor of the Ahemmusa. She will soon see the error of the foreigners' ways and return to us. She will make a fine Wise Woman when my duties are done.|SCVR:01500|INTV|BNAM:Journal MG_WiseWoman 80  ModDisposition -10  "Minabibi Assardarainat"->PositionCell 217 846 74 190 "Sadrith Mora, Wolverine Hall: Mage's Guild"
  Beautiful cities of Morrowind (2).ESP->|DATA|ONAM:sinnammu mirpal|NAME:So be it. I will send my apprentice to talk with this Skink, but I do so for the honor of the Ahemmusa. She will soon see the error of the foreigners' ways and return to us. She will make a fine Wise Woman when my duties are done.|SCVR:01500|INTV|BNAM:Journal MG_WiseWoman 80  ModDisposition -10  "Minabibi Assardarainat"->PositionCell 24 954 66 -141 "Sadrith Mora, Wolverine Hall: Mage's Guild"

[DUP-INF]: ID=495518295322716947(Greeting:greeting 7)
  |DATA|ONAM:thaeril|NAME:Good day. I'm Thaeril, publican of The Covenant here in Tel Mora. We rent beds, and I have a limited selection of goods for barter. If you're new here, I can also tell you where to look for other services, or a specific place nearby. If you're looking  for someone in particular, I may be able to help.|BNAM:;Thaeril

[MOD-INF]: ID=890925185785318981(Topic:arrange a meeting)
  morrowind.esm------------------------->|DATA|ONAM:sinnammu mirpal|NAME:I know you speak the truth, %PCName. I do not need such as her for an apprentice. I will send her to talk with this Argonian.|SCVR:01500|INTV|BNAM:Journal MG_WiseWoman 80  ModDisposition 20  "Minabibi Assardarainat"->PositionCell 217 846 74 190 "Sadrith Mora, Wolverine Hall: Mage's Guild"
  Beautiful cities of Morrowind (2).ESP->|DATA|ONAM:sinnammu mirpal|NAME:I know you speak the truth, %PCName. I do not need such as her for an apprentice. I will send her to talk with this Argonian.|SCVR:01500|INTV|BNAM:Journal MG_WiseWoman 80  ModDisposition 20  "Minabibi Assardarainat"->PositionCell 24 954 66 -141 "Sadrith Mora, Wolverine Hall: Mage's Guild"

[MOD-INF]: ID=1169687611517710353(Topic:rithleen)
  morrowind.esm------------------------->|DATA|ONAM:caius cosades|NAME:Warrior Rithleen lives two houses south, upstairs.|SCVR:04JX3A1_1_FindSpymaster|INTV|SCVR:14JX4blades_rithleen2|INTV|BNAM:;Caius Cosades; Journal A1_1_FindSpymaster >= 14  Journal blades_rithleen2 1
  Beautiful cities of Morrowind (2).ESP->|DATA|ONAM:caius cosades|NAME:Warrior Rithleen lives two houses west.|SCVR:04JX3A1_1_FindSpymaster|INTV|SCVR:14JX4blades_rithleen2|INTV|BNAM:;Caius Cosades; Journal A1_1_FindSpymaster >= 14  Journal blades_rithleen2 1

[MOD-INF]: ID=1215227585220936854(:greeting 1)
  tribunal.esm-------------------------->|DATA|NAME:Who's there?|SCVR:01480|INTV:|SCVR:1CsX0NoLore|INTV:|BNAM:goodbye  moddisposition -5
  Beautiful cities of Morrowind (2).ESP->|NAME:Who's there?|DELE:

[MOD-INF]: ID=1242265292108723180(Topic:destination)
  morrowind.esm------------------------->|DATA|ONAM:devas irano|NAME:I can carry you by gondola to the Arena in the center of Vivec, or to Hlaalu Compound to the west, or to Telvanni Compound to the east.
  Beautiful cities of Morrowind (2).ESP->|DATA|ONAM:devas irano|NAME:I can carry you by gondola to the Arena in the center of Vivec, or to Hlaalu Compound to the west, or to Telvanni Compound to the east, or south to the Temple Compound.

[DUP-INF]: ID=1316215144822713907(Greeting:greeting 7)
  |DATA|ONAM:ery|NAME:Good day. I'm Ery, publican of the Gateway Inn here in Sadrith Mora. We rent beds, and I have a limited selection of goods for barter. If you're new here, I can also tell you where to look for other services, or a specific place nearby. If you're looking  for someone in particular, I may be able to help.|BNAM:;Ery

[MOD-INF]: ID=1398821163861526653(Topic:slander)
  morrowind.esm------------------------->|DATA|ONAM:meril hlaano|NAME:I said I was sorry already. Just leave me alone.|SCVR:34JX3HR_HlaanoSlanders|INTV:2
  Beautiful cities of Morrowind (2).ESP->|DATA|ONAM:meril hlaano|NAME:Don't push your luck, %PCName. If all House Redoran is able to do these days is rap me on the knuckles for slander, that's their problem. And if you want to serve under a family as impotent as that, then that's your problem. Now get out of my sight.|SCVR:34JX3HR_HlaanoSlanders|INTV:2

[DUP-INF]: ID=1470721697254192970(Topic:little advice)
  |DATA|ONAM:svenja_outside|NAME:Just because Hrothmund's Bane is magically sealed, that doesn't mean there isn't...something inside waiting for you. Be ready for a fight.

[MOD-INF]: ID=1731175992870511845(Topic:destination)
  morrowind.esm------------------------->|DATA|ONAM:talsi uvayn|NAME:I can carry you by gondola to the Arena in the center of Vivec, or to the Foreign Quarter in the north, or to the Temple district to the south.
  Beautiful cities of Morrowind (2).ESP->|DATA|ONAM:talsi uvayn|NAME:I can carry you by gondola to the Arena in the center of Vivec, or to Hlaalu Compound to the west, or to Telvanni Compound to the east, or to the Foreign Quarter in the north.

[DUP-INF]: ID=1805121922893719179(Topic:business)
  |DATA|ONAM:nileno dorvayn|NAME:If you want to talk business, you've come to the right place. Do you want to join House Hlaalu?

[DUP-INF]: ID=1906014833141124249(Topic:specific place)
  |DATA|ONAM:Carnius Magius|NAME:The amenities here are poor, at best. Certainly nothing like what I'm used to. There's a shrine and an armory, but little else. Raven Rock, however, boasts a bar and a Trader's Outpost. All thanks to me, of course.|SCVR:02sX3ColonyState|INTV: |SCVR:12sX0ColonyService|INTV

[MOD-INF]: ID=2089112252714323557(Topic:destination)
  morrowind.esm------------------------->|DATA|ONAM:fendryn drelvi|NAME:I can carry you by gondola to the Arena in the center of Vivec, or to Hlaalu Compound to the west, or to Telvanni Compound to the east.
  Beautiful cities of Morrowind (2).ESP->|DATA|ONAM:fendryn drelvi|NAME:I can carry you by gondola to the Arena in the center of Vivec, or to the Foreign Quarter in the north, or to the Temple district to the south, or to Hlaalu Compound to the west.

[DUP-INF]: ID=2467420241504626206(Topic:beds)
  |DATA|ONAM:hession|NAME:Very well, the bed is yours for the day. You'll find the room on the bottom floor, at the North end of the bar.|SCVR:01500|INTV|SCVR:15IX3Gold_001|INTV: |BNAM:set rent to 1 ;this does everything in the publican's script MOURNHOLD WINGED GUAR  additem, gold_001, 10  player->removeitem, gold_001, 10  moddisposition 2

[MOD-INF]: ID=2976914359150945474(Topic:services)
  morrowind.esm------------------------->|DATA|NAME|INTV|SCVR:1CsX0NoLore|INTV:|SCVR:27XX0savile imayn|INTV|SCVR:37XX0Daynas Darys|INTV|SCVR:47XX0Drarayne Girith|INTV|SCVR:57XX0emusette bracques|INTV|BNAM:;Suran
  Beautiful cities of Morrowind (2).ESP->|DATA|NAME|INTV|SCVR:1CsX0NoLore|INTV:|SCVR:27XX0savile imayn|INTV|SCVR:37XX0Daynas Darys|INTV|SCVR:4BLX0Tel Aruhn, Plot and Plaster|INTV|BNAM:;Suran

[DUP-INF]: ID=3223324127987614626(Greeting:greeting 5)
  |DATA|ONAM:hanarai assutlanipal|NAME:It is the Hour of Wakening. Dagoth Ur awakes, and comes forth in his glory, and his people shall rejoice, and his enemies shall scatter like dust.|SCVR:04JX3A1_2_AntabolisInformant|INTV: |SCVR:14JX4C3_DestroyDagoth|INTV:2|BNAM:setdisposition 0  setfight 90  goodbye

[DUP-INF]: ID=3748250542379720869(Topic:business)
  |DATA|ONAM:Dovor Oren|NAME:It's no concern of yours, %PCRace.|SCVR:04JX3MS_Warlords|INTV

[DUP-INF]: ID=9288304031305031448(Topic:gothren)
  |DATA|NAME:Gothren lives in the tower. There's a south-facing door into the Upper Tower at the top of stairs from the upper terrace. You have to fly to get to the upper terrace. You can't get to Gothren through the Tower Entry or the Tower Living Quarters.|SCVR:06DX0gothren|INTV:|SCVR:1CsX0NoLore|INTV:

[DUP-INF]: ID=9560247611969014542(Topic:gothren)
  |DATA|ANAM:Tel Aruhn, Upper Tower|NAME:Gothren is in the upper level, to the east.|SCVR:06DX0gothren|INTV:|SCVR:1CsX0NoLore|INTV:

[MOD-INF]: ID=10520313452757123850(Topic:m'nashi)
  bloodmoon.esm------------------------->|DATA|ONAM:uncle sweetshare|NAME:M'nashi was my assistant!  He helped me make my candy!  He so loved his sugar, M'nashi did.  Loved it a little too much, I'm afraid!  He died, you see.  His, ah, sweet tooth got the better of him.  I buried him, just outside.  We had a lovely little ceremony.  The horkers came and sang for him, they did!  He he he!  Ha ha ha ha ha!|SCVR:04JX3BM_MoonSugar|INTV:
  Beautiful cities of Morrowind (2).ESP->|DATA|ONAM:uncle sweetshare|ANAM:Abaelun Mine|NAME:M'nashi was my assistant!  He helped me make my candy!  He so loved his sugar, M'nashi did.  Loved it a little too much, I'm afraid!  He died, you see.  His, ah, sweet tooth got the better of him.  I buried him, just outside.  We had a lovely little ceremony.  The horkers came and sang for him, they did!  He he he!  Ha ha ha ha ha!|SCVR:04JX3BM_MoonSugar|INTV:

[MOD-INF]: ID=16212155803018311111(Topic:menelras)
  morrowind.esm------------------------->|DATA|ONAM:savile imayn|NAME:I'm sorry but you don't have enough gold to afford my fine slaves.|SCVR:01500|INTV
  Beautiful cities of Morrowind (2).ESP->|DATA|ONAM:savile imayn|NAME:I'm sorry but you don't have enough gold to afford my fine slaves.|SCVR:01500|INTV|SCVR:15IX4Gold_001|INTV

[MOD-INF]: ID=16212155803018311111(Topic:menelras)
  morrowind.esm------------------------->|DATA|ONAM:savile imayn|NAME:I'm sorry but you don't have enough gold to afford my fine slaves.|SCVR:01500|INTV
  Beautiful cities of Morrowind (2).ESP->|DATA|ONAM:savile imayn|NAME:I'm sorry but you don't have enough gold to afford my fine slaves.|SCVR:01500|INTV|SCVR:15IX4Gold_001|INTV
[MOD-IID]: ID=32242285152533521976(Topic:ubaairra),ID=12824243412585815675(Topic:nem-rei)
  Beautiful cities of Morrowind (2).ESP->I'm sorry but you don't have enough gold to afford my fine slaves.

[MOD-INF]: ID=18056251503250617059(Topic:destination)
  morrowind.esm------------------------->|DATA|ONAM:Nevosi Hlan|NAME:My ship, 'Chun-Ook,' can carry you from the docks here in Ebonheart to Hla Oad, Sadrith Mora, Tel Branora, and the Foreign Quarter of Vivec.|BNAM:;Ebonheart; Nevosi Hlan; shipmaster
  Beautiful cities of Morrowind (2).ESP->|DATA|ONAM:Nevosi Hlan|NAME:My ship, 'Chun-Ook,' can carry you from the docks here in Ebonheart to Hla Oad, Sadrith Mora, Tel Branora, and Vivec.|BNAM:;Ebonheart; Nevosi Hlan; shipmaster

[MOD-INF]: ID=21432111501574114700(Topic:beds)
  morrowind.esm------------------------->|DATA|ONAM:dulnea ralaal|CNAM:Publican|NAME:It's all yours for the day. Down the stairs to the right.|SCVR:01500|INTV|SCVR:15IX3Gold_001|INTV: |BNAM:set rent to 1 ;this does everything in the publican's script  additem, gold_001, 10  player->removeitem, gold_001, 10  moddisposition 2
  Beautiful cities of Morrowind (2).ESP->|DATA|ONAM:dulnea ralaal|CNAM:Publican|NAME:Excellent. It's all yours. Head down the stairs, the door's on your right. If you want to bring a guest in, I've no objection, as long as they're clean. None of my business, is it? Just keep in mind that if they cause trouble, it's you I'll charge for it.|SCVR:01500|INTV|SCVR:15IX3Gold_001|INTV: |BNAM:set rent to 1 ;this does everything in the publican's script  additem, gold_001, 10  player->removeitem, gold_001, 10  moddisposition 2

[MOD-INF]: ID=24947188951810428436(Topic:slander)
  morrowind.esm------------------------->|DATA|ONAM:meril hlaano|NAME:Don't make me mad, %PCName, or I'll say what I think of you, too.
  Beautiful cities of Morrowind (2).ESP->|DATA|ONAM:meril hlaano|NAME:No, no you're absolutely right. I was wrong to call Fathasa Llethri a bloated Alit. I should have called her a dirty whore instead. What do you think of that, Redoran lapdog?

[DUP-INF]: ID=25962153161759731313(Topic:beds)
  |DATA|ONAM:Alcedonia Amnis|CNAM:Publican|NAME:Very well. Head upstairs, to the last room on the right. It's yours for the next day.|SCVR:01500|INTV|SCVR:15IX3Gold_001|INTV: |BNAM:set rent to 1 ;this does everything in the publican's script RAVEN ROCK BAR  additem, gold_001, 10  player->removeitem, gold_001, 10  moddisposition 2

[MOD-INF]: ID=26036209202016629907(Topic:beds)
  morrowind.esm------------------------->|DATA|ONAM:benunius agrudilius|CNAM:Publican|NAME:It's all yours. Up the stairs to the left. Enjoy your stay.|SCVR:01500|INTV|SCVR:15IX3Gold_001|INTV: |BNAM:set rent to 1 ;this does everything in the publican's script BALMORA LUCKY LOCKUP  additem, gold_001, 10  player->removeitem, gold_001, 10  moddisposition 2
  Beautiful cities of Morrowind (2).ESP->|DATA|ONAM:benunius agrudilius|CNAM:Publican|NAME:It's all yours. Down the stairs to the right. Enjoy your stay.|SCVR:01500|INTV|SCVR:15IX3Gold_001|INTV: |BNAM:set rent to 1 ;this does everything in the publican's script BALMORA LUCKY LOCKUP  additem, gold_001, 10  player->removeitem, gold_001, 10  moddisposition 2

[MOD-INF]: ID=30833318593044724904(Topic:destination)
  morrowind.esm------------------------->|DATA|ONAM:baleni salavel|NAME:From Hla Oad I can take you to Ebonheart, Gnaar Mok, or the Foreign Quarter of Vivec on my ship 'Harpy.'|BNAM:;baleni salavel; Hla Oad
  Beautiful cities of Morrowind (2).ESP->|DATA|ONAM:baleni salavel|NAME:From Hla Oad I can take you to Ebonheart, Gnaar Mok, or Vivec on my ship 'Harpy.'|BNAM:;baleni salavel; Hla Oad

[MOD-INF]: ID=32210301131746925671(Journal:blades_rithleen2)
  morrowind.esm------------------------->|DATA|NAME:Caius says one of the Blades under his command, Warrior Rithleen, lives two houses south of Caius' house, upstairs.
  Beautiful cities of Morrowind (2).ESP->|DATA|NAME:Caius says one of the Blades under his command, Warrior Rithleen, lives two houses west of Caius' house.
