Better Balanced Combat - TR Patch Base Module.esp: DUP-REC MASTERS MISSVER OVR-REC
    MASTERS: out of sync with the masters installed in your Data Files directory:
	Tamriel_Data.esm             7824672 (plugin)   11064795 (installed size)
	TR_Mainland.esm            131296817 (plugin)  163244128 (installed size)
    [OVR-REC] Overridden Records:
	From Master         Type    Name
	tamriel_data.esm    CREA    t_ayl_cre_welkspr_01
	tamriel_data.esm    CREA    t_cyr_cre_dreu_01
	tamriel_data.esm    CREA    t_cyr_cre_gob_01
	tamriel_data.esm    CREA    t_cyr_cre_gobbrs_01
	tamriel_data.esm    CREA    t_cyr_cre_gobchf_01
	tamriel_data.esm    CREA    t_cyr_cre_gobskm_01
	tamriel_data.esm    CREA    t_cyr_cre_mino_01
	tamriel_data.esm    CREA    t_cyr_cre_mino_02
	tamriel_data.esm    CREA    t_cyr_cre_sprg_01
	tamriel_data.esm    CREA    t_cyr_fau_bearcol_01
	tamriel_data.esm    CREA    t_cyr_fau_bearcolds_01
	tamriel_data.esm    CREA    t_cyr_fau_catlbull_01
	tamriel_data.esm    CREA    t_cyr_fau_catlbull_02
	tamriel_data.esm    CREA    t_cyr_fau_catlcow_01
	tamriel_data.esm    CREA    t_cyr_fau_donk_01
	tamriel_data.esm    CREA    t_cyr_fau_donkpk_01
	tamriel_data.esm    CREA    t_cyr_fau_donkpk_02
	tamriel_data.esm    CREA    t_cyr_fau_fishcrys_01
	tamriel_data.esm    CREA    t_cyr_fau_fishlep_01
	tamriel_data.esm    CREA    t_cyr_fau_fishlfin_01
	tamriel_data.esm    CREA    t_cyr_fau_fishlfinst_01
	tamriel_data.esm    CREA    t_cyr_fau_fishslora_01
	tamriel_data.esm    CREA    t_cyr_fau_fishslred_01
	tamriel_data.esm    CREA    t_cyr_fau_fishslsm_01
	tamriel_data.esm    CREA    t_cyr_fau_fishspr_01
	tamriel_data.esm    CREA    t_cyr_fau_fishsprst_01
	tamriel_data.esm    CREA    t_cyr_fau_fishstr_01
	tamriel_data.esm    CREA    t_cyr_fau_fishstrst_01
	tamriel_data.esm    CREA    t_cyr_fau_frogbul_01
	tamriel_data.esm    CREA    t_cyr_fau_goat_01
	tamriel_data.esm    CREA    t_cyr_fau_goatdis_01
	tamriel_data.esm    CREA    t_cyr_fau_hrs_01
	tamriel_data.esm    CREA    t_cyr_fau_hrs_02
	tamriel_data.esm    CREA    t_cyr_fau_hrs_03
	tamriel_data.esm    CREA    t_cyr_fau_hrssadl_01
	tamriel_data.esm    CREA    t_cyr_fau_hrssadl_02
	tamriel_data.esm    CREA    t_cyr_fau_hrssadl_03
	tamriel_data.esm    CREA    t_cyr_fau_hrssadlst_01
	tamriel_data.esm    CREA    t_cyr_fau_hrssadlst_02
	tamriel_data.esm    CREA    t_cyr_fau_hrssadlst_03
	tamriel_data.esm    CREA    t_cyr_fau_hrsst_01
	tamriel_data.esm    CREA    t_cyr_fau_hrsst_02
	tamriel_data.esm    CREA    t_cyr_fau_hrsst_03
	tamriel_data.esm    CREA    t_cyr_fau_moonc_01
	tamriel_data.esm    CREA    t_cyr_fau_mooncdis_01
	tamriel_data.esm    CREA    t_cyr_fau_rat_01
	tamriel_data.esm    CREA    t_cyr_fau_ratds_01
	tamriel_data.esm    CREA    t_cyr_fau_rvnewt_01
	tamriel_data.esm    CREA    t_cyr_fau_rvnewt_02
	tamriel_data.esm    CREA    t_cyr_fau_wolfcol_01
	tamriel_data.esm    CREA    t_cyr_fau_wolfcol_02
	tamriel_data.esm    CREA    t_cyr_fau_wolfcolds_01
	tamriel_data.esm    CREA    t_cyr_fau_wolfcolds_02
	tamriel_data.esm    CREA    t_cyr_und_ghst_01
	tamriel_data.esm    CREA    t_cyr_und_ghst_02
	tamriel_data.esm    CREA    t_cyr_und_mum_01
	tamriel_data.esm    CREA    t_cyr_und_skel_01
	tamriel_data.esm    CREA    t_cyr_und_skelarc_01
	tamriel_data.esm    CREA    t_cyr_und_skelcmp_01
	tamriel_data.esm    CREA    t_cyr_und_skellegion_01
	tamriel_data.esm    CREA    t_cyr_und_skellegion_02
	tamriel_data.esm    CREA    t_cyr_und_skelwk_01
	tamriel_data.esm    CREA    t_cyr_und_wrth_01
	tamriel_data.esm    CREA    t_cyr_und_wrthfad_01
	tamriel_data.esm    CREA    t_dae_cre_atroflcyr_01
	tamriel_data.esm    CREA    t_dae_cre_atrofrcyr_01
	tamriel_data.esm    CREA    t_dae_cre_atrostcyr_01
	tamriel_data.esm    CREA    t_dae_cre_clfearcyr_01
	tamriel_data.esm    CREA    t_dae_cre_daedrcyr_01
	tamriel_data.esm    CREA    t_dae_cre_drem_01
	tamriel_data.esm    CREA    t_dae_cre_drem_arch_01
	tamriel_data.esm    CREA    t_dae_cre_drem_cast_01
	tamriel_data.esm    CREA    t_dae_cre_dremcait_01
	tamriel_data.esm    CREA    t_dae_cre_dremcyr_01
	tamriel_data.esm    CREA    t_dae_cre_dremkynr_01
	tamriel_data.esm    CREA    t_dae_cre_dremkynv_01
	tamriel_data.esm    CREA    t_dae_cre_dremlorcyr_01
	tamriel_data.esm    CREA    t_dae_cre_drid_01
	tamriel_data.esm    CREA    t_dae_cre_dridbs_01
	tamriel_data.esm    CREA    t_dae_cre_dridgr_01
	tamriel_data.esm    CREA    t_dae_cre_dridls_01
	tamriel_data.esm    CREA    t_dae_cre_gsaintcyr_01
	tamriel_data.esm    CREA    t_dae_cre_guardian_01
	tamriel_data.esm    CREA    t_dae_cre_hungcyr_01
	tamriel_data.esm    CREA    t_dae_cre_lesserclfr_01
	tamriel_data.esm    CREA    t_dae_cre_ogrcyr_01
	tamriel_data.esm    CREA    t_dae_cre_scamcyr_01
	tamriel_data.esm    CREA    t_dae_cre_verm_01
	tamriel_data.esm    CREA    t_dwe_cre_centarc_01
	tamriel_data.esm    CREA    t_dwe_cre_centarcml_01
	tamriel_data.esm    CREA    t_dwe_cre_centarcsh_01
	tamriel_data.esm    CREA    t_dwe_cre_centarmor_01
	tamriel_data.esm    CREA    t_dwe_cre_centarmor_02
	tamriel_data.esm    CREA    t_dwe_cre_centarmor_03
	tamriel_data.esm    CREA    t_dwe_cre_centarmor_04
	tamriel_data.esm    CREA    t_dwe_cre_centarmor_05
	tamriel_data.esm    CREA    t_dwe_cre_centarmor_06
	tamriel_data.esm    CREA    t_dwe_und_ghstgr_01
	tamriel_data.esm    CREA    t_dwe_und_ghstgrpl_01
	tamriel_data.esm    CREA    t_dwe_und_ghstpl_01
	tamriel_data.esm    CREA    t_els_r_alfiq_01
	tamriel_data.esm    CREA    t_glb_cre_dreuds_01
	tamriel_data.esm    CREA    t_glb_cre_golmm_01
	tamriel_data.esm    CREA    t_glb_cre_lami_01
	tamriel_data.esm    CREA    t_glb_cre_sloa_01
	tamriel_data.esm    CREA    t_glb_cre_trollcave_01
	tamriel_data.esm    CREA    t_glb_cre_trollcave_02
	tamriel_data.esm    CREA    t_glb_cre_trollcave_03
	tamriel_data.esm    CREA    t_glb_cre_trollcave_04
	tamriel_data.esm    CREA    t_glb_cre_trollcaved_03
	tamriel_data.esm    CREA    t_glb_cre_trollfrost_01
	tamriel_data.esm    CREA    t_glb_cre_trollfrost_02
	tamriel_data.esm    CREA    t_glb_cre_trollfrost_03
	tamriel_data.esm    CREA    t_glb_cre_trollfrost_04
	tamriel_data.esm    CREA    t_glb_cre_wereboar_01
	tamriel_data.esm    CREA    t_glb_cre_werewolf_01
	tamriel_data.esm    CREA    t_glb_fau_bat_01
	tamriel_data.esm    CREA    t_glb_fau_bflygrn_01
	tamriel_data.esm    CREA    t_glb_fau_bflygrnbg_01
	tamriel_data.esm    CREA    t_glb_fau_bflygrnsm_01
	tamriel_data.esm    CREA    t_glb_fau_bflypur_01
	tamriel_data.esm    CREA    t_glb_fau_bflypurbg_01
	tamriel_data.esm    CREA    t_glb_fau_bflypursm_01
	tamriel_data.esm    CREA    t_glb_fau_bflyred_01
	tamriel_data.esm    CREA    t_glb_fau_bflyredbg_01
	tamriel_data.esm    CREA    t_glb_fau_bflyredsm_01
	tamriel_data.esm    CREA    t_glb_fau_birdchi_01
	tamriel_data.esm    CREA    t_glb_fau_birdchi_02
	tamriel_data.esm    CREA    t_glb_fau_birdchi_03
	tamriel_data.esm    CREA    t_glb_fau_birdchi_04
	tamriel_data.esm    CREA    t_glb_fau_birdchi_05
	tamriel_data.esm    CREA    t_glb_fau_birdchirs_01
	tamriel_data.esm    CREA    t_glb_fau_birdchirs_02
	tamriel_data.esm    CREA    t_glb_fau_birdckde_01
	tamriel_data.esm    CREA    t_glb_fau_birdgfnch_01
	tamriel_data.esm    CREA    t_glb_fau_birdgfnch_02
	tamriel_data.esm    CREA    t_glb_fau_birdrob_01
	tamriel_data.esm    CREA    t_glb_fau_birdseag_01
	tamriel_data.esm    CREA    t_glb_fau_birdseag_02
	tamriel_data.esm    CREA    t_glb_fau_birdseag_03
	tamriel_data.esm    CREA    t_glb_fau_birdspr_01
	tamriel_data.esm    CREA    t_glb_fau_birdspr_02
	tamriel_data.esm    CREA    t_glb_fau_fishslds_01
	tamriel_data.esm    CREA    t_glb_fau_fishslsmds_01
	tamriel_data.esm    CREA    t_glb_fau_lrgspider_01
	tamriel_data.esm    CREA    t_glb_fau_lrgspider_02
	tamriel_data.esm    CREA    t_glb_fau_lrgspider_03
	tamriel_data.esm    CREA    t_glb_fau_mous_01
	tamriel_data.esm    CREA    t_glb_fau_mousbk_01
	tamriel_data.esm    CREA    t_glb_fau_mousgr_01
	tamriel_data.esm    CREA    t_glb_fau_mouswt_01
	tamriel_data.esm    CREA    t_glb_fau_ratbk_01
	tamriel_data.esm    CREA    t_glb_fau_ratcv_01
	tamriel_data.esm    CREA    t_glb_fau_ratcvds_01
	tamriel_data.esm    CREA    t_glb_fau_ratds_01
	tamriel_data.esm    CREA    t_glb_fau_ratgr_01
	tamriel_data.esm    CREA    t_glb_fau_ratwt_01
	tamriel_data.esm    CREA    t_glb_fau_seacr_01
	tamriel_data.esm    CREA    t_glb_fau_seacrds_01
	tamriel_data.esm    CREA    t_glb_und_lichgr_01
	tamriel_data.esm    CREA    t_glb_und_lichpl_01
	tamriel_data.esm    CREA    t_glb_und_skelarise_01
	tamriel_data.esm    CREA    t_glb_und_skelarise_02
	tamriel_data.esm    CREA    t_glb_und_skelarise_03
	tamriel_data.esm    CREA    t_glb_und_skelarise_04
	tamriel_data.esm    CREA    t_glb_und_skelcmpgr_01
	tamriel_data.esm    CREA    t_glb_und_skelcmppl_01
	tamriel_data.esm    CREA    t_glb_und_skelkha_01
	tamriel_data.esm    CREA    t_glb_und_skelorc_01
	tamriel_data.esm    CREA    t_glb_und_skelorc_02
	tamriel_data.esm    CREA    t_glb_und_skelpir_01
	tamriel_data.esm    CREA    t_glb_und_skelpl_01
	tamriel_data.esm    CREA    t_glb_und_skelwlor_01
	tamriel_data.esm    CREA    t_glb_und_skelwlorpl_01
	tamriel_data.esm    CREA    t_glb_uni_orgnumcoffer
	tamriel_data.esm    CREA    t_ham_fau_goat_01
	tamriel_data.esm    CREA    t_ham_fau_goat_02
	tamriel_data.esm    CREA    t_ham_fau_spkworm_01
	tamriel_data.esm    CREA    t_ham_fau_spkwormds_01
	tamriel_data.esm    CREA    t_ham_fau_wormmth_01
	tamriel_data.esm    CREA    t_mw_cre_gobshm_01
	tamriel_data.esm    CREA    t_mw_fau_armunkag_01
	tamriel_data.esm    CREA    t_mw_fau_beetlebl_01
	tamriel_data.esm    CREA    t_mw_fau_beetleblds_01
	tamriel_data.esm    CREA    t_mw_fau_beetlebr_01
	tamriel_data.esm    CREA    t_mw_fau_beetlebrds_01
	tamriel_data.esm    CREA    t_mw_fau_beetlegr_01
	tamriel_data.esm    CREA    t_mw_fau_beetlegrds_01
	tamriel_data.esm    CREA    t_mw_fau_beetlehr_01
	tamriel_data.esm    CREA    t_mw_fau_beetlehrds_01
	tamriel_data.esm    CREA    t_mw_fau_ceph_01
	tamriel_data.esm    CREA    t_mw_fau_cephbg_01
	tamriel_data.esm    CREA    t_mw_fau_cephbgds_01
	tamriel_data.esm    CREA    t_mw_fau_cephds_01
	tamriel_data.esm    CREA    t_mw_fau_eyest_01
	tamriel_data.esm    CREA    t_mw_fau_eyestds_01
	tamriel_data.esm    CREA    t_mw_fau_fish_01a
	tamriel_data.esm    CREA    t_mw_fau_fish_01b
	tamriel_data.esm    CREA    t_mw_fau_fish_01c
	tamriel_data.esm    CREA    t_mw_fau_fish_02a
	tamriel_data.esm    CREA    t_mw_fau_fish_02b
	tamriel_data.esm    CREA    t_mw_fau_fish_02c
	tamriel_data.esm    CREA    t_mw_fau_fish_03a
	tamriel_data.esm    CREA    t_mw_fau_fish_03b
	tamriel_data.esm    CREA    t_mw_fau_fish_03c
	tamriel_data.esm    CREA    t_mw_fau_guards_01
	tamriel_data.esm    CREA    t_mw_fau_guarfrds_01
	tamriel_data.esm    CREA    t_mw_fau_guarhrn_01
	tamriel_data.esm    CREA    t_mw_fau_hoom_01
	tamriel_data.esm    CREA    t_mw_fau_juvenilerivers
	tamriel_data.esm    CREA    t_mw_fau_kagrn_01
	tamriel_data.esm    CREA    t_mw_fau_kwafrgds_01
	tamriel_data.esm    CREA    t_mw_fau_kwaqnds_01
	tamriel_data.esm    CREA    t_mw_fau_kwawrds_01
	tamriel_data.esm    CREA    t_mw_fau_molec_01
	tamriel_data.esm    CREA    t_mw_fau_molecds_01
	tamriel_data.esm    CREA    t_mw_fau_mucklch_01
	tamriel_data.esm    CREA    t_mw_fau_mucklchds_01
	tamriel_data.esm    CREA    t_mw_fau_muskf_01
	tamriel_data.esm    CREA    t_mw_fau_muskfds_01
	tamriel_data.esm    CREA    t_mw_fau_muskfrn_01
	tamriel_data.esm    CREA    t_mw_fau_netblds_01
	tamriel_data.esm    CREA    t_mw_fau_netblrcds_01
	tamriel_data.esm    CREA    t_mw_fau_netbtyds_01
	tamriel_data.esm    CREA    t_mw_fau_netbtyrcds_01
	tamriel_data.esm    CREA    t_mw_fau_nixhds_01
	tamriel_data.esm    CREA    t_mw_fau_nixm_01
	tamriel_data.esm    CREA    t_mw_fau_orn_01
	tamriel_data.esm    CREA    t_mw_fau_ornds_01
	tamriel_data.esm    CREA    t_mw_fau_ornqn_01
	tamriel_data.esm    CREA    t_mw_fau_ornqnds_01
	tamriel_data.esm    CREA    t_mw_fau_para_01
	tamriel_data.esm    CREA    t_mw_fau_parads_01
	tamriel_data.esm    CREA    t_mw_fau_paravn_01
	tamriel_data.esm    CREA    t_mw_fau_paravnds_01
	tamriel_data.esm    CREA    t_mw_fau_plstrid_01
	tamriel_data.esm    CREA    t_mw_fau_skrend_01
	tamriel_data.esm    CREA    t_mw_fau_skrendds_01
	tamriel_data.esm    CREA    t_mw_fau_skrendgrnd_01
	tamriel_data.esm    CREA    t_mw_fau_skrendhtc_01
	tamriel_data.esm    CREA    t_mw_fau_skrendmnt_01
	tamriel_data.esm    CREA    t_mw_fau_slstrid_01
	tamriel_data.esm    CREA    t_mw_fau_swfly_01
	tamriel_data.esm    CREA    t_mw_fau_trllsw_01
	tamriel_data.esm    CREA    t_mw_fau_trllswds_01
	tamriel_data.esm    CREA    t_mw_fau_tull_01
	tamriel_data.esm    CREA    t_mw_fau_tullcf_01
	tamriel_data.esm    CREA    t_mw_fau_tullcfds_01
	tamriel_data.esm    CREA    t_mw_fau_tullds_01
	tamriel_data.esm    CREA    t_mw_fau_velk_01
	tamriel_data.esm    CREA    t_mw_fau_yethbug_01
	tamriel_data.esm    CREA    t_mw_und_ancestorwep_01
	tamriel_data.esm    CREA    t_mw_und_boneldgr_01
	tamriel_data.esm    CREA    t_mw_und_boneldpl_01
	tamriel_data.esm    CREA    t_mw_und_bonewkgrpl_01
	tamriel_data.esm    CREA    t_mw_und_bonewkpl_01
	tamriel_data.esm    CREA    t_mw_und_mum_01
	tamriel_data.esm    CREA    t_mw_und_mum_02
	tamriel_data.esm    CREA    t_mw_und_mum_rise_02
	tamriel_data.esm    CREA    t_mw_und_mumpl_01
	tamriel_data.esm    CREA    t_mw_und_skelarc_01
	tamriel_data.esm    CREA    t_mw_und_skelwwiz_01
	tamriel_data.esm    CREA    t_sky_cre_giant_01
	tamriel_data.esm    CREA    t_sky_cre_gobbrs_01
	tamriel_data.esm    CREA    t_sky_cre_gobbru_01
	tamriel_data.esm    CREA    t_sky_cre_gobchf_01
	tamriel_data.esm    CREA    t_sky_cre_gobshm_01
	tamriel_data.esm    CREA    t_sky_cre_gobskr_01
	tamriel_data.esm    CREA    t_sky_cre_gobthr_01
	tamriel_data.esm    CREA    t_sky_cre_hagraven_01
	tamriel_data.esm    CREA    t_sky_cre_icewr_01
	tamriel_data.esm    CREA    t_sky_cre_mino_01
	tamriel_data.esm    CREA    t_sky_cre_minods_01
	tamriel_data.esm    CREA    t_sky_cre_spriggan_01
	tamriel_data.esm    CREA    t_sky_cre_sprigganel_01
	tamriel_data.esm    CREA    t_sky_cre_sprigganny_01
	tamriel_data.esm    CREA    t_sky_fau_bearbk_01
	tamriel_data.esm    CREA    t_sky_fau_bearbkds_01
	tamriel_data.esm    CREA    t_sky_fau_bearbr_01
	tamriel_data.esm    CREA    t_sky_fau_bearbrds_01
	tamriel_data.esm    CREA    t_sky_fau_beargr_01
	tamriel_data.esm    CREA    t_sky_fau_beargrds_01
	tamriel_data.esm    CREA    t_sky_fau_bearred_01
	tamriel_data.esm    CREA    t_sky_fau_bearredds_01
	tamriel_data.esm    CREA    t_sky_fau_bearsn_01
	tamriel_data.esm    CREA    t_sky_fau_boar_01
	tamriel_data.esm    CREA    t_sky_fau_boards_01
	tamriel_data.esm    CREA    t_sky_fau_catlcow_01
	tamriel_data.esm    CREA    t_sky_fau_catlcow_02
	tamriel_data.esm    CREA    t_sky_fau_catlcowp_01
	tamriel_data.esm    CREA    t_sky_fau_elk_01
	tamriel_data.esm    CREA    t_sky_fau_elk_02
	tamriel_data.esm    CREA    t_sky_fau_elkwhite_01
	tamriel_data.esm    CREA    t_sky_fau_fishbrntr_01
	tamriel_data.esm    CREA    t_sky_fau_fishcod_01
	tamriel_data.esm    CREA    t_sky_fau_fishpike_01
	tamriel_data.esm    CREA    t_sky_fau_fishpikpr_01
	tamriel_data.esm    CREA    t_sky_fau_fishsalm_01
	tamriel_data.esm    CREA    t_sky_fau_goatmn_01
	tamriel_data.esm    CREA    t_sky_fau_goatmnds_01
	tamriel_data.esm    CREA    t_sky_fau_goatmnfr_01
	tamriel_data.esm    CREA    t_sky_fau_horker_01
	tamriel_data.esm    CREA    t_sky_fau_horkerds_01
	tamriel_data.esm    CREA    t_sky_fau_hrs_01
	tamriel_data.esm    CREA    t_sky_fau_hrs_02
	tamriel_data.esm    CREA    t_sky_fau_hrs_03
	tamriel_data.esm    CREA    t_sky_fau_hrs_04
	tamriel_data.esm    CREA    t_sky_fau_hrsct_01
	tamriel_data.esm    CREA    t_sky_fau_hrsct_02
	tamriel_data.esm    CREA    t_sky_fau_hrsct_03
	tamriel_data.esm    CREA    t_sky_fau_hrsct_04
	tamriel_data.esm    CREA    t_sky_fau_mamm_01
	tamriel_data.esm    CREA    t_sky_fau_raki_01
	tamriel_data.esm    CREA    t_sky_fau_sabcat_01
	tamriel_data.esm    CREA    t_sky_fau_sabcat_02
	tamriel_data.esm    CREA    t_sky_fau_sabcatds_01
	tamriel_data.esm    CREA    t_sky_fau_sabcatds_02
	tamriel_data.esm    CREA    t_sky_fau_wolfbla_01
	tamriel_data.esm    CREA    t_sky_fau_wolfblads_01
	tamriel_data.esm    CREA    t_sky_fau_wolfblasml_01
	tamriel_data.esm    CREA    t_sky_fau_wolfgr_01
	tamriel_data.esm    CREA    t_sky_fau_wolfgr_dis_01
	tamriel_data.esm    CREA    t_sky_fau_wolfred_01
	tamriel_data.esm    CREA    t_sky_fau_wolfredds_01
	tamriel_data.esm    CREA    t_sky_und_bonewolf_01
	tamriel_data.esm    CREA    t_sky_und_drgr_01
	tamriel_data.esm    CREA    t_sky_und_drgrhousc_01
	tamriel_data.esm    CREA    t_sky_und_drgrlor_01
	tamriel_data.esm    CREA    t_sky_und_drgrrot_01
	tamriel_data.esm    CREA    t_sky_und_drgrtong_01
	tamriel_data.esm    CREA    t_sky_und_lichfr_01
	tamriel_data.esm    CREA    t_sky_und_lichfr_02
	tamriel_data.esm    CREA    t_sky_und_lichfr_03
	tamriel_data.esm    CREA    t_sky_und_lichfr_04
	tamriel_data.esm    CREA    t_sky_und_skelcr_01
	tamriel_data.esm    RACE    t_els_cathay
	tamriel_data.esm    RACE    t_els_cathay-raht
	tamriel_data.esm    RACE    t_els_ohmes
	tamriel_data.esm    RACE    t_els_ohmes-raht
	tamriel_data.esm    RACE    t_els_suthay
	tamriel_data.esm    RACE    t_pya_seaelf
	tamriel_data.esm    RACE    t_sky_reachman
	tr_mainland.esm     CREA    tr_almas_thirr_ghost
	tr_mainland.esm     CREA    tr_ancestor_necrom
	tr_mainland.esm     CREA    tr_ancestor_necrom_d
	tr_mainland.esm     CREA    tr_ancestor_necrom_s
	tr_mainland.esm     CREA    tr_cr_bomuskfly
	tr_mainland.esm     CREA    tr_cr_bomuskfly2
	tr_mainland.esm     CREA    tr_cr_dridrea_shambalu
	tr_mainland.esm     CREA    tr_cr_sstriderargil_uni
	tr_mainland.esm     CREA    tr_guar_pack_goldy
	tr_mainland.esm     CREA    tr_i3-785_dead_kwama_fo
	tr_mainland.esm     CREA    tr_i4-513_molecrab01
	tr_mainland.esm     CREA    tr_i4-513_molecrab02
	tr_mainland.esm     CREA    tr_i4-513_molecrab03
	tr_mainland.esm     CREA    tr_i4-513_molecrab04
	tr_mainland.esm     CREA    tr_i4-513_molecrab_dead
	tr_mainland.esm     CREA    tr_m1_aran_bonew_g_pla
	tr_mainland.esm     CREA    tr_m1_aran_bonew_plague
	tr_mainland.esm     CREA    tr_m1_aran_ghost
	tr_mainland.esm     CREA    tr_m1_aran_ghost_pla_gr
	tr_mainland.esm     CREA    tr_m1_aran_ghost_plague
	tr_mainland.esm     CREA    tr_m1_aran_lich
	tr_mainland.esm     CREA    tr_m1_aran_mummy
	tr_mainland.esm     CREA    tr_m1_aran_skel_ch_pla
	tr_mainland.esm     CREA    tr_m1_aran_skeleton
	tr_mainland.esm     CREA    tr_m1_aranyon-hunger
	tr_mainland.esm     CREA    tr_m1_aranyon_lich
	tr_mainland.esm     CREA    tr_m1_beh
	tr_mainland.esm     CREA    tr_m1_cr_i2_drekhva
	tr_mainland.esm     CREA    tr_m1_deadguar2_i1-65-t
	tr_mainland.esm     CREA    tr_m1_deadguar_i1-65-te
	tr_mainland.esm     CREA    tr_m1_devourer
	tr_mainland.esm     CREA    tr_m1_evillich_i1-6
	tr_mainland.esm     CREA    tr_m1_ggolem_mud
	tr_mainland.esm     CREA    tr_m1_golem_eldaleguard
	tr_mainland.esm     CREA    tr_m1_i42_dreugh_warlor
	tr_mainland.esm     CREA    tr_m1_lich_i1-38
	tr_mainland.esm     CREA    tr_m1_lud_stcent_01
	tr_mainland.esm     CREA    tr_m1_lud_stcent_02
	tr_mainland.esm     CREA    tr_m1_lud_stcent_03
	tr_mainland.esm     CREA    tr_m1_lud_stcent_04
	tr_mainland.esm     CREA    tr_m1_mating_alit_uni
	tr_mainland.esm     CREA    tr_m1_molecrab_s
	tr_mainland.esm     CREA    tr_m1_molecrab_w
	tr_mainland.esm     CREA    tr_m1_noga-togroi
	tr_mainland.esm     CREA    tr_m1_ptdresguardmtd
	tr_mainland.esm     CREA    tr_m1_q59_hao_cr_ogrm
	tr_mainland.esm     CREA    tr_m1_q59_pr_rat
	tr_mainland.esm     CREA    tr_m1_q66_ght_el2_dremo
	tr_mainland.esm     CREA    tr_m1_q67_fa2_scamp
	tr_mainland.esm     CREA    tr_m1_q_57_attackcrab
	tr_mainland.esm     CREA    tr_m1_q_57_supercrab
	tr_mainland.esm     CREA    tr_m1_q_alitgroup
	tr_mainland.esm     CREA    tr_m1_q_alitgrouplead
	tr_mainland.esm     CREA    tr_m1_q_attackguar
	tr_mainland.esm     CREA    tr_m1_q_attackkagouti
	tr_mainland.esm     CREA    tr_m1_q_fwclannfear_uni
	tr_mainland.esm     CREA    tr_m1_q_skel_rgirth1
	tr_mainland.esm     CREA    tr_m1_q_skel_rgirth2
	tr_mainland.esm     CREA    tr_m1_q_skel_uneleas
	tr_mainland.esm     CREA    tr_m1_sa_fg_guar
	tr_mainland.esm     CREA    tr_m1_sa_fg_guar_free
	tr_mainland.esm     CREA    tr_m1_tame_plainstrider
	tr_mainland.esm     CREA    tr_m1_tel_darys_scamp_i
	tr_mainland.esm     CREA    tr_m1_vermai_pt
	tr_mainland.esm     CREA    tr_m2-dead_rat
	tr_mainland.esm     CREA    tr_m2_drolarmanor_skel1
	tr_mainland.esm     CREA    tr_m2_drolarmanor_skel2
	tr_mainland.esm     CREA    tr_m2_ghost_dhal
	tr_mainland.esm     CREA    tr_m2_ghost_mort
	tr_mainland.esm     CREA    tr_m2_ghost_necrom_s
	tr_mainland.esm     CREA    tr_m2_i394_skeleton cha
	tr_mainland.esm     CREA    tr_m2_kmlz_king_deadrat
	tr_mainland.esm     CREA    tr_m2_kwama forager_dul
	tr_mainland.esm     CREA    tr_m2_kwama queen_dulun
	tr_mainland.esm     CREA    tr_m2_kwama queen_he
	tr_mainland.esm     CREA    tr_m2_kwama queen_kapid
	tr_mainland.esm     CREA    tr_m2_kwama warrior_dul
	tr_mainland.esm     CREA    tr_m2_kwama worker_dul
	tr_mainland.esm     CREA    tr_m2_lich_lorddrolar
	tr_mainland.esm     CREA    tr_m2_lich_thelaro
	tr_mainland.esm     CREA    tr_m2_mugan_bonelord
	tr_mainland.esm     CREA    tr_m2_mugan_bonewalker
	tr_mainland.esm     CREA    tr_m2_mugan_skeleton
	tr_mainland.esm     CREA    tr_m2_mugan_skeletonc
	tr_mainland.esm     CREA    tr_m2_q_18_packrat
	tr_mainland.esm     CREA    tr_m2_q_18_skellie
	tr_mainland.esm     CREA    tr_m2_q_20_guuljhka
	tr_mainland.esm     CREA    tr_m2_q_22_ignoremarker
	tr_mainland.esm     CREA    tr_m2_q_22_spectre
	tr_mainland.esm     CREA    tr_m2_q_29_4_dridrea
	tr_mainland.esm     CREA    tr_m2_q_32_guar_hlavesa
	tr_mainland.esm     CREA    tr_m2_q_38_favrghost
	tr_mainland.esm     CREA    tr_m2_q_4_sorendremora
	tr_mainland.esm     CREA    tr_m2_q_a8_4_dridrea
	tr_mainland.esm     CREA    tr_m2_q_a8_4_matriarch
	tr_mainland.esm     CREA    tr_m2_q_a8_5_atronach
	tr_mainland.esm     CREA    tr_m2_q_a8_5_passive1
	tr_mainland.esm     CREA    tr_m2_q_a8_5_passive2
	tr_mainland.esm     CREA    tr_m2_q_a8_5_skel arche
	tr_mainland.esm     CREA    tr_m2_q_a8_5_skel_melee
	tr_mainland.esm     CREA    tr_m2_q_a8_5_skel_warwi
	tr_mainland.esm     CREA    tr_m2_q_a9_5_ghost_dhal
	tr_mainland.esm     CREA    tr_m2_q_a9_5_lich_salv
	tr_mainland.esm     CREA    tr_m2_q_a9_6_daedroth
	tr_mainland.esm     CREA    tr_m2_skeleton warrior
	tr_mainland.esm     CREA    tr_m3_cr_aimrahdreugh
	tr_mainland.esm     CREA    tr_m3_cr_aimrahdreugh2
	tr_mainland.esm     CREA    tr_m3_cr_aimrahdreugh3
	tr_mainland.esm     CREA    tr_m3_cr_aimrahdreugh4
	tr_mainland.esm     CREA    tr_m3_cr_aimrahgilarat
	tr_mainland.esm     CREA    tr_m3_cr_caughtrat
	tr_mainland.esm     CREA    tr_m3_cr_ebontghost
	tr_mainland.esm     CREA    tr_m3_cr_htatronach
	tr_mainland.esm     CREA    tr_m3_cr_kwamaqmunat
	tr_mainland.esm     CREA    tr_m3_cr_napalidreughd
	tr_mainland.esm     CREA    tr_m3_cr_oesewerfish_01
	tr_mainland.esm     CREA    tr_m3_cr_oesewerfish_02
	tr_mainland.esm     CREA    tr_m3_cr_oesewerfish_03
	tr_mainland.esm     CREA    tr_m3_cr_oesewerfish_04
	tr_mainland.esm     CREA    tr_m3_cr_raathimghost
	tr_mainland.esm     CREA    tr_m3_cr_rabawiacrab
	tr_mainland.esm     CREA    tr_m3_cr_rabawiacrabadv
	tr_mainland.esm     CREA    tr_m3_cr_rabawiacrabbig
	tr_mainland.esm     CREA    tr_m3_duroth nil
	tr_mainland.esm     CREA    tr_m3_facesteal_dremora
	tr_mainland.esm     CREA    tr_m3_facesteal_scamp
	tr_mainland.esm     CREA    tr_m3_felmsvelk
	tr_mainland.esm     CREA    tr_m3_giantnixhound
	tr_mainland.esm     CREA    tr_m3_kha_11_clannftalk
	tr_mainland.esm     CREA    tr_m3_kha_11_dremoramrz
	tr_mainland.esm     CREA    tr_m3_kha_11_dremsewers
	tr_mainland.esm     CREA    tr_m3_kha_11_scampsewer
	tr_mainland.esm     CREA    tr_m3_kha_5_scampdrunk
	tr_mainland.esm     CREA    tr_m3_kha_9_dremorasmth
	tr_mainland.esm     CREA    tr_m3_kha_clannfear_01
	tr_mainland.esm     CREA    tr_m3_kha_clannfear_02
	tr_mainland.esm     CREA    tr_m3_kha_daedroth_thul
	tr_mainland.esm     CREA    tr_m3_kha_daedroth_thus
	tr_mainland.esm     CREA    tr_m3_kha_drem_meth_uld
	tr_mainland.esm     CREA    tr_m3_kha_dremorasplcst
	tr_mainland.esm     CREA    tr_m3_kha_fire_scamp
	tr_mainland.esm     CREA    tr_m3_kha_flame_atro_01
	tr_mainland.esm     CREA    tr_m3_kha_flame_atro_02
	tr_mainland.esm     CREA    tr_m3_kha_flame_atro_03
	tr_mainland.esm     CREA    tr_m3_kha_loadscreenske
	tr_mainland.esm     CREA    tr_m3_kha_vermai_01
	tr_mainland.esm     CREA    tr_m3_kha_wingtwi_luna
	tr_mainland.esm     CREA    tr_m3_maesabunmummy_uni
	tr_mainland.esm     CREA    tr_m3_moraelyn_lich_uni
	tr_mainland.esm     CREA    tr_m3_oe_casik_dremora
	tr_mainland.esm     CREA    tr_m3_oe_fg_cr_aghost
	tr_mainland.esm     CREA    tr_m3_oe_fg_cr_velk
	tr_mainland.esm     CREA    tr_m3_oe_fg_cr_verm
	tr_mainland.esm     CREA    tr_m3_oe_hhontjulfdog
	tr_mainland.esm     CREA    tr_m3_oe_mg_amuletguar
	tr_mainland.esm     CREA    tr_m3_oe_mg_astienatron
	tr_mainland.esm     CREA    tr_m3_oe_mg_puzdreug
	tr_mainland.esm     CREA    tr_m3_oe_mg_puzdreugfly
	tr_mainland.esm     CREA    tr_m3_oe_mg_puzfish1
	tr_mainland.esm     CREA    tr_m3_oe_mg_puzfish1fly
	tr_mainland.esm     CREA    tr_m3_oe_mg_puzfish2
	tr_mainland.esm     CREA    tr_m3_oe_mg_puzfish2fly
	tr_mainland.esm     CREA    tr_m3_oe_mg_puzfish3
	tr_mainland.esm     CREA    tr_m3_oe_mg_puzfish3fly
	tr_mainland.esm     CREA    tr_m3_oe_mg_puzzleghost
	tr_mainland.esm     CREA    tr_m3_oe_raathimguard01
	tr_mainland.esm     CREA    tr_m3_oe_raathimguard02
	tr_mainland.esm     CREA    tr_m3_oe_raathimguard03
	tr_mainland.esm     CREA    tr_m3_oe_raathimguardb1
	tr_mainland.esm     CREA    tr_m3_oe_raathimguardb2
	tr_mainland.esm     CREA    tr_m3_oe_rumaguestscamp
	tr_mainland.esm     CREA    tr_m3_oe_telvannidaedra
	tr_mainland.esm     CREA    tr_m3_oe_tg_fentus4guar
	tr_mainland.esm     CREA    tr_m3_oe_winecellarrat
	tr_mainland.esm     CREA    tr_m3_pelagius the rat
	tr_mainland.esm     CREA    tr_m3_q_12_krieps
	tr_mainland.esm     CREA    tr_m3_q_13_laasta
	tr_mainland.esm     CREA    tr_m3_q_a7_bosskelp
	tr_mainland.esm     CREA    tr_m3_q_a7_bosskelw
	tr_mainland.esm     CREA    tr_m3_q_a9_bonelord
	tr_mainland.esm     CREA    tr_m3_q_a9_daedroth
	tr_mainland.esm     CREA    tr_m3_q_a9_ghost
	tr_mainland.esm     CREA    tr_m3_q_a9_ghosttomb1
	tr_mainland.esm     CREA    tr_m3_q_a9_ghosttomb2
	tr_mainland.esm     CREA    tr_m3_q_a9_ghosttomb3
	tr_mainland.esm     CREA    tr_m3_q_fiendalit
	tr_mainland.esm     CREA    tr_m3_q_fiendhoom
	tr_mainland.esm     CREA    tr_m3_q_fiendkwama
	tr_mainland.esm     CREA    tr_m3_q_fiendscrib
	tr_mainland.esm     CREA    tr_m3_q_fiendshalk
	tr_mainland.esm     CREA    tr_m3_q_fiendshalkclone
	tr_mainland.esm     CREA    tr_m3_q_fiendtroll
	tr_mainland.esm     CREA    tr_m3_q_fiendwormmouth
	tr_mainland.esm     CREA    tr_m3_q_il_rat
	tr_mainland.esm     CREA    tr_m3_q_kelkemmello_wt
	tr_mainland.esm     CREA    tr_m3_q_kha_bellvermai
	tr_mainland.esm     CREA    tr_m3_q_kha_ogrim_titan
	tr_mainland.esm     CREA    tr_m3_q_kha_uridimmu
	tr_mainland.esm     CREA    tr_m3_q_oe_mg_dremlord
	tr_mainland.esm     CREA    tr_m3_q_oe_urienmudcrab
	tr_mainland.esm     CREA    tr_m3_q_skelwiz
	tr_mainland.esm     CREA    tr_m3_q_sy_ancestor
	tr_mainland.esm     CREA    tr_m3_q_theriftpahmar
	tr_mainland.esm     CREA    tr_m3_q_theriftsq1
	tr_mainland.esm     CREA    tr_m3_q_theriftsq10
	tr_mainland.esm     CREA    tr_m3_q_theriftsq11
	tr_mainland.esm     CREA    tr_m3_q_theriftsq12
	tr_mainland.esm     CREA    tr_m3_q_theriftsq13
	tr_mainland.esm     CREA    tr_m3_q_theriftsq14
	tr_mainland.esm     CREA    tr_m3_q_theriftsq15
	tr_mainland.esm     CREA    tr_m3_q_theriftsq2
	tr_mainland.esm     CREA    tr_m3_q_theriftsq3
	tr_mainland.esm     CREA    tr_m3_q_theriftsq4
	tr_mainland.esm     CREA    tr_m3_q_theriftsq5
	tr_mainland.esm     CREA    tr_m3_q_theriftsq6
	tr_mainland.esm     CREA    tr_m3_q_theriftsq7
	tr_mainland.esm     CREA    tr_m3_q_theriftsq8
	tr_mainland.esm     CREA    tr_m3_q_theriftsq9
	tr_mainland.esm     CREA    tr_m3_q_velk_dag
	tr_mainland.esm     CREA    tr_m3_rakan
	tr_mainland.esm     CREA    tr_m3_sabine valtienne
	tr_mainland.esm     CREA    tr_m3_skeleton_jailer
	tr_mainland.esm     CREA    tr_m3_skeleton_plague
	tr_mainland.esm     CREA    tr_m3_storyclannfear
	tr_mainland.esm     CREA    tr_m3_storygoldensaint
	tr_mainland.esm     CREA    tr_m3_tt_dis_trap_scamp
	tr_mainland.esm     CREA    tr_m3_tt_dis_wt_kras
	tr_mainland.esm     CREA    tr_m3_tt_dis_wt_kras_k
	tr_mainland.esm     CREA    tr_m3_tt_flood_ashdreug
	tr_mainland.esm     CREA    tr_m3_xaxmir
	tr_mainland.esm     CREA    tr_m3_zan_indoskel
	tr_mainland.esm     CREA    tr_m3_zan_lich
	tr_mainland.esm     CREA    tr_m4_cog_bonehead
	tr_mainland.esm     CREA    tr_m4_cog_boneripper
	tr_mainland.esm     CREA    tr_m4_cog_madeye
	tr_mainland.esm     CREA    tr_m4_cr_aizuhr-suur
	tr_mainland.esm     CREA    tr_m4_cr_aizuhr-suur2
	tr_mainland.esm     CREA    tr_m4_cr_hautharmo
	tr_mainland.esm     CREA    tr_m4_cr_hautharmoserve
	tr_mainland.esm     CREA    tr_m4_cr_suldunkwamaq
	tr_mainland.esm     CREA    tr_m4_cr_suldunkwamaw
	tr_mainland.esm     CREA    tr_m4_cr_uttumilkspider
	tr_mainland.esm     CREA    tr_m4_cr_vyssar
	tr_mainland.esm     CREA    tr_m4_q_ir_killermudcra
	tr_mainland.esm     CREA    tr_m4_sheo_scrib
	tr_mainland.esm     CREA    tr_m4_sheo_toy_thief
	tr_mainland.esm     CREA    tr_m4_tj_ancg_arina
	tr_mainland.esm     CREA    tr_m4_tj_ancg_court
	tr_mainland.esm     CREA    tr_m4_tj_ancg_emrysr
	tr_mainland.esm     CREA    tr_m4_tj_ancg_ethyla
	tr_mainland.esm     CREA    tr_m4_tj_ancg_ondrasa
	tr_mainland.esm     CREA    tr_m4_tj_ancg_suroa
	tr_mainland.esm     CREA    tr_m4_tj_ancg_uloryse
	tr_mainland.esm     CREA    tr_m4_tj_bonelord_judge
	tr_mainland.esm     CREA    tr_m4_tj_daedroth_chmbr
	tr_mainland.esm     CREA    tr_m4_tj_dremoralord
	tr_mainland.esm     CREA    tr_m4_tj_dridrea_m
	tr_mainland.esm     CREA    tr_m4_tj_drunkdaedroth
	tr_mainland.esm     CREA    tr_m4_tj_guardian
	tr_mainland.esm     CREA    tr_m4_tj_guardian_kha
	tr_mainland.esm     CREA    tr_m4_tj_hunger
	tr_mainland.esm     CREA    tr_m4_tj_hungerminion1
	tr_mainland.esm     CREA    tr_m4_tj_hungerminion2
	tr_mainland.esm     CREA    tr_m4_tj_introclannf1
	tr_mainland.esm     CREA    tr_m4_tj_introclannf2
	tr_mainland.esm     CREA    tr_m4_tj_introscamp
	tr_mainland.esm     CREA    tr_m4_tj_ogrim
	tr_mainland.esm     CREA    tr_m4_tj_ogrimclannfear
	tr_mainland.esm     CREA    tr_m4_tj_prisonscamp
	tr_mainland.esm     CREA    tr_m4_tj_scamp_accused
	tr_mainland.esm     CREA    tr_m4_tj_scamp_crtyrd_1
	tr_mainland.esm     CREA    tr_m4_tj_scamp_crtyrd_2
	tr_mainland.esm     CREA    tr_m4_tj_scamp_crtyrd_3
	tr_mainland.esm     CREA    tr_m4_tj_scamp_crtyrd_4
	tr_mainland.esm     CREA    tr_m4_tj_wingedt_intro
	tr_mainland.esm     CREA    tr_m4_tj_wingedt_key
	tr_mainland.esm     CREA    tr_m4_tj_wingedt_smith
	tr_mainland.esm     CREA    tr_m4_tj_wingedt_spire
	tr_mainland.esm     CREA    tr_nixmount_bosmora
