Better Dwemer Weapons.ESP: DUP-REC EVLGMST MASTERS MISSAUT MISSDSC MISSVER NUMRECS OVR-REC
    MASTERS: out of sync with the masters installed in your Data Files directory:
	Morrowind.esm               79764287 (plugin)   79837557 (installed size)
    [NUMRECS]: number of records in TES3.HEDR (86) != Actual count (30)
    [EVLGMST] Tribunal(11) Bloodmoon(5):
	BM seditnote
	BM swerewolfalarmmessage
	BM swerewolfpopup
	BM swerewolfrefusal
	BM swerewolfrestmessage
	TB scompanionshare
	TB scompanionwarningbuttonone
	TB scompanionwarningbuttontwo
	TB scompanionwarningmessage
	TB sdeletenote
	TB seffectsummonfabricant
	TB slevitatedisabled
	TB smagicfabricantid
	TB smaxsale
	TB sprofitvalue
	TB steleportdisabled
    [OVR-REC] Overridden Records:
	From Master         Type    Name
	morrowind.esm       WEAP    dwarven axe_soultrap
	morrowind.esm       WEAP    dwarven battle axe
	morrowind.esm       WEAP    dwarven claymore
	morrowind.esm       WEAP    dwarven halberd
	morrowind.esm       WEAP    dwarven halberd_soultrap
	morrowind.esm       WEAP    dwarven mace
	morrowind.esm       WEAP    dwarven shortsword
	morrowind.esm       WEAP    dwarven spear
	morrowind.esm       WEAP    dwarven war axe
	morrowind.esm       WEAP    dwarven warhammer
	morrowind.esm       WEAP    dwe_jinksword_curse_unique
	morrowind.esm       WEAP    dwemer jinksword
	morrowind.esm       WEAP    foeburner
	morrowind.esm       WEAP    we_stormforge
	tribunal.esm        GMST    scompanionshare
	tribunal.esm        GMST    scompanionwarningbuttonone
	tribunal.esm        GMST    scompanionwarningbuttontwo
	tribunal.esm        GMST    scompanionwarningmessage
	tribunal.esm        GMST    sdeletenote
	tribunal.esm        GMST    seditnote
	tribunal.esm        GMST    seffectsummonfabricant
	tribunal.esm        GMST    slevitatedisabled
	tribunal.esm        GMST    smagicfabricantid
	tribunal.esm        GMST    smaxsale
	tribunal.esm        GMST    sprofitvalue
	tribunal.esm        GMST    steleportdisabled
	tribunal.esm        GMST    swerewolfalarmmessage
	tribunal.esm        GMST    swerewolfpopup
	tribunal.esm        GMST    swerewolfrefusal
	tribunal.esm        GMST    swerewolfrestmessage
