Better Bodies.esp: DUP-REC MISSVER NUMRECS OVR-REC
    [NUMRECS]: number of records in TES3.HEDR (245) != Actual count (244)
    [OVR-REC] Overridden Records:
	From Master         Type    Name
	morrowind.esm       BODY    b_n_argonian_f_ankle
	morrowind.esm       BODY    b_n_argonian_f_chest
	morrowind.esm       BODY    b_n_argonian_f_feet
	morrowind.esm       BODY    b_n_argonian_f_groin
	morrowind.esm       BODY    b_n_argonian_f_hands
	morrowind.esm       BODY    b_n_argonian_f_hands.1st
	morrowind.esm       BODY    b_n_argonian_f_knee
	morrowind.esm       BODY    b_n_argonian_f_neck
	morrowind.esm       BODY    b_n_argonian_f_tail
	morrowind.esm       BODY    b_n_argonian_f_upper arm
	morrowind.esm       BODY    b_n_argonian_f_upper leg
	morrowind.esm       BODY    b_n_argonian_f_wrist
	morrowind.esm       BODY    b_n_argonian_m_ankle
	morrowind.esm       BODY    b_n_argonian_m_chest
	morrowind.esm       BODY    b_n_argonian_m_feet
	morrowind.esm       BODY    b_n_argonian_m_forearm
	morrowind.esm       BODY    b_n_argonian_m_groin
	morrowind.esm       BODY    b_n_argonian_m_hands
	morrowind.esm       BODY    b_n_argonian_m_hands.1st
	morrowind.esm       BODY    b_n_argonian_m_knee
	morrowind.esm       BODY    b_n_argonian_m_neck
	morrowind.esm       BODY    b_n_argonian_m_tail
	morrowind.esm       BODY    b_n_argonian_m_upper arm
	morrowind.esm       BODY    b_n_argonian_m_upper leg
	morrowind.esm       BODY    b_n_argonian_m_wrist
	morrowind.esm       BODY    b_n_breton_f_ankle
	morrowind.esm       BODY    b_n_breton_f_chest
	morrowind.esm       BODY    b_n_breton_f_foot
	morrowind.esm       BODY    b_n_breton_f_forearm
	morrowind.esm       BODY    b_n_breton_f_groin
	morrowind.esm       BODY    b_n_breton_f_hands
	morrowind.esm       BODY    b_n_breton_f_hands.1st
	morrowind.esm       BODY    b_n_breton_f_knee
	morrowind.esm       BODY    b_n_breton_f_neck
	morrowind.esm       BODY    b_n_breton_f_upper arm
	morrowind.esm       BODY    b_n_breton_f_upper leg
	morrowind.esm       BODY    b_n_breton_f_wrist
	morrowind.esm       BODY    b_n_breton_m_ankle
	morrowind.esm       BODY    b_n_breton_m_chest
	morrowind.esm       BODY    b_n_breton_m_foot
	morrowind.esm       BODY    b_n_breton_m_forearm
	morrowind.esm       BODY    b_n_breton_m_groin
	morrowind.esm       BODY    b_n_breton_m_hand
	morrowind.esm       BODY    b_n_breton_m_hand.1st
	morrowind.esm       BODY    b_n_breton_m_knee
	morrowind.esm       BODY    b_n_breton_m_neck
	morrowind.esm       BODY    b_n_breton_m_upper arm
	morrowind.esm       BODY    b_n_breton_m_upper leg
	morrowind.esm       BODY    b_n_breton_m_wrist
	morrowind.esm       BODY    b_n_dark elf_f_ankle
	morrowind.esm       BODY    b_n_dark elf_f_chest
	morrowind.esm       BODY    b_n_dark elf_f_foot
	morrowind.esm       BODY    b_n_dark elf_f_forearm
	morrowind.esm       BODY    b_n_dark elf_f_groin
	morrowind.esm       BODY    b_n_dark elf_f_hand
	morrowind.esm       BODY    b_n_dark elf_f_hand.1st
	morrowind.esm       BODY    b_n_dark elf_f_knee
	morrowind.esm       BODY    b_n_dark elf_f_neck
	morrowind.esm       BODY    b_n_dark elf_f_upper arm
	morrowind.esm       BODY    b_n_dark elf_f_upper leg
	morrowind.esm       BODY    b_n_dark elf_f_wrist
	morrowind.esm       BODY    b_n_dark elf_m_ankle
	morrowind.esm       BODY    b_n_dark elf_m_chest
	morrowind.esm       BODY    b_n_dark elf_m_foot
	morrowind.esm       BODY    b_n_dark elf_m_forearm
	morrowind.esm       BODY    b_n_dark elf_m_groin
	morrowind.esm       BODY    b_n_dark elf_m_hand
	morrowind.esm       BODY    b_n_dark elf_m_hand.1st
	morrowind.esm       BODY    b_n_dark elf_m_knee
	morrowind.esm       BODY    b_n_dark elf_m_neck
	morrowind.esm       BODY    b_n_dark elf_m_upper arm
	morrowind.esm       BODY    b_n_dark elf_m_upper leg
	morrowind.esm       BODY    b_n_dark elf_m_wrist
	morrowind.esm       BODY    b_n_high elf_f_ankle
	morrowind.esm       BODY    b_n_high elf_f_chest
	morrowind.esm       BODY    b_n_high elf_f_foot
	morrowind.esm       BODY    b_n_high elf_f_forearm
	morrowind.esm       BODY    b_n_high elf_f_groin
	morrowind.esm       BODY    b_n_high elf_f_hands
	morrowind.esm       BODY    b_n_high elf_f_hands.1st
	morrowind.esm       BODY    b_n_high elf_f_knee
	morrowind.esm       BODY    b_n_high elf_f_neck
	morrowind.esm       BODY    b_n_high elf_f_upper arm
	morrowind.esm       BODY    b_n_high elf_f_upper leg
	morrowind.esm       BODY    b_n_high elf_f_wrist
	morrowind.esm       BODY    b_n_high elf_m_ankle
	morrowind.esm       BODY    b_n_high elf_m_chest
	morrowind.esm       BODY    b_n_high elf_m_foot
	morrowind.esm       BODY    b_n_high elf_m_forearm
	morrowind.esm       BODY    b_n_high elf_m_groin
	morrowind.esm       BODY    b_n_high elf_m_hand
	morrowind.esm       BODY    b_n_high elf_m_hand.1st
	morrowind.esm       BODY    b_n_high elf_m_knee
	morrowind.esm       BODY    b_n_high elf_m_neck
	morrowind.esm       BODY    b_n_high elf_m_upper arm
	morrowind.esm       BODY    b_n_high elf_m_upper leg
	morrowind.esm       BODY    b_n_high elf_m_wrist
	morrowind.esm       BODY    b_n_imperial_f_ankle
	morrowind.esm       BODY    b_n_imperial_f_chest
	morrowind.esm       BODY    b_n_imperial_f_foot
	morrowind.esm       BODY    b_n_imperial_f_forearm
	morrowind.esm       BODY    b_n_imperial_f_groin
	morrowind.esm       BODY    b_n_imperial_f_hands
	morrowind.esm       BODY    b_n_imperial_f_hands.1st
	morrowind.esm       BODY    b_n_imperial_f_knee
	morrowind.esm       BODY    b_n_imperial_f_neck
	morrowind.esm       BODY    b_n_imperial_f_upper arm
	morrowind.esm       BODY    b_n_imperial_f_upper leg
	morrowind.esm       BODY    b_n_imperial_f_wrist
	morrowind.esm       BODY    b_n_imperial_m_ankle
	morrowind.esm       BODY    b_n_imperial_m_chest
	morrowind.esm       BODY    b_n_imperial_m_foot
	morrowind.esm       BODY    b_n_imperial_m_forearm
	morrowind.esm       BODY    b_n_imperial_m_groin
	morrowind.esm       BODY    b_n_imperial_m_hands
	morrowind.esm       BODY    b_n_imperial_m_hands.1st
	morrowind.esm       BODY    b_n_imperial_m_knee
	morrowind.esm       BODY    b_n_imperial_m_neck
	morrowind.esm       BODY    b_n_imperial_m_upper arm
	morrowind.esm       BODY    b_n_imperial_m_upper leg
	morrowind.esm       BODY    b_n_imperial_m_wrist
	morrowind.esm       BODY    b_n_khajiit_f_ankle
	morrowind.esm       BODY    b_n_khajiit_f_chest
	morrowind.esm       BODY    b_n_khajiit_f_feet
	morrowind.esm       BODY    b_n_khajiit_f_forearm
	morrowind.esm       BODY    b_n_khajiit_f_groin
	morrowind.esm       BODY    b_n_khajiit_f_hands
	morrowind.esm       BODY    b_n_khajiit_f_hands.1st
	morrowind.esm       BODY    b_n_khajiit_f_knee
	morrowind.esm       BODY    b_n_khajiit_f_neck
	morrowind.esm       BODY    b_n_khajiit_f_tail
	morrowind.esm       BODY    b_n_khajiit_f_upper arm
	morrowind.esm       BODY    b_n_khajiit_f_upper leg
	morrowind.esm       BODY    b_n_khajiit_f_wrist
	morrowind.esm       BODY    b_n_khajiit_m_ankle
	morrowind.esm       BODY    b_n_khajiit_m_chest
	morrowind.esm       BODY    b_n_khajiit_m_foot
	morrowind.esm       BODY    b_n_khajiit_m_forearm
	morrowind.esm       BODY    b_n_khajiit_m_groin
	morrowind.esm       BODY    b_n_khajiit_m_hands
	morrowind.esm       BODY    b_n_khajiit_m_hands.1st
	morrowind.esm       BODY    b_n_khajiit_m_knee
	morrowind.esm       BODY    b_n_khajiit_m_neck
	morrowind.esm       BODY    b_n_khajiit_m_tail
	morrowind.esm       BODY    b_n_khajiit_m_upper arm
	morrowind.esm       BODY    b_n_khajiit_m_upper leg
	morrowind.esm       BODY    b_n_khajiit_m_wrist
	morrowind.esm       BODY    b_n_nord_f_ankle
	morrowind.esm       BODY    b_n_nord_f_chest
	morrowind.esm       BODY    b_n_nord_f_foot
	morrowind.esm       BODY    b_n_nord_f_forearm
	morrowind.esm       BODY    b_n_nord_f_groin
	morrowind.esm       BODY    b_n_nord_f_hands
	morrowind.esm       BODY    b_n_nord_f_hands.1st
	morrowind.esm       BODY    b_n_nord_f_knee
	morrowind.esm       BODY    b_n_nord_f_neck
	morrowind.esm       BODY    b_n_nord_f_upper arm
	morrowind.esm       BODY    b_n_nord_f_upper leg
	morrowind.esm       BODY    b_n_nord_f_wrist
	morrowind.esm       BODY    b_n_nord_m_ankle
	morrowind.esm       BODY    b_n_nord_m_chest
	morrowind.esm       BODY    b_n_nord_m_foot
	morrowind.esm       BODY    b_n_nord_m_forearm
	morrowind.esm       BODY    b_n_nord_m_groin
	morrowind.esm       BODY    b_n_nord_m_hands
	morrowind.esm       BODY    b_n_nord_m_hands.1st
	morrowind.esm       BODY    b_n_nord_m_knee
	morrowind.esm       BODY    b_n_nord_m_neck
	morrowind.esm       BODY    b_n_nord_m_upper arm
	morrowind.esm       BODY    b_n_nord_m_upper leg
	morrowind.esm       BODY    b_n_nord_m_wrist
	morrowind.esm       BODY    b_n_orc_f_ankle
	morrowind.esm       BODY    b_n_orc_f_chest
	morrowind.esm       BODY    b_n_orc_f_foot
	morrowind.esm       BODY    b_n_orc_f_forearm
	morrowind.esm       BODY    b_n_orc_f_groin
	morrowind.esm       BODY    b_n_orc_f_hands
	morrowind.esm       BODY    b_n_orc_f_hands.1st
	morrowind.esm       BODY    b_n_orc_f_knee
	morrowind.esm       BODY    b_n_orc_f_neck
	morrowind.esm       BODY    b_n_orc_f_upper arm
	morrowind.esm       BODY    b_n_orc_f_upper leg
	morrowind.esm       BODY    b_n_orc_f_wrist
	morrowind.esm       BODY    b_n_orc_m_ankle
	morrowind.esm       BODY    b_n_orc_m_chest
	morrowind.esm       BODY    b_n_orc_m_foot
	morrowind.esm       BODY    b_n_orc_m_forearm
	morrowind.esm       BODY    b_n_orc_m_groin
	morrowind.esm       BODY    b_n_orc_m_hands
	morrowind.esm       BODY    b_n_orc_m_hands.1st
	morrowind.esm       BODY    b_n_orc_m_knee
	morrowind.esm       BODY    b_n_orc_m_neck
	morrowind.esm       BODY    b_n_orc_m_upper arm
	morrowind.esm       BODY    b_n_orc_m_upper leg
	morrowind.esm       BODY    b_n_orc_m_wrist
	morrowind.esm       BODY    b_n_redguard_f_ankle
	morrowind.esm       BODY    b_n_redguard_f_chest
	morrowind.esm       BODY    b_n_redguard_f_foot
	morrowind.esm       BODY    b_n_redguard_f_forearm
	morrowind.esm       BODY    b_n_redguard_f_groin
	morrowind.esm       BODY    b_n_redguard_f_hands
	morrowind.esm       BODY    b_n_redguard_f_hands.1st
	morrowind.esm       BODY    b_n_redguard_f_knee
	morrowind.esm       BODY    b_n_redguard_f_neck
	morrowind.esm       BODY    b_n_redguard_f_upper arm
	morrowind.esm       BODY    b_n_redguard_f_upper leg
	morrowind.esm       BODY    b_n_redguard_f_wrist
	morrowind.esm       BODY    b_n_redguard_m_ankle
	morrowind.esm       BODY    b_n_redguard_m_chest
	morrowind.esm       BODY    b_n_redguard_m_foot
	morrowind.esm       BODY    b_n_redguard_m_forearm
	morrowind.esm       BODY    b_n_redguard_m_groin
	morrowind.esm       BODY    b_n_redguard_m_hands
	morrowind.esm       BODY    b_n_redguard_m_hands.1st
	morrowind.esm       BODY    b_n_redguard_m_knee
	morrowind.esm       BODY    b_n_redguard_m_neck
	morrowind.esm       BODY    b_n_redguard_m_upper arm
	morrowind.esm       BODY    b_n_redguard_m_upper leg
	morrowind.esm       BODY    b_n_redguard_m_wrist
	morrowind.esm       BODY    b_n_wood elf_f_ankle
	morrowind.esm       BODY    b_n_wood elf_f_chest
	morrowind.esm       BODY    b_n_wood elf_f_foot
	morrowind.esm       BODY    b_n_wood elf_f_forearm
	morrowind.esm       BODY    b_n_wood elf_f_groin
	morrowind.esm       BODY    b_n_wood elf_f_hands
	morrowind.esm       BODY    b_n_wood elf_f_hands.1st
	morrowind.esm       BODY    b_n_wood elf_f_knee
	morrowind.esm       BODY    b_n_wood elf_f_neck
	morrowind.esm       BODY    b_n_wood elf_f_upper arm
	morrowind.esm       BODY    b_n_wood elf_f_upper leg
	morrowind.esm       BODY    b_n_wood elf_f_wrist
	morrowind.esm       BODY    b_n_wood elf_m_ankle
	morrowind.esm       BODY    b_n_wood elf_m_chest
	morrowind.esm       BODY    b_n_wood elf_m_foot
	morrowind.esm       BODY    b_n_wood elf_m_forearm
	morrowind.esm       BODY    b_n_wood elf_m_groin
	morrowind.esm       BODY    b_n_wood elf_m_hands
	morrowind.esm       BODY    b_n_wood elf_m_hands.1st
	morrowind.esm       BODY    b_n_wood elf_m_knee
	morrowind.esm       BODY    b_n_wood elf_m_neck
	morrowind.esm       BODY    b_n_wood elf_m_upper arm
	morrowind.esm       BODY    b_n_wood elf_m_upper leg
	morrowind.esm       BODY    b_n_wood elf_m_wrist
