Bloodmoon Rebalance.esp: DUP-REC MISSAUT MISSDSC MISSVER OVR-REC
    [OVR-REC] Overridden Records:
	From Master         Type    Name
	bloodmoon.esm       CREA    bm_bear_black
	bloodmoon.esm       CREA    bm_bear_black_fat
	bloodmoon.esm       CREA    bm_bear_black_summon
	bloodmoon.esm       CREA    bm_bear_brown
	bloodmoon.esm       CREA    bm_bear_snow_unique
	bloodmoon.esm       CREA    bm_bear_spr_unique
	bloodmoon.esm       CREA    bm_draugr01
	bloodmoon.esm       CREA    bm_draugr_bloodskal
	bloodmoon.esm       CREA    bm_frost_boar
	bloodmoon.esm       CREA    bm_frost_giant
	bloodmoon.esm       CREA    bm_horker
	bloodmoon.esm       CREA    bm_horker_large
	bloodmoon.esm       CREA    bm_horker_swim_unique
	bloodmoon.esm       CREA    bm_ice_troll
	bloodmoon.esm       CREA    bm_ice_troll_sun
	bloodmoon.esm       CREA    bm_icetroll_fg_uni
	bloodmoon.esm       CREA    bm_riekling
	bloodmoon.esm       CREA    bm_riekling_be_unique
	bloodmoon.esm       CREA    bm_riekling_be_unique1
	bloodmoon.esm       CREA    bm_riekling_be_unique2
	bloodmoon.esm       CREA    bm_riekling_be_unique3
	bloodmoon.esm       CREA    bm_riekling_be_unique4
	bloodmoon.esm       CREA    bm_riekling_be_unique5
	bloodmoon.esm       CREA    bm_riekling_boarmaster
	bloodmoon.esm       CREA    bm_riekling_dulk_unique
	bloodmoon.esm       CREA    bm_riekling_krish_uniqu
	bloodmoon.esm       CREA    bm_riekling_mounted
	bloodmoon.esm       CREA    bm_riekling_st_unique
	bloodmoon.esm       CREA    bm_sk_champ_bloodskal01
	bloodmoon.esm       CREA    bm_sk_champ_bloodskal02
	bloodmoon.esm       CREA    bm_skeleton_pirate 
	bloodmoon.esm       CREA    bm_skeleton_pirate_capt
	bloodmoon.esm       CREA    bm_spriggan
	bloodmoon.esm       CREA    bm_spriggan_co1
	bloodmoon.esm       CREA    bm_spriggan_co2
	bloodmoon.esm       CREA    bm_spriggan_co3
	bloodmoon.esm       CREA    bm_spriggan_co4
	bloodmoon.esm       CREA    bm_spriggan_st_unique
	bloodmoon.esm       CREA    bm_udyrfrykte
	bloodmoon.esm       CREA    bm_werewolf_ritual
	bloodmoon.esm       CREA    bm_wolf_bone_summon
	bloodmoon.esm       CREA    bm_wolf_caenlorn1
	bloodmoon.esm       CREA    bm_wolf_caenlorn2
	bloodmoon.esm       CREA    bm_wolf_caenlorn3
	bloodmoon.esm       CREA    bm_wolf_grey
	bloodmoon.esm       CREA    bm_wolf_grey_summon
	bloodmoon.esm       CREA    bm_wolf_red
	bloodmoon.esm       CREA    bm_wolf_skeleton
	bloodmoon.esm       CREA    bm_wolf_snow_unique
	bloodmoon.esm       CREA    draugr
	bloodmoon.esm       CREA    draugr_aesliip
	bloodmoon.esm       CREA    draugr_co_3
	bloodmoon.esm       CREA    draugr_co_3_dead
	bloodmoon.esm       CREA    draugr_valbrandr
	bloodmoon.esm       CREA    skeleton nord 
	bloodmoon.esm       CREA    skeleton nord_2
	bloodmoon.esm       CREA    skeleton_stahl_uni
	bloodmoon.esm       LEVC    bm_ex_berserkers
	bloodmoon.esm       NPC_    aenar
	bloodmoon.esm       NPC_    afer flaccus
	bloodmoon.esm       NPC_    afer flaccus_guard
	bloodmoon.esm       NPC_    alcedonia amnis
	bloodmoon.esm       NPC_    aldam berendus
	bloodmoon.esm       NPC_    alfbrand
	bloodmoon.esm       NPC_    alfbrand_b
	bloodmoon.esm       NPC_    alvring whitebeard
	bloodmoon.esm       NPC_    antonius nuncius
	bloodmoon.esm       NPC_    apronia alfena
	bloodmoon.esm       NPC_    audmund
	bloodmoon.esm       NPC_    audmund_b
	bloodmoon.esm       NPC_    balfring
	bloodmoon.esm       NPC_    baro egnatius
	bloodmoon.esm       NPC_    bm_berserker_f1
	bloodmoon.esm       NPC_    bm_berserker_f2
	bloodmoon.esm       NPC_    bm_berserker_f3
	bloodmoon.esm       NPC_    bm_berserker_f4
	bloodmoon.esm       NPC_    bm_berserker_m1
	bloodmoon.esm       NPC_    bm_berserker_m2
	bloodmoon.esm       NPC_    bm_berserker_m3
	bloodmoon.esm       NPC_    bm_reaver_30
	bloodmoon.esm       NPC_    bm_reaver_50
	bloodmoon.esm       NPC_    bm_reaver_archer_30
	bloodmoon.esm       NPC_    bm_reaver_archer_50
	bloodmoon.esm       NPC_    bm_roguenecro1
	bloodmoon.esm       NPC_    bm_smugglers_darkelf
	bloodmoon.esm       NPC_    bm_smugglers_imperial
	bloodmoon.esm       NPC_    bm_smugglers_imperial_f
	bloodmoon.esm       NPC_    bm_smugglers_redguard_f
	bloodmoon.esm       NPC_    bm_werewolf_maze1
	bloodmoon.esm       NPC_    bm_werewolf_skaal1a3
	bloodmoon.esm       NPC_    bm_werewolf_skaal1b3
	bloodmoon.esm       NPC_    bm_werewolf_skaal1c3
	bloodmoon.esm       NPC_    bm_werewolf_skaal1d3
	bloodmoon.esm       NPC_    bm_werewolf_skaal1e3
	bloodmoon.esm       NPC_    bm_werewolf_skaal1f3
	bloodmoon.esm       NPC_    bm_werewolf_skaal1g3
	bloodmoon.esm       NPC_    bm_werewolf_skaal2a
	bloodmoon.esm       NPC_    bm_werewolf_wild01
	bloodmoon.esm       NPC_    bm_werewolf_wild02
	bloodmoon.esm       NPC_    bm_werewolf_wild03
	bloodmoon.esm       NPC_    bm_werewolf_wild04
	bloodmoon.esm       NPC_    bm_werewolf_wild05
	bloodmoon.esm       NPC_    bm_werewolf_wild06
	bloodmoon.esm       NPC_    bm_werewolf_wild07
	bloodmoon.esm       NPC_    bm_werewolf_wild08
	bloodmoon.esm       NPC_    bm_werewolf_wild09
	bloodmoon.esm       NPC_    bm_werewolf_wildernessc
	bloodmoon.esm       NPC_    bm_werewolf_wildhunt
	bloodmoon.esm       NPC_    bm_werewolf_wildhunt2
	bloodmoon.esm       NPC_    bm_werewolf_wildhunt3
	bloodmoon.esm       NPC_    bm_werewolf_wildhunt4
	bloodmoon.esm       NPC_    bronrod_the_roarer
	bloodmoon.esm       NPC_    bryngrim
	bloodmoon.esm       NPC_    bryngrim_b
	bloodmoon.esm       NPC_    carnius magius
	bloodmoon.esm       NPC_    cimber valerius
	bloodmoon.esm       NPC_    constans atrius
	bloodmoon.esm       NPC_    coventina celata
	bloodmoon.esm       NPC_    dralora favelnim
	bloodmoon.esm       NPC_    eifid
	bloodmoon.esm       NPC_    elberoth
	bloodmoon.esm       NPC_    engar ice-mane
	bloodmoon.esm       NPC_    falco galenus
	bloodmoon.esm       NPC_    falx carius
	bloodmoon.esm       NPC_    falx carius2
	bloodmoon.esm       NPC_    fjorkvar
	bloodmoon.esm       NPC_    gaea artoria
	bloodmoon.esm       NPC_    gamin girith
	bloodmoon.esm       NPC_    garnas uvalen
	bloodmoon.esm       NPC_    garnas uvalen_guard
	bloodmoon.esm       NPC_    gidar verothan
	bloodmoon.esm       NPC_    graring
	bloodmoon.esm       NPC_    gratian caerellius
	bloodmoon.esm       NPC_    gratian caerellius_guar
	bloodmoon.esm       NPC_    grerid axe-wife
	bloodmoon.esm       NPC_    gualtierus spurius
	bloodmoon.esm       NPC_    hagrad the stone
	bloodmoon.esm       NPC_    hidar
	bloodmoon.esm       NPC_    horski tallowhand
	bloodmoon.esm       NPC_    hroldar the strange
	bloodmoon.esm       NPC_    hroldar the strange_b
	bloodmoon.esm       NPC_    kili the long
	bloodmoon.esm       NPC_    korst wind-eye
	bloodmoon.esm       NPC_    mazorn gro-gar
	bloodmoon.esm       NPC_    mol gro-shat
	bloodmoon.esm       NPC_    mus roscius
	bloodmoon.esm       NPC_    ormvard
	bloodmoon.esm       NPC_    ormvard_b
	bloodmoon.esm       NPC_    rigmor halfhand
	bloodmoon.esm       NPC_    risi ice-mane
	bloodmoon.esm       NPC_    rolf long-tooth
	bloodmoon.esm       NPC_    sabinus oranius
	bloodmoon.esm       NPC_    sabrina vitellia
	bloodmoon.esm       NPC_    saenus lusius
	bloodmoon.esm       NPC_    sathyn andrano
	bloodmoon.esm       NPC_    sattir the bold
	bloodmoon.esm       NPC_    seler favelnim
	bloodmoon.esm       NPC_    skaal_guard
	bloodmoon.esm       NPC_    skaal_guard2
	bloodmoon.esm       NPC_    skaal_guard_a1
	bloodmoon.esm       NPC_    skaal_guard_a2
	bloodmoon.esm       NPC_    skaal_guard_a3
	bloodmoon.esm       NPC_    skaal_guard_a4
	bloodmoon.esm       NPC_    skaal_hunter
	bloodmoon.esm       NPC_    skaal_hunter2
	bloodmoon.esm       NPC_    skaal_tracker
	bloodmoon.esm       NPC_    skaal_tracker2
	bloodmoon.esm       NPC_    skaal_tracker3
	bloodmoon.esm       NPC_    snedbrir the smith
	bloodmoon.esm       NPC_    sorian
	bloodmoon.esm       NPC_    tharsten heart-fang
	bloodmoon.esm       NPC_    tharsten heart-fang2
	bloodmoon.esm       NPC_    thauraver
	bloodmoon.esm       NPC_    tirvel balen
	bloodmoon.esm       NPC_    toralf_b
	bloodmoon.esm       NPC_    ulfgar_ghost
	bloodmoon.esm       NPC_    uryn maren
	bloodmoon.esm       NPC_    valgeir
	bloodmoon.esm       NPC_    valgeir_b
	bloodmoon.esm       NPC_    veresa alver
	bloodmoon.esm       NPC_    vigunn
	bloodmoon.esm       NPC_    zeno faustus
	bloodmoon.esm       WEAP    bm riekling lance
	bloodmoon.esm       WEAP    bm riekling sword
	bloodmoon.esm       WEAP    bm riekling sword_rusted
