Bloodmoon Armor Weight Restore.esp: DUP-REC MISSAUT MISSVER OVR-REC
    [OVR-REC] Overridden Records:
	From Master         Type    Name
	bloodmoon.esm       ARMO    bm bear boots
	bloodmoon.esm       ARMO    bm bear cuirass
	bloodmoon.esm       ARMO    bm bear greaves
	bloodmoon.esm       ARMO    bm bear helmet
	bloodmoon.esm       ARMO    bm bear helmet eddard
	bloodmoon.esm       ARMO    bm bear helmet_ber
	bloodmoon.esm       ARMO    bm bear left gauntlet
	bloodmoon.esm       ARMO    bm bear left pauldron
	bloodmoon.esm       ARMO    bm bear right gauntlet
	bloodmoon.esm       ARMO    bm bear right pauldron
	bloodmoon.esm       ARMO    bm bear shield
	bloodmoon.esm       ARMO    bm_bear_boots_snow
	bloodmoon.esm       ARMO    bm_bear_cuirass_snow
	bloodmoon.esm       ARMO    bm_bear_greaves_snow
	bloodmoon.esm       ARMO    bm_bear_helmet_snow
	bloodmoon.esm       ARMO    bm_bear_left_gauntlet_snow
	bloodmoon.esm       ARMO    bm_bear_left_pauldron_snow
	bloodmoon.esm       ARMO    bm_bear_right_gauntlet_snow
	bloodmoon.esm       ARMO    bm_bear_right_pauldron_snow
	bloodmoon.esm       ARMO    bm_ice_boots
	bloodmoon.esm       ARMO    bm_ice_cuirass
	bloodmoon.esm       ARMO    bm_ice_gauntletl
	bloodmoon.esm       ARMO    bm_ice_gauntletr
	bloodmoon.esm       ARMO    bm_ice_greaves
	bloodmoon.esm       ARMO    bm_ice_helmet
	bloodmoon.esm       ARMO    bm_ice_shield
	bloodmoon.esm       ARMO    bm_nordicmail_boots
	bloodmoon.esm       ARMO    bm_nordicmail_cuirass
	bloodmoon.esm       ARMO    bm_nordicmail_gauntletl
	bloodmoon.esm       ARMO    bm_nordicmail_gauntletr
	bloodmoon.esm       ARMO    bm_nordicmail_greaves
	bloodmoon.esm       ARMO    bm_nordicmail_helmet
	bloodmoon.esm       ARMO    bm_nordicmail_pauldronl
	bloodmoon.esm       ARMO    bm_nordicmail_pauldronr
	bloodmoon.esm       ARMO    bm_nordicmail_shield
