Bloodmoon Creature Rebalance.ESP: DUP-REC MISSAUT MISSDSC MISSVER NUMRECS OVR-REC
    [NUMRECS]: number of records in TES3.HEDR (47) != Actual count (38)
    [OVR-REC] Overridden Records:
	From Master         Type    Name
	bloodmoon.esm       CREA    bm_bear_black
	bloodmoon.esm       CREA    bm_bear_black_fat
	bloodmoon.esm       CREA    bm_bear_black_summon
	bloodmoon.esm       CREA    bm_bear_brown
	bloodmoon.esm       CREA    bm_bear_snow_unique
	bloodmoon.esm       CREA    bm_bear_spr_unique
	bloodmoon.esm       CREA    bm_draugr_bloodskal
	bloodmoon.esm       CREA    bm_frost_boar
	bloodmoon.esm       CREA    bm_horker
	bloodmoon.esm       CREA    bm_horker_large
	bloodmoon.esm       CREA    bm_horker_swim_unique
	bloodmoon.esm       CREA    bm_ice_troll
	bloodmoon.esm       CREA    bm_icetroll_fg_uni
	bloodmoon.esm       CREA    bm_riekling
	bloodmoon.esm       CREA    bm_riekling_be_unique
	bloodmoon.esm       CREA    bm_riekling_be_unique1
	bloodmoon.esm       CREA    bm_riekling_be_unique2
	bloodmoon.esm       CREA    bm_riekling_be_unique3
	bloodmoon.esm       CREA    bm_riekling_be_unique4
	bloodmoon.esm       CREA    bm_riekling_be_unique5
	bloodmoon.esm       CREA    bm_riekling_boarmaster
	bloodmoon.esm       CREA    bm_riekling_dulk_unique
	bloodmoon.esm       CREA    bm_riekling_krish_uniqu
	bloodmoon.esm       CREA    bm_riekling_mounted
	bloodmoon.esm       CREA    bm_riekling_st_unique
	bloodmoon.esm       CREA    bm_spriggan
	bloodmoon.esm       CREA    bm_spriggan_co1
	bloodmoon.esm       CREA    bm_spriggan_co2
	bloodmoon.esm       CREA    bm_spriggan_co3
	bloodmoon.esm       CREA    bm_spriggan_co4
	bloodmoon.esm       CREA    bm_spriggan_st_unique
	bloodmoon.esm       CREA    bm_wolf_grey
	bloodmoon.esm       CREA    bm_wolf_grey_summon
	bloodmoon.esm       CREA    bm_wolf_red
	bloodmoon.esm       CREA    bm_wolf_snow_unique
	bloodmoon.esm       WEAP    bm riekling lance
	bloodmoon.esm       WEAP    bm riekling sword
	bloodmoon.esm       WEAP    bm riekling sword_rusted
