Broadsheets and Notice Boards.ESP: DUP-INF DUP-REC MASTERS MENUMOD MISSAUT MISSDSC MISSVER OVR-REC
    MASTERS: out of sync with the masters installed in your Data Files directory:
	Tamriel_Data.esm             8787443 (plugin)   11064795 (installed size)
	OAAB_Data.esm                1257273 (plugin)    1567893 (installed size)
    [MENUMOD] Scripts not checking menumode:
	SCPT(KJS_Bolnor_daggerscript)
	SCPT(KJS_Bolnor_notescript)
	SCPT(KJS_Catia_notescript)
	SCPT(KJS_DB_contractscript)
	SCPT(KJS_Dyn_ArchmageAlive)
	SCPT(KJS_Dyn_ArchmageDead)
	SCPT(KJS_Dyn_Bloodmoon)
	SCPT(KJS_Dyn_Caldera_Corruption)
	SCPT(KJS_Dyn_Caldera_ShutDown)
	SCPT(KJS_Dyn_DagothUr)
	SCPT(KJS_Dyn_HardHeartFG)
	SCPT(KJS_Dyn_HardHeartTG)
	SCPT(KJS_Dyn_Hard_Heart)
	SCPT(KJS_Dyn_Hortator)
	SCPT(KJS_Dyn_Legion)
	SCPT(KJS_Dyn_Monopoly)
	SCPT(KJS_Dyn_Nerevarine)
	SCPT(KJS_Dyn_New_Management)
	SCPT(KJS_Dyn_New_Settlement)
	SCPT(KJS_Dyn_TG_decapitated)
	SCPT(KJS_Dyn_Tribunal)
	SCPT(KJS_Dyn_hlaalu)
	SCPT(KJS_Dyn_patriarch)
	SCPT(KJS_Dyn_quest)
	SCPT(KJS_Dyn_redoran)
	SCPT(KJS_Dyn_stronghold_h)
	SCPT(KJS_Dyn_stronghold_r)
	SCPT(KJS_Dyn_stronghold_t)
	SCPT(KJS_Dyn_telvanni)
	SCPT(KJS_Dyn_trueflame)
	SCPT(KJS_Dyn_vivec_announcement)
	SCPT(KJS_Nalcarya_script)
	SCPT(KJS_Omavel_notescript)
	SCPT(KJS_SpecialEditionScript)
	SCPT(KJS_arathor_bowscript)
	SCPT(KJS_arathor_notescript)
	SCPT(KJS_bols_script)
	SCPT(KJS_dravel_script)
	SCPT(KJS_ignatius_notescript)
	SCPT(KJS_indrele_notescript)
	SCPT(KJS_junal_script)
	SCPT(KJS_special_edition)
    [OVR-REC] Overridden Records:
	From Master         Type    Name
	morrowind.esm       DIAL    tanusea veloth
	morrowind.esm       NPC_    dravil omavel
	morrowind.esm       PGRD    vivec, st. delyn storage
	tribunal.esm        DIAL    background
	tribunal.esm        DIAL    greeting 0
	tribunal.esm        DIAL    greeting 1
	tribunal.esm        DIAL    my trade

[DUP-INF]: ID=31619117162623612135(Topic:tanusea veloth)
  |DATA|ONAM:endryn llethan|NAME:She will leave Vivec and go to the corprusarium.|SCVR:06DX0tanusea veloth|INTV:|SCVR:34JX3TT_DiseaseCarrier|INTV:2|SCVR:44JX4TT_DiseaseCarrier|INTV:d
