BTBGIsation - Sotha Sil Expanded.esp: DUP-REC MASTERS MISSVER OVR-REC
    MASTERS: out of sync with the masters installed in your Data Files directory:
	Sotha Sil Expanded.ESP       9586441 (plugin)    9568509 (installed size)
    [OVR-REC] Overridden Records:
	From Master         Type    Name
	sotha sil expanded.esp    APPA    sotha_mortar
	sotha sil expanded.esp    ARMO    sotha_ceramicboots
	sotha sil expanded.esp    ARMO    sotha_ceramicchest
	sotha sil expanded.esp    ARMO    sotha_ceramicgauntl
	sotha sil expanded.esp    ARMO    sotha_ceramicgauntr
	sotha sil expanded.esp    ARMO    sotha_ceramicgreaves
	sotha sil expanded.esp    ARMO    sotha_ceramicpauldronl
	sotha sil expanded.esp    ARMO    sotha_ceramicpauldronr
	sotha sil expanded.esp    ARMO    sotha_chronohelm
	sotha sil expanded.esp    ARMO    sotha_fearstruck
	sotha sil expanded.esp    ARMO    sotha_mailboots
	sotha sil expanded.esp    ARMO    sotha_mailchainskirt
	sotha sil expanded.esp    ARMO    sotha_mailchest
	sotha sil expanded.esp    ARMO    sotha_mailgauntletl
	sotha sil expanded.esp    ARMO    sotha_mailgauntletr
	sotha sil expanded.esp    ARMO    sotha_mailpauldronl
	sotha sil expanded.esp    ARMO    sotha_mailpauldronr
	sotha sil expanded.esp    ARMO    sotha_mask
	sotha sil expanded.esp    ARMO    sotha_middlegauntletuni
	sotha sil expanded.esp    ARMO    sotha_quartz_boots
	sotha sil expanded.esp    ARMO    sotha_quartz_chest
	sotha sil expanded.esp    ARMO    sotha_quartz_gaunt_l
	sotha sil expanded.esp    ARMO    sotha_quartz_gaunt_r
	sotha sil expanded.esp    ARMO    sotha_quartz_greaves
	sotha sil expanded.esp    ARMO    sotha_quartz_paul_l
	sotha sil expanded.esp    ARMO    sotha_quartz_paul_r
	sotha sil expanded.esp    ARMO    sotha_sothalegs
	sotha sil expanded.esp    ARMO    sotha_sulcuirass
	sotha sil expanded.esp    ARMO    steel_boots_clkwrk
	sotha sil expanded.esp    ARMO    steel_gauntlet_right_clkwrk
	sotha sil expanded.esp    CLOT    sotha_ayem
	sotha sil expanded.esp    CLOT    sotha_fabricantlegs1
	sotha sil expanded.esp    CLOT    sotha_fabricantlegs2
	sotha sil expanded.esp    CLOT    sotha_unwindring
	sotha sil expanded.esp    REPA    sotha_repairgaren
	sotha sil expanded.esp    WEAP    silver longsword_nopick
	sotha sil expanded.esp    WEAP    sotha_axe
	sotha sil expanded.esp    WEAP    sotha_bolt
	sotha sil expanded.esp    WEAP    sotha_broadsword
	sotha sil expanded.esp    WEAP    sotha_broadsword2
	sotha sil expanded.esp    WEAP    sotha_crescent
	sotha sil expanded.esp    WEAP    sotha_crossbow
	sotha sil expanded.esp    WEAP    sotha_crossbow2
	sotha sil expanded.esp    WEAP    sotha_dumacshammer
	sotha sil expanded.esp    WEAP    sotha_gharen
	sotha sil expanded.esp    WEAP    sotha_longsword
	sotha sil expanded.esp    WEAP    sotha_mace
	sotha sil expanded.esp    WEAP    sotha_nerevarknife
	sotha sil expanded.esp    WEAP    sotha_spear
	sotha sil expanded.esp    WEAP    sotha_throwingstars
	sotha sil expanded.esp    WEAP    sotha_warhammer
	sotha sil expanded.esp    WEAP    sotha_warhammer_watch
	sotha sil expanded.esp    WEAP    sotha_watchhammer
	sotha sil expanded.esp    WEAP    steel battle axe_clkwrk
	sotha sil expanded.esp    WEAP    steel claymore_clkwrk
	sotha sil expanded.esp    WEAP    steel dagger_clkwrk
	sotha sil expanded.esp    WEAP    steel dai-katana_clkwrk
