BTBGIsation - Uvirith's Legacy_3.53.esp: DUP-REC MASTERS MISSVER OVR-REC
    MASTERS: out of sync with the masters installed in your Data Files directory:
	Uvirith's Legacy_3.53.esp   13492972 (plugin)   13494911 (installed size)
    [OVR-REC] Overridden Records:
	From Master         Type    Name
	uvirith's legacy_3.53.esp    ARMO    gp_dummy_boots
	uvirith's legacy_3.53.esp    ARMO    gp_dummy_cuirass
	uvirith's legacy_3.53.esp    ARMO    gp_dummy_gauntlet_left
	uvirith's legacy_3.53.esp    ARMO    gp_dummy_gauntlet_right
	uvirith's legacy_3.53.esp    ARMO    gp_dummy_greaves
	uvirith's legacy_3.53.esp    ARMO    gp_dummy_helm
	uvirith's legacy_3.53.esp    ARMO    gp_dummy_pauldron_left
	uvirith's legacy_3.53.esp    ARMO    gp_dummy_pauldron_right
	uvirith's legacy_3.53.esp    ARMO    gp_dummy_towershield
	uvirith's legacy_3.53.esp    ARMO    uvi_daedric_bootsf
	uvirith's legacy_3.53.esp    ARMO    uvi_daedric_bootsm
	uvirith's legacy_3.53.esp    ARMO    uvi_daedric_cuirassf
	uvirith's legacy_3.53.esp    ARMO    uvi_daedric_cuirassm
	uvirith's legacy_3.53.esp    ARMO    uvi_daedric_gauntlet_leftf
	uvirith's legacy_3.53.esp    ARMO    uvi_daedric_gauntlet_leftm
	uvirith's legacy_3.53.esp    ARMO    uvi_daedric_gauntlet_rightf
	uvirith's legacy_3.53.esp    ARMO    uvi_daedric_gauntlet_rightm
	uvirith's legacy_3.53.esp    ARMO    uvi_daedric_greavesf
	uvirith's legacy_3.53.esp    ARMO    uvi_daedric_greavesm
	uvirith's legacy_3.53.esp    ARMO    uvi_daedric_pauldron_leftf
	uvirith's legacy_3.53.esp    ARMO    uvi_daedric_pauldron_leftm
	uvirith's legacy_3.53.esp    ARMO    uvi_daedric_pauldron_rightf
	uvirith's legacy_3.53.esp    ARMO    uvi_daedric_pauldron_rightm
	uvirith's legacy_3.53.esp    ARMO    uvi_daedric_shield
	uvirith's legacy_3.53.esp    ARMO    uvi_helm_dummy
	uvirith's legacy_3.53.esp    ARMO    uvi_helm_galethis
	uvirith's legacy_3.53.esp    ARMO    uvi_torture_bracer_left
	uvirith's legacy_3.53.esp    ARMO    uvi_torture_bracer_right
	uvirith's legacy_3.53.esp    ARMO    warlock helm
	uvirith's legacy_3.53.esp    ARMO    warlock_boots
	uvirith's legacy_3.53.esp    ARMO    warlock_leggings
	uvirith's legacy_3.53.esp    ARMO    warlock_pauldron_l
	uvirith's legacy_3.53.esp    ARMO    warlock_pauldron_r
	uvirith's legacy_3.53.esp    CLOT    _eg_bathrobe
	uvirith's legacy_3.53.esp    CLOT    common_pants_darys
	uvirith's legacy_3.53.esp    CLOT    common_shirt_darys
	uvirith's legacy_3.53.esp    CLOT    gp_robe of sorrows
	uvirith's legacy_3.53.esp    CLOT    gp_sirine ring
	uvirith's legacy_3.53.esp    CLOT    st_towel_wrap_01
	uvirith's legacy_3.53.esp    CLOT    st_towel_wrap_02
	uvirith's legacy_3.53.esp    CLOT    st_towel_wrap_03
	uvirith's legacy_3.53.esp    CLOT    st_towel_wrap_04
	uvirith's legacy_3.53.esp    CLOT    st_towel_wrap_05
	uvirith's legacy_3.53.esp    CLOT    st_towel_wrap_06
	uvirith's legacy_3.53.esp    CLOT    t_archmagister_robe
	uvirith's legacy_3.53.esp    CLOT    t_servitor_robe_01
	uvirith's legacy_3.53.esp    CLOT    t_servitor_robe_02
	uvirith's legacy_3.53.esp    CLOT    uvi_amulet_vamp_deavvo
	uvirith's legacy_3.53.esp    CLOT    uvi_amulet_vampirism
	uvirith's legacy_3.53.esp    CLOT    uvi_belt_skeleton
	uvirith's legacy_3.53.esp    CLOT    uvi_ring_dwe
	uvirith's legacy_3.53.esp    CLOT    uvi_ring_ingenuity
	uvirith's legacy_3.53.esp    CLOT    uvi_ring_signet
	uvirith's legacy_3.53.esp    CLOT    uvi_ring_zhar_gyladis
	uvirith's legacy_3.53.esp    CLOT    uvi_robe_verena
	uvirith's legacy_3.53.esp    CLOT    warlock_belt
	uvirith's legacy_3.53.esp    CLOT    warlock_glove_left
	uvirith's legacy_3.53.esp    CLOT    warlock_glove_left_shrt
	uvirith's legacy_3.53.esp    CLOT    warlock_glove_right
	uvirith's legacy_3.53.esp    CLOT    warlock_glove_right_shrt
	uvirith's legacy_3.53.esp    CLOT    warlock_robe
	uvirith's legacy_3.53.esp    WEAP    centurion_dart_shock
	uvirith's legacy_3.53.esp    WEAP    daedric _longbow_ash_f
	uvirith's legacy_3.53.esp    WEAP    daedric _longbow_ash_m
	uvirith's legacy_3.53.esp    WEAP    daedric _longsword_ash_f
	uvirith's legacy_3.53.esp    WEAP    daedric _longsword_ash_m
	uvirith's legacy_3.53.esp    WEAP    daedric blood arrow
	uvirith's legacy_3.53.esp    WEAP    daedric blood dagger
	uvirith's legacy_3.53.esp    WEAP    daedric blood dagger ash f
	uvirith's legacy_3.53.esp    WEAP    daedric blood dagger ash m
	uvirith's legacy_3.53.esp    WEAP    ebony_staff_uvirith
	uvirith's legacy_3.53.esp    WEAP    gp_wartooth
	uvirith's legacy_3.53.esp    WEAP    uvi_dragonis_weap
	uvirith's legacy_3.53.esp    WEAP    uvi_ebonyswd_weap
	uvirith's legacy_3.53.esp    WEAP    uvi_lost_flamberge
	uvirith's legacy_3.53.esp    WEAP    uvi_shortsword_javan
	uvirith's legacy_3.53.esp    WEAP    uvi_silver claymore_a
	uvirith's legacy_3.53.esp    WEAP    uvi_silver claymore_b
	uvirith's legacy_3.53.esp    WEAP    uvi_silver staff of peace
	uvirith's legacy_3.53.esp    WEAP    uvi_silver staff of war_a
	uvirith's legacy_3.53.esp    WEAP    uvi_silver staff of war_b
	uvirith's legacy_3.53.esp    WEAP    uvi_trenam_broadsword
	uvirith's legacy_3.53.esp    WEAP    uvi_trenam_flamberge
	uvirith's legacy_3.53.esp    WEAP    uvi_trenam_rapier
	uvirith's legacy_3.53.esp    WEAP    uvi_trenam_saber
	uvirith's legacy_3.53.esp    WEAP    uvi_trenam_scimitar
