BTBGIsation - Library of Vivec Overhaul - Full.esp: DUP-REC MASTERS MISSVER OVR-REC
    MASTERS: out of sync with the masters installed in your Data Files directory:
	Library of Vivec Overhaul - Full.esp    1050160 (plugin)    1068195 (installed size)
    [OVR-REC] Overridden Records:
	From Master         Type    Name
	library of vivec overhaul - full.esp    ARMO    slf_bluebughelm_blight
	library of vivec overhaul - full.esp    ARMO    slf_helmet_of_seeking
	library of vivec overhaul - full.esp    ARMO    slf_redoran_exile_bracer_l
	library of vivec overhaul - full.esp    ARMO    slf_redoran_exile_bracer_r
	library of vivec overhaul - full.esp    ARMO    slf_redoran_exile_cuirass
	library of vivec overhaul - full.esp    ARMO    slf_redoran_exile_helm
	library of vivec overhaul - full.esp    ARMO    slf_redoran_exile_pauldron_l
	library of vivec overhaul - full.esp    ARMO    slf_redoran_exile_pauldron_r
	library of vivec overhaul - full.esp    ARMO    slf_shield_of_ice_and_fire
	library of vivec overhaul - full.esp    WEAP    slf_ glass spear of lightning
	library of vivec overhaul - full.esp    WEAP    slf_axe_of_ice_and_fire
	library of vivec overhaul - full.esp    WEAP    slf_daedric_bastard_sword
	library of vivec overhaul - full.esp    WEAP    slf_hammer_of_furnace
	library of vivec overhaul - full.esp    WEAP    slf_icicle
	library of vivec overhaul - full.esp    WEAP    slf_llenduras_ebonyglaive
	library of vivec overhaul - full.esp    WEAP    slf_lucker
