BTBGIsation - Racer Dust Arms and Armor.esp: DUP-REC MASTERS MISSVER OVR-REC
    MASTERS: out of sync with the masters installed in your Data Files directory:
	Racer Dust Arms and Armor.ESP      66780 (plugin)      68794 (installed size)
    [OVR-REC] Overridden Records:
	From Master         Type    Name
	racer dust arms and armor.esp    ARMO    rdaa_a_de_bt_mwc1_5_gnd
	racer dust arms and armor.esp    ARMO    rdaa_a_de_bt_mwc3_1_gnd
	racer dust arms and armor.esp    ARMO    rdaa_a_de_c_mwc1_5f_gnd
	racer dust arms and armor.esp    ARMO    rdaa_a_de_cuir_mwc1_2_gnd
	racer dust arms and armor.esp    ARMO    rdaa_a_de_cuir_mwc1_2egnd
	racer dust arms and armor.esp    ARMO    rdaa_a_de_cuir_mwc1_5_gnd
	racer dust arms and armor.esp    ARMO    rdaa_a_de_cuir_mwc2_10a_gnd
	racer dust arms and armor.esp    ARMO    rdaa_a_de_cuir_mwc2_10b_gnd
	racer dust arms and armor.esp    ARMO    rdaa_a_de_cuir_mwc2_9_gnd
	racer dust arms and armor.esp    ARMO    rdaa_a_de_cuir_mwc2_9d_gnd
	racer dust arms and armor.esp    ARMO    rdaa_a_de_cuir_mwc3_10f_g
	racer dust arms and armor.esp    ARMO    rdaa_a_de_cuir_mwc_12_5_gnd
	racer dust arms and armor.esp    ARMO    rdaa_a_de_helm_mwc2_3b_gnd
	racer dust arms and armor.esp    ARMO    rdaa_a_de_helm_mwc9_2c_gnd
	racer dust arms and armor.esp    ARMO    rdaa_a_de_pldual_mwc_cr2
	racer dust arms and armor.esp    ARMO    rdaa_a_de_pldual_mwc_cr5d
	racer dust arms and armor.esp    ARMO    rdaa_a_de_plduar_mwc_cr2
	racer dust arms and armor.esp    ARMO    rdaa_a_de_plduar_mwc_cr5d
	racer dust arms and armor.esp    ARMO    rdaa_a_de_shield_mwc3_0a_g
	racer dust arms and armor.esp    ARMO    rdaa_a_de_shield_mwc3_0b_g
	racer dust arms and armor.esp    ARMO    rdaa_a_racer2_gl_gnd
	racer dust arms and armor.esp    ARMO    rdaa_a_racer2_gr_gnd
	racer dust arms and armor.esp    ARMO    rdaa_a_racer_gl_gnd
	racer dust arms and armor.esp    ARMO    rdaa_a_racer_gr_gnd
	racer dust arms and armor.esp    CLOT    rdaa_c_skirt_bag01cd_gnd
	racer dust arms and armor.esp    CLOT    rdaa_c_skirt_bag01de_gnd
	racer dust arms and armor.esp    CLOT    rdaa_c_skirt_bag03ee_gnd
	racer dust arms and armor.esp    CLOT    rdaa_c_skirt_bag03ff_gnd
	racer dust arms and armor.esp    CLOT    rdaa_c_skirt_bag05d_gnd
	racer dust arms and armor.esp    CLOT    rdaa_c_skirt_bag05e_gnd
	racer dust arms and armor.esp    CLOT    rdaa_c_skirt_com14e_mwc_gnd
	racer dust arms and armor.esp    CLOT    rdaa_c_skirt_com14f_mwc_gnd
	racer dust arms and armor.esp    CLOT    rdaa_c_skirt_com15b_mwc_gnd
	racer dust arms and armor.esp    CLOT    rdaa_c_skirt_com15d_mwc_gnd
	racer dust arms and armor.esp    CLOT    rdaa_c_skirt_com16e_mwc_gnd
	racer dust arms and armor.esp    CLOT    rdaa_c_skirt_com22_mwc_gnd
	racer dust arms and armor.esp    WEAP    rdaa_w_halberd_mwc1_9
	racer dust arms and armor.esp    WEAP    rdaa_w_sword_mwc7b
	racer dust arms and armor.esp    WEAP    rdaa_w_sword_mwc7b_en
	racer dust arms and armor.esp    WEAP    rdaa_w_sword_mwc7c
	racer dust arms and armor.esp    WEAP    rdaa_w_sword_mwc7cc
	racer dust arms and armor.esp    WEAP    rdaa_w_sword_mwc7cc_uni
