BTBGIsation - The Rise of the Tribe Unmourned.esp: DUP-REC MISSVER OVR-REC
    [OVR-REC] Overridden Records:
	From Master         Type    Name
	the rise of the tribe unmourned.esp    APPA    cs_kalalembic
	the rise of the tribe unmourned.esp    APPA    cs_kalcalcinator
	the rise of the tribe unmourned.esp    APPA    cs_kalmortar
	the rise of the tribe unmourned.esp    APPA    cs_kalretort
	the rise of the tribe unmourned.esp    ARMO    cs_hcboots
	the rise of the tribe unmourned.esp    ARMO    cs_hccuirass
	the rise of the tribe unmourned.esp    ARMO    cs_hcgauntl
	the rise of the tribe unmourned.esp    ARMO    cs_hcgauntr
	the rise of the tribe unmourned.esp    ARMO    cs_hcgreaves
	the rise of the tribe unmourned.esp    ARMO    cs_hchelm
	the rise of the tribe unmourned.esp    ARMO    cs_hcpaull
	the rise of the tribe unmourned.esp    ARMO    cs_hcpaulr
	the rise of the tribe unmourned.esp    ARMO    cs_scenicboots
	the rise of the tribe unmourned.esp    ARMO    cs_sceniccuirass
	the rise of the tribe unmourned.esp    ARMO    cs_scenicgaunr
	the rise of the tribe unmourned.esp    ARMO    cs_scenicgauntl
	the rise of the tribe unmourned.esp    ARMO    cs_scenicgreaves
	the rise of the tribe unmourned.esp    ARMO    cs_scenichelm
	the rise of the tribe unmourned.esp    ARMO    cs_scenicpaull
	the rise of the tribe unmourned.esp    ARMO    cs_scenicpaulr
	the rise of the tribe unmourned.esp    ARMO    cs_scenicshield
	the rise of the tribe unmourned.esp    ARMO    cs_studdedleatherboots
	the rise of the tribe unmourned.esp    ARMO    cs_studdedleatherbracerl
	the rise of the tribe unmourned.esp    ARMO    cs_studdedleatherbracerr
	the rise of the tribe unmourned.esp    ARMO    cs_studdedleathergreaves
	the rise of the tribe unmourned.esp    ARMO    cs_studdedleatherpauldronl
	the rise of the tribe unmourned.esp    ARMO    cs_studdedleatherpauldronr
	the rise of the tribe unmourned.esp    CLOT    cs_tearring
	the rise of the tribe unmourned.esp    MISC    cs_scenicgem1
	the rise of the tribe unmourned.esp    MISC    cs_scenicgem2
	the rise of the tribe unmourned.esp    WEAP    cs_antedate
	the rise of the tribe unmourned.esp    WEAP    cs_scenicscimitar
