BTBGIsation - Morag Tong Polished.esp: DUP-REC MISSVER OVR-REC
    [OVR-REC] Overridden Records:
	From Master         Type    Name
	morag tong polished.esp    ARMO    cs_mmtb
	morag tong polished.esp    ARMO    cs_mmtc
	morag tong polished.esp    ARMO    cs_mmtg
	morag tong polished.esp    ARMO    cs_mmth
	morag tong polished.esp    ARMO    cs_mmtlgn
	morag tong polished.esp    ARMO    cs_mmtlpl
	morag tong polished.esp    ARMO    cs_mmtrgn
	morag tong polished.esp    ARMO    cs_mmtrpl
	morag tong polished.esp    ARMO    cs_mtb
	morag tong polished.esp    ARMO    cs_mtc
	morag tong polished.esp    ARMO    cs_mtg
	morag tong polished.esp    ARMO    cs_mthelm1
	morag tong polished.esp    ARMO    cs_mthelm2
	morag tong polished.esp    ARMO    cs_mthelm3
	morag tong polished.esp    ARMO    cs_mthelm4
	morag tong polished.esp    ARMO    cs_mthelm5
	morag tong polished.esp    ARMO    cs_mthelm6
	morag tong polished.esp    ARMO    cs_mthelm7
	morag tong polished.esp    ARMO    cs_mthelm8
	morag tong polished.esp    ARMO    cs_mtlgn
	morag tong polished.esp    ARMO    cs_mtlpl
	morag tong polished.esp    ARMO    cs_mtrgn
	morag tong polished.esp    ARMO    cs_mtrpl
