cantrips.ESP: DUP-REC MENUMOD MISSVER OVR-REC
    [MENUMOD] Scripts not checking menumode:
	SCPT(aa_learnCantrip_acid)
	SCPT(aa_learnCantrip_blade)
	SCPT(aa_learnCantrip_close)
	SCPT(aa_learnCantrip_cure)
	SCPT(aa_learnCantrip_dancinglights)
	SCPT(aa_learnCantrip_daze)
	SCPT(aa_learnCantrip_detectmagic)
	SCPT(aa_learnCantrip_disrupt)
	SCPT(aa_learnCantrip_friends)
	SCPT(aa_learnCantrip_inflict)
	SCPT(aa_learnCantrip_lullaby)
	SCPT(aa_learnCantrip_magehand)
	SCPT(aa_learnCantrip_open)
	SCPT(aa_learnCantrip_ray)
    [OVR-REC] Overridden Records:
	From Master         Type    Name
	morrowind.esm       LEVI    l_m_enchantitem_hlaalu_rank0
	morrowind.esm       LEVI    l_m_enchantitem_imperial_rank0
	morrowind.esm       LEVI    l_m_enchantitem_telvanni_rank01
	morrowind.esm       LEVI    l_m_enchantitem_temple_rank0_1
	morrowind.esm       LEVI    l_m_enchantitem_temple_rank0_2
	morrowind.esm       LEVI    random_book_skill
	morrowind.esm       LEVI    random_book_wizard_all
	morrowind.esm       LEVI    random_scroll_all
