ClavicusQuest 1.1.ESP: DUP-INF DUP-REC JUNKCEL MISSAUT MISSDSC MISSVER OVR-REC
    [JUNKCEL] Junk Cells:                        Flags
	Azura's Coast Region (11, 17)            0x02
	Bitter Coast Region (-12, 1)             0x02
	Bitter Coast Region (-12, 2)             0x02
	Bitter Coast Region (-12, 3)             0x02
	Bitter Coast Region (-13, 1)             0x02
	Bitter Coast Region (-13, 2)             0x02
	Bitter Coast Region (-13, 3)             0x02
	Bitter Coast Region (-13, 4)             0x02
	Bitter Coast Region (-14, 2)             0x02
	Bitter Coast Region (-14, 4)             0x02
	Bitter Coast Region (-14, 5)             0x02
	West Gash Region (-15, 7)                0x02
	West Gash Region (-16, 7)                0x02
	West Gash Region (-16, 8)                0x02
	Wilderness (-15, -8)                     0x02
	Wilderness (-19, 14)                     0x02
	Wilderness (-19, 15)                     0x02
	Wilderness (-20, 15)                     0x02
	Wilderness (-28, 24)                     0x02
	Wilderness (-29, 23)                     0x02
    [DUP-REC] Duplicate Records:
	From Master         Type    Name
	morrowind.esm       GLOB    vampclan
	morrowind.esm       NPC_    alveleg
	morrowind.esm       NPC_    hjotra the peacock
	morrowind.esm       SCPT    DaedraBoethiah
    [OVR-REC] Overridden Records:
	From Master         Type    Name
	bloodmoon.esm       LTEX    sand_02
	morrowind.esm       LAND    (10, 18)
	morrowind.esm       LAND    (11, 17)
	morrowind.esm       LAND    (11, 18)
	morrowind.esm       LTEX    ac_darkstone01
	morrowind.esm       LTEX    ac_darkstone02
	morrowind.esm       LTEX    ac_darkstone_grass
	morrowind.esm       LTEX    ac_dirtroad_01
	morrowind.esm       LTEX    gl_rock_02
	morrowind.esm       LTEX    tx_ai_mudflats_01.tga
	morrowind.esm       NPC_    haema farseer
	tribunal.esm        DIAL    latest rumors

[DUP-INF]: ID=128279104427445(Topic:latest rumors)
  |DATA|ONAM:denegor|NAME:Oh yeah, sure. Heard ya the f-f-first time.
