Clean Lore-friendly armor mod.ESP: DUP-REC MASTERS MISSAUT MISSDSC MISSVER OVR-REC
    MASTERS: out of sync with the masters installed in your Data Files directory:
	Tamriel_Data.esm             7344508 (plugin)   11064795 (installed size)
    [DUP-REC] Duplicate Records:
	From Master         Type    Name
	morrowind.esm       CONT    com_chest_11_arms_orcis
	morrowind.esm       CONT    crate_01_sirollus_02
	morrowind.esm       CONT    crate_smuggler_01
	morrowind.esm       LEVI    l_b_bandit_goods
	morrowind.esm       LEVI    l_n_armor
	morrowind.esm       LEVI    random_smuggler_6-10
	morrowind.esm       NPC_    alfhedil elf-hewer
	tamriel_data.esm    ARMO    t_com_iron_helm_02
	tamriel_data.esm    ARMO    t_com_steel_cuirass_02
	tamriel_data.esm    ARMO    t_com_steel_helm_01
	tamriel_data.esm    ARMO    t_com_steel_helm_open_01
	tamriel_data.esm    ARMO    t_imp_colbronzeold_helm_01
	tamriel_data.esm    ARMO    t_imp_silver_boots_01
	tamriel_data.esm    ARMO    t_imp_silver_bracerl_01
	tamriel_data.esm    ARMO    t_imp_silver_bracerr_01
	tamriel_data.esm    ARMO    t_imp_silver_greaves_01
	tamriel_data.esm    ARMO    t_imp_silver_pauldronl_01
	tamriel_data.esm    ARMO    t_imp_silver_pauldronr_01
	tribunal.esm        ARMO    iron boots
	tribunal.esm        ARMO    iron_cuirass
    [OVR-REC] Overridden Records:
	From Master         Type    Name
	bloodmoon.esm       ARMO    templar_helmet_armor
	bloodmoon.esm       CONT    bm_dungeonlloot_chest
	bloodmoon.esm       CONT    bm_nordictomb_01
	bloodmoon.esm       CONT    com_chest_02_v_armor04
	bloodmoon.esm       CONT    com_chest_02_v_weapon08
	bloodmoon.esm       NPC_    ulfgar the unending
	bloodmoon.esm       NPC_    ulfgar_ghost
	morrowind.esm       ARMO    dragonscale_cuirass
	morrowind.esm       ARMO    dragonscale_helm
	morrowind.esm       ARMO    dragonscale_towershield
	morrowind.esm       ARMO    imperial boots
	morrowind.esm       ARMO    imperial helmet armor
	morrowind.esm       ARMO    imperial left gauntlet
	morrowind.esm       ARMO    imperial left pauldron
	morrowind.esm       ARMO    imperial right gauntlet
	morrowind.esm       ARMO    imperial right pauldron
	morrowind.esm       ARMO    imperial shield
	morrowind.esm       ARMO    imperial_chain_coif_helm
	morrowind.esm       ARMO    imperial_greaves
	morrowind.esm       ARMO    templar boots
	morrowind.esm       ARMO    templar bracer left
	morrowind.esm       ARMO    templar bracer right
	morrowind.esm       ARMO    templar_cuirass
	morrowind.esm       ARMO    templar_greaves
	morrowind.esm       ARMO    templar_pauldron_left
	morrowind.esm       ARMO    templar_pauldron_right
	morrowind.esm       CONT    de_p_chest_02_aryne
	morrowind.esm       CONT    de_r_closet_01_tuveso1
	morrowind.esm       CREA    dremora_lord
	morrowind.esm       LEVI    l_n_armor_boots
	morrowind.esm       LEVI    l_n_armor_bracers
	morrowind.esm       LEVI    l_n_armor_cuirass
	morrowind.esm       LEVI    l_n_armor_gauntlet
	morrowind.esm       LEVI    l_n_armor_greaves
	morrowind.esm       LEVI    l_n_armor_helmet
	morrowind.esm       LEVI    l_n_armor_pauldron
	morrowind.esm       LEVI    l_n_wpn_melee_axe
	morrowind.esm       LEVI    l_n_wpn_melee_blunt
	morrowind.esm       LEVI    l_n_wpn_melee_long blade
	morrowind.esm       LEVI    random orcish armor
	morrowind.esm       LEVI    random_armor_bonemold
	morrowind.esm       LEVI    random_armor_chitin
	morrowind.esm       LEVI    random_armor_fur
	morrowind.esm       LEVI    random_armor_iron
	morrowind.esm       LEVI    random_armor_netch_leather
	morrowind.esm       LEVI    random_armor_steel
	morrowind.esm       LEVI    random_bandit_1-5
	morrowind.esm       LEVI    random_bandit_11+
	morrowind.esm       LEVI    random_bandit_6-10
	morrowind.esm       LEVI    random_dwemer_weapon
	morrowind.esm       LEVI    random_nordic_weapons
	morrowind.esm       LEVI    random_orcish_weapons
	morrowind.esm       LEVI    random_smuggler_1-5
	morrowind.esm       LEVI    random_smuggler_11+
	morrowind.esm       NPC_    agrob gra-bogharz
	morrowind.esm       NPC_    ahetotis furotis
	morrowind.esm       NPC_    alms helothren
	morrowind.esm       NPC_    alonisea varys
	morrowind.esm       NPC_    alynu aralen
	morrowind.esm       NPC_    andril othran
	morrowind.esm       NPC_    ariulcabor leontiulonus
	morrowind.esm       NPC_    azuk gro-rugob
	morrowind.esm       NPC_    baradras
	morrowind.esm       NPC_    barirrid
	morrowind.esm       NPC_    baronk gro-uzuk
	morrowind.esm       NPC_    bazgulub gro-ulfish
	morrowind.esm       NPC_    bilos andrethi
	morrowind.esm       NPC_    birard adrognese
	morrowind.esm       NPC_    bolyn elval
	morrowind.esm       NPC_    bormir
	morrowind.esm       NPC_    brelar andas
	morrowind.esm       NPC_    brelayne verano
	morrowind.esm       NPC_    brelyn indarys
	morrowind.esm       NPC_    brevasu heran
	morrowind.esm       NPC_    breves omoril
	morrowind.esm       NPC_    breynis faryon
	morrowind.esm       NPC_    briring
	morrowind.esm       NPC_    cavortius albuttian
	morrowind.esm       NPC_    chrelm
	morrowind.esm       NPC_    company guard_unique
	morrowind.esm       NPC_    crottus cedus
	morrowind.esm       NPC_    cun
	morrowind.esm       NPC_    daldur sarys
	morrowind.esm       NPC_    daroso sethri
	morrowind.esm       NPC_    direr velendas
	morrowind.esm       NPC_    dorynu verendas
	morrowind.esm       NPC_    dothiel
	morrowind.esm       NPC_    dovres verethi
	morrowind.esm       NPC_    dramis maryon
	morrowind.esm       NPC_    drathyn andavel
	morrowind.esm       NPC_    dravil omavel
	morrowind.esm       NPC_    dredyni salvani
	morrowind.esm       NPC_    drendrisa fareloth
	morrowind.esm       NPC_    drireri berano
	morrowind.esm       NPC_    drorayni tharam
	morrowind.esm       NPC_    duke's guard
	morrowind.esm       NPC_    duke's guard_tomb
	morrowind.esm       NPC_    duke's guard_tomb2
	morrowind.esm       NPC_    dunius valodius
	morrowind.esm       NPC_    dura gra-bol
	morrowind.esm       NPC_    durgash gro-rushub
	morrowind.esm       NPC_    durz gra-rimph
	morrowind.esm       NPC_    durz gro-olor
	morrowind.esm       NPC_    eiruki hearth-healer
	morrowind.esm       NPC_    endring
	morrowind.esm       NPC_    ennah
	morrowind.esm       NPC_    eponis vinipter
	morrowind.esm       NPC_    eradan
	morrowind.esm       NPC_    erns maren
	morrowind.esm       NPC_    estinan
	morrowind.esm       NPC_    evilu indrano
	morrowind.esm       NPC_    fainertil
	morrowind.esm       NPC_    falion
	morrowind.esm       NPC_    felara thimalvel
	morrowind.esm       NPC_    fendel alam
	morrowind.esm       NPC_    fillin
	morrowind.esm       NPC_    fjori the stout
	morrowind.esm       NPC_    folvalie omalor
	morrowind.esm       NPC_    foronir
	morrowind.esm       NPC_    frostien ephine
	morrowind.esm       NPC_    gadasu serothan
	morrowind.esm       NPC_    galtis serethi
	morrowind.esm       NPC_    garisa llethri
	morrowind.esm       NPC_    gashna gro-mogduk
	morrowind.esm       NPC_    gavesu arelas
	morrowind.esm       NPC_    gazaleam
	morrowind.esm       NPC_    ghoragdush gro-kashug
	morrowind.esm       NPC_    ghorlorz gro-moghakh
	morrowind.esm       NPC_    giden nelvilo
	morrowind.esm       NPC_    gilas llervu
	morrowind.esm       NPC_    glush gro-dul
	morrowind.esm       NPC_    golar omoran
	morrowind.esm       NPC_    golven hleran
	morrowind.esm       NPC_    gordol
	morrowind.esm       NPC_    gorenea andrano
	morrowind.esm       NPC_    grat gra-sharolg
	morrowind.esm       NPC_    grazob gra-kharz
	morrowind.esm       NPC_    gulfim gra-borbul
	morrowind.esm       NPC_    haki the halt
	morrowind.esm       NPC_    hamlof red-tooth
	morrowind.esm       NPC_    hamvir
	morrowind.esm       NPC_    heidmir
	morrowind.esm       NPC_    herd
	morrowind.esm       NPC_    honthjolf
	morrowind.esm       NPC_    horstar home-wrecker
	morrowind.esm       NPC_    hurnfing
	morrowind.esm       NPC_    hurolf
	morrowind.esm       NPC_    ian
	morrowind.esm       NPC_    ienaso adren
	morrowind.esm       NPC_    ildos rothren
	morrowind.esm       NPC_    ilmyna romoren
	morrowind.esm       NPC_    imperial archer
	morrowind.esm       NPC_    imperial guard
	morrowind.esm       NPC_    imperial guard captain
	morrowind.esm       NPC_    imperial guard_company
	morrowind.esm       NPC_    imperial guard_ebonhear
	morrowind.esm       NPC_    imperial templar_ebon
	morrowind.esm       NPC_    jathlanie
	morrowind.esm       NPC_    jelin
	morrowind.esm       NPC_    jolgeir
	morrowind.esm       NPC_    kanet
	morrowind.esm       NPC_    kharzug gra-gat
	morrowind.esm       NPC_    lalatia varian
	morrowind.esm       NPC_    lambug gra-lurn
	morrowind.esm       NPC_    lanald
	morrowind.esm       NPC_    larisus dergius
	morrowind.esm       NPC_    llanas drilvi
	morrowind.esm       NPC_    llathise dralas
	morrowind.esm       NPC_    llavane hlas
	morrowind.esm       NPC_    lleris rathryon
	morrowind.esm       NPC_    llero lloran
	morrowind.esm       NPC_    lloden tenim
	morrowind.esm       NPC_    lorzub gro-bogla
	morrowind.esm       NPC_    lugdum gro-lagdub
	morrowind.esm       NPC_    lunia menanius
	morrowind.esm       NPC_    lurog gro-khagdum
	morrowind.esm       NPC_    maner uvaren
	morrowind.esm       NPC_    melsu indalas
	morrowind.esm       NPC_    milvonu terandas
	morrowind.esm       NPC_    milynea andrethi
	morrowind.esm       NPC_    mindeli saren
	morrowind.esm       NPC_    miner arobar
	morrowind.esm       NPC_    mondros balur
	morrowind.esm       NPC_    muk gro-dula
	morrowind.esm       NPC_    mulvisie othril
	morrowind.esm       NPC_    murag gro-atumph
	morrowind.esm       NPC_    nag gro-shumba
	morrowind.esm       NPC_    nargol gra-uftharz
	morrowind.esm       NPC_    naris selaren
	morrowind.esm       NPC_    nathyn ilnith
	morrowind.esm       NPC_    nerer beneran
	morrowind.esm       NPC_    nilas brilyn
	morrowind.esm       NPC_    nilos talds
	morrowind.esm       NPC_    nistacey
	morrowind.esm       NPC_    nitterius rato
	morrowind.esm       NPC_    norus marvel
	morrowind.esm       NPC_    ogrumbu gro-bugarn
	morrowind.esm       NPC_    olfin gro-logrob
	morrowind.esm       NPC_    ordinator wander
	morrowind.esm       NPC_    penglithil
	morrowind.esm       NPC_    rakoslod
	morrowind.esm       NPC_    raryn daren
	morrowind.esm       NPC_    raynilie andromo
	morrowind.esm       NPC_    rels tenim
	morrowind.esm       NPC_    rolfish gra-dugul
	morrowind.esm       NPC_    ruthrisu andoril
	morrowind.esm       NPC_    sader
	morrowind.esm       NPC_    sanyon
	morrowind.esm       NPC_    sarayn sadus
	morrowind.esm       NPC_    sarvur sadri
	morrowind.esm       NPC_    selvia famalius
	morrowind.esm       NPC_    sethesi adas
	morrowind.esm       NPC_    severa magia
	morrowind.esm       NPC_    shakh gro-durga
	morrowind.esm       NPC_    shamob gro-shatub
	morrowind.esm       NPC_    sitialius catanius
	morrowind.esm       NPC_    snadir
	morrowind.esm       NPC_    sodres nerethi
	morrowind.esm       NPC_    svog
	morrowind.esm       NPC_    taves aralen
	morrowind.esm       NPC_    tenaru romoren
	morrowind.esm       NPC_    thalestris
	morrowind.esm       NPC_    theldyn virith
	morrowind.esm       NPC_    thelvamu sarano
	morrowind.esm       NPC_    throknolf the craven
	morrowind.esm       NPC_    thurisea thando
	morrowind.esm       NPC_    tiela
	morrowind.esm       NPC_    tininnus scinia
	morrowind.esm       NPC_    tonasi belas
	morrowind.esm       NPC_    tralan
	morrowind.esm       NPC_    ulves marvel
	morrowind.esm       NPC_    umug gro-mashnar
	morrowind.esm       NPC_    urzul gra-agum
	morrowind.esm       NPC_    ushug gra-olurba
	morrowind.esm       NPC_    val
	morrowind.esm       NPC_    valund
	morrowind.esm       NPC_    varenu indaram
	morrowind.esm       NPC_    varis ginith
	morrowind.esm       NPC_    varon sadralo
	morrowind.esm       NPC_    varus vatinius
	morrowind.esm       NPC_    varvsa athram
	morrowind.esm       NPC_    vaves virith
	morrowind.esm       NPC_    vilval relvani
	morrowind.esm       NPC_    yam gro-muzgur
	morrowind.esm       NPC_    yargol gro-bashnag
	morrowind.esm       NPC_    yazgash gra-boga
	tamriel_data.esm    ARMO    t_imp_chain_boots_01
	tamriel_data.esm    ARMO    t_imp_chain_gauntletl_01
	tamriel_data.esm    ARMO    t_imp_chain_gauntletr_02
	tamriel_data.esm    ARMO    t_imp_coliron1_boots_02
	tamriel_data.esm    ARMO    t_imp_coliron1_boots_03
	tamriel_data.esm    ARMO    t_imp_coliron1_boots_04
	tamriel_data.esm    ARMO    t_imp_coliron1_cuirass_02
	tamriel_data.esm    ARMO    t_imp_coliron1_cuirass_03
	tamriel_data.esm    ARMO    t_imp_coliron1_gauntletl_02
	tamriel_data.esm    ARMO    t_imp_coliron1_gauntletl_03
	tamriel_data.esm    ARMO    t_imp_coliron1_gauntletl_04
	tamriel_data.esm    ARMO    t_imp_coliron1_gauntletr_02
	tamriel_data.esm    ARMO    t_imp_coliron1_gauntletr_03
	tamriel_data.esm    ARMO    t_imp_coliron1_gauntletr_04
	tamriel_data.esm    ARMO    t_imp_coliron1_greaves_02
	tamriel_data.esm    ARMO    t_imp_coliron1_greaves_03
	tamriel_data.esm    ARMO    t_imp_coliron1_greaves_04
	tamriel_data.esm    ARMO    t_imp_coliron1_helm_01
	tamriel_data.esm    ARMO    t_imp_coliron1_helm_02
	tamriel_data.esm    ARMO    t_imp_coliron1_helm_03
	tamriel_data.esm    ARMO    t_imp_coliron1_helm_04
	tamriel_data.esm    ARMO    t_imp_coliron1_pauldronl_02
	tamriel_data.esm    ARMO    t_imp_coliron1_pauldronl_03
	tamriel_data.esm    ARMO    t_imp_coliron1_pauldronl_04
	tamriel_data.esm    ARMO    t_imp_coliron1_pauldronr_02
	tamriel_data.esm    ARMO    t_imp_coliron1_pauldronr_03
	tamriel_data.esm    ARMO    t_imp_coliron1_pauldronr_04
	tamriel_data.esm    ARMO    t_imp_coliron2_boots_01
	tamriel_data.esm    ARMO    t_imp_coliron2_bracerl_01
	tamriel_data.esm    ARMO    t_imp_coliron2_bracerr_01
	tamriel_data.esm    ARMO    t_imp_coliron2_cuirass_01
	tamriel_data.esm    ARMO    t_imp_coliron2_greaves_01
	tamriel_data.esm    ARMO    t_imp_coliron2_helm_01
	tamriel_data.esm    ARMO    t_imp_coliron2_pauldronl_01
	tamriel_data.esm    ARMO    t_imp_coliron2_pauldronr_01
	tamriel_data.esm    ARMO    t_imp_colsteel1_boots_02
	tamriel_data.esm    ARMO    t_imp_colsteel1_boots_03
	tamriel_data.esm    ARMO    t_imp_colsteel1_boots_04
	tamriel_data.esm    ARMO    t_imp_colsteel1_bracerl_02
	tamriel_data.esm    ARMO    t_imp_colsteel1_bracerl_03
	tamriel_data.esm    ARMO    t_imp_colsteel1_bracerl_04
	tamriel_data.esm    ARMO    t_imp_colsteel1_bracerr_02
	tamriel_data.esm    ARMO    t_imp_colsteel1_bracerr_03
	tamriel_data.esm    ARMO    t_imp_colsteel1_bracerr_04
	tamriel_data.esm    ARMO    t_imp_colsteel1_cuirass_01
	tamriel_data.esm    ARMO    t_imp_colsteel1_cuirass_02
	tamriel_data.esm    ARMO    t_imp_colsteel1_cuirass_03
	tamriel_data.esm    ARMO    t_imp_colsteel1_cuirass_04
	tamriel_data.esm    ARMO    t_imp_colsteel1_greaves_02
	tamriel_data.esm    ARMO    t_imp_colsteel1_greaves_03
	tamriel_data.esm    ARMO    t_imp_colsteel1_greaves_04
	tamriel_data.esm    ARMO    t_imp_colsteel1_helm_01
	tamriel_data.esm    ARMO    t_imp_colsteel1_helm_02
	tamriel_data.esm    ARMO    t_imp_colsteel1_helm_03
	tamriel_data.esm    ARMO    t_imp_colsteel1_helm_04
	tamriel_data.esm    ARMO    t_imp_colsteel1_pauldronl_02
	tamriel_data.esm    ARMO    t_imp_colsteel1_pauldronl_03
	tamriel_data.esm    ARMO    t_imp_colsteel1_pauldronl_04
	tamriel_data.esm    ARMO    t_imp_colsteel1_pauldronr_02
	tamriel_data.esm    ARMO    t_imp_colsteel1_pauldronr_03
	tamriel_data.esm    ARMO    t_imp_colsteel1_pauldronr_04
	tamriel_data.esm    ARMO    t_imp_dragonscale_barcerl_01
	tamriel_data.esm    ARMO    t_imp_dragonscale_barcerr_01
	tamriel_data.esm    ARMO    t_imp_dragonscale_boots_01
	tamriel_data.esm    ARMO    t_imp_dragonscale_cuirass_01
	tamriel_data.esm    ARMO    t_imp_dragonscale_greaves_01
	tamriel_data.esm    ARMO    t_imp_dragonscale_helm_01
	tamriel_data.esm    ARMO    t_imp_dragonscale_pauldronl_01
	tamriel_data.esm    ARMO    t_imp_dragonscale_pauldronr_01
	tamriel_data.esm    ARMO    t_imp_mananaut_helm_01
	tamriel_data.esm    ARMO    t_imp_silver_cap_02
	tamriel_data.esm    ARMO    t_nor_companion_boots_01
	tamriel_data.esm    ARMO    t_nor_companion_cuirass_01
	tamriel_data.esm    ARMO    t_nor_companion_gauntletl_01
	tamriel_data.esm    ARMO    t_nor_companion_gauntletr_01
	tamriel_data.esm    ARMO    t_nor_companion_greaves_01
	tamriel_data.esm    ARMO    t_nor_companion_pauldronl_01
	tamriel_data.esm    ARMO    t_nor_companion_pauldronr_01
	tamriel_data.esm    CONT    t_testpc_armor
	tamriel_data.esm    CONT    t_testtr_armors
	tamriel_data.esm    LEVI    t_cyr_random_armorsteel
	tamriel_data.esm    LEVI    t_sky_lvl_armormedium
	tribunal.esm        ARMO    imperial cuirass_armor
	tribunal.esm        ARMO    imperial_chain_cuirass
	tribunal.esm        ARMO    imperial_chain_greaves
	tribunal.esm        ARMO    imperial_chain_pauldron_left
	tribunal.esm        ARMO    imperial_chain_pauldron_right
	tribunal.esm        CONT    com_chest_02_v_indalen
	tribunal.esm        NPC_    calvus horatius
	tribunal.esm        NPC_    ekkhi
	tribunal.esm        NPC_    imperial guard_m_sadri
	tribunal.esm        NPC_    yagak gro-gluk
