Clean Aln'Baldrahn_.esp: DUP-REC MISSDSC MISSVER OVR-REC
    [OVR-REC] Overridden Records:
	From Master         Type    Name
	bloodmoon.esm       LTEX    sand_02
	morrowind.esm       LAND    (-13, 7)
	morrowind.esm       LAND    (-13, 8)
	morrowind.esm       LAND    (-13, 9)
	morrowind.esm       LAND    (-14, 7)
	morrowind.esm       LAND    (-14, 8)
	morrowind.esm       LAND    (-14, 9)
	morrowind.esm       LAND    (-15, 8)
	morrowind.esm       LTEX    ac_scrubplain_02
	morrowind.esm       LTEX    gl_dirt_grass_01
	morrowind.esm       LTEX    wg_dirtroad_01
	morrowind.esm       LTEX    wg_dirtscrub
	morrowind.esm       LTEX    wg_rock
	morrowind.esm       LTEX    wg_rockydirt
	morrowind.esm       LTEX    wg_rockyscrub
	morrowind.esm       LTEX    wg_scrub plain
	tribunal.esm        DIAL    greeting 9
	tribunal.esm        LTEX    ai_clover
	tribunal.esm        LTEX    ai_grass
	tribunal.esm        LTEX    ai_grass_dirt
	tribunal.esm        LTEX    ai_grass_rocky
