Clean Suran Extended.esp: DUP-REC GETSND JUNKCEL MENUMOD MISSVER OVR-REC
    [GETSND] GetSoundPlaying possibly used to detect events:
	SCPT(GongHit)
    [MENUMOD] Scripts not checking menumode:
	SCPT(jw_NOM_well_water)
	SCPT(jw_partydoor)
	SCPT(jw_pillowScript)
	SCPT(jw_se_ascadian_Door_lvll)
	SCPT(jw_se_azura_Door_lvll)
	SCPT(jw_se_blueroom_Door_lvll)
	SCPT(jw_se_cavern_Door_lvll)
	SCPT(jw_se_coolroom_Door_lvll)
	SCPT(jw_se_daedric_Door_lvll)
	SCPT(jw_se_greenroom_Door_lvll)
	SCPT(jw_se_redroom_Door_lvll)
    [JUNKCEL] Junk Cells:                        Flags
	Ascadian Isles Region (7, -11)           0x02
	Ashlands Region (0, 0)                   0x02
    [DUP-REC] Duplicate Records:
	From Master         Type    Name
	morrowind.esm       LTEX    rock_coastal
	morrowind.esm       LTEX    sand
    [OVR-REC] Overridden Records:
	From Master         Type    Name
	bloodmoon.esm       LTEX    sand_02
	bloodmoon.esm       LTEX    wg_road
	morrowind.esm       DIAL    suran
	morrowind.esm       LAND    (6, -5)
	morrowind.esm       LAND    (6, -6)
	morrowind.esm       LAND    (6, -7)
	morrowind.esm       LAND    (7, -10)
	morrowind.esm       LAND    (7, -11)
	morrowind.esm       LAND    (7, -6)
	morrowind.esm       LAND    (7, -7)
	morrowind.esm       LTEX    ac_darkstone01
	morrowind.esm       LTEX    ac_darkstone02
	morrowind.esm       LTEX    ma_crackedearth
	morrowind.esm       LTEX    ma_lava02
	morrowind.esm       LTEX    ma_lava03
	morrowind.esm       LTEX    ma_lava04
	morrowind.esm       LTEX    ma_lava05
	morrowind.esm       LTEX    ma_lavarock
	morrowind.esm       LTEX    ma_rock04
	morrowind.esm       LTEX    ma_sulphur_rock02
	morrowind.esm       LTEX    ma_sulphur_rock08
	morrowind.esm       LTEX    tx_ai_mudflats_01.tga
	morrowind.esm       LTEX    wg_cobblestones
	morrowind.esm       LTEX    wg_scrub plain
	tribunal.esm        DIAL    greeting 1
	tribunal.esm        DIAL    services
	tribunal.esm        DIAL    someone in particular
	tribunal.esm        LTEX    ai_dirt
	tribunal.esm        LTEX    ai_dirtroad
	tribunal.esm        LTEX    ai_grass
	tribunal.esm        LTEX    ai_grass_02
	tribunal.esm        LTEX    ai_grass_dirt
	tribunal.esm        LTEX    rm_grayrock
	tribunal.esm        LTEX    rm_rock_01
