Compatible Redesigned Vivec.esp: DUP-REC FOGBUG MENUMOD MISSVER OVR-REC
    [FOGBUG]: Cells with zero fog density setting:
	Vivec, Dock Offices
    [MENUMOD] Scripts not checking menumode:
	SCPT(plx_DoorsScript)
    [DUP-REC] Duplicate Records:
	From Master         Type    Name
	tribunal.esm        LTEX    rock_coastal
    [OVR-REC] Overridden Records:
	From Master         Type    Name
	bloodmoon.esm       LTEX    sand_02
	morrowind.esm       ACTI    furn_banner_tavern_v_tfog
	morrowind.esm       LAND    (2, -10)
	morrowind.esm       LAND    (2, -11)
	morrowind.esm       LAND    (2, -12)
	morrowind.esm       LAND    (3, -10)
	morrowind.esm       LAND    (3, -11)
	morrowind.esm       LAND    (3, -12)
	morrowind.esm       LAND    (3, -13)
	morrowind.esm       LAND    (3, -14)
	morrowind.esm       LAND    (4, -10)
	morrowind.esm       LAND    (4, -11)
	morrowind.esm       LAND    (4, -12)
	morrowind.esm       LAND    (4, -13)
	morrowind.esm       LAND    (4, -14)
	morrowind.esm       LAND    (4, -9)
	morrowind.esm       LAND    (5, -10)
	morrowind.esm       LAND    (5, -11)
	morrowind.esm       LAND    (5, -12)
	morrowind.esm       LIGH    green_1000_01
	morrowind.esm       LTEX    tx_ai_mudflats_01.tga
	morrowind.esm       LTEX    tx_bc_grass.tga
	morrowind.esm       LTEX    tx_bc_mainroad_01.tga
	morrowind.esm       NPC_    aren maren
	morrowind.esm       NPC_    baleni salavel
	morrowind.esm       NPC_    dalse adren
	morrowind.esm       NPC_    devas irano
	morrowind.esm       NPC_    fendryn drelvi
	morrowind.esm       NPC_    nevosi hlan
	morrowind.esm       NPC_    nireli farys
	morrowind.esm       NPC_    rindral dralor
	morrowind.esm       NPC_    talsi uvayn
	morrowind.esm       PGRD    vivec
	morrowind.esm       PGRD    vivec, arena
	morrowind.esm       PGRD    vivec, foreign quarter
	morrowind.esm       PGRD    vivec, hall of justice
	morrowind.esm       PGRD    vivec, hall of wisdom
	morrowind.esm       PGRD    vivec, hlaalu
	morrowind.esm       PGRD    vivec, redoran
	morrowind.esm       PGRD    vivec, st. delyn
	morrowind.esm       PGRD    vivec, st. olms
	morrowind.esm       PGRD    vivec, telvanni
	morrowind.esm       PGRD    vivec, temple
	tribunal.esm        LTEX    ai_clover
	tribunal.esm        LTEX    ai_dirtroad
	tribunal.esm        LTEX    ai_grass
	tribunal.esm        LTEX    ai_grass_02
	tribunal.esm        LTEX    ai_grass_cobbles
	tribunal.esm        LTEX    ai_grass_dirt
	tribunal.esm        LTEX    ai_grass_rocky
	tribunal.esm        LTEX    tx_ai_mainroad_01.tga
