Cure all the Kwama Queens.ESP: DUP-REC MENUMOD MISSVER OVR-REC
    [MENUMOD] Scripts not checking menumode:
	SCPT(AL93_Abaesen)
	SCPT(AL93_Ahanibi)
	SCPT(AL93_Akimaes)
	SCPT(AL93_Eluba)
	SCPT(AL93_Madas)
	SCPT(AL93_Maesa)
	SCPT(AL93_Matus)
	SCPT(AL93_Panabanit)
	SCPT(AL93_Sarimisun)
	SCPT(AL93_Sinamusa)
	SCPT(AL93_Zalkin)
    [OVR-REC] Overridden Records:
	From Master         Type    Name
	morrowind.esm       CREA    kwama queen_abaesen
	morrowind.esm       CREA    kwama queen_ahanibi
	morrowind.esm       CREA    kwama queen_akimaes
	morrowind.esm       CREA    kwama queen_eluba
	morrowind.esm       CREA    kwama queen_madas
	morrowind.esm       CREA    kwama queen_maesa
	morrowind.esm       CREA    kwama queen_matus
	morrowind.esm       CREA    kwama queen_panabanit
	morrowind.esm       CREA    kwama queen_sarimisun
	morrowind.esm       CREA    kwama queen_sinamusa
	morrowind.esm       CREA    kwama queen_zalkin
