DaedricArmor.esp: DUP-REC MISSAUT MISSDSC MISSVER NUMRECS OVR-REC
    [NUMRECS]: number of records in TES3.HEDR (51) != Actual count (50)
    [DUP-REC] Duplicate Records:
	From Master         Type    Name
	morrowind.esm       WEAP    daedric dai-katana
    [OVR-REC] Overridden Records:
	From Master         Type    Name
	morrowind.esm       ARMO    bound_boots
	morrowind.esm       ARMO    bound_cuirass
	morrowind.esm       ARMO    bound_gauntlet_left
	morrowind.esm       ARMO    bound_gauntlet_right
	morrowind.esm       ARMO    bound_helm
	morrowind.esm       ARMO    daedric_boots
	morrowind.esm       ARMO    daedric_cuirass
	morrowind.esm       ARMO    daedric_cuirass_htab
	morrowind.esm       ARMO    daedric_fountain_helm
	morrowind.esm       ARMO    daedric_gauntlet_left
	morrowind.esm       ARMO    daedric_gauntlet_right
	morrowind.esm       ARMO    daedric_greaves
	morrowind.esm       ARMO    daedric_greaves_htab
	morrowind.esm       ARMO    daedric_pauldron_left
	morrowind.esm       ARMO    daedric_pauldron_right
	morrowind.esm       ARMO    daedric_terrifying_helm
	morrowind.esm       NPC_    warrior dead 02
