Dagoth Ur Voice Addon.esp: DUP-REC MENUMOD MISSAUT MISSDSC MISSVER MOD-INF NUMRECS OVR-REC
    [NUMRECS]: number of records in TES3.HEDR (204) != Actual count (132)
    [MENUMOD] Scripts not checking menumode:
	SCPT(DagothUrSpeak)
    [OVR-REC] Overridden Records:
	From Master         Type    Name
	morrowind.esm       ACTI    in_dagoth_taunt1
	morrowind.esm       ACTI    in_dagoth_taunt2
	morrowind.esm       ACTI    in_dagoth_taunt3
	morrowind.esm       ACTI    in_dagoth_taunt4
	morrowind.esm       ACTI    in_dagoth_taunt5
	morrowind.esm       ACTI    in_dagoth_taunt6
	morrowind.esm       ACTI    in_dagoth_taunt7
	morrowind.esm       CREA    dagoth_ur_1
	morrowind.esm       CREA    dagoth_ur_2
	morrowind.esm       CREA    heart_akulakhan
	morrowind.esm       DIAL    come unprepared
	morrowind.esm       DIAL    final questions
	morrowind.esm       DIAL    our business
	morrowind.esm       DIAL    parting words
	morrowind.esm       SNDG    dagoth_ur_10005
	morrowind.esm       SNDG    dagoth_ur_10006
	tribunal.esm        DIAL    greeting 1

[MOD-INF]: ID=308555305285313(Topic:come unprepared)
  morrowind.esm------------->|DATA|ONAM:dagoth_ur_1|NAME:I am glad that this time you did not come unprepared.|SCVR:05IX3wraithguard_jury_rig|INTV|SCVR:15IX3sunder|INTV|SCVR:25IX3keening|INTV|BNAM:;Dagoth Ur; not all tools;   Goodbye
  Dagoth Ur Voice Addon.esp->|DATA|ONAM:dagoth_ur_1|NAME:I am glad that this time you did not come unprepared.|SCVR:05IX3wraithguard_jury_rig|INTV|SCVR:15IX3sunder|INTV|SCVR:25IX3keening|INTV|BNAM:;Dagoth Ur; not all tools;   Goodbye  Set MrTSVoiceID to 19  StartScript DagothUrSpeak

[MOD-INF]: ID=10223562561024949(Topic:final questions)
  morrowind.esm------------->|DATA|ONAM:dagoth_ur_1|NAME:I have no idea what happened to the Dwemer. I have been denied the opportunity to study Wraithguard, and I am not sure how much of Kagrenac's lore was invested in his tools, and how much in his own sorcery and mastery. I have long studied Kagrenac, and have come to admire his wisdom and craft. Someday, after the campaigns of the Sixth House are secure, I hope to have time to dedicate to this mystery.|SCVR:01500|INTV|BNAM:;Dagoth Ur: CHOICE 22;     Choice "Continue" 16
  Dagoth Ur Voice Addon.esp->|DATA|ONAM:dagoth_ur_1|NAME:I have no idea what happened to the Dwemer. I have been denied the opportunity to study Wraithguard, and I am not sure how much of Kagrenac's lore was invested in his tools, and how much in his own sorcery and mastery. I have long studied Kagrenac, and have come to admire his wisdom and craft. Someday, after the campaigns of the Sixth House are secure, I hope to have time to dedicate to this mystery.|SCVR:01500|INTV|BNAM:;Dagoth Ur: CHOICE 22;     Choice "Continue" 16  Set MrTSVoiceID to 21  StartScript DagothUrSpeak

[MOD-INF]: ID=15571891510054331(Topic:final questions)
  morrowind.esm------------->|DATA|ONAM:dagoth_ur_1|NAME:I believe we've said all there is to be said. Now only deeds can resolve this matter.|SCVR:04JX3C3_DestroyDagoth|INTV
  Dagoth Ur Voice Addon.esp->|DATA|ONAM:dagoth_ur_1|NAME:I believe we've said all there is to be said. Now only deeds can resolve this matter.|SCVR:04JX3C3_DestroyDagoth|INTV|BNAM:Set MrTSVoiceID to 20  StartScript DagothUrSpeak

[MOD-INF]: ID=22753549287659774(Topic:final questions)
  morrowind.esm------------->|DATA|ONAM:dagoth_ur_1|NAME:My first question is: Are you really Nerevar reborn?|BNAM:;Dagoth Ur:   Choice "By the grace of gods and fate, I am Nerevar reborn." 4 "I'm a loyal servant of the Emperor." 5 "I am a self-willed hero, and I make my own fate." 6 "I know no more than you do." 7
  Dagoth Ur Voice Addon.esp->|DATA|ONAM:dagoth_ur_1|NAME:My first question is: Are you really Nerevar reborn?|BNAM:;Dagoth Ur:   Choice "By the grace of gods and fate, I am Nerevar reborn." 4 "I'm a loyal servant of the Emperor." 5 "I am a self-willed hero, and I make my own fate." 6 "I know no more than you do." 7  Set MrTSVoiceID to 30  StartScript DagothUrSpeak

[MOD-INF]: ID=42011261613880933(Topic:final questions)
  morrowind.esm------------->|DATA|ONAM:dagoth_ur_1|NAME:A noble ambition. And anyone who would make war upon the Septims should be my friend. A pity we cannot trust one another as allies.|SCVR:01500|INTV|BNAM:;Dagoth Ur: CHOICE 9;   Choice "Continue" 3
  Dagoth Ur Voice Addon.esp->|DATA|ONAM:dagoth_ur_1|NAME:A noble ambition. And anyone who would make war upon the Septims should be my friend. A pity we cannot trust one another as allies.|SCVR:01500|INTV|BNAM:;Dagoth Ur: CHOICE 9;   Choice "Continue" 3  Set MrTSVoiceID to 1  StartScript DagothUrSpeak

[MOD-INF]: ID=52072529196855721(Topic:final questions)
  morrowind.esm------------->|DATA|ONAM:dagoth_ur_1|NAME:My second question is: if you win, what do you plan to do with the power from the Heart? Will you make yourself a god, and establish a thearchy? Or will you complete Akulakhan, and dispute control of Tamriel with the Septims? Or will you share the Heart with your followers, as I have, and breed a new race of divine immortals?|SCVR:01500|INTV|BNAM:;Dagoth Ur: CHOICE 2;   Choice "Make myself a god." 8 "Complete Akulakhan." 9 "Share the Heart." 10 "I have my own, secret plan for the Heart." 11
  Dagoth Ur Voice Addon.esp->|DATA|ONAM:dagoth_ur_1|NAME:My second question is: if you win, what do you plan to do with the power from the Heart? Will you make yourself a god, and establish a thearchy? Or will you complete Akulakhan, and dispute control of Tamriel with the Septims? Or will you share the Heart with your followers, as I have, and breed a new race of divine immortals?|SCVR:01500|INTV|BNAM:;Dagoth Ur: CHOICE 2;   Choice "Make myself a god." 8 "Complete Akulakhan." 9 "Share the Heart." 10 "I have my own, secret plan for the Heart." 11  Set MrTSVoiceID to 28  StartScript DagothUrSpeak

[MOD-INF]: ID=74921738309882758(Topic:final questions)
  morrowind.esm------------->|DATA|ONAM:dagoth_ur_1|NAME:I will free the Dunmer from the Imperial yoke, and cast down the false gods of the Temple. I will lead them out of their ancient superstitions, and gift them with intimate knowledge of the divine. Then, perhaps, when Morrowind is once again restored to its ancient glories, it will be time to consider whether the Dunmer should cultivate ambitions of empire.|SCVR:01500|INTV|BNAM:;Dagoth Ur: CHOICE 20;     Choice "Continue" 16
  Dagoth Ur Voice Addon.esp->|DATA|ONAM:dagoth_ur_1|NAME:I will free the Dunmer from the Imperial yoke, and cast down the false gods of the Temple. I will lead them out of their ancient superstitions, and gift them with intimate knowledge of the divine. Then, perhaps, when Morrowind is once again restored to its ancient glories, it will be time to consider whether the Dunmer should cultivate ambitions of empire.|SCVR:01500|INTV|BNAM:;Dagoth Ur: CHOICE 20;     Choice "Continue" 16  Set MrTSVoiceID to 11  StartScript DagothUrSpeak

[MOD-INF]: ID=161812158673301622(Topic:final questions)
  morrowind.esm------------->|DATA|ONAM:dagoth_ur_1|NAME:You will follow the model of the Tribunal? That is a dull and unenterprising ambition. See what the Tribunal have done. They've sacrificed the honor and dignity of the Dunmer race, and handed over our ancient land to the mongrel dogs of the Empire. You may mean well, but you lack vision. You are not worthy of the Heart.|SCVR:01500|INTV|BNAM:;Dagoth Ur: CHOICE 8;   Choice "Continue" 3
  Dagoth Ur Voice Addon.esp->|DATA|ONAM:dagoth_ur_1|NAME:You will follow the model of the Tribunal? That is a dull and unenterprising ambition. See what the Tribunal have done. They've sacrificed the honor and dignity of the Dunmer race, and handed over our ancient land to the mongrel dogs of the Empire. You may mean well, but you lack vision. You are not worthy of the Heart.|SCVR:01500|INTV|BNAM:;Dagoth Ur: CHOICE 8;   Choice "Continue" 3  Set MrTSVoiceID to 9  StartScript DagothUrSpeak

[MOD-INF]: ID=234077946420010245(Topic:final questions)
  morrowind.esm------------->|DATA|ONAM:dagoth_ur_1|NAME:You have a noble spirit. I share the power I have from the Heart to help free mortals from their ancient fears of the gods. Who knows what we may be capable of once we not longer fear death? Your goal is worthy, and I honor you for it.|SCVR:01500|INTV: |BNAM:;Dagoth Ur: CHOICE 10;   Choice "Continue" 3
  Dagoth Ur Voice Addon.esp->|DATA|ONAM:dagoth_ur_1|NAME:You have a noble spirit. I share the power I have from the Heart to help free mortals from their ancient fears of the gods. Who knows what we may be capable of once we not longer fear death? Your goal is worthy, and I honor you for it.|SCVR:01500|INTV: |BNAM:;Dagoth Ur: CHOICE 10;   Choice "Continue" 3  Set MrTSVoiceID to 32  StartScript DagothUrSpeak

[MOD-INF]: ID=247972647285714517(Topic:final questions)
  morrowind.esm------------->|DATA|ONAM:dagoth_ur_1|NAME:I will continue to draw divine power from the Heart and distribute it to my kin and followers. I will continue to broadcast divine power upon the blight winds, so that it will touch each soul on Vvardenfell, and then more broadly, across the waters to the rest of Morrowind and Tamriel. In time, every mortal in Tamriel shall feel the liberating contact with the divine.|SCVR:01500|INTV|BNAM:;Dagoth Ur: CHOICE 18;    Choice "Continue" 16
  Dagoth Ur Voice Addon.esp->|DATA|ONAM:dagoth_ur_1|NAME:I will continue to draw divine power from the Heart and distribute it to my kin and followers. I will continue to broadcast divine power upon the blight winds, so that it will touch each soul on Vvardenfell, and then more broadly, across the waters to the rest of Morrowind and Tamriel. In time, every mortal in Tamriel shall feel the liberating contact with the divine.|SCVR:01500|INTV|BNAM:;Dagoth Ur: CHOICE 18;    Choice "Continue" 16  Set MrTSVoiceID to 23  StartScript DagothUrSpeak

[MOD-INF]: ID=299342755425514106(Topic:parting words)
  morrowind.esm------------->|DATA|ONAM:dagoth_ur_1|NAME:Now that you have come to me here, there can be but one result. Many times I have rehearsed speeches offering to share this place with you. 'If you dare to defy the gods, take my hand.' 'To seal our oath of alliance, you shall give me Wraithguard.' 'You have ability. Special gifts you don't even understand. Serve me, and I can help you master those gifts.'|SCVR:05IX3wraithguard_jury_rig|INTV|SCVR:15IX3sunder|INTV|SCVR:25IX3keening|INTV|BNAM:;Dagoth Ur; has tools;   Choice "Continue" 1
  Dagoth Ur Voice Addon.esp->|DATA|ONAM:dagoth_ur_1|NAME:Now that you have come to me here, there can be but one result. Many times I have rehearsed speeches offering to share this place with you. 'If you dare to defy the gods, take my hand.' 'To seal our oath of alliance, you shall give me Wraithguard.' 'You have ability. Special gifts you don't even understand. Serve me, and I can help you master those gifts.'|SCVR:05IX3wraithguard_jury_rig|INTV|SCVR:15IX3sunder|INTV|SCVR:25IX3keening|INTV|BNAM:;Dagoth Ur; has tools;   Choice "Continue" 1  Set MrTSVoiceID to 33  StartScript DagothUrSpeak

[MOD-INF]: ID=305361363183812110(Greeting:greeting 1)
  tribunal.esm-------------->|DATA|ONAM:dagoth_ur_1|NAME:Strange. This outcome I did not foresee. That you would come unprepared.|SCVR:01630|INTV:
  Dagoth Ur Voice Addon.esp->|DATA|ONAM:dagoth_ur_1|NAME:Strange. This outcome I did not foresee. That you would come unprepared.|SCVR:01630|INTV:|BNAM:Set MrTSVoiceID to 41  StartScript DagothUrSpeak

[MOD-INF]: ID=309361049185221584(Topic:final questions)
  morrowind.esm------------->|DATA|ONAM:dagoth_ur_1|NAME:That is bitter. The gods and fates are cruel. I served you faithfully once, Lord Nerevar, and you repaid me with death. I hope this time it will be you who pays for your faithlessness.|SCVR:01500|INTV|BNAM:;Dagoth Ur: CHOICE 4;   Choice "Continue" 2
  Dagoth Ur Voice Addon.esp->|DATA|ONAM:dagoth_ur_1|NAME:That is bitter. The gods and fates are cruel. I served you faithfully once, Lord Nerevar, and you repaid me with death. I hope this time it will be you who pays for your faithlessness.|SCVR:01500|INTV|BNAM:;Dagoth Ur: CHOICE 4;   Choice "Continue" 2  Set MrTSVoiceID to 45  StartScript DagothUrSpeak

[MOD-INF]: ID=335528375683928239(Topic:final questions)
  morrowind.esm------------->|DATA|ONAM:dagoth_ur_1|NAME:Well. Perhaps there may be surprises in store for me yet. Or perhaps you obscure your plans on principle. Or perhaps you are an instinctive bluffer. No matter.|SCVR:01500|INTV|BNAM:;Dagoth Ur: CHOICE 11;   Choice "Continue" 3
  Dagoth Ur Voice Addon.esp->|DATA|ONAM:dagoth_ur_1|NAME:Well. Perhaps there may be surprises in store for me yet. Or perhaps you obscure your plans on principle. Or perhaps you are an instinctive bluffer. No matter.|SCVR:01500|INTV|BNAM:;Dagoth Ur: CHOICE 11;   Choice "Continue" 3  Set MrTSVoiceID to 55  StartScript DagothUrSpeak

[MOD-INF]: ID=382730072399829283(Topic:final questions)
  morrowind.esm------------->|DATA|ONAM:dagoth_ur_1|NAME:What a world.... Perhaps we shall never know. But as I have sympathy for you, and the melancholy fate of all mortals, I shall weep for your death.|SCVR:01500|INTV|BNAM:;Dagoth Ur: CHOICE 7;   Choice "Continue" 2
  Dagoth Ur Voice Addon.esp->|DATA|ONAM:dagoth_ur_1|NAME:What a world.... Perhaps we shall never know. But as I have sympathy for you, and the melancholy fate of all mortals, I shall weep for your death.|SCVR:01500|INTV|BNAM:;Dagoth Ur: CHOICE 7;   Choice "Continue" 2  Set MrTSVoiceID to 57  StartScript DagothUrSpeak

[MOD-INF]: ID=610086641422821251(Topic:final questions)
  morrowind.esm------------->|DATA|ONAM:dagoth_ur_1|NAME:If, by my crimes, you mean the inevitable suffering and destruction caused by war, then I accept the burden of leadership. The Sixth House cannot be restored without war. Enlightenment cannot grow without the risk of upsetting the tradition-bound and complacent herd. And the mongrel armies of the Empire cannot be expelled from Morrowind without bloodshed. As I have charity and compassion, I grieve. But our mission is just and noble.|SCVR:01500|INTV|BNAM:;Dagoth Ur: CHOICE 21;     Choice "Continue" 16
  Dagoth Ur Voice Addon.esp->|DATA|ONAM:dagoth_ur_1|NAME:If, by my crimes, you mean the inevitable suffering and destruction caused by war, then I accept the burden of leadership. The Sixth House cannot be restored without war. Enlightenment cannot grow without the risk of upsetting the tradition-bound and complacent herd. And the mongrel armies of the Empire cannot be expelled from Morrowind without bloodshed. As I have charity and compassion, I grieve. But our mission is just and noble.|SCVR:01500|INTV|BNAM:;Dagoth Ur: CHOICE 21;     Choice "Continue" 16  Set MrTSVoiceID to 24  StartScript DagothUrSpeak

[MOD-INF]: ID=872112015739415948(Topic:parting words)
  morrowind.esm------------->|DATA|ONAM:dagoth_ur_1|NAME:Now that you have come to me here, there can be but one result. Many times I have considered offering to share this place with you. I considered offering to accept your oath of service. You might try to buy my trust by giving me Wraithguard, Keening, and Sunder. I thought we might once again be friends... comrades... brothers in arms.|SCVR:05IX3wraithguard|INTV|SCVR:15IX3sunder|INTV|SCVR:25IX3keening|INTV|BNAM:;Dagoth Ur; has tools;   Choice "Continue" 1
  Dagoth Ur Voice Addon.esp->|DATA|ONAM:dagoth_ur_1|NAME:Now that you have come to me here, there can be but one result. Many times I have considered offering to share this place with you. I considered offering to accept your oath of service. You might try to buy my trust by giving me Wraithguard, Keening, and Sunder. I thought we might once again be friends... comrades... brothers in arms.|SCVR:05IX3wraithguard|INTV|SCVR:15IX3sunder|INTV|SCVR:25IX3keening|INTV|BNAM:;Dagoth Ur; has tools;   Choice "Continue" 1  Set MrTSVoiceID to 34  StartScript DagothUrSpeak

[MOD-INF]: ID=1042923846217663637(Topic:final questions)
  morrowind.esm------------->|DATA|ONAM:dagoth_ur_1|NAME:Yes, of course. I doubt that any cunning plan would have been of much use once I had the tools in hand. But now we'll never know. Pity. But now, if you have any questions, ask them. Otherwise, you are the challenger. I await your first blow.|SCVR:01500|INTV|BNAM:;Dagoth Ur: CHOICE 15;   Choice "Ask questions" 16 "End the dialog and prepare to attack." 17
  Dagoth Ur Voice Addon.esp->|DATA|ONAM:dagoth_ur_1|NAME:Yes, of course. I doubt that any cunning plan would have been of much use once I had the tools in hand. But now we'll never know. Pity. But now, if you have any questions, ask them. Otherwise, you are the challenger. I await your first blow.|SCVR:01500|INTV|BNAM:;Dagoth Ur: CHOICE 15;   Choice "Ask questions" 16 "End the dialog and prepare to attack." 17  Set MrTSVoiceID to 63  StartScript DagothUrSpeak

[MOD-INF]: ID=1242484951770522450(Topic:parting words)
  morrowind.esm------------->|DATA|ONAM:dagoth_ur_1|NAME:It will all be decided here. I believe I will prevail. But I cannot be sure, and I am vain enough that, should I fall, I would wish to be remembered in my own words. So, if you have final questions you would ask, ask them now. I have final questions I would ask you, if you would answer.|SCVR:01500|INTV|BNAM:;Dagoth Ur; has tools; CHOICE 2;
  Dagoth Ur Voice Addon.esp->|DATA|ONAM:dagoth_ur_1|NAME:It will all be decided here. I believe I will prevail. But I cannot be sure, and I am vain enough that, should I fall, I would wish to be remembered in my own words. So, if you have final questions you would ask, ask them now. I have final questions I would ask you, if you would answer.|SCVR:01500|INTV|BNAM:;Dagoth Ur; has tools; CHOICE 2;  Set MrTSVoiceID to 2  StartScript DagothUrSpeak

[MOD-INF]: ID=1420472953113629985(Topic:come unprepared)
  morrowind.esm------------->|DATA|ONAM:dagoth_ur_1|NAME:This is the place of destiny. And destiny may only be shaped by the holder of Kagrenac's Tools. I do not know what you think to accomplish. But raise your hand against me, and I shall destroy you.|BNAM:;Dagoth Ur; not all tools;   Goodbye
  Dagoth Ur Voice Addon.esp->|DATA|ONAM:dagoth_ur_1|NAME:This is the place of destiny. And destiny may only be shaped by the holder of Kagrenac's Tools. I do not know what you think to accomplish. But raise your hand against me, and I shall destroy you.|BNAM:;Dagoth Ur; not all tools;   Goodbye  Set MrTSVoiceID to 50  StartScript DagothUrSpeak

[MOD-INF]: ID=1453257882975315967(Greeting:greeting 1)
  tribunal.esm-------------->|DATA|ONAM:dagoth_ur_1|NAME:Have you something more to say?|SCVR:05IX3wraithguard_jury_rig|INTV|SCVR:15IX3sunder|INTV|SCVR:25IX3keening|INTV|BNAM:;Dagoth Ur; has tools
  Dagoth Ur Voice Addon.esp->|DATA|ONAM:dagoth_ur_1|NAME:Have you something more to say?|SCVR:05IX3wraithguard_jury_rig|INTV|SCVR:15IX3sunder|INTV|SCVR:25IX3keening|INTV|BNAM:;Dagoth Ur; has tools  Set MrTSVoiceID to 39  StartScript DagothUrSpeak

[MOD-INF]: ID=1596578642857022587(Topic:final questions)
  morrowind.esm------------->|DATA|ONAM:dagoth_ur_1|NAME:You are bold. I honor your independence. You are one to teach the gods their limits. I hope the bards will praise the glory of your death in song.|SCVR:01500|INTV|BNAM:;Dagoth Ur: CHOICE 6;   Choice "Continue" 2
  Dagoth Ur Voice Addon.esp->|DATA|ONAM:dagoth_ur_1|NAME:You are bold. I honor your independence. You are one to teach the gods their limits. I hope the bards will praise the glory of your death in song.|SCVR:01500|INTV|BNAM:;Dagoth Ur: CHOICE 6;   Choice "Continue" 2  Set MrTSVoiceID to 65  StartScript DagothUrSpeak

[MOD-INF]: ID=1671715344190492888(Greeting:greeting 1)
  tribunal.esm-------------->|DATA|ONAM:dagoth_ur_1|NAME:It began here. It will end here. Have you any parting words? Or would you prefer to skip the speeches, and get to our business. You are the challenger here, after all. So to you goes the courtesy of the first blow.|SCVR:05IX3wraithguard_jury_rig|INTV|SCVR:15IX3sunder|INTV|SCVR:25IX3keening|INTV|SCVR:31630|INTV:|BNAM:;Dagoth Ur; has tools
  Dagoth Ur Voice Addon.esp->|DATA|ONAM:dagoth_ur_1|NAME:It began here. It will end here. Have you any parting words? Or would you prefer to skip the speeches, and get to our business. You are the challenger here, after all. So to you goes the courtesy of the first blow.|SCVR:05IX3wraithguard_jury_rig|INTV|SCVR:15IX3sunder|INTV|SCVR:25IX3keening|INTV|SCVR:31630|INTV:|BNAM:;Dagoth Ur; has tools  Set MrTSVoiceID to 26  StartScript DagothUrSpeak

[MOD-INF]: ID=1892818683088716091(Topic:final questions)
  morrowind.esm------------->|DATA|ONAM:dagoth_ur_1|NAME:Since it hardly matters, let me assure you... there are no guarantees that would help you once I had my hands on those tools. Pity I didn't try to bargain with you. It might have made things so much easier. But now, if you have any questions, ask them. Otherwise, you are the challenger. I await your first blow.|SCVR:01500|INTV|BNAM:;Dagoth Ur: CHOICE 14;   Choice "Ask questions" 16 "End the dialog and prepare to attack." 17
  Dagoth Ur Voice Addon.esp->|DATA|ONAM:dagoth_ur_1|NAME:Since it hardly matters, let me assure you... there are no guarantees that would help you once I had my hands on those tools. Pity I didn't try to bargain with you. It might have made things so much easier. But now, if you have any questions, ask them. Otherwise, you are the challenger. I await your first blow.|SCVR:01500|INTV|BNAM:;Dagoth Ur: CHOICE 14;   Choice "Ask questions" 16 "End the dialog and prepare to attack." 17  Set MrTSVoiceID to 17  StartScript DagothUrSpeak

[MOD-INF]: ID=1908263561298011864(Topic:final questions)
  morrowind.esm------------->|DATA|ONAM:dagoth_ur_1|NAME:My final question is: if I had offered to let you join me, would you have surrendered Wraithguard, Sunder, and Keening to me to seal your oath?|SCVR:01500|INTV|BNAM:;Dagoth Ur: CHOICE 3;   Choice "No, I would never join you." 12 "No, I would never surrender the tools." 13 "Yes, perhaps, with the right guarantees." 14 "Yes, if I had a cunning plan." 15
  Dagoth Ur Voice Addon.esp->|DATA|ONAM:dagoth_ur_1|NAME:My final question is: if I had offered to let you join me, would you have surrendered Wraithguard, Sunder, and Keening to me to seal your oath?|SCVR:01500|INTV|BNAM:;Dagoth Ur: CHOICE 3;   Choice "No, I would never join you." 12 "No, I would never surrender the tools." 13 "Yes, perhaps, with the right guarantees." 14 "Yes, if I had a cunning plan." 15  Set MrTSVoiceID to 29  StartScript DagothUrSpeak

[MOD-INF]: ID=1911720131643125956(Topic:come unprepared)
  morrowind.esm------------->|DATA|ONAM:dagoth_ur_1|NAME:I am glad that this time you did not come unprepared.|SCVR:05IX3wraithguard|INTV|SCVR:15IX3sunder|INTV|SCVR:25IX3keening|INTV|BNAM:;Dagoth Ur; not all tools;   Goodbye
  Dagoth Ur Voice Addon.esp->|DATA|ONAM:dagoth_ur_1|NAME:I am glad that this time you did not come unprepared.|SCVR:05IX3wraithguard|INTV|SCVR:15IX3sunder|INTV|SCVR:25IX3keening|INTV|BNAM:;Dagoth Ur; not all tools;   Goodbye  Set MrTSVoiceID to 19  StartScript DagothUrSpeak

[MOD-INF]: ID=2038308431655529886(Topic:parting words)
  morrowind.esm------------->|DATA|ONAM:dagoth_ur_1|NAME:But I have won this place and power by right of conquest. By right of daring and enterprise. I will not risk it to cunning and deceit. I offer you no deals. If you are my enemy, I cannot trust you. And even if you are not my enemy, I cannot let you live.|SCVR:01500|INTV|BNAM:;Dagoth Ur; has tools; CHOICE 1;   Choice "Continue" 2
  Dagoth Ur Voice Addon.esp->|DATA|ONAM:dagoth_ur_1|NAME:But I have won this place and power by right of conquest. By right of daring and enterprise. I will not risk it to cunning and deceit. I offer you no deals. If you are my enemy, I cannot trust you. And even if you are not my enemy, I cannot let you live.|SCVR:01500|INTV|BNAM:;Dagoth Ur; has tools; CHOICE 1;   Choice "Continue" 2  Set MrTSVoiceID to 62  StartScript DagothUrSpeak

[MOD-INF]: ID=2190322223223052000(Greeting:greeting 1)
  tribunal.esm-------------->|DATA|ONAM:dagoth_ur_1|NAME:Have you something more to say?|SCVR:05IX3wraithguard|INTV|SCVR:15IX3sunder|INTV|SCVR:25IX3keening|INTV|BNAM:;Dagoth Ur; has tools
  Dagoth Ur Voice Addon.esp->|DATA|ONAM:dagoth_ur_1|NAME:Have you something more to say?|SCVR:05IX3wraithguard|INTV|SCVR:15IX3sunder|INTV|SCVR:25IX3keening|INTV|BNAM:;Dagoth Ur; has tools  Set MrTSVoiceID to 39  StartScript DagothUrSpeak

[MOD-INF]: ID=2571748642982115907(Topic:final questions)
  morrowind.esm------------->|DATA|ONAM:dagoth_ur_1|NAME:Very well. If you are impatient to begin. Go ahead. You are the challenger. To you goes the first blow.|SCVR:01500|INTV|BNAM:;Dagoth Ur: CHOICE 17;  setfight 90  Journal "C3_DestroyDagoth" 5
  Dagoth Ur Voice Addon.esp->|DATA|ONAM:dagoth_ur_1|NAME:Very well. If you are impatient to begin. Go ahead. You are the challenger. To you goes the first blow.|SCVR:01500|INTV|BNAM:;Dagoth Ur: CHOICE 17;  setfight 90  Journal "C3_DestroyDagoth" 5  Set MrTSVoiceID to 54  StartScript DagothUrSpeak

[MOD-INF]: ID=3183226707231774121(Topic:final questions)
  morrowind.esm------------->|DATA|ONAM:dagoth_ur_1|NAME:Thank you for your forthright response. And now, if you have any questions, ask them. Otherwise, you are the challenger. I await your first blow.|SCVR:01500|INTV|BNAM:;Dagoth Ur: CHOICE 12;   Choice "Ask questions." 16 "End the dialog and prepare to attack." 17
  Dagoth Ur Voice Addon.esp->|DATA|ONAM:dagoth_ur_1|NAME:Thank you for your forthright response. And now, if you have any questions, ask them. Otherwise, you are the challenger. I await your first blow.|SCVR:01500|INTV|BNAM:;Dagoth Ur: CHOICE 12;   Choice "Ask questions." 16 "End the dialog and prepare to attack." 17  Set MrTSVoiceID to 44  StartScript DagothUrSpeak

[MOD-INF]: ID=4677250821318325371(Topic:final questions)
  morrowind.esm------------->|DATA|ONAM:dagoth_ur_1|NAME:Akulakhan will serve three purposes. First, it will be the champion of my armies, liberating first Vvardenfell, then Morrowind, and then, perhaps the rest of Tamriel. Second, it will serve as a sower and cultivator of the divine substance derived from the Heart. Three, it will serve as the prominent banner and symbol of our cause -- to defy the Empire, to liberate mortals from ancient superstitions, and to glorify our crusade against the gods.|SCVR:01500|INTV|BNAM:;Dagoth Ur: CHOICE 23;     Choice "Continue" 16
  Dagoth Ur Voice Addon.esp->|DATA|ONAM:dagoth_ur_1|NAME:Akulakhan will serve three purposes. First, it will be the champion of my armies, liberating first Vvardenfell, then Morrowind, and then, perhaps the rest of Tamriel. Second, it will serve as a sower and cultivator of the divine substance derived from the Heart. Three, it will serve as the prominent banner and symbol of our cause -- to defy the Empire, to liberate mortals from ancient superstitions, and to glorify our crusade against the gods.|SCVR:01500|INTV|BNAM:;Dagoth Ur: CHOICE 23;     Choice "Continue" 16  Set MrTSVoiceID to 61  StartScript DagothUrSpeak

[MOD-INF]: ID=6675157001582314861(Topic:final questions)
  morrowind.esm------------->|DATA|ONAM:dagoth_ur_1|NAME:An interesting response. You might have been willing to join me, but never to surrender the tools. Very interesting. I'm glad I didn't try to bargain with you. And now, if you have any questions, ask them. Otherwise, you are the challenger. I await your first blow.|SCVR:01500|INTV: |BNAM:;Dagoth Ur: CHOICE 13;   Choice "Ask questions" 16 "End the dialog and prepare to attack." 17
  Dagoth Ur Voice Addon.esp->|DATA|ONAM:dagoth_ur_1|NAME:An interesting response. You might have been willing to join me, but never to surrender the tools. Very interesting. I'm glad I didn't try to bargain with you. And now, if you have any questions, ask them. Otherwise, you are the challenger. I await your first blow.|SCVR:01500|INTV: |BNAM:;Dagoth Ur: CHOICE 13;   Choice "Ask questions" 16 "End the dialog and prepare to attack." 17  Set MrTSVoiceID to 38  StartScript DagothUrSpeak

[MOD-INF]: ID=14273114471633523981(Topic:our business)
  morrowind.esm------------->|DATA|ONAM:dagoth_ur_1|NAME:You are the challenger here, after all. So to you goes the courtesy of the first blow. I'm waiting....|BNAM:;Dagoth Ur; has tools
  Dagoth Ur Voice Addon.esp->|DATA|ONAM:dagoth_ur_1|NAME:You are the challenger here, after all. So to you goes the courtesy of the first blow. I'm waiting....|BNAM:;Dagoth Ur; has tools  Set MrTSVoiceID to 46  StartScript DagothUrSpeak

[MOD-INF]: ID=19642283041589325887(Greeting:greeting 1)
  tribunal.esm-------------->|DATA|ONAM:dagoth_ur_1|NAME:Until I see you better prepared, we have nothing to discuss.|BNAM:;Dagoth Ur; not all tools;
  Dagoth Ur Voice Addon.esp->|DATA|ONAM:dagoth_ur_1|NAME:Until I see you better prepared, we have nothing to discuss.|BNAM:;Dagoth Ur; not all tools;  Set MrTSVoiceID to 53  StartScript DagothUrSpeak

[MOD-INF]: ID=19991221522926427904(Topic:final questions)
  morrowind.esm------------->|DATA|ONAM:dagoth_ur_1|NAME:What are your questions?|SCVR:01500|INTV|BNAM:;Dagoth Ur: CHOICE 16;    Choice "What is your plan for the Heart?" 18 "What is your plan for the Sixth House?" 19 "What is your plan for the Dunmer?" 20 "How do you justify your crimes?" 21 "What happened to the Dwemer?" 22 "Why are you building Akulakhan?" 23 "I'm finished talking, Defend yourself." 17
  Dagoth Ur Voice Addon.esp->|DATA|ONAM:dagoth_ur_1|NAME:What are your questions?|SCVR:01500|INTV|BNAM:;Dagoth Ur: CHOICE 16;    Choice "What is your plan for the Heart?" 18 "What is your plan for the Sixth House?" 19 "What is your plan for the Dunmer?" 20 "How do you justify your crimes?" 21 "What happened to the Dwemer?" 22 "Why are you building Akulakhan?" 23 "I'm finished talking, Defend yourself." 17  Set MrTSVoiceID to 58  StartScript DagothUrSpeak

[MOD-INF]: ID=20453221411984831239(Topic:final questions)
  morrowind.esm------------->|DATA|ONAM:dagoth_ur_1|NAME:The Sixth House will serve as the elite cadre of our movement. As cultists evolve through various stages of enlightenment, they will become, as suits their abilities, either holy warriors or priests. Their duty is to prepare themselves for service; their joy and liberation is to enter ever-more-deeply into the profound enlightenment of the divine dreamworld.|SCVR:01500|INTV|BNAM:;Dagoth Ur: CHOICE 19  Choice "Continue" 16
  Dagoth Ur Voice Addon.esp->|DATA|ONAM:dagoth_ur_1|NAME:The Sixth House will serve as the elite cadre of our movement. As cultists evolve through various stages of enlightenment, they will become, as suits their abilities, either holy warriors or priests. Their duty is to prepare themselves for service; their joy and liberation is to enter ever-more-deeply into the profound enlightenment of the divine dreamworld.|SCVR:01500|INTV|BNAM:;Dagoth Ur: CHOICE 19  Choice "Continue" 16  Set MrTSVoiceID to 47  StartScript DagothUrSpeak

[MOD-INF]: ID=22112111712176419568(Greeting:greeting 1)
  tribunal.esm-------------->|DATA|ONAM:dagoth_ur_1|NAME:It began here. It will end here. Have you any parting words? Or would you prefer to skip the speeches, and get to our business. You are the challenger here, after all. So to you goes the courtesy of the first blow.|SCVR:05IX3wraithguard|INTV|SCVR:15IX3sunder|INTV|SCVR:25IX3keening|INTV|SCVR:31630|INTV:|BNAM:;Dagoth Ur; has tools
  Dagoth Ur Voice Addon.esp->|DATA|ONAM:dagoth_ur_1|NAME:It began here. It will end here. Have you any parting words? Or would you prefer to skip the speeches, and get to our business. You are the challenger here, after all. So to you goes the courtesy of the first blow.|SCVR:05IX3wraithguard|INTV|SCVR:15IX3sunder|INTV|SCVR:25IX3keening|INTV|SCVR:31630|INTV:|BNAM:;Dagoth Ur; has tools  Set MrTSVoiceID to 26  StartScript DagothUrSpeak

[MOD-INF]: ID=28643110711167622166(Topic:final questions)
  morrowind.esm------------->|DATA|ONAM:dagoth_ur_1|NAME:Then I salute you for your faithful service to your lord. And I curse you and your Emperors as my enemies, for your stealing and spoiling Morrowind and degrading the Dunmer race. Your death and humiliation will give me special pleasure.|SCVR:01500|INTV|BNAM:;Dagoth Ur: CHOICE 5;   Choice "Continue" 2
  Dagoth Ur Voice Addon.esp->|DATA|ONAM:dagoth_ur_1|NAME:Then I salute you for your faithful service to your lord. And I curse you and your Emperors as my enemies, for your stealing and spoiling Morrowind and degrading the Dunmer race. Your death and humiliation will give me special pleasure.|SCVR:01500|INTV|BNAM:;Dagoth Ur: CHOICE 5;   Choice "Continue" 2  Set MrTSVoiceID to 48  StartScript DagothUrSpeak
