DD_Caldera_Expansion v15 + Stonewood Pass + Foyada Mamaea Overhaul Patch.ESP: DUP-REC JUNKCEL MASTERS MENUMOD MISSAUT MISSDSC MISSVER MOD-INF OVR-REC
    MASTERS: out of sync with the masters installed in your Data Files directory:
	Tamriel_Data.esm             8787443 (plugin)   11064795 (installed size)
    [MENUMOD] Scripts not checking menumode:
	SCPT(DD_BombEscape)
	SCPT(DD_CaveIn_HR_S)
	SCPT(DD_CaveIn_HT_S)
	SCPT(DD_FinaleSounds)
	SCPT(DD_GateMarker_S)
	SCPT(DD_Gates)
	SCPT(DD_HH_Daedroth_S)
	SCPT(DD_HR_GuardGate_S)
	SCPT(DD_HR_GuardS2_S)
	SCPT(DD_HR_Guards)
	SCPT(DD_HR_UveranGate_HH_S)
	SCPT(DD_HR_UveranTopic)
	SCPT(DD_HR_Uveran_S)
	SCPT(DD_HR_Wait2Days)
	SCPT(DD_HR_Writ_S)
	SCPT(DD_HT_FinalLava)
	SCPT(DD_HT_PickGuySpawner)
	SCPT(DD_RumbleLoop)
	SCPT(DD_Unused)
	SCPT(DD_UveranFinal_S)
	SCPT(DD_enable_rubble)
	SCPT(DD_lava_enable)
	SCPT(DD_qk_particles)
	SCPT(DD_qk_sounds)
	SCPT(TDM_CM_Axe_Script)
	SCPT(TDM_CM_ChestScript)
	SCPT(TDM_CM_KiseenaScript)
	SCPT(TDM_CM_MinerSpawn)
	SCPT(TDM_CM_NoteScript)
	SCPT(TDM_CM_RadimusScript)
	SCPT(TDM_CM_RisingSunScribScript)
	SCPT(TDM_CM_SathasaScript)
	SCPT(TDM_FlameMix)
	SCPT(TDM_HH_Wizard1_S)
	SCPT(TDM_SmugglerScript)
	SCPT(tdm_cm_spikethefood)
    [JUNKCEL] Junk Cells:                        Flags
	West Gash Region (-3, -1)                0x02
    [DUP-REC] Duplicate Records:
	From Master         Type    Name
	tribunal.esm        LTEX    rock_coastal
    [OVR-REC] Overridden Records:
	From Master         Type    Name
	bloodmoon.esm       LTEX    ac_darkgravel
	bloodmoon.esm       LTEX    rm_rock_03
	bloodmoon.esm       LTEX    sand_02
	bloodmoon.esm       LTEX    tx_bc_rock_03.tga
	bloodmoon.esm       LTEX    tx_bm_grass_01.dds
	bloodmoon.esm       LTEX    tx_bm_grass_02.dds
	bloodmoon.esm       LTEX    tx_bm_pine_needles_01.dds
	bloodmoon.esm       LTEX    wg_road
	morrowind.esm       BOOK    bk_notetocalderaguard
	morrowind.esm       BOOK    bk_notetocalderamages
	morrowind.esm       BOOK    bk_notetocalderaslaves
	morrowind.esm       BOOK    bk_notetoinorra
	morrowind.esm       DIAL    caldera ebony mines
	morrowind.esm       DIAL    telvanni agents
	morrowind.esm       LAND    (-1, -1)
	morrowind.esm       LAND    (-1, -2)
	morrowind.esm       LAND    (-1, -3)
	morrowind.esm       LAND    (-1, -4)
	morrowind.esm       LAND    (-1, 0)
	morrowind.esm       LAND    (-1, 1)
	morrowind.esm       LAND    (-1, 2)
	morrowind.esm       LAND    (-2, -1)
	morrowind.esm       LAND    (-2, -3)
	morrowind.esm       LAND    (-2, -4)
	morrowind.esm       LAND    (-2, -5)
	morrowind.esm       LAND    (-2, 0)
	morrowind.esm       LAND    (-2, 1)
	morrowind.esm       LAND    (-2, 2)
	morrowind.esm       LAND    (-3, -4)
	morrowind.esm       LAND    (-3, -5)
	morrowind.esm       LAND    (-3, -6)
	morrowind.esm       LAND    (-3, 0)
	morrowind.esm       LAND    (-3, 1)
	morrowind.esm       LAND    (-3, 2)
	morrowind.esm       LAND    (-4, -5)
	morrowind.esm       LAND    (-4, -6)
	morrowind.esm       LAND    (-4, 0)
	morrowind.esm       LAND    (-4, 1)
	morrowind.esm       LAND    (0, -1)
	morrowind.esm       LAND    (0, -2)
	morrowind.esm       LAND    (0, -3)
	morrowind.esm       LAND    (0, 0)
	morrowind.esm       LAND    (0, 1)
	morrowind.esm       LAND    (0, 2)
	morrowind.esm       LAND    (0, 3)
	morrowind.esm       LAND    (1, 0)
	morrowind.esm       LAND    (1, 1)
	morrowind.esm       LAND    (1, 2)
	morrowind.esm       LAND    (1, 3)
	morrowind.esm       LAND    (1, 4)
	morrowind.esm       LAND    (2, 3)
	morrowind.esm       LTEX    ac_darkstone01
	morrowind.esm       LTEX    ac_darkstone02
	morrowind.esm       LTEX    ac_darkstone_grass
	morrowind.esm       LTEX    ac_dirt_01
	morrowind.esm       LTEX    ac_dirtroad_01
	morrowind.esm       LTEX    ac_roundstone
	morrowind.esm       LTEX    ac_scrubplain_01
	morrowind.esm       LTEX    ac_scrubplain_02
	morrowind.esm       LTEX    ai_mudflats_01.tga
	morrowind.esm       LTEX    al_ash_01
	morrowind.esm       LTEX    al_ash_02
	morrowind.esm       LTEX    al_ash_03
	morrowind.esm       LTEX    al_ash_04
	morrowind.esm       LTEX    al_road_01
	morrowind.esm       LTEX    daedric stone
	morrowind.esm       LTEX    gl_dirt_01
	morrowind.esm       LTEX    gl_dirt_02
	morrowind.esm       LTEX    gl_dirt_grass_01
	morrowind.esm       LTEX    gl_dirt_grass_02
	morrowind.esm       LTEX    gl_dirtroad
	morrowind.esm       LTEX    gl_rock_01
	morrowind.esm       LTEX    gl_rock_02
	morrowind.esm       LTEX    ma_crackedearth
	morrowind.esm       LTEX    ma_lava
	morrowind.esm       LTEX    ma_lava02
	morrowind.esm       LTEX    ma_lava03
	morrowind.esm       LTEX    ma_lava05
	morrowind.esm       LTEX    ma_lava06
	morrowind.esm       LTEX    ma_lavacrust.tga
	morrowind.esm       LTEX    ma_lavaflow
	morrowind.esm       LTEX    ma_lavarock
	morrowind.esm       LTEX    ma_rock04
	morrowind.esm       LTEX    rm_redrock
	morrowind.esm       LTEX    rm_rock_02
	morrowind.esm       LTEX    rm_whiterock
	morrowind.esm       LTEX    road dirt
	morrowind.esm       LTEX    scrub plain
	morrowind.esm       LTEX    tx_bc_dirt.tga
	morrowind.esm       LTEX    tx_bc_mainroad_01.tga
	morrowind.esm       LTEX    tx_bc_muck.tga
	morrowind.esm       LTEX    tx_bc_rock_01.tga
	morrowind.esm       LTEX    tx_bc_rock_02.tga
	morrowind.esm       LTEX    tx_bc_rock_04.tga
	morrowind.esm       LTEX    tx_bc_rockyscrub.tga
	morrowind.esm       LTEX    tx_bc_undergrowth.tga
	morrowind.esm       LTEX    tx_land_darkstone02.tga
	morrowind.esm       LTEX    tx_rm_grayrock_01.tga
	morrowind.esm       LTEX    tx_rock_wg_01.tga
	morrowind.esm       LTEX    tx_rockyscrub_01.tga
	morrowind.esm       LTEX    wg_cobblestones
	morrowind.esm       LTEX    wg_dirtroad_01
	morrowind.esm       LTEX    wg_dirtscrub
	morrowind.esm       LTEX    wg_mainroad_01
	morrowind.esm       LTEX    wg_rock
	morrowind.esm       LTEX    wg_rockydirt
	morrowind.esm       LTEX    wg_rockyscrub
	morrowind.esm       LTEX    wg_scrub plain
	morrowind.esm       NPC_    alveleg
	morrowind.esm       NPC_    alynu aralen
	morrowind.esm       NPC_    fothyna herothran
	morrowind.esm       NPC_    kiseena
	morrowind.esm       NPC_    sathasa nerothren
	morrowind.esm       PGRD    ashanammu
	morrowind.esm       PGRD    caldera mine
	morrowind.esm       PGRD    west gash region
	tribunal.esm        DIAL    business
	tribunal.esm        DIAL    fg_telvanni_agents
	tribunal.esm        DIAL    greeting 1
	tribunal.esm        DIAL    greeting 5
	tribunal.esm        DIAL    hr_calderadisrupt
	tribunal.esm        LTEX    ai_clover
	tribunal.esm        LTEX    ai_dirt
	tribunal.esm        LTEX    ai_dirtroad
	tribunal.esm        LTEX    ai_grass
	tribunal.esm        LTEX    ai_grass_02
	tribunal.esm        LTEX    ai_grass_cobbles
	tribunal.esm        LTEX    ai_grass_dirt
	tribunal.esm        LTEX    ai_grass_rocky
	tribunal.esm        LTEX    ai_tilled_dirt
	tribunal.esm        LTEX    rm_grayrock
	tribunal.esm        LTEX    rm_rock_01
	tribunal.esm        LTEX    tx_ai_mainroad_01.tga

[MOD-INF]: ID=1068221912308416567(Topic:caldera ebony mines)
  morrowind.esm---------------------------------------------------------------->|DATA|ONAM:garisa llethri|DNAM:Redoran|NAME:First I want you to find evidence that there is corruption at the mines. Since the mines are run by the dishonorable House Hlaalu and the Empire, I am sure there is corruption. Do not take any other actions until you have delivered the evidence of corruption to me.|SCVR:34JX3HR_MadMilk|INTV:d|SCVR:44JX3HR_Shurinbaal|INTV:d|BNAM:Journal HR_CalderaCorrupt 10
  DD_Caldera_Expansion v15 + Stonewood Pass + Foyada Mamaea Overhaul Patch.ESP->|DATA|ONAM:garisa llethri|DNAM:Redoran|NAME:First I want you to find evidence that there is corruption at the mines. Since the mines are run by the dishonorable House Hlaalu and the Empire, I am sure there is corruption. Do not take any other actions until you have delivered the evidence of corruption to me.|SCVR:04JX0DD_HR_CalderaMine|INTV|BNAM:Journal HR_CalderaCorrupt 10

[MOD-INF]: ID=1147354543189521445(Greeting:greeting 5)
  morrowind.esm---------------------------------------------------------------->|DATA|ONAM:garisa llethri|DNAM:Redoran|NAME:If you want my support to make you a Councilman, you will have to perform a great service for House Redoran. I believe the Caldera ebony mines should be shut down.|SCVR:34JX4HR_CalderaDisrupt|INTV:d|SCVR:44JX3HR_MadMilk|INTV:d|SCVR:54JX3HR_Shurinbaal|INTV:d
  DD_Caldera_Expansion v15 + Stonewood Pass + Foyada Mamaea Overhaul Patch.ESP->|DATA|ONAM:garisa llethri|DNAM:Redoran|NAME|SCVR:24JX0DD_HR_CalderaMine|INTV:|SCVR:34JX4HR_CalderaDisrupt|INTV:d|SCVR:44JX3HR_MadMilk|INTV:d|SCVR:54JX3HR_Shurinbaal|INTV:d|BNAM:Journal DD_HR_CalderaMine 10

[MOD-INF]: ID=2531617332095525831(Journal:hr_calderadisrupt)
  tribunal.esm----------------------------------------------------------------->|DATA|NAME:Garisa Llethri thanked me for shutting down the ebony mines in Caldera.|QSTF
  DD_Caldera_Expansion v15 + Stonewood Pass + Foyada Mamaea Overhaul Patch.ESP->|DATA|NAME:Garisa Llethri thanked me for protecting Mihali Uveran.|QSTF

[MOD-INF]: ID=2938412444569225844(Topic:telvanni agents)
  morrowind.esm---------------------------------------------------------------->|DATA|ONAM:eydis fire-eye|NAME:Four Telvanni agents are responsible for thefts and disappearances at the Caldera ebony mines. Their names are Alynu Aralen, Sathasa Nerothren, Fothyna Herothran, and Alveleg. They're hiding in a cave in the hills north of Caldera Mine. When the four agents are dead, report back to me. Take care, it's very likely that one of them is on lookout posted outside the mines. The quickest way to Caldera is probably to have the guild guide at the Mages Guild transport you, but it is your choice.|SCVR:34JX3FG_Egg_Poachers|INTV:d|BNAM:Journal FG_Telvanni_agents 1
  DD_Caldera_Expansion v15 + Stonewood Pass + Foyada Mamaea Overhaul Patch.ESP->|DATA|ONAM:eydis fire-eye|NAME:Four Telvanni agents are responsible for thefts and disappearances at the Caldera ebony mines. Their names are Alynu Aralen, Sathasa Nerothren, Fothyna Herothran, and Alveleg. They're hiding in a cave in the hills south of Caldera Mine. When the four agents are dead, report back to me. Take care, it's very likely that one of them is on lookout posted outside the mines. The quickest way to Caldera is probably to have the guild guide at the Mages Guild transport you, but it is your choice.|SCVR:34JX3FG_Egg_Poachers|INTV:d|BNAM:Journal FG_Telvanni_agents 1

[MOD-INF]: ID=17515323232615912540(Journal:fg_telvanni_agents)
  tribunal.esm----------------------------------------------------------------->|DATA|NAME:I'm to find and kill four Telvanni agents responsible for thefts and disappearances at the Caldera Mine. Their names are Alynu Aralen, Sathasa Nerothren, Fothyna Herothran, and Alveleg. They're hiding in a cave in the hills north of Caldera Mine, and they probably have a lookout posted outside the mine. When the four agents are dead, report back to Eydis Fire-Eye.
  DD_Caldera_Expansion v15 + Stonewood Pass + Foyada Mamaea Overhaul Patch.ESP->|DATA|NAME:I'm to find and kill four Telvanni agents responsible for thefts and disappearances at the Caldera Mine. Their names are Alynu Aralen, Sathasa Nerothren, Fothyna Herothran, and Alveleg. They're hiding in a cave in the hills south of Caldera Mine, and they probably have a lookout posted outside the mine. When the four agents are dead, report back to Eydis Fire-Eye.
