Detailed Dungeons.ESP: DUP-REC JUNKCEL MISSVER
    [JUNKCEL] Junk Cells:                        Flags
	Ascadian Isles Region (-2, -6)           0x02
	Bitter Coast Region (-12, 1)             0x02
	Bitter Coast Region (-12, 2)             0x02
	Bitter Coast Region (-12, 3)             0x02
	Bitter Coast Region (-13, 1)             0x02
	Bitter Coast Region (-13, 2)             0x02
	Bitter Coast Region (-13, 3)             0x02
	Bitter Coast Region (-13, 4)             0x02
	Bitter Coast Region (-14, 2)             0x02
	Bitter Coast Region (-14, 4)             0x02
	Bitter Coast Region (-14, 5)             0x02
	Red Mountain Region (0, 9)               0x02
	West Gash Region (-15, 7)                0x02
	West Gash Region (-16, 7)                0x02
	West Gash Region (-16, 8)                0x02
	West Gash Region (-3, 2)                 0x02
	Wilderness (-15, -8)                     0x02
	Wilderness (-28, 24)                     0x02
	Wilderness (-29, 23)                     0x02
    [DUP-REC] Duplicate Records:
	From Master         Type    Name
	morrowind.esm       STAT    in_mold_rock_13
	morrowind.esm       STAT    in_mudcave_stal40
