DialogueReputationFix.ESP: DUP-REC MISSAUT MISSDSC MISSVER MOD-INF OVR-REC
    [OVR-REC] Overridden Records:
	From Master         Type    Name
	tribunal.esm        DIAL    hello

[MOD-INF]: ID=4832241114629138(Voice:hello)
  morrowind.esm------------->|DATA|RNAM:Dark Elf|SNAM:vo\d\f\Hlo_DF167.mp3|NAME:Greetings, outlander. Don't I know you from somewhere?|SCVR:01033|INTV|BNAM:;PCReputation>=3
  DialogueReputationFix.ESP->|DATA|RNAM:Dark Elf|SNAM:vo\d\f\Hlo_DF167.mp3|NAME:Greetings, outlander. Don't I know you from somewhere?|SCVR:01053|INTV|BNAM:;PCReputation>=3

[MOD-INF]: ID=32976371313263200(Voice:hello)
  morrowind.esm------------->|DATA|RNAM:Dark Elf|SNAM:vo\d\f\Hlo_DF212.mp3|NAME:Welcome, friend. I feel as though I should know you.|SCVR:01033|INTV|BNAM:;PCReputation>=3
  DialogueReputationFix.ESP->|DATA|RNAM:Dark Elf|SNAM:vo\d\f\Hlo_DF212.mp3|NAME:Welcome, friend. I feel as though I should know you.|SCVR:01053|INTV|BNAM:;PCReputation>=3

[MOD-INF]: ID=49286432132565412(Voice:hello)
  morrowind.esm------------->|DATA|RNAM:Dark Elf|SNAM:vo\d\f\Hlo_DF214.mp3|NAME:Welcome, friend, you're nearly a legend around here. Please, talk.|SCVR:01033|INTV|BNAM:;PCReputation>=11
  DialogueReputationFix.ESP->|DATA|RNAM:Dark Elf|SNAM:vo\d\f\Hlo_DF214.mp3|NAME:Welcome, friend, you're nearly a legend around here. Please, talk.|SCVR:01053|INTV|BNAM:;PCReputation>=11

[MOD-INF]: ID=92942110715057379(Voice:hello)
  morrowind.esm------------->|DATA|RNAM:Dark Elf|SNAM:vo\d\m\Hlo_DM212.mp3|NAME:Welcome friend. I feel as though I should know you.|SCVR:01033|INTV|BNAM:;PCReputation>=3
  DialogueReputationFix.ESP->|DATA|RNAM:Dark Elf|SNAM:Vo\d\m\Hlo_DM214.mp3|NAME:Welcome friend, you're nearly a legend around here. Please, talk.|SCVR:01053|INTV|BNAM:;PCReputation>=11

[MOD-INF]: ID=132083801696631084(Voice:hello)
  morrowind.esm------------->|DATA|RNAM:Dark Elf|SNAM:vo\d\m\Hlo_DM213.mp3|NAME:Welcome, friend, are you the one I've heard talk about?|SCVR:01033|INTV|BNAM:;PCReputation>=6
  DialogueReputationFix.ESP->|DATA|RNAM:Dark Elf|SNAM:vo\d\m\Hlo_DM213.mp3|NAME:Welcome, friend, are you the one I've heard talk about?|SCVR:01053|INTV|BNAM:;PCReputation>=6

[MOD-INF]: ID=267892278338311418(Voice:hello)
  morrowind.esm------------->|DATA|RNAM:Dark Elf|SNAM:vo\d\m\Hlo_DM167.mp3|NAME:Greetings, outlander. Don't I know you from somewhere?|SCVR:01033|INTV|BNAM:;PCReputation>=3
  DialogueReputationFix.ESP->|DATA|RNAM:Dark Elf|SNAM:Vo\d\m\Hlo_DM169.mp3|NAME:Your actions precede you outlander. I've heard good things about you.|SCVR:01053|INTV|BNAM:;PCReputation>=11

[MOD-INF]: ID=404272181396828744(Voice:hello)
  morrowind.esm------------->|DATA|RNAM:Dark Elf|SNAM:vo\d\f\Hlo_DF118.mp3|NAME:I've heard a lot about you, outlander. Go ahead.|SCVR:01033|INTV|BNAM:;PCReputation>=11
  DialogueReputationFix.ESP->|DATA|RNAM:Dark Elf|SNAM:vo\d\f\Hlo_DF118.mp3|NAME:I've heard a lot about you, outlander. Go ahead.|SCVR:01053|INTV|BNAM:;PCReputation>=11

[MOD-INF]: ID=1646838492361620972(Voice:hello)
  morrowind.esm------------->|DATA|RNAM:Dark Elf|SNAM:vo\d\f\Hlo_DF169.mp3|NAME:You're actions precede you, outlander. I've heard good things about you.|SCVR:01033|INTV|BNAM:;PCReputation>=11
  DialogueReputationFix.ESP->|DATA|RNAM:Dark Elf|SNAM:vo\d\f\Hlo_DF169.mp3|NAME:You're actions precede you, outlander. I've heard good things about you.|SCVR:01053|INTV|BNAM:;PCReputation>=11

[MOD-INF]: ID=1810126583234042623(Voice:hello)
  morrowind.esm------------->|DATA|RNAM:Dark Elf|SNAM:vo\d\f\Hlo_DF168.mp3|NAME:Greetings, outlander. I think I've heard of you before.|SCVR:01033|INTV|BNAM:;PCReputation>=6
  DialogueReputationFix.ESP->|DATA|RNAM:Dark Elf|SNAM:vo\d\f\Hlo_DF168.mp3|NAME:Greetings, outlander. I think I've heard of you before.|SCVR:01053|INTV|BNAM:;PCReputation>=6

[MOD-INF]: ID=1948923302870224776(Voice:hello)
  morrowind.esm------------->|DATA|RNAM:Dark Elf|SNAM:vo\d\f\Hlo_DF117.mp3|NAME:Haven't I heard of you?|SCVR:01033|INTV|BNAM:;PCReputation>=6
  DialogueReputationFix.ESP->|DATA|RNAM:Dark Elf|SNAM:vo\d\f\Hlo_DF117.mp3|NAME:Haven't I heard of you?|SCVR:01053|INTV|BNAM:;PCReputation>=6

[MOD-INF]: ID=2928220985176186827(Voice:hello)
  morrowind.esm------------->|DATA|RNAM:Dark Elf|SNAM:vo\d\m\Hlo_DM117.mp3|NAME:Haven't I heard of you?|SCVR:01033|INTV|BNAM:;PCReputation>=6
  DialogueReputationFix.ESP->|DATA|RNAM:Dark Elf|SNAM:vo\d\m\Hlo_DM117.mp3|NAME:Haven't I heard of you?|SCVR:01053|INTV|BNAM:;PCReputation>=6

[MOD-INF]: ID=2936023460901127956(Voice:hello)
  morrowind.esm------------->|DATA|RNAM:Dark Elf|SNAM:vo\d\m\Hlo_DM168.mp3|NAME:Greetings, outlander. I think I've heard of you before.|SCVR:01033|INTV|BNAM:;PCReputation>=6
  DialogueReputationFix.ESP->|DATA|RNAM:Dark Elf|SNAM:vo\d\m\Hlo_DM168.mp3|NAME:Greetings, outlander. I think I've heard of you before.|SCVR:01053|INTV|BNAM:;PCReputation>=6

[MOD-INF]: ID=4163281421785426374(Voice:hello)
  morrowind.esm------------->|DATA|RNAM:Dark Elf|SNAM:vo\d\f\Hlo_DF116.mp3|NAME:Do I know you?|SCVR:01033|INTV|BNAM:;PCReputation>=3
  DialogueReputationFix.ESP->|DATA|RNAM:Dark Elf|SNAM:vo\d\f\Hlo_DF116.mp3|NAME:Do I know you?|SCVR:01053|INTV|BNAM:;PCReputation>=3

[MOD-INF]: ID=10160166983150315710(Voice:hello)
  morrowind.esm------------->|DATA|RNAM:Dark Elf|SNAM:vo\d\m\Hlo_DM169.mp3|NAME:You're actions precede you outlander. I've heard good things about you.|SCVR:01033|INTV|BNAM:;PCReputation>=11
  DialogueReputationFix.ESP->|DATA|RNAM:Dark Elf|SNAM:Vo\d\m\Hlo_DM167.mp3|NAME:Greetings, outlander. Don't I know you from somewhere?|SCVR:01053|INTV|BNAM:;PCReputation>=3

[MOD-INF]: ID=17609174021929126198(Voice:hello)
  morrowind.esm------------->|DATA|RNAM:Dark Elf|SNAM:vo\d\m\Hlo_DM214.mp3|NAME:Welcome friend, you're nearly a legend around here. Please, talk.|SCVR:01033|INTV|BNAM:;PCReputation>=11
  DialogueReputationFix.ESP->|DATA|RNAM:Dark Elf|SNAM:Vo\d\m\Hlo_DM212.mp3|NAME:Welcome friend. I feel as though I should know you.|SCVR:01053|INTV|BNAM:;PCReputation>=3

[MOD-INF]: ID=18392326101111314715(Voice:hello)
  morrowind.esm------------->|DATA|RNAM:Dark Elf|SNAM:vo\d\m\Hlo_DM118.mp3|NAME:I've heard a lot about you, outlander. Go ahead.|SCVR:01033|INTV|BNAM:;PCReputation>=11
  DialogueReputationFix.ESP->|DATA|RNAM:Dark Elf|SNAM:Vo\d\m\Hlo_DM116.mp3|NAME:Do I know you?|SCVR:01053|INTV|BNAM:;PCReputation>=3

[MOD-INF]: ID=31791208652933026616(Voice:hello)
  morrowind.esm------------->|DATA|RNAM:Dark Elf|SNAM:vo\d\m\Hlo_DM116.mp3|NAME:Do I know you?|SCVR:01033|INTV|BNAM:;PCReputation>=3
  DialogueReputationFix.ESP->|DATA|RNAM:Dark Elf|SNAM:Vo\d\m\Hlo_DM118.mp3|NAME:I've heard a lot about you, outlander. Go ahead.|SCVR:01053|INTV|BNAM:;PCReputation>=11

[MOD-INF]: ID=32164326542778527252(Voice:hello)
  morrowind.esm------------->|DATA|RNAM:Dark Elf|SNAM:vo\d\f\Hlo_DF213.mp3|NAME:Welcome, friend, are you the one I've heard talk about.|SCVR:01033|INTV|BNAM:;PCReputation>=6
  DialogueReputationFix.ESP->|DATA|RNAM:Dark Elf|SNAM:vo\d\f\Hlo_DF213.mp3|NAME:Welcome, friend, are you the one I've heard talk about.|SCVR:01053|INTV|BNAM:;PCReputation>=6
