Diseases_Restored_Rational_Wildlife.esp: DUP-REC MENUMOD OVR-REC
    [MENUMOD] Scripts not checking menumode:
	SCPT(h11_dr_alit)
	SCPT(h11_dr_dreugh)
	SCPT(h11_dr_guar)
	SCPT(h11_dr_kwama)
	SCPT(h11_dr_kwama_forager)
	SCPT(h11_dr_netch)
	SCPT(h11_dr_nix_hound)
	SCPT(h11_dr_rat)
	SCPT(h11_dr_slaughterfish)
	SCPT(h11_dr_undead)
    [DUP-REC] Duplicate Records:
	From Master         Type    Name
	morrowind.esm       CREA    mudcrab-diseased
    [OVR-REC] Overridden Records:
	From Master         Type    Name
	bloodmoon.esm       CREA    bm_bear_black
	bloodmoon.esm       CREA    bm_bear_black_fat
	bloodmoon.esm       CREA    bm_bear_brown
	bloodmoon.esm       CREA    bm_bear_snow_unique
	bloodmoon.esm       CREA    bm_frost_boar
	bloodmoon.esm       CREA    bm_horker
	bloodmoon.esm       CREA    bm_wolf_grey
	bloodmoon.esm       CREA    bm_wolf_grey_lvl_1
	bloodmoon.esm       CREA    bm_wolf_red
	bloodmoon.esm       CREA    bm_wolf_snow_unique
	bloodmoon.esm       CREA    rat
	morrowind.esm       CREA    alit
	morrowind.esm       CREA    alit_blighted
	morrowind.esm       CREA    alit_diseased
	morrowind.esm       CREA    bonelord
	morrowind.esm       CREA    bonewalker
	morrowind.esm       CREA    bonewalker_dead
	morrowind.esm       CREA    bonewalker_greater
	morrowind.esm       CREA    bonewalker_greater_dead
	morrowind.esm       CREA    cliff racer
	morrowind.esm       CREA    cliff racer_blighted
	morrowind.esm       CREA    cliff racer_diseased
	morrowind.esm       CREA    dreugh
	morrowind.esm       CREA    guar
	morrowind.esm       CREA    guar_feral
	morrowind.esm       CREA    guar_hrmudcrabnest
	morrowind.esm       CREA    kagouti
	morrowind.esm       CREA    kagouti_blighted
	morrowind.esm       CREA    kagouti_diseased
	morrowind.esm       CREA    kagouti_mating
	morrowind.esm       CREA    kwama forager
	morrowind.esm       CREA    kwama warrior
	morrowind.esm       CREA    mudcrab
	morrowind.esm       CREA    netch_betty
	morrowind.esm       CREA    netch_bull
	morrowind.esm       CREA    netch_bull_dead
	morrowind.esm       CREA    netch_bull_dead_2
	morrowind.esm       CREA    nix-hound
	morrowind.esm       CREA    nix-hound blighted
	morrowind.esm       CREA    rat_cave_fgrh
	morrowind.esm       CREA    rat_cave_fgt
	morrowind.esm       CREA    rat_telvanni_unique
	morrowind.esm       CREA    rat_telvanni_unique_2
	morrowind.esm       CREA    scrib blighted
	morrowind.esm       CREA    scrib diseased
	morrowind.esm       CREA    shalk
	morrowind.esm       CREA    shalk_blighted
	morrowind.esm       CREA    shalk_diseased
	morrowind.esm       CREA    shalk_diseased_hram
	morrowind.esm       CREA    skeleton
	morrowind.esm       CREA    skeleton hero dead
	morrowind.esm       CREA    skeleton_weak
	morrowind.esm       CREA    slaughterfish_small
	tribunal.esm        CREA    durzog_wild
	tribunal.esm        CREA    durzog_wild_weaker
	tribunal.esm        CREA    scrib
	tribunal.esm        CREA    slaughterfish
