Divayth Fyr Idles Addon.esp: DUP-INF DUP-REC MISSAUT MISSDSC MISSVER OVR-REC
    [OVR-REC] Overridden Records:
	From Master         Type    Name
	bloodmoon.esm       DIAL    flee
	morrowind.esm       DIAL    thief
	tribunal.esm        DIAL    attack
	tribunal.esm        DIAL    hello
	tribunal.esm        DIAL    hit
	tribunal.esm        DIAL    idle

[DUP-INF]: ID=100717462151923586(Voice:hello)
  |DATA|RNAM:Redguard|SNAM:vo\r\f\Hlo_RF138.mp3|NAME:A vampire! No!|SCVR:01600|INTV|BNAM:;PCVampirism=1

[DUP-INF]: ID=147592630412284609(Voice:thief)
  |DATA|RNAM:Argonian|SNAM|SCVR:02sX3Random100|INTV:P

[DUP-INF]: ID=193626649300348706(Voice:hello)
  |DATA|RNAM:Argonian|SNAM:Vo\a\m\Hlo_AM000e.mp3|NAME:Enough!

[DUP-INF]: ID=296686385665525676(Voice:flee)
  |DATA|RNAM:Argonian|SNAM:vo\a\m\Fle_AM005.mp3|NAME:No!|SCVR:02sX3Random100|INTV:P

[DUP-INF]: ID=1884812464213920678(Voice:attack)
  |DATA|ONAM:clasomo|SNAM:Vo\v\CrAtk_vIM005.mp3|NAME:Die!

[DUP-INF]: ID=2674739731683617015(Voice:hit)
  |DATA|ONAM:dagoth_ur_2|SNAM:Vo\Misc\Hit_DU001.mp3|NAME:Oh, please, Nerevar! Spare me!

[DUP-INF]: ID=2749959601208931994(Voice:thief)
  |DATA|ONAM:calvario

[DUP-INF]: ID=2823228763200130073(Voice:idle)
  |DATA|RNAM:Dark Elf|CNAM:Guard|FNAM:Temple|SNAM:Vo\ord\Idl_ORM001.mp3|NAME:Submit to the Three, the Spirits, and Thy Lords.|SCVR:02sX3Random100|INTV:K

[DUP-INF]: ID=8126301621219914218(Voice:attack)
  |DATA|RNAM:Imperial|SNAM:Vo\i\m\CrAtk_IM001.mp3|NAME:Hurrgh!|SCVR:01650|INTV|SCVR:12sX3Random100|INTV:P

[DUP-INF]: ID=10120316912878713430(Voice:idle)
  |DATA|ONAM:calvario

[DUP-INF]: ID=17974246111951528413(Voice:flee)
  |DATA|ONAM:calvario

[DUP-INF]: ID=21879137601066715247(Voice:hit)
  |DATA|RNAM:Argonian|SNAM:Vo\a\m\Flw_AM002.mp3|NAME:Careful with that, friend.|SCVR:01660|INTV
