Djangos Dialogue - Tamriel Rebuilt.esp: DUP-INF DUP-REC MASTERS MISSVER MOD-INF NUMRECS OVR-REC
    MASTERS: out of sync with the masters installed in your Data Files directory:
	Tamriel_Data.esm            10684550 (plugin)   11064795 (installed size)
	TR_Mainland.esm            163703637 (plugin)  163244128 (installed size)
    [NUMRECS]: number of records in TES3.HEDR (616) != Actual count (612)
    [OVR-REC] Overridden Records:
	From Master         Type    Name
	tamriel_data.esm    DIAL    cyrodiil
	tr_mainland.esm     DIAL    house hlaalu
	tr_mainland.esm     DIAL    house telvanni
	tribunal.esm        DIAL    background
	tribunal.esm        DIAL    latest rumors
	tribunal.esm        DIAL    little advice
	tribunal.esm        DIAL    little secret
	tribunal.esm        DIAL    morrowind lore
	tribunal.esm        DIAL    my trade
	tribunal.esm        DIAL    specific place

[MOD-INF]: ID=2492329822313525(Topic:little secret)
  tr_mainland.esm------------------------>|DATA|NAME:Vampires are not as much of a problem here as back in the West. Here, the Dark Elves burned them out centuries ago, and the Temple makes sure they don't come back.|SCVR:02sX4Random100|INTV|SCVR:1CsX0T_Local_NoLore|INTV:|SCVR:28FX0Ashlanders|INTV|SCVR:43sX3TR_Map|INTV:
  Djangos Dialogue - Tamriel Rebuilt.esp->|DATA|NAME:Vampires are not as much of a problem here as back in the West. Here, the Dark Elves burned them out centuries ago, and the Temple makes sure they don't come back.|SCVR:02sX4Random100|INTV|SCVR:1CsX0T_Local_NoLore|INTV:|SCVR:28FX0Ashlanders|INTV|SCVR:43sX3TR_Map|INTV:

[MOD-INF]: ID=62678480410644084(Topic:latest rumors)
  tr_mainland.esm------------------------>|DATA|NAME:The Blight is gone. Completely. Blue skies over Red Mountain. We all owe you a debt of gratitude.|SCVR:0CsX0T_Local_NoLore|INTV:|SCVR:14JX3C3_DestroyDagoth|INTV:2|SCVR:23sX3TR_Map|INTV:
  Djangos Dialogue - Tamriel Rebuilt.esp->|DATA|NAME:The Blight is gone. Completely. Blue skies over Red Mountain. We all owe you a debt of gratitude.|SCVR:0CsX0T_Local_NoLore|INTV:|SCVR:14JX3C3_DestroyDagoth|INTV:2|SCVR:23sX3TR_Map|INTV:

[MOD-INF]: ID=86222924550024104(Topic:little secret)
  tamriel_data.esm----------------------->|DATA|NAME:Talk to everyone. Talk is cheap. Ask questions. You don't ask, you never learn.|SCVR:03sX0T_Local_N|PCIN:|SCVR:1CsX0T_Local_NoLore|INTV:
  Djangos Dialogue - Tamriel Rebuilt.esp->|DATA|NAME:Talk to everyone. Talk is cheap. Ask questions. You don't ask, you never learn.|SCVR:0CsX0T_Local_NoLore|INTV:|SCVR:13sX3T_Local_N|PCIN:

[MOD-INF]: ID=229879186108353819(Topic:my trade)
  tamriel_data.esm----------------------->|DATA|CNAM:Rogue|NAME:I'm a lovable rogue, a silver-tongued devil with a taste for the better things in life. But lovable as I am, some people get upset with me, and so I must fight -- purely in self-defense, you understand. I like light armor and short blades for self defense; heavy armor and heavy weapons just tire you out. But I train with various different weapon types and armor types, so I can improvise when the situation demands it.|SCVR:03sX0T_Local_N|PCIN:|SCVR:1CsX0T_Local_NoLore|INTV:
  Djangos Dialogue - Tamriel Rebuilt.esp->|DATA|CNAM:Rogue|NAME:I'm a lovable rogue, a silver-tongued devil with a taste for the better things in life. But lovable as I am, some people get upset with me, and so I must fight -- purely in self-defense, you understand. I'm quick on my feet and I can improvise when the situation demands it.|SCVR:0CsX0T_Local_NoLore|INTV:|SCVR:13sX0T_Local_N|PCIN:|BNAM:;Rogue; Light Armor, Short Blade

[MOD-INF]: ID=283841358653441576(Topic:little secret)
  tr_mainland.esm------------------------>|DATA|NAME:Have you heard of this new secret cult, the Sixth House? It's been settled on Vvardenfell for some time, but I've heard that they're paying smugglers to try to bring in their goods to the mainland. Some kind of strange statues.|SCVR:02sX4Random100|INTV:(|SCVR:14JX3A1_2_AntabolisInformant|INTV: |SCVR:24JX4C3_DestroyDagoth|INTV:2|SCVR:3CsX0T_Local_NoLore|INTV:|SCVR:48FX0Ashlanders|INTV|SCVR:53sX3TR_Map|INTV
  Djangos Dialogue - Tamriel Rebuilt.esp->|DATA|NAME:Have you heard of this new secret cult, the Sixth House? They say they sit around in caves, cutting off pieces of their own flesh and eating it. It's that corprus disease -- makes the flesh grow wild and crazy. Cut a piece off, and another piece grows back, bigger and better. Guards say, 'We're looking into it.' Right. That makes me feel better.|SCVR:02sX4Random100|INTV:(|SCVR:14JX3A1_2_AntabolisInformant|INTV: |SCVR:24JX4C3_DestroyDagoth|INTV:2|SCVR:3CsX0T_Local_NoLore|INTV:|SCVR:48FX0Ashlanders|INTV|SCVR:53sX3TR_Map|INTV

[MOD-INF]: ID=320459338609223346(Topic:little secret)
  tamriel_data.esm----------------------->|DATA|NAME:If someone attacks you first, you have the right to defend yourself. If someone DOESN'T attack you first, you're going to break the law if you attack him.|SCVR:03sX0T_Local_N|PCIN:|SCVR:1CsX0T_Local_NoLore|INTV:|SCVR:22sX4Random100|INTV:P
  Djangos Dialogue - Tamriel Rebuilt.esp->|DATA|NAME:If someone attacks you first, you have the right to defend yourself. If someone DOESN'T attack you first, you're going to break the law if you attack him.|SCVR:02sX4Random100|INTV:P|SCVR:1CsX0T_Local_NoLore|INTV:|SCVR:23sX0T_Local_N|PCIN:

[MOD-INF]: ID=383613611889011825(Topic:little secret)
  tr_mainland.esm------------------------>|DATA|FNAM:Thieves Guild|NAME:I'm %Rank rank in %Faction, and I'd think twice about going down in a Daedric ruin without a crateful of potions and scrolls.|SCVR:02sX4Random100|INTV|SCVR:1CsX0T_Local_NoLore|INTV:|SCVR:23sX3TR_Map|INTV:
  Djangos Dialogue - Tamriel Rebuilt.esp->|DATA|FNAM:Thieves Guild|NAME:I'm %Rank rank in the Guild, and I'd think twice about going down in a Daedric ruin without a crateful of potions and scrolls.|SCVR:02sX4Random100|INTV|SCVR:1CsX0T_Local_NoLore|INTV:|SCVR:23sX3TR_Map|INTV:

[MOD-INF]: ID=920382922339413308(Topic:latest rumors)
  tr_mainland.esm------------------------>|DATA|RNAM:Dark Elf|NAME:Have you noticed, for all its proclamations about protecting the rights of property and preserving law and order, the Imperial legion does little enough to capture and prosecute abolitionists? That's a bit hypocritical, don't you think?|SCVR:0CsX0T_Local_NoLore|INTV:|SCVR:13sX3TR_Map|INTV:
  Djangos Dialogue - Tamriel Rebuilt.esp->|DATA|RNAM:Dark Elf|NAME:Have you noticed, for all its proclamations about protecting the rights of property and preserving law and order, the Imperial legion does little enough to capture and prosecute abolitionists? That's a bit hypocritical, don't you think?|SCVR:0CsX0T_Local_NoLore|INTV:|SCVR:13sX3TR_Map|INTV:

[MOD-INF]: ID=1360165051119330796(:specific place)
  morrowind.esm-------------------------->|DATA|ANAM:Balmora|NAME|INTV|SCVR:1BLX0Balmora, Council Club|INTV|SCVR:2CsX0nolore|INTV:|BNAM:;Balmora   Choice "Continue" 1
  Djangos Dialogue - Tamriel Rebuilt.esp->|NAME:I'm not here to give you directions, %PCRace.|DELE:

[MOD-INF]: ID=2147025199326069535(Topic:my trade)
  tamriel_data.esm----------------------->|DATA|CNAM:Crusader|NAME:I'm what they call a crusader. Crusaders used to be warriors in service to a cult, but now any heavily armored warrior with a good cause calls himself a crusader. My good cause is hunting down necromancers and witches and bandits and other malefactors. And I do well by doing good -- salvage on arms, armor, and goods taken from malefactors earns me a good living. I'm tough and strong, so I wear heavy armor and use blunt weapons. And I won't fight with worn weapons or worn armor, so I'm my own armorer.|SCVR:03sX0T_Local_N|PCIN:|SCVR:1CsX0T_Local_NoLore|INTV:
  Djangos Dialogue - Tamriel Rebuilt.esp->|DATA|CNAM:Crusader|NAME:I'm what they call a crusader. Crusaders used to be warriors in service to a cult, but now any heavily armored warrior with a good cause calls himself a crusader. My good cause is hunting down necromancers and witches and bandits and other malefactors. And I do well by doing good -- salvage on arms, armor, and goods taken from malefactors earns me a good living.|SCVR:0CsX0T_Local_NoLore|INTV:|SCVR:13sX0T_Local_N|PCIN:|BNAM:;Crusader; Blunt, Heavy Armor, Armorer

[MOD-INF]: ID=2248145472634930527(Topic:little secret)
  tr_mainland.esm------------------------>|DATA|FNAM:Fighters Guild|NAME:You want my advice, rookie? I've been around. I've risen to %Rank rank in this outfit by being smart and careful. And if I were you, I'd stay away from Daedric ruins until you have a little more experience, and a heftier kit bag.|SCVR:02sX4Random100|INTV|SCVR:11064|INTV|SCVR:2CsX0T_Local_NoLore|INTV:|SCVR:33sX3TR_Map|INTV:
  Djangos Dialogue - Tamriel Rebuilt.esp->|DATA|FNAM:Fighters Guild|NAME:You want my advice, rookie? I've been around. I've risen to %Rank rank in this outfit by being smart and careful. And if I were you, I'd stay away from Daedric ruins until you have a little more experience, and a heftier kit bag.|SCVR:02sX4Random100|INTV|SCVR:11064|INTV|SCVR:2CsX0T_Local_NoLore|INTV:|SCVR:33sX3TR_Map|INTV:

[MOD-INF]: ID=2322028830207613303(Topic:little secret)
  tr_mainland.esm------------------------>|DATA|NAME:When you're wandering the wilderness, be wary of disease. The Ghostfence has done its best to keep the blight diseases and corprus from spreading to the mainland, but you never know. Always keep a couple of cure potions on you.|SCVR:02sX4Random100|INTV:2|SCVR:1CsX0T_Local_NoLore|INTV:|SCVR:23sX3TR_Map|INTV
  Djangos Dialogue - Tamriel Rebuilt.esp->|DATA|NAME:When you're wandering the wilderness, be wary of disease. The Ghostfence has done its best to keep the blight diseases and corprus from spreading to the mainland, but you never know. Always keep a couple of cure potions on you.|SCVR:02sX4Random100|INTV:2|SCVR:1CsX0T_Local_NoLore|INTV:|SCVR:23sX3TR_Map|INTV

[MOD-INF]: ID=2886533452115931633(Topic:my trade)
  tamriel_data.esm----------------------->|DATA|CNAM:Agent|NAME:I'm an agent. I work for a noble, or a company, or the state, and I do things that need doing. Mostly I handle matters in the business or diplomatic line, things that require mercantile skills, or the arts of speechcraft. I trade in knowledge -- hard facts and rumors. 'Knowledge is power,' as they say. And sometimes I do other sorts of things. Things I can't talk about.|SCVR:03sX0T_Local_N|PCIN:|SCVR:1CsX0T_Local_NoLore|INTV:
  Djangos Dialogue - Tamriel Rebuilt.esp->|DATA|CNAM:Agent|NAME:I'm an agent. I work for a House, or a company, or the state, and I do things that need doing. Mostly I handle matters in the business or diplomatic line, things that require mercantile skills, or the arts of speechcraft. I trade in knowledge -- hard facts and rumors. 'Knowledge is power', as they say. And sometimes I do other sorts of things. Things I can't talk about.|SCVR:0CsX0T_Local_NoLore|INTV:|SCVR:13sX0T_Local_N|PCIN:|BNAM:;Agent; SERVICE; Rumors, Mercantile

[MOD-INF]: ID=2942632201347021746(Topic:latest rumors)
  tr_mainland.esm------------------------>|DATA|NAME:At first, it seemed the fuss about the Nerevarine prophecy was just silly superstition. Then I learned that the Dunmer have been waiting for Lord Nerevar to come back for centuries. The 'Incarnate', they call it. Every few years an Ashlander appears, and the tribes call him the Incarnate. Then the Temple goes out, hunts him down, and reveals him as a fake. Why does the Temple worry so much about it?|SCVR:0ARX0Dark Elf|INTV|SCVR:14JX4C3_DestroyDagoth|INTV:2|SCVR:2CsX0T_Local_NoLore|INTV:|SCVR:33sX3TR_Map|INTV:
  Djangos Dialogue - Tamriel Rebuilt.esp->|DATA|NAME:At first, it seemed the fuss about the Nerevarine prophecy was just silly superstition. Then I learned that the Dunmer have been waiting for Lord Nerevar to come back for centuries. The 'Incarnate', they call it. Every few years an Ashlander appears, and the tribes call him the Incarnate. Then the Temple goes out, hunts him down, and reveals him as a fake. Why does the Temple worry so much about it?|SCVR:0ARX0Dark Elf|INTV|SCVR:14JX4C3_DestroyDagoth|INTV:2|SCVR:2CsX0T_Local_NoLore|INTV:|SCVR:33sX3TR_Map|INTV:

[MOD-INF]: ID=2944525707170958804(Topic:my trade)
  tamriel_data.esm----------------------->|DATA|CNAM:Merchant|NAME:I am a merchant. I look for goods that are well-made, that people want to buy, that I can buy and sell at a profit. There are many different kinds of materials I can buy and sell -- animal products, vegetable products, mineral products, even exotic products. Crafts and manufactured goods I deal in include weapons, armor, clothing, books, potions, enchanted items, and various housewares. I travel, talk with people I meet, buy what I like, and sell what people like.|SCVR:03sX0T_Local_N|PCIN:|SCVR:1CsX0T_Local_NoLore|INTV:
  Djangos Dialogue - Tamriel Rebuilt.esp->|DATA|CNAM:Merchant|NAME:I am a merchant. I look for goods that are well-made, that people want to buy, that I can buy and sell at a profit. There are many different kinds of materials I can buy and sell -- animal products, vegetable products, mineral products, even exotic products. Crafts and manufactured goods I deal in include weapons, armor, clothing, books, potions, enchanted items, and various housewares. I travel, talk with people I meet, buy what I like, and sell what people like.|SCVR:0CsX0T_Local_NoLore|INTV:|SCVR:13sX0T_Local_N|PCIN:|BNAM:;Merchant; generic merchants do not have services, and do not buy and sell; they are just merchant quest and scenery characters

[DUP-INF]: ID=10383195842825314349(Topic:little secret)
  |DATA|ONAM:svenja_outside|NAME:The name of the wolf that killed Hrothmund is "Ondjage." You'll need to say his name to enter Hrothmund's Barrow. Say any other name and you'll NEVER be able to get in!

[MOD-INF]: ID=10602234551567518347(Topic:little secret)
  tr_mainland.esm------------------------>|DATA|FNAM:Mages Guild|NAME:You want my advice, rookie? I've been around. I've risen to %Rank rank in the Guild by being smart and careful. And if I were you, I'd stay away from Daedric ruins until you have a little more experience, and a heftier kit bag.|SCVR:02sX4Random100|INTV|SCVR:11064|INTV|SCVR:2CsX0T_Local_NoLore|INTV:|SCVR:33sX3TR_Map|INTV:
  Djangos Dialogue - Tamriel Rebuilt.esp->|DATA|FNAM:Mages Guild|NAME:You want my advice, %PCRank? I've been around. I've risen to %Rank rank in the Guild by being smart and careful. And if I were you, I'd stay away from Daedric ruins until you have a little more experience, and a heftier kit bag.|SCVR:02sX4Random100|INTV|SCVR:11064|INTV|SCVR:2CsX0T_Local_NoLore|INTV:|SCVR:33sX3TR_Map|INTV:

[MOD-INF]: ID=22554269002689816456(Topic:little secret)
  tr_mainland.esm------------------------>|DATA|RNAM:Dark Elf|NAME:What are the most dangerous places in Morrowind? Well, probably the ash vampire citadels inside the Ghost Fence, on Red Mountain. But outside the Ghostfence? I guess the Daedric ruins would be the worst. They're all over the place, and full of bad Daedra, and the crazy folks who summon them. I hear vampires are pretty bad, too, but I've never seen any, personally. And the Dwemer sites are pretty bad, too.|SCVR:03sX3TR_Map|INTV:|SCVR:4CsX0T_Local_NoLore|INTV:|SCVR:52sX4Random100|INTV
  Djangos Dialogue - Tamriel Rebuilt.esp->|DATA|RNAM:Dark Elf|NAME:What are the most dangerous places in Morrowind? Well, probably the ash vampire citadels inside the Ghost Fence, on Red Mountain. But outside the Ghostfence? I guess the Daedric ruins would be the worst. They're all over the place, and full of bad Daedra, and the crazy folks who summon them. I hear vampires are pretty bad, too, but I've never seen any, personally. And the Dwemer sites are pretty bad, too.|SCVR:03sX3TR_Map|INTV:|SCVR:4CsX0T_Local_NoLore|INTV:|SCVR:52sX4Random100|INTV

[MOD-INF]: ID=23066127962962620231(Topic:my trade)
  tamriel_data.esm----------------------->|DATA|CNAM:Warrior|NAME:I'm a warrior by trade. I know how to fight, when necessary, but I much rather look so tough that critters give up or run away when they see me. Personally, I favor long blades of all kinds and I wear medium armor for a decent balance of protection and mobility. But I train with various weapon types and armor types. And like any good warrior, I'm my own armorer -- don't want to fight with worn weapons in worn armor.|SCVR:03sX0T_Local_N|PCIN:|SCVR:1CsX0T_Local_NoLore|INTV:
  Djangos Dialogue - Tamriel Rebuilt.esp->|DATA|CNAM:Warrior|NAME:I'm a warrior by trade. I know how to fight, when necessary, but I much rather look so tough that critters give up or run away when they see me. Personally, I favor long blades of all kinds -- they use long blades of many different styles and craftsmanships here in Morrowind -- and I wear medium armor, for a decent balance of protection and mobility. But I train with various weapon types and armor types. And like any good warrior, I'm my own armorer -- don't want to fight with worn weapons in worn armor.|SCVR:0CsX0T_Local_NoLore|INTV:|SCVR:13sX0T_Local_N|PCIN:|BNAM:;Warrior; Longblade, Medium Armor, Armorer

[MOD-INF]: ID=27643117411676418711(Topic:my trade)
  tamriel_data.esm----------------------->|DATA|CNAM:Assassin|NAME:I'm an assassin. Killing is my profession. I am discrete, efficient, and reliable. Because I am discreet, I prefer short blades for swift, close-and personal work, while the marksman weapons like throwing stars and throwing knives are more suitable for stealth and surprise.|SCVR:03sX0T_Local_N|PCIN:|SCVR:1CsX0T_Local_NoLore|INTV:
  Djangos Dialogue - Tamriel Rebuilt.esp->|DATA|CNAM:Assassin|NAME:I'm an assassin. Killing is my profession. I am discrete, efficient, and reliable. In Morrowind, the assassin's trade is an ancient and honorable profession, restricted by a rigid code of conduct, and operating strictly within the law. Because I am discreet, I prefer short blades for swift, close-and-personal work, while the marksman weapons like throwing stars and throwing knives are more suitable for stealth and surprise.|SCVR:0CsX0T_Local_NoLore|INTV:|SCVR:13sX0T_Local_N|PCIN:|BNAM:;Assassin; Short Blade, Misc. Missile

[MOD-INF]: ID=28228210111376716776(:little secret)
  tr_mainland.esm------------------------>|DATA|NAME:Have you heard of this new secret cult, the Sixth House? They say they sit around in caves, cutting off pieces of their own flesh and eating it. It's that corprus disease -- makes the flesh grow wild and crazy. Cut a piece off, and another piece grows back, bigger and better. Guards say, 'We're looking into it.' Right. That makes me feel better.|SCVR:02sX4Random100|INTV:(|SCVR:14JX3A1_2_AntabolisInformant|INTV: |SCVR:24JX4C3_DestroyDagoth|INTV:2|SCVR:3CsX0T_Local_NoLore|INTV:|SCVR:48FX0Ashlanders|INTV|SCVR:53sX3TR_Map|INTV:
  Djangos Dialogue - Tamriel Rebuilt.esp->|NAME:Have you heard of this new secret cult, the Sixth House? They say they sit around in caves, cutting off pieces of their own flesh and eating it. It's that corprus disease -- makes the flesh grow wild and crazy. Cut a piece off, and another piece grows back, bigger and better. Guards say, 'We're looking into it.' Right. That makes me feel better.|DELE:

[MOD-INF]: ID=29258260992957423507(Topic:little secret)
  tr_mainland.esm------------------------>|DATA|FNAM:Fighters Guild|NAME:You like to poke your nose into doors out in the backcountry? A little suggestion. The places that look like they're made of a golden metal? With spires and towers? Those are Dwarven ruins. They're kinda dangerous -- partly because of the old Dwarven machines in them, and partly because of the kind of things that like to hide out in such old ruins. All the old ruins inside the Ghostfence, for example, are ancient Dwarven ruins. And I hear that vampires like them, too.|SCVR:02sX4Random100|INTV|SCVR:1CsX0T_Local_NoLore|INTV:|SCVR:23sX3TR_Map|INTV:
  Djangos Dialogue - Tamriel Rebuilt.esp->|DATA|FNAM:Fighters Guild|NAME:You like to poke your nose into doors out in the backcountry? A little suggestion. The places that look like they're made of a golden metal? With spires and towers? Those are Dwarven ruins. They're kinda dangerous -- partly because of the old Dwarven machines in them, and partly because of the kind of things that like to hide out in such old ruins. All the old ruins inside the Ghostfence, for example, are ancient Dwarven ruins. And I hear that vampires like them, too.|SCVR:02sX4Random100|INTV|SCVR:1CsX0T_Local_NoLore|INTV:|SCVR:23sX3TR_Map|INTV:

[MOD-INF]: ID=32555296982122725679(Topic:little secret)
  tamriel_data.esm----------------------->|DATA|NAME:Buy from merchants and traders who like you. You get better prices. Members of your own factions usually like you best.|SCVR:03sX0T_Local_N|PCIN:|SCVR:1CsX0T_Local_NoLore|INTV:|SCVR:22sX4Random100|INTV:<
  Djangos Dialogue - Tamriel Rebuilt.esp->|DATA|NAME:Buy from merchants and traders who like you. You get better prices. Members of your own factions usually like you best.|SCVR:02sX4Random100|INTV:<|SCVR:1CsX0T_Local_NoLore|INTV:|SCVR:23sX3TR_Map|INTV:
