DM_DB Armor Replacer-ExpRanksDDBA (2).esp: DUP-REC MASTERS MENUMOD MISSVER OVR-REC
    MASTERS: out of sync with the masters installed in your Data Files directory:
	Morrowind.esm               79764287 (plugin)   79837557 (installed size)
	Tribunal.esm                 6616539 (plugin)    4565686 (installed size)
    [MENUMOD] Scripts not checking menumode:
	SCPT(dbattackScript)
    [OVR-REC] Overridden Records:
	From Master         Type    Name
	tribunal.esm        ARMO    darkbrotherhood boots
	tribunal.esm        ARMO    darkbrotherhood cuirass
	tribunal.esm        ARMO    darkbrotherhood gauntlet_l
	tribunal.esm        ARMO    darkbrotherhood gauntlet_r
	tribunal.esm        ARMO    darkbrotherhood greaves
	tribunal.esm        ARMO    darkbrotherhood helm
	tribunal.esm        ARMO    darkbrotherhood pauldron_l
	tribunal.esm        ARMO    darkbrotherhood pauldron_r
	tribunal.esm        BODY    a_darkbrotherhood_boot_a
	tribunal.esm        BODY    a_darkbrotherhood_boot_f
	tribunal.esm        BODY    a_darkbrotherhood_cuirass
	tribunal.esm        BODY    a_darkbrotherhood_gauntlet
	tribunal.esm        BODY    a_darkbrotherhood_gauntlet.1st
	tribunal.esm        BODY    a_darkbrotherhood_greav_g
	tribunal.esm        BODY    a_darkbrotherhood_greav_k
	tribunal.esm        BODY    a_darkbrotherhood_greav_ul
	tribunal.esm        BODY    a_darkbrotherhood_helmet
	tribunal.esm        BODY    a_darkbrotherhood_pauldron_fa
	tribunal.esm        BODY    a_darkbrotherhood_pauldron_ua
	tribunal.esm        NPC_    dandras vules
	tribunal.esm        NPC_    db_assassin1
	tribunal.esm        NPC_    db_assassin1a
	tribunal.esm        NPC_    db_assassin1b
	tribunal.esm        NPC_    db_assassin1c
	tribunal.esm        NPC_    db_assassin2
	tribunal.esm        NPC_    db_assassin2a
	tribunal.esm        NPC_    db_assassin3
	tribunal.esm        NPC_    db_assassin3a
	tribunal.esm        NPC_    db_assassin4
	tribunal.esm        NPC_    db_assassin4a
	tribunal.esm        NPC_    hels_assassin1
	tribunal.esm        NPC_    hels_assassin2
	tribunal.esm        NPC_    hels_assassin3
