DN_1stPersonClothesVA.esp: DUP-REC MISSVER NUMRECS OVR-REC
    [NUMRECS]: number of records in TES3.HEDR (98) != Actual count (97)
    [OVR-REC] Overridden Records:
	From Master         Type    Name
	bloodmoon.esm       BODY    c_common_nordic01_gl.1st
	bloodmoon.esm       BODY    c_common_nordic01_r.1st
	bloodmoon.esm       BODY    c_common_nordic01_robef.1st
	bloodmoon.esm       BODY    c_common_nordic02_gl.1st
	bloodmoon.esm       BODY    c_common_wool01_gl.1st
	bloodmoon.esm       BODY    c_common_wool01_robe.1st
	bloodmoon.esm       BODY    c_common_wool01_robef.1st
	bloodmoon.esm       BODY    c_common_wool02_gl.1st
	bloodmoon.esm       BODY    c_m_robe_common_u_1st
	bloodmoon.esm       BODY    c_m_robe_common_unique.1st
	morrowind.esm       BODY    c_glove_balmolagmer.1st
	morrowind.esm       BODY    c_glove_common1.1st
	morrowind.esm       BODY    c_glove_expensive1.1st
	morrowind.esm       BODY    c_glove_extravagant1.1st
	morrowind.esm       BODY    c_glove_moragtong.1st
	morrowind.esm       BODY    c_m_robe_common_01.1st
	morrowind.esm       BODY    c_m_robe_common_02.1st
	morrowind.esm       BODY    c_m_robe_common_02h.1st
	morrowind.esm       BODY    c_m_robe_common_02hh.1st
	morrowind.esm       BODY    c_m_robe_common_02r.1st
	morrowind.esm       BODY    c_m_robe_common_02rr.1st
	morrowind.esm       BODY    c_m_robe_common_02t.1st
	morrowind.esm       BODY    c_m_robe_common_02tt.1st
	morrowind.esm       BODY    c_m_robe_common_03a.1st
	morrowind.esm       BODY    c_m_robe_common_03b.1st
	morrowind.esm       BODY    c_m_robe_common_05a.1st
	morrowind.esm       BODY    c_m_robe_common_05b.1st
	morrowind.esm       BODY    c_m_robe_common_05c.1st
	morrowind.esm       BODY    c_m_robe_common_3.1st
	morrowind.esm       BODY    c_m_robe_common_4.1st
	morrowind.esm       BODY    c_m_robe_common_5.1st
	morrowind.esm       BODY    c_m_robe_expens_3.1st
	morrowind.esm       BODY    c_m_robe_expensive_1.1st
	morrowind.esm       BODY    c_m_robe_expensive_2.1st
	morrowind.esm       BODY    c_m_robe_expensive_2a.1st
	morrowind.esm       BODY    c_m_robe_exquisite_1.1st
	morrowind.esm       BODY    c_m_robe_extrav_1.1st
	morrowind.esm       BODY    c_m_robe_extrav_1a.1st
	morrowind.esm       BODY    c_m_robe_extrav_1b.1st
	morrowind.esm       BODY    c_m_robe_extrav_1c.1st
	morrowind.esm       BODY    c_m_robe_extrav_1h.1st
	morrowind.esm       BODY    c_m_robe_extrav_1r.1st
	morrowind.esm       BODY    c_m_robe_extrav_1t.1st
	morrowind.esm       BODY    c_m_robe_extrav_2.1st
	tribunal.esm        BODY    c_m_helseth_robe.1st
	tribunal.esm        BODY    c_m_robe_liche.1st
	tribunal.esm        BODY    c_m_robe_white_1.1st
