DunmerNoblesOverhaul_TR.ESP: DUP-REC MASTERS MISSAUT MISSDSC MISSVER NUMRECS OVR-REC
    MASTERS: out of sync with the masters installed in your Data Files directory:
	Morrowind.esm               92959596 (plugin)   79837557 (installed size)
	TR_Mainland.esm             95036745 (plugin)  163244128 (installed size)
    [NUMRECS]: number of records in TES3.HEDR (832) != Actual count (817)
    [OVR-REC] Overridden Records:
	From Master         Type    Name
	morrowind.esm       LEVI    random_exquisite_de_fclothes1
	morrowind.esm       LEVI    random_exquisite_de_mclothes1
	morrowind.esm       NPC_    arns saren
	morrowind.esm       NPC_    avoni dren
	morrowind.esm       NPC_    beldrose dralor
	morrowind.esm       NPC_    brara morvayn
	morrowind.esm       NPC_    brarayni sarys
	morrowind.esm       NPC_    breyns randas
	morrowind.esm       NPC_    darvasa vedas
	morrowind.esm       NPC_    dilvene venim
	morrowind.esm       NPC_    domesea sarethi
	morrowind.esm       NPC_    dredase arvel
	morrowind.esm       NPC_    drelse dralor
	morrowind.esm       NPC_    endar drenim
	morrowind.esm       NPC_    endase avel
	morrowind.esm       NPC_    fathasa llethri
	morrowind.esm       NPC_    favela dralor
	morrowind.esm       NPC_    favise selaren
	morrowind.esm       NPC_    favona gilnith
	morrowind.esm       NPC_    fendel hlaren
	morrowind.esm       NPC_    galas drenim
	morrowind.esm       NPC_    galsa gindu
	morrowind.esm       NPC_    gandosa arobar
	morrowind.esm       NPC_    ginadura andrethi
	morrowind.esm       NPC_    hlendrisa seleth
	morrowind.esm       NPC_    ienase relnim
	morrowind.esm       NPC_    llaalam madalas
	morrowind.esm       NPC_    llerusa hlaalu
	morrowind.esm       NPC_    mavon drenim
	morrowind.esm       NPC_    meril hlaano
	morrowind.esm       NPC_    midar aravel
	morrowind.esm       NPC_    morusu varen
	morrowind.esm       NPC_    nevena ules
	morrowind.esm       NPC_    rovone arvel
	morrowind.esm       NPC_    salver lleran
	morrowind.esm       NPC_    talare arvel
	morrowind.esm       NPC_    toris saren
	morrowind.esm       NPC_    tunila omavel
	morrowind.esm       NPC_    ulveni daram
	morrowind.esm       NPC_    urene arvel
	morrowind.esm       NPC_    velanda omani
	tr_mainland.esm     NPC_    tr_m1_alenym_sadas
	tr_mainland.esm     NPC_    tr_m1_ararvy hlaren
	tr_mainland.esm     NPC_    tr_m1_bradas_nethrendes
	tr_mainland.esm     NPC_    tr_m1_dead_clerk
	tr_mainland.esm     NPC_    tr_m1_elrethi_drosan
	tr_mainland.esm     NPC_    tr_m1_llereve_sadas
	tr_mainland.esm     NPC_    tr_m1_marin_thelaro
	tr_mainland.esm     NPC_    tr_m1_melisan_endureth
	tr_mainland.esm     NPC_    tr_m1_ptdresnobleslaver
	tr_mainland.esm     NPC_    tr_m1_rantela_irenam
	tr_mainland.esm     NPC_    tr_m1_t_faruna
	tr_mainland.esm     NPC_    tr_m1_tendurth_moran
	tr_mainland.esm     NPC_    tr_m1_trivra_andolril
	tr_mainland.esm     NPC_    tr_m1_usmalli_nefros
	tr_mainland.esm     NPC_    tr_m1_varrac_odrethi
	tr_mainland.esm     NPC_    tr_m1_weikal_urenim
	tr_mainland.esm     NPC_    tr_m2_adura indalas
	tr_mainland.esm     NPC_    tr_m2_alanil veri
	tr_mainland.esm     NPC_    tr_m2_ararvy orethera
	tr_mainland.esm     NPC_    tr_m2_dalave reni
	tr_mainland.esm     NPC_    tr_m2_daryos varen
	tr_mainland.esm     NPC_    tr_m2_delera indalas
	tr_mainland.esm     NPC_    tr_m2_dralothasomothran
	tr_mainland.esm     NPC_    tr_m2_felvi ilsenim
	tr_mainland.esm     NPC_    tr_m2_llathyno indaren
	tr_mainland.esm     NPC_    tr_m2_llerar arenim
	tr_mainland.esm     NPC_    tr_m2_llevari telsaran
	tr_mainland.esm     NPC_    tr_m2_relas aravel
	tr_mainland.esm     NPC_    tr_m2_rolam salenith
	tr_mainland.esm     NPC_    tr_m2_salyni aravel
	tr_mainland.esm     NPC_    tr_m2_seras indaren
	tr_mainland.esm     NPC_    tr_m2_tavrene indalas
	tr_mainland.esm     NPC_    tr_m2_telera parys
	tr_mainland.esm     NPC_    tr_m2_varasi_vaerin
	tr_mainland.esm     NPC_    tr_m2_vaveli senim
	tr_mainland.esm     NPC_    tr_m3_athesie_gimalvel
	tr_mainland.esm     NPC_    tr_m3_avena ildres
	tr_mainland.esm     NPC_    tr_m3_benisa uvelen
	tr_mainland.esm     NPC_    tr_m3_denara tilmeth
	tr_mainland.esm     NPC_    tr_m3_direl tilmeth
	tr_mainland.esm     NPC_    tr_m3_dolmesa_denaven
	tr_mainland.esm     NPC_    tr_m3_dralani_thalother
	tr_mainland.esm     NPC_    tr_m3_drendrisa_indaren
	tr_mainland.esm     NPC_    tr_m3_edryon rorvan
	tr_mainland.esm     NPC_    tr_m3_endase_rurvyn
	tr_mainland.esm     NPC_    tr_m3_endavyn_adarys
	tr_mainland.esm     NPC_    tr_m3_ethnemse salvu
	tr_mainland.esm     NPC_    tr_m3_fedura_adarys
	tr_mainland.esm     NPC_    tr_m3_folvys_herothran
	tr_mainland.esm     NPC_    tr_m3_ienen salvu
	tr_mainland.esm     NPC_    tr_m3_irea silvin
	tr_mainland.esm     NPC_    tr_m3_meris_denaven
	tr_mainland.esm     NPC_    tr_m3_mira irietha
	tr_mainland.esm     NPC_    tr_m3_neremsi sadavel
	tr_mainland.esm     NPC_    tr_m3_nothasea_delvas
	tr_mainland.esm     NPC_    tr_m3_novosi harethim
	tr_mainland.esm     NPC_    tr_m3_olemu mitherin
	tr_mainland.esm     NPC_    tr_m3_pelerin tharonen
	tr_mainland.esm     NPC_    tr_m3_peria minirath
	tr_mainland.esm     NPC_    tr_m3_ranalith_sandil
	tr_mainland.esm     NPC_    tr_m3_salume nethril
	tr_mainland.esm     NPC_    tr_m3_salvura nethil
	tr_mainland.esm     NPC_    tr_m3_sidene_farys
	tr_mainland.esm     NPC_    tr_m3_silvenie nethril
	tr_mainland.esm     NPC_    tr_m3_theril nethil
	tr_mainland.esm     NPC_    tr_m3_veradul_delvas
	tribunal.esm        NPC_    alvan llarys
	tribunal.esm        NPC_    arnsa thendas
	tribunal.esm        NPC_    deldrise andoren
	tribunal.esm        NPC_    fons beren
	tribunal.esm        NPC_    forven berano
	tribunal.esm        NPC_    tadera andules
	tribunal.esm        NPC_    taren andoren
	tribunal.esm        NPC_    torasa aram
