Dwemer Weapons and Stalhrim Armor.ESP: DUP-REC MISSAUT MISSDSC MISSVER OVR-REC
    [OVR-REC] Overridden Records:
	From Master         Type    Name
	bloodmoon.esm       ARMO    bm_ice_boots
	bloodmoon.esm       ARMO    bm_ice_cuirass
	bloodmoon.esm       ARMO    bm_ice_gauntletl
	bloodmoon.esm       ARMO    bm_ice_gauntletr
	bloodmoon.esm       ARMO    bm_ice_greaves
	bloodmoon.esm       ARMO    bm_ice_helmet
	bloodmoon.esm       ARMO    bm_ice_pauldronl
	bloodmoon.esm       ARMO    bm_ice_pauldronr
	bloodmoon.esm       ARMO    bm_ice_shield
	morrowind.esm       WEAP    dwarven battle axe
	morrowind.esm       WEAP    dwarven claymore
	morrowind.esm       WEAP    dwarven crossbow
	morrowind.esm       WEAP    dwarven halberd
	morrowind.esm       WEAP    dwarven mace
	morrowind.esm       WEAP    dwarven shortsword
	morrowind.esm       WEAP    dwarven spear
	morrowind.esm       WEAP    dwarven war axe
	morrowind.esm       WEAP    dwarven warhammer
