EE_Wares_Curated.esp: DUP-REC MASTERS MENUMOD MISSVER OVR-REC
    MASTERS: out of sync with the masters installed in your Data Files directory:
	Wares-base.esm                299850 (plugin)      82499 (installed size)
    [MENUMOD] Scripts not checking menumode:
	SCPT(CGEE_Sound_Flies_01)
    [OVR-REC] Overridden Records:
	From Master         Type    Name
	wares-base.esm      LEVI    aa_gear_boots_l_best
	wares-base.esm      LEVI    aa_gear_cuir_l_best
	wares-base.esm      LEVI    aa_gear_greav_l_best
	wares-base.esm      LEVI    aa_gear_helm_l_best
	wares-base.esm      LEVI    aa_gear_helm_l_cheap
	wares-base.esm      LEVI    aa_gear_lpaul_l_best
	wares-base.esm      LEVI    aa_gear_rpaul_l_best
	wares-base.esm      LEVI    aa_loot_necro
	wares-base.esm      LEVI    aa_trader_apparatus
	wares-base.esm      LEVI    aa_trader_armour
	wares-base.esm      LEVI    aa_trader_clothes
	wares-base.esm      LEVI    aa_trader_enchanted
	wares-base.esm      LEVI    aa_trader_f_legion
	wares-base.esm      LEVI    aa_trader_illegal
	wares-base.esm      LEVI    aa_trader_lights
	wares-base.esm      LEVI    aa_trader_marks
	wares-base.esm      LEVI    aa_trader_misc
	wares-base.esm      LEVI    aa_trader_picks
	wares-base.esm      LEVI    aa_trader_repair
