Effect Data - Load after Merged Objects.esp: AUTOSPL DUP-REC MISSVER NUMRECS OVR-REC
    [AUTOSPL] Auto-calced Spells:
	frost_shield                   Frost Shield
	shock shield                   Shock Shield
	bound dagger                   Bound Dagger
	bound battle-axe               Bound Battle Axe
	bound longbow                  Bound Long Bow
	summon ancestral ghost         Summon Ancestral Ghost
	bone guard                     Bone Guard
	knuckle luck                   Knuckle Luck
	blood sacrifice                Blood Sacrifice
	wizard's fire                  Wizard's Fire
	spell drain                    Spell Drain
	flame                          Flame
	shard                          Shard
	sting                          Sting
	viper                          Viper
	smite the ungodly              Smite the Ungodly
	force bolt                     Force Bolt
	wizard rend                    Wizard Rend
	resist cold                    Resist Cold
	vivec's_wrath                  Vivec's Wrath
	fire_fathasa_unique            Fire Barrier
	viperbite                      Viperbite
	npc burden 1                   Minor Burden
	npc burden 2                   Major Burden
	npc burden 3                   Severe Burden
	npc burden 4                   Empowered Burden
	npc shield 1                   Defect Barrier
	npc shield 2                   Third-like Barrier
	npc shield 3                   Experimental Barrier
	npc shield 4                   Barrier of the Sixth
	npc blind 1                    Momentary Blindness
	npc blind 2                    Temporal Blindness
	npc blind 3                    Severe Blindness
	npc blind 4                    Prolonged Blindness
	npc paralyze 1                 Minor Paralyze
	npc paralyze 2                 Improved Paralyze
	npc paralyze 3                 Extended Paralyze
	npc paralyze 4                 Grand Paralyze
	npc restore fatigue 1          Refill
	npc restore fatigue 2          Greater Refill
	npc restore fatigue 3          Resurge
	npc restore fatigue 4          Greater Resurge
	npc restore health 1           Recovery
	npc restore health 2           Greater Recovery
	npc restore health 3           Empowered Recovery
	npc restore health 4           Miraculous Recovery
	npc absorb fatigue 1           Consume Fatigue
	npc absorb fatigue 2           Drain Fatigue
	npc absorb fatigue 3           Leech Fatigue
	npc absorb health 1            Consume Health
	npc absorb health 2            Drain Health
	npc absorb health 3            Leech Health
	npc silence 1                  Minor Silence
	npc silence 2                  Improved Silence
	npc silence 3                  Advanced Silence
	npc silence 4                  Empowered Silence
	npc fire 1                     Fire Arrow
	npc fire 2                     Fire Blast
	npc fire 3                     Ignition
	npc ice 1                      Icy Touch
	npc ice 2                      Ice Arrow
	npc ice 3                      Freezing Touch
	npc lightning 1                Shocking Touch
	npc lightning 2                Electric Touch
	npc lightning 3                Shock Arrow
	npc absorb health 4            Devour Health
	npc absorb fatigue 4           Devour Fatigue
    [NUMRECS]: number of records in TES3.HEDR (747) != Actual count (561)
    [OVR-REC] Overridden Records:
	From Master         Type    Name
	morrowind.esm       ENCH    sc_balefulsuffering_en
	morrowind.esm       ENCH    sc_dedresmasterfuleye_en
	morrowind.esm       ENCH    sc_feldramstrepidation_en
	morrowind.esm       ENCH    sc_gonarsgoad_en
	morrowind.esm       ENCH    sc_mondensinstigator_en
	morrowind.esm       ENCH    sc_telvinscourage_en
	morrowind.esm       ENCH    sc_tendilstrembling_en
	morrowind.esm       ENCH    sc_tevilspeace_en
	morrowind.esm       ENCH    sc_toususabidingbeast_en
	morrowind.esm       SPEL    blood sacrifice
	morrowind.esm       SPEL    bone guard
	morrowind.esm       SPEL    bound battle-axe
	morrowind.esm       SPEL    bound dagger
	morrowind.esm       SPEL    bound longbow
	morrowind.esm       SPEL    fire_fathasa_unique
	morrowind.esm       SPEL    flame
	morrowind.esm       SPEL    force bolt
	morrowind.esm       SPEL    frost_shield
	morrowind.esm       SPEL    knuckle luck
	morrowind.esm       SPEL    resist cold
	morrowind.esm       SPEL    shard
	morrowind.esm       SPEL    shock shield
	morrowind.esm       SPEL    smite the ungodly
	morrowind.esm       SPEL    spell drain
	morrowind.esm       SPEL    sting
	morrowind.esm       SPEL    summon ancestral ghost
	morrowind.esm       SPEL    viper
	morrowind.esm       SPEL    viperbite
	morrowind.esm       SPEL    vivec's_wrath
	morrowind.esm       SPEL    wizard rend
	morrowind.esm       SPEL    wizard's fire
