Elisamsi Follower.ESP: DUP-REC MENUMOD MISSVER MOD-INF OVR-REC
    [MENUMOD] Scripts not checking menumode:
	SCPT(CS_CompanionScript)
    [OVR-REC] Overridden Records:
	From Master         Type    Name
	morrowind.esm       DIAL    assantus hansar
	morrowind.esm       DIAL    cleaver of st. felms
	morrowind.esm       DIAL    crosier of st. llothis
	morrowind.esm       DIAL    delvam andarys
	morrowind.esm       DIAL    food and drink
	morrowind.esm       DIAL    four corners
	morrowind.esm       DIAL    galom daeus
	morrowind.esm       DIAL    hassour
	morrowind.esm       DIAL    leave vivec city
	morrowind.esm       DIAL    lette
	morrowind.esm       DIAL    lost kogoruhn
	morrowind.esm       DIAL    maar gan
	morrowind.esm       DIAL    mehrunes dagon
	morrowind.esm       DIAL    mount kand
	morrowind.esm       DIAL    seven graces
	morrowind.esm       DIAL    sheogorath
	morrowind.esm       DIAL    shoes of st. rilms
	tribunal.esm        DIAL    greeting 5
	tribunal.esm        DIAL    travel together

[MOD-INF]: ID=1488680881899826057(Topic:seven graces)
  morrowind.esm--------->|DATA|FNAM:Temple|DNAM:Temple|NAME:You have been given a copy of "The Pilgrim's Path." Simply follow the directions in that book to each shrine. When you have visited all these shrines, speak with me again.|SCVR:34JX3TT_SevenGraces|INTV: 
  Elisamsi Follower.ESP->|DATA|ONAM:G93_Elisamsi|DNAM:Temple|NAME|SCVR:34JX3TT_SevenGraces|INTV: 
