emerald armor.ESP: DUP-REC JUNKCEL MASTERS MISSAUT MISSDSC MISSVER OVR-REC
    MASTERS: out of sync with the masters installed in your Data Files directory:
	Morrowind.esm               79764287 (plugin)   79837557 (installed size)
    [JUNKCEL] Junk Cells:                        Flags
	Ashlands Region (-1, 6)                  0x02
	Ashlands Region (0, 0)                   0x02
    [DUP-REC] Duplicate Records:
	From Master         Type    Name
	morrowind.esm       LEVI    l_n_armor_gauntlet
    [OVR-REC] Overridden Records:
	From Master         Type    Name
	morrowind.esm       LEVI    l_n_armor_boots
	morrowind.esm       LEVI    l_n_armor_bracers
	morrowind.esm       LEVI    l_n_armor_cuirass
	morrowind.esm       LEVI    l_n_armor_greaves
	morrowind.esm       LEVI    l_n_armor_helmet
	morrowind.esm       LEVI    l_n_armor_pauldron
	morrowind.esm       LEVI    l_n_armor_shields
	morrowind.esm       LEVI    random_golden_saint_shield
	morrowind.esm       NPC_    bovkinna
	morrowind.esm       NPC_    irer nervion
	morrowind.esm       NPC_    llathise dralas
	morrowind.esm       NPC_    orvas dren druglord
	morrowind.esm       NPC_    vindamea drethan
