Enchantment Points Overhauled.ESP: DUP-REC MISSVER NUMRECS OVR-REC
    [NUMRECS]: number of records in TES3.HEDR (281) != Actual count (280)
    [DUP-REC] Duplicate Records:
	From Master         Type    Name
	bloodmoon.esm       ARMO    bm bear cuirass
	bloodmoon.esm       ARMO    bm wolf cuirass
	bloodmoon.esm       ARMO    bm_ice minion_shield1
	bloodmoon.esm       ARMO    nordic_leather_shield
	bloodmoon.esm       ARMO    steel_shield
	bloodmoon.esm       ARMO    templar_helmet_armor
	morrowind.esm       ARMO    bonemold_armun-an_cuirass
	morrowind.esm       ARMO    bonemold_armun-an_helm
	morrowind.esm       ARMO    bonemold_bracer_left
	morrowind.esm       ARMO    bonemold_bracer_right
	morrowind.esm       ARMO    bonemold_chuzei_helm
	morrowind.esm       ARMO    bonemold_founders_helm
	morrowind.esm       ARMO    bonemold_gah-julan_cuirass
	morrowind.esm       ARMO    bonemold_gah-julan_helm
	morrowind.esm       ARMO    bonemold_gah-julan_hhda
	morrowind.esm       ARMO    bonemold_towershield
	morrowind.esm       ARMO    bonemold_tshield_hlaaluguard
	morrowind.esm       ARMO    bonemold_tshield_hrlb
	morrowind.esm       ARMO    bonemold_tshield_redoranguard
	morrowind.esm       ARMO    cephalopod_helm
	morrowind.esm       ARMO    chitin guantlet - right
	morrowind.esm       ARMO    chitin_shield
	morrowind.esm       ARMO    cloth bracer left
	morrowind.esm       ARMO    cloth bracer right
	morrowind.esm       ARMO    dragonscale_towershield
	morrowind.esm       ARMO    dreugh_cuirass
	morrowind.esm       ARMO    fur_bearskin_cuirass
	morrowind.esm       ARMO    fur_bracer_left
	morrowind.esm       ARMO    fur_bracer_right
	morrowind.esm       ARMO    fur_cuirass
	morrowind.esm       ARMO    fur_gauntlet_left
	morrowind.esm       ARMO    fur_gauntlet_right
	morrowind.esm       ARMO    imperial helmet armor
	morrowind.esm       ARMO    imperial helmet armor_dae_curse
	morrowind.esm       ARMO    imperial left gauntlet
	morrowind.esm       ARMO    imperial right gauntlet
	morrowind.esm       ARMO    imperial shield
	morrowind.esm       ARMO    indoril shield
	morrowind.esm       ARMO    left leather bracer
	morrowind.esm       ARMO    netch_leather_boiled_cuirass
	morrowind.esm       ARMO    netch_leather_boiled_helm
	morrowind.esm       ARMO    netch_leather_shield
	morrowind.esm       ARMO    nordic_ringmail_cuirass
	morrowind.esm       ARMO    right leather bracer
	morrowind.esm       ARMO    silver_cuirass
	morrowind.esm       ARMO    silver_dukesguard_cuirass
	morrowind.esm       ARMO    silver_helm
	morrowind.esm       ARMO    steel_towershield
	morrowind.esm       ARMO    templar bracer left
	morrowind.esm       ARMO    templar bracer right
	morrowind.esm       ARMO    templar_cuirass
	morrowind.esm       ARMO    trollbone_cuirass
	morrowind.esm       ARMO    trollbone_shield
	tribunal.esm        ARMO    bonemold_cuirass
	tribunal.esm        ARMO    bonemold_helm
	tribunal.esm        ARMO    bonemold_shield
	tribunal.esm        ARMO    chitin cuirass
	tribunal.esm        ARMO    chitin guantlet - left
	tribunal.esm        ARMO    dreugh_shield
	tribunal.esm        ARMO    helsethguard_cuirass
	tribunal.esm        ARMO    helsethguard_helmet
	tribunal.esm        ARMO    imperial cuirass_armor
	tribunal.esm        ARMO    imperial_studded_cuirass
	tribunal.esm        ARMO    netch_leather_cuirass
	tribunal.esm        ARMO    netch_leather_gauntlet_left
	tribunal.esm        ARMO    netch_leather_gauntlet_right
	tribunal.esm        ARMO    steel_cuirass
	tribunal.esm        ARMO    steel_gauntlet_left
	tribunal.esm        ARMO    steel_gauntlet_right
	tribunal.esm        ARMO    steel_helm
	tribunal.esm        ARMO    trollbone_helm
    [OVR-REC] Overridden Records:
	From Master         Type    Name
	bloodmoon.esm       ARMO    bm bear boots
	bloodmoon.esm       ARMO    bm bear greaves
	bloodmoon.esm       ARMO    bm bear helmet
	bloodmoon.esm       ARMO    bm bear left gauntlet
	bloodmoon.esm       ARMO    bm bear left pauldron
	bloodmoon.esm       ARMO    bm bear right gauntlet
	bloodmoon.esm       ARMO    bm bear right pauldron
	bloodmoon.esm       ARMO    bm bear shield
	bloodmoon.esm       ARMO    bm wolf boots
	bloodmoon.esm       ARMO    bm wolf greaves
	bloodmoon.esm       ARMO    bm wolf helmet
	bloodmoon.esm       ARMO    bm wolf left gauntlet
	bloodmoon.esm       ARMO    bm wolf left pauldron
	bloodmoon.esm       ARMO    bm wolf right gauntlet
	bloodmoon.esm       ARMO    bm wolf right pauldron
	bloodmoon.esm       ARMO    bm wolf shield
	bloodmoon.esm       ARMO    bm_ice_boots
	bloodmoon.esm       ARMO    bm_ice_cuirass
	bloodmoon.esm       ARMO    bm_ice_gauntletl
	bloodmoon.esm       ARMO    bm_ice_gauntletr
	bloodmoon.esm       ARMO    bm_ice_greaves
	bloodmoon.esm       ARMO    bm_ice_helmet
	bloodmoon.esm       ARMO    bm_ice_pauldronl
	bloodmoon.esm       ARMO    bm_ice_pauldronr
	bloodmoon.esm       ARMO    bm_ice_shield
	bloodmoon.esm       ARMO    bm_nordicmail_boots
	bloodmoon.esm       ARMO    bm_nordicmail_cuirass
	bloodmoon.esm       ARMO    bm_nordicmail_gauntletl
	bloodmoon.esm       ARMO    bm_nordicmail_gauntletr
	bloodmoon.esm       ARMO    bm_nordicmail_greaves
	bloodmoon.esm       ARMO    bm_nordicmail_helmet
	bloodmoon.esm       ARMO    bm_nordicmail_pauldronl
	bloodmoon.esm       ARMO    bm_nordicmail_pauldronr
	bloodmoon.esm       ARMO    bm_nordicmail_shield
	bloodmoon.esm       ARMO    fur_colovian_helm_white
	bloodmoon.esm       ARMO    steel_boots
	bloodmoon.esm       ARMO    steel_boots_ancient
	bloodmoon.esm       ARMO    steel_cuirass_ancient
	bloodmoon.esm       ARMO    steel_gauntlet_left_ancient
	bloodmoon.esm       ARMO    steel_gauntlet_right_ancient
	bloodmoon.esm       ARMO    steel_greaves
	bloodmoon.esm       ARMO    steel_greaves_ancient
	bloodmoon.esm       ARMO    steel_helm_ancient
	bloodmoon.esm       ARMO    steel_pauldron_left_ancient
	bloodmoon.esm       ARMO    steel_pauldron_right
	bloodmoon.esm       ARMO    steel_pauldron_right_ancient
	bloodmoon.esm       ARMO    steel_towershield_ancient
	morrowind.esm       ARMO    bonemold_armun-an_pauldron_l
	morrowind.esm       ARMO    bonemold_armun-an_pauldron_r
	morrowind.esm       ARMO    bonemold_gah-julan_pauldron_l
	morrowind.esm       ARMO    bonemold_gah-julan_pauldron_r
	morrowind.esm       ARMO    bonemold_greaves
	morrowind.esm       ARMO    bonemold_pauldron_l
	morrowind.esm       ARMO    bonemold_tshield_telvanniguard
	morrowind.esm       ARMO    chitin helm
	morrowind.esm       ARMO    chitin pauldron - left
	morrowind.esm       ARMO    chitin pauldron - right
	morrowind.esm       ARMO    chitin_mask_helm
	morrowind.esm       ARMO    chitin_towershield
	morrowind.esm       ARMO    chitin_watchman_helm
	morrowind.esm       ARMO    daedric_boots
	morrowind.esm       ARMO    daedric_cuirass
	morrowind.esm       ARMO    daedric_fountain_helm
	morrowind.esm       ARMO    daedric_gauntlet_left
	morrowind.esm       ARMO    daedric_gauntlet_right
	morrowind.esm       ARMO    daedric_god_helm
	morrowind.esm       ARMO    daedric_greaves
	morrowind.esm       ARMO    daedric_pauldron_left
	morrowind.esm       ARMO    daedric_pauldron_right
	morrowind.esm       ARMO    daedric_shield
	morrowind.esm       ARMO    daedric_terrifying_helm
	morrowind.esm       ARMO    daedric_towershield
	morrowind.esm       ARMO    dragonscale_cuirass
	morrowind.esm       ARMO    dragonscale_helm
	morrowind.esm       ARMO    dreugh_helm
	morrowind.esm       ARMO    dust_adept_helm
	morrowind.esm       ARMO    dwemer_boots
	morrowind.esm       ARMO    dwemer_bracer_left
	morrowind.esm       ARMO    dwemer_bracer_right
	morrowind.esm       ARMO    dwemer_cuirass
	morrowind.esm       ARMO    dwemer_greaves
	morrowind.esm       ARMO    dwemer_helm
	morrowind.esm       ARMO    dwemer_pauldron_left
	morrowind.esm       ARMO    dwemer_pauldron_right
	morrowind.esm       ARMO    dwemer_shield
	morrowind.esm       ARMO    ebony_boots
	morrowind.esm       ARMO    ebony_bracer_left
	morrowind.esm       ARMO    ebony_bracer_left_tgeb
	morrowind.esm       ARMO    ebony_bracer_right
	morrowind.esm       ARMO    ebony_bracer_right_tgeb
	morrowind.esm       ARMO    ebony_closed_helm
	morrowind.esm       ARMO    ebony_closed_helm_fghl
	morrowind.esm       ARMO    ebony_cuirass
	morrowind.esm       ARMO    ebony_greaves
	morrowind.esm       ARMO    ebony_pauldron_left
	morrowind.esm       ARMO    ebony_pauldron_right
	morrowind.esm       ARMO    ebony_shield
	morrowind.esm       ARMO    ebony_shield_auriel
	morrowind.esm       ARMO    ebony_towershield
	morrowind.esm       ARMO    fur_colovian_helm
	morrowind.esm       ARMO    fur_greaves
	morrowind.esm       ARMO    glass_boots
	morrowind.esm       ARMO    glass_bracer_left
	morrowind.esm       ARMO    glass_bracer_right
	morrowind.esm       ARMO    glass_cuirass
	morrowind.esm       ARMO    glass_greaves
	morrowind.esm       ARMO    glass_helm
	morrowind.esm       ARMO    glass_pauldron_left
	morrowind.esm       ARMO    glass_pauldron_right
	morrowind.esm       ARMO    glass_shield
	morrowind.esm       ARMO    glass_towershield
	morrowind.esm       ARMO    gondolier_helm
	morrowind.esm       ARMO    heavy_leather_boots
	morrowind.esm       ARMO    imperial boots
	morrowind.esm       ARMO    imperial left pauldron
	morrowind.esm       ARMO    imperial right pauldron
	morrowind.esm       ARMO    imperial_chain_coif_helm
	morrowind.esm       ARMO    imperial_greaves
	morrowind.esm       ARMO    indoril boots
	morrowind.esm       ARMO    indoril cuirass
	morrowind.esm       ARMO    indoril left gauntlet
	morrowind.esm       ARMO    indoril pauldron left
	morrowind.esm       ARMO    indoril pauldron right
	morrowind.esm       ARMO    indoril right gauntlet
	morrowind.esm       ARMO    iron_bracer_left
	morrowind.esm       ARMO    iron_bracer_right
	morrowind.esm       ARMO    iron_gauntlet_left
	morrowind.esm       ARMO    iron_gauntlet_right
	morrowind.esm       ARMO    iron_greaves
	morrowind.esm       ARMO    iron_pauldron_left
	morrowind.esm       ARMO    iron_pauldron_right
	morrowind.esm       ARMO    iron_shield
	morrowind.esm       ARMO    iron_towershield
	morrowind.esm       ARMO    mole_crab_helm
	morrowind.esm       ARMO    morag_tong_helm
	morrowind.esm       ARMO    netch_leather_greaves
	morrowind.esm       ARMO    netch_leather_helm
	morrowind.esm       ARMO    netch_leather_towershield
	morrowind.esm       ARMO    newtscale_cuirass
	morrowind.esm       ARMO    nordic_iron_cuirass
	morrowind.esm       ARMO    nordic_iron_helm
	morrowind.esm       ARMO    orcish_boots
	morrowind.esm       ARMO    orcish_bracer_left
	morrowind.esm       ARMO    orcish_bracer_right
	morrowind.esm       ARMO    orcish_cuirass
	morrowind.esm       ARMO    orcish_greaves
	morrowind.esm       ARMO    orcish_helm
	morrowind.esm       ARMO    orcish_pauldron_left
	morrowind.esm       ARMO    orcish_pauldron_right
	morrowind.esm       ARMO    orcish_towershield
	morrowind.esm       ARMO    redoran_master_helm
	morrowind.esm       ARMO    steel_pauldron_left
	morrowind.esm       ARMO    templar boots
	morrowind.esm       ARMO    templar_greaves
	morrowind.esm       ARMO    templar_pauldron_left
	morrowind.esm       ARMO    templar_pauldron_right
	tribunal.esm        ARMO    adamantium boots
	tribunal.esm        ARMO    adamantium_bracer_left
	tribunal.esm        ARMO    adamantium_bracer_right
	tribunal.esm        ARMO    adamantium_cuirass
	tribunal.esm        ARMO    adamantium_greaves
	tribunal.esm        ARMO    adamantium_helm
	tribunal.esm        ARMO    adamantium_pauldron_left
	tribunal.esm        ARMO    adamantium_pauldron_right
	tribunal.esm        ARMO    addamantium_helm
	tribunal.esm        ARMO    bonemold_boots
	tribunal.esm        ARMO    bonemold_pauldron_r
	tribunal.esm        ARMO    chitin boots
	tribunal.esm        ARMO    chitin greaves
	tribunal.esm        ARMO    darkbrotherhood boots
	tribunal.esm        ARMO    darkbrotherhood cuirass
	tribunal.esm        ARMO    darkbrotherhood gauntlet_l
	tribunal.esm        ARMO    darkbrotherhood gauntlet_r
	tribunal.esm        ARMO    darkbrotherhood greaves
	tribunal.esm        ARMO    darkbrotherhood helm
	tribunal.esm        ARMO    darkbrotherhood pauldron_l
	tribunal.esm        ARMO    darkbrotherhood pauldron_r
	tribunal.esm        ARMO    dwemer_shield_battle_unique
	tribunal.esm        ARMO    ebony_shield_auriel_x
	tribunal.esm        ARMO    fur_boots
	tribunal.esm        ARMO    fur_helm
	tribunal.esm        ARMO    fur_pauldron_left
	tribunal.esm        ARMO    fur_pauldron_right
	tribunal.esm        ARMO    helsethguard_boots
	tribunal.esm        ARMO    helsethguard_gauntlet_left
	tribunal.esm        ARMO    helsethguard_gauntlet_right
	tribunal.esm        ARMO    helsethguard_greaves
	tribunal.esm        ARMO    helsethguard_pauldron_left
	tribunal.esm        ARMO    helsethguard_pauldron_right
	tribunal.esm        ARMO    imperial_chain_cuirass
	tribunal.esm        ARMO    imperial_chain_greaves
	tribunal.esm        ARMO    imperial_chain_pauldron_left
	tribunal.esm        ARMO    imperial_chain_pauldron_right
	tribunal.esm        ARMO    indoril helmet
	tribunal.esm        ARMO    indoril_mh_guard_boots
	tribunal.esm        ARMO    indoril_mh_guard_cuirass
	tribunal.esm        ARMO    indoril_mh_guard_gauntlet_l
	tribunal.esm        ARMO    indoril_mh_guard_gauntlet_r
	tribunal.esm        ARMO    indoril_mh_guard_greaves
	tribunal.esm        ARMO    indoril_mh_guard_helmet
	tribunal.esm        ARMO    indoril_mh_guard_pauldron_l
	tribunal.esm        ARMO    indoril_mh_guard_pauldron_r
	tribunal.esm        ARMO    indoril_mh_guard_shield
	tribunal.esm        ARMO    iron boots
	tribunal.esm        ARMO    iron_cuirass
	tribunal.esm        ARMO    iron_helmet
	tribunal.esm        ARMO    netch_leather_boots
	tribunal.esm        ARMO    netch_leather_pauldron_left
	tribunal.esm        ARMO    netch_leather_pauldron_right
