Erengard Mine Redux v2.1.esp: DUP-INF DUP-REC MENUMOD MISSVER OVR-REC
    [MENUMOD] Scripts not checking menumode:
	SCPT(em_minedoor_lock)
	SCPT(em_s_DailyBusiness)
	SCPT(em_s_Guard1)
	SCPT(em_s_Guard2)
	SCPT(em_s_MineDeath)
	SCPT(em_s_Miner1)
	SCPT(em_s_Miner1_item)
	SCPT(em_s_Miner2)
	SCPT(em_s_Miner2_item)
	SCPT(em_s_Miner3)
	SCPT(em_s_Miner3_item)
	SCPT(em_s_Miner4)
	SCPT(em_s_Miner4_item)
	SCPT(em_s_Miner5)
	SCPT(em_s_Miner5_item)
	SCPT(em_s_Overseer)
	SCPT(em_s_initialisation)
	SCPT(em_s_overseer_item)
	SCPT(em_s_owner)
	SCPT(em_s_rail1)
	SCPT(em_s_removefood)
	SCPT(em_s_supplier)
	SCPT(em_sound_waterbasin_act)
    [OVR-REC] Overridden Records:
	From Master         Type    Name
	bloodmoon.esm       LTEX    tx_bc_rock_03.tga
	morrowind.esm       LAND    (-5, -6)
	morrowind.esm       LAND    (-5, -7)
	morrowind.esm       LTEX    al_ash_02
	morrowind.esm       LTEX    al_ash_03
	morrowind.esm       LTEX    al_ash_04
	morrowind.esm       LTEX    al_road_01
	morrowind.esm       LTEX    ma_rock04
	morrowind.esm       LTEX    tx_bc_dirt.tga
	morrowind.esm       LTEX    tx_bc_moss.tga
	morrowind.esm       LTEX    tx_bc_mud.tga
	tribunal.esm        DIAL    greeting 5
	tribunal.esm        LTEX    rm_grayrock
	tribunal.esm        LTEX    rm_rock_01

[DUP-INF]: ID=26174279231781421424(Greeting:greeting 5)
  |DATA|ONAM:niras farys|NAME:Yes? What can I do for you?
