Expansion Delay.ESP: DUP-REC MENUMOD MISSVER MOD-INF OVR-REC
    [MENUMOD] Scripts not checking menumode:
	SCPT(dbattackScript)
	SCPT(h11_Beauchamp)
    [OVR-REC] Overridden Records:
	From Master         Type    Name
	bloodmoon.esm       DIAL    solstheim
	bloodmoon.esm       NPC_    louis beauchamp
	tribunal.esm        DIAL    latest rumors

[MOD-INF]: ID=6923112947019593(Topic:latest rumors)
  bloodmoon.esm------->|DATA|RNAM:Imperial|NAME:My son was recently shipped up to Fort Frostmoth on the island of Solstheim. I don't know what he did to deserve that, but it couldn't have been good.|SCVR:04JX4BM_Rumors|INTV: |SCVR:1CsX0NoLore|INTV:|BNAM:Journal BM_Rumors 10
  Expansion Delay.ESP->|DATA|RNAM:Imperial|CNAM:Guard|FNAM:Imperial Legion|NAME:My son was recently shipped up to Fort Frostmoth on the island of Solstheim. I don't know what he did to deserve that, but it couldn't have been good.|SCVR:04JX4BM_Rumors|INTV: |SCVR:11063|INTV|SCVR:3BLX0Solstheim|INTV|SCVR:4BLX0Mournhold|INTV|BNAM:Journal BM_Rumors 10

[MOD-INF]: ID=1169922125955110917(Topic:solstheim)
  bloodmoon.esm------->|DATA|NAME:That's the frozen island up to the north, right? Sounds awful to me. If you're looking to get there, you might check for transportation in Khuul.|SCVR:04JX4BM_Rumors|INTV:2|BNAM:Journal BM_Rumors 50
  Expansion Delay.ESP->|DATA|CNAM:Scout|NAME:That's the frozen island up to the north, right? Sounds awful to me. If you're looking to get there, you might check for transportation in Khuul.|SCVR:04JX4BM_Rumors|INTV:2|SCVR:1CsX0NoLore|INTV:|SCVR:21063|INTV|BNAM:Journal BM_Rumors 50

[MOD-INF]: ID=2278720479126556737(Topic:solstheim)
  bloodmoon.esm------->|DATA|NAME:A terrible place, I've heard. There's a boat from Khuul, if you have any reason to go.|SCVR:04JX3BM_Rumors|INTV:2
  Expansion Delay.ESP->|DATA|CNAM:Scout|NAME:A terrible place, I've heard. There's a boat from Khuul, if you have any reason to go.|SCVR:04JX3BM_Rumors|INTV:2|SCVR:1CsX0NoLore|INTV:|SCVR:21063|INTV|SCVR:3BLX0Solstheim|INTV

[MOD-INF]: ID=2798917491184915920(Topic:solstheim)
  bloodmoon.esm------->|DATA|NAME:I've heard of the place. I believe there's an Imperial fort up there. Fort Frostmoth, or something. If you want to go there, check around in Khuul. There may be a ship that'll take you.|SCVR:04JX4BM_Rumors|INTV:2|BNAM:Journal BM_Rumors 50
  Expansion Delay.ESP->|DATA|CNAM:Agent|NAME:I've heard of the place. I believe there's an Imperial fort up there. Fort Frostmoth, or something. If you want to go there, check around in Khuul. There may be a ship that'll take you.|SCVR:04JX4BM_Rumors|INTV:2|SCVR:1CsX0NoLore|INTV:|SCVR:21063|INTV|SCVR:3BLX0Solstheim|INTV|BNAM:Journal BM_Rumors 50

[MOD-INF]: ID=3095424884419930413(Topic:solstheim)
  bloodmoon.esm------->|DATA|NAME:A miserable place, from what I've heard. Too cold for me. I understand there's someone in Khuul who will take folks there, though.|SCVR:04JX4BM_Rumors|INTV:2|BNAM:Journal BM_Rumors 50
  Expansion Delay.ESP->|DATA|RNAM:Imperial|NAME:A miserable place, from what I've heard. Too cold for me. I understand there's someone in Khuul who will take folks there, though.|SCVR:04JX0BM_Rumors|INTV: |SCVR:14JX4BM_Rumors|INTV:2|SCVR:21063|INTV|SCVR:38FX0Imperial Legion|INTV|SCVR:4BLX0Solstheim|INTV|SCVR:5CsX0NoLore|INTV:|BNAM:Journal BM_Rumors 50

[MOD-INF]: ID=3103210864206706477(Topic:latest rumors)
  bloodmoon.esm------->|DATA|RNAM:Dark Elf|NAME:I've been told that the Empire has granted a new charter to do some mining on the island of Solstheim. Why anyone would want to go there is beyond me.|SCVR:04JX0BM_Rumors|INTV: |SCVR:1CsX0NoLore|INTV:
  Expansion Delay.ESP->|DATA|RNAM:Dark Elf|NAME:I've been told that the Empire has granted a new charter to do some mining on the island of Solstheim. Why anyone would want to go there is beyond me.|SCVR:02sX4Random100|INTV: |SCVR:1CsX0NoLore|INTV:|SCVR:24JX3BM_Rumors|INTV: |SCVR:34JX4BM_Morale|INTV: |SCVR:4BLX0Solstheim|INTV|SCVR:5BLX0Mournhold|INTV

[MOD-INF]: ID=29678150921094025770(Topic:latest rumors)
  bloodmoon.esm------->|DATA|NAME:I heard there has been some trouble up at Fort Frostmoth. Never heard of it? It's on an island called Solstheim north of Vvardenfell.|SCVR:04JX4BM_Rumors|INTV:2|SCVR:1CsX0NoLore|INTV:|BNAM:Journal BM_Rumors 10
  Expansion Delay.ESP->|DATA|CNAM:Agent|NAME:I heard there has been some trouble up at Fort Frostmoth. Never heard of it? It's on an island called Solstheim north of Vvardenfell.|SCVR:04JX4BM_Rumors|INTV: |SCVR:1CsX0NoLore|INTV:|SCVR:21063|INTV|BNAM:Journal BM_Rumors 10
