Extended Daedric Scrolls.ESP: DUP-REC MISSAUT MISSDSC MISSVER OVR-REC
    [DUP-REC] Duplicate Records:
	From Master         Type    Name
	morrowind.esm       BOOK    sc_blackdespair
	morrowind.esm       BOOK    sc_blackfate
    [OVR-REC] Overridden Records:
	From Master         Type    Name
	morrowind.esm       BOOK    sc_almsiviintervention
	morrowind.esm       BOOK    sc_argentglow
	morrowind.esm       BOOK    sc_bloodfire
	morrowind.esm       BOOK    sc_corruptarcanix
	morrowind.esm       BOOK    sc_daynarsairybubble
	morrowind.esm       BOOK    sc_divineintervention
	morrowind.esm       BOOK    sc_ekashslocksplitter
	morrowind.esm       BOOK    sc_feldramstrepidation
	morrowind.esm       BOOK    sc_firstbarrier
	morrowind.esm       BOOK    sc_flamebane
	morrowind.esm       BOOK    sc_flameguard
	morrowind.esm       BOOK    sc_fourthbarrier
	morrowind.esm       BOOK    sc_fphyggisgemfeeder
	morrowind.esm       BOOK    sc_frostbane
	morrowind.esm       BOOK    sc_frostguard
	morrowind.esm       BOOK    sc_galmsesseal
	morrowind.esm       BOOK    sc_gamblersprayer
	morrowind.esm       BOOK    sc_gonarsgoad
	morrowind.esm       BOOK    sc_greaterdomination
	morrowind.esm       BOOK    sc_greydespair
	morrowind.esm       BOOK    sc_greyfate
	morrowind.esm       BOOK    sc_greymind
	morrowind.esm       BOOK    sc_greyscorn
	morrowind.esm       BOOK    sc_greysloth
	morrowind.esm       BOOK    sc_greyweakness
	morrowind.esm       BOOK    sc_healing
	morrowind.esm       BOOK    sc_heartwise
	morrowind.esm       BOOK    sc_illneasbreath
	morrowind.esm       BOOK    sc_inaschastening
	morrowind.esm       BOOK    sc_inasismysticfinger
	morrowind.esm       BOOK    sc_leaguestep
	morrowind.esm       BOOK    sc_lesserdomination
	morrowind.esm       BOOK    sc_llirosglowingeye
	morrowind.esm       BOOK    sc_lordmhasvengeance
	morrowind.esm       BOOK    sc_mageseye
	morrowind.esm       BOOK    sc_mageweal
	morrowind.esm       BOOK    sc_manarape
	morrowind.esm       BOOK    sc_mark
	morrowind.esm       BOOK    sc_messengerscroll
	morrowind.esm       BOOK    sc_mindfeeder
	morrowind.esm       BOOK    sc_mondensinstigator
	morrowind.esm       BOOK    sc_nerusislockjaw
	morrowind.esm       BOOK    sc_oathfast
	morrowind.esm       BOOK    sc_ondusisunhinging
	morrowind.esm       BOOK    sc_princeovsbrightball
	morrowind.esm       BOOK    sc_psychicprison
	morrowind.esm       BOOK    sc_purityofbody
	morrowind.esm       BOOK    sc_radiyasicymask
	morrowind.esm       BOOK    sc_radrenesspellbreaker
	morrowind.esm       BOOK    sc_reddeath
	morrowind.esm       BOOK    sc_reddespair
	morrowind.esm       BOOK    sc_redfate
	morrowind.esm       BOOK    sc_redmind
	morrowind.esm       BOOK    sc_redscorn
	morrowind.esm       BOOK    sc_redsloth
	morrowind.esm       BOOK    sc_redweakness
	morrowind.esm       BOOK    sc_reynosbeastfinder
	morrowind.esm       BOOK    sc_reynosfins
	morrowind.esm       BOOK    sc_salensvivication
	morrowind.esm       BOOK    sc_savagemight
	morrowind.esm       BOOK    sc_secondbarrier
	morrowind.esm       BOOK    sc_selisfieryward
	morrowind.esm       BOOK    sc_selynsmistslippers
	morrowind.esm       BOOK    sc_sertisesporphyry
	morrowind.esm       BOOK    sc_shockbane
	morrowind.esm       BOOK    sc_shockguard
	morrowind.esm       BOOK    sc_sixthbarrier
	morrowind.esm       BOOK    sc_stormward
	morrowind.esm       BOOK    sc_summondaedroth_hto
	morrowind.esm       BOOK    sc_summonflameatronach
	morrowind.esm       BOOK    sc_summonfrostatronach
	morrowind.esm       BOOK    sc_taldamsscorcher
	morrowind.esm       BOOK    sc_telvinscourage
	morrowind.esm       BOOK    sc_tendilstrembling
	morrowind.esm       BOOK    sc_tevilspeace
	morrowind.esm       BOOK    sc_tevralshawkshaw
	morrowind.esm       BOOK    sc_thirdbarrier
	morrowind.esm       BOOK    sc_tinurshoptoad
	morrowind.esm       BOOK    sc_toususabidingbeast
	morrowind.esm       BOOK    sc_tranasasspellmire
	morrowind.esm       BOOK    sc_tranasasspelltrap
	morrowind.esm       BOOK    sc_tranasasspelltwist
	morrowind.esm       BOOK    sc_ulmjuicedasfeather
	morrowind.esm       BOOK    sc_vaerminaspromise
	morrowind.esm       BOOK    sc_windform
	morrowind.esm       BOOK    sc_windwalker
