Familiar  Looks - Unique Characters MacKom-ed.esp: DUP-REC MISSAUT MISSDSC MISSVER OVR-REC
    [OVR-REC] Overridden Records:
	From Master         Type    Name
	morrowind.esm       NPC_    agronian guy
	morrowind.esm       NPC_    aryon
	morrowind.esm       NPC_    botrir
	morrowind.esm       NPC_    caius cosades
	morrowind.esm       NPC_    chargen class
	morrowind.esm       NPC_    crassius curio
	morrowind.esm       NPC_    divayth fyr
	morrowind.esm       NPC_    edd theman
	morrowind.esm       NPC_    eydis fire-eye
	morrowind.esm       NPC_    fargoth
	morrowind.esm       NPC_    helviane desele
	morrowind.esm       NPC_    hisin deep-raed
	morrowind.esm       NPC_    hlormar wine-sot
	morrowind.esm       NPC_    neloth
	morrowind.esm       NPC_    orvas dren druglord
	morrowind.esm       NPC_    rabinna
	morrowind.esm       NPC_    stacey
	morrowind.esm       NPC_    sterdecan
	morrowind.esm       NPC_    therana
	morrowind.esm       NPC_    vedam dren
	morrowind.esm       NPC_    wulf
