FMI_Nice_to_Meet_You.ESP: DUP-REC MISSVER MOD-INF NUMRECS OVR-REC
    [NUMRECS]: number of records in TES3.HEDR (45) != Actual count (44)
    [OVR-REC] Overridden Records:
	From Master         Type    Name
	tribunal.esm        DIAL    hello

[MOD-INF]: ID=4348828035416037(Voice:hello)
  morrowind.esm------------>|DATA|RNAM:Redguard|SNAM:vo\r\f\Hlo_RF091.mp3|NAME:Good to meet you.
  FMI_Nice_to_Meet_You.ESP->|DATA|RNAM:Redguard|SNAM:Vo\r\f\Hlo_RF091_MET.mp3|NAME:Nice to see you.|SCVR:01630|INTV

[MOD-INF]: ID=4832241114629138(Voice:hello)
  morrowind.esm------------>|DATA|RNAM:Dark Elf|SNAM:vo\d\f\Hlo_DF167.mp3|NAME:Greetings, outlander. Don't I know you from somewhere?|SCVR:01033|INTV|BNAM:;PCReputation>=3
  FMI_Nice_to_Meet_You.ESP->|DATA|RNAM:Dark Elf|SNAM:vo\d\f\Hlo_DF167.mp3|NAME:Greetings, outlander. Don't I know you from somewhere?|SCVR:01033|INTV|SCVR:11630|INTV:|BNAM:;PCReputation>=3

[MOD-INF]: ID=32976371313263200(Voice:hello)
  morrowind.esm------------>|DATA|RNAM:Dark Elf|SNAM:vo\d\f\Hlo_DF212.mp3|NAME:Welcome, friend. I feel as though I should know you.|SCVR:01033|INTV|BNAM:;PCReputation>=3
  FMI_Nice_to_Meet_You.ESP->|DATA|RNAM:Dark Elf|SNAM:vo\d\f\Hlo_DF212.mp3|NAME:Welcome, friend. I feel as though I should know you.|SCVR:01033|INTV|SCVR:11630|INTV:|BNAM:;PCReputation>=3

[MOD-INF]: ID=49092660277781251(Voice:hello)
  morrowind.esm------------>|DATA|RNAM:Dark Elf|FNAM:Redoran|SNAM:vo\d\m\Hlo_DM223.mp3|NAME:It's so good to meet you.|SCVR:02sX3Random100|INTV|BNAM:;Random100>=20
  FMI_Nice_to_Meet_You.ESP->|DATA|RNAM:Dark Elf|FNAM:Redoran|SNAM:Vo\d\m\Hlo_DM170.mp3|NAME:So good to see you.|SCVR:02sX3Random100|INTV|SCVR:11630|INTV|BNAM:;Random100>=20

[MOD-INF]: ID=92942110715057379(Voice:hello)
  morrowind.esm------------>|DATA|RNAM:Dark Elf|SNAM:vo\d\m\Hlo_DM212.mp3|NAME:Welcome friend. I feel as though I should know you.|SCVR:01033|INTV|BNAM:;PCReputation>=3
  FMI_Nice_to_Meet_You.ESP->|DATA|RNAM:Dark Elf|SNAM:Vo\d\m\Hlo_DM212_MET.mp3|NAME:Welcome friend.|SCVR:01033|INTV|BNAM:;PCReputation>=3

[MOD-INF]: ID=122294992099230773(Voice:hello)
  morrowind.esm------------>|DATA|RNAM:Imperial|SNAM:vo\i\f\Hlo_IF131.mp3|NAME:Well, hello there, a pleasure to meet you.|SCVR:02sX3Random100|INTV:<|BNAM:;Random100>=60
  FMI_Nice_to_Meet_You.ESP->|DATA|RNAM:Imperial|SNAM:Vo\i\f\Hlo_IF131_MET.mp3|NAME:Well, hello there.|SCVR:02sX3Random100|INTV:<|SCVR:11630|INTV|BNAM:;Random100>=60

[MOD-INF]: ID=132083801696631084(Voice:hello)
  morrowind.esm------------>|DATA|RNAM:Dark Elf|SNAM:vo\d\m\Hlo_DM213.mp3|NAME:Welcome, friend, are you the one I've heard talk about?|SCVR:01033|INTV|BNAM:;PCReputation>=6
  FMI_Nice_to_Meet_You.ESP->|DATA|RNAM:Dark Elf|SNAM:Vo\d\m\Hlo_DM213_MET.mp3|NAME:Welcome, friend.|SCVR:01033|INTV|SCVR:11630|INTV|BNAM:;PCReputation>=6

[MOD-INF]: ID=229011694229517554(Voice:hello)
  morrowind.esm------------>|DATA|RNAM:Imperial|SNAM:vo\i\m\Hlo_IM131.mp3|NAME:Well, hello there, a pleasure to meet you.|SCVR:02sX3Random100|INTV:<|BNAM:;Random100>=60
  FMI_Nice_to_Meet_You.ESP->|DATA|RNAM:Imperial|SNAM:Vo\i\m\Hlo_IM131_MET.mp3|NAME:Well, hello there.|SCVR:02sX3Random100|INTV:<|BNAM:;Random100>=60

[MOD-INF]: ID=267892278338311418(Voice:hello)
  morrowind.esm------------>|DATA|RNAM:Dark Elf|SNAM:vo\d\m\Hlo_DM167.mp3|NAME:Greetings, outlander. Don't I know you from somewhere?|SCVR:01033|INTV|BNAM:;PCReputation>=3
  FMI_Nice_to_Meet_You.ESP->|DATA|RNAM:Dark Elf|SNAM:Vo\d\m\Hlo_DM167_MET.mp3|NAME:Greetings, outlander.|SCVR:01033|INTV|SCVR:11630|INTV|BNAM:;PCReputation>=3

[MOD-INF]: ID=356819217104317667(Voice:hello)
  morrowind.esm------------>|DATA|RNAM:Wood Elf|SNAM:vo\w\f\Hlo_WF117.mp3|NAME:I am honored to meet you.
  FMI_Nice_to_Meet_You.ESP->|DATA|RNAM:Wood Elf|SNAM:Vo\w\f\Hlo_WF117_MET.mp3|NAME:To what do I owe the honor?|SCVR:01630|INTV

[MOD-INF]: ID=404272181396828744(Voice:hello)
  morrowind.esm------------>|DATA|RNAM:Dark Elf|SNAM:vo\d\f\Hlo_DF118.mp3|NAME:I've heard a lot about you, outlander. Go ahead.|SCVR:01033|INTV|BNAM:;PCReputation>=11
  FMI_Nice_to_Meet_You.ESP->|DATA|RNAM:Dark Elf|SNAM:Vo\d\f\Hlo_DF118_MET.mp3|NAME:Go ahead.|SCVR:01033|INTV|SCVR:11630|INTV|BNAM:;PCReputation>=11

[MOD-INF]: ID=1646838492361620972(Voice:hello)
  morrowind.esm------------>|DATA|RNAM:Dark Elf|SNAM:vo\d\f\Hlo_DF169.mp3|NAME:You're actions precede you, outlander. I've heard good things about you.|SCVR:01033|INTV|BNAM:;PCReputation>=11
  FMI_Nice_to_Meet_You.ESP->|DATA|RNAM:Dark Elf|SNAM:Vo\d\f\Hlo_DF169_MET.mp3|NAME:Your actions precede you, outlander.|SCVR:01033|INTV|SCVR:11630|INTV|BNAM:;PCReputation>=11

[MOD-INF]: ID=1810126583234042623(Voice:hello)
  morrowind.esm------------>|DATA|RNAM:Dark Elf|SNAM:vo\d\f\Hlo_DF168.mp3|NAME:Greetings, outlander. I think I've heard of you before.|SCVR:01033|INTV|BNAM:;PCReputation>=6
  FMI_Nice_to_Meet_You.ESP->|DATA|RNAM:Dark Elf|SNAM:Vo\d\f\Hlo_DF167_MET.mp3|NAME:Greetings, outlander.|SCVR:01033|INTV|SCVR:11630|INTV|BNAM:;PCReputation>=6

[MOD-INF]: ID=1948923302870224776(Voice:hello)
  morrowind.esm------------>|DATA|RNAM:Dark Elf|SNAM:vo\d\f\Hlo_DF117.mp3|NAME:Haven't I heard of you?|SCVR:01033|INTV|BNAM:;PCReputation>=6
  FMI_Nice_to_Meet_You.ESP->|DATA|RNAM:Dark Elf|SNAM:vo\d\f\Hlo_DF117.mp3|NAME:Haven't I heard of you?|SCVR:01033|INTV|SCVR:11630|INTV:|BNAM:;PCReputation>=6

[MOD-INF]: ID=2928220985176186827(Voice:hello)
  morrowind.esm------------>|DATA|RNAM:Dark Elf|SNAM:vo\d\m\Hlo_DM117.mp3|NAME:Haven't I heard of you?|SCVR:01033|INTV|BNAM:;PCReputation>=6
  FMI_Nice_to_Meet_You.ESP->|DATA|RNAM:Dark Elf|SNAM:vo\d\m\Hlo_DM117.mp3|NAME:Haven't I heard of you?|SCVR:01033|INTV|SCVR:11630|INTV:|BNAM:;PCReputation>=6

[MOD-INF]: ID=2936023460901127956(Voice:hello)
  morrowind.esm------------>|DATA|RNAM:Dark Elf|SNAM:vo\d\m\Hlo_DM168.mp3|NAME:Greetings, outlander. I think I've heard of you before.|SCVR:01033|INTV|BNAM:;PCReputation>=6
  FMI_Nice_to_Meet_You.ESP->|DATA|RNAM:Dark Elf|SNAM:Vo\d\m\Hlo_DM168_MET.mp3|NAME:Greetings, outlander.|SCVR:01033|INTV|BNAM:;PCReputation>=6

[MOD-INF]: ID=3223227974407625212(Voice:hello)
  morrowind.esm------------>|DATA|RNAM:Dark Elf|FNAM:Ashlanders|SNAM:vo\d\m\Hlo_DM222.mp3|NAME:I don't know where to begin. It is such an honor to meet you.|SCVR:02sX3Random100|INTV:P|BNAM:;Random100>=80
  FMI_Nice_to_Meet_You.ESP->|DATA|RNAM:Dark Elf|FNAM:Ashlanders|SNAM:Vo\d\m\Hlo_DM222_MET.mp3|NAME:This is an honor.|SCVR:02sX3Random100|INTV:P|SCVR:11630|INTV|BNAM:;Random100>=80

[MOD-INF]: ID=4163281421785426374(Voice:hello)
  morrowind.esm------------>|DATA|RNAM:Dark Elf|SNAM:vo\d\f\Hlo_DF116.mp3|NAME:Do I know you?|SCVR:01033|INTV|BNAM:;PCReputation>=3
  FMI_Nice_to_Meet_You.ESP->|DATA|RNAM:Dark Elf|SNAM:vo\d\f\Hlo_DF116.mp3|NAME:Do I know you?|SCVR:01033|INTV|SCVR:11630|INTV:|BNAM:;PCReputation>=3

[MOD-INF]: ID=10536122831106418796(Voice:hello)
  morrowind.esm------------>|DATA|RNAM:Dark Elf|SNAM:vo\d\f\Hlo_DF222.mp3|NAME:I don't know where to begin. It is such an honor to meet you.|SCVR:02sX3Random100|INTV:P|BNAM:;Random100>=80
  FMI_Nice_to_Meet_You.ESP->|DATA|RNAM:Dark Elf|SNAM:vo\d\f\Hlo_DF222.mp3|NAME:I don't know where to begin. It is such an honor to meet you.|SCVR:02sX3Random100|INTV:P|SCVR:11630|INTV:|BNAM:;Random100>=80

[MOD-INF]: ID=18392326101111314715(Voice:hello)
  morrowind.esm------------>|DATA|RNAM:Dark Elf|SNAM:vo\d\m\Hlo_DM118.mp3|NAME:I've heard a lot about you, outlander. Go ahead.|SCVR:01033|INTV|BNAM:;PCReputation>=11
  FMI_Nice_to_Meet_You.ESP->|DATA|RNAM:Dark Elf|SNAM:vo\d\m\Hlo_DM118.mp3|NAME:I've heard a lot about you, outlander. Go ahead.|SCVR:01033|INTV|SCVR:11630|INTV:|BNAM:;PCReputation>=11

[MOD-INF]: ID=18618131371173812684(Voice:hello)
  morrowind.esm------------>|DATA|RNAM:Dark Elf|SNAM:vo\d\f\Hlo_DF219.mp3|NAME:I'm very happy to make your acquaintance.|SCVR:02sX3Random100|INTV|BNAM:;Random100>=20
  FMI_Nice_to_Meet_You.ESP->|DATA|RNAM:Dark Elf|SNAM:Vo\d\f\Hlo_DF219_MET.mp3|NAME:What can I do for you?|SCVR:02sX3Random100|INTV|SCVR:11630|INTV|BNAM:;Random100>=20

[MOD-INF]: ID=27246227121603021872(Voice:hello)
  morrowind.esm------------>|DATA|RNAM:Dark Elf|FNAM:Redoran|SNAM:vo\d\f\Hlo_DF223.mp3|NAME:It's so good to meet you.|SCVR:02sX3Random100|INTV|BNAM:;Random100>=20
  FMI_Nice_to_Meet_You.ESP->|DATA|RNAM:Dark Elf|FNAM:Redoran|SNAM:Vo\d\f\Hlo_DF170_MET.mp3|NAME:It's so good to see you.|SCVR:02sX3Random100|INTV|SCVR:11630|INTV|BNAM:;Random100>=20

[MOD-INF]: ID=31142129882443025064(Voice:hello)
  morrowind.esm------------>|DATA|RNAM:Imperial|SNAM:Vo\i\f\Hlo_IF153.mp3|NAME:Greetings to you. A pleasure to meet you.|SCVR:02sX3Random100|INTV:P|BNAM:;Random100>=80
  FMI_Nice_to_Meet_You.ESP->|DATA|RNAM:Imperial|SNAM:Vo\i\f\Hlo_IF153_MET.mp3|NAME:Greetings to you.|SCVR:02sX3Random100|INTV:P|SCVR:11630|INTV|BNAM:;Random100>=80

[MOD-INF]: ID=31791208652933026616(Voice:hello)
  morrowind.esm------------>|DATA|RNAM:Dark Elf|SNAM:vo\d\m\Hlo_DM116.mp3|NAME:Do I know you?|SCVR:01033|INTV|BNAM:;PCReputation>=3
  FMI_Nice_to_Meet_You.ESP->|DATA|RNAM:Dark Elf|SNAM:vo\d\m\Hlo_DM116.mp3|NAME:Do I know you?|SCVR:01033|INTV|SCVR:11630|INTV:|BNAM:;PCReputation>=3

[MOD-INF]: ID=32164326542778527252(Voice:hello)
  morrowind.esm------------>|DATA|RNAM:Dark Elf|SNAM:vo\d\f\Hlo_DF213.mp3|NAME:Welcome, friend, are you the one I've heard talk about.|SCVR:01033|INTV|BNAM:;PCReputation>=6
  FMI_Nice_to_Meet_You.ESP->|DATA|RNAM:Dark Elf|SNAM:vo\d\f\Hlo_DF213.mp3|NAME:Welcome, friend, are you the one I've heard talk about?|SCVR:01033|INTV|SCVR:11630|INTV:|BNAM:;PCReputation>=6
