Galleo's Good Clothing - Russian.esp: DUP-REC MISSVER OVR-REC
    [OVR-REC] Overridden Records:
	From Master         Type    Name
	bloodmoon.esm       CLOT    bm_nordic01_pants
	bloodmoon.esm       CLOT    bm_nordic01_shoes
	bloodmoon.esm       CLOT    bm_nordic02_pants
	bloodmoon.esm       CLOT    bm_nordic02_shirt
	bloodmoon.esm       CLOT    bm_nordic02_shoes
	bloodmoon.esm       CLOT    bm_wool01_pants
	bloodmoon.esm       CLOT    bm_wool01_shoes
	bloodmoon.esm       CLOT    bm_wool02_pants
	bloodmoon.esm       CLOT    bm_wool02_shoes
	morrowind.esm       CLOT    caius_pants
	morrowind.esm       CLOT    caius_shirt
	morrowind.esm       CLOT    common_pants_01
	morrowind.esm       CLOT    common_pants_01_a
	morrowind.esm       CLOT    common_pants_01_e
	morrowind.esm       CLOT    common_pants_01_u
	morrowind.esm       CLOT    common_pants_01_z
	morrowind.esm       CLOT    common_pants_02
	morrowind.esm       CLOT    common_pants_02_hentus
	morrowind.esm       CLOT    common_pants_03
	morrowind.esm       CLOT    common_pants_03_b
	morrowind.esm       CLOT    common_pants_03_c
	morrowind.esm       CLOT    common_pants_04
	morrowind.esm       CLOT    common_pants_04_b
	morrowind.esm       CLOT    common_pants_05
	morrowind.esm       CLOT    common_shirt_01
	morrowind.esm       CLOT    common_shirt_01_a
	morrowind.esm       CLOT    common_shirt_01_e
	morrowind.esm       CLOT    common_shirt_01_u
	morrowind.esm       CLOT    common_shirt_01_z
	morrowind.esm       CLOT    common_shirt_02
	morrowind.esm       CLOT    common_shirt_02_h
	morrowind.esm       CLOT    common_shirt_02_hh
	morrowind.esm       CLOT    common_shirt_02_r
	morrowind.esm       CLOT    common_shirt_02_rr
	morrowind.esm       CLOT    common_shirt_02_t
	morrowind.esm       CLOT    common_shirt_02_tt
	morrowind.esm       CLOT    common_shirt_03
	morrowind.esm       CLOT    common_shirt_03_b
	morrowind.esm       CLOT    common_shirt_03_c
	morrowind.esm       CLOT    common_shirt_04
	morrowind.esm       CLOT    common_shirt_04_a
	morrowind.esm       CLOT    common_shirt_04_b
	morrowind.esm       CLOT    common_shirt_04_c
	morrowind.esm       CLOT    common_shirt_05
	morrowind.esm       CLOT    common_shirt_gondolier
	morrowind.esm       CLOT    common_shoes_01
	morrowind.esm       CLOT    common_shoes_02
	morrowind.esm       CLOT    common_shoes_02_surefeet
	morrowind.esm       CLOT    common_shoes_03
	morrowind.esm       CLOT    common_shoes_04
	morrowind.esm       CLOT    common_shoes_05
	morrowind.esm       CLOT    common_skirt_01
	morrowind.esm       CLOT    common_skirt_02
	morrowind.esm       CLOT    common_skirt_03
	morrowind.esm       CLOT    common_skirt_04
	morrowind.esm       CLOT    common_skirt_04_c
	morrowind.esm       CLOT    common_skirt_05
	morrowind.esm       CLOT    expensive_pants_01
	morrowind.esm       CLOT    expensive_pants_01_a
	morrowind.esm       CLOT    expensive_pants_01_e
	morrowind.esm       CLOT    expensive_pants_01_u
	morrowind.esm       CLOT    expensive_pants_01_z
	morrowind.esm       CLOT    expensive_pants_02
	morrowind.esm       CLOT    expensive_pants_03
	morrowind.esm       CLOT    expensive_shirt_01
	morrowind.esm       CLOT    expensive_shirt_01_a
	morrowind.esm       CLOT    expensive_shirt_01_e
	morrowind.esm       CLOT    expensive_shirt_01_u
	morrowind.esm       CLOT    expensive_shirt_01_z
	morrowind.esm       CLOT    expensive_shirt_02
	morrowind.esm       CLOT    expensive_shirt_03
	morrowind.esm       CLOT    expensive_shirt_hair
	morrowind.esm       CLOT    expensive_shoes_02
	morrowind.esm       CLOT    expensive_shoes_03
	morrowind.esm       CLOT    expensive_skirt_01
	morrowind.esm       CLOT    expensive_skirt_02
	morrowind.esm       CLOT    expensive_skirt_03
	morrowind.esm       CLOT    exquisite_pants_01
	morrowind.esm       CLOT    exquisite_shirt_01
	morrowind.esm       CLOT    exquisite_shirt_01_rasha
	morrowind.esm       CLOT    exquisite_shirt_01_wedding
	morrowind.esm       CLOT    exquisite_shoes_01
	morrowind.esm       CLOT    exquisite_skirt_01
	morrowind.esm       CLOT    extravagant_pants_01
	morrowind.esm       CLOT    extravagant_pants_02
	morrowind.esm       CLOT    extravagant_shirt_01
	morrowind.esm       CLOT    extravagant_shirt_01_h
	morrowind.esm       CLOT    extravagant_shirt_01_r
	morrowind.esm       CLOT    extravagant_shirt_01_t
	morrowind.esm       CLOT    extravagant_shirt_02
	morrowind.esm       CLOT    extravagant_shoes_01
	morrowind.esm       CLOT    extravagant_shoes_02
	morrowind.esm       CLOT    extravagant_skirt_01
	morrowind.esm       CLOT    extravagant_skirt_02
	morrowind.esm       CLOT    imperial skirt_clothing
	morrowind.esm       CLOT    maras_blouse
	morrowind.esm       CLOT    maras_skirt
	morrowind.esm       CLOT    peakstar_pants_unique
	morrowind.esm       CLOT    restoration_shirt
	morrowind.esm       CLOT    sanguineshoesleaping
	morrowind.esm       CLOT    sanguineshoesstalking
	morrowind.esm       CLOT    sarandas_pants_2
	morrowind.esm       CLOT    sarandas_shirt_2
	morrowind.esm       CLOT    sarandas_shoes_2
	morrowind.esm       CLOT    shoes of st. rilms
	morrowind.esm       CLOT    shoes_of_conviction
	morrowind.esm       CLOT    slippers_of_doom
	morrowind.esm       CLOT    tailored_trousers
	morrowind.esm       CLOT    templar skirt obj
	morrowind.esm       CLOT    therana's skirt
	morrowind.esm       CLOT    zenithar_frock
	tribunal.esm        CLOT    common_pants_06
	tribunal.esm        CLOT    common_pants_07
	tribunal.esm        CLOT    common_shoes_06
	tribunal.esm        CLOT    common_shoes_07
	tribunal.esm        CLOT    common_skirt_06
	tribunal.esm        CLOT    common_skirt_07
	tribunal.esm        CLOT    expensive_pants_mournhold
	tribunal.esm        CLOT    expensive_shirt_mournhold
	tribunal.esm        CLOT    expensive_shoes_01
	tribunal.esm        CLOT    expensive_shoes_mournhold
	tribunal.esm        CLOT    expensive_skirt_04
	tribunal.esm        CLOT    expensive_skirt_mournhold
