GhostRevenge_TR1912.esp: DUP-REC FOGBUG MASTERS MENUMOD MISSAUT MISSVER OVR-REC
    MASTERS: out of sync with the masters installed in your Data Files directory:
	Tamriel_Data.esm             7802623 (plugin)   11064795 (installed size)
    [FOGBUG]: Cells with zero fog density setting:
	Balvel Ancestral Tomb
	Belvani Ancestral Tomb
	Bethrimo Ancestral Tomb
	Daranith Ancestral Tomb
	Darano Ancestral Tomb
	Darethran Ancestral Tomb
	Devan Ancestral Tomb
	Drenim Ancestral Tomb
	Drothril Ancestral Tomb
	Erushara Ancestral Tomb
	Farys Ancestral Tomb
	Favelnim Ancestral Tomb
	Gilnyth Ancestral Tomb
	Indalas Ancestral Tomb
	Irano Ancestral Tomb
	Maryon Ancestral Tomb
	Moril Ancestral Tomb
	Necrom, Catacombs: Central Passage
	Necrom, Catacombs: Deep Vaults
	Necrom, Catacombs: Depths
	Necrom, Catacombs: Second Chamber
	Necrom, Catacombs: Temple Entryway
	Necrom, Catacombs: Third Chamber
	Necrom, Charnelworks Mortuary
	Nerendus Ancestral Tomb
	Nerethi Ancestral Tomb
	Port Telvannis, Telvanni Council House: Entrance
	Rathryon Ancestral Tomb
	Sadalvel Ancestral Tomb
	Sadri Ancestral Tomb
	Selas Ancestral Tomb
	Sevenas Ancestral Tomb
	Thirvayn Ancestral Tomb
	Ules Ancestral Tomb
	Varyon Ancestral Tomb
	Veri Ancestral Tomb
	Virith Ancestral Tomb
    [MENUMOD] Scripts not checking menumode:
	SCPT(REVENGE_Sc_CheckDeadTR)
	SCPT(REVENGE_Sc_RemoveItemsTR)
	SCPT(REVENGE_Sc_TemplateTR)
    [OVR-REC] Overridden Records:
	From Master         Type    Name
	tribunal.esm        DIAL    greeting 0
