Give Your Orders.esp: AUTOSPL DUP-INF DUP-REC MASTERS MENUMOD MISSVER OVR-REC
    MASTERS: out of sync with the masters installed in your Data Files directory:
	Tribunal.esm                 4554200 (plugin)    4565686 (installed size)
    [AUTOSPL] Auto-calced Spells:
	_orders_paralysis              Hedran Curse
    [MENUMOD] Scripts not checking menumode:
	SCPT(_OrdersTopic_startscriptnew)
	SCPT(_Orders_level)
	SCPT(_Orders_level_cheat)
	SCPT(_Orders_skills)
	SCPT(_Orders_stats)
    [OVR-REC] Overridden Records:
	From Master         Type    Name
	tribunal.esm        DIAL    greeting 0
	tribunal.esm        DIAL    greeting 1
	tribunal.esm        DIAL    greeting 9

[DUP-INF]: ID=19137490125553988(Greeting:greeting 1)
  |DATA|ONAM:Nerile Andaren|NAME:Ah, %PCName. Friend of the Temple, and healer of Mournhold. What can I do for you?|SCVR:04JX0MS_CrimsonPlague|INTV

[DUP-INF]: ID=58028831233554797(Greeting:greeting 0)
  |DATA|CNAM:Guard|NAME:You've earned a death warrant for your crimes, outlaw. May the gods have mercy upon your soul.|SCVR:01433|INTV|BNAM:SetDisposition 0  SetFight 100  StartCombat Player  Goodbye

[DUP-INF]: ID=67239647320757300(Greeting:greeting 0)
  |DATA|ONAM:rissinia|FNAM:Thieves Guild|DNAM:Thieves Guild|NAME:I've heard you've got a price on your head, %PCRank. For a small fee, I can take care of that.|SCVR:11433|INTV|SCVR:21391|INTV
