God of Worms.esp: DUP-REC MENUMOD MISSVER OVR-REC
    [MENUMOD] Scripts not checking menumode:
	SCPT(CS_BSScript)
	SCPT(CS_CresScript)
	SCPT(CS_GVScript)
	SCPT(CS_JastiaScript)
	SCPT(CS_MMBodyguardScript)
	SCPT(CS_MMNoteScript)
	SCPT(CS_MMScript)
	SCPT(CS_MMWait1)
	SCPT(CS_MMWait2)
	SCPT(CS_MMWait3)
	SCPT(CS_MMWait4)
	SCPT(MuseumHelmBloodworm)
    [OVR-REC] Overridden Records:
	From Master         Type    Name
	bloodmoon.esm       DIAL    blades
	bloodmoon.esm       DIAL    flee
	morrowind.esm       NPC_    crazy_batou
	tribunal.esm        DIAL    attack
	tribunal.esm        DIAL    background
	tribunal.esm        DIAL    favor
	tribunal.esm        DIAL    greeting 0
	tribunal.esm        DIAL    greeting 1
	tribunal.esm        DIAL    hello
	tribunal.esm        DIAL    hit
	tribunal.esm        DIAL    task
