gr_DraugrDiversity.esp: DUP-REC MASTERS MENUMOD MISSVER OVR-REC
    MASTERS: out of sync with the masters installed in your Data Files directory:
	Tamriel_Data.esm             7824672 (plugin)   11064795 (installed size)
    [MENUMOD] Scripts not checking menumode:
	SCPT(gr_dp_mask_script)
	SCPT(gr_giant_club_script)
    [DUP-REC] Duplicate Records:
	From Master         Type    Name
	bloodmoon.esm       LTEX    ac_darkgravel
    [OVR-REC] Overridden Records:
	From Master         Type    Name
	bloodmoon.esm       CREA    bm_draugr01
	bloodmoon.esm       CREA    bm_draugr_bloodskal
	bloodmoon.esm       CREA    draugr
	bloodmoon.esm       CREA    draugr_aesliip
	bloodmoon.esm       CREA    draugr_co_3
	bloodmoon.esm       CREA    draugr_co_3_dead
	bloodmoon.esm       CREA    draugr_valbrandr
	bloodmoon.esm       LEVC    bm_ex_felcoast_40
	bloodmoon.esm       LEVC    bm_ex_hirforest_40
	bloodmoon.esm       LEVC    bm_ex_isinplains_40
	bloodmoon.esm       LEVC    bm_ex_moemountains_40
	bloodmoon.esm       LEVC    bm_in_nordburial
	bloodmoon.esm       LEVC    bm_in_nordburial_40
	bloodmoon.esm       LEVC    bm_in_nordburial_60
	bloodmoon.esm       LTEX    tx_bm_dirt_01.dds
	bloodmoon.esm       LTEX    tx_bm_grass_01.dds
	bloodmoon.esm       LTEX    tx_bm_grass_snow_01.dds
	bloodmoon.esm       LTEX    tx_bm_grass_snow_02a.dds
	bloodmoon.esm       LTEX    tx_bm_ice_01.dds
	bloodmoon.esm       LTEX    tx_bm_ice_03.dds
	bloodmoon.esm       LTEX    tx_bm_ice_04.dds
	bloodmoon.esm       LTEX    tx_bm_ice_05.dds
	bloodmoon.esm       LTEX    tx_bm_ice_06.dds
	bloodmoon.esm       LTEX    tx_bm_rock_02.dds
	bloodmoon.esm       LTEX    tx_bm_rock_03.dds
	bloodmoon.esm       LTEX    tx_bm_rock_snow_02.dds
	bloodmoon.esm       LTEX    tx_bm_rock_snow_02a.dds
	bloodmoon.esm       LTEX    tx_bm_rock_snow_03.dds
	bloodmoon.esm       LTEX    tx_bm_snow_01.dds
	bloodmoon.esm       LTEX    tx_bm_snow_02.dds
	bloodmoon.esm       LTEX    tx_bm_snow_03.dds
	bloodmoon.esm       LTEX    tx_bm_snow_04.dds
	bloodmoon.esm       LTEX    tx_bm_snow_05.dds
	bloodmoon.esm       LTEX    tx_bm_snow_ice_01.dds
	bloodmoon.esm       LTEX    tx_bm_snow_rock_01.dds
