gr_DraugrDiversityLiteUnarmed.esp: DUP-REC MENUMOD MISSVER OVR-REC
    [MENUMOD] Scripts not checking menumode:
	SCPT(gr_dp_mask_script)
	SCPT(gr_giant_club_script)
    [OVR-REC] Overridden Records:
	From Master         Type    Name
	bloodmoon.esm       CREA    bm_draugr01
	bloodmoon.esm       CREA    bm_draugr_bloodskal
	bloodmoon.esm       CREA    draugr
	bloodmoon.esm       CREA    draugr_aesliip
	bloodmoon.esm       CREA    draugr_co_3
	bloodmoon.esm       CREA    draugr_co_3_dead
	bloodmoon.esm       CREA    draugr_valbrandr
	bloodmoon.esm       LEVC    bm_ex_felcoast_40
	bloodmoon.esm       LEVC    bm_ex_hirforest_40
	bloodmoon.esm       LEVC    bm_ex_isinplains_40
	bloodmoon.esm       LEVC    bm_ex_moemountains_40
	bloodmoon.esm       LEVC    bm_in_nordburial
	bloodmoon.esm       LEVC    bm_in_nordburial_40
	bloodmoon.esm       LEVC    bm_in_nordburial_60
