Guilds.esp: DUP-REC JUNKCEL MASTERS MISSAUT MISSDSC MISSVER OVR-REC
    MASTERS: out of sync with the masters installed in your Data Files directory:
	Morrowind.esm               79764287 (plugin)   79837557 (installed size)
	Tribunal.esm                 6616539 (plugin)    4565686 (installed size)
	Bloodmoon.esm               11799703 (plugin)    9631798 (installed size)
	OAAB_Data.esm                1106203 (plugin)    1567893 (installed size)
    [JUNKCEL] Junk Cells:                        Flags
	Bitter Coast Region (-12, 1)             0x02
	Bitter Coast Region (-12, 2)             0x02
	Bitter Coast Region (-12, 3)             0x02
	Bitter Coast Region (-13, 1)             0x02
	Bitter Coast Region (-13, 2)             0x02
	Bitter Coast Region (-13, 3)             0x02
	Bitter Coast Region (-13, 4)             0x02
	Bitter Coast Region (-14, 2)             0x02
	Bitter Coast Region (-14, 4)             0x02
	Bitter Coast Region (-14, 5)             0x02
	West Gash Region (-15, 7)                0x02
	West Gash Region (-16, 7)                0x02
	West Gash Region (-16, 8)                0x02
	Wilderness (-15, -8)                     0x02
	Wilderness (-19, 14)                     0x02
	Wilderness (-19, 15)                     0x02
	Wilderness (-20, 15)                     0x02
	Wilderness (-28, 24)                     0x02
	Wilderness (-29, 23)                     0x02
    [OVR-REC] Overridden Records:
	From Master         Type    Name
	morrowind.esm       ACTI    active_velothi_altar_mephala
	morrowind.esm       PGRD    ald-ruhn, morag tong guildhall
	morrowind.esm       PGRD    sadrith mora, wolverine hall: mage's guild
	morrowind.esm       PGRD    vivec, arena hidden area
