GW22_Seyda_Neen (2).ESP: DUP-INF DUP-REC MASTERS MENUMOD MISSAUT MISSDSC MISSVER OVR-REC
    MASTERS: out of sync with the masters installed in your Data Files directory:
	Tamriel_Data.esm            10684550 (plugin)   11064795 (installed size)
	OAAB_Data.esm                1396970 (plugin)    1567893 (installed size)
    [MENUMOD] Scripts not checking menumode:
	SCPT(GW22_ArenaraScript)
	SCPT(GW22_Futurescript)
	SCPT(GW22_GelsScript)
	SCPT(GW22_GremlinScript)
	SCPT(GW22_PresentDisable)
	SCPT(GW22_PresentScript)
	SCPT(GW22_RudolphScript)
	SCPT(GW22_SpiritScript1)
	SCPT(GW22_SpiritScript2)
	SCPT(GW22_SweaterScript)
	SCPT(Gw22_GrinchLairScript)
	SCPT(Gw22_Grinchscript)
	SCPT(gw22_Music_s)
	SCPT(gw22_plumscript)
    [OVR-REC] Overridden Records:
	From Master         Type    Name
	bloodmoon.esm       LTEX    tx_bc_rock_03.tga
	bloodmoon.esm       LTEX    tx_bm_dirt_snow_01.dds
	bloodmoon.esm       LTEX    tx_bm_snow_01.dds
	bloodmoon.esm       LTEX    tx_bm_snow_02.dds
	bloodmoon.esm       LTEX    tx_bm_snow_03.dds
	bloodmoon.esm       LTEX    tx_bm_snow_04.dds
	bloodmoon.esm       LTEX    tx_bm_snow_05.dds
	bloodmoon.esm       LTEX    tx_bm_snow_ice_01.dds
	morrowind.esm       CONT    chargen barrel fatigue
	morrowind.esm       LAND    (-2, -10)
	morrowind.esm       LAND    (-2, -9)
	morrowind.esm       LEVC    in_dwe_all_lev+0
	morrowind.esm       LEVC    in_dwe_all_lev+2
	morrowind.esm       LEVC    in_dwe_all_lev-2
	morrowind.esm       LEVC    in_dwe_cent_lev+0
	morrowind.esm       LEVC    in_dwe_cent_lev+2
	morrowind.esm       LEVC    in_dwe_cent_lev-2
	morrowind.esm       LTEX    tx_bc_bank.tga
	morrowind.esm       LTEX    tx_bc_dirt.tga
	morrowind.esm       LTEX    tx_bc_grass.tga
	morrowind.esm       LTEX    tx_bc_mainroad_01.tga
	morrowind.esm       LTEX    tx_bc_moss.tga
	morrowind.esm       LTEX    tx_bc_muck.tga
	morrowind.esm       LTEX    tx_bc_muck_01.tga
	morrowind.esm       LTEX    tx_bc_mud.tga
	morrowind.esm       LTEX    tx_bc_rockyscrub.tga
	morrowind.esm       LTEX    tx_bc_undergrowth.tga
	morrowind.esm       NPC_    albecius colollius
	morrowind.esm       NPC_    arrille
	morrowind.esm       NPC_    chargen boat guard 1
	morrowind.esm       NPC_    chargen boat guard 2
	morrowind.esm       NPC_    chargen boat guard 3
	morrowind.esm       NPC_    chargen captain
	morrowind.esm       NPC_    chargen class
	morrowind.esm       NPC_    chargen dock guard
	morrowind.esm       NPC_    chargen door guard
	morrowind.esm       NPC_    chargen name
	morrowind.esm       NPC_    darvame hleran
	morrowind.esm       NPC_    draren thiralas
	morrowind.esm       NPC_    eldafire
	morrowind.esm       NPC_    elone
	morrowind.esm       NPC_    erene llenim
	morrowind.esm       NPC_    fargoth
	morrowind.esm       NPC_    fine_mouth
	morrowind.esm       NPC_    foryn gilnith
	morrowind.esm       NPC_    hrisskar flat-foot
	morrowind.esm       NPC_    indrele rathryon
	morrowind.esm       NPC_    raflod the braggart
	morrowind.esm       NPC_    tandram andalen
	morrowind.esm       NPC_    teleri helvi
	morrowind.esm       NPC_    teruise girvayne
	morrowind.esm       NPC_    thavere vedrano
	morrowind.esm       NPC_    tolvise othralen
	morrowind.esm       NPC_    vodunius nuccius
	morrowind.esm       PGRD    seyda neen
	tribunal.esm        DIAL    greeting 0
	tribunal.esm        DIAL    greeting 5
	tribunal.esm        DIAL    greeting 9
	tribunal.esm        LEVC    in_dwe_all_tribunal

[DUP-INF]: ID=2820158182898026047(Greeting:greeting 0)
  |DATA|ONAM:Rat_pack_rerlas|NAME:Squeak!|SCVR:01500|INTV|BNAM:AIFollow "player" 0 0 0 0
