Heavy_Gear_Weight_Rebalance.esp: DUP-REC MISSVER OVR-REC
    [OVR-REC] Overridden Records:
	From Master         Type    Name
	bloodmoon.esm       ARMO    saint's shield
	bloodmoon.esm       WEAP    bm_ebony_staff_necro
	bloodmoon.esm       WEAP    bm_ebonylongsword_s
	bloodmoon.esm       WEAP    daedric dagger
	bloodmoon.esm       WEAP    daedric mace
	morrowind.esm       ARMO    azura's servant
	morrowind.esm       ARMO    daedric_boots
	morrowind.esm       ARMO    daedric_cuirass
	morrowind.esm       ARMO    daedric_cuirass_htab
	morrowind.esm       ARMO    daedric_fountain_helm
	morrowind.esm       ARMO    daedric_gauntlet_left
	morrowind.esm       ARMO    daedric_gauntlet_right
	morrowind.esm       ARMO    daedric_god_helm
	morrowind.esm       ARMO    daedric_greaves
	morrowind.esm       ARMO    daedric_greaves_htab
	morrowind.esm       ARMO    daedric_helm_clavicusvile
	morrowind.esm       ARMO    daedric_pauldron_left
	morrowind.esm       ARMO    daedric_pauldron_right
	morrowind.esm       ARMO    daedric_shield
	morrowind.esm       ARMO    daedric_terrifying_helm
	morrowind.esm       ARMO    daedric_towershield
	morrowind.esm       ARMO    darksun_shield_unique
	morrowind.esm       ARMO    dragonbone_cuirass_unique
	morrowind.esm       ARMO    ebony_boots
	morrowind.esm       ARMO    ebony_bracer_left
	morrowind.esm       ARMO    ebony_bracer_left_tgeb
	morrowind.esm       ARMO    ebony_bracer_right
	morrowind.esm       ARMO    ebony_bracer_right_tgeb
	morrowind.esm       ARMO    ebony_closed_helm
	morrowind.esm       ARMO    ebony_closed_helm_fghl
	morrowind.esm       ARMO    ebony_cuirass
	morrowind.esm       ARMO    ebony_greaves
	morrowind.esm       ARMO    ebony_pauldron_left
	morrowind.esm       ARMO    ebony_pauldron_right
	morrowind.esm       ARMO    ebony_shield
	morrowind.esm       ARMO    ebony_shield_auriel
	morrowind.esm       ARMO    ebony_towershield
	morrowind.esm       ARMO    gauntlet_fists_l_unique
	morrowind.esm       ARMO    gauntlet_fists_r_unique
	morrowind.esm       ARMO    helm_bearclaw_unique
	morrowind.esm       ARMO    trollbone_cuirass
	morrowind.esm       ARMO    trollbone_shield
	morrowind.esm       ARMO    wraithguard
	morrowind.esm       ARMO    wraithguard_jury_rig
	morrowind.esm       ENCH    theranafeather_en_uniq
	morrowind.esm       WEAP    boethiah's walking stick
	morrowind.esm       WEAP    daedric battle axe
	morrowind.esm       WEAP    daedric claymore
	morrowind.esm       WEAP    daedric club
	morrowind.esm       WEAP    daedric dagger_mtas
	morrowind.esm       WEAP    daedric dagger_soultrap
	morrowind.esm       WEAP    daedric dai-katana
	morrowind.esm       WEAP    daedric katana
	morrowind.esm       WEAP    daedric long bow
	morrowind.esm       WEAP    daedric longsword
	morrowind.esm       WEAP    daedric shortsword
	morrowind.esm       WEAP    daedric spear
	morrowind.esm       WEAP    daedric staff
	morrowind.esm       WEAP    daedric tanto
	morrowind.esm       WEAP    daedric wakizashi
	morrowind.esm       WEAP    daedric wakizashi_hhst
	morrowind.esm       WEAP    daedric war axe
	morrowind.esm       WEAP    daedric warhammer
	morrowind.esm       WEAP    daedric warhammer_ttgd
	morrowind.esm       WEAP    daedric_club_tgdc
	morrowind.esm       WEAP    daedric_crescent_unique
	morrowind.esm       WEAP    daedric_scourge_unique
	morrowind.esm       WEAP    daunting mace
	morrowind.esm       WEAP    demon mace
	morrowind.esm       WEAP    ebony broadsword
	morrowind.esm       WEAP    ebony broadsword_dae_cursed
	morrowind.esm       WEAP    ebony longsword
	morrowind.esm       WEAP    ebony mace
	morrowind.esm       WEAP    ebony shortsword
	morrowind.esm       WEAP    ebony spear
	morrowind.esm       WEAP    ebony spear_hrce_unique
	morrowind.esm       WEAP    ebony staff
	morrowind.esm       WEAP    ebony staff caper
	morrowind.esm       WEAP    ebony war axe
	morrowind.esm       WEAP    ebony wizard's staff
	morrowind.esm       WEAP    ebony_bow_auriel
	morrowind.esm       WEAP    ebony_dagger_mehrunes
	morrowind.esm       WEAP    ebony_staff_tges
	morrowind.esm       WEAP    ebony_staff_trebonius
	morrowind.esm       WEAP    mephala's teacher
	morrowind.esm       WEAP    saint's black sword
	morrowind.esm       WEAP    spirit-eater
	morrowind.esm       WEAP    staff of the forefathers
	morrowind.esm       WEAP    sword of white woe
	morrowind.esm       WEAP    we_hellfirestaff
	morrowind.esm       WEAP    we_shimsil
	tribunal.esm        ARMO    dragonbone_cuirass_unique_x
	tribunal.esm        ARMO    ebony_cuirass_soscean
	tribunal.esm        ARMO    ebony_shield_auriel_x
	tribunal.esm        ARMO    helm_bearclaw_unique_x
	tribunal.esm        ARMO    indoril_almalexia_boots
	tribunal.esm        ARMO    indoril_almalexia_cuirass
	tribunal.esm        ARMO    indoril_almalexia_gauntlet_l
	tribunal.esm        ARMO    indoril_almalexia_gauntlet_r
	tribunal.esm        ARMO    indoril_almalexia_greaves
	tribunal.esm        ARMO    indoril_almalexia_helmet
	tribunal.esm        ARMO    indoril_almalexia_pauldron_l
	tribunal.esm        ARMO    indoril_almalexia_pauldron_r
	tribunal.esm        ARMO    indoril_almalexia_shield
	tribunal.esm        ARMO    indoril_mh_guard_boots
	tribunal.esm        ARMO    indoril_mh_guard_cuirass
	tribunal.esm        ARMO    indoril_mh_guard_gauntlet_l
	tribunal.esm        ARMO    indoril_mh_guard_gauntlet_r
	tribunal.esm        ARMO    indoril_mh_guard_greaves
	tribunal.esm        ARMO    indoril_mh_guard_helmet
	tribunal.esm        ARMO    indoril_mh_guard_pauldron_l
	tribunal.esm        ARMO    indoril_mh_guard_pauldron_r
	tribunal.esm        ARMO    indoril_mh_guard_shield
	tribunal.esm        ARMO    trollbone_helm
	tribunal.esm        WEAP    daedric warhammer_ttgd_x
	tribunal.esm        WEAP    ebony scimitar
	tribunal.esm        WEAP    ebony scimitar_her
	tribunal.esm        WEAP    ebony shortsword_soscean
	tribunal.esm        WEAP    ebony spear_blessed_unique
	tribunal.esm        WEAP    ebony war axe_elanande
	tribunal.esm        WEAP    ebony_bow_auriel_x
	tribunal.esm        WEAP    gravedigger
	tribunal.esm        WEAP    king's_oath
	tribunal.esm        WEAP    king's_oath_pc
