Hirstaang Mill SO.esp: DUP-REC GETSND MENUMOD MISSVER OVR-REC
    [GETSND] GetSoundPlaying possibly used to detect events:
	SCPT(ab01hm_rotate)
    [MENUMOD] Scripts not checking menumode:
	SCPT(solst_hmill_longsword_scpt)
	SCPT(solst_hmill_shortsword_scpt)
    [DUP-REC] Duplicate Records:
	From Master         Type    Name
	bloodmoon.esm       LTEX    ac_darkgravel
    [OVR-REC] Overridden Records:
	From Master         Type    Name
	bloodmoon.esm       LAND    (-23, 16)
	bloodmoon.esm       LAND    (-24, 15)
	bloodmoon.esm       LAND    (-24, 16)
	bloodmoon.esm       LTEX    sand_02
	bloodmoon.esm       LTEX    tx_bm_cobblestone_01.dds
	bloodmoon.esm       LTEX    tx_bm_dirt_01.dds
	bloodmoon.esm       LTEX    tx_bm_grass_01.dds
	bloodmoon.esm       LTEX    tx_bm_grass_02.dds
	bloodmoon.esm       LTEX    tx_bm_grass_03.dds
	bloodmoon.esm       LTEX    tx_bm_grass_dirt_01.dds
	bloodmoon.esm       LTEX    tx_bm_grass_snow_02.dds
	bloodmoon.esm       LTEX    tx_bm_grass_snow_02a.dds
	bloodmoon.esm       LTEX    tx_bm_pine_needles_01.dds
	bloodmoon.esm       LTEX    tx_bm_rock_01.dds
	bloodmoon.esm       LTEX    tx_bm_rock_02.dds
	bloodmoon.esm       LTEX    tx_bm_rock_03.dds
	bloodmoon.esm       LTEX    tx_bm_rock_dirt_01.dds
	bloodmoon.esm       LTEX    tx_bm_snow_02.dds
	bloodmoon.esm       LTEX    tx_bm_snow_04.dds
	bloodmoon.esm       LTEX    tx_bm_snow_rock_01.dds
	tribunal.esm        DIAL    greeting 1
