Hla Oad.esp: DUP-REC JUNKCEL MASTERS MISSAUT MISSDSC MISSVER OVR-REC
    MASTERS: out of sync with the masters installed in your Data Files directory:
	Morrowind.esm               79764287 (plugin)   79837557 (installed size)
	Tribunal.esm                 6616539 (plugin)    4565686 (installed size)
	Bloodmoon.esm               11799703 (plugin)    9631798 (installed size)
    [JUNKCEL] Junk Cells:                        Flags
	Bitter Coast Region (-6, -6)             0x02
    [OVR-REC] Overridden Records:
	From Master         Type    Name
	morrowind.esm       LAND    (-6, -5)
	morrowind.esm       LAND    (-7, -5)
	morrowind.esm       LTEX    daedric stone
	morrowind.esm       LTEX    daedric_scrubruins
	morrowind.esm       LTEX    tx_bc_dirt.tga
	morrowind.esm       LTEX    tx_bc_grass.tga
	morrowind.esm       LTEX    tx_bc_moss.tga
	morrowind.esm       LTEX    tx_bc_muck_01.tga
	morrowind.esm       LTEX    tx_bc_mud.tga
	morrowind.esm       LTEX    tx_bc_rock_01.tga
	morrowind.esm       LTEX    tx_bc_rockyscrub.tga
	morrowind.esm       LTEX    tx_bc_scrub.tga
	morrowind.esm       LTEX    tx_bc_undergrowth.tga
	morrowind.esm       PGRD    hla oad
	morrowind.esm       PGRD    hla oad, fatleg's drop off
	tribunal.esm        LTEX    rm_grayrock
