hm-f-droppable-lights-v0.3.esp: DUP-REC MASTERS MISSAUT MISSDSC MISSVER OVR-REC
    MASTERS: out of sync with the masters installed in your Data Files directory:
	Tamriel_Data.esm            10684550 (plugin)   11064795 (installed size)
    [OVR-REC] Overridden Records:
	From Master         Type    Name
	bloodmoon.esm       LIGH    bm_firepit_uni
	bloodmoon.esm       LIGH    bm_light_penumbra1
	bloodmoon.esm       LIGH    colony_torch_1
	bloodmoon.esm       LIGH    colony_torch_2
	bloodmoon.esm       LIGH    colony_torch_3
	bloodmoon.esm       LIGH    furn_de_firepit_f_128
	bloodmoon.esm       LIGH    light_bm_tomb
	bloodmoon.esm       LIGH    light_bm_tomb_wind
	bloodmoon.esm       LIGH    light_com_candle_01
	bloodmoon.esm       LIGH    light_com_candle_01_64
	bloodmoon.esm       LIGH    light_com_candle_05_64
	bloodmoon.esm       LIGH    light_com_candle_09_128
	bloodmoon.esm       LIGH    light_com_candle_09_off
	bloodmoon.esm       LIGH    light_com_lamp_01
	bloodmoon.esm       LIGH    light_com_lamp_01_175
	bloodmoon.esm       LIGH    light_com_lamp_01_77
	bloodmoon.esm       LIGH    light_com_lantern_01
	bloodmoon.esm       LIGH    light_com_lantern_01_128
	bloodmoon.esm       LIGH    light_com_lantern_01_256
	bloodmoon.esm       LIGH    light_com_lantern_02_256
	bloodmoon.esm       LIGH    light_com_lantern_bm_unique
	bloodmoon.esm       LIGH    light_com_lantern_sweetie1
	bloodmoon.esm       LIGH    light_com_lantern_sweetie2
	bloodmoon.esm       LIGH    light_com_lantern_sweetie3
	bloodmoon.esm       LIGH    light_com_rm_chandelier_05_256
	bloodmoon.esm       LIGH    light_com_sconce_01
	bloodmoon.esm       LIGH    light_com_wall_01
	bloodmoon.esm       LIGH    light_dae_brazier00
	bloodmoon.esm       LIGH    light_de_lantern_01white
	bloodmoon.esm       LIGH    light_fire_nosmoke_256
	bloodmoon.esm       LIGH    light_logpile_177
	morrowind.esm       LIGH    chargen_lantern_03_sway
	morrowind.esm       LIGH    dark_tikitorch00
	morrowind.esm       LIGH    furn_de_firepit_f
	morrowind.esm       LIGH    furn_de_firepit_f_01
	morrowind.esm       LIGH    furn_de_firepit_f_01_400
	morrowind.esm       LIGH    furn_de_firepit_f_200
	morrowind.esm       LIGH    furn_de_firepit_f_323
	morrowind.esm       LIGH    furn_de_firepit_f_400
	morrowind.esm       LIGH    light_6th_brazier
	morrowind.esm       LIGH    light_6th_brazier_01
	morrowind.esm       LIGH    light_6th_brazier_02
	morrowind.esm       LIGH    light_6th_brazier_400
	morrowind.esm       LIGH    light_6th_candle_01
	morrowind.esm       LIGH    light_6th_candle_01_77
	morrowind.esm       LIGH    light_6th_candle_01_off_f
	morrowind.esm       LIGH    light_6th_candle_02
	morrowind.esm       LIGH    light_6th_candle_02_64
	morrowind.esm       LIGH    light_6th_candle_02_77
	morrowind.esm       LIGH    light_6th_candle_03
	morrowind.esm       LIGH    light_6th_candle_04
	morrowind.esm       LIGH    light_6th_candle_05
	morrowind.esm       LIGH    light_6th_candle_05_off_p
	morrowind.esm       LIGH    light_6th_candle_06
	morrowind.esm       LIGH    light_6th_candle_06_64
	morrowind.esm       LIGH    light_ashl_lantern_01
	morrowind.esm       LIGH    light_ashl_lantern_01_512
	morrowind.esm       LIGH    light_ashl_lantern_02
	morrowind.esm       LIGH    light_ashl_lantern_02_256
	morrowind.esm       LIGH    light_ashl_lantern_02_512
	morrowind.esm       LIGH    light_ashl_lantern_03
	morrowind.esm       LIGH    light_ashl_lantern_03_128
	morrowind.esm       LIGH    light_ashl_lantern_03_300
	morrowind.esm       LIGH    light_ashl_lantern_03_512
	morrowind.esm       LIGH    light_ashl_lantern_04
	morrowind.esm       LIGH    light_ashl_lantern_04_128
	morrowind.esm       LIGH    light_ashl_lantern_04_512
	morrowind.esm       LIGH    light_ashl_lantern_05
	morrowind.esm       LIGH    light_ashl_lantern_06
	morrowind.esm       LIGH    light_ashl_lantern_06_512
	morrowind.esm       LIGH    light_ashl_lantern_07
	morrowind.esm       LIGH    light_ashl_lantern_07_512
	morrowind.esm       LIGH    light_com_candle_01_off
	morrowind.esm       LIGH    light_com_candle_02
	morrowind.esm       LIGH    light_com_candle_02_64
	morrowind.esm       LIGH    light_com_candle_03
	morrowind.esm       LIGH    light_com_candle_03_64
	morrowind.esm       LIGH    light_com_candle_04
	morrowind.esm       LIGH    light_com_candle_04_64
	morrowind.esm       LIGH    light_com_candle_05
	morrowind.esm       LIGH    light_com_candle_05_off
	morrowind.esm       LIGH    light_com_candle_06
	morrowind.esm       LIGH    light_com_candle_06_64
	morrowind.esm       LIGH    light_com_candle_07
	morrowind.esm       LIGH    light_com_candle_07_128
	morrowind.esm       LIGH    light_com_candle_07_157
	morrowind.esm       LIGH    light_com_candle_07_64
	morrowind.esm       LIGH    light_com_candle_07_77
	morrowind.esm       LIGH    light_com_candle_08
	morrowind.esm       LIGH    light_com_candle_08_64
	morrowind.esm       LIGH    light_com_candle_09
	morrowind.esm       LIGH    light_com_candle_09_64
	morrowind.esm       LIGH    light_com_candle_10
	morrowind.esm       LIGH    light_com_candle_10_64
	morrowind.esm       LIGH    light_com_candle_10_off
	morrowind.esm       LIGH    light_com_candle_11
	morrowind.esm       LIGH    light_com_candle_11_01
	morrowind.esm       LIGH    light_com_candle_11_256
	morrowind.esm       LIGH    light_com_candle_11_77
	morrowind.esm       LIGH    light_com_candle_12
	morrowind.esm       LIGH    light_com_candle_12_77
	morrowind.esm       LIGH    light_com_candle_12_off
	morrowind.esm       LIGH    light_com_candle_13
	morrowind.esm       LIGH    light_com_candle_13_128
	morrowind.esm       LIGH    light_com_candle_13_77
	morrowind.esm       LIGH    light_com_candle_14
	morrowind.esm       LIGH    light_com_candle_14_77
	morrowind.esm       LIGH    light_com_candle_15
	morrowind.esm       LIGH    light_com_candle_16
	morrowind.esm       LIGH    light_com_candle_16_77
	morrowind.esm       LIGH    light_com_chandelier_01
	morrowind.esm       LIGH    light_com_chandelier_01_128
	morrowind.esm       LIGH    light_com_chandelier_01_177
	morrowind.esm       LIGH    light_com_chandelier_01_l
	morrowind.esm       LIGH    light_com_chandelier_01_l_177
	morrowind.esm       LIGH    light_com_chandelier_01a
	morrowind.esm       LIGH    light_com_chandelier_02
	morrowind.esm       LIGH    light_com_chandelier_03
	morrowind.esm       LIGH    light_com_chandelier_03_01
	morrowind.esm       LIGH    light_com_chandelier_03_128
	morrowind.esm       LIGH    light_com_chandelier_03_l
	morrowind.esm       LIGH    light_com_chandelier_04
	morrowind.esm       LIGH    light_com_chandelier_04_128
	morrowind.esm       LIGH    light_com_dae_cursed_candle_10
	morrowind.esm       LIGH    light_com_lamp_01_177
	morrowind.esm       LIGH    light_com_lamp_02
	morrowind.esm       LIGH    light_com_lamp_02_128
	morrowind.esm       LIGH    light_com_lamp_02_177
	morrowind.esm       LIGH    light_com_lantern_01_77
	morrowind.esm       LIGH    light_com_lantern_01_off
	morrowind.esm       LIGH    light_com_lantern_01_s
	morrowind.esm       LIGH    light_com_lantern_02
	morrowind.esm       LIGH    light_com_lantern_02_128
	morrowind.esm       LIGH    light_com_lantern_02_128_off
	morrowind.esm       LIGH    light_com_lantern_02_177
	morrowind.esm       LIGH    light_com_lantern_02_177_boat01
	morrowind.esm       LIGH    light_com_lantern_02_200_boat
	morrowind.esm       LIGH    light_com_lantern_02_64
	morrowind.esm       LIGH    light_com_lantern_02_inf
	morrowind.esm       LIGH    light_com_lantern_02_off
	morrowind.esm       LIGH    light_com_redware_lamp
	morrowind.esm       LIGH    light_com_rm_chandelier_05
	morrowind.esm       LIGH    light_com_rm_chandelier_05_128
	morrowind.esm       LIGH    light_com_rm_chandelier_05_177
	morrowind.esm       LIGH    light_com_rm_chandelier_05_l
	morrowind.esm       LIGH    light_com_rm_chandelier_05_l_01
	morrowind.esm       LIGH    light_com_rm_chandelier_05_l_02
	morrowind.esm       LIGH    light_com_rm_chandelier_06
	morrowind.esm       LIGH    light_com_sconce_01_200
	morrowind.esm       LIGH    light_com_sconce_01_77
	morrowind.esm       LIGH    light_com_sconce_02
	morrowind.esm       LIGH    light_com_sconce_02_128
	morrowind.esm       LIGH    light_com_sconce_02_77
	morrowind.esm       LIGH    light_com_torch_01
	morrowind.esm       LIGH    light_com_torch_01_128
	morrowind.esm       LIGH    light_com_torch_01_200
	morrowind.esm       LIGH    light_com_torch_01_77
	morrowind.esm       LIGH    light_com_torch_01_off
	morrowind.esm       LIGH    light_com_torch_02
	morrowind.esm       LIGH    light_com_torch_burnedout_01
	morrowind.esm       LIGH    light_dae_brazier_320
	morrowind.esm       LIGH    light_dae_censer
	morrowind.esm       LIGH    light_de_buglamp_01
	morrowind.esm       LIGH    light_de_buglamp_01_64
	morrowind.esm       LIGH    light_de_buglamp_01_off
	morrowind.esm       LIGH    light_de_candle_01
	morrowind.esm       LIGH    light_de_candle_01_64
	morrowind.esm       LIGH    light_de_candle_02
	morrowind.esm       LIGH    light_de_candle_02_64
	morrowind.esm       LIGH    light_de_candle_02_off
	morrowind.esm       LIGH    light_de_candle_03
	morrowind.esm       LIGH    light_de_candle_03_64
	morrowind.esm       LIGH    light_de_candle_04
	morrowind.esm       LIGH    light_de_candle_04_64
	morrowind.esm       LIGH    light_de_candle_05
	morrowind.esm       LIGH    light_de_candle_05_64
	morrowind.esm       LIGH    light_de_candle_05_77
	morrowind.esm       LIGH    light_de_candle_06
	morrowind.esm       LIGH    light_de_candle_06_64
	morrowind.esm       LIGH    light_de_candle_06_off
	morrowind.esm       LIGH    light_de_candle_07
	morrowind.esm       LIGH    light_de_candle_07_64
	morrowind.esm       LIGH    light_de_candle_08
	morrowind.esm       LIGH    light_de_candle_08_64
	morrowind.esm       LIGH    light_de_candle_09
	morrowind.esm       LIGH    light_de_candle_09_64
	morrowind.esm       LIGH    light_de_candle_09_94
	morrowind.esm       LIGH    light_de_candle_09_off
	morrowind.esm       LIGH    light_de_candle_10
	morrowind.esm       LIGH    light_de_candle_10_64
	morrowind.esm       LIGH    light_de_candle_11
	morrowind.esm       LIGH    light_de_candle_11_64
	morrowind.esm       LIGH    light_de_candle_11_off
	morrowind.esm       LIGH    light_de_candle_12
	morrowind.esm       LIGH    light_de_candle_128_off
	morrowind.esm       LIGH    light_de_candle_12_64
	morrowind.esm       LIGH    light_de_candle_13
	morrowind.esm       LIGH    light_de_candle_13_64
	morrowind.esm       LIGH    light_de_candle_13_off
	morrowind.esm       LIGH    light_de_candle_14
	morrowind.esm       LIGH    light_de_candle_14_64
	morrowind.esm       LIGH    light_de_candle_15
	morrowind.esm       LIGH    light_de_candle_15_64
	morrowind.esm       LIGH    light_de_candle_15_off
	morrowind.esm       LIGH    light_de_candle_16
	morrowind.esm       LIGH    light_de_candle_16_64
	morrowind.esm       LIGH    light_de_candle_17
	morrowind.esm       LIGH    light_de_candle_17_64
	morrowind.esm       LIGH    light_de_candle_18
	morrowind.esm       LIGH    light_de_candle_18_64
	morrowind.esm       LIGH    light_de_candle_19
	morrowind.esm       LIGH    light_de_candle_19_256
	morrowind.esm       LIGH    light_de_candle_19_64
	morrowind.esm       LIGH    light_de_candle_20
	morrowind.esm       LIGH    light_de_candle_21
	morrowind.esm       LIGH    light_de_candle_22
	morrowind.esm       LIGH    light_de_candle_23
	morrowind.esm       LIGH    light_de_candle_23_177
	morrowind.esm       LIGH    light_de_candle_24
	morrowind.esm       LIGH    light_de_candle_24_64
	morrowind.esm       LIGH    light_de_candle_24_static
	morrowind.esm       LIGH    light_de_candle_25
	morrowind.esm       LIGH    light_de_candle_26
	morrowind.esm       LIGH    light_de_candle_blue_01
	morrowind.esm       LIGH    light_de_candle_blue_01_64
	morrowind.esm       LIGH    light_de_candle_blue_01_off
	morrowind.esm       LIGH    light_de_candle_blue_02
	morrowind.esm       LIGH    light_de_candle_blue_02_100
	morrowind.esm       LIGH    light_de_candle_blue_02_64
	morrowind.esm       LIGH    light_de_candle_green_01
	morrowind.esm       LIGH    light_de_candle_green_01_64
	morrowind.esm       LIGH    light_de_candle_green_01_off
	morrowind.esm       LIGH    light_de_candle_ivory_01
	morrowind.esm       LIGH    light_de_candle_ivory_01_128
	morrowind.esm       LIGH    light_de_candle_ivory_01_64
	morrowind.esm       LIGH    light_de_candle_ivory_01_off
	morrowind.esm       LIGH    light_de_candle_ivory_64
	morrowind.esm       LIGH    light_de_candle_ivory_dead
	morrowind.esm       LIGH    light_de_candle_red_01
	morrowind.esm       LIGH    light_de_candle_red_01_64
	morrowind.esm       LIGH    light_de_candle_red_02
	morrowind.esm       LIGH    light_de_candle_red_02_64
	morrowind.esm       LIGH    light_de_lamp_01
	morrowind.esm       LIGH    light_de_lamp_01_128
	morrowind.esm       LIGH    light_de_lamp_01_177
	morrowind.esm       LIGH    light_de_lamp_01_200
	morrowind.esm       LIGH    light_de_lamp_01_256
	morrowind.esm       LIGH    light_de_lamp_01_512
	morrowind.esm       LIGH    light_de_lamp_01_64
	morrowind.esm       LIGH    light_de_lamp_01_77
	morrowind.esm       LIGH    light_de_lamp_01_off
	morrowind.esm       LIGH    light_de_lamp_02
	morrowind.esm       LIGH    light_de_lamp_02_128
	morrowind.esm       LIGH    light_de_lamp_02_177
	morrowind.esm       LIGH    light_de_lamp_02_256
	morrowind.esm       LIGH    light_de_lamp_02_77
	morrowind.esm       LIGH    light_de_lamp_02_blue
	morrowind.esm       LIGH    light_de_lamp_02_blue_128
	morrowind.esm       LIGH    light_de_lamp_03
	morrowind.esm       LIGH    light_de_lamp_03_128
	morrowind.esm       LIGH    light_de_lamp_03_256
	morrowind.esm       LIGH    light_de_lamp_03_512
	morrowind.esm       LIGH    light_de_lamp_03_512_red
	morrowind.esm       LIGH    light_de_lamp_03_64
	morrowind.esm       LIGH    light_de_lamp_03_77
	morrowind.esm       LIGH    light_de_lamp_03_off
	morrowind.esm       LIGH    light_de_lamp_03_red
	morrowind.esm       LIGH    light_de_lamp_04
	morrowind.esm       LIGH    light_de_lamp_04_128
	morrowind.esm       LIGH    light_de_lamp_04_256
	morrowind.esm       LIGH    light_de_lamp_05
	morrowind.esm       LIGH    light_de_lamp_05_128
	morrowind.esm       LIGH    light_de_lamp_05_177
	morrowind.esm       LIGH    light_de_lamp_05_256
	morrowind.esm       LIGH    light_de_lamp_05_77
	morrowind.esm       LIGH    light_de_lamp_06
	morrowind.esm       LIGH    light_de_lamp_06_128
	morrowind.esm       LIGH    light_de_lamp_06_177
	morrowind.esm       LIGH    light_de_lamp_06_256
	morrowind.esm       LIGH    light_de_lamp_06_64
	morrowind.esm       LIGH    light_de_lamp_06_77
	morrowind.esm       LIGH    light_de_lamp_07_blue
	morrowind.esm       LIGH    light_de_lamp_07_blue_177
	morrowind.esm       LIGH    light_de_lamp_07_blue_256
	morrowind.esm       LIGH    light_de_lamp_07_blue_77
	morrowind.esm       LIGH    light_de_lamp_08_red
	morrowind.esm       LIGH    light_de_lamp_09_red
	morrowind.esm       LIGH    light_de_lantern_01
	morrowind.esm       LIGH    light_de_lantern_01_128
	morrowind.esm       LIGH    light_de_lantern_01_177
	morrowind.esm       LIGH    light_de_lantern_01_77
	morrowind.esm       LIGH    light_de_lantern_01_off
	morrowind.esm       LIGH    light_de_lantern_02
	morrowind.esm       LIGH    light_de_lantern_02-128
	morrowind.esm       LIGH    light_de_lantern_02-177
	morrowind.esm       LIGH    light_de_lantern_02_128
	morrowind.esm       LIGH    light_de_lantern_02_256_blue
	morrowind.esm       LIGH    light_de_lantern_02_256_blue_s
	morrowind.esm       LIGH    light_de_lantern_02_256_off
	morrowind.esm       LIGH    light_de_lantern_02_blue
	morrowind.esm       LIGH    light_de_lantern_03
	morrowind.esm       LIGH    light_de_lantern_03_128
	morrowind.esm       LIGH    light_de_lantern_03_200
	morrowind.esm       LIGH    light_de_lantern_03_200_r
	morrowind.esm       LIGH    light_de_lantern_03_64
	morrowind.esm       LIGH    light_de_lantern_03_77
	morrowind.esm       LIGH    light_de_lantern_03_s_256
	morrowind.esm       LIGH    light_de_lantern_03_sway
	morrowind.esm       LIGH    light_de_lantern_04
	morrowind.esm       LIGH    light_de_lantern_04_128
	morrowind.esm       LIGH    light_de_lantern_04_157
	morrowind.esm       LIGH    light_de_lantern_04_177
	morrowind.esm       LIGH    light_de_lantern_04_177_s
	morrowind.esm       LIGH    light_de_lantern_04_77
	morrowind.esm       LIGH    light_de_lantern_04_sway
	morrowind.esm       LIGH    light_de_lantern_04_swayoff
	morrowind.esm       LIGH    light_de_lantern_05
	morrowind.esm       LIGH    light_de_lantern_05_128
	morrowind.esm       LIGH    light_de_lantern_05_128_carry
	morrowind.esm       LIGH    light_de_lantern_05_128_s
	morrowind.esm       LIGH    light_de_lantern_05_200
	morrowind.esm       LIGH    light_de_lantern_05_200_s
	morrowind.esm       LIGH    light_de_lantern_05_carry
	morrowind.esm       LIGH    light_de_lantern_05_s
	morrowind.esm       LIGH    light_de_lantern_05_ship
	morrowind.esm       LIGH    light_de_lantern_05_sway
	morrowind.esm       LIGH    light_de_lantern_06
	morrowind.esm       LIGH    light_de_lantern_06_128
	morrowind.esm       LIGH    light_de_lantern_06_177
	morrowind.esm       LIGH    light_de_lantern_06_256
	morrowind.esm       LIGH    light_de_lantern_06_64
	morrowind.esm       LIGH    light_de_lantern_06a
	morrowind.esm       LIGH    light_de_lantern_07
	morrowind.esm       LIGH    light_de_lantern_07_128
	morrowind.esm       LIGH    light_de_lantern_07_warm
	morrowind.esm       LIGH    light_de_lantern_08
	morrowind.esm       LIGH    light_de_lantern_08_128
	morrowind.esm       LIGH    light_de_lantern_08_128_01
	morrowind.esm       LIGH    light_de_lantern_08_177_01
	morrowind.esm       LIGH    light_de_lantern_08_77
	morrowind.esm       LIGH    light_de_lantern_09
	morrowind.esm       LIGH    light_de_lantern_09_128
	morrowind.esm       LIGH    light_de_lantern_09_128_01
	morrowind.esm       LIGH    light_de_lantern_09_177
	morrowind.esm       LIGH    light_de_lantern_09_sway
	morrowind.esm       LIGH    light_de_lantern_10
	morrowind.esm       LIGH    light_de_lantern_10_01
	morrowind.esm       LIGH    light_de_lantern_10_128
	morrowind.esm       LIGH    light_de_lantern_10_128_static
	morrowind.esm       LIGH    light_de_lantern_10_177_static
	morrowind.esm       LIGH    light_de_lantern_10_static
	morrowind.esm       LIGH    light_de_lantern_11
	morrowind.esm       LIGH    light_de_lantern_12
	morrowind.esm       LIGH    light_de_lantern_12_128
	morrowind.esm       LIGH    light_de_lantern_12_312
	morrowind.esm       LIGH    light_de_lantern_13
	morrowind.esm       LIGH    light_de_lantern_13_128
	morrowind.esm       LIGH    light_de_lantern_13_128_r
	morrowind.esm       LIGH    light_de_lantern_13_300
	morrowind.esm       LIGH    light_de_lantern_14
	morrowind.esm       LIGH    light_de_lantern_14_static
	morrowind.esm       LIGH    light_de_paper_lantern_01
	morrowind.esm       LIGH    light_de_paper_lantern_01_128
	morrowind.esm       LIGH    light_de_paper_lantern_01_200
	morrowind.esm       LIGH    light_de_paper_lantern_02
	morrowind.esm       LIGH    light_de_paper_lantern_03
	morrowind.esm       LIGH    light_de_paper_lantern_04
	morrowind.esm       LIGH    light_de_paper_lantern_04_128
	morrowind.esm       LIGH    light_de_paper_lantern_04_177
	morrowind.esm       LIGH    light_de_paper_lantern_04_off
	morrowind.esm       LIGH    light_de_paper_lantern_128_01
	morrowind.esm       LIGH    light_de_paper_lantern_177
	morrowind.esm       LIGH    light_de_paper_lantern_64_01
	morrowind.esm       LIGH    light_de_paper_lantern_off
	morrowind.esm       LIGH    light_de_streetlight_01
	morrowind.esm       LIGH    light_de_streetlight_01_128
	morrowind.esm       LIGH    light_de_streetlight_01_177
	morrowind.esm       LIGH    light_de_streetlight_01_223
	morrowind.esm       LIGH    light_de_streetlight_01_223_s
	morrowind.esm       LIGH    light_de_streetlight_01_hold_a
	morrowind.esm       LIGH    light_de_streetlight_01_hold_b
	morrowind.esm       LIGH    light_dwrv_neon00
	morrowind.esm       LIGH    light_dwrv_neon01
	morrowind.esm       LIGH    light_dwrv_neon02
	morrowind.esm       LIGH    light_dwrv_neonbroke00
	morrowind.esm       LIGH    light_dwrv_neonbroke01
	morrowind.esm       LIGH    light_dwrv_neonbroke02
	morrowind.esm       LIGH    light_dwrv_neonbroke03
	morrowind.esm       LIGH    light_dwrv_neonbroke_off
	morrowind.esm       LIGH    light_fire
	morrowind.esm       LIGH    light_fire_300
	morrowind.esm       LIGH    light_fire_400
	morrowind.esm       LIGH    light_fire_nosmoke
	morrowind.esm       LIGH    light_fire_nosmoke_128
	morrowind.esm       LIGH    light_fire_nosmoke_177
	morrowind.esm       LIGH    light_fire_nosmoke_400
	morrowind.esm       LIGH    light_fire_small
	morrowind.esm       LIGH    light_h_pcfort__01
	morrowind.esm       LIGH    light_h_pcfort__01-2
	morrowind.esm       LIGH    light_h_pcfort__01-3
	morrowind.esm       LIGH    light_logpile
	morrowind.esm       LIGH    light_logpile10
	morrowind.esm       LIGH    light_logpile_128
	morrowind.esm       LIGH    light_pitfire00
	morrowind.esm       LIGH    light_pitfire01
	morrowind.esm       LIGH    light_sconce00
	morrowind.esm       LIGH    light_sconce00_128
	morrowind.esm       LIGH    light_sconce00_200
	morrowind.esm       LIGH    light_sconce00_256
	morrowind.esm       LIGH    light_sconce10
	morrowind.esm       LIGH    light_sconce10_128
	morrowind.esm       LIGH    light_sconce10_200
	morrowind.esm       LIGH    light_sconce10_256
	morrowind.esm       LIGH    light_spear_skull00
	morrowind.esm       LIGH    light_tikilamp
	morrowind.esm       LIGH    light_tikilamp_128
	morrowind.esm       LIGH    light_tikilamp_177
	morrowind.esm       LIGH    light_tikilamp_256
	morrowind.esm       LIGH    light_tikitorch00
	morrowind.esm       LIGH    light_tikitorch002
	morrowind.esm       LIGH    light_tikitorch003
	morrowind.esm       LIGH    light_tikitorch00_256
	morrowind.esm       LIGH    light_tikitorch00_320_ffd
	morrowind.esm       LIGH    light_tikitorch01
	morrowind.esm       LIGH    light_tikitorch128
	morrowind.esm       LIGH    light_tikitorch256
	morrowind.esm       LIGH    light_tikitorch_1024
	morrowind.esm       LIGH    light_tikitorch_177
	morrowind.esm       LIGH    light_tikitorch_1radius
	morrowind.esm       LIGH    light_tikitorch_512
	morrowind.esm       LIGH    light_torch_01
	morrowind.esm       LIGH    light_torch_01_128
	morrowind.esm       LIGH    light_torch_01_256
	morrowind.esm       LIGH    light_torch_01_320
	morrowind.esm       LIGH    light_velothi_brazier
	morrowind.esm       LIGH    light_velothi_brazier_128
	morrowind.esm       LIGH    light_velothi_brazier_177
	morrowind.esm       LIGH    light_velothi_brazier_77
	morrowind.esm       LIGH    light_velothi_brazier_off
	morrowind.esm       LIGH    torch
	morrowind.esm       LIGH    torch_128
	morrowind.esm       LIGH    torch_128_off
	morrowind.esm       LIGH    torch_157
	morrowind.esm       LIGH    torch_256
	morrowind.esm       LIGH    torch_64
	morrowind.esm       LIGH    torch_77
	morrowind.esm       LIGH    torch_infinite_time
	morrowind.esm       LIGH    torch_infinite_time_unique
	tamriel_data.esm    LIGH    t_ayl_dngruin_varla01_256
	tamriel_data.esm    LIGH    t_ayl_dngruin_welkynd01_64
	tamriel_data.esm    LIGH    t_com_candledreugh01_128
	tamriel_data.esm    LIGH    t_com_candledreugh01_64
	tamriel_data.esm    LIGH    t_com_candledreugh01_77
	tamriel_data.esm    LIGH    t_com_candledreugh02_128
	tamriel_data.esm    LIGH    t_com_candledreugh02_64
	tamriel_data.esm    LIGH    t_com_candledreugh02_77
	tamriel_data.esm    LIGH    t_com_candledreugh03_128
	tamriel_data.esm    LIGH    t_com_candledreugh03_64
	tamriel_data.esm    LIGH    t_com_candledreugh03_77
	tamriel_data.esm    LIGH    t_com_candledreugh04_128
	tamriel_data.esm    LIGH    t_com_candledreugh04_64
	tamriel_data.esm    LIGH    t_com_candledreugh04_77
	tamriel_data.esm    LIGH    t_com_furnm_chandelier1_128
	tamriel_data.esm    LIGH    t_com_furnm_chandelier1_256
	tamriel_data.esm    LIGH    t_com_furnm_chandelier1l_128
	tamriel_data.esm    LIGH    t_com_furnm_chandelier1l_256
	tamriel_data.esm    LIGH    t_com_furnm_chandelier1long_256
	tamriel_data.esm    LIGH    t_com_furnm_chandelier2_128
	tamriel_data.esm    LIGH    t_com_furnm_chandelier2_256
	tamriel_data.esm    LIGH    t_com_furnm_chandelier2l_128
	tamriel_data.esm    LIGH    t_com_furnm_chandelier2l_256
	tamriel_data.esm    LIGH    t_com_furnm_chandelier2long_256
	tamriel_data.esm    LIGH    t_com_furnm_chandelier3_128
	tamriel_data.esm    LIGH    t_com_furnm_chandelier3_256
	tamriel_data.esm    LIGH    t_com_furnm_chandelier3l_128
	tamriel_data.esm    LIGH    t_com_furnm_chandelier3l_256
	tamriel_data.esm    LIGH    t_com_furnp_chandelier1long_256
	tamriel_data.esm    LIGH    t_com_furnr_chandelier_128
	tamriel_data.esm    LIGH    t_com_furnr_chandelier_256
	tamriel_data.esm    LIGH    t_com_furnr_chandelier_off
	tamriel_data.esm    LIGH    t_com_furnr_chandelierlong_256
	tamriel_data.esm    LIGH    t_com_var_candleblack01_128
	tamriel_data.esm    LIGH    t_com_var_candleblack01_64
	tamriel_data.esm    LIGH    t_com_var_candleblack01_77
	tamriel_data.esm    LIGH    t_com_var_candleblack02_128
	tamriel_data.esm    LIGH    t_com_var_candleblack02_64
	tamriel_data.esm    LIGH    t_com_var_candleblack02_77
	tamriel_data.esm    LIGH    t_com_var_candleblack03_128
	tamriel_data.esm    LIGH    t_com_var_candleblack03_64
	tamriel_data.esm    LIGH    t_com_var_candleblack03_77
	tamriel_data.esm    LIGH    t_com_var_candleblack04_128
	tamriel_data.esm    LIGH    t_com_var_candleblack04_64
	tamriel_data.esm    LIGH    t_com_var_candleblack04_77
	tamriel_data.esm    LIGH    t_com_var_candleblackblue01_128
	tamriel_data.esm    LIGH    t_com_var_candleblackblue01_177
	tamriel_data.esm    LIGH    t_com_var_candleblackblue01_64
	tamriel_data.esm    LIGH    t_com_var_candleblackblue01_77
	tamriel_data.esm    LIGH    t_com_var_candleblackblue02_128
	tamriel_data.esm    LIGH    t_com_var_candleblackblue02_177
	tamriel_data.esm    LIGH    t_com_var_candleblackblue02_64
	tamriel_data.esm    LIGH    t_com_var_candleblackblue02_77
	tamriel_data.esm    LIGH    t_com_var_candleblackblue03_128
	tamriel_data.esm    LIGH    t_com_var_candleblackblue03_177
	tamriel_data.esm    LIGH    t_com_var_candleblackblue03_64
	tamriel_data.esm    LIGH    t_com_var_candleblackblue03_77
	tamriel_data.esm    LIGH    t_com_var_candleblackblue04_128
	tamriel_data.esm    LIGH    t_com_var_candleblackblue04_177
	tamriel_data.esm    LIGH    t_com_var_candleblackblue04_77
	tamriel_data.esm    LIGH    t_com_var_candleblackred01_128
	tamriel_data.esm    LIGH    t_com_var_candleblackred01_177
	tamriel_data.esm    LIGH    t_com_var_candleblackred01_64
	tamriel_data.esm    LIGH    t_com_var_candleblackred01_77
	tamriel_data.esm    LIGH    t_com_var_candleblackred02_128
	tamriel_data.esm    LIGH    t_com_var_candleblackred02_177
	tamriel_data.esm    LIGH    t_com_var_candleblackred02_64
	tamriel_data.esm    LIGH    t_com_var_candleblackred02_77
	tamriel_data.esm    LIGH    t_com_var_candleblackred03_128
	tamriel_data.esm    LIGH    t_com_var_candleblackred03_177
	tamriel_data.esm    LIGH    t_com_var_candleblackred03_64
	tamriel_data.esm    LIGH    t_com_var_candleblackred03_77
	tamriel_data.esm    LIGH    t_com_var_candleblackred04_128
	tamriel_data.esm    LIGH    t_com_var_candleblackred04_177
	tamriel_data.esm    LIGH    t_com_var_candleblackred04_64
	tamriel_data.esm    LIGH    t_com_var_candleblackred04_77
	tamriel_data.esm    LIGH    t_com_var_candleblue01_128
	tamriel_data.esm    LIGH    t_com_var_candleblue01_64
	tamriel_data.esm    LIGH    t_com_var_candleblue01_77
	tamriel_data.esm    LIGH    t_com_var_candleblue02_128
	tamriel_data.esm    LIGH    t_com_var_candleblue02_64
	tamriel_data.esm    LIGH    t_com_var_candleblue02_77
	tamriel_data.esm    LIGH    t_com_var_candleblue03_128
	tamriel_data.esm    LIGH    t_com_var_candleblue03_64
	tamriel_data.esm    LIGH    t_com_var_candleblue03_77
	tamriel_data.esm    LIGH    t_com_var_candleblue04_128
	tamriel_data.esm    LIGH    t_com_var_candleblue04_64
	tamriel_data.esm    LIGH    t_com_var_candleblue04_77
	tamriel_data.esm    LIGH    t_com_var_candleblueblue01_128
	tamriel_data.esm    LIGH    t_com_var_candleblueblue01_177
	tamriel_data.esm    LIGH    t_com_var_candleblueblue01_64
	tamriel_data.esm    LIGH    t_com_var_candleblueblue01_77
	tamriel_data.esm    LIGH    t_com_var_candleblueblue02_128
	tamriel_data.esm    LIGH    t_com_var_candleblueblue02_177
	tamriel_data.esm    LIGH    t_com_var_candleblueblue02_64
	tamriel_data.esm    LIGH    t_com_var_candleblueblue02_77
	tamriel_data.esm    LIGH    t_com_var_candleblueblue03_128
	tamriel_data.esm    LIGH    t_com_var_candleblueblue03_177
	tamriel_data.esm    LIGH    t_com_var_candleblueblue03_64
	tamriel_data.esm    LIGH    t_com_var_candleblueblue03_77
	tamriel_data.esm    LIGH    t_com_var_candleblueblue04_128
	tamriel_data.esm    LIGH    t_com_var_candleblueblue04_177
	tamriel_data.esm    LIGH    t_com_var_candleblueblue04_64
	tamriel_data.esm    LIGH    t_com_var_candleblueblue04_77
	tamriel_data.esm    LIGH    t_com_var_candlegreen01_128
	tamriel_data.esm    LIGH    t_com_var_candlegreen01_64
	tamriel_data.esm    LIGH    t_com_var_candlegreen01_77
	tamriel_data.esm    LIGH    t_com_var_candlegreen02_128
	tamriel_data.esm    LIGH    t_com_var_candlegreen02_64
	tamriel_data.esm    LIGH    t_com_var_candlegreen02_77
	tamriel_data.esm    LIGH    t_com_var_candlegreen03_128
	tamriel_data.esm    LIGH    t_com_var_candlegreen03_64
	tamriel_data.esm    LIGH    t_com_var_candlegreen03_77
	tamriel_data.esm    LIGH    t_com_var_candlegreen04_128
	tamriel_data.esm    LIGH    t_com_var_candlegreen04_64
	tamriel_data.esm    LIGH    t_com_var_candlegreen04_77
	tamriel_data.esm    LIGH    t_com_var_candlepurple01_128
	tamriel_data.esm    LIGH    t_com_var_candlepurple01_64
	tamriel_data.esm    LIGH    t_com_var_candlepurple01_77
	tamriel_data.esm    LIGH    t_com_var_candlepurple02_128
	tamriel_data.esm    LIGH    t_com_var_candlepurple02_64
	tamriel_data.esm    LIGH    t_com_var_candlepurple02_77
	tamriel_data.esm    LIGH    t_com_var_candlepurple03_128
	tamriel_data.esm    LIGH    t_com_var_candlepurple03_64
	tamriel_data.esm    LIGH    t_com_var_candlepurple03_77
	tamriel_data.esm    LIGH    t_com_var_candlepurple04_128
	tamriel_data.esm    LIGH    t_com_var_candlepurple04_64
	tamriel_data.esm    LIGH    t_com_var_candlepurple04_77
	tamriel_data.esm    LIGH    t_com_var_candlered01_128
	tamriel_data.esm    LIGH    t_com_var_candlered01_64
	tamriel_data.esm    LIGH    t_com_var_candlered01_77
	tamriel_data.esm    LIGH    t_com_var_candlered02_128
	tamriel_data.esm    LIGH    t_com_var_candlered02_64
	tamriel_data.esm    LIGH    t_com_var_candlered02_77
	tamriel_data.esm    LIGH    t_com_var_candlered03_128
	tamriel_data.esm    LIGH    t_com_var_candlered03_64
	tamriel_data.esm    LIGH    t_com_var_candlered03_77
	tamriel_data.esm    LIGH    t_com_var_candlered04_128
	tamriel_data.esm    LIGH    t_com_var_candlered04_64
	tamriel_data.esm    LIGH    t_com_var_candlered04_77
	tamriel_data.esm    LIGH    t_com_var_candleredred01_128
	tamriel_data.esm    LIGH    t_com_var_candleredred01_177
	tamriel_data.esm    LIGH    t_com_var_candleredred01_64
	tamriel_data.esm    LIGH    t_com_var_candleredred01_77
	tamriel_data.esm    LIGH    t_com_var_candleredred02_128
	tamriel_data.esm    LIGH    t_com_var_candleredred02_177
	tamriel_data.esm    LIGH    t_com_var_candleredred02_64
	tamriel_data.esm    LIGH    t_com_var_candleredred02_77
	tamriel_data.esm    LIGH    t_com_var_candleredred03_128
	tamriel_data.esm    LIGH    t_com_var_candleredred03_177
	tamriel_data.esm    LIGH    t_com_var_candleredred03_64
	tamriel_data.esm    LIGH    t_com_var_candleredred03_77
	tamriel_data.esm    LIGH    t_com_var_candleredred04_128
	tamriel_data.esm    LIGH    t_com_var_candleredred04_177
	tamriel_data.esm    LIGH    t_com_var_candleredred04_64
	tamriel_data.esm    LIGH    t_com_var_candleredred04_77
	tamriel_data.esm    LIGH    t_com_var_candlewhite01_128
	tamriel_data.esm    LIGH    t_com_var_candlewhite01_64
	tamriel_data.esm    LIGH    t_com_var_candlewhite01_77
	tamriel_data.esm    LIGH    t_com_var_candlewhite02_128
	tamriel_data.esm    LIGH    t_com_var_candlewhite02_64
	tamriel_data.esm    LIGH    t_com_var_candlewhite02_77
	tamriel_data.esm    LIGH    t_com_var_candlewhite03_128
	tamriel_data.esm    LIGH    t_com_var_candlewhite03_64
	tamriel_data.esm    LIGH    t_com_var_candlewhite03_77
	tamriel_data.esm    LIGH    t_com_var_candlewhite04_128
	tamriel_data.esm    LIGH    t_com_var_candlewhite04_64
	tamriel_data.esm    LIGH    t_com_var_candlewhite04_77
	tamriel_data.esm    LIGH    t_com_var_tikidonotuse01_128
	tamriel_data.esm    LIGH    t_com_var_tikidonotuse01_256
	tamriel_data.esm    LIGH    t_com_var_tikidonotuse01_512
	tamriel_data.esm    LIGH    t_com_var_tikitorch_01
	tamriel_data.esm    LIGH    t_dae_kha_lampblue_128_uni
	tamriel_data.esm    LIGH    t_dae_kha_lampblue_177_uni
	tamriel_data.esm    LIGH    t_dae_kha_lampblue_256_uni
	tamriel_data.esm    LIGH    t_dae_voun_firered_256_uni
	tamriel_data.esm    LIGH    t_dae_voun_lampred_256_uni
	tamriel_data.esm    LIGH    t_dae_ward_light_a_01
	tamriel_data.esm    LIGH    t_dae_ward_light_b_01
	tamriel_data.esm    LIGH    t_dae_ward_light_c_01
	tamriel_data.esm    LIGH    t_dae_ward_light_d_01
	tamriel_data.esm    LIGH    t_dae_ward_light_e_01
	tamriel_data.esm    LIGH    t_dae_ward_light_f_01
	tamriel_data.esm    LIGH    t_dae_ward_light_g_01
	tamriel_data.esm    LIGH    t_dae_ward_light_h_01
	tamriel_data.esm    LIGH    t_dae_ward_light_i_01
	tamriel_data.esm    LIGH    t_dae_ward_light_j_01
	tamriel_data.esm    LIGH    t_dae_ward_light_k_01
	tamriel_data.esm    LIGH    t_dae_ward_light_l_01
	tamriel_data.esm    LIGH    t_dae_ward_light_m_01
	tamriel_data.esm    LIGH    t_dae_ward_light_n_01
	tamriel_data.esm    LIGH    t_dae_ward_light_o_01
	tamriel_data.esm    LIGH    t_dae_ward_light_p_01
	tamriel_data.esm    LIGH    t_dae_ward_light_q_01
	tamriel_data.esm    LIGH    t_dae_ward_light_r_01
	tamriel_data.esm    LIGH    t_dae_ward_light_s_01
	tamriel_data.esm    LIGH    t_dae_ward_light_t_01
	tamriel_data.esm    LIGH    t_dae_ward_light_u_01
	tamriel_data.esm    LIGH    t_dae_ward_light_v_01
	tamriel_data.esm    LIGH    t_dae_ward_light_w_01
	tamriel_data.esm    LIGH    t_dae_ward_light_z_01
	tamriel_data.esm    LIGH    t_de_furn_hanglightblue_01_128
	tamriel_data.esm    LIGH    t_de_furn_hanglightblue_01_177
	tamriel_data.esm    LIGH    t_de_furn_hanglightblue_01_256
	tamriel_data.esm    LIGH    t_de_furn_hanglightblue_01_64
	tamriel_data.esm    LIGH    t_de_setind_lampstreet01_off
	tamriel_data.esm    LIGH    t_de_setind_lantern01_128
	tamriel_data.esm    LIGH    t_de_setind_lantern01_256
	tamriel_data.esm    LIGH    t_de_setind_lantern02_256
	tamriel_data.esm    LIGH    t_de_setind_lantern03_256
	tamriel_data.esm    LIGH    t_de_setind_lantern04_128
	tamriel_data.esm    LIGH    t_de_setind_lanterngreen01_128
	tamriel_data.esm    LIGH    t_de_setind_lanterngreen02_128
	tamriel_data.esm    LIGH    t_de_setind_lanterngreen03_128
	tamriel_data.esm    LIGH    t_de_setind_lanternpurple01_128
	tamriel_data.esm    LIGH    t_de_setind_lanternpurple02_128
	tamriel_data.esm    LIGH    t_de_setind_lanternpurple03_128
	tamriel_data.esm    LIGH    t_de_setind_lanternrope01_256
	tamriel_data.esm    LIGH    t_de_setind_lanternwhite01_128
	tamriel_data.esm    LIGH    t_de_setind_lanternwhite02_128
	tamriel_data.esm    LIGH    t_de_setind_lanternwhite03_128
	tamriel_data.esm    LIGH    t_de_var_lanternblue01_128
	tamriel_data.esm    LIGH    t_de_var_lanternblue01_177
	tamriel_data.esm    LIGH    t_de_var_lanternblue01_256
	tamriel_data.esm    LIGH    t_de_var_lanternblue01_64
	tamriel_data.esm    LIGH    t_de_var_lanternblue01_off
	tamriel_data.esm    LIGH    t_de_var_lanternblue02_128
	tamriel_data.esm    LIGH    t_de_var_lanternblue02_177
	tamriel_data.esm    LIGH    t_de_var_lanternblue02_256
	tamriel_data.esm    LIGH    t_de_var_lanternblue02_256_r
	tamriel_data.esm    LIGH    t_de_var_lanternblue02_64
	tamriel_data.esm    LIGH    t_de_var_lanternblue02_off
	tamriel_data.esm    LIGH    t_de_var_lanternblue03_128
	tamriel_data.esm    LIGH    t_de_var_lanternblue03_177
	tamriel_data.esm    LIGH    t_de_var_lanternblue03_256
	tamriel_data.esm    LIGH    t_de_var_lanternblue03_256_r
	tamriel_data.esm    LIGH    t_de_var_lanternblue03_64
	tamriel_data.esm    LIGH    t_de_var_lanternblue03_off
	tamriel_data.esm    LIGH    t_de_var_lanternblue04_128
	tamriel_data.esm    LIGH    t_de_var_lanternblue04_177
	tamriel_data.esm    LIGH    t_de_var_lanternblue04_256
	tamriel_data.esm    LIGH    t_de_var_lanternblue04_64
	tamriel_data.esm    LIGH    t_de_var_lanternblue04_off
	tamriel_data.esm    LIGH    t_de_var_lanternblue05_128
	tamriel_data.esm    LIGH    t_de_var_lanternblue05_177
	tamriel_data.esm    LIGH    t_de_var_lanternblue05_256
	tamriel_data.esm    LIGH    t_de_var_lanternblue05_256_r
	tamriel_data.esm    LIGH    t_de_var_lanternblue05_64
	tamriel_data.esm    LIGH    t_de_var_lanternblue05_off
	tamriel_data.esm    LIGH    t_de_var_lanternglassgrn01_128
	tamriel_data.esm    LIGH    t_de_var_lanternglassred01_128r
	tamriel_data.esm    LIGH    t_de_var_lanternglassyel01_128
	tamriel_data.esm    LIGH    t_de_var_lanterngreen01_128
	tamriel_data.esm    LIGH    t_de_var_lanterngreen01_177
	tamriel_data.esm    LIGH    t_de_var_lanterngreen01_256
	tamriel_data.esm    LIGH    t_de_var_lanterngreen01_64
	tamriel_data.esm    LIGH    t_de_var_lanterngreen01_off
	tamriel_data.esm    LIGH    t_de_var_lanterngreen02_128
	tamriel_data.esm    LIGH    t_de_var_lanterngreen02_177
	tamriel_data.esm    LIGH    t_de_var_lanterngreen02_256
	tamriel_data.esm    LIGH    t_de_var_lanterngreen02_256_r
	tamriel_data.esm    LIGH    t_de_var_lanterngreen02_64
	tamriel_data.esm    LIGH    t_de_var_lanterngreen02_off
	tamriel_data.esm    LIGH    t_de_var_lanterngreen03_128
	tamriel_data.esm    LIGH    t_de_var_lanterngreen03_177
	tamriel_data.esm    LIGH    t_de_var_lanterngreen03_256
	tamriel_data.esm    LIGH    t_de_var_lanterngreen03_256_r
	tamriel_data.esm    LIGH    t_de_var_lanterngreen03_64
	tamriel_data.esm    LIGH    t_de_var_lanterngreen03_off
	tamriel_data.esm    LIGH    t_de_var_lanterngreen04_128
	tamriel_data.esm    LIGH    t_de_var_lanterngreen04_177
	tamriel_data.esm    LIGH    t_de_var_lanterngreen04_256
	tamriel_data.esm    LIGH    t_de_var_lanterngreen04_64
	tamriel_data.esm    LIGH    t_de_var_lanterngreen04_off
	tamriel_data.esm    LIGH    t_de_var_lanterngreen05_128
	tamriel_data.esm    LIGH    t_de_var_lanterngreen05_177
	tamriel_data.esm    LIGH    t_de_var_lanterngreen05_256
	tamriel_data.esm    LIGH    t_de_var_lanterngreen05_256_r
	tamriel_data.esm    LIGH    t_de_var_lanterngreen05_64
	tamriel_data.esm    LIGH    t_de_var_lanterngreen05_off
	tamriel_data.esm    LIGH    t_de_var_lanternpurple01_128
	tamriel_data.esm    LIGH    t_de_var_lanternpurple01_177
	tamriel_data.esm    LIGH    t_de_var_lanternpurple01_256
	tamriel_data.esm    LIGH    t_de_var_lanternpurple01_64
	tamriel_data.esm    LIGH    t_de_var_lanternpurple01_off
	tamriel_data.esm    LIGH    t_de_var_lanternpurple02_128
	tamriel_data.esm    LIGH    t_de_var_lanternpurple02_177
	tamriel_data.esm    LIGH    t_de_var_lanternpurple02_256
	tamriel_data.esm    LIGH    t_de_var_lanternpurple02_256_r
	tamriel_data.esm    LIGH    t_de_var_lanternpurple02_64
	tamriel_data.esm    LIGH    t_de_var_lanternpurple02_off
	tamriel_data.esm    LIGH    t_de_var_lanternpurple03_128
	tamriel_data.esm    LIGH    t_de_var_lanternpurple03_177
	tamriel_data.esm    LIGH    t_de_var_lanternpurple03_256
	tamriel_data.esm    LIGH    t_de_var_lanternpurple03_256_r
	tamriel_data.esm    LIGH    t_de_var_lanternpurple03_64
	tamriel_data.esm    LIGH    t_de_var_lanternpurple03_off
	tamriel_data.esm    LIGH    t_de_var_lanternpurple04_128
	tamriel_data.esm    LIGH    t_de_var_lanternpurple04_177
	tamriel_data.esm    LIGH    t_de_var_lanternpurple04_256
	tamriel_data.esm    LIGH    t_de_var_lanternpurple04_64
	tamriel_data.esm    LIGH    t_de_var_lanternpurple04_off
	tamriel_data.esm    LIGH    t_de_var_lanternpurple05_128
	tamriel_data.esm    LIGH    t_de_var_lanternpurple05_177
	tamriel_data.esm    LIGH    t_de_var_lanternpurple05_256
	tamriel_data.esm    LIGH    t_de_var_lanternpurple05_256_r
	tamriel_data.esm    LIGH    t_de_var_lanternpurple05_64
	tamriel_data.esm    LIGH    t_de_var_lanternpurple05_off
	tamriel_data.esm    LIGH    t_de_var_lanternred05_128
	tamriel_data.esm    LIGH    t_de_var_lanternred05_177
	tamriel_data.esm    LIGH    t_de_var_lanternred05_256
	tamriel_data.esm    LIGH    t_de_var_lanternred05_64
	tamriel_data.esm    LIGH    t_de_var_lanternred05_off
	tamriel_data.esm    LIGH    t_de_var_lanternwhite05_128
	tamriel_data.esm    LIGH    t_de_var_lanternwhite05_177
	tamriel_data.esm    LIGH    t_de_var_lanternwhite05_256
	tamriel_data.esm    LIGH    t_de_var_lanternwhite05_64
	tamriel_data.esm    LIGH    t_de_var_lanternwhite05_off
	tamriel_data.esm    LIGH    t_de_var_lanternyellow01_128
	tamriel_data.esm    LIGH    t_de_var_lanternyellow01_177
	tamriel_data.esm    LIGH    t_de_var_lanternyellow01_256
	tamriel_data.esm    LIGH    t_de_var_lanternyellow01_64
	tamriel_data.esm    LIGH    t_de_var_lanternyellow01_off
	tamriel_data.esm    LIGH    t_de_var_lanternyellow02_128
	tamriel_data.esm    LIGH    t_de_var_lanternyellow02_177
	tamriel_data.esm    LIGH    t_de_var_lanternyellow02_256
	tamriel_data.esm    LIGH    t_de_var_lanternyellow02_256_r
	tamriel_data.esm    LIGH    t_de_var_lanternyellow02_64
	tamriel_data.esm    LIGH    t_de_var_lanternyellow02_off
	tamriel_data.esm    LIGH    t_de_var_lanternyellow03_128
	tamriel_data.esm    LIGH    t_de_var_lanternyellow03_177
	tamriel_data.esm    LIGH    t_de_var_lanternyellow03_256
	tamriel_data.esm    LIGH    t_de_var_lanternyellow03_256_r
	tamriel_data.esm    LIGH    t_de_var_lanternyellow03_64
	tamriel_data.esm    LIGH    t_de_var_lanternyellow03_off
	tamriel_data.esm    LIGH    t_de_var_lanternyellow04_128
	tamriel_data.esm    LIGH    t_de_var_lanternyellow04_177
	tamriel_data.esm    LIGH    t_de_var_lanternyellow04_256
	tamriel_data.esm    LIGH    t_de_var_lanternyellow04_64
	tamriel_data.esm    LIGH    t_de_var_lanternyellow04_off
	tamriel_data.esm    LIGH    t_de_var_lanternyellow05_128
	tamriel_data.esm    LIGH    t_de_var_lanternyellow05_177
	tamriel_data.esm    LIGH    t_de_var_lanternyellow05_256
	tamriel_data.esm    LIGH    t_de_var_lanternyellow05_256_r
	tamriel_data.esm    LIGH    t_de_var_lanternyellow05_64
	tamriel_data.esm    LIGH    t_de_var_lanternyellow05_off
	tamriel_data.esm    LIGH    t_de_var_swimlantblue01_177
	tamriel_data.esm    LIGH    t_de_var_swimlantblue01fl_177
	tamriel_data.esm    LIGH    t_de_var_swimlantcyan01_177
	tamriel_data.esm    LIGH    t_de_var_swimlantcyan01fl_177
	tamriel_data.esm    LIGH    t_de_var_swimlantgreen01_177
	tamriel_data.esm    LIGH    t_de_var_swimlantgreen01fl_177
	tamriel_data.esm    LIGH    t_de_var_swimlantorange01_177
	tamriel_data.esm    LIGH    t_de_var_swimlantorange01fl_177
	tamriel_data.esm    LIGH    t_de_var_swimlantpurple01_177
	tamriel_data.esm    LIGH    t_de_var_swimlantpurple01fl_177
	tamriel_data.esm    LIGH    t_de_var_swimlantred01_177
	tamriel_data.esm    LIGH    t_de_var_swimlantred01fl_177
	tamriel_data.esm    LIGH    t_de_var_swimlantwhite01_177
	tamriel_data.esm    LIGH    t_de_var_swimlantwhite01fl_177
	tamriel_data.esm    LIGH    t_de_var_swimlantyellow01_177
	tamriel_data.esm    LIGH    t_de_var_swimlantyellow01fl_177
	tamriel_data.esm    LIGH    t_dwe_dngruin_neon01_128
	tamriel_data.esm    LIGH    t_dwe_dngruin_neon01_177
	tamriel_data.esm    LIGH    t_dwe_dngruin_neon01_280
	tamriel_data.esm    LIGH    t_dwe_dngruin_neon02_128
	tamriel_data.esm    LIGH    t_dwe_dngruin_neon02_177
	tamriel_data.esm    LIGH    t_dwe_dngruin_neon02_280
	tamriel_data.esm    LIGH    t_dwe_dngruin_neonbrk01_128_flk
	tamriel_data.esm    LIGH    t_dwe_dngruin_neonbrk01_128_pls
	tamriel_data.esm    LIGH    t_dwe_dngruin_neonbrk01_256_flk
	tamriel_data.esm    LIGH    t_dwe_dngruin_neonbrk01_256_pls
	tamriel_data.esm    LIGH    t_dwe_dngruin_neonbrk01_off
	tamriel_data.esm    LIGH    t_dwe_dngruin_neonbrk02_128_flk
	tamriel_data.esm    LIGH    t_dwe_dngruin_neonbrk02_128_pls
	tamriel_data.esm    LIGH    t_dwe_dngruin_neonbrk02_256_flk
	tamriel_data.esm    LIGH    t_dwe_dngruin_neonbrk02_256_pls
	tamriel_data.esm    LIGH    t_dwe_dngruin_neonbrk02_off
	tamriel_data.esm    LIGH    t_glb_light_caveray01_400
	tamriel_data.esm    LIGH    t_glb_light_caveray02_400
	tamriel_data.esm    LIGH    t_glb_light_caveray03_256
	tamriel_data.esm    LIGH    t_glb_light_caveray04_400
	tamriel_data.esm    LIGH    t_glb_light_caveray05_256
	tamriel_data.esm    LIGH    t_glb_light_caveray06_256
	tamriel_data.esm    LIGH    t_glb_light_caveray07_256
	tamriel_data.esm    LIGH    t_glb_light_caveray08_512
	tamriel_data.esm    LIGH    t_glb_light_caveray09_512
	tamriel_data.esm    LIGH    t_glb_light_caveray10_512
	tamriel_data.esm    LIGH    t_glb_light_caveray11_512
	tamriel_data.esm    LIGH    t_glb_light_caveray12_256
	tamriel_data.esm    LIGH    t_he_dngdirenni_lanterncandl_01
	tamriel_data.esm    LIGH    t_he_dngdirenni_lanterncandl_02
	tamriel_data.esm    LIGH    t_he_dngdirenni_welkynd01_50
	tamriel_data.esm    LIGH    t_imp_dngruincyr_braz01_128
	tamriel_data.esm    LIGH    t_imp_dngruincyr_braz01_177
	tamriel_data.esm    LIGH    t_imp_dngruincyr_braz01_off
	tamriel_data.esm    LIGH    t_imp_dngruincyr_braz02_128
	tamriel_data.esm    LIGH    t_imp_dngruincyr_braz02_177
	tamriel_data.esm    LIGH    t_imp_dngruincyr_braz02_off
	tamriel_data.esm    LIGH    t_imp_dngruinsky_braz01_128
	tamriel_data.esm    LIGH    t_imp_dngruinsky_braz01_177
	tamriel_data.esm    LIGH    t_imp_dngruinsky_braz01_off
	tamriel_data.esm    LIGH    t_imp_dngruinsky_braz02_128
	tamriel_data.esm    LIGH    t_imp_dngruinsky_braz02_177
	tamriel_data.esm    LIGH    t_imp_dngruinsky_braz02_off
	tamriel_data.esm    LIGH    t_imp_legioncyr_braz_01
	tamriel_data.esm    LIGH    t_imp_legioncyr_braz_02
	tamriel_data.esm    LIGH    t_imp_legionmw_braz_01
	tamriel_data.esm    LIGH    t_imp_legionmw_braz_02
	tamriel_data.esm    LIGH    t_imp_legionsky_braz_01
	tamriel_data.esm    LIGH    t_imp_legionsky_braz_02
	tamriel_data.esm    LIGH    t_imp_var_collantern01_128
	tamriel_data.esm    LIGH    t_imp_var_collantern01_256
	tamriel_data.esm    LIGH    t_imp_var_collantern02_128
	tamriel_data.esm    LIGH    t_imp_var_collantern02_256
	tamriel_data.esm    LIGH    t_imp_var_collantern02_off
	tamriel_data.esm    LIGH    t_imp_var_collantern03_128
	tamriel_data.esm    LIGH    t_imp_var_collantern03_256
	tamriel_data.esm    LIGH    t_imp_var_collantern03_off
	tamriel_data.esm    LIGH    t_imp_var_collantern04_128
	tamriel_data.esm    LIGH    t_imp_var_collantern04_256
	tamriel_data.esm    LIGH    t_imp_var_collantern04_off
	tamriel_data.esm    LIGH    t_imp_var_collantern05_128
	tamriel_data.esm    LIGH    t_imp_var_collantern05_256
	tamriel_data.esm    LIGH    t_imp_var_collantern05_off
	tamriel_data.esm    LIGH    t_imp_var_collanternsmall01_128
	tamriel_data.esm    LIGH    t_imp_var_collanternsmall01_64
	tamriel_data.esm    LIGH    t_imp_var_collanternsmall01_77
	tamriel_data.esm    LIGH    t_imp_var_collanternsmall02_128
	tamriel_data.esm    LIGH    t_imp_var_collanternsmall02_64
	tamriel_data.esm    LIGH    t_imp_var_collanternsmall02_77
	tamriel_data.esm    LIGH    t_imp_var_colstreetlight_01
	tamriel_data.esm    LIGH    t_imp_var_colstreetlight_02
	tamriel_data.esm    LIGH    t_imp_var_goldcandle01_128
	tamriel_data.esm    LIGH    t_imp_var_goldcandle01_64
	tamriel_data.esm    LIGH    t_imp_var_goldcandle02_128
	tamriel_data.esm    LIGH    t_imp_var_goldcandle02_64
	tamriel_data.esm    LIGH    t_nor_dngbarrow_candstndc01_128
	tamriel_data.esm    LIGH    t_nor_dngbarrow_chandeldc01_256
	tamriel_data.esm    LIGH    t_nor_furn_candlestand01_128
	tamriel_data.esm    LIGH    t_nor_furn_candlestand01_256
	tamriel_data.esm    LIGH    t_nor_furn_candlestand01_64
	tamriel_data.esm    LIGH    t_nor_furn_chandelier01_128
	tamriel_data.esm    LIGH    t_nor_furn_chandelier01_256
	tamriel_data.esm    LIGH    t_nor_furn_chandelier01_64
	tamriel_data.esm    LIGH    t_nor_furn_chandelier02_128
	tamriel_data.esm    LIGH    t_nor_furn_chandelier02_256
	tamriel_data.esm    LIGH    t_nor_furn_chandelier02_64
	tamriel_data.esm    LIGH    t_nor_furn_chandelier03_128
	tamriel_data.esm    LIGH    t_nor_furn_chandelier03_256
	tamriel_data.esm    LIGH    t_nor_furn_chandelier03_64
	tamriel_data.esm    LIGH    t_nor_furn_sconce01_128
	tamriel_data.esm    LIGH    t_nor_furn_sconce01_256
	tamriel_data.esm    LIGH    t_nor_furn_sconce01_64
	tamriel_data.esm    LIGH    t_nor_furn_sconce02_128
	tamriel_data.esm    LIGH    t_nor_furn_sconce02_256
	tamriel_data.esm    LIGH    t_nor_furn_sconce02_64
	tamriel_data.esm    LIGH    t_nor_var_lantern_01
	tamriel_data.esm    LIGH    t_nor_var_lanternstat_01
	tamriel_data.esm    LIGH    t_orc_var_lantern_01
	tamriel_data.esm    LIGH    t_orc_var_lantern_02
	tamriel_data.esm    LIGH    t_rga_furn_burner01_128
	tamriel_data.esm    LIGH    t_rga_furn_burner01_64
	tamriel_data.esm    LIGH    t_rga_furn_burner02_128
	tamriel_data.esm    LIGH    t_rga_furn_burner02_64
	tamriel_data.esm    LIGH    t_rga_furn_burnerwall01_128
	tamriel_data.esm    LIGH    t_rga_furn_burnerwall01_256
	tamriel_data.esm    LIGH    t_rga_furn_burnerwall01_64
	tamriel_data.esm    LIGH    t_rga_furn_burnerwall02_128
	tamriel_data.esm    LIGH    t_rga_furn_burnerwall02_256
	tamriel_data.esm    LIGH    t_rga_furn_burnerwall02_64
	tamriel_data.esm    LIGH    t_rga_furn_lanternbrass01_128
	tamriel_data.esm    LIGH    t_rga_furn_lanternbrass01_256
	tamriel_data.esm    LIGH    t_rga_furn_lanternbrass01_512
	tamriel_data.esm    LIGH    t_rga_furn_lanternbrass01_off
	tamriel_data.esm    LIGH    t_rga_set_lampstreetbrass01_256
	tamriel_data.esm    LIGH    t_rga_set_lampstreetbrass01_512
	tamriel_data.esm    LIGH    t_rga_set_lampstreetbrass01_off
	tamriel_data.esm    LIGH    t_rga_var_bronzelamp_128
	tamriel_data.esm    LIGH    t_rga_var_bronzelamp_256
	tamriel_data.esm    LIGH    t_rga_var_bronzelamp_64
	tribunal.esm        LIGH    light_bar1_unique
	tribunal.esm        LIGH    light_bar2_unique
	tribunal.esm        LIGH    light_bar3_unique
	tribunal.esm        LIGH    light_bar4_unique
	tribunal.esm        LIGH    light_bar5_unique
	tribunal.esm        LIGH    light_bar6_unique
	tribunal.esm        LIGH    light_bar7_unique
	tribunal.esm        LIGH    light_bar8_unique
	tribunal.esm        LIGH    light_com_candle_10_128
	tribunal.esm        LIGH    light_com_torch_01_256
	tribunal.esm        LIGH    light_com_torch_01_uni
	tribunal.esm        LIGH    light_com_torch_burnedout_uni
	tribunal.esm        LIGH    light_de_lantern_03_700_sway
	tribunal.esm        LIGH    light_dwe_bulb00
	tribunal.esm        LIGH    light_logpile_uni
	tribunal.esm        LIGH    light_mh_rope_lantern
	tribunal.esm        LIGH    light_mh_streetlamp_01
	tribunal.esm        LIGH    light_mh_streetlamp_01_550
	tribunal.esm        LIGH    light_mh_streetlamp_01_750
	tribunal.esm        LIGH    light_om_brazier
	tribunal.esm        LIGH    light_om_censure
	tribunal.esm        LIGH    light_sotha_fire_unique1
	tribunal.esm        LIGH    light_sotha_fire_unique2
	tribunal.esm        LIGH    light_sotha_fire_unique3
	tribunal.esm        LIGH    light_sotha_lantern
	tribunal.esm        LIGH    light_sotha_sparks
	tribunal.esm        LIGH    light_sotha_sparks_hi
	tribunal.esm        LIGH    light_tikitorch00_uni
