hm-grass-mainland-GROUNDCOVER.esp: DUP-REC MASTERS MISSAUT MISSVER OVR-REC
    MASTERS: out of sync with the masters installed in your Data Files directory:
	Tamriel_Data.esm            10684550 (plugin)   11064795 (installed size)
	TR_Mainland.esm            163703637 (plugin)  163244128 (installed size)
    [OVR-REC] Overridden Records:
	From Master         Type    Name
	bloodmoon.esm       STAT    flora_bm_grass_01
	bloodmoon.esm       STAT    flora_bm_grass_02
	bloodmoon.esm       STAT    flora_bm_grass_03
	bloodmoon.esm       STAT    flora_bm_grass_04
	bloodmoon.esm       STAT    flora_bm_grass_05
	bloodmoon.esm       STAT    flora_bm_grass_06
	bloodmoon.esm       STAT    flora_bm_shrub_01
	bloodmoon.esm       STAT    flora_bm_shrub_02
	bloodmoon.esm       STAT    flora_bm_shrub_03
	morrowind.esm       STAT    flora_ash_grass_b_01
	morrowind.esm       STAT    flora_ash_grass_r_01
	morrowind.esm       STAT    flora_ash_grass_w_01
	morrowind.esm       STAT    flora_bc_fern_02
	morrowind.esm       STAT    flora_bc_fern_03
	morrowind.esm       STAT    flora_bc_fern_04
	morrowind.esm       STAT    flora_bc_grass_01
	morrowind.esm       STAT    flora_bc_grass_02
	morrowind.esm       STAT    flora_bc_lilypad
	morrowind.esm       STAT    flora_bc_lilypad_02
	morrowind.esm       STAT    flora_bc_lilypad_03
	morrowind.esm       STAT    flora_grass_01
	morrowind.esm       STAT    flora_grass_02
	morrowind.esm       STAT    flora_grass_03
	morrowind.esm       STAT    flora_grass_04
	morrowind.esm       STAT    flora_kelp_01
	morrowind.esm       STAT    flora_kelp_02
	morrowind.esm       STAT    flora_kelp_03
	morrowind.esm       STAT    flora_kelp_04
	morrowind.esm       STAT    in_cave_plant00
	morrowind.esm       STAT    in_cave_plant10
	tamriel_data.esm    STAT    t_glb_flora_fern_01
	tamriel_data.esm    STAT    t_glb_flora_fern_02
	tamriel_data.esm    STAT    t_mw_floraat_lilypadorange_01
	tamriel_data.esm    STAT    t_mw_floraat_lilypadorange_02
	tamriel_data.esm    STAT    t_mw_floraat_lilypadorange_03
	tamriel_data.esm    STAT    t_mw_floraat_spartiumbealei_01
	tamriel_data.esm    STAT    t_mw_floraat_spartiumbealei_02
	tamriel_data.esm    STAT    t_mw_floraat_spartiumbealei_03
	tribunal.esm        STAT    flora_grass_05
	tribunal.esm        STAT    flora_grass_06
	tribunal.esm        STAT    flora_grass_07
