HotV - Gnisis (5).ESP: DUP-REC FOGBUG JUNKCEL MASTERS MENUMOD MISSAUT MISSDSC MISSVER OVR-REC
    MASTERS: out of sync with the masters installed in your Data Files directory:
	Tamriel_Data.esm             7824672 (plugin)   11064795 (installed size)
    [FOGBUG]: Cells with zero fog density setting:
	Gnisis, Dinadad Hut
    [MENUMOD] Scripts not checking menumode:
	SCPT(AA_Sermon_DF)
	SCPT(AA_Sermon_DN)
	SCPT(AA_SilenceBeneath)
	SCPT(AM_Reader1_DF)
	SCPT(AM_Reader1_DN)
    [JUNKCEL] Junk Cells:                        Flags
	Bitter Coast Region (-12, 1)             0x02
	Bitter Coast Region (-12, 2)             0x02
	Bitter Coast Region (-12, 3)             0x02
	Bitter Coast Region (-13, 1)             0x02
	Bitter Coast Region (-13, 2)             0x02
	Bitter Coast Region (-13, 3)             0x02
	Bitter Coast Region (-13, 4)             0x02
	Bitter Coast Region (-14, 2)             0x02
	Bitter Coast Region (-14, 4)             0x02
	Bitter Coast Region (-14, 5)             0x02
	West Gash Region (-10, 13)               0x02
	West Gash Region (-15, 7)                0x02
	West Gash Region (-16, 7)                0x02
	West Gash Region (-16, 8)                0x02
	Wilderness (-15, -8)                     0x02
	Wilderness (-19, 14)                     0x02
	Wilderness (-19, 15)                     0x02
	Wilderness (-20, 15)                     0x02
	Wilderness (-28, 24)                     0x02
	Wilderness (-29, 23)                     0x02
    [OVR-REC] Overridden Records:
	From Master         Type    Name
	bloodmoon.esm       LTEX    sand_02
	bloodmoon.esm       LTEX    wg_road
	morrowind.esm       LAND    (-10, 10)
	morrowind.esm       LAND    (-10, 11)
	morrowind.esm       LAND    (-10, 12)
	morrowind.esm       LAND    (-10, 13)
	morrowind.esm       LAND    (-11, 10)
	morrowind.esm       LAND    (-11, 11)
	morrowind.esm       LAND    (-11, 12)
	morrowind.esm       LAND    (-12, 10)
	morrowind.esm       LAND    (-12, 11)
	morrowind.esm       LAND    (-12, 12)
	morrowind.esm       LTEX    road dirt
	morrowind.esm       LTEX    scrub plain
	morrowind.esm       LTEX    tx_rock_wg_01.tga
	morrowind.esm       LTEX    tx_rockyscrub_01.tga
	morrowind.esm       LTEX    wg_cobblestones
	morrowind.esm       LTEX    wg_dirtroad_01
	morrowind.esm       LTEX    wg_dirtscrub
	morrowind.esm       LTEX    wg_mainroad_01
	morrowind.esm       LTEX    wg_rock
	morrowind.esm       LTEX    wg_rockydirt
	morrowind.esm       LTEX    wg_rockyscrub
	morrowind.esm       LTEX    wg_scrub plain
	morrowind.esm       NPC_    abishpulu shand
	morrowind.esm       NPC_    asha-ammu kutebani
	morrowind.esm       NPC_    ashuma-nud matluberib
	morrowind.esm       NPC_    athal nerano
	morrowind.esm       NPC_    clilias pullia
	morrowind.esm       NPC_    daras aryon
	morrowind.esm       NPC_    darvame hleran
	morrowind.esm       NPC_    dul gro-dush
	morrowind.esm       NPC_    ertius fulbenus
	morrowind.esm       NPC_    hainab lasamsi
	morrowind.esm       NPC_    hannabi zabynatus
	morrowind.esm       NPC_    hetman abelmawia
	morrowind.esm       NPC_    hinammu shishara
	morrowind.esm       NPC_    largakh gro-bulfim
	morrowind.esm       NPC_    maeonius man-llu
	morrowind.esm       NPC_    molvirian palenix
	morrowind.esm       NPC_    navam veran
	morrowind.esm       NPC_    seldus nerendus
	morrowind.esm       NPC_    servant arg male
	morrowind.esm       NPC_    shulki ashunbabi
	morrowind.esm       NPC_    ughash gro-batul
	morrowind.esm       NPC_    vatollia apo
	morrowind.esm       NPC_    zanmulk sammalamus
	morrowind.esm       NPC_    zebba benamamat
	morrowind.esm       PGRD    gnisis
	morrowind.esm       PGRD    gnisis, madach tradehouse
	morrowind.esm       PGRD    gnisis, temple
	morrowind.esm       PGRD    west gash region
	tribunal.esm        DIAL    background
	tribunal.esm        DIAL    greeting 5
	tribunal.esm        DIAL    greeting 7
	tribunal.esm        DIAL    my trade
	tribunal.esm        DIAL    services
	tribunal.esm        NPC_    mehra drora
