Huleen.esp: DUP-REC EVLGMST MISSVER OVR-REC
    [EVLGMST] Tribunal(11):
	TB scompanionshare
	TB scompanionwarningbuttonone
	TB scompanionwarningbuttontwo
	TB scompanionwarningmessage
	TB sdeletenote
	TB seffectsummonfabricant
	TB slevitatedisabled
	TB smagicfabricantid
	TB smaxsale
	TB sprofitvalue
	TB steleportdisabled
    [DUP-REC] Duplicate Records:
	From Master         Type    Name
	morrowind.esm       ACTI    active_de_p_bed_05
	morrowind.esm       CONT    de_p_chest_02_huleen
	morrowind.esm       CONT    de_p_desk_01_huleen
	tribunal.esm        MISC    misc_uni_pillow_01
    [OVR-REC] Overridden Records:
	From Master         Type    Name
	morrowind.esm       NPC_    an-zaw
	tribunal.esm        GMST    scompanionshare
	tribunal.esm        GMST    scompanionwarningbuttonone
	tribunal.esm        GMST    scompanionwarningbuttontwo
	tribunal.esm        GMST    scompanionwarningmessage
	tribunal.esm        GMST    sdeletenote
	tribunal.esm        GMST    seffectsummonfabricant
	tribunal.esm        GMST    slevitatedisabled
	tribunal.esm        GMST    smagicfabricantid
	tribunal.esm        GMST    smaxsale
	tribunal.esm        GMST    sprofitvalue
	tribunal.esm        GMST    steleportdisabled
