Idle Talk.ESP: DUP-INF DUP-REC MISSVER NUMRECS OVR-REC
    [NUMRECS]: number of records in TES3.HEDR (395) != Actual count (383)
    [OVR-REC] Overridden Records:
	From Master         Type    Name
	morrowind.esm       NPC_    redoran guard female
	tribunal.esm        DIAL    hello
	tribunal.esm        DIAL    idle

[DUP-INF]: ID=23631842969156635(Voice:hello)
  |DATA|RNAM:Imperial|SNAM:vo\i\m\Hlo_IM130.mp3|NAME:Ah, greetings. What shall we talk about?|SCVR:02sX3Random100|INTV:P|BNAM:;Random100>=80

[DUP-INF]: ID=39411199102423971(Voice:hello)
  |DATA|RNAM:Nord|SNAM:vo\n\m\Hlo_NM090.mp3|NAME:You've got the better of me. So go ahead.|SCVR:02sX3Random100|INTV:P|BNAM:;Random100>=80

[DUP-INF]: ID=163411342599219171(Voice:hello)
  |DATA|RNAM:Dark Elf|SNAM:vo\d\m\Hlo_DM072.mp3|NAME:Say what you want or go away.|SCVR:02sX3Random100|INTV:<|BNAM:;Random100>=60

[DUP-INF]: ID=216972799178891369(Voice:hello)
  |DATA|RNAM|SNAM:vo\d\f\Hlo_DF227.mp3|NAME:Where would you like to go?|BNAM:;Class=Caravaner

[DUP-INF]: ID=235905311525329570(Voice:hello)
  |DATA|RNAM:Dark Elf|FNAM:Ashlanders|SNAM:vo\d\m\Hlo_DM174.mp3|NAME:I can spare a few moments if you care to talk.|SCVR:02sX3Random100|INTV|BNAM:;Random100>=20

[DUP-INF]: ID=1068910603627723530(Voice:hello)
  |DATA|ONAM:urvel dulni|RNAM:Dark Elf|SNAM:Vo\d\m\tHlo_DM072.mp3|NAME:Oh, dear. Oh, m-m-my. Goddess protect me.|SCVR:04JX0TR_ShrineDead|INTV:(|BNAM:;young priest, frightened out of his wits

[DUP-INF]: ID=1485731119390129230(Voice:hello)
  |DATA|RNAM:Imperial|SNAM:Vo\i\m\Hlo_IM151.mp3|NAME:Hello there! How are you?

[DUP-INF]: ID=2266127555107146324(Voice:hello)
  |DATA|RNAM:Dark Elf|FNAM:Redoran|SNAM:vo\d\f\Hlo_DF226.mp3|NAME:What an unexpected surprise! Please, go ahead, outlander.|SCVR:02sX3Random100|INTV:P|BNAM:;Random100>=80

[DUP-INF]: ID=2313625645125613883(Voice:hello)
  |DATA|RNAM:Imperial|FNAM:Imperial Legion|SNAM:Vo\i\m\Hlo_IM122.mp3|NAME:What say you?|SCVR:01460|INTV

[DUP-INF]: ID=2517825622835821975(Voice:hello)
  |DATA|RNAM:Dark Elf|CNAM:Guard|FNAM:Temple|SNAM:Vo\ord\Hlo_ORM001.mp3|NAME:Grrrr.

[DUP-INF]: ID=2814817381737017174(Voice:hello)
  |DATA|RNAM:Nord|SNAM:vo\n\m\Hlo_NM091.mp3|NAME:Ho, outlander! What's your pleasure?

[DUP-INF]: ID=6633140862818921239(Voice:hello)
  |DATA|RNAM:Dark Elf|FNAM:Redoran|SNAM:vo\d\m\Hlo_DM179.mp3|NAME:Tell me what you want.|SCVR:02sX3Random100|INTV:(|BNAM:;Random100>=40

[DUP-INF]: ID=7314161983216229281(Voice:hello)
  |DATA|RNAM:Imperial|SNAM:vo\i\f\Hlo_IF129.mp3|NAME:You really should put something on.|SCVR:01425|INTV:|BNAM:;ClothingMod<=0

[DUP-INF]: ID=12745269472351418367(Voice:hello)
  |DATA|RNAM:Dark Elf|CNAM:Alchemist Service|SNAM:Vo\d\m\Srv_DM002.mp3|NAME

[DUP-INF]: ID=29183218981803517639(Voice:hello)
  |DATA|RNAM:Dark Elf|FNAM:Ashlanders|SNAM:vo\d\f\Hlo_DF171.mp3|NAME:Under sun and sky, outlander. We greet you warmly.|SCVR:02sX3Random100|INTV:(|BNAM:;Random100>=40

[DUP-INF]: ID=31142129882443025064(Voice:hello)
  |DATA|RNAM:Imperial|SNAM:Vo\i\f\Hlo_IF153.mp3|NAME:Greetings to you. A pleasure to meet you.|SCVR:02sX3Random100|INTV:P|BNAM:;Random100>=80
