Improved Inns Expanded - Entertainers.ESP: DUP-INF DUP-REC JUNKCEL MASTERS MENUMOD MISSAUT MISSDSC MISSVER MOD-INF MOD-IID OVR-REC
    MASTERS: out of sync with the masters installed in your Data Files directory:
	Tamriel_Data.esm             8787443 (plugin)   11064795 (installed size)
	OAAB_Data.esm                1314087 (plugin)    1567893 (installed size)
    [MENUMOD] Scripts not checking menumode:
	SCPT(AST_rentArille)
	SCPT(BINN_start_message)
	SCPT(HessionScript)
	SCPT(Pub_AldVelothi_Outpost)
	SCPT(Pub_Aldruhn_Council)
	SCPT(Pub_Aldruhn_Skar)
	SCPT(Pub_Balmora_Council)
	SCPT(Pub_Balmora_Eight)
	SCPT(Pub_Balmora_Lucky)
	SCPT(Pub_Balmora_South)
	SCPT(Pub_Caldera_Shenk)
	SCPT(Pub_DagonFel_End)
	SCPT(Pub_Ebon_Six)
	SCPT(Pub_Ghost_Dusk)
	SCPT(Pub_Gnisis_Madach)
	SCPT(Pub_Khuul_Thongar)
	SCPT(Pub_Maargan_Andus)
	SCPT(Pub_MolagMar_Hostel)
	SCPT(Pub_MolagMar_Pilgrim)
	SCPT(Pub_Pelagiad_Halfway)
	SCPT(Pub_RavenRock)
	SCPT(Pub_SMora_Faras)
	SCPT(Pub_Smora_Gateway)
	SCPT(Pub_Suran_Desele)
	SCPT(Pub_Suran_Trade)
	SCPT(Pub_TelAruhn_Plot)
	SCPT(Pub_TelBran_Sethan)
	SCPT(Pub_TelMora_Covenant)
	SCPT(Pub_Vivec_Black)
	SCPT(Pub_Vivec_Flower)
	SCPT(Pub_Vivec_Lizard)
	SCPT(Pub_Vos_Varo)
	SCPT(Pub_telaruhn_under)
	SCPT(hatScript)
    [JUNKCEL] Junk Cells:                        Flags
	Ascadian Isles Region (6, -8)            0x02
	Ashlands Region (-1, 6)                  0x02
	Ashlands Region (-1, 7)                  0x02
	Ashlands Region (-3, 18)                 0x02
	Ashlands Region (1, 4)                   0x02
	Ashlands Region (3, 4)                   0x02
	Azura's Coast Region (14, 6)             0x02
	Azura's Coast Region (15, -14)           0x02
	Azura's Coast Region (15, 6)             0x02
	Azura's Coast Region (17, 3)             0x02
	Azura's Coast Region (17, 6)             0x02
	Azura's Coast Region (18, 2)             0x02
	Azura's Coast Region (18, 5)             0x02
	Azura's Coast Region (19, 3)             0x02
	Red Mountain Region (2, 5)               0x02
	Red Mountain Region (3, 5)               0x02
	West Gash Region (-10, 10)               0x02
	West Gash Region (-10, 12)               0x02
	West Gash Region (-11, 12)               0x02
	West Gash Region (-12, 10)               0x02
	West Gash Region (-12, 11)               0x02
	West Gash Region (-12, 12)               0x02
	West Gash Region (-13, 12)               0x02
	West Gash Region (-3, -1)                0x02
	West Gash Region (-8, 16)                0x02
    [OVR-REC] Overridden Records:
	From Master         Type    Name
	morrowind.esm       ARMO    fur_colovian_helm
	morrowind.esm       NPC_    ashumanu eraishah
	morrowind.esm       NPC_    athal nerano
	morrowind.esm       NPC_    codus callonus
	morrowind.esm       NPC_    darvam hlaren
	morrowind.esm       NPC_    dorisa darvel
	morrowind.esm       NPC_    fenas madach
	morrowind.esm       NPC_    gaeldol
	morrowind.esm       NPC_    helviane desele
	morrowind.esm       NPC_    hjotra the peacock
	morrowind.esm       NPC_    jobasha
	morrowind.esm       NPC_    orns omaren
	morrowind.esm       NPC_    selkirnemus
	morrowind.esm       NPC_    simine fralinie
	morrowind.esm       NPC_    thongar
	morrowind.esm       NPC_    trivura arenim
	morrowind.esm       PGRD    ald-ruhn, council club
	morrowind.esm       PGRD    gnisis, madach tradehouse
	morrowind.esm       PGRD    molag mar, the pilgrim's rest
	tribunal.esm        DIAL    beds
	tribunal.esm        DIAL    greeting 1
	tribunal.esm        DIAL    greeting 5
	tribunal.esm        DIAL    greeting 7
	tribunal.esm        DIAL    latest rumors
	tribunal.esm        DIAL    little secret

[MOD-INF]: ID=264127616264709(Greeting:greeting 7)
  morrowind.esm----------------------------->|DATA|ONAM:burcanius varo|NAME:Good day. I'm Burcanius Varo, publican of the Varo Tradehouse here in Vos. We rent beds, and I have a limited selection of goods for barter. If you're new here, I can also tell you where to look for other services, or a specific place nearby. If you're looking  for someone in particular, I may be able to help.|BNAM:;Burcanius Varo
  Improved Inns Expanded - Entertainers.ESP->|DATA|ONAM:burcanius varo|NAME:Good day. I'm Burcanius Varo, publican of the Varo Tradehouse here in Vos. We rent beds, and I have a limited selection of goods for barter. If you're new here, I can also tell you where to look for other services, or a specific place nearby. If you're looking  for someone in particular, I may be able to help. Or do you want to entertain the patrons?|BNAM:;Burcanius Varo

[DUP-INF]: ID=4325609943702902(Topic:beds)
  |DATA|CNAM:Publican|NAME:Yes, we have one available. It's 10 gold for the rest of the day. Do you want it?|SCVR:03sX0rent|INTV:|BNAM:Choice, "Yes", 1, "No", 2

[MOD-INF]: ID=18011117566754553(Greeting:greeting 7)
  morrowind.esm----------------------------->|DATA|ONAM:manara othan|NAME:Good day. I'm Manara Othan, publican of The Lizard's Head here in Vivec. We rent beds, and I have a limited selection of goods for barter. If you're new here, I can also tell you where to look for other services, or a specific place nearby. If you're looking  for someone in particular, I may be able to help.|BNAM:;Manara Othan
  Improved Inns Expanded - Entertainers.ESP->|DATA|ONAM:manara othan|NAME:Good day. I'm Manara Othan, publican of The Lizard's Head here in Vivec. We rent beds, and I have a limited selection of goods for barter. If you're new here, I can also tell you where to look for other services, or a specific place nearby. If you're looking  for someone in particular, I may be able to help. Or do you want to entertain the patrons?|BNAM:;Manara Othan

[MOD-INF]: ID=171343168140283456(Greeting:greeting 7)
  morrowind.esm----------------------------->|DATA|ONAM:dulnea ralaal|NAME:Good day. I'm Dulnea Ralaal, publican of the Eight Plates here in Balmora. We rent beds, and I have a limited selection of goods for barter. If you're new here, I can also tell you where to look for other services, or a specific place nearby. If you're looking  for someone in particular, I may be able to help.|BNAM:;Dulnea Ralaal
  Improved Inns Expanded - Entertainers.ESP->|DATA|ONAM:dulnea ralaal|NAME:Good day. I'm Dulnea Ralaal, publican of the Eight Plates here in Balmora. We rent beds, and I have a limited selection of goods for barter. If you're new here, I can also tell you where to look for other services, or a specific place nearby. If you're looking  for someone in particular, I may be able to help. Or do you want to entertain the patrons?|SCVR:01630|INTV:|BNAM:;Dulnea Ralaal

[MOD-INF]: ID=276181128340255511(Topic:little secret)
  tribunal.esm------------------------------>|DATA|FNAM:Fighters Guild|NAME:You like to poke your nose into doors out in the backcountry? A little suggestion. The places that look like they're made of a golden metal? With spires and towers? Those are Dwarven ruins. They're kinda dangerous -- partly because of the old Dwarven machines in them, and partly because of the kind of things that like to hide out in such old ruins. All the old ruins inside the Ghostfence, for example, are ancient Dwarven ruins. And I hear that vampires like them, too.|SCVR:02sX4Random100|INTV|SCVR:1CsX0nolore|INTV:
  Improved Inns Expanded - Entertainers.ESP->|DATA|NAME:So, you play the lute? You should pay a visit to Fryfnhild at The End of the World tavern here in Dagon Fel. She's a master luthier ... you know, someone who makes stringed instruments. If you're good, and have the coin, you might be able to purchase a lute from her like none other.|SCVR:02sX4Random100|INTV:P|SCVR:1CsX0NoLore|INTV:|SCVR:25IX3misc_de_lute_01_phat|INTV

[MOD-INF]: ID=288417238154261537(Greeting:greeting 7)
  morrowind.esm----------------------------->|DATA|ONAM:bacola closcius|NAME:Good day. I'm Bacola Closcius, publican of the South Wall here in Balmora. We rent beds, and I have a limited selection of goods for barter. If you're new here, I can also tell you where to look for other services, or a specific place nearby. If you're looking  for someone in particular, I may be able to help.|BNAM:;Bacola Closcius
  Improved Inns Expanded - Entertainers.ESP->|DATA|ONAM:bacola closcius|NAME:Good day. I'm Bacola Closcius, publican of the South Wall here in Balmora. We rent beds, and I have a limited selection of goods for barter. If you're new here, I can also tell you where to look for other services, or a specific place nearby. If you're looking  for someone in particular, I may be able to help. Or do you want to entertain the patrons?|BNAM:;Bacola Closcius

[MOD-INF]: ID=495518295322716947(Greeting:greeting 7)
  morrowind.esm----------------------------->|DATA|ONAM:thaeril|NAME:Good day. I'm Thaeril, publican of The Covenant here in Tel Mora. We rent beds, and I have a limited selection of goods for barter. If you're new here, I can also tell you where to look for other services, or a specific place nearby. If you're looking  for someone in particular, I may be able to help.|BNAM:;Thaeril
  Improved Inns Expanded - Entertainers.ESP->|DATA|ONAM:thaeril|NAME:Good day. I'm Thaeril, publican of The Covenant here in Tel Mora. We rent beds, and I have a limited selection of goods for barter. If you're new here, I can also tell you where to look for other services, or a specific place nearby. If you're looking  for someone in particular, I may be able to help. Or do you want to entertain the patrons?|BNAM:;Thaeril

[MOD-INF]: ID=527372282078813986(Greeting:greeting 7)
  morrowind.esm----------------------------->|DATA|ONAM:fara|NAME:Good day. I'm Fara, publican of the Fara's Hole in the Wall here in Sadrith Mora. We rent beds, and I have a limited selection of goods for barter. If you're new here, I can also tell you where to look for other services, or a specific place nearby. If you're looking  for someone in particular, I may be able to help.|BNAM:;Fara
  Improved Inns Expanded - Entertainers.ESP->|DATA|ONAM:fara|NAME:Good day. I'm Fara, publican of the Fara's Hole in the Wall here in Sadrith Mora. We rent beds, and I have a limited selection of goods for barter. If you're new here, I can also tell you where to look for other services, or a specific place nearby. If you're looking  for someone in particular, I may be able to help. Or do you want to entertain the patrons?|BNAM:;Fara

[DUP-INF]: ID=792795413069525055(Topic:beds)
  |DATA|CNAM:Publican|NAME:I hope everything is adequate.|SCVR:03sX0rent|INTV|BNAM:;called first if you are already renting a room

[MOD-INF]: ID=871414048120983285(Greeting:greeting 7)
  morrowind.esm----------------------------->|DATA|ONAM:manse andus|NAME:Good day. I'm Manse Andus, publican of the Andus Tradehouse here in Maar Gan. We rent beds, and I have a limited selection of goods for barter. If you're new here, I can also tell you where to look for other services, or a specific place nearby. If you're looking  for someone in particular, I may be able to help.|BNAM:;Manse Andus
  Improved Inns Expanded - Entertainers.ESP->|DATA|ONAM:manse andus|NAME:Good day. I'm Manse Andus, publican of the Andus Tradehouse here in Maar Gan. We rent beds, and I have a limited selection of goods for barter. If you're new here, I can also tell you where to look for other services, or a specific place nearby. If you're looking  for someone in particular, I may be able to help. Or do you want to entertain the patrons?|BNAM:;Manse Andus

[MOD-INF]: ID=962731613265082404(Topic:beds)
  morrowind.esm----------------------------->|DATA|CNAM:Publican|NAME:Ok. Just ask again if you change your mind.|SCVR:01500|INTV|BNAM:;choice 2 is for no to the room rental
  Improved Inns Expanded - Entertainers.ESP->|DATA|ONAM:a shady smuggler|CNAM:Publican|NAME|DELETE |MESC|INTV|BNAM:;choice 2 is for no to the room rental

[MOD-INF]: ID=1271813945413015993(Topic:beds)
  morrowind.esm----------------------------->|DATA|ONAM:banor seran|CNAM:Publican|NAME:Very good. Go down the stairs. The room on the right is yours. I'd avoid the left room, the man there wishes to be undisturbed..|SCVR:01500|INTV|SCVR:15IX3Gold_001|INTV: |BNAM:set rent to 1 ;this does everything in the publican's script ;BALMORA COUNCIL CLUB  additem, gold_001, 10  player->removeitem, gold_001, 10  moddisposition 2
  Improved Inns Expanded - Entertainers.ESP->|DATA|ONAM:banor seran|CNAM:Publican|NAME:Yes, the room down the stairs on the right is available. It's better to avoid the left room, the man there wishes to be undisturbed. How many days do you want to stay?|SCVR:03sX0rent|INTV:|BNAM:Choice, "1 day (10 septims)" 1 "5 days (45 septims)" 3 "15 days (120 septims)" 4 "30 days (210 septims)" 5 "I don't want to rent a bed right now" 2

[MOD-INF]: ID=1281821504188985983(Topic:beds)
  morrowind.esm----------------------------->|DATA|ONAM:bacola closcius|CNAM:Publican|NAME:Very well, the bed is yours for the day. You'll find the door over there unlocked. I trust Balmora will treat you well..|SCVR:01500|INTV|SCVR:15IX3Gold_001|INTV: |BNAM:set rent to 1 ;this does everything in the publican's script BALMORA, South Wall  additem, gold_001, 10  player->removeitem, gold_001, 10  moddisposition 2
  Improved Inns Expanded - Entertainers.ESP->|DATA|ONAM:bacola closcius|CNAM:Publican|NAME:Yes, the room over there is available. How many days do you want to stay?|SCVR:03sX0rent|INTV:|BNAM:Choice, "1 day (10 septims)" 1 "5 days (45 septims)" 3 "15 days (120 septims)" 4 "30 days (210 septims)" 5 "I don't want to rent a bed right now" 2

[MOD-INF]: ID=1316215144822713907(Greeting:greeting 7)
  morrowind.esm----------------------------->|DATA|ONAM:ery|NAME:Good day. I'm Ery, publican of the Gateway Inn here in Sadrith Mora. We rent beds, and I have a limited selection of goods for barter. If you're new here, I can also tell you where to look for other services, or a specific place nearby. If you're looking  for someone in particular, I may be able to help.|BNAM:;Ery
  Improved Inns Expanded - Entertainers.ESP->|DATA|ONAM:ery|NAME:Good day. I'm Ery, publican of the Gateway Inn here in Sadrith Mora. We rent beds, and I have a limited selection of goods for barter. If you're new here, I can also tell you where to look for other services, or a specific place nearby. If you're looking  for someone in particular, I may be able to help. Or do you want to entertain the patrons?|BNAM:;Ery

[MOD-INF]: ID=1425616576295610166(Greeting:greeting 7)
  morrowind.esm----------------------------->|DATA|ONAM:benunius agrudilius|NAME:Good day. I'm Benunius Agrudilius, publican of the Lucky Lockup here in Balmora. We rent beds, and I have a limited selection of goods for barter. If you're new here, I can also tell you where to look for other services, or a specific place nearby. If you're looking  for someone in particular, I may be able to help.|BNAM:;Benunius Agrudilius
  Improved Inns Expanded - Entertainers.ESP->|DATA|ONAM:benunius agrudilius|NAME:Good day. I'm Benunius Agrudilius, publican of the Lucky Lockup here in Balmora. We rent beds, and I have a limited selection of goods for barter. If you're new here, I can also tell you where to look for other services, or a specific place nearby. If you're looking  for someone in particular, I may be able to help. Or do you want to entertain the patrons?|BNAM:;Benunius Agrudilius

[MOD-INF]: ID=1517359713168414066(Greeting:greeting 7)
  morrowind.esm----------------------------->|DATA|ONAM:drelasa ramothran|NAME:Good day. I'm Drelasa Ramothran, publican of the Halfway Tavern here in Pelagiad. We rent beds, and I have a limited selection of goods for barter. If you're new here, I can also tell you where to look for other services, or a specific place nearby. If you're looking  for someone in particular, I may be able to help.|BNAM:;Drelasa Ramothran
  Improved Inns Expanded - Entertainers.ESP->|DATA|ONAM:drelasa ramothran|NAME:Good day. I'm Drelasa Ramothran, publican of the Halfway Tavern here in Pelagiad. We rent beds, and I have a limited selection of goods for barter. If you're new here, I can also tell you where to look for other services, or a specific place nearby. If you're looking  for someone in particular, I may be able to help. Or do you want to entertain the patrons?|BNAM:;Drelasa Ramothran

[MOD-INF]: ID=1594025613149529658(Topic:beds)
  tribunal.esm------------------------------>|DATA|ONAM:boderi farano|CNAM:Publican|NAME:Very well. Go down the stairs, and use the first room on your right. It's yours for the next day.|SCVR:01500|INTV|SCVR:15IX3Gold_001|INTV: |BNAM:set rent to 1 ;this does everything in the publican's script ALDRUHN ALD SKAR INN  additem, gold_001, 10  player->removeitem, gold_001, 10  moddisposition 2
  Improved Inns Expanded - Entertainers.ESP->|DATA|ONAM:boderi farano|CNAM:Publican|NAME:Yes, we have a bed available. It's the first one on your right, at the bottom of the stairs. How many days do you want to stay?|SCVR:03sX0rent|INTV:|BNAM:Choice, "1 day (10 septims)" 1 "5 days (45 septims)" 3 "15 days (120 septims)" 4 "30 days (210 septims)" 5 "I don't want to rent a bed right now" 2

[MOD-INF]: ID=1614216812759915904(Topic:beds)
  morrowind.esm----------------------------->|DATA|CNAM:Publican|NAME:Sorry. Doesn't look like you can afford it. Maybe another time.|SCVR:01500|INTV|SCVR:15IX4Gold_001|INTV: 
  Improved Inns Expanded - Entertainers.ESP->|DATA|CNAM:Publican|NAME:Ok. Just ask again if you change your mind.|SCVR:01500|INTV|BNAM:;choice 2 is for no to the room rental

[MOD-INF]: ID=1614216812759915904(Topic:beds)
  morrowind.esm----------------------------->|DATA|CNAM:Publican|NAME:Sorry. Doesn't look like you can afford it. Maybe another time.|SCVR:01500|INTV|SCVR:15IX4Gold_001|INTV: 
  Improved Inns Expanded - Entertainers.ESP->|DATA|CNAM:Publican|NAME:Ok. Just ask again if you change your mind.|SCVR:01500|INTV|BNAM:;choice 2 is for no to the room rental
[MOD-IID]: IDs=8823124431996827500,142919540203120715,18667129453018720390,609721359324143688
  Improved Inns Expanded - Entertainers.ESP->Sorry. Doesn't look like you can afford it. Maybe another time.

[MOD-INF]: ID=2273810231244525640(Topic:latest rumors)
  tribunal.esm------------------------------>|DATA|ANAM:Balmora|NAME:Look. It's not just the crops and herds. The blight storms are making everyone sick. It's not an easy cure, even for a Temple, and all they've got in the backcountry is the odd healer and pilgrim shrine.|SCVR:02sX4Random100|INTV|SCVR:1CsX0nolore|INTV:|BNAM:;random100 <= 15;
  Improved Inns Expanded - Entertainers.ESP->|DATA|ANAM:Balmora|NAME:Look. It's not just the crops and herds. The blight storms are making everyone sick. It's not an easy cure, even for a Temple, and all they've got in the backcountry is the odd healer and pilgrim shrine.|SCVR:02sX4Random100|INTV|SCVR:1CsX0NoLore|INTV:|SCVR:24JX4C3_DestroyDagoth|INTV:2|BNAM:;random100 <= 15;

[MOD-INF]: ID=2394122532865625896(Topic:beds)
  morrowind.esm----------------------------->|DATA|ONAM:ery|CNAM:Publican|NAME:Good. You can use the second floor loft.|SCVR:01500|INTV|SCVR:15IX3Gold_001|INTV: |BNAM:set rent to 1 ;this does everything in the publican's script, SADRITH MORA  additem, gold_001, 10  player->removeitem, gold_001, 10  moddisposition 2
  Improved Inns Expanded - Entertainers.ESP->|DATA|ONAM:ery|CNAM:Publican|NAME:Yes, the second floor loft is available. How many days do you want to stay?|SCVR:03sX0rent|INTV:|BNAM:Choice, "1 day (10 septims)" 1 "5 days (45 septims)" 3 "15 days (120 septims)" 4 "30 days (210 septims)" 5 "I don't want to rent a bed right now" 2

[MOD-INF]: ID=2449122240256129515(Greeting:greeting 7)
  morrowind.esm----------------------------->|DATA|ONAM:boderi farano|NAME:Good day. I'm Boderi Farano, publican of the Ald Skar Inn here in Ald'ruhn. We rent beds, and I have a limited selection of goods for barter. If you're new here, I can also tell you where to look for other services, or a specific place nearby. If you're looking  for someone in particular, I may be able to help.|BNAM:;Boderi Farano
  Improved Inns Expanded - Entertainers.ESP->|DATA|ONAM:boderi farano|NAME:Good day. I'm Boderi Farano, publican of the Ald Skar Inn here in Ald'ruhn. We rent beds, and I have a limited selection of goods for barter. If you're new here, I can also tell you where to look for other services, or a specific place nearby. If you're looking  for someone in particular, I may be able to help. Or do you want to entertain the patrons?|BNAM:;Boderi Farano

[MOD-INF]: ID=2467420241504626206(Topic:beds)
  tribunal.esm------------------------------>|DATA|ONAM:hession|NAME:Very well, the bed is yours for the day. You'll find the room on the bottom floor, at the North end of the bar.|SCVR:01500|INTV|SCVR:15IX3Gold_001|INTV: |BNAM:set rent to 1 ;this does everything in the publican's script MOURNHOLD WINGED GUAR  additem, gold_001, 10  player->removeitem, gold_001, 10  moddisposition 2
  Improved Inns Expanded - Entertainers.ESP->|DATA|ONAM:hession|NAME:Yes, a bed in the room on the bottom floor is available. How many days do you want to stay?|SCVR:03sX0rent|INTV:|BNAM:Choice, "1 day (10 septims)" 1 "5 days (45 septims)" 3 "15 days (120 septims)" 4 "30 days (210 septims)" 5 "I don't want to rent a bed right now" 2

[MOD-INF]: ID=3182146312256410879(Greeting:greeting 7)
  morrowind.esm----------------------------->|DATA|ONAM:Agning|NAME:Good day. I'm Agning, publican of the Six Fishes here in Ebonheart. We rent beds, and I have a limited selection of goods for barter. If you're new here, I can also tell you where to look for other services, or a specific place nearby. If you're looking  for someone in particular, I may be able to help.|BNAM:;Agning
  Improved Inns Expanded - Entertainers.ESP->|DATA|ONAM:Agning|NAME:Good day. I'm Agning, publican of the Six Fishes here in Ebonheart. We rent beds, and I have a limited selection of goods for barter. If you're new here, I can also tell you where to look for other services, or a specific place nearby. If you're looking  for someone in particular, I may be able to help. Or do you want to entertain the patrons?|BNAM:;Agning

[MOD-INF]: ID=5710101312554611886(Greeting:greeting 7)
  morrowind.esm----------------------------->|DATA|ONAM:raril giral|NAME:Good day. I'm Raril Giral, publican of the Black Shalk Cornerclub here in Vivec. We rent beds, and I have a limited selection of goods for barter. If you're new here, I can also tell you where to look for other services, or a specific place nearby. If you're looking  for someone in particular, I may be able to help.|BNAM:;Raril Giral
  Improved Inns Expanded - Entertainers.ESP->|DATA|ONAM:raril giral|NAME:Good day. I'm Raril Giral, publican of the Black Shalk Cornerclub here in Vivec. We rent beds, and I have a limited selection of goods for barter. If you're new here, I can also tell you where to look for other services, or a specific place nearby. If you're looking  for someone in particular, I may be able to help. Or do you want to entertain the patrons?|BNAM:;Raril Giral

[MOD-INF]: ID=5935281021213222942(Greeting:greeting 7)
  morrowind.esm----------------------------->|DATA|ONAM:sorosi radobar|NAME:Good day. I'm Sorosi Radobar, publican of The Flowers of Gold here in Vivec. We rent beds, and I have a limited selection of goods for barter. If you're new here, I can also tell you where to look for other services, or a specific place nearby. If you're looking  for someone in particular, I may be able to help.|BNAM:;Sorosi Radobar
  Improved Inns Expanded - Entertainers.ESP->|DATA|ONAM:sorosi radobar|NAME:Good day. I'm Sorosi Radobar, publican of The Flowers of Gold here in Vivec. We rent beds, and I have a limited selection of goods for barter. If you're new here, I can also tell you where to look for other services, or a specific place nearby. If you're looking  for someone in particular, I may be able to help. Or do you want to entertain the patrons?|BNAM:;Sorosi Radobar

[MOD-INF]: ID=6803319322889519433(Greeting:greeting 7)
  morrowind.esm----------------------------->|DATA|ONAM:banor seran|NAME:Good day. I'm Banor Seran, publican of the Council Club here in Balmora. We rent beds, and I have a limited selection of goods for barter. If you're new here, I can also tell you where to look for other services, or a specific place nearby. If you're looking  for someone in particular, I may be able to help.|BNAM:;Banor Seran
  Improved Inns Expanded - Entertainers.ESP->|DATA|ONAM:banor seran|NAME:Good day. I'm Banor Seran, publican of the Council Club here in Balmora. We rent beds, and I have a limited selection of goods for barter. If you're new here, I can also tell you where to look for other services, or a specific place nearby. If you're looking  for someone in particular, I may be able to help. Or do you want to entertain the patrons?|BNAM:;Banor Seran

[MOD-INF]: ID=8046276851973525109(Greeting:greeting 7)
  morrowind.esm----------------------------->|DATA|ONAM:llorayna sethan|NAME:Good day. I'm Llorayna Sethan, publican of the Sethan's Tradehouse here in Tel Branora. We rent beds, and I have a limited selection of goods for barter. If you're new here, I can also tell you where to look for other services, or a specific place nearby. If you're looking  for someone in particular, I may be able to help.|BNAM:;Llorayna Sethan
  Improved Inns Expanded - Entertainers.ESP->|DATA|ONAM:llorayna sethan|NAME:Good day. I'm Llorayna Sethan, publican of the Sethan's Tradehouse here in Tel Branora. We rent beds, and I have a limited selection of goods for barter. If you're new here, I can also tell you where to look for other services, or a specific place nearby. If you're looking  for someone in particular, I may be able to help. Or do you want to entertain the patrons?|BNAM:;Llorayna Sethan

[MOD-INF]: ID=13139129622269431723(Topic:beds)
  morrowind.esm----------------------------->|DATA|ONAM:drelasa ramothran|CNAM:Publican|NAME:Great. The bed is yours. At the end of the hall upstairs, you'll find it unlocked. Enjoy your stay in Pelagiad.|SCVR:01500|INTV|SCVR:15IX3Gold_001|INTV: |BNAM:set rent to 1 ;this does everything in the publican's script  additem, gold_001, 10  player->removeitem, gold_001, 10  moddisposition 2
  Improved Inns Expanded - Entertainers.ESP->|DATA|ONAM:shenk|CNAM:Publican|NAME:Yes, we have a room available upstairs. How many days do you want to stay?|SCVR:03sX0rent|INTV:|BNAM:Choice, "1 day (10 septims)" 1 "5 days (45 septims)" 3 "15 days (120 septims)" 4 "30 days (210 septims)" 5 "I don't want to rent a bed right now" 2

[MOD-INF]: ID=17241302462420210952(Greeting:greeting 7)
  morrowind.esm----------------------------->|DATA|ONAM:shenk|NAME:Good day. I'm Shenk, publican of the Shenk's Shovel here in Caldera. We rent beds, and I have a limited selection of goods for barter. If you're new here, I can also tell you where to look for other services, or a specific place nearby. If you're looking  for someone in particular, I may be able to help.|BNAM:;Shenk
  Improved Inns Expanded - Entertainers.ESP->|DATA|ONAM:shenk|NAME:Good day. I'm Shenk, publican of the Shenk's Shovel here in Caldera. We rent beds, and I have a limited selection of goods for barter. If you're new here, I can also tell you where to look for other services, or a specific place nearby. If you're looking  for someone in particular, I may be able to help. Or do you want to entertain the patrons?|BNAM:;Shenk

[MOD-INF]: ID=18942174661163931960(Topic:latest rumors)
  tribunal.esm------------------------------>|DATA|ANAM:Balmora|NAME:Everyone knows who really runs House Hlaalu. It's not the councilors. No one sits on that council unless it suits Orvas Dren.|SCVR:02sX4Random100|INTV|SCVR:1CsX0nolore|INTV:|BNAM:;random100 <= 30;
  Improved Inns Expanded - Entertainers.ESP->|DATA|ANAM:Balmora|NAME:Everyone knows who really runs House Hlaalu. It's not the councilors. No one sits on that council unless it suits Orvas Dren.|SCVR:02sX4Random100|INTV:(|SCVR:1CsX0NoLore|INTV:|BNAM:;random100 <= 30;

[MOD-INF]: ID=21432111501574114700(Topic:beds)
  morrowind.esm----------------------------->|DATA|ONAM:dulnea ralaal|CNAM:Publican|NAME:It's all yours for the day. Down the stairs to the right.|SCVR:01500|INTV|SCVR:15IX3Gold_001|INTV: |BNAM:set rent to 1 ;this does everything in the publican's script  additem, gold_001, 10  player->removeitem, gold_001, 10  moddisposition 2
  Improved Inns Expanded - Entertainers.ESP->|DATA|ONAM:dulnea ralaal|CNAM:Publican|NAME:Yes, the room down the stairs to the right is available. How many days do you want to stay?|SCVR:03sX0rent|INTV:|BNAM:Choice, "1 day (10 septims)" 1 "5 days (45 septims)" 3 "15 days (120 septims)" 4 "30 days (210 septims)" 5 "I don't want to rent a bed right now" 2

[MOD-INF]: ID=25962153161759731313(Topic:beds)
  bloodmoon.esm----------------------------->|DATA|ONAM:Alcedonia Amnis|CNAM:Publican|NAME:Very well. Head upstairs, to the last room on the right. It's yours for the next day.|SCVR:01500|INTV|SCVR:15IX3Gold_001|INTV: |BNAM:set rent to 1 ;this does everything in the publican's script RAVEN ROCK BAR  additem, gold_001, 10  player->removeitem, gold_001, 10  moddisposition 2
  Improved Inns Expanded - Entertainers.ESP->|DATA|ONAM:Alcedonia Amnis|CNAM:Publican|NAME:Yes, a room on the top floor is available. It's the one at the end of the corridor. How many days do you want to stay?|SCVR:03sX0rent|INTV:|BNAM:Choice, "1 day (10 septims)" 1 "5 days (45 septims)" 3 "15 days (120 septims)" 4 "30 days (210 septims)" 5 "I don't want to rent a bed right now" 2

[MOD-INF]: ID=26036209202016629907(Topic:beds)
  morrowind.esm----------------------------->|DATA|ONAM:benunius agrudilius|CNAM:Publican|NAME:It's all yours. Up the stairs to the left. Enjoy your stay.|SCVR:01500|INTV|SCVR:15IX3Gold_001|INTV: |BNAM:set rent to 1 ;this does everything in the publican's script BALMORA LUCKY LOCKUP  additem, gold_001, 10  player->removeitem, gold_001, 10  moddisposition 2
  Improved Inns Expanded - Entertainers.ESP->|DATA|ONAM:benunius agrudilius|CNAM:Publican|NAME:Yes, the room down the stairs to the right is available. How many days do you want to stay?|SCVR:03sX0rent|INTV:|BNAM:Choice, "1 day (10 septims)" 1 "5 days (45 septims)" 3 "15 days (120 septims)" 4 "30 days (210 septims)" 5 "I don't want to rent a bed right now" 2

[MOD-INF]: ID=28002112342703720123(Topic:beds)
  morrowind.esm----------------------------->|DATA|CNAM:Publican|NAME:Great. The bed is yours. Enjoy your stay.|SCVR:01500|INTV|SCVR:15IX3Gold_001|INTV: |BNAM:set rent to 1 ;this does everything in the publican's script  additem, gold_001, 10  player->removeitem, gold_001, 10  moddisposition 2
  Improved Inns Expanded - Entertainers.ESP->|DATA|CNAM:Publican|NAME:Great. The bed is yours. Enjoy your stay.|SCVR:01500|INTV|SCVR:15IX3Gold_001|INTV: |BNAM:set rent to 1 ;this does everything in the publican's script  additem, gold_001, 10  player->removeitem, gold_001, 10  moddisposition 1
