Improved Caldera.esp: DUP-REC JUNKCEL MISSAUT MISSDSC MISSVER MOD-INF OVR-REC
    [JUNKCEL] Junk Cells:                        Flags
	Ascadian Isles Region (0, -9)            0x02
	West Gash Region (-1, 0)                 0x02
	West Gash Region (-1, 1)                 0x02
    [DUP-REC] Duplicate Records:
	From Master         Type    Name
	morrowind.esm       CONT    flora_kreshweed_01
	morrowind.esm       DOOR    in_c_door_wood_square
	morrowind.esm       STAT    ex_nord_well_01
	tribunal.esm        LTEX    rock_coastal
	tribunal.esm        STAT    furn_de_rug_big_06
    [OVR-REC] Overridden Records:
	From Master         Type    Name
	bloodmoon.esm       CONT    barrel_01
	bloodmoon.esm       LTEX    tx_bm_cobblestone_01.dds
	bloodmoon.esm       LTEX    wg_road
	morrowind.esm       ACTI    active_sign_c_arms_caldera
	morrowind.esm       LAND    (-1, 2)
	morrowind.esm       LAND    (-2, 2)
	morrowind.esm       LAND    (-2, 3)
	morrowind.esm       LTEX    lavacrust01.tga
	morrowind.esm       LTEX    rm_redrock
	morrowind.esm       LTEX    road dirt
	morrowind.esm       LTEX    scrub plain
	morrowind.esm       LTEX    tx_land_darkstone02.tga
	morrowind.esm       LTEX    tx_rm_grayrock_01.tga
	morrowind.esm       LTEX    tx_rock_wg_01.tga
	morrowind.esm       LTEX    tx_rocky_mt.tga
	morrowind.esm       LTEX    tx_rockyscrub_01.tga
	morrowind.esm       LTEX    wg_cobblestones
	morrowind.esm       LTEX    wg_dirtroad_01
	morrowind.esm       LTEX    wg_dirtscrub
	morrowind.esm       LTEX    wg_mainroad_01
	morrowind.esm       LTEX    wg_rock
	morrowind.esm       LTEX    wg_rockydirt
	morrowind.esm       LTEX    wg_rockyscrub
	morrowind.esm       LTEX    wg_scrub plain
	tribunal.esm        DIAL    guard
	tribunal.esm        LTEX    ai_grass
	tribunal.esm        LTEX    rm_grayrock
	tribunal.esm        LTEX    rm_rock_01

[MOD-INF]: ID=47554637406118853(Topic:guard)
  morrowind.esm-------->|DATA|FNAM:Imperial Legion|NAME:Guards keep the peace and chase down criminals. Each district has its own guards. Legion troopers in Imperial districts, Ordinators in Temple districts, Redoran, Hlaalu, and Telvanni guards in their own Great House districts. Guards collect fines and compensation, or drag you off to prison if you can't pay.
  Improved Caldera.esp->|DATA|FNAM:Imperial Legion|ANAM:Caldera|DNAM:Imperial Legion|NAME:Guards keep the peace and chase down criminals. Each district has its own guards. Legion troopers in Imperial districts, Ordinators in Temple districts, Redoran, Hlaalu, and Telvanni guards in their own Great House districts. Guards collect fines and compensation, or drag you off to prison if you can't pay.
