Improved Argonians.esp: DUP-REC MISSVER OVR-REC
    [OVR-REC] Overridden Records:
	From Master         Type    Name
	bloodmoon.esm       MISC    misc_argonianhead_01
	morrowind.esm       BODY    b_n_argonian_f_ankle
	morrowind.esm       BODY    b_n_argonian_f_chest
	morrowind.esm       BODY    b_n_argonian_f_feet
	morrowind.esm       BODY    b_n_argonian_f_groin
	morrowind.esm       BODY    b_n_argonian_f_hair01
	morrowind.esm       BODY    b_n_argonian_f_hair02
	morrowind.esm       BODY    b_n_argonian_f_hair03
	morrowind.esm       BODY    b_n_argonian_f_hair04
	morrowind.esm       BODY    b_n_argonian_f_hair05
	morrowind.esm       BODY    b_n_argonian_f_hands
	morrowind.esm       BODY    b_n_argonian_f_hands.1st
	morrowind.esm       BODY    b_n_argonian_f_head_01
	morrowind.esm       BODY    b_n_argonian_f_head_02
	morrowind.esm       BODY    b_n_argonian_f_head_03
	morrowind.esm       BODY    b_n_argonian_f_knee
	morrowind.esm       BODY    b_n_argonian_f_neck
	morrowind.esm       BODY    b_n_argonian_f_tail
	morrowind.esm       BODY    b_n_argonian_f_upper arm
	morrowind.esm       BODY    b_n_argonian_f_upper leg
	morrowind.esm       BODY    b_n_argonian_f_wrist
	morrowind.esm       BODY    b_n_argonian_m_ankle
	morrowind.esm       BODY    b_n_argonian_m_chest
	morrowind.esm       BODY    b_n_argonian_m_feet
	morrowind.esm       BODY    b_n_argonian_m_forearm
	morrowind.esm       BODY    b_n_argonian_m_groin
	morrowind.esm       BODY    b_n_argonian_m_hair01
	morrowind.esm       BODY    b_n_argonian_m_hair02
	morrowind.esm       BODY    b_n_argonian_m_hair03
	morrowind.esm       BODY    b_n_argonian_m_hair04
	morrowind.esm       BODY    b_n_argonian_m_hair05
	morrowind.esm       BODY    b_n_argonian_m_hair06
	morrowind.esm       BODY    b_n_argonian_m_hands
	morrowind.esm       BODY    b_n_argonian_m_hands.1st
	morrowind.esm       BODY    b_n_argonian_m_head_01
	morrowind.esm       BODY    b_n_argonian_m_head_02
	morrowind.esm       BODY    b_n_argonian_m_head_03
	morrowind.esm       BODY    b_n_argonian_m_knee
	morrowind.esm       BODY    b_n_argonian_m_neck
	morrowind.esm       BODY    b_n_argonian_m_tail
	morrowind.esm       BODY    b_n_argonian_m_upper arm
	morrowind.esm       BODY    b_n_argonian_m_upper leg
	morrowind.esm       BODY    b_n_argonian_m_wrist
	morrowind.esm       BODY    b_v_argonian_f_head_01
	morrowind.esm       BODY    b_v_argonian_m_head_01
