IO - Cultists.ESP: DUP-REC MASTERS MISSVER OVR-REC
    MASTERS: out of sync with the masters installed in your Data Files directory:
	Tamriel_Data.esm            10684550 (plugin)   11064795 (installed size)
    [OVR-REC] Overridden Records:
	From Master         Type    Name
	morrowind.esm       CREA    hunger_fghl
	morrowind.esm       NPC_    abbard the wild
	morrowind.esm       NPC_    adding
	morrowind.esm       NPC_    agarond
	morrowind.esm       NPC_    aloie indaram
	morrowind.esm       NPC_    andril othran
	morrowind.esm       NPC_    anel rethelas
	morrowind.esm       NPC_    anise romoran
	morrowind.esm       NPC_    aralosea romori
	morrowind.esm       NPC_    ardhil
	morrowind.esm       NPC_    arius rulician
	morrowind.esm       NPC_    arkming the flayer
	morrowind.esm       NPC_    arns uvalas
	morrowind.esm       NPC_    arnskar
	morrowind.esm       NPC_    arrinis cerunia
	morrowind.esm       NPC_    arvamea dalvani
	morrowind.esm       NPC_    aryon
	morrowind.esm       NPC_    athesie andas
	morrowind.esm       NPC_    avon ravel
	morrowind.esm       NPC_    azuk gro-rugob
	morrowind.esm       NPC_    badala velothren
	morrowind.esm       NPC_    baladas demnevanni
	morrowind.esm       NPC_    balynu teran
	morrowind.esm       NPC_    banden indarys
	morrowind.esm       NPC_    barirrid
	morrowind.esm       NPC_    baronk gro-uzuk
	morrowind.esm       NPC_    barri
	morrowind.esm       NPC_    bauril
	morrowind.esm       NPC_    beleru hledri
	morrowind.esm       NPC_    bilos andrethi
	morrowind.esm       NPC_    bjadmund
	morrowind.esm       NPC_    bodean
	morrowind.esm       NPC_    bogakh gro-mar
	morrowind.esm       NPC_    bolvyn venim
	morrowind.esm       NPC_    boss crito
	morrowind.esm       NPC_    bovkinna
	morrowind.esm       NPC_    bralis seralas
	morrowind.esm       NPC_    brelar andas
	morrowind.esm       NPC_    brelda quintella
	morrowind.esm       NPC_    brelyn indarys
	morrowind.esm       NPC_    brerama selas
	morrowind.esm       NPC_    brilnosu llarys
	morrowind.esm       NPC_    bugharz gro-ular
	morrowind.esm       NPC_    bulfim_gra_shugarz
	morrowind.esm       NPC_    bumbub gro-murgol
	morrowind.esm       NPC_    burub gra-bamog
	morrowind.esm       NPC_    burul gro-orbuma
	morrowind.esm       NPC_    burzob gra-sharbag
	morrowind.esm       NPC_    camandil
	morrowind.esm       NPC_    camas
	morrowind.esm       NPC_    carecalmo
	morrowind.esm       NPC_    chark
	morrowind.esm       NPC_    clendil
	morrowind.esm       NPC_    daldur sarys
	morrowind.esm       NPC_    daral thireloth
	morrowind.esm       NPC_    darane mencele
	morrowind.esm       NPC_    dareru omalas
	morrowind.esm       NPC_    daris adram
	morrowind.esm       NPC_    dathus selvilo
	morrowind.esm       NPC_    depusanis denian
	morrowind.esm       NPC_    derar hlervu
	morrowind.esm       NPC_    dhaunayne aundae
	morrowind.esm       NPC_    dinor thilandas
	morrowind.esm       NPC_    divayth fyr
	morrowind.esm       NPC_    domba
	morrowind.esm       NPC_    dortodd
	morrowind.esm       NPC_    dorynu verendas
	morrowind.esm       NPC_    dothruviel
	morrowind.esm       NPC_    dovres verethi
	morrowind.esm       NPC_    dram bero
	morrowind.esm       NPC_    draramu hloran
	morrowind.esm       NPC_    drathyn andavel
	morrowind.esm       NPC_    dreveni hlaren
	morrowind.esm       NPC_    driloru uvaram
	morrowind.esm       NPC_    drireri berano
	morrowind.esm       NPC_    drores arvel
	morrowind.esm       NPC_    dryngheid
	morrowind.esm       NPC_    dur gro-grambak
	morrowind.esm       NPC_    durgash gro-rushub
	morrowind.esm       NPC_    durus marius
	morrowind.esm       NPC_    durz gra-rimph
	morrowind.esm       NPC_    durz gro-olor
	morrowind.esm       NPC_    durzol gro-dumulg
	morrowind.esm       NPC_    durzub gro-bogamakh
	morrowind.esm       NPC_    durzum gro-shagrak
	morrowind.esm       NPC_    earmil
	morrowind.esm       NPC_    edril vules
	morrowind.esm       NPC_    eigma
	morrowind.esm       NPC_    elante
	morrowind.esm       NPC_    engaer
	morrowind.esm       NPC_    eno hlaalu
	morrowind.esm       NPC_    eradan
	morrowind.esm       NPC_    ernard genis
	morrowind.esm       NPC_    erns maren
	morrowind.esm       NPC_    erundil
	morrowind.esm       NPC_    ethal seloth
	morrowind.esm       NPC_    faves andas
	morrowind.esm       NPC_    felisi serano
	morrowind.esm       NPC_    felsu telas
	morrowind.esm       NPC_    ferynu indrano
	morrowind.esm       NPC_    fevris senoril
	morrowind.esm       NPC_    fieryra
	morrowind.esm       NPC_    fore paw
	morrowind.esm       NPC_    furius acilius
	morrowind.esm       NPC_    galmis dren
	morrowind.esm       NPC_    garzonk gro-mulakh
	morrowind.esm       NPC_    gashna gro-mogduk
	morrowind.esm       NPC_    ghamborz gro-bagdub
	morrowind.esm       NPC_    ghob gra-gholob
	morrowind.esm       NPC_    ghorlorz gro-moghakh
	morrowind.esm       NPC_    giden nelvilo
	morrowind.esm       NPC_    gilas inlador
	morrowind.esm       NPC_    gilas llervu
	morrowind.esm       NPC_    gils oril
	morrowind.esm       NPC_    giryn nirith
	morrowind.esm       NPC_    girynu gilnith
	morrowind.esm       NPC_    glob gra-ghasharzol
	morrowind.esm       NPC_    glush gro-dul
	morrowind.esm       NPC_    gnaw tooth
	morrowind.esm       NPC_    golven hleran
	morrowind.esm       NPC_    gordol
	morrowind.esm       NPC_    gothren
	morrowind.esm       NPC_    grat gra-sharolg
	morrowind.esm       NPC_    grat gro-gholfim
	morrowind.esm       NPC_    grazob gra-kharz
	morrowind.esm       NPC_    gulitte cienne
	morrowind.esm       NPC_    gulvilie arinith
	morrowind.esm       NPC_    haesmar
	morrowind.esm       NPC_    haki
	morrowind.esm       NPC_    haki the halt
	morrowind.esm       NPC_    haleneri salor
	morrowind.esm       NPC_    hirnir
	morrowind.esm       NPC_    hlar
	morrowind.esm       NPC_    hlireni indavel
	morrowind.esm       NPC_    hlora long-leg
	morrowind.esm       NPC_    holmgeira
	morrowind.esm       NPC_    honthjolf
	morrowind.esm       NPC_    horstar home-wrecker
	morrowind.esm       NPC_    horulia jannus
	morrowind.esm       NPC_    hurnfing
	morrowind.esm       NPC_    hyarnarenquar
	morrowind.esm       NPC_    hyring
	morrowind.esm       NPC_    idlami
	morrowind.esm       NPC_    idroso vendu
	morrowind.esm       NPC_    ienaso adren
	morrowind.esm       NPC_    ildos rothren
	morrowind.esm       NPC_    iner raledran
	morrowind.esm       NPC_    inganar
	morrowind.esm       NPC_    irinwe
	morrowind.esm       NPC_    jart
	morrowind.esm       NPC_    jathlanie
	morrowind.esm       NPC_    je tee
	morrowind.esm       NPC_    jolding
	morrowind.esm       NPC_    kar alber
	morrowind.esm       NPC_    kardryn
	morrowind.esm       NPC_    kharzug gra-gat
	morrowind.esm       NPC_    koffutto gilgar
	morrowind.esm       NPC_    larrius varro
	morrowind.esm       NPC_    levus musilchiotus
	morrowind.esm       NPC_    llandrale varam
	morrowind.esm       NPC_    llarar bereloth
	morrowind.esm       NPC_    llaren terano
	morrowind.esm       NPC_    llathise dralas
	morrowind.esm       NPC_    lleran andoril
	morrowind.esm       NPC_    lloden tenim
	morrowind.esm       NPC_    lorod
	morrowind.esm       NPC_    lurog gro-khagdum
	morrowind.esm       NPC_    maner uvaren
	morrowind.esm       NPC_    marara
	morrowind.esm       NPC_    mathyn bemis
	morrowind.esm       NPC_    mauhul gor-burish
	morrowind.esm       NPC_    melar baram
	morrowind.esm       NPC_    melsu indalas
	morrowind.esm       NPC_    meryaran
	morrowind.esm       NPC_    methulu ienith
	morrowind.esm       NPC_    meven uvaren
	morrowind.esm       NPC_    milbereth
	morrowind.esm       NPC_    miluru andus
	morrowind.esm       NPC_    milvonu terandas
	morrowind.esm       NPC_    milyn faram
	morrowind.esm       NPC_    mindeli saren
	morrowind.esm       NPC_    mivul urvon
	morrowind.esm       NPC_    moghakh gro-bar
	morrowind.esm       NPC_    murkub gro-ushul
	morrowind.esm       NPC_    murob gra-loghash
	morrowind.esm       NPC_    murzol gro-ulfimph
	morrowind.esm       NPC_    murzush gra-bulfim
	morrowind.esm       NPC_    muzgonk gro-borbog
	morrowind.esm       NPC_    nag gro-shumba
	morrowind.esm       NPC_    nals indrano
	morrowind.esm       NPC_    nalsie radas
	morrowind.esm       NPC_    nargol gra-uftharz
	morrowind.esm       NPC_    nathala herendas
	morrowind.esm       NPC_    nathyn ilnith
	morrowind.esm       NPC_    navil ienith
	morrowind.esm       NPC_    neloth
	morrowind.esm       NPC_    nelyn sadri
	morrowind.esm       NPC_    nerer beneran
	morrowind.esm       NPC_    nethyn valno
	morrowind.esm       NPC_    nidara herandus
	morrowind.esm       NPC_    nilas brilyn
	morrowind.esm       NPC_    norionil
	morrowind.esm       NPC_    norus marvel
	morrowind.esm       NPC_    odaishah yasalmibaal
	morrowind.esm       NPC_    ogrumbu gro-bugarn
	morrowind.esm       NPC_    oisig
	morrowind.esm       NPC_    ondar sarendas
	morrowind.esm       NPC_    orakh gro-badbu
	morrowind.esm       NPC_    orbul gra-lumob
	morrowind.esm       NPC_    oritius maro
	morrowind.esm       NPC_    ormax geles
	morrowind.esm       NPC_    orvas dren druglord
	morrowind.esm       NPC_    pelena acicius
	morrowind.esm       NPC_    qorwynn
	morrowind.esm       NPC_    ra'gruzgob
	morrowind.esm       NPC_    rakoslod
	morrowind.esm       NPC_    raldenu ieneth
	morrowind.esm       NPC_    ranes ienith
	morrowind.esm       NPC_    ranmir the seal
	morrowind.esm       NPC_    rarusu berethi
	morrowind.esm       NPC_    raxle berne
	morrowind.esm       NPC_    raynasa rethan
	morrowind.esm       NPC_    raynila aryon
	morrowind.esm       NPC_    raynilie andromo
	morrowind.esm       NPC_    relamu ulom
	morrowind.esm       NPC_    relas arothan
	morrowind.esm       NPC_    rels tenim
	morrowind.esm       NPC_    remasa othril
	morrowind.esm       NPC_    reynel uvirith
	morrowind.esm       NPC_    ringvild
	morrowind.esm       NPC_    rithrannir
	morrowind.esm       NPC_    roggvar blue-tooth
	morrowind.esm       NPC_    rolfish gra-dugul
	morrowind.esm       NPC_    ruthrisu andoril
	morrowind.esm       NPC_    salvas areleth
	morrowind.esm       NPC_    salyn sarethi
	morrowind.esm       NPC_    sanyon
	morrowind.esm       NPC_    sarayn sadus
	morrowind.esm       NPC_    senise thindo
	morrowind.esm       NPC_    severa magia
	morrowind.esm       NPC_    shakh gro-durga
	morrowind.esm       NPC_    shamar gro-ogar
	morrowind.esm       NPC_    shamob gro-shatub
	morrowind.esm       NPC_    sharog gra-ulfish
	morrowind.esm       NPC_    shat gro-shazog
	morrowind.esm       NPC_    shelur gra-yargul
	morrowind.esm       NPC_    shura gro-urgak
	morrowind.esm       NPC_    sloomalah
	morrowind.esm       NPC_    snaglak gro-yak
	morrowind.esm       NPC_    sodres nerethi
	morrowind.esm       NPC_    sorkvild the raven
	morrowind.esm       NPC_    sovisa adas
	morrowind.esm       NPC_    stacey
	morrowind.esm       NPC_    sticey
	morrowind.esm       NPC_    stlubo otiustiris
	morrowind.esm       NPC_    sulis rendas
	morrowind.esm       NPC_    suryn athones
	morrowind.esm       NPC_    svog
	morrowind.esm       NPC_    talis veran
	morrowind.esm       NPC_    tanel faren
	morrowind.esm       NPC_    tavilu moren
	morrowind.esm       NPC_    telura ulver
	morrowind.esm       NPC_    temis romavel
	morrowind.esm       NPC_    terer helothan
	morrowind.esm       NPC_    tevyn athin
	morrowind.esm       NPC_    thelama indalas
	morrowind.esm       NPC_    thelvamu sarano
	morrowind.esm       NPC_    therana
	morrowind.esm       NPC_    thovasi alen
	morrowind.esm       NPC_    thurek
	morrowind.esm       NPC_    tirer belvayn
	morrowind.esm       NPC_    tonasi belas
	morrowind.esm       NPC_    toris saren
	morrowind.esm       NPC_    torline
	morrowind.esm       NPC_    trebonius artorius
	morrowind.esm       NPC_    trelam falvani
	morrowind.esm       NPC_    trerayna dalen
	morrowind.esm       NPC_    trivon llaren
	morrowind.esm       NPC_    tunengore
	morrowind.esm       NPC_    ulam gro-shugham
	morrowind.esm       NPC_    ulms saren
	morrowind.esm       NPC_    ulyne henim
	morrowind.esm       NPC_    umug gro-mashnar
	morrowind.esm       NPC_    uradras sadalas
	morrowind.esm       NPC_    urim gro-bulag
	morrowind.esm       NPC_    urzog gro-shadbuk
	morrowind.esm       NPC_    urzul gra-agum
	morrowind.esm       NPC_    ushat gra-gulfim
	morrowind.esm       NPC_    ushug gra-olurba
	morrowind.esm       NPC_    val
	morrowind.esm       NPC_    valyne vedaren
	morrowind.esm       NPC_    varus vatinius
	morrowind.esm       NPC_    vavran reni
	morrowind.esm       NPC_    vedam dren
	morrowind.esm       NPC_    vindamea drethan
	morrowind.esm       NPC_    viraninde
	morrowind.esm       NPC_    virgerd
	morrowind.esm       NPC_    virvyn athren
	morrowind.esm       NPC_    volrina quarra
	morrowind.esm       NPC_    vuldronu girith
	morrowind.esm       NPC_    yadba gro-khash
	morrowind.esm       NPC_    yam gro-muzgur
	morrowind.esm       NPC_    yargol gro-bashnag
	morrowind.esm       NPC_    yazgash gra-boga
	morrowind.esm       NPC_    ylbert meric
	oaab_data.esm       ARMO    ab_a_cephhelmopen
	tribunal.esm        NPC_    sjoring hard-heart
