IO - Kinsmer (2).ESP: DUP-REC MASTERS MISSVER MOD-INF OVR-REC
    MASTERS: out of sync with the masters installed in your Data Files directory:
	Tamriel_Data.esm            10684550 (plugin)   11064795 (installed size)
    [OVR-REC] Overridden Records:
	From Master         Type    Name
	morrowind.esm       CLAS    mabrigash
	morrowind.esm       DIAL    meet the archcanon
	morrowind.esm       LEVI    imperial guard random skirt
	morrowind.esm       LEVI    imperial guard random weapon
	morrowind.esm       LEVI    l_n_armor_cuirass
	morrowind.esm       LEVI    l_n_armor_helmet
	morrowind.esm       LEVI    l_n_armor_pauldron
	morrowind.esm       NPC_    aditte oges
	morrowind.esm       NPC_    adraria vandacia
	morrowind.esm       NPC_    alavesa samori
	morrowind.esm       NPC_    aldaril
	morrowind.esm       NPC_    allian carbo
	morrowind.esm       NPC_    alvela saram
	morrowind.esm       NPC_    andalin hardil
	morrowind.esm       NPC_    angoril
	morrowind.esm       NPC_    anise romoran
	morrowind.esm       NPC_    ansu senatbael
	morrowind.esm       NPC_    aredhel
	morrowind.esm       NPC_    aroa nethalen
	morrowind.esm       NPC_    arvama rathri
	morrowind.esm       NPC_    arvela falas
	morrowind.esm       NPC_    arvs raram
	morrowind.esm       NPC_    arvso tharen
	morrowind.esm       NPC_    asha-ammu kutebani
	morrowind.esm       NPC_    assamanu shashipal
	morrowind.esm       NPC_    assimusa samsi
	morrowind.esm       NPC_    astien masoriane
	morrowind.esm       NPC_    athyn sarethi
	morrowind.esm       NPC_    augurius sialius
	morrowind.esm       NPC_    aumsi
	morrowind.esm       NPC_    aunius autrus
	morrowind.esm       NPC_    avron gols
	morrowind.esm       NPC_    bagamul gro-dumul
	morrowind.esm       NPC_    balen sedrethi
	morrowind.esm       NPC_    balis favani
	morrowind.esm       NPC_    baradras
	morrowind.esm       NPC_    benudni ilurnubishpal
	morrowind.esm       NPC_    berapli ashumallit
	morrowind.esm       NPC_    berel sala
	morrowind.esm       NPC_    berela andrano
	morrowind.esm       NPC_    berengeval
	morrowind.esm       NPC_    bethes sarothril
	morrowind.esm       NPC_    bevadar bels
	morrowind.esm       NPC_    birard adrognese
	morrowind.esm       NPC_    bogdub gra-gurakh
	morrowind.esm       NPC_    bolnor andrani
	morrowind.esm       NPC_    bolyn elval
	morrowind.esm       NPC_    brarayni sarys
	morrowind.esm       NPC_    brelda quintella
	morrowind.esm       NPC_    brelo athelvis
	morrowind.esm       NPC_    brerama selas
	morrowind.esm       NPC_    brethas deras
	morrowind.esm       NPC_    brildraso nethan
	morrowind.esm       NPC_    broder garil
	morrowind.esm       NPC_    brolmir
	morrowind.esm       NPC_    bronosa nedalor
	morrowind.esm       NPC_    bugdurash gra-gashel
	morrowind.esm       NPC_    cavortius albuttian
	morrowind.esm       NPC_    ciel nestal
	morrowind.esm       NPC_    cirges adrard
	morrowind.esm       NPC_    cirwedh
	morrowind.esm       NPC_    clilias pullia
	morrowind.esm       NPC_    cocistian quaspus
	morrowind.esm       NPC_    crulius pontanian
	morrowind.esm       NPC_    cun
	morrowind.esm       NPC_    danar dalomo
	morrowind.esm       NPC_    daral thireloth
	morrowind.esm       NPC_    darvynea hleran
	morrowind.esm       NPC_    dead elite ord
	morrowind.esm       NPC_    diren vendu
	morrowind.esm       NPC_    dissu ashalkimallit
	morrowind.esm       NPC_    dram bero
	morrowind.esm       NPC_    dratha
	morrowind.esm       NPC_    drodos galen
	morrowind.esm       NPC_    drores arvel
	morrowind.esm       NPC_    duke's guard
	morrowind.esm       NPC_    duke's guard_tomb
	morrowind.esm       NPC_    duke's guard_tomb2
	morrowind.esm       NPC_    dul gro-dush
	morrowind.esm       NPC_    duldrar saren
	morrowind.esm       NPC_    dumbuk gro-bolak
	morrowind.esm       NPC_    duvianus platorius
	morrowind.esm       NPC_    edryno arethi
	morrowind.esm       NPC_    eindel
	morrowind.esm       NPC_    elitlaya assonirishpal
	morrowind.esm       NPC_    elphiron
	morrowind.esm       NPC_    elumabi malibiran
	morrowind.esm       NPC_    emelin
	morrowind.esm       NPC_    emusette bracques
	morrowind.esm       NPC_    endar drenim
	morrowind.esm       NPC_    endase avel
	morrowind.esm       NPC_    endring
	morrowind.esm       NPC_    endroni dalas
	morrowind.esm       NPC_    engaer
	morrowind.esm       NPC_    ertius fulbenus
	morrowind.esm       NPC_    ervas aradil
	morrowind.esm       NPC_    ervona barys
	morrowind.esm       NPC_    estinan
	morrowind.esm       NPC_    fadren dalis
	morrowind.esm       NPC_    faldan
	morrowind.esm       NPC_    favas nilem
	morrowind.esm       NPC_    favilea sathendas
	morrowind.esm       NPC_    felmena falavel
	morrowind.esm       NPC_    felsa hleran
	morrowind.esm       NPC_    ferarilie riscel
	morrowind.esm       NPC_    feril salmyn
	morrowind.esm       NPC_    ferone veran
	morrowind.esm       NPC_    feruren oran
	morrowind.esm       NPC_    fjorgeir
	morrowind.esm       NPC_    foronir
	morrowind.esm       NPC_    frald the white
	morrowind.esm       NPC_    frik
	morrowind.esm       NPC_    frostien ephine
	morrowind.esm       NPC_    gaelion
	morrowind.esm       NPC_    galar baren
	morrowind.esm       NPC_    galas drenim
	morrowind.esm       NPC_    galmir
	morrowind.esm       NPC_    galvene othrobar
	morrowind.esm       NPC_    garila vedas
	morrowind.esm       NPC_    garisa llethri
	morrowind.esm       NPC_    gelduin
	morrowind.esm       NPC_    general darius
	morrowind.esm       NPC_    glallian maraennius
	morrowind.esm       NPC_    gorchalas
	morrowind.esm       NPC_    gothren
	morrowind.esm       NPC_    grand inquisitor
	morrowind.esm       NPC_    hansi saharnatturapli
	morrowind.esm       NPC_    hinummu siddurnanit
	morrowind.esm       NPC_    hlaalu guard
	morrowind.esm       NPC_    hlaren ramoran
	morrowind.esm       NPC_    hlodala savel
	morrowind.esm       NPC_    idros givyn
	morrowind.esm       NPC_    ienas nadus
	morrowind.esm       NPC_    ilet tistar
	morrowind.esm       NPC_    imare
	morrowind.esm       NPC_    imperial archer
	morrowind.esm       NPC_    imperial guard captain
	morrowind.esm       NPC_    imperial templar_ebon
	morrowind.esm       NPC_    imsin the dreamer
	morrowind.esm       NPC_    irwaen
	morrowind.esm       NPC_    iulus truptor
	morrowind.esm       NPC_    ivramie sarandas
	morrowind.esm       NPC_    jelin
	morrowind.esm       NPC_    katie
	morrowind.esm       NPC_    kausha mantashpi
	morrowind.esm       NPC_    kaye
	morrowind.esm       NPC_    lalatia varian
	morrowind.esm       NPC_    landa
	morrowind.esm       NPC_    largakh gro-bulfim
	morrowind.esm       NPC_    larrius varro
	morrowind.esm       NPC_    lassinia mussillius
	morrowind.esm       NPC_    llaalam dredil
	morrowind.esm       NPC_    llaalam madalas
	morrowind.esm       NPC_    llanel brenos
	morrowind.esm       NPC_    llerar mandas
	morrowind.esm       NPC_    llivas othravel
	morrowind.esm       NPC_    mamaea ashun-idantus
	morrowind.esm       NPC_    mamusa shashmassamsi
	morrowind.esm       NPC_    manirai mirshamammu
	morrowind.esm       NPC_    manu zainab
	morrowind.esm       NPC_    margonet
	morrowind.esm       NPC_    mash gro-burol
	morrowind.esm       NPC_    matus mido
	morrowind.esm       NPC_    mavon drenim
	morrowind.esm       NPC_    medresi ofemalen
	morrowind.esm       NPC_    melvona marvayn
	morrowind.esm       NPC_    melvure rindu
	morrowind.esm       NPC_    mervs uvayn
	morrowind.esm       NPC_    miara viake
	morrowind.esm       NPC_    midnabi sobdishapal
	morrowind.esm       NPC_    miles gloriosus
	morrowind.esm       NPC_    mimanu zeba-adad
	morrowind.esm       NPC_    miner arobar
	morrowind.esm       NPC_    missamsi timmiriran
	morrowind.esm       NPC_    mogak gra-ugruma
	morrowind.esm       NPC_    molvirian palenix
	morrowind.esm       NPC_    mug gro-dulob
	morrowind.esm       NPC_    munbebi addarari
	morrowind.esm       NPC_    nalasa sarothren
	morrowind.esm       NPC_    nalmila thelas
	morrowind.esm       NPC_    nalosi alari
	morrowind.esm       NPC_    nals indrano
	morrowind.esm       NPC_    nalvyna sarinith
	morrowind.esm       NPC_    nanine
	morrowind.esm       NPC_    nash gro-khazor
	morrowind.esm       NPC_    nedeni tenim
	morrowind.esm       NPC_    nervana verelas
	morrowind.esm       NPC_    nethyn valno
	morrowind.esm       NPC_    nevena ules
	morrowind.esm       NPC_    nidryne redas
	morrowind.esm       NPC_    nina
	morrowind.esm       NPC_    nirai ashishpalirdan
	morrowind.esm       NPC_    norus marvel
	morrowind.esm       NPC_    nuleno tedas
	morrowind.esm       NPC_    nummu assudiraplit
	morrowind.esm       NPC_    omesu hlarys
	morrowind.esm       NPC_    optio bologra
	morrowind.esm       NPC_    ordinator_bal_ur
	morrowind.esm       NPC_    orval llaren
	morrowind.esm       NPC_    persius mercius
	morrowind.esm       NPC_    pilu shilansour
	morrowind.esm       NPC_    radd hard-heart
	morrowind.esm       NPC_    raesa pullia
	morrowind.esm       NPC_    ralam vilas
	morrowind.esm       NPC_    ralyn othravel
	morrowind.esm       NPC_    ranosa gilvayn
	morrowind.esm       NPC_    raryn daren
	morrowind.esm       NPC_    redoran guard sarethi1
	morrowind.esm       NPC_    redoran guard sarethi2
	morrowind.esm       NPC_    redoran guard sarethi3
	morrowind.esm       NPC_    redoran guard sarethi4
	morrowind.esm       NPC_    relamu ulom
	morrowind.esm       NPC_    relen hlaalu
	morrowind.esm       NPC_    rerynea salas
	morrowind.esm       NPC_    ruccia conician
	morrowind.esm       NPC_    sadela areth
	morrowind.esm       NPC_    sader
	morrowind.esm       NPC_    salam andrethi
	morrowind.esm       NPC_    salvas areleth
	morrowind.esm       NPC_    salver lleran
	morrowind.esm       NPC_    saprius entius
	morrowind.esm       NPC_    sarmosia vant
	morrowind.esm       NPC_    saryn sarothril
	morrowind.esm       NPC_    sauleius cullian
	morrowind.esm       NPC_    seanwen
	morrowind.esm       NPC_    segunivus mantedius
	morrowind.esm       NPC_    selmen relas
	morrowind.esm       NPC_    shagar gra-snagarz
	morrowind.esm       NPC_    shagdub gra-murz
	morrowind.esm       NPC_    shali assannabalit
	morrowind.esm       NPC_    shardie
	morrowind.esm       NPC_    sharkub gro-khashnar
	morrowind.esm       NPC_    shishi yanumibaal
	morrowind.esm       NPC_    shuzug gro-bug
	morrowind.esm       NPC_    snakha gro-marob
	morrowind.esm       NPC_    sodres nerethi
	morrowind.esm       NPC_    solea nuccusius
	morrowind.esm       NPC_    somutis vunnis
	morrowind.esm       NPC_    strillian macro
	morrowind.esm       NPC_    suryn athones
	morrowind.esm       NPC_    syloria siruliulus
	morrowind.esm       NPC_    synnolian tunifus
	morrowind.esm       NPC_    tamira vian
	morrowind.esm       NPC_    telvanni guard_stand
	morrowind.esm       NPC_    tens nolar
	morrowind.esm       NPC_    tevyn athin
	morrowind.esm       NPC_    theldyn virith
	morrowind.esm       NPC_    tissamsi asharapli
	morrowind.esm       NPC_    tolmera relenim
	morrowind.esm       NPC_    treram milar
	morrowind.esm       NPC_    trevyn fedos
	morrowind.esm       NPC_    ughash gro-batul
	morrowind.esm       NPC_    uloth gra-ushar
	morrowind.esm       NPC_    ulumpha gra-sharob
	morrowind.esm       NPC_    unila berendas
	morrowind.esm       NPC_    uram gro-glorzuf
	morrowind.esm       NPC_    uresa omoril
	morrowind.esm       NPC_    ureval dralayn
	morrowind.esm       NPC_    urzoth gra-bargamph
	morrowind.esm       NPC_    ushamph gro-shamub
	morrowind.esm       NPC_    vantustius pundus
	morrowind.esm       NPC_    vares reram
	morrowind.esm       NPC_    varian angius
	morrowind.esm       NPC_    varis ginith
	morrowind.esm       NPC_    varus vatinius
	morrowind.esm       NPC_    vedam dren
	morrowind.esm       NPC_    vertilvius cines
	morrowind.esm       NPC_    viccia claevius
	morrowind.esm       NPC_    viras guls
	morrowind.esm       NPC_    virvyn athren
	morrowind.esm       NPC_    yambul gro-bogrol
	morrowind.esm       NPC_    yanabani ashushshirari
	morrowind.esm       NPC_    yanibi adur-dan
	morrowind.esm       NPC_    yashnarz gro-ufthamph
	morrowind.esm       NPC_    zabi adidshina
	morrowind.esm       NPC_    zebba asharnalit
	morrowind.esm       NPC_    zennammu
	morrowind.esm       PGRD    balmora
	morrowind.esm       PGRD    buckmoth legion fort
	morrowind.esm       PGRD    ebonheart
	morrowind.esm       PGRD    moonmoth legion fort
	morrowind.esm       PGRD    pelagiad
	morrowind.esm       PGRD    sadrith mora
	morrowind.esm       PGRD    tel aruhn
	morrowind.esm       PGRD    tel mora
	morrowind.esm       PGRD    tel vos
	morrowind.esm       PGRD    west gash region
	morrowind.esm       PGRD    wolverine hall
	tribunal.esm        DIAL    background
	tribunal.esm        NPC_    asciene rane
	tribunal.esm        NPC_    donus serethi
	tribunal.esm        NPC_    ekkhi

[MOD-INF]: ID=10480127003029027954(Topic:meet the archcanon)
  morrowind.esm-------->|DATA|ONAM:danso indules|NAME:The archcanon is in his private quarters, and he very much wishes to speak with you, but I am to warn you... avoid confrontations with the Ordinators at all costs. The archcanon has spoken with the High Fane Ordinators, but if you are a wanted criminal, they may try to arrest you. If the blood of faithful servants of the Temple is spilled, it will make a reconciliation all that much more difficult.|SCVR:04JX3B8_All_Hortator|INTV:2|SCVR:14JX3B8_All_Nerevarine|INTV:2|BNAM:; Danso Indules; Journal "B8_All_Hortator" >= 50; Journal "B8_All_Nerevarine" >= 50  Journal "B8_MeetVivec"  5  "ordinator_high fane"->setFight 30  "ordinator_high fane"->setDisposition 50
  IO - Kinsmer (2).ESP->|DATA|ONAM:danso indules|NAME:The archcanon is in his private quarters, and he very much wishes to speak with you, but I am to warn you... avoid confrontations with the Ordinators at all costs. The archcanon has spoken with the High Fane Ordinators, but if you are a wanted criminal, they may try to arrest you. If the blood of faithful servants of the Temple is spilled, it will make a reconciliation all that much more difficult.|SCVR:04JX3B8_All_Hortator|INTV:2|SCVR:14JX3B8_All_Nerevarine|INTV:2|BNAM:; Danso Indules; Journal "B8_All_Hortator" >= 50; Journal "B8_All_Nerevarine" >= 50  Journal "B8_MeetVivec"  5
