JMK - Pirate Base.esp: DUP-INF DUP-REC JUNKCEL MENUMOD MISSVER OVR-REC
    [MENUMOD] Scripts not checking menumode:
	SCPT(JMKSPBBigBlackGem)
	SCPT(JMKSPBCrysto2Disp)
	SCPT(JMKSPBCrysto3Disp)
	SCPT(JMKSPBDanceF1Nude)
	SCPT(JMKSPBDanceF2Nude)
	SCPT(JMKSPBDanceF3Nude)
	SCPT(JMKSPBDanceM1Nude)
	SCPT(JMKSPBDanceM2Nude)
	SCPT(JMKSPBDanceM3Nude)
	SCPT(JMKSPBFPillo)
	SCPT(JMKSPBFakeTRing)
	SCPT(JMKSPBFloorClock)
	SCPT(JMKSPBLiftReset)
	SCPT(JMKSPBLifto)
	SCPT(JMKSPBMainDoorz)
	SCPT(JMKSPBOutTele)
	SCPT(JMKSPBPrizBrr)
	SCPT(JMKSPBPrizFlamey)
	SCPT(JMKSPBPrizParalys)
	SCPT(JMKSPBPrizPoise)
	SCPT(JMKSPBPrizShocky)
	SCPT(JMKSPBPrizShow)
	SCPT(JMKSPBTwilightCrim)
	SCPT(JMKSPBWPainting2)
	SCPT(JMKSPBWPainting3)
	SCPT(JMKSPBWallPainting)
    [JUNKCEL] Junk Cells:                        Flags
	Azura's Coast Region (18, 9)             0x02
	Azura's Coast Region (19, 8)             0x02
	Azura's Coast Region (19, 9)             0x02
    [OVR-REC] Overridden Records:
	From Master         Type    Name
	bloodmoon.esm       LTEX    sand_02
	morrowind.esm       LAND    (18, 8)
	morrowind.esm       LAND    (18, 9)
	morrowind.esm       LAND    (19, 8)
	morrowind.esm       LAND    (19, 9)
	morrowind.esm       LTEX    ac_darkstone02
	morrowind.esm       LTEX    tx_ai_mudflats_01.tga
	morrowind.esm       PGRD    azura's coast region
	tribunal.esm        DIAL    greeting 5

[DUP-INF]: ID=229091991934227657(Greeting:greeting 5)
  |DATA|ONAM:big head|NAME:Go about your business now! The master waits! Fork fork fork. Stabbing meat, lovely meat.|SCVR:04JX2DA_Sheogorath|INTV: |BNAM:Journal "DA_Sheogorath" 30

[DUP-INF]: ID=3220046292198632075(Greeting:greeting 5)
  |DATA|ONAM:tarer braryn|NAME:Hello %PCName! I hope you'll be able to speak to Trebonius soon and offer my apologies. This rash is killing me!|SCVR:04JX3MS_Apologies|INTV|SCVR:14JX4MS_Apologies|INTV:d
