JMK - Scary Ruin.esp: AUTOSPL DUP-INF DUP-REC MENUMOD MISSVER OVR-REC
    [AUTOSPL] Auto-calced Spells:
	jmkscrushadowsuck              Shadow's Absorbing
    [MENUMOD] Scripts not checking menumode:
	SCPT(JMKScRuBossssSCPT)
	SCPT(JMKScRuCavHeatDorSCPT)
	SCPT(JMKScRuDropDoorzSCPT)
	SCPT(JMKScRuDwemGearDevSCPT)
	SCPT(JMKScRuDwemerLampSCPT)
	SCPT(JMKScRuEmptyDoorSCPT)
	SCPT(JMKScRuEmptyKillFloor)
	SCPT(JMKScRuFallingPipeSCPT)
	SCPT(JMKScRuFangrumOrcSCPT)
	SCPT(JMKScRuFenrisulfrSCPT)
	SCPT(JMKScRuHandSpook)
	SCPT(JMKScRuHindorienSCPT)
	SCPT(JMKScRuKaryneenSCPT)
	SCPT(JMKScRuLowaFactryDorSCPT)
	SCPT(JMKScRuNamiraStatSCPT)
	SCPT(JMKScRuOmelliusSCPT)
	SCPT(JMKScRuRstRoomDoorSCPT)
	SCPT(JMKScRuRustyTapSCPT)
	SCPT(JMKScRuSarcoBox)
	SCPT(JMKScRuShackPistoSCPT)
	SCPT(JMKScRuShorannaScalySCPT)
	SCPT(JMKScRuSpekkyBoneSCPT)
	SCPT(JMKScRuSpekkyHeartSCPT)
	SCPT(JMKScRuSpekkySkull)
	SCPT(JMKScRuSpookyAmuSCPT)
	SCPT(JMKScRuSpringSkeleton)
	SCPT(JMKScRuStorajDoorSCPT)
	SCPT(JMKScRuUppaFactoryDorSCPT)
	SCPT(JMKScRuZappingSound)
    [OVR-REC] Overridden Records:
	From Master         Type    Name
	bloodmoon.esm       LTEX    ac_darkgravel
	bloodmoon.esm       LTEX    sand_02
	morrowind.esm       LAND    (10, 17)
	morrowind.esm       LAND    (10, 18)
	morrowind.esm       LAND    (9, 17)
	morrowind.esm       LAND    (9, 18)
	morrowind.esm       LTEX    ac_darkstone01
	morrowind.esm       LTEX    ac_darkstone02
	morrowind.esm       LTEX    ac_darkstone_grass
	morrowind.esm       LTEX    ac_dirtroad_01
	morrowind.esm       LTEX    tx_ai_mudflats_01.tga
	morrowind.esm       LTEX    wg_scrub plain
	tribunal.esm        DIAL    greeting 5

[DUP-INF]: ID=302351016699625199(Greeting:greeting 5)
  |DATA|ONAM:edd theman|NAME:You again? What do you want?

[DUP-INF]: ID=322725661549327586(Greeting:greeting 5)
  |DATA|ONAM:gothren|NAME:I have not changed my mind. I do not intend for you to even be the Telvanni Hortator. Fulfill the prophecies in your next incarnation, Nerevar.|SCVR:34JX3B7_GothrenHort|INTV:2
