Jobs.esm: DUP-INF DUP-REC MENUMOD MISSVER MOD-INF OVR-REC
    [MENUMOD] Scripts not checking menumode:
	SCPT(JOBAlchemyApparatusesScript)
	SCPT(JOBAlchemyApparatuses_Script)
	SCPT(JOBAlchemyCureBlightDiseaseScript)
	SCPT(JOBAlchemyCureCommonDiseaseScript)
	SCPT(JOBAlchemyCureParalyzationScript)
	SCPT(JOBAlchemyCurePoisonScript)
	SCPT(JOBAlchemyCure_Script)
	SCPT(JOBAlchemyDetectCreaturesScript)
	SCPT(JOBAlchemyDetectEnchantmentScript)
	SCPT(JOBAlchemyDetectKeyScript)
	SCPT(JOBAlchemyDetect_Script)
	SCPT(JOBAlchemyFortifyAgilityScript)
	SCPT(JOBAlchemyFortifyEnduranceScript)
	SCPT(JOBAlchemyFortifyFatigueScript)
	SCPT(JOBAlchemyFortifyHealthScript)
	SCPT(JOBAlchemyFortifyIntelligenceScript)
	SCPT(JOBAlchemyFortifyLuckScript)
	SCPT(JOBAlchemyFortifyMagickaScript)
	SCPT(JOBAlchemyFortifyPersonalityScript)
	SCPT(JOBAlchemyFortifySpeedScript)
	SCPT(JOBAlchemyFortifyStrengthScript)
	SCPT(JOBAlchemyFortifyWillpowerScript)
	SCPT(JOBAlchemyFortify_Script01)
	SCPT(JOBAlchemyFortify_Script02)
	SCPT(JOBAlchemyOtherDispelScript)
	SCPT(JOBAlchemyOtherFeatherScript)
	SCPT(JOBAlchemyOtherInvisibilityScript)
	SCPT(JOBAlchemyOtherLightScript)
	SCPT(JOBAlchemyOtherNightEyeScript)
	SCPT(JOBAlchemyOtherReflectionScript)
	SCPT(JOBAlchemyOtherRisingForceScript)
	SCPT(JOBAlchemyOtherSAbsorptionScript)
	SCPT(JOBAlchemyOtherSwiftSwinScript)
	SCPT(JOBAlchemyOtherTelekinesisScript)
	SCPT(JOBAlchemyOtherWaterBreathingScript)
	SCPT(JOBAlchemyOtherWaterWalkingScript)
	SCPT(JOBAlchemyOther_Script01)
	SCPT(JOBAlchemyOther_Script02)
	SCPT(JOBAlchemyPay)
	SCPT(JOBAlchemyResistanceFireScript)
	SCPT(JOBAlchemyResistanceFrostScript)
	SCPT(JOBAlchemyResistancePoisonScript)
	SCPT(JOBAlchemyResistanceShockScript)
	SCPT(JOBAlchemyResistance_Script)
	SCPT(JOBAlchemyRestoreAgilityScript)
	SCPT(JOBAlchemyRestoreEnduranceScript)
	SCPT(JOBAlchemyRestoreFatigueScript)
	SCPT(JOBAlchemyRestoreHealthScript)
	SCPT(JOBAlchemyRestoreIntelligenceScript)
	SCPT(JOBAlchemyRestoreLuckScript)
	SCPT(JOBAlchemyRestoreMagickaScript)
	SCPT(JOBAlchemyRestorePersonalityScript)
	SCPT(JOBAlchemyRestoreSpeedScript)
	SCPT(JOBAlchemyRestoreStrengthScript)
	SCPT(JOBAlchemyRestoreWillpowerScript)
	SCPT(JOBAlchemyRestore_Script01)
	SCPT(JOBAlchemyRestore_Script02)
	SCPT(JOBAlchemyShieldFireScript)
	SCPT(JOBAlchemyShieldFrostScript)
	SCPT(JOBAlchemyShieldLightningScript)
	SCPT(JOBAlchemyShield_Script)
	SCPT(JOBAlchemySkillScript)
	SCPT(JOBAlchemyTopicScript)
	SCPT(JOBChopWoodRRBossScript)
	SCPT(JOBChopWoodTopicScript)
	SCPT(JOBCookedAshYamScript)
	SCPT(JOBCookedBittergreenPetalsScript)
	SCPT(JOBCookedCrabMeatScript)
	SCPT(JOBCookedDurzogMeatScript)
	SCPT(JOBCookedHackleLoLeafScript)
	SCPT(JOBCookedHoundMeatScript)
	SCPT(JOBCookedLargeKwamaEggScript)
	SCPT(JOBCookedMarshmerrowScript)
	SCPT(JOBCookedRatMeatScript)
	SCPT(JOBCookedSaltriceScript)
	SCPT(JOBCookedScalesScript)
	SCPT(JOBCookedSmallKwamaScript)
	SCPT(JOBCookingPay)
	SCPT(JOBCookingPotScript)
	SCPT(JOBCookingTopicScript)
	SCPT(JOBCooking_PotScript)
	SCPT(JOBEGGMININGSackScript)
	SCPT(JOBEggMiningAshaAhheBossScript)
	SCPT(JOBEggMiningDaynilaValasScript)
	SCPT(JOBEggMiningGulenaGirithScript)
	SCPT(JOBEggMiningHaakonScript)
	SCPT(JOBEggMiningPay)
	SCPT(JOBEggMiningSeviloOthanScript)
	SCPT(JOBEggMiningThelsaDralScript)
	SCPT(JOBEggMiningTopicScript)
	SCPT(JOBFARMINGAshYam01Script)
	SCPT(JOBFARMINGAshYam02Script)
	SCPT(JOBFARMINGComberryScript)
	SCPT(JOBFARMINGCorkbulbRootScript)
	SCPT(JOBFARMINGCountScript)
	SCPT(JOBFARMINGMarshmerrow01Script)
	SCPT(JOBFARMINGMarshmerrow02Script)
	SCPT(JOBFARMINGMarshmerrow03Script)
	SCPT(JOBFARMINGMuck01Script)
	SCPT(JOBFARMINGMuck02Script)
	SCPT(JOBFARMINGMuck03Script)
	SCPT(JOBFARMINGMuck04Script)
	SCPT(JOBFARMINGMuck05Script)
	SCPT(JOBFARMINGMuck06Script)
	SCPT(JOBFARMINGMuckNoJobScript)
	SCPT(JOBFARMINGRemoveScript)
	SCPT(JOBFARMINGSaltrice01Script)
	SCPT(JOBFARMINGSaltrice02Script)
	SCPT(JOBFarmingMuckShovelScript)
	SCPT(JOBFarmingPay)
	SCPT(JOBFarmingTopicScript)
	SCPT(JOBMiningDiamindScript)
	SCPT(JOBMiningEbonyScript)
	SCPT(JOBMiningFGNixHound01Script)
	SCPT(JOBMiningFGNixHound02Script)
	SCPT(JOBMiningFGNixHound03Script)
	SCPT(JOBMiningFGNixHound04Script)
	SCPT(JOBMiningGlassScript)
	SCPT(JOBMiningPay)
	SCPT(JOBMiningTopicScript)
	SCPT(JOBRawFoodsScript01)
	SCPT(JOBRawFoodsScript02)
	SCPT(JOBSSAshYamSoupScript)
	SCPT(JOBSSBittergreenSoupScript)
	SCPT(JOBSSGoblinStewScript)
	SCPT(JOBSSHackleLoLeafSoupScript)
	SCPT(JOBSSHoundStewScript)
	SCPT(JOBSSMarshmerrowSoupScript)
	SCPT(JOBSSRatStewScript)
	SCPT(JOBSSVegetableSoupScript)
	SCPT(JOBSmelterPay)
	SCPT(JOBSmelterScript)
	SCPT(JOBSmelter_RavenRockScript)
	SCPT(JOBSmelter_Script)
	SCPT(JOBSmeltingTopicScript)
	SCPT(JOBSmithingAdamantium_Script01)
	SCPT(JOBSmithingAdamantium_Script02)
	SCPT(JOBSmithingAnvilBMScript)
	SCPT(JOBSmithingAnvilMWScript)
	SCPT(JOBSmithingAnvilNotUsedScript)
	SCPT(JOBSmithingAnvilUseBloodmoon_Script)
	SCPT(JOBSmithingAnvilUseMorrowind_Script)
	SCPT(JOBSmithingAnvil_MWScript)
	SCPT(JOBSmithingAnvil_SkaalScript)
	SCPT(JOBSmithingAnvil_ThirskScript)
	SCPT(JOBSmithingBearBPRemove)
	SCPT(JOBSmithingBear_Script01)
	SCPT(JOBSmithingBear_Script02)
	SCPT(JOBSmithingBonemoldBMRRemove)
	SCPT(JOBSmithingBonemold_Script01)
	SCPT(JOBSmithingBonemold_Script02)
	SCPT(JOBSmithingBonemold_Script03)
	SCPT(JOBSmithingChitin_Script01)
	SCPT(JOBSmithingChitin_Script02)
	SCPT(JOBSmithingChitin_Script03)
	SCPT(JOBSmithingDD_Script01)
	SCPT(JOBSmithingDD_Script02)
	SCPT(JOBSmithingDD_Script03)
	SCPT(JOBSmithingDaedric_Script01)
	SCPT(JOBSmithingDaedric_Script02)
	SCPT(JOBSmithingDaedric_Script03)
	SCPT(JOBSmithingDaedric_Script04)
	SCPT(JOBSmithingEbony_Script01)
	SCPT(JOBSmithingEbony_Script02)
	SCPT(JOBSmithingEbony_Script03)
	SCPT(JOBSmithingForgeScript)
	SCPT(JOBSmithingGlass_Script01)
	SCPT(JOBSmithingGlass_Script02)
	SCPT(JOBSmithingGlass_Script03)
	SCPT(JOBSmithingHuntsman_Script)
	SCPT(JOBSmithingImperial_Script01)
	SCPT(JOBSmithingImperial_Script02)
	SCPT(JOBSmithingIron_Script01)
	SCPT(JOBSmithingIron_Script02)
	SCPT(JOBSmithingIron_Script03)
	SCPT(JOBSmithingIron_Script04)
	SCPT(JOBSmithingMistakeBearPeltScript)
	SCPT(JOBSmithingMistakeBonemealScript)
	SCPT(JOBSmithingMistakeChitinPlateScript)
	SCPT(JOBSmithingMistakeFirewoodScript)
	SCPT(JOBSmithingMistakeIronIgnotScript)
	SCPT(JOBSmithingMistakeLeatherSScript)
	SCPT(JOBSmithingMistakeLeatherScript)
	SCPT(JOBSmithingMistakeResinScript)
	SCPT(JOBSmithingMistakeShalkResinScript)
	SCPT(JOBSmithingMistakeSilverIgnotScript)
	SCPT(JOBSmithingMistakeSteelIgnotScript)
	SCPT(JOBSmithingMistakeWolfPeltScript)
	SCPT(JOBSmithingMistake_HouseHScript)
	SCPT(JOBSmithingMistake_HouseRScript)
	SCPT(JOBSmithingMistake_HouseTScript)
	SCPT(JOBSmithingMistake_ImpScript)
	SCPT(JOBSmithingMistake_OtherScript)
	SCPT(JOBSmithingMistake_SkaalScript)
	SCPT(JOBSmithingMistake_ThirskScript)
	SCPT(JOBSmithingNetch_Script01)
	SCPT(JOBSmithingNetch_Script02)
	SCPT(JOBSmithingNordic_Script01)
	SCPT(JOBSmithingNordic_Script02)
	SCPT(JOBSmithingNordic_Script03)
	SCPT(JOBSmithingNordic_Script04)
	SCPT(JOBSmithingOrcish_Script01)
	SCPT(JOBSmithingOrcish_Script02)
	SCPT(JOBSmithingPay)
	SCPT(JOBSmithingSI_Script01)
	SCPT(JOBSmithingSI_Script02)
	SCPT(JOBSmithingSilver_Script01)
	SCPT(JOBSmithingSilver_Script02)
	SCPT(JOBSmithingSkaalPay)
	SCPT(JOBSmithingSkillScript)
	SCPT(JOBSmithingSteel_Script01)
	SCPT(JOBSmithingSteel_Script02)
	SCPT(JOBSmithingSteel_Script03)
	SCPT(JOBSmithingSteel_Script04)
	SCPT(JOBSmithingSteel_Script05)
	SCPT(JOBSmithingThirskPay)
	SCPT(JOBSmithingTools_Script01)
	SCPT(JOBSmithingTools_Script02)
	SCPT(JOBSmithingTools_Script03)
	SCPT(JOBSmithingTopicScript)
	SCPT(JOBSmithingTypeMorrowind_Script)
	SCPT(JOBSmithingWolfWPRemove)
	SCPT(JOBSmithingWolf_Script01)
	SCPT(JOBSmithingWolf_Script02)
	SCPT(JOBSmithing_ForgeScript01)
	SCPT(JOBSmithing_ForgeScript02)
	SCPT(JOBSmithing_ForgeScript03)
	SCPT(JOBSoupsAndStewsScript)
	SCPT(JOBTanningAlitHideScript)
	SCPT(JOBTanningBearPeltScript)
	SCPT(JOBTanningBristlebackLeatherScript)
	SCPT(JOBTanningGuarHideScript)
	SCPT(JOBTanningKagoutiHideScript)
	SCPT(JOBTanningLeather01Script)
	SCPT(JOBTanningLeather02Script)
	SCPT(JOBTanningLeatherStripsScript)
	SCPT(JOBTanningNetchLeatherScript)
	SCPT(JOBTanningPay)
	SCPT(JOBTanningRackScript)
	SCPT(JOBTanningRack_Script)
	SCPT(JOBTanningSkaalPay)
	SCPT(JOBTanningSnowBearPeltScript)
	SCPT(JOBTanningSnowWolfPeltScript)
	SCPT(JOBTanningThirskPay)
	SCPT(JOBTanningTopic)
	SCPT(JOBTanningWolfPeltScript)
	SCPT(JOBWEIGHTSCRIPT)
	SCPT(JOBWoodChoppingPay)
	SCPT(JOBWoodChoppingScript)
	SCPT(JOBWoodChoppingSkaalPay)
	SCPT(JOBWoodChoppingThirskPay)
	SCPT(JOBWoodChopping_RavenRockScript)
	SCPT(JobSmelterAdmantiumIgnotScript)
	SCPT(JobSmelterDwarvenIgnotBowlScript)
	SCPT(JobSmelterDwarvenIgnotCogScript)
	SCPT(JobSmelterDwarvenIgnotGobletScript)
	SCPT(JobSmelterDwarvenIgnotMugScript)
	SCPT(JobSmelterDwarvenIgnotPitcherScript)
	SCPT(JobSmelterDwarvenIgnotSMetalScript)
	SCPT(JobSmelterDwarvenIgnot_Script)
	SCPT(JobSmelterEbonyIgnotScript)
	SCPT(JobSmelterGlassIgnotScript)
	SCPT(kwamaQueenGnisis)
    [OVR-REC] Overridden Records:
	From Master         Type    Name
	bloodmoon.esm       NPC_    zeno faustus
	morrowind.esm       CONT    flora_muckspunge_01
	morrowind.esm       CONT    flora_muckspunge_02
	morrowind.esm       CONT    flora_muckspunge_03
	morrowind.esm       CONT    flora_muckspunge_04
	morrowind.esm       CONT    flora_muckspunge_05
	morrowind.esm       CONT    flora_muckspunge_06
	morrowind.esm       CONT    pot_01
	morrowind.esm       CREA    shalk
	morrowind.esm       CREA    shalk_blighted
	morrowind.esm       CREA    shalk_diseased
	morrowind.esm       CREA    shalk_diseased_hram
	morrowind.esm       DIAL    dissapla mine
	morrowind.esm       DIAL    eggmine
	morrowind.esm       LEVI    l_m_armor
	morrowind.esm       LEVI    l_m_wpn_melee
	morrowind.esm       LEVI    l_m_wpn_missle
	morrowind.esm       LEVI    l_n_armor
	morrowind.esm       LEVI    l_n_wpn_melee
	morrowind.esm       LEVI    l_n_wpn_missle
	morrowind.esm       NPC_    ashumanu eraishah
	morrowind.esm       NPC_    danel indaren
	morrowind.esm       NPC_    dangor
	morrowind.esm       NPC_    daynila valas
	morrowind.esm       NPC_    dolmesa sarano
	morrowind.esm       NPC_    drarayne girith
	morrowind.esm       NPC_    elone
	morrowind.esm       NPC_    eris telas
	morrowind.esm       NPC_    fenas madach
	morrowind.esm       NPC_    gadela andus
	morrowind.esm       NPC_    gulena girith
	morrowind.esm       NPC_    haakon
	morrowind.esm       NPC_    hinald
	morrowind.esm       NPC_    lirielle stoine
	morrowind.esm       NPC_    mausur ababael
	morrowind.esm       NPC_    miner kati
	morrowind.esm       NPC_    nelacar
	morrowind.esm       NPC_    nivos drivam
	morrowind.esm       NPC_    novor drethan
	morrowind.esm       NPC_    selkirnemus
	morrowind.esm       NPC_    sevilo othan
	morrowind.esm       NPC_    sorcalin
	morrowind.esm       NPC_    thanelen velas
	morrowind.esm       NPC_    thelsa dral
	morrowind.esm       NPC_    thongar
	morrowind.esm       PGRD    balmora
	morrowind.esm       PGRD    caldera
	morrowind.esm       PGRD    gnisis
	tribunal.esm        DIAL    beds
	tribunal.esm        DIAL    greeting 0
	tribunal.esm        DIAL    greeting 5
	tribunal.esm        DIAL    travel together
	tribunal.esm        NPC_    hession
	tribunal.esm        NPC_    ra'tesh

[DUP-INF]: ID=4325609943702902(Topic:beds)
  |DATA|CNAM:Publican|NAME:Yes, we have one available. It's 10 gold for the rest of the day. Do you want it?|SCVR:03sX0rent|INTV:|BNAM:Choice, "Yes", 1, "No", 2

[MOD-INF]: ID=168295695261022538(Greeting:greeting 5)
  morrowind.esm->|DATA|ONAM:teres arothan|NAME:Tell me when you're ready to travel together.|SCVR:03sX0followNow|INTV:|SCVR:34JX4FG_DissaplaMine|INTV:F
  Jobs.esm------>|DATA|ONAM:teres arothan|NAME:Tell me when you're ready to travel together.|SCVR:03sX0followNow|INTV:|SCVR:34JX4FG_DissaplaMine|INTV:F|SCVR:44JX3FG_DissaplaMine|INTV: 

[MOD-INF]: ID=197816295116787093(Greeting:greeting 5)
  morrowind.esm->|DATA|ONAM:novor drethan|NAME:Greetings. Are you here to help? We've been having some problems here in the Dissapla Mine.|SCVR:34JX4FG_DissaplaMine|INTV:d
  Jobs.esm------>|DATA|ONAM:novor drethan|NAME:Greetings. Are you here to help? We've been having some problems here in the Dissapla Mine.|SCVR:34JX4FG_DissaplaMine|INTV:d|SCVR:44JX3FG_DissaplaMine|INTV: 

[MOD-INF]: ID=303056792971023918(Topic:travel together)
  morrowind.esm->|DATA|ONAM:teres arothan|NAME:Are you ready to guide me back to Novor Drethan?|BNAM:Choice "Follow me" 1 "Wait here" 2
  Jobs.esm------>|DATA|ONAM:teres arothan|NAME:Are you ready to guide me back to Novor Drethan?|SCVR:04JX3FG_DissaplaMine|INTV|BNAM:Choice "Follow me" 1 "Wait here" 2

[DUP-INF]: ID=1224319899288117550(Greeting:greeting 0)
  |DATA|CNAM:Guard|ANAM:Chun-Ook, Upper Level|NAME:You can't be in here, %PCRace. And I'm afraid I can't let you leave. The Company wouldn't like that at all.|SCVR:01490|INTV|BNAM:StartCombat Player  Goodbye

[MOD-INF]: ID=2157213177221565784(Topic:eggmine)
  morrowind.esm->|DATA|ONAM:general darius|NAME:The eggmine was closed recently because of the risk of spreading the blight, but the miners here need the eggmine to support their families. Find the blighted kwama queen and cure her. Either cast a cure blight spell on her, or speak with Hetman Abelmawia who has scrolls of cure blight.|SCVR:34JX3IL_WidowLand|INTV:d|BNAM:Journal IL_GnisisBlight 10
  Jobs.esm------>|DATA|ONAM:general darius|NAME:The eggmine was closed recently because of the risk of spreading the blight, but the miners here need the eggmine to support their families. Find the blighted kwama queen and cure her. Either cast a cure blight spell on her, or speak with Hetman Abelmawia who has scrolls of cure blight.|SCVR:34JX3IL_WidowLand|INTV:d|BNAM:Journal IL_GnisisBlight 10  JOBEggMiningKwamaGnis01->setfight 90  JOBEggMiningKwamaGnis02->setfight 90

[DUP-INF]: ID=2467420241504626206(Topic:beds)
  |DATA|ONAM:hession|NAME:Very well, the bed is yours for the day. You'll find the room on the bottom floor, at the North end of the bar.|SCVR:01500|INTV|SCVR:15IX3Gold_001|INTV: |BNAM:set rent to 1 ;this does everything in the publican's script MOURNHOLD WINGED GUAR  additem, gold_001, 10  player->removeitem, gold_001, 10  moddisposition 2

[MOD-INF]: ID=2492730217118499073(Topic:dissapla mine)
  morrowind.esm->|DATA|ONAM:novor drethan|NAME:Teres is dead?! Double damn.... Leave me. Now.|SCVR:34JX5FG_DissaplaMine|INTV:7|SCVR:56DX0teres arothan|INTV|BNAM:Journal FG_DissaplaMine 55  ModDisposition -30  Goodbye
  Jobs.esm------>|DATA|ONAM:novor drethan|NAME:Teres is dead?! Double damn.... Leave me. Now.|SCVR:34JX5FG_DissaplaMine|INTV:7|SCVR:44JX3FG_DissaplaMine|INTV: |SCVR:56DX0teres arothan|INTV|BNAM:Journal FG_DissaplaMine 55  ModDisposition -30  Goodbye

[DUP-INF]: ID=3579309451481124256(Topic:beds)
  |DATA|CNAM:Publican|NAME:I don't like you staying here. Get lost.

[MOD-INF]: ID=7303132632473122520(Topic:eggmine)
  morrowind.esm->|DATA|ONAM:general darius|NAME:Good. Now the miners can go back to work. We'll still have to put guards in the lower parts of the eggmine, but at least the villagers can get their eggs. Take these 100 drakes as a reward.|SCVR:01500|INTV|SCVR:34JX3IL_GnisisBlight|INTV:2|BNAM:Journal IL_GnisisBlight 100  ModPCFacRep 5 "Imperial Legion"  ModDisposition 10  player->additem, gold_001, 100
  Jobs.esm------>|DATA|ONAM:general darius|NAME:Good. Now the miners can go back to work. We'll still have to put guards in the lower parts of the eggmine, but at least the villagers can get their eggs. Take these 100 drakes as a reward.|SCVR:01500|INTV|SCVR:34JX3IL_GnisisBlight|INTV:2|BNAM:Journal IL_GnisisBlight 100  ModPCFacRep 5 "Imperial Legion"  ModDisposition 10  player->additem, gold_001, 100  JOBEggMiningKwamaGnis01->setfight 30  JOBEggMiningKwamaGnis02->setfight 30

[MOD-INF]: ID=10133165931836820387(Topic:dissapla mine)
  morrowind.esm->|DATA|ONAM:novor drethan|NAME:A pack of nix-hounds was attacking my miners. We thought one of the miners was lost at first, but she turned up safe. Our healer, Teres Arothan went down to look for her and hasn't come back. Would you go down into the mines and bring back Teres Arothan if he still lives?|SCVR:04JX4FG_DissaplaMine|INTV|BNAM:Journal FG_DissaplaMine 30  Choice "Yes" 1 "No" 2
  Jobs.esm------>|DATA|ONAM:novor drethan|NAME:A pack of nix-hounds was attacking my miners. We thought one of the miners was lost at first, but she turned up safe. Our healer, Teres Arothan went down to look for her and hasn't come back. Would you go down into the mines and bring back Teres Arothan if he still lives?|SCVR:04JX4FG_DissaplaMine|INTV|SCVR:14JX3FG_DissaplaMine|INTV: |BNAM:Journal FG_DissaplaMine 30  Choice "Yes" 1 "No" 2

[MOD-INF]: ID=14630199511653610010(Greeting:greeting 5)
  morrowind.esm->|DATA|ONAM:teres arothan|NAME:Did Novor Drethan send you? Let's travel together back to the mine entrance.|SCVR:01630|INTV:
  Jobs.esm------>|DATA|ONAM:teres arothan|NAME:Did Novor Drethan send you? Let's travel together back to the mine entrance.|SCVR:04JX3FG_DissaplaMine|INTV|SCVR:14JX5FG_DissaplaMine|INTV:(

[MOD-INF]: ID=20471149702765414293(Topic:travel together)
  morrowind.esm->|DATA|ONAM:teres arothan|NAME:Do you want me to wait here?|SCVR:03sX0followNow|INTV|BNAM:Choice "Follow me" 1 "Wait here" 2
  Jobs.esm------>|DATA|ONAM:teres arothan|NAME:Do you want me to wait here?|SCVR:03sX0followNow|INTV|SCVR:14JX0FG_DissaplaMine|INTV:2|BNAM:Choice "Follow me" 1 "Wait here" 2

[MOD-INF]: ID=26649164721047619211(Topic:dissapla mine)
  morrowind.esm->|DATA|ONAM:novor drethan|DNAM:Fighters Guild|NAME:A pack of nix hounds was attacking my miners. We thought one of the miners was lost at first, but she turned up safe. Our healer, Teres Arothan went down to look for her and hasn't come back. Would you go down into the mines and bring back Teres Arothan if he still lives? I would go myself, but I should stay here to protect the miners if the nix hounds come back this way.|SCVR:34JX4FG_DissaplaMine|INTV|BNAM:Journal FG_DissaplaMine 30
  Jobs.esm------>|DATA|ONAM:novor drethan|DNAM:Fighters Guild|NAME:A pack of nix hounds was attacking my miners. We thought one of the miners was lost at first, but she turned up safe. Our healer, Teres Arothan went down to look for her and hasn't come back. Would you go down into the mines and bring back Teres Arothan if he still lives? I would go myself, but I should stay here to protect the miners if the nix hounds come back this way.|SCVR:34JX4FG_DissaplaMine|INTV|SCVR:44JX3FG_DissaplaMine|INTV: |BNAM:Journal FG_DissaplaMine 30

[MOD-INF]: ID=31423196362046028021(:dissapla mine)
  morrowind.esm->|DATA|ONAM:teres arothan|NAME:These Nix Hounds think the mine is theirs. Let's travel together back to Novor Drethan so he knows I'm safe.
  Jobs.esm------>|NAME:These Nix Hounds think the mine is theirs. Let's travel together back to Novor Drethan so he knows I'm safe.|DELE:
