Joki's Magicka Regeneration v. 1.2.ESP: DUP-REC MISSAUT MISSDSC MISSVER OVR-REC
    [OVR-REC] Overridden Records:
	From Master         Type    Name
	bloodmoon.esm       CREA    atronach_frost_bm
	bloodmoon.esm       CREA    bm_draugr01
	bloodmoon.esm       CREA    bm_draugr_bloodskal
	bloodmoon.esm       CREA    bm_hircine_huntaspect
	bloodmoon.esm       CREA    draugr_aesliip
	morrowind.esm       BSGN    elfborn
	morrowind.esm       BSGN    wombburned
	morrowind.esm       CREA    ancestor_ghost
	morrowind.esm       CREA    ancestor_guardian_heler
	morrowind.esm       CREA    ascended_sleeper
	morrowind.esm       CREA    ash_ghoul
	morrowind.esm       CREA    ash_slave
	morrowind.esm       CREA    atronach_flame
	morrowind.esm       CREA    atronach_flame_az
	morrowind.esm       CREA    atronach_flame_ttmk
	morrowind.esm       CREA    atronach_frost
	morrowind.esm       CREA    atronach_frost_ttmk
	morrowind.esm       CREA    bonelord
	morrowind.esm       CREA    bonewalker
	morrowind.esm       CREA    bonewalker_dead
	morrowind.esm       CREA    bonewalker_greater
	morrowind.esm       CREA    bonewalker_weak
	morrowind.esm       CREA    corprus_stalker
	morrowind.esm       CREA    corprus_stalker_berwen
	morrowind.esm       CREA    corprus_stalker_danar
	morrowind.esm       CREA    corprus_stalker_fgcs
	morrowind.esm       CREA    corprus_stalker_fyr01
	morrowind.esm       CREA    corprus_stalker_fyr02
	morrowind.esm       CREA    corprus_stalker_fyr03
	morrowind.esm       CREA    corprus_stalker_morvayn
	morrowind.esm       CREA    daedroth
	morrowind.esm       CREA    daedroth_az
	morrowind.esm       CREA    daedroth_baladas
	morrowind.esm       CREA    daedroth_fg_nchur
	morrowind.esm       CREA    dagoth aladus
	morrowind.esm       CREA    dagoth araynys
	morrowind.esm       CREA    dagoth baler
	morrowind.esm       CREA    dagoth daynil
	morrowind.esm       CREA    dagoth delnus
	morrowind.esm       CREA    dagoth drals
	morrowind.esm       CREA    dagoth draven
	morrowind.esm       CREA    dagoth elam
	morrowind.esm       CREA    dagoth fals
	morrowind.esm       CREA    dagoth fandril
	morrowind.esm       CREA    dagoth felmis
	morrowind.esm       CREA    dagoth fervas
	morrowind.esm       CREA    dagoth galmis
	morrowind.esm       CREA    dagoth gilvoth
	morrowind.esm       CREA    dagoth goral
	morrowind.esm       CREA    dagoth ienas
	morrowind.esm       CREA    dagoth irvyn
	morrowind.esm       CREA    dagoth malan
	morrowind.esm       CREA    dagoth molos
	morrowind.esm       CREA    dagoth odros
	morrowind.esm       CREA    dagoth rather
	morrowind.esm       CREA    dagoth reler
	morrowind.esm       CREA    dagoth tanis
	morrowind.esm       CREA    dagoth tureynul
	morrowind.esm       CREA    dagoth ulen
	morrowind.esm       CREA    dagoth uthol
	morrowind.esm       CREA    dagoth uvil
	morrowind.esm       CREA    dagoth vaner
	morrowind.esm       CREA    dagoth vemyn
	morrowind.esm       CREA    dagoth_hlevul
	morrowind.esm       CREA    dagoth_ur_1
	morrowind.esm       CREA    dagoth_ur_2
	morrowind.esm       CREA    dahrk mezalf
	morrowind.esm       CREA    dremora
	morrowind.esm       CREA    dremora_gothren_guard1
	morrowind.esm       CREA    dremora_gothren_guard2
	morrowind.esm       CREA    dremora_lord
	morrowind.esm       CREA    dremora_special_fyr
	morrowind.esm       CREA    dremora_ttpc
	morrowind.esm       CREA    dwarven ghost
	morrowind.esm       CREA    dwarven ghost_jeanne_u
	morrowind.esm       CREA    hunger
	morrowind.esm       CREA    hunger_audenian
	morrowind.esm       CREA    hunger_az_01
	morrowind.esm       CREA    hunger_az_02
	morrowind.esm       CREA    netch_bull
	morrowind.esm       CREA    scrib blighted
	morrowind.esm       CREA    scrib diseased
	morrowind.esm       CREA    vivec_god
	morrowind.esm       CREA    worm lord
	morrowind.esm       CREA    wraith_sul_senipul
	morrowind.esm       RACE    argonian
	morrowind.esm       RACE    breton
	morrowind.esm       RACE    dark elf
	morrowind.esm       RACE    high elf
	morrowind.esm       RACE    imperial
	morrowind.esm       RACE    khajiit
	morrowind.esm       RACE    nord
	morrowind.esm       RACE    orc
	morrowind.esm       RACE    redguard
	morrowind.esm       RACE    wood elf
	tribunal.esm        CREA    almalexia
	tribunal.esm        CREA    almalexia_warrior
	tribunal.esm        CREA    ancestor_ghost_greater
	tribunal.esm        CREA    ancestor_ghost_summon
	tribunal.esm        CREA    atronach_flame_summon
	tribunal.esm        CREA    atronach_frost_summon
	tribunal.esm        CREA    bonelord_summon
	tribunal.esm        CREA    bonewalker_summon
	tribunal.esm        CREA    daedroth_summon
	tribunal.esm        CREA    dagoth endus
	tribunal.esm        CREA    dagoth gares
	tribunal.esm        CREA    dremora_lord_khash_uni
	tribunal.esm        CREA    dremora_summon
	tribunal.esm        CREA    dwarven ghost_radac
	tribunal.esm        CREA    goblin_grunt
	tribunal.esm        CREA    goblin_officer
	tribunal.esm        CREA    goblin_officeruni
	tribunal.esm        CREA    goblin_warchief1
	tribunal.esm        CREA    goblin_warchief2
	tribunal.esm        CREA    golden saint
	tribunal.esm        CREA    golden saint_summon
	tribunal.esm        CREA    golden saint_velas1
	tribunal.esm        CREA    golden saint_velas2
	tribunal.esm        CREA    hunger_summon
	tribunal.esm        CREA    imperfect
	tribunal.esm        CREA    lich
	tribunal.esm        CREA    lich_barilzar
	tribunal.esm        CREA    lich_profane_unique
	tribunal.esm        CREA    lich_relvel
	tribunal.esm        CREA    scrib
