Kalendaar_V3.R02.B00.patchDeluxeV2.esp: DUP-INF DUP-REC JUNKCEL MASTERS MENUMOD MISSVER MOD-INF OVR-REC
    MASTERS: out of sync with the masters installed in your Data Files directory:
	Morrowind.esm               80681814 (plugin)   79837557 (installed size)
	Tribunal.esm                 4697358 (plugin)    4565686 (installed size)
    [MENUMOD] Scripts not checking menumode:
	SCPT(kal_S_A02_Open_Donnë)
	SCPT(kal_S_A03_Open_Abundwã)
	SCPT(kal_S_A04_Open_Lanãdge)
	SCPT(kal_S_A05_Open_Dhãnge)
	SCPT(kal_S_A12_Royal_stolen)
	SCPT(kal_S_B14_vassilovev)
	SCPT(kal_S_Swampfever_lev)
	SCPT(kal_S_pir_UpdateCrimes)
	SCPT(kal_e_brown_Eyes2)
    [JUNKCEL] Junk Cells:                        Flags
	Bitter Coast Region (-12, 1)             0x02
	Bitter Coast Region (-12, 2)             0x02
	Bitter Coast Region (-12, 3)             0x02
	Bitter Coast Region (-13, 1)             0x02
	Bitter Coast Region (-13, 2)             0x02
	Bitter Coast Region (-13, 3)             0x02
	Bitter Coast Region (-13, 4)             0x02
	Bitter Coast Region (-14, 2)             0x02
	Bitter Coast Region (-14, 4)             0x02
	Bitter Coast Region (-14, 5)             0x02
	West Gash Region (-15, 7)                0x02
	West Gash Region (-16, 7)                0x02
	West Gash Region (-16, 8)                0x02
	Wilderness (-15, -8)                     0x02
	kal_Affelgard (-36, 15)                  0x02
	kal_Affelgard (-36, 16)                  0x02
	kal_Affelgard (-36, 17)                  0x02
	kal_Affelgard (-37, 18)                  0x02
	kal_Affelgard (-37, 19)                  0x02
	kal_Affelgard (-44, 18)                  0x02
	kal_Vydromal (-35, 15)                   0x02
    [DUP-REC] Duplicate Records:
	From Master         Type    Name
	morrowind.esm       ALCH    potion_cyro_whiskey_01
	morrowind.esm       STAT    in_dae_hall_l_3way_01
	morrowind.esm       STAT    in_dae_hall_l_4way_01
	morrowind.esm       STAT    in_dae_hall_l_endcap_01
	morrowind.esm       STAT    in_impsmall_wall_01
	morrowind.esm       STAT    in_py_rock_05
	morrowind.esm       STAT    in_velothismall_staticdoor_01
    [OVR-REC] Overridden Records:
	From Master         Type    Name
	bloodmoon.esm       MISC    misc_com_bottle_08
	kalendaar_v3.r02.esm    BOOK    kal_bk_b01_arenaridles14
	kalendaar_v3.r02.esm    BOOK    kal_bk_b01_arenaridles18
	kalendaar_v3.r02.esm    BOOK    kal_bk_g01_book_02
	kalendaar_v3.r02.esm    BOOK    kal_mg_livregilbertus
	kalendaar_v3.r02.esm    BOOK    kal_sc_g05_message_01
	kalendaar_v3.r02.esm    BOOK    kal_sc_g14_door_m48m02_3
	kalendaar_v3.r02.esm    CLOT    kal_e_zuldag_emissaire
	kalendaar_v3.r02.esm    CREA    kal_b14_amazone_boss10
	kalendaar_v3.r02.esm    CREA    kal_b14_amazone_boss20
	kalendaar_v3.r02.esm    CREA    kal_b14_amazone_boss30
	kalendaar_v3.r02.esm    CREA    kal_b14_amazone_boss40
	kalendaar_v3.r02.esm    CREA    kal_b14_amazone_boss50
	kalendaar_v3.r02.esm    CREA    kal_b14_amazone_boss60
	kalendaar_v3.r02.esm    CREA    kal_b14_amazone_boss99
	kalendaar_v3.r02.esm    DIAL    acheter votre établissement
	kalendaar_v3.r02.esm    DIAL    affaire en or (journal)
	kalendaar_v3.r02.esm    DIAL    aider dans une quête
	kalendaar_v3.r02.esm    DIAL    amulette de la forteresse
	kalendaar_v3.r02.esm    DIAL    ancêtres
	kalendaar_v3.r02.esm    DIAL    andrew farmers
	kalendaar_v3.r02.esm    DIAL    armure royale de kalendaar
	kalendaar_v3.r02.esm    DIAL    bloquer la voie
	kalendaar_v3.r02.esm    DIAL    brown eyes
	kalendaar_v3.r02.esm    DIAL    cinquième démon
	kalendaar_v3.r02.esm    DIAL    code de décryptage
	kalendaar_v3.r02.esm    DIAL    connaissances sur kalendaar
	kalendaar_v3.r02.esm    DIAL    dernières rumeurs
	kalendaar_v3.r02.esm    DIAL    diamant-eau
	kalendaar_v3.r02.esm    DIAL    discrétion
	kalendaar_v3.r02.esm    DIAL    duel entre bartabas et moritanius
	kalendaar_v3.r02.esm    DIAL    entrer dans l'ordre d'akatosh
	kalendaar_v3.r02.esm    DIAL    entrer dans l'ordre d'alessia
	kalendaar_v3.r02.esm    DIAL    entrer dans l'ordre d'arkay
	kalendaar_v3.r02.esm    DIAL    entrer dans l'ordre de dibella
	kalendaar_v3.r02.esm    DIAL    entrer dans l'ordre de kynareth
	kalendaar_v3.r02.esm    DIAL    entrer à la guilde des révolutionnaires de kalendaar
	kalendaar_v3.r02.esm    DIAL    envoûtant ecu daedric de méduse
	kalendaar_v3.r02.esm    DIAL    forcer un blocus
	kalendaar_v3.r02.esm    DIAL    gestion de la guilde
	kalendaar_v3.r02.esm    DIAL    greeting 6
	kalendaar_v3.r02.esm    DIAL    guilde des guerriers
	kalendaar_v3.r02.esm    DIAL    infestation de zombies
	kalendaar_v3.r02.esm    DIAL    kal_e_chap1
	kalendaar_v3.r02.esm    DIAL    kal_e_chap2
	kalendaar_v3.r02.esm    DIAL    kal_e_chap3
	kalendaar_v3.r02.esm    DIAL    kal_e_chap4
	kalendaar_v3.r02.esm    DIAL    kal_e_chap5
	kalendaar_v3.r02.esm    DIAL    kal_e_ethaniel_aide
	kalendaar_v3.r02.esm    DIAL    kal_j_a01
	kalendaar_v3.r02.esm    DIAL    kal_j_b18
	kalendaar_v3.r02.esm    DIAL    kal_j_b23
	kalendaar_v3.r02.esm    DIAL    kal_j_c11
	kalendaar_v3.r02.esm    DIAL    kal_j_d01
	kalendaar_v3.r02.esm    DIAL    kal_j_fg_moritanius
	kalendaar_v3.r02.esm    DIAL    kal_j_g02
	kalendaar_v3.r02.esm    DIAL    kal_j_g06
	kalendaar_v3.r02.esm    DIAL    kal_j_g10
	kalendaar_v3.r02.esm    DIAL    kal_j_g11
	kalendaar_v3.r02.esm    DIAL    kal_j_g12
	kalendaar_v3.r02.esm    DIAL    kal_j_g13
	kalendaar_v3.r02.esm    DIAL    kal_j_g14
	kalendaar_v3.r02.esm    DIAL    kal_j_g15
	kalendaar_v3.r02.esm    DIAL    kal_j_q01
	kalendaar_v3.r02.esm    DIAL    livre
	kalendaar_v3.r02.esm    DIAL    maison mystérieuse
	kalendaar_v3.r02.esm    DIAL    mes talents
	kalendaar_v3.r02.esm    DIAL    mission
	kalendaar_v3.r02.esm    DIAL    mon histoire
	kalendaar_v3.r02.esm    DIAL    mon mari
	kalendaar_v3.r02.esm    DIAL    mon métier
	kalendaar_v3.r02.esm    DIAL    petits boulots
	kalendaar_v3.r02.esm    DIAL    piller mon tombeau
	kalendaar_v3.r02.esm    DIAL    pirates
	kalendaar_v3.r02.esm    DIAL    porte dérobée
	kalendaar_v3.r02.esm    DIAL    ports de vvardenfell ouest
	kalendaar_v3.r02.esm    DIAL    promotion
	kalendaar_v3.r02.esm    DIAL    préférences
	kalendaar_v3.r02.esm    DIAL    prêtresse
	kalendaar_v3.r02.esm    DIAL    purdus sandius
	kalendaar_v3.r02.esm    DIAL    quelqu'un de bien précis
	kalendaar_v3.r02.esm    DIAL    rabatteur
	kalendaar_v3.r02.esm    DIAL    responsable de la prison
	kalendaar_v3.r02.esm    DIAL    sarah
	kalendaar_v3.r02.esm    DIAL    se dépêcher
	kalendaar_v3.r02.esm    DIAL    temple de zuld
	kalendaar_v3.r02.esm    DIAL    tombeau ayleìd abandonné des albacas
	kalendaar_v3.r02.esm    DIAL    tombeau ayleìd abandonné des algaras
	kalendaar_v3.r02.esm    DIAL    tombeau ayleìd abandonné des alnagas
	kalendaar_v3.r02.esm    DIAL    tombeau ayleìd abandonné des gapafas
	kalendaar_v3.r02.esm    DIAL    tombeau ayleìd abandonné des mavazas
	kalendaar_v3.r02.esm    DIAL    tombeau de zuld
	kalendaar_v3.r02.esm    DIAL    vaquer ailleurs
	kalendaar_v3.r02.esm    DIAL    étrange arbre
	kalendaar_v3.r02.esm    ENCH    kal_weapon_0037
	kalendaar_v3.r02.esm    GLOB    kalendaarpatch
	kalendaar_v3.r02.esm    MISC    kal_mg_clegraal1
	kalendaar_v3.r02.esm    MISC    kal_mg_clegraal2
	kalendaar_v3.r02.esm    MISC    kal_mg_clegraal3
	kalendaar_v3.r02.esm    NPC_    kal_bishop
	kalendaar_v3.r02.esm    NPC_    kal_luciania
	kalendaar_v3.r02.esm    NPC_    kal_volcenius
	kalendaar_v3.r02.esm    WEAP    kal_weapon_q0037
	tribunal.esm        BOOK    bk_livesofthesaints
	tribunal.esm        DIAL    greeting 0
	tribunal.esm        DIAL    greeting 1
	tribunal.esm        DIAL    greeting 7
	tribunal.esm        MISC    misc_com_bottle_10

[MOD-INF]: ID=319749411067361(Topic:entrer dans l'ordre d'arkay)
  kalendaar_v3.r02.esm------------------->|DATA|FNAM:kal_Arkay_Order|NAME|SCVR:01460|INTV|SCVR:12sX0kal_InOut_Kalendaar|INTV|SCVR:27XX0kal_Merloch |IINT
  Kalendaar_V3.R02.B00.patchDeluxeV2.esp->|DATA|FNAM:kal_Arkay_Order|NAME|SCVR:01460|INTV|SCVR:12sX0kal_InOut_Kalendaar|INTV|SCVR:27XX0kal_Merloch |IINT

[MOD-INF]: ID=474522037434935(Topic:pirates)
  kalendaar_v3.r02.esm------------------->|DATA|ANAM|NAME:Non, je ne vois pas.|SCVR:04JX1kal_J_E01|INTV:|SCVR|INTV:|SCVR|INTV
  Kalendaar_V3.R02.B00.patchDeluxeV2.esp->|DATA|ANAM|NAME:Non, je ne vois pas.|SCVR:04JX1kal_J_E_elimination|INTV:|SCVR|INTV:

[MOD-INF]: ID=1285017219867412(Topic:sarah)
  kalendaar_v3.r02.esm------------------->|DATA|CNAM:Smith|NAME|SCVR:02sX3kal_Sarah_Follow|INTV|SCVR:12sX4kal_Sarah_Follow|INTV: |SCVR:22sX2Random100|INTV:7
  Kalendaar_V3.R02.B00.patchDeluxeV2.esp->|DATA|CNAM:Smith|NAME|SCVR:02sX3kal_Sarah_Follow|INTV|SCVR:12sX4kal_Sarah_Follow|INTV: |SCVR:22sX2Random100|INTV:7

[MOD-INF]: ID=1473798528990893(Topic:sarah)
  kalendaar_v3.r02.esm------------------->|DATA|CNAM:Smith|NAME|SCVR:02sX3kal_Sarah_Follow|INTV|SCVR:12sX4kal_Sarah_Follow|INTV: |SCVR:22sX2Random100|INTV:A
  Kalendaar_V3.R02.B00.patchDeluxeV2.esp->|DATA|CNAM:Smith|NAME|SCVR:02sX3kal_Sarah_Follow|INTV|SCVR:12sX4kal_Sarah_Follow|INTV: |SCVR:22sX2Random100|INTV:A

[MOD-INF]: ID=1804159805989240(Topic:temple de zuld)
  kalendaar_v3.r02.esm------------------->|DATA|CNAM:Monk Service|NAME|SCVR:02sX0kal_InOut_Kalendaar|INTV|SCVR:14JX3kal_e_chap2|INTV:0|SCVR:24JX4kal_e_chap3|INTV:A
  Kalendaar_V3.R02.B00.patchDeluxeV2.esp->|DATA|CNAM:Monk Service|NAME|SCVR:02sX0kal_InOut_Kalendaar|INTV|SCVR:14JX3kal_e_chap2|INTV:0|SCVR:24JX4kal_e_chap3|INTV:A

[MOD-INF]: ID=2123492890872904(Greeting:greeting 1)
  kalendaar_v3.r02.esm------------------->|DATA|NAME|SCVR:04JX4kal_J_A08|INTV|SCVR:15IX0kal_Royal_gauntlet_left|INTV|BNAM:AddItem kal_Royal_gauntlet_left 1  "Player"->RemoveItem kal_royal_gauntlet_left 1  if ( "kal_Sarah"->GetItemCount kal_Royal_gauntlet_right > 0 )    Journal kal_J_A08 30  endif  ModDisposition 5  Goodbye
  Kalendaar_V3.R02.B00.patchDeluxeV2.esp->|DATA|NAME|SCVR:04JX4kal_J_A08|INTV|SCVR:15IX0kal_Royal_gauntlet_left|INTV|BNAM:AddItem kal_Royal_gauntlet_left 1  "Player"->RemoveItem kal_royal_gauntlet_left 1  if ( "kal_Sarah"->GetItemCount kal_Royal_gauntlet_right > 0 )    Journal kal_J_A08 30  endif  ModDisposition 5  Goodbye

[MOD-INF]: ID=2131948201966266(Journal:kal_e_chap2)
  kalendaar_v3.r02.esm------------------->|DATA|NAME
  Kalendaar_V3.R02.B00.patchDeluxeV2.esp->|DATA|NAME

[MOD-INF]: ID=2627817189821910(Topic:sarah)
  kalendaar_v3.r02.esm------------------->|DATA|CNAM:Smith|NAME|SCVR:02sX3kal_Sarah_Follow|INTV|SCVR:12sX4kal_Sarah_Follow|INTV: |SCVR:22sX2Random100|INTV:(
  Kalendaar_V3.R02.B00.patchDeluxeV2.esp->|DATA|CNAM:Smith|NAME|SCVR:02sX3kal_Sarah_Follow|INTV|SCVR:12sX4kal_Sarah_Follow|INTV: |SCVR:22sX2Random100|INTV:(

[MOD-INF]: ID=2907789730983171(Topic:sarah)
  kalendaar_v3.r02.esm------------------->|DATA|CNAM:Smith|NAME|SCVR:02sX3kal_Sarah_Follow|INTV|SCVR:12sX4kal_Sarah_Follow|INTV: |SCVR:22sX2Random100|INTV:U
  Kalendaar_V3.R02.B00.patchDeluxeV2.esp->|DATA|CNAM:Smith|NAME|SCVR:02sX3kal_Sarah_Follow|INTV|SCVR:12sX4kal_Sarah_Follow|INTV: |SCVR:22sX2Random100|INTV:U

[MOD-INF]: ID=4133168029982107(Topic:sarah)
  kalendaar_v3.r02.esm------------------->|DATA|FNAM:kal_Hl|NAME|SCVR:02sX3kal_Sarah_Follow|INTV|SCVR:12sX3Random100|INTV:2|SCVR:21460|INTV|SCVR:32sX4kal_Sarah_Follow|INTV: 
  Kalendaar_V3.R02.B00.patchDeluxeV2.esp->|DATA|FNAM:kal_Hl|NAME|SCVR:02sX3kal_Sarah_Follow|INTV|SCVR:12sX3Random100|INTV:2|SCVR:21460|INTV|SCVR:32sX4kal_Sarah_Follow|INTV: 

[MOD-INF]: ID=6833122064864886(Topic:mes talents)
  kalendaar_v3.r02.esm------------------->|DATA|NAME|SCVR:02sX3Random100|INTV:K|SCVR:11500|INTV|SCVR:22sX0kal_InOut_Kalendaar|INTV|BNAM:ModDisposition 1  StartScript "kal_SarahSkills"
  Kalendaar_V3.R02.B00.patchDeluxeV2.esp->|DATA|NAME|SCVR:02sX3Random100|INTV:K|SCVR:11500|INTV|SCVR:22sX0kal_InOut_Kalendaar|INTV|BNAM:ModDisposition 1  StartScript "kal_SarahSkills"

[MOD-INF]: ID=8141930499830550(Topic:piller mon tombeau)
  kalendaar_v3.r02.esm------------------->|DATA|ONAM:kal_e_Zuld|NAME|SCVR:04JX0kal_e_chap3|INTV:(|SCVR:11500|INTV|BNAM:Journal "kal_e_chap3" 50  Goodbye
  Kalendaar_V3.R02.B00.patchDeluxeV2.esp->|DATA|ONAM:kal_e_Zuld|NAME|SCVR:04JX0kal_e_chap3|INTV:(|SCVR:11500|INTV|BNAM:Journal "kal_e_chap3" 50  Goodbye

[MOD-INF]: ID=8665231165779924(Topic:pirates)
  kalendaar_v3.r02.esm------------------->|DATA|ANAM|NAME|SCVR:04JX1kal_J_E01|INTV:|SCVR|INTV:|BNAM
  Kalendaar_V3.R02.B00.patchDeluxeV2.esp->|DATA|ANAM|NAME|SCVR:04JX1kal_J_E_elimination|INTV:|SCVR|INTV:|BNAM

[MOD-INF]: ID=9452141578919571(Topic:sarah)
  kalendaar_v3.r02.esm------------------->|DATA|FNAM:kal_Red|NAME|SCVR:02sX3kal_Sarah_Follow|INTV|SCVR:12sX3Random100|INTV:2|SCVR:21460|INTV|SCVR:32sX4kal_Sarah_Follow|INTV: 
  Kalendaar_V3.R02.B00.patchDeluxeV2.esp->|DATA|FNAM:kal_Red|NAME|SCVR:02sX3kal_Sarah_Follow|INTV|SCVR:12sX3Random100|INTV:2|SCVR:21460|INTV|SCVR:32sX4kal_Sarah_Follow|INTV: 

[MOD-INF]: ID=10752970274961272(Greeting:greeting 7)
  kalendaar_v3.r02.esm------------------->|DATA|ONAM:kal_e_vamp_01|NAME|SCVR:04JX0kal_e_chap4|INTV: |SCVR:11500|INTV|BNAM:Choice "Bon je vais essayer de le trouver." 6
  Kalendaar_V3.R02.B00.patchDeluxeV2.esp->|DATA|ONAM:kal_e_vamp_01|NAME|SCVR:04JX0kal_e_chap4|INTV: |SCVR:11500|INTV|BNAM:Choice "Bon je vais essayer de le trouver." 6

[MOD-INF]: ID=12213335626936376(Journal:kal_e_chap1)
  kalendaar_v3.r02.esm------------------->|DATA|NAME
  Kalendaar_V3.R02.B00.patchDeluxeV2.esp->|DATA|NAME

[MOD-INF]: ID=12864188943924676(Journal:kal_e_chap4)
  kalendaar_v3.r02.esm------------------->|DATA|NAME
  Kalendaar_V3.R02.B00.patchDeluxeV2.esp->|DATA|NAME

[MOD-INF]: ID=20081719150749186(Topic:tombeau de zuld)
  kalendaar_v3.r02.esm------------------->|DATA|ONAM:kal_e_necrom|NAME|SCVR:04JX0kal_e_chap3|INTV:2|BNAM:journal kal_e_chap3 60
  Kalendaar_V3.R02.B00.patchDeluxeV2.esp->|DATA|ONAM:kal_e_necrom|NAME|SCVR:04JX0kal_e_chap3|INTV:2|BNAM:journal kal_e_chap3 60

[MOD-INF]: ID=20109360213826369(Topic:sarah)
  kalendaar_v3.r02.esm------------------->|DATA|CNAM:Smith|NAME|SCVR:02sX3kal_Sarah_Follow|INTV|SCVR:12sX4kal_Sarah_Follow|INTV: |SCVR:22sX2Random100|INTV:2
  Kalendaar_V3.R02.B00.patchDeluxeV2.esp->|DATA|CNAM:Smith|NAME|SCVR:02sX3kal_Sarah_Follow|INTV|SCVR:12sX4kal_Sarah_Follow|INTV: |SCVR:22sX2Random100|INTV:2

[MOD-INF]: ID=20225968254869222(Journal:kal_e_chap1)
  kalendaar_v3.r02.esm------------------->|DATA|NAME
  Kalendaar_V3.R02.B00.patchDeluxeV2.esp->|DATA|NAME

[MOD-INF]: ID=20691892790918536(Journal:kal_j_g15)
  kalendaar_v3.r02.esm------------------->|DATA|NAME
  Kalendaar_V3.R02.B00.patchDeluxeV2.esp->|DATA|NAME

[MOD-INF]: ID=21028887377107121(Topic:tombeau ayleìd abandonné des mavazas)
  kalendaar_v3.r02.esm------------------->|DATA|ONAM:kal_Acierius|NAME|SCVR:04JX0kal_J_G08|INTV|SCVR:14JX3kal_J_G14|INTV|SCVR:24JX5kal_J_G14|INTV: |SCVR:31500|INTV|BNAM:Player->AddItem "kal_sc_G14_door_M48M02_3" 1  RemoveItem "kal_sc_G14_door_M48M02_1" 1  RemoveItem "kal_sc_G14_door_M48M02_3" 1
  Kalendaar_V3.R02.B00.patchDeluxeV2.esp->|DATA|ONAM:kal_Acierius|NAME|SCVR:04JX0kal_J_G08|INTV|SCVR:14JX3kal_J_G14|INTV|SCVR:24JX5kal_J_G14|INTV: |SCVR:31500|INTV|BNAM:Player->AddItem "kal_sc_G14_door_M48M02_3" 1  RemoveItem "kal_sc_G14_door_M48M02_1" 1  RemoveItem "kal_sc_G14_door_M48M02_2" 1

[MOD-INF]: ID=21813936786469025(Journal:kal_e_chap5)
  kalendaar_v3.r02.esm------------------->|DATA|NAME
  Kalendaar_V3.R02.B00.patchDeluxeV2.esp->|DATA|NAME

[MOD-INF]: ID=22129515651129703(Greeting:greeting 7)
  kalendaar_v3.r02.esm------------------->|DATA|ONAM:kal_e_zuldig_003|NAME|SCVR:04JX0kal_e_chap3|INTV:F|SCVR:11500|INTV|BNAM
  Kalendaar_V3.R02.B00.patchDeluxeV2.esp->|DATA|ONAM:kal_e_zuldig_003|NAME|SCVR:04JX0kal_e_chap3|INTV:F|SCVR:11500|INTV|BNAM

[MOD-INF]: ID=25081487106359771(Topic:sarah)
  kalendaar_v3.r02.esm------------------->|DATA|FNAM:kal_Red|NAME|SCVR:02sX3kal_Sarah_Follow|INTV|SCVR:12sX4Random100|INTV|SCVR:21460|INTV|SCVR:32sX4kal_Sarah_Follow|INTV: 
  Kalendaar_V3.R02.B00.patchDeluxeV2.esp->|DATA|FNAM:kal_Red|NAME|SCVR:02sX3kal_Sarah_Follow|INTV|SCVR:12sX4Random100|INTV|SCVR:21460|INTV|SCVR:32sX4kal_Sarah_Follow|INTV: 

[MOD-INF]: ID=25351624347714101(Topic:se dépêcher)
  kalendaar_v3.r02.esm------------------->|DATA|NAME|SCVR:02sX3Random100|INTV::|SCVR:13sX0hurryup|INTV|BNAM
  Kalendaar_V3.R02.B00.patchDeluxeV2.esp->|DATA|NAME|SCVR:02sX3Random100|INTV::|SCVR:13sX0hurryup|INTV|BNAM

[MOD-INF]: ID=25398905297004009(Topic:sarah)
  kalendaar_v3.r02.esm------------------->|DATA|FNAM:kal_Red|NAME|SCVR:02sX3kal_Sarah_Follow|INTV|SCVR:12sX3Random100|INTV|SCVR:21460|INTV|SCVR:32sX4kal_Sarah_Follow|INTV: 
  Kalendaar_V3.R02.B00.patchDeluxeV2.esp->|DATA|FNAM:kal_Red|NAME|SCVR:02sX3kal_Sarah_Follow|INTV|SCVR:12sX3Random100|INTV|SCVR:21460|INTV|SCVR:32sX4kal_Sarah_Follow|INTV: 

[MOD-INF]: ID=26118318200928932(Journal:kal_e_chap1)
  kalendaar_v3.r02.esm------------------->|DATA|NAME
  Kalendaar_V3.R02.B00.patchDeluxeV2.esp->|DATA|NAME

[MOD-INF]: ID=28055122326856523(Topic:code de décryptage)
  kalendaar_v3.r02.esm------------------->|DATA|CNAM:Savant|NAME|SCVR:02sX0kal_InOut_Kalendaar|INTV|SCVR:14JX3kal_J_G02|INTV
  Kalendaar_V3.R02.B00.patchDeluxeV2.esp->|DATA|CNAM:Savant|NAME|SCVR:02sX0kal_InOut_Kalendaar|INTV|SCVR:14JX3kal_J_G02|INTV

[MOD-INF]: ID=28892176755638069(Journal:kal_e_chap2)
  kalendaar_v3.r02.esm------------------->|DATA|NAME
  Kalendaar_V3.R02.B00.patchDeluxeV2.esp->|DATA|NAME

[MOD-INF]: ID=30851369622278105(Topic:responsable de la prison)
  kalendaar_v3.r02.esm------------------->|DATA|ONAM:kal_n_TG_corrompu|NAME:A votre service.|SCVR:04JX0kal_J_TG_corruptionOfficier|INTV
  Kalendaar_V3.R02.B00.patchDeluxeV2.esp->|DATA|ONAM:kal_n_TG_corrompu|NAME:A votre service.|SCVR:04JX0kal_J_TG_corruptionOfficier|INTV

[MOD-INF]: ID=31271550303073405(Greeting:greeting 6)
  kalendaar_v3.r02.esm------------------->|DATA|ONAM:kal_luciania|NAME|SCVR:04JX0kal_J_D04|INTV|BNAM:Journal kal_J_D04 999  "Player"->AddItem Gold_001 300
  Kalendaar_V3.R02.B00.patchDeluxeV2.esp->|DATA|ONAM:kal_luciania|NAME|SCVR:04JX0kal_J_D04|INTV|BNAM:Journal kal_J_D04 999  "Player"->AddItem Gold_001 300  AIWander 0 0 0 0  Goodbye

[MOD-INF]: ID=42331156973348434(Topic:prêtresse)
  kalendaar_v3.r02.esm------------------->|DATA|ONAM:kal_Vlastivek|NAME|SCVR:04JX3kal_J_FG_zombies|INTV:2|SCVR:14JX5kal_J_FG_zombies|INTV:<|BNAM
  Kalendaar_V3.R02.B00.patchDeluxeV2.esp->|DATA|ONAM:kal_Vlastivek|NAME|SCVR:04JX3kal_J_FG_zombies|INTV:2|SCVR:14JX5kal_J_FG_zombies|INTV:<|BNAM

[MOD-INF]: ID=49584511235793011(Topic:sarah)
  kalendaar_v3.r02.esm------------------->|DATA|FNAM:kal_Tm|NAME|SCVR:02sX3kal_Sarah_Follow|INTV|SCVR:12sX4kal_Sarah_Follow|INTV: |SCVR:21460|INTV|SCVR:32sX2Random100|INTV:2
  Kalendaar_V3.R02.B00.patchDeluxeV2.esp->|DATA|FNAM:kal_Tm|NAME|SCVR:02sX3kal_Sarah_Follow|INTV|SCVR:12sX4kal_Sarah_Follow|INTV: |SCVR:21460|INTV|SCVR:32sX2Random100|INTV:2

[MOD-INF]: ID=50631259238156727(Topic:mon mari)
  kalendaar_v3.r02.esm------------------->|DATA|ONAM:kal_Vania_Shuramos|NAME|SCVR:04JX4kal_J_D02|INTV: |BNAM:Choice "Dites toujours je verrais bien, si je peux faire quelque chose pour vous" 1
  Kalendaar_V3.R02.B00.patchDeluxeV2.esp->|DATA|ONAM:kal_Vania_Shuramos|NAME|SCVR:04JX4kal_J_D02|INTV: |BNAM:Choice "Dites toujours je verrais bien, si je peux faire quelque chose pour vous" 1

[MOD-INF]: ID=63252716674125858(Topic:livre)
  kalendaar_v3.r02.esm------------------->|DATA|ONAM:kal_simoniev|NAME|SCVR:04JX2kal_J_G02|INTV|SCVR:11460|INTV|SCVR:24JX4kal_J_G04|INTV
  Kalendaar_V3.R02.B00.patchDeluxeV2.esp->|DATA|ONAM:kal_simoniev|NAME|SCVR:04JX2kal_J_G02|INTV|SCVR:11460|INTV|SCVR:24JX4kal_J_G04|INTV|SCVR:35IX0kal_bk_G01_book_02|INTV:

[MOD-INF]: ID=68349832562720274(Greeting:greeting 6)
  kalendaar_v3.r02.esm------------------->|DATA|ONAM:kal_Kruglo|NAME|SCVR:04JX0kal_J_G05|INTV|SCVR:11054|INTV:(
  Kalendaar_V3.R02.B00.patchDeluxeV2.esp->|DATA|ONAM:kal_Kruglo|NAME|SCVR:04JX0kal_J_G05|INTV|SCVR:11054|INTV:(

[MOD-INF]: ID=71182569318301395(Topic:sarah)
  kalendaar_v3.r02.esm------------------->|DATA|CNAM:Smith|NAME|SCVR:02sX3kal_Sarah_Follow|INTV|SCVR:12sX4kal_Sarah_Follow|INTV: |SCVR:22sX2Random100|INTV:_
  Kalendaar_V3.R02.B00.patchDeluxeV2.esp->|DATA|CNAM:Smith|NAME|SCVR:02sX3kal_Sarah_Follow|INTV|SCVR:12sX4kal_Sarah_Follow|INTV: |SCVR:22sX2Random100|INTV:_

[MOD-INF]: ID=88232266710921909(Journal:kal_j_g06)
  kalendaar_v3.r02.esm------------------->|DATA|NAME|QSTF
  Kalendaar_V3.R02.B00.patchDeluxeV2.esp->|DATA|NAME|QSTF

[MOD-INF]: ID=90624619206024896(Journal:kal_j_d01)
  kalendaar_v3.r02.esm------------------->|DATA|NAME
  Kalendaar_V3.R02.B00.patchDeluxeV2.esp->|DATA|NAME

[MOD-INF]: ID=94326202953730952(Topic:sarah)
  kalendaar_v3.r02.esm------------------->|DATA|CNAM:Smith|NAME|SCVR:02sX3kal_Sarah_Follow|INTV|SCVR:12sX4kal_Sarah_Follow|INTV: |SCVR:22sX2Random100|INTV
  Kalendaar_V3.R02.B00.patchDeluxeV2.esp->|DATA|CNAM:Smith|NAME|SCVR:02sX3kal_Sarah_Follow|INTV|SCVR:12sX4kal_Sarah_Follow|INTV: |SCVR:22sX2Random100|INTV

[MOD-INF]: ID=107389104171946437(Topic:temple de zuld)
  kalendaar_v3.r02.esm------------------->|DATA|CNAM:Monk|NAME|SCVR:02sX0kal_InOut_Kalendaar|INTV|SCVR:14JX3kal_e_chap2|INTV:0|SCVR:24JX4kal_e_chap3|INTV:A
  Kalendaar_V3.R02.B00.patchDeluxeV2.esp->|DATA|CNAM:Monk|NAME|SCVR:02sX0kal_InOut_Kalendaar|INTV|SCVR:14JX3kal_e_chap2|INTV:0|SCVR:24JX4kal_e_chap3|INTV:A

[MOD-INF]: ID=123649872835931584(Topic:bloquer la voie)
  kalendaar_v3.r02.esm------------------->|DATA|ONAM:kal_luciania|NAME|SCVR:01500|INTV|BNAM:Goodbye  StartScript "kal_S_D04_LucianiaNoBlock"
  Kalendaar_V3.R02.B00.patchDeluxeV2.esp->|DATA|ONAM:kal_luciania|NAME|SCVR:01500|INTV|BNAM:StartScript "kal_S_D04_LucianiaNoBlock"  Goodbye

[MOD-INF]: ID=135288334825515529(Greeting:greeting 0)
  kalendaar_v3.r02.esm------------------->|DATA|ONAM:kal_Moritanius|ANAM|NAME|SCVR:02sX0kal_FG_duel|INTV|BNAM:SetFight 30  StopCombat player  Set kal_FG_duel to 4  PCRaiseRank  set kal_e_mort to kal_e_mort + 1  LowerRank  Goodbye
  Kalendaar_V3.R02.B00.patchDeluxeV2.esp->|DATA|ONAM:kal_Moritanius|ANAM|NAME|SCVR:02sX0kal_FG_duel|INTV|BNAM:SetFight 30  StopCombat player  Set kal_FG_duel to 4  PCRaiseRank  set kal_e_mort to kal_e_mort + 1  LowerRank  Goodbye

[MOD-INF]: ID=144152477425904862(Topic:tombeau ayleìd abandonné des mavazas)
  kalendaar_v3.r02.esm------------------->|DATA|ONAM:kal_Acierius|NAME|SCVR:04JX0kal_J_G08|INTV|SCVR:14JX3kal_J_G14|INTV|SCVR:24JX5kal_J_G14|INTV: |SCVR:31500|INTV|SCVR:42sX5Random100|INTV:C|BNAM:Player->AddItem "kal_sc_G14_door_M48M02_1" 1  RemoveItem "kal_sc_G14_door_M48M02_1" 1  RemoveItem "kal_sc_G14_door_M48M02_3" 1
  Kalendaar_V3.R02.B00.patchDeluxeV2.esp->|DATA|ONAM:kal_Acierius|NAME|SCVR:04JX0kal_J_G08|INTV|SCVR:14JX3kal_J_G14|INTV|SCVR:24JX5kal_J_G14|INTV: |SCVR:31500|INTV|SCVR:42sX5Random100|INTV:C|BNAM:Player->AddItem "kal_sc_G14_door_M48M02_1" 1  RemoveItem "kal_sc_G14_door_M48M02_2" 1  RemoveItem "kal_sc_G14_door_M48M02_3" 1

[MOD-INF]: ID=145791655820876734(Journal:kal_e_chap2)
  kalendaar_v3.r02.esm------------------->|DATA|NAME|QSTF
  Kalendaar_V3.R02.B00.patchDeluxeV2.esp->|DATA|NAME|QSTF

[MOD-INF]: ID=148689053793110102(Journal:kal_e_chap1)
  kalendaar_v3.r02.esm------------------->|DATA|NAME
  Kalendaar_V3.R02.B00.patchDeluxeV2.esp->|DATA|NAME

[MOD-INF]: ID=148999015806712405(Topic:se dépêcher)
  kalendaar_v3.r02.esm------------------->|DATA|NAME|SCVR:02sX3Random100|INTV:V|SCVR:13sX0hurryup|INTV|BNAM
  Kalendaar_V3.R02.B00.patchDeluxeV2.esp->|DATA|NAME|SCVR:02sX3Random100|INTV:V|SCVR:13sX0hurryup|INTV|BNAM

[MOD-INF]: ID=154342940892418192(Topic:temple de zuld)
  kalendaar_v3.r02.esm------------------->|DATA|CNAM:Monk|NAME|SCVR:02sX0kal_InOut_Kalendaar|INTV|SCVR:14JX1kal_e_chap2|INTV:0|SCVR:24JX4kal_e_chap2|INTV:0|SCVR:34JX3kal_e_chap2|INTV:(|BNAM:Journal kal_e_chap2 48
  Kalendaar_V3.R02.B00.patchDeluxeV2.esp->|DATA|CNAM:Monk|NAME|SCVR:02sX0kal_InOut_Kalendaar|INTV|SCVR:14JX1kal_e_chap2|INTV:0|SCVR:24JX4kal_e_chap2|INTV:0|SCVR:34JX3kal_e_chap2|INTV:(|BNAM:Journal kal_e_chap2 48

[MOD-INF]: ID=155832428583149470(Topic:guilde des guerriers)
  kalendaar_v3.r02.esm------------------->|DATA|FNAM:kal_FightersGD|ANAM|NAME|SCVR:07XX0kal_Sarah|INTV|SCVR:17XX0kal_haimoidonk|INTV
  Kalendaar_V3.R02.B00.patchDeluxeV2.esp->|DATA|FNAM:kal_FightersGD|ANAM|NAME|SCVR:07XX0kal_Sarah|INTV|SCVR:17XX0kal_haimoidonk|INTV

[MOD-INF]: ID=165221683246169769(Topic:discrétion)
  kalendaar_v3.r02.esm------------------->|DATA|FNAM:kal_ThievesGD|ANAM|NAME:[%Name attend la suite.]|SCVR:03sX4kalDiscretion|INTV:2|SCVR:11303|INTV:P|SCVR:21500|INTV|BNAM
  Kalendaar_V3.R02.B00.patchDeluxeV2.esp->|DATA|FNAM:kal_ThievesGD|ANAM|NAME:[%Name attend la suite.]|SCVR:03sX4kalDiscretion|INTV:2|SCVR:11303|INTV:P|SCVR:21500|INTV|BNAM

[MOD-INF]: ID=165574646212666669(Greeting:greeting 7)
  kalendaar_v3.r02.esm------------------->|DATA|ONAM:kal_e_dnw_03|NAME|SCVR:04JX0Kal_e_chap5|INTV|SCVR:11500|INTV|BNAM
  Kalendaar_V3.R02.B00.patchDeluxeV2.esp->|DATA|ONAM:kal_e_dnw_03|NAME|SCVR:04JX0Kal_e_chap5|INTV|SCVR:11500|INTV|BNAM

[MOD-INF]: ID=182611020322062943(Topic:sarah)
  kalendaar_v3.r02.esm------------------->|DATA|FNAM:kal_Imperial_Lg|NAME|SCVR:02sX3kal_Sarah_Follow|INTV|SCVR:12sX3Random100|INTV|SCVR:21460|INTV|SCVR:32sX4kal_Sarah_Follow|INTV: 
  Kalendaar_V3.R02.B00.patchDeluxeV2.esp->|DATA|FNAM:kal_Imperial_Lg|NAME|SCVR:02sX3kal_Sarah_Follow|INTV|SCVR:12sX3Random100|INTV|SCVR:21460|INTV|SCVR:32sX4kal_Sarah_Follow|INTV: 

[MOD-INF]: ID=183092120769278141(Topic:se dépêcher)
  kalendaar_v3.r02.esm------------------->|DATA|NAME|SCVR:02sX3Random100|INTV|BNAM
  Kalendaar_V3.R02.B00.patchDeluxeV2.esp->|DATA|NAME|SCVR:02sX3Random100|INTV|BNAM

[MOD-INF]: ID=185772404943753061(Topic:étrange arbre)
  kalendaar_v3.r02.esm------------------->|DATA|ONAM|NAME|SCVR:02sX4Random100|INTV
  Kalendaar_V3.R02.B00.patchDeluxeV2.esp->|DATA|ONAM|NAME|SCVR:02sX4Random100|INTV

[MOD-INF]: ID=199719414201867007(Topic:ancêtres)
  kalendaar_v3.r02.esm------------------->|DATA|ONAM:kal_Kruglo|NAME|SCVR:04JX5kal_J_G05|INTV:(|SCVR:14JX0kal_J_G02|INTV|SCVR:22sX0kal_GV_FrontierIlluan|INTV:|SCVR:31500|INTV|BNAM:Journal kal_J_G05 45  AddTopic "hache de Kruglo"
  Kalendaar_V3.R02.B00.patchDeluxeV2.esp->|DATA|ONAM:kal_Kruglo|NAME|SCVR:04JX5kal_J_G05|INTV:(|SCVR:14JX0kal_J_G02|INTV|SCVR:22sX0kal_GV_FrontierIlluan|INTV:|SCVR:31500|INTV|BNAM:Journal kal_J_G05 45  AddTopic "hache de Kruglo"

[MOD-INF]: ID=208531352553721852(Greeting:greeting 6)
  kalendaar_v3.r02.esm------------------->|DATA|ONAM:kal_ituribita|NAME|SCVR:04JX3kal_J_D01|INTV|SCVR:14JX5kal_J_D01|INTV:Z|SCVR:23fX0annoyed|FLTV:|BNAM:Goodbye
  Kalendaar_V3.R02.B00.patchDeluxeV2.esp->|DATA|ONAM:kal_ituribita|NAME|SCVR:04JX3kal_J_D01|INTV|SCVR:14JX4kal_J_D01|INTV:Z|SCVR:23fX0annoyed|FLTV:|BNAM:Goodbye

[MOD-INF]: ID=212023017232875019(Topic:ancêtres)
  kalendaar_v3.r02.esm------------------->|DATA|ONAM:kal_Kruglo|NAME|SCVR:04JX4kal_J_G05|INTV:-|SCVR:14JX0kal_J_G02|INTV|BNAM:Choice "Avez-vous cette hache?" 1
  Kalendaar_V3.R02.B00.patchDeluxeV2.esp->|DATA|ONAM:kal_Kruglo|NAME|SCVR:04JX4kal_J_G05|INTV:-|SCVR:14JX0kal_J_G02|INTV|BNAM:Choice "Avez-vous cette hache?" 1

[MOD-INF]: ID=215651189764574312(Journal:kal_j_g11)
  kalendaar_v3.r02.esm------------------->|DATA|NAME
  Kalendaar_V3.R02.B00.patchDeluxeV2.esp->|DATA|NAME

[MOD-INF]: ID=216672236979136644(Topic:envoûtant ecu daedric de méduse)
  kalendaar_v3.r02.esm------------------->|DATA|ONAM:kal_Draconic|NAME|SCVR:04JX0kal_J_B01|INTV|SCVR:11500|INTV|BNAM
  Kalendaar_V3.R02.B00.patchDeluxeV2.esp->|DATA|ONAM:kal_Draconic|NAME|SCVR:04JX0kal_J_B01|INTV|SCVR:11500|INTV|BNAM

[MOD-INF]: ID=225711643537125009(Topic:sarah)
  kalendaar_v3.r02.esm------------------->|DATA|FNAM:kal_Indoril|NAME|SCVR:02sX3kal_Sarah_Follow|INTV|SCVR:12sX3Random100|INTV:K|SCVR:21460|INTV|SCVR:32sX4kal_Sarah_Follow|INTV: 
  Kalendaar_V3.R02.B00.patchDeluxeV2.esp->|DATA|FNAM:kal_Indoril|NAME|SCVR:02sX3kal_Sarah_Follow|INTV|SCVR:12sX3Random100|INTV:K|SCVR:21460|INTV|SCVR:32sX4kal_Sarah_Follow|INTV: 

[MOD-INF]: ID=227601260418503785(Topic:se dépêcher)
  kalendaar_v3.r02.esm------------------->|DATA|NAME|SCVR:02sX3Random100|INTV|SCVR:13sX0hurryup|INTV|BNAM
  Kalendaar_V3.R02.B00.patchDeluxeV2.esp->|DATA|NAME|SCVR:02sX3Random100|INTV|SCVR:13sX0hurryup|INTV|BNAM

[MOD-INF]: ID=229775245682224923(Topic:mon histoire)
  kalendaar_v3.r02.esm------------------->|DATA|NAME|SCVR:03sX0SarahSlaveStatus|INTV
  Kalendaar_V3.R02.B00.patchDeluxeV2.esp->|DATA|NAME|SCVR:03sX0SarahSlaveStatus|INTV

[MOD-INF]: ID=236885538883431283(Topic:connaissances sur kalendaar)
  kalendaar_v3.r02.esm------------------->|DATA|CNAM:Savant|NAME|SCVR:02sX4Random100|INTV:L|SCVR:1CsX0NoLore|INTV:|SCVR:22sX0kal_InOut_Kalendaar|INTV|BNAM:;Hlaalu
  Kalendaar_V3.R02.B00.patchDeluxeV2.esp->|DATA|CNAM:Savant|NAME|SCVR:02sX4Random100|INTV:L|SCVR:1CsX0NoLore|INTV:|SCVR:22sX0kal_InOut_Kalendaar|INTV|BNAM:;Hlaalu

[MOD-INF]: ID=238773903171214645(Topic:ancêtres)
  kalendaar_v3.r02.esm------------------->|DATA|ONAM:kal_Kruglo|NAME|SCVR:04JX0kal_J_G05|INTV:.|SCVR:14JX0kal_J_G02|INTV|SCVR:21500|INTV|BNAM:Journal kal_J_G05 50  set "kal_Kruglo".Companion to 1  "Player"->AddItem kal_G05_Kruglo_ring_telepathy 1  StartScript kal_S_G05_Kruglo72hBug  Goodbye
  Kalendaar_V3.R02.B00.patchDeluxeV2.esp->|DATA|ONAM:kal_Kruglo|NAME|SCVR:04JX0kal_J_G05|INTV:.|SCVR:14JX0kal_J_G02|INTV|SCVR:21500|INTV|BNAM:Journal kal_J_G05 50  set "kal_Kruglo".Companion to 1  "Player"->AddItem kal_G05_Kruglo_ring_telepathy 1  StartScript kal_S_G05_Kruglo72hBug  Goodbye

[MOD-INF]: ID=239714348227013354(Topic:purdus sandius)
  kalendaar_v3.r02.esm------------------->|DATA|ONAM:kal_n_TG_vellia|NAME|SCVR|INTV|SCVR:11500|INTV|BNAM:Goodbye
  Kalendaar_V3.R02.B00.patchDeluxeV2.esp->|DATA|ONAM:kal_n_TG_vellia|NAME|SCVR|INTV|SCVR:11500|INTV|BNAM:Goodbye

[MOD-INF]: ID=247121098283319587(Topic:sarah)
  kalendaar_v3.r02.esm------------------->|DATA|FNAM:kal_Indoril|NAME|SCVR:02sX3kal_Sarah_Follow|INTV|SCVR:12sX4kal_Sarah_Follow|INTV: |SCVR:21460|INTV
  Kalendaar_V3.R02.B00.patchDeluxeV2.esp->|DATA|FNAM:kal_Indoril|NAME|SCVR:02sX3kal_Sarah_Follow|INTV|SCVR:12sX4kal_Sarah_Follow|INTV: |SCVR:21460|INTV

[MOD-INF]: ID=252577996224018188(Topic:pirates)
  kalendaar_v3.r02.esm------------------->|DATA|ONAM:kal_Jepleinpognius|NAME|SCVR:04JX0kal_J_E01|INTV:<|SCVR:11500|INTV|SCVR:21563|INTV:F|BNAM:player->AddItem "Gold_001" 1000  player->AddItem "kal_pir_copyListingPirates" 1  Journal "kal_J_E01" 70  Journal "kal_J_E_elimination" 10  StartScript kal_s_pir_UpdateMortsPirates
  Kalendaar_V3.R02.B00.patchDeluxeV2.esp->|DATA|ONAM:kal_Jepleinpognius|NAME|SCVR:04JX0kal_J_E01|INTV:<|SCVR:11500|INTV|SCVR:21563|INTV:F|BNAM:player->AddItem "Gold_001" 1000  player->AddItem "kal_pir_copyListingPirates" 1  Journal "kal_J_E01" 70  Journal "kal_J_E_elimination" 10  StartScript kal_S_pir_UpdateMortsPirates  StartScript kal_S_pir_UpdateCrimes

[MOD-INF]: ID=253956594446317034(Greeting:greeting 0)
  kalendaar_v3.r02.esm------------------->|DATA|ONAM:kal_n_FG_voleurs|NAME|SCVR:04JX0kal_J_FG_voleurs|INTV:|SCVR:11500|INTV|BNAM:Set kal_FG_voleurs to 3  Journal "kal_J_FG_voleurs" 10  Goodbye
  Kalendaar_V3.R02.B00.patchDeluxeV2.esp->|DATA|ONAM:kal_n_FG_voleurs|NAME|SCVR:04JX0kal_J_FG_voleurs|INTV:|SCVR:11500|INTV|BNAM:Set kal_FG_voleurs to 4  Journal "kal_J_FG_voleurs" 10  Goodbye

[MOD-INF]: ID=256491071557717145(Greeting:greeting 1)
  kalendaar_v3.r02.esm------------------->|DATA|NAME|SCVR:02sX2kal_GB_TeleportState|INTV|SCVR:13sX0combatmode|INTV|BNAM
  Kalendaar_V3.R02.B00.patchDeluxeV2.esp->|DATA|NAME|SCVR:02sX2kal_GB_TeleportState|INTV|SCVR:13sX0combatmode|INTV|BNAM

[MOD-INF]: ID=261224061398020168(Greeting:greeting 1)
  kalendaar_v3.r02.esm------------------->|DATA|ONAM:kal_Kruglo|NAME|SCVR:01500|INTV|BNAM:Goodbye  Set companion to 1  StartScript kal_S_G05_KrugloHomeIlluan
  Kalendaar_V3.R02.B00.patchDeluxeV2.esp->|DATA|ONAM:kal_Kruglo|NAME|SCVR:01500|INTV|BNAM:Goodbye  Set companion to 1  StartScript kal_S_G05_KrugloHomeIlluan

[MOD-INF]: ID=270056959790414019(Journal:kal_j_d01)
  kalendaar_v3.r02.esm------------------->|DATA|NAME
  Kalendaar_V3.R02.B00.patchDeluxeV2.esp->|DATA|NAME

[MOD-INF]: ID=276332056237428311(Topic:sarah)
  kalendaar_v3.r02.esm------------------->|DATA|FNAM:kal_Hl|NAME|SCVR:02sX3kal_Sarah_Follow|INTV|SCVR:12sX4Random100|INTV:2|SCVR:21460|INTV|SCVR:32sX4kal_Sarah_Follow|INTV: 
  Kalendaar_V3.R02.B00.patchDeluxeV2.esp->|DATA|FNAM:kal_Hl|NAME|SCVR:02sX3kal_Sarah_Follow|INTV|SCVR:12sX4Random100|INTV:2|SCVR:21460|INTV|SCVR:32sX4kal_Sarah_Follow|INTV: 

[MOD-INF]: ID=279342783946316049(Greeting:greeting 1)
  kalendaar_v3.r02.esm------------------->|DATA|NAME|SCVR:01590|INTV|SCVR:13sX0followNow|INTV|SCVR:22sX4Random100|INTV|BNAM:Say "Vo\r\f\Hlo_RF087.mp3" ".."
  Kalendaar_V3.R02.B00.patchDeluxeV2.esp->|DATA|NAME|SCVR:01590|INTV|SCVR:13sX0followNow|INTV|SCVR:22sX4Random100|INTV|BNAM:Say "Vo\r\f\Hlo_RF087.mp3" ".."

[MOD-INF]: ID=291882311551017274(Journal:kal_e_ethaniel_aide)
  kalendaar_v3.r02.esm------------------->|DATA|NAME
  Kalendaar_V3.R02.B00.patchDeluxeV2.esp->|DATA|NAME

[MOD-INF]: ID=304391431798217147(Topic:sarah)
  kalendaar_v3.r02.esm------------------->|DATA|FNAM:kal_Imperial_Lg|NAME|SCVR:02sX3kal_Sarah_Follow|INTV|SCVR:12sX3Random100|INTV:K|SCVR:21460|INTV|SCVR:32sX4kal_Sarah_Follow|INTV: 
  Kalendaar_V3.R02.B00.patchDeluxeV2.esp->|DATA|FNAM:kal_Imperial_Lg|NAME|SCVR:02sX3kal_Sarah_Follow|INTV|SCVR:12sX3Random100|INTV:K|SCVR:21460|INTV|SCVR:32sX4kal_Sarah_Follow|INTV: 

[MOD-INF]: ID=308661586069762735(Topic:mon métier)
  kalendaar_v3.r02.esm------------------->|DATA|ONAM:kal_MariusAldVelothi|NAME|SCVR:04JX2kal_J_A01|INTV:U
  Kalendaar_V3.R02.B00.patchDeluxeV2.esp->|DATA|ONAM:kal_MariusAldVelothi|NAME|SCVR:04JX2kal_J_A01|INTV:U

[MOD-INF]: ID=309031591245588774(Journal:kal_j_fg_moritanius)
  kalendaar_v3.r02.esm------------------->|DATA|NAME|QSTF
  Kalendaar_V3.R02.B00.patchDeluxeV2.esp->|DATA|NAME|QSTF

[MOD-INF]: ID=312979981231741830(Topic:sarah)
  kalendaar_v3.r02.esm------------------->|DATA|CNAM:Bookseller|NAME|SCVR:02sX3kal_Sarah_Follow|INTV|SCVR:12sX4kal_Sarah_Follow|INTV: 
  Kalendaar_V3.R02.B00.patchDeluxeV2.esp->|DATA|CNAM:Bookseller|NAME|SCVR:02sX3kal_Sarah_Follow|INTV|SCVR:12sX4kal_Sarah_Follow|INTV: 

[MOD-INF]: ID=316373015247939834(Greeting:greeting 1)
  kalendaar_v3.r02.esm------------------->|DATA|NAME|SCVR:04JX4kal_J_A07|INTV|SCVR:15IX0kal_Royal_cuirass|INTV|BNAM:AddItem kal_Royal_cuirass 1  "Player"->RemoveItem kal_royal_cuirass 1  Journal kal_J_A07 30  ModDisposition 5  Goodbye
  Kalendaar_V3.R02.B00.patchDeluxeV2.esp->|DATA|NAME|SCVR:04JX4kal_J_A07|INTV|SCVR:15IX0kal_Royal_cuirass|INTV|BNAM:AddItem kal_Royal_cuirass 1  "Player"->RemoveItem kal_royal_cuirass 1  Journal kal_J_A07 30  ModDisposition 5  Goodbye

[MOD-INF]: ID=444220018727325696(Journal:kal_j_g02)
  kalendaar_v3.r02.esm------------------->|DATA|NAME
  Kalendaar_V3.R02.B00.patchDeluxeV2.esp->|DATA|NAME

[MOD-INF]: ID=448512206120922226(Topic:se dépêcher)
  kalendaar_v3.r02.esm------------------->|DATA|NAME|SCVR:02sX3Random100|INTV:,|BNAM
  Kalendaar_V3.R02.B00.patchDeluxeV2.esp->|DATA|NAME|SCVR:02sX3Random100|INTV:,|BNAM

[MOD-INF]: ID=466229601890220864(Greeting:greeting 1)
  kalendaar_v3.r02.esm------------------->|DATA|ONAM:kal_e_dnw_01|NAME|SCVR:04JX0kal_e_chap2|INTV:F|BNAM:journal kal_e_chap2 80  Goodbye  Startscript kal_e_dnwtorepos
  Kalendaar_V3.R02.B00.patchDeluxeV2.esp->|DATA|ONAM:kal_e_dnw_01|NAME|SCVR:04JX0kal_e_chap2|INTV:F|BNAM:journal kal_e_chap2 80  Goodbye  Startscript kal_e_dnwtorepos

[MOD-INF]: ID=484228671575021878(Greeting:greeting 1)
  kalendaar_v3.r02.esm------------------->|DATA|NAME|SCVR:04JX4kal_J_A11|INTV|SCVR:15IX0kal_Royal_pauldron_left|INTV|BNAM:AddItem kal_Royal_pauldron_left 1  "Player"->RemoveItem kal_royal_pauldron_left 1  if ( "kal_Sarah"->GetItemCount kal_Royal_pauldron_right > 0 )    journal kal_J_A10 30  endif  ModDisposition 5  Goodbye
  Kalendaar_V3.R02.B00.patchDeluxeV2.esp->|DATA|NAME|SCVR:04JX4kal_J_A11|INTV|SCVR:15IX0kal_Royal_pauldron_left|INTV|BNAM:AddItem kal_Royal_pauldron_left 1  "Player"->RemoveItem kal_royal_pauldron_left 1  if ( "kal_Sarah"->GetItemCount kal_Royal_pauldron_right > 0 )    journal kal_J_A10 30  endif  ModDisposition 5  Goodbye

[MOD-INF]: ID=486526347241132680(Topic:sarah)
  kalendaar_v3.r02.esm------------------->|DATA|FNAM:kal_Telv|NAME|SCVR:02sX3kal_Sarah_Follow|INTV|SCVR:12sX4Random100|INTV|SCVR:21460|INTV|SCVR:32sX4kal_Sarah_Follow|INTV: 
  Kalendaar_V3.R02.B00.patchDeluxeV2.esp->|DATA|FNAM:kal_Telv|NAME|SCVR:02sX3kal_Sarah_Follow|INTV|SCVR:12sX4Random100|INTV|SCVR:21460|INTV|SCVR:32sX4kal_Sarah_Follow|INTV: 

[MOD-INF]: ID=503714730114664432(Topic:sarah)
  kalendaar_v3.r02.esm------------------->|DATA|CNAM:Smith|NAME|SCVR:02sX3kal_Sarah_Follow|INTV|SCVR:12sX4kal_Sarah_Follow|INTV: |SCVR:22sX2Random100|INTV:K
  Kalendaar_V3.R02.B00.patchDeluxeV2.esp->|DATA|CNAM:Smith|NAME|SCVR:02sX3kal_Sarah_Follow|INTV|SCVR:12sX4kal_Sarah_Follow|INTV: |SCVR:22sX2Random100|INTV:K

[MOD-INF]: ID=520943431783919720(Topic:guilde des guerriers)
  kalendaar_v3.r02.esm------------------->|DATA|ANAM|NAME|SCVR|INTV|SCVR:1CsX0NoLore|INTV:|SCVR:27XX0kal_Sarah|INTV
  Kalendaar_V3.R02.B00.patchDeluxeV2.esp->|DATA|ANAM|NAME|SCVR|INTV|SCVR:1CsX0NoLore|INTV:|SCVR:27XX0kal_Sarah|INTV

[MOD-INF]: ID=529017217446617268(Topic:aider dans une quête)
  kalendaar_v3.r02.esm------------------->|DATA|ONAM:kal_Ethaniel|DNAM:kal_ThievesGD|NAME|SCVR:04JX0kal_e_Ethaniel_assassin|INTV|SCVR:15IX0kal_e_green_weapon|INTV|BNAM:Journal kal_e_Ethaniel_assassin 30  player->removeitem "kal_e_green_weapon" 1  player->additem "kal_e_green_weapon_uni" 1
  Kalendaar_V3.R02.B00.patchDeluxeV2.esp->|DATA|ONAM:kal_Ethaniel|DNAM:kal_ThievesGD|NAME|SCVR:04JX0kal_e_Ethaniel_assassin|INTV|SCVR:15IX0kal_e_green_weapon|INTV|BNAM:Journal kal_e_Ethaniel_assassin 30  player->removeitem "kal_e_green_weapon" 1  player->additem "kal_e_green_weapon_uni" 1

[MOD-INF]: ID=529086992177525858(Journal:kal_j_d01)
  kalendaar_v3.r02.esm------------------->|DATA|NAME
  Kalendaar_V3.R02.B00.patchDeluxeV2.esp->|DATA|NAME

[MOD-INF]: ID=549791392970324451(Greeting:greeting 1)
  kalendaar_v3.r02.esm------------------->|DATA|ONAM:kal_Kruglo|NAME|SCVR:01500|INTV|BNAM
  Kalendaar_V3.R02.B00.patchDeluxeV2.esp->|DATA|ONAM:kal_Kruglo|NAME|SCVR:01500|INTV|BNAM

[DUP-INF]: ID=565325708189432375(Topic:promotion)
  |DATA|FNAM:kal_Mage_GD|DNAM:kal_Mage_GD|NAME|SCVR:01020|INTV|BNAM

[MOD-INF]: ID=568263831037919398(Journal:kal_j_g02)
  kalendaar_v3.r02.esm------------------->|DATA|NAME
  Kalendaar_V3.R02.B00.patchDeluxeV2.esp->|DATA|NAME

[MOD-INF]: ID=569730780954121008(Topic:tombeau ayleìd abandonné des albacas)
  kalendaar_v3.r02.esm------------------->|DATA|ONAM:kal_Kruglo|NAME|SCVR:04JX0kal_J_G08|INTV
  Kalendaar_V3.R02.B00.patchDeluxeV2.esp->|DATA|ONAM:kal_Kruglo|NAME|SCVR:04JX0kal_J_G08|INTV

[MOD-INF]: ID=618028600159912061(Topic:tombeau ayleìd abandonné des mavazas)
  kalendaar_v3.r02.esm------------------->|DATA|ONAM:kal_Acierius|NAME|SCVR:04JX0kal_J_G08|INTV|SCVR:14JX0kal_J_G14|INTV|SCVR:21460|INTV|BNAM:Journal kal_J_G14 30
  Kalendaar_V3.R02.B00.patchDeluxeV2.esp->|DATA|ONAM:kal_Acierius|NAME|SCVR:04JX0kal_J_G08|INTV|SCVR:14JX0kal_J_G14|INTV|SCVR:21460|INTV|BNAM:Journal kal_J_G14 30

[MOD-INF]: ID=620711725265706064(Topic:sarah)
  kalendaar_v3.r02.esm------------------->|DATA|CNAM:Bookseller|NAME|SCVR:02sX3kal_Sarah_Follow|INTV|SCVR:12sX4kal_Sarah_Follow|INTV: |SCVR:22sX0Random100|INTV:2
  Kalendaar_V3.R02.B00.patchDeluxeV2.esp->|DATA|CNAM:Bookseller|NAME|SCVR:02sX3kal_Sarah_Follow|INTV|SCVR:12sX4kal_Sarah_Follow|INTV: |SCVR:22sX0Random100|INTV:2

[MOD-INF]: ID=634617407252201874(Journal:kal_j_c11)
  kalendaar_v3.r02.esm------------------->|DATA|NAME
  Kalendaar_V3.R02.B00.patchDeluxeV2.esp->|DATA|NAME

[MOD-INF]: ID=734012008575114611(Topic:pirates)
  kalendaar_v3.r02.esm------------------->|DATA|ANAM|NAME:Non, je ne vois pas.|SCVR:04JX1kal_J_E01|INTV:|SCVR|INTV:|SCVR|INTV
  Kalendaar_V3.R02.B00.patchDeluxeV2.esp->|DATA|ANAM|NAME:Non, je ne vois pas.|SCVR:04JX1kal_J_E_elimination|INTV:|SCVR|INTV:

[MOD-INF]: ID=743106451210931403(Journal:kal_j_g10)
  kalendaar_v3.r02.esm------------------->|DATA|NAME
  Kalendaar_V3.R02.B00.patchDeluxeV2.esp->|DATA|NAME

[MOD-INF]: ID=753925481393431419(Topic:sarah)
  kalendaar_v3.r02.esm------------------->|DATA|FNAM:kal_Indoril|NAME|SCVR:02sX3kal_Sarah_Follow|INTV|SCVR:12sX3Random100|INTV|SCVR:21460|INTV|SCVR:32sX4kal_Sarah_Follow|INTV: 
  Kalendaar_V3.R02.B00.patchDeluxeV2.esp->|DATA|FNAM:kal_Indoril|NAME|SCVR:02sX3kal_Sarah_Follow|INTV|SCVR:12sX3Random100|INTV|SCVR:21460|INTV|SCVR:32sX4kal_Sarah_Follow|INTV: 

[MOD-INF]: ID=755519178117611954(Greeting:greeting 6)
  kalendaar_v3.r02.esm------------------->|DATA|ONAM:kal_luciania|NAME|SCVR:04JX0kal_J_D04|INTV
  Kalendaar_V3.R02.B00.patchDeluxeV2.esp->|DATA|ONAM:kal_luciania|NAME|SCVR:04JX0kal_J_D04|INTV

[MOD-INF]: ID=814279231192430680(Topic:mission)
  kalendaar_v3.r02.esm------------------->|DATA|ONAM:kal_Horatius II|NAME|SCVR:04JX0kal_J_C11|INTV|SCVR:11500|INTV|BNAM:Player->AddItem kal_sc_C11_Message_01 1  Journal kal_J_C11 40  set kal_G_C11_Index to 40  ModDisposition 5
  Kalendaar_V3.R02.B00.patchDeluxeV2.esp->|DATA|ONAM:kal_Horatius II|NAME|SCVR:04JX0kal_J_C11|INTV|SCVR:11500|INTV|BNAM:Player->AddItem kal_sc_C11_Message_01 1  Journal kal_J_C11 40  set kal_G_C11_Index to 40  ModDisposition 5

[MOD-INF]: ID=823716446108634345(Topic:rabatteur)
  kalendaar_v3.r02.esm------------------->|DATA|ONAM:kal_Mazina|NAME|SCVR:04JX0kal_J_TG_Mazina|INTV:7|SCVR:12sX0kal_TG_affaire1|INTV|BNAM:Journal "kal_J_TG_Mazina" 60
  Kalendaar_V3.R02.B00.patchDeluxeV2.esp->|DATA|ONAM:kal_Mazina|NAME|SCVR:04JX0kal_J_TG_Mazina|INTV:7|SCVR:12sX0kal_TG_affaire1|INTV|SCVR:21500|INTV|BNAM:Journal "kal_J_TG_Mazina" 60  AddTopic "date de l'execution"

[MOD-INF]: ID=922615558136936021(Topic:se dépêcher)
  kalendaar_v3.r02.esm------------------->|DATA|NAME|SCVR:02sX3Random100|INTV:]|BNAM
  Kalendaar_V3.R02.B00.patchDeluxeV2.esp->|DATA|NAME|SCVR:02sX3Random100|INTV:]|BNAM

[MOD-INF]: ID=945027778246116814(Topic:ports de vvardenfell ouest)
  kalendaar_v3.r02.esm------------------->|DATA|CNAM:Shipmaster|ANAM|NAME|SCVR:04JX2kal_J_A01|INTV:U|SCVR:14JX4kal_J_A01|INTV:d
  Kalendaar_V3.R02.B00.patchDeluxeV2.esp->|DATA|CNAM:Shipmaster|ANAM|NAME|SCVR:04JX2kal_J_A01|INTV:U|SCVR:14JX4kal_J_A01|INTV:d

[MOD-INF]: ID=965197681076524237(Topic:acheter votre établissement)
  kalendaar_v3.r02.esm------------------->|DATA|ONAM:kal_Grta_Gharbo|NAME:Je crois bien que si, %PCName. Vous pouvez toujours courrir pour avoir l'endroit si vous refusez de me le dire.|SCVR:04JX0kal_J_TG_guilde|INTV|SCVR:11500|INTV: 
  Kalendaar_V3.R02.B00.patchDeluxeV2.esp->|DATA|ONAM:kal_Grta_Gharbo|NAME:Je crois bien que si, %PCName. Vous pouvez toujours courir pour avoir l'endroit si vous refusez de me le dire.|SCVR:04JX0kal_J_TG_guilde|INTV|SCVR:11500|INTV: 

[MOD-INF]: ID=971318176205737960(Topic:dernières rumeurs)
  kalendaar_v3.r02.esm------------------->|DATA|ANAM|NAME|SCVR:02sX0kal_InOut_Kalendaar|INTV|SCVR:14JX0kal_J_D03|INTV|SCVR:22sX4Random100|INTV|SCVR:37XX0kal_Tapaloeilos|INTV|SCVR:47XX0kal_chipendale|INTV
  Kalendaar_V3.R02.B00.patchDeluxeV2.esp->|DATA|ANAM|NAME|SCVR:02sX0kal_InOut_Kalendaar|INTV|SCVR:14JX0kal_J_D03|INTV|SCVR:22sX4Random100|INTV|SCVR:37XX0kal_Tapaloeilos|INTV|SCVR:47XX0kal_chipendale|INTV

[MOD-INF]: ID=971731844132695247(Topic:sarah)
  kalendaar_v3.r02.esm------------------->|DATA|FNAM:kal_Indoril|NAME|SCVR:02sX3kal_Sarah_Follow|INTV|SCVR:12sX3Random100|INTV:2|SCVR:21460|INTV|SCVR:32sX4kal_Sarah_Follow|INTV: 
  Kalendaar_V3.R02.B00.patchDeluxeV2.esp->|DATA|FNAM:kal_Indoril|NAME|SCVR:02sX3kal_Sarah_Follow|INTV|SCVR:12sX3Random100|INTV:2|SCVR:21460|INTV|SCVR:32sX4kal_Sarah_Follow|INTV: 

[MOD-INF]: ID=1032122164139232942(Topic:porte dérobée)
  kalendaar_v3.r02.esm------------------->|DATA|ONAM:kal_Feypachius|NAME|SCVR:04JX0kal_J_B07|INTV: |SCVR:11460|INTV|BNAM
  Kalendaar_V3.R02.B00.patchDeluxeV2.esp->|DATA|ONAM:kal_Feypachius|NAME|SCVR:04JX0kal_J_B07|INTV: |SCVR:11460|INTV|BNAM

[MOD-INF]: ID=1057876422124624117(Journal:kal_j_d01)
  kalendaar_v3.r02.esm------------------->|DATA|NAME
  Kalendaar_V3.R02.B00.patchDeluxeV2.esp->|DATA|NAME

[MOD-INF]: ID=1138627133243842922(Topic:sarah)
  kalendaar_v3.r02.esm------------------->|DATA|CNAM:Bookseller|NAME|SCVR:02sX3kal_Sarah_Follow|INTV|SCVR:12sX4kal_Sarah_Follow|INTV: |SCVR:22sX2Random100|INTV
  Kalendaar_V3.R02.B00.patchDeluxeV2.esp->|DATA|CNAM:Bookseller|NAME|SCVR:02sX3kal_Sarah_Follow|INTV|SCVR:12sX4kal_Sarah_Follow|INTV: |SCVR:22sX2Random100|INTV

[MOD-INF]: ID=1175732083081732363(Journal:kal_e_chap4)
  kalendaar_v3.r02.esm------------------->|DATA|NAME
  Kalendaar_V3.R02.B00.patchDeluxeV2.esp->|DATA|NAME

[MOD-INF]: ID=1191127871309025953(Topic:pirates)
  kalendaar_v3.r02.esm------------------->|DATA|ANAM|NAME:Non, je ne vois pas.|SCVR:04JX1kal_J_E01|INTV:|SCVR|INTV:
  Kalendaar_V3.R02.B00.patchDeluxeV2.esp->|DATA|ANAM|NAME:Non, je ne vois pas.|SCVR:04JX1kal_J_E_elimination|INTV:|SCVR|INTV:

[MOD-INF]: ID=1215112972895012507(Journal:kal_j_b18)
  kalendaar_v3.r02.esm------------------->|DATA|NAME
  Kalendaar_V3.R02.B00.patchDeluxeV2.esp->|DATA|NAME

[MOD-INF]: ID=1226632372513713715(Topic:petits boulots)
  kalendaar_v3.r02.esm------------------->|DATA|ONAM:kal_n_TG_guilde3|NAME|SCVR:01500|INTV|BNAM:Set kal_TG_boulot3 to 2  Set "kal_n_TG_guilde3".boulot to 2
  Kalendaar_V3.R02.B00.patchDeluxeV2.esp->|DATA|ONAM:kal_n_TG_guilde3|NAME|SCVR:01500|INTV|BNAM:Set kal_TG_boulot3 to 2  Set "kal_n_TG_guilde3".boulot to 2

[MOD-INF]: ID=1245144701082018655(Greeting:greeting 6)
  kalendaar_v3.r02.esm------------------->|DATA|ONAM:kal_Kruglo|NAME|SCVR:04JX0kal_J_G05|INTV: |SCVR:11500|INTV|SCVR:21054|INTV:(|BNAM:Journal kal_J_G05 20  Goodbye
  Kalendaar_V3.R02.B00.patchDeluxeV2.esp->|DATA|ONAM:kal_Kruglo|NAME|SCVR:04JX0kal_J_G05|INTV: |SCVR:11500|INTV|SCVR:21054|INTV:(|BNAM:Journal kal_J_G05 20  Goodbye

[MOD-INF]: ID=1260524832278919171(Topic:pirates)
  kalendaar_v3.r02.esm------------------->|DATA|ANAM|NAME|SCVR:04JX1kal_J_E01|INTV:|SCVR|INTV:|SCVR|INTV|BNAM
  Kalendaar_V3.R02.B00.patchDeluxeV2.esp->|DATA|ANAM|NAME|SCVR:04JX1kal_J_E_elimination|INTV:|SCVR|INTV:|SCVR|INTV|BNAM

[MOD-INF]: ID=1319823757205977161(Journal:kal_e_chap5)
  kalendaar_v3.r02.esm------------------->|DATA|NAME
  Kalendaar_V3.R02.B00.patchDeluxeV2.esp->|DATA|NAME

[MOD-INF]: ID=1331324369154975984(Topic:diamant-eau)
  kalendaar_v3.r02.esm------------------->|DATA|ONAM:kal_n_info1|NAME|SCVR:04JX0kal_J_TG_diam|INTV:d|SCVR:11363|INTV:2|SCVR:21513|INTV:A|BNAM
  Kalendaar_V3.R02.B00.patchDeluxeV2.esp->|DATA|ONAM:kal_n_info1|NAME|SCVR:04JX0kal_J_TG_diam|INTV:d|SCVR:11363|INTV:2|SCVR:21513|INTV:A|BNAM

[MOD-INF]: ID=1348395712675511789(Journal:kal_e_chap1)
  kalendaar_v3.r02.esm------------------->|DATA|NAME
  Kalendaar_V3.R02.B00.patchDeluxeV2.esp->|DATA|NAME

[MOD-INF]: ID=1376438261536410521(Greeting:greeting 6)
  kalendaar_v3.r02.esm------------------->|DATA|ONAM:kal_ituribita|NAME|SCVR:04JX0kal_J_D01|INTV:F|SCVR:13fX0annoyed|FLTV|DBNA
  Kalendaar_V3.R02.B00.patchDeluxeV2.esp->|DATA|ONAM:kal_ituribita|NAME|SCVR:04JX0kal_J_D01|INTV:F|SCVR:13fX0annoyed|FLTV|DBNA

[MOD-INF]: ID=1381222272379029187(Greeting:greeting 1)
  kalendaar_v3.r02.esm------------------->|DATA|ONAM:kal_Kruglo|NAME|SCVR:02sX2kal_G05_TeleportState|INTV|SCVR:13sX0combatmode|INTV|SCVR:24JX3kal_J_G05|INTV:2|BNAM
  Kalendaar_V3.R02.B00.patchDeluxeV2.esp->|DATA|ONAM:kal_Kruglo|NAME|SCVR:02sX2kal_G05_TeleportState|INTV|SCVR:13sX0combatmode|INTV|SCVR:24JX3kal_J_G05|INTV:2|BNAM

[MOD-INF]: ID=1384895581837112882(Journal:kal_j_b23)
  kalendaar_v3.r02.esm------------------->|DATA|NAME
  Kalendaar_V3.R02.B00.patchDeluxeV2.esp->|DATA|NAME

[MOD-INF]: ID=1456141562274318965(Topic:sarah)
  kalendaar_v3.r02.esm------------------->|DATA|FNAM:kal_Imp_Culte|NAME|SCVR:02sX3kal_Sarah_Follow|INTV|SCVR:12sX3Random100|INTV:K|SCVR:21460|INTV|SCVR:32sX4kal_Sarah_Follow|INTV: 
  Kalendaar_V3.R02.B00.patchDeluxeV2.esp->|DATA|FNAM:kal_Imp_Culte|NAME|SCVR:02sX3kal_Sarah_Follow|INTV|SCVR:12sX3Random100|INTV:K|SCVR:21460|INTV|SCVR:32sX4kal_Sarah_Follow|INTV: 

[MOD-INF]: ID=1486630446294088801(Greeting:greeting 6)
  kalendaar_v3.r02.esm------------------->|DATA|ONAM:kal_luciania|NAME|SCVR:04JX4kal_J_D04|INTV: |SCVR:11460|INTV|SCVR:21500|INTV|BNAM:Goodbye  Journal kal_J_D04 20
  Kalendaar_V3.R02.B00.patchDeluxeV2.esp->|DATA|ONAM:kal_luciania|NAME|SCVR:04JX4kal_J_D04|INTV: |SCVR:11460|INTV|SCVR:21500|INTV|BNAM

[MOD-INF]: ID=1530316108514712339(Topic:responsable de la prison)
  kalendaar_v3.r02.esm------------------->|DATA|ONAM:kal_n_TG_corrompu|NAME:C'est moi. Que me voulez vous ?|SCVR:04JX0kal_J_TG_gestion|INTV|SCVR:14JX5kal_J_TG_corruptionOfficier|INTV: |BNAM
  Kalendaar_V3.R02.B00.patchDeluxeV2.esp->|DATA|ONAM:kal_n_TG_corrompu|NAME:C'est moi. Que me voulez vous ?|SCVR:04JX0kal_J_TG_gestion|INTV|SCVR:14JX5kal_J_TG_corruptionOfficier|INTV|BNAM

[MOD-INF]: ID=1551279001787819327(Topic:sarah)
  kalendaar_v3.r02.esm------------------->|DATA|FNAM:kal_Red|NAME|SCVR:02sX3kal_Sarah_Follow|INTV|SCVR:12sX4Random100|INTV|SCVR:21460|INTV|SCVR:32sX4kal_Sarah_Follow|INTV: 
  Kalendaar_V3.R02.B00.patchDeluxeV2.esp->|DATA|FNAM:kal_Red|NAME|SCVR:02sX3kal_Sarah_Follow|INTV|SCVR:12sX4Random100|INTV|SCVR:21460|INTV|SCVR:32sX4kal_Sarah_Follow|INTV: 

[MOD-INF]: ID=1569927346846324680(Topic:sarah)
  kalendaar_v3.r02.esm------------------->|DATA|FNAM:kal_Imp_Culte|NAME|SCVR:02sX3kal_Sarah_Follow|INTV|SCVR:12sX4kal_Sarah_Follow|INTV: |SCVR:21460|INTV
  Kalendaar_V3.R02.B00.patchDeluxeV2.esp->|DATA|FNAM:kal_Imp_Culte|NAME|SCVR:02sX3kal_Sarah_Follow|INTV|SCVR:12sX4kal_Sarah_Follow|INTV: |SCVR:21460|INTV

[MOD-INF]: ID=1584377141720132190(Topic:entrer dans l'ordre d'alessia)
  kalendaar_v3.r02.esm------------------->|DATA|FNAM:kal_Alessian_knights|NAME|SCVR:01460|INTV|SCVR:12sX0kal_InOut_Kalendaar|INTV|SCVR:27XX0kal_Mandelec|INTV
  Kalendaar_V3.R02.B00.patchDeluxeV2.esp->|DATA|FNAM:kal_Alessian_knights|NAME|SCVR:01460|INTV|SCVR:12sX0kal_InOut_Kalendaar|INTV|SCVR:27XX0kal_Mandelec|INTV

[MOD-INF]: ID=1613523596748212939(Topic:se dépêcher)
  kalendaar_v3.r02.esm------------------->|DATA|NAME|SCVR:02sX3Random100|INTV|SCVR:13sX0hurryup|INTV|BNAM
  Kalendaar_V3.R02.B00.patchDeluxeV2.esp->|DATA|NAME|SCVR:02sX3Random100|INTV|SCVR:13sX0hurryup|INTV|BNAM

[MOD-INF]: ID=1625516583303296382(Topic:sarah)
  kalendaar_v3.r02.esm------------------->|DATA|CNAM:Bookseller|NAME|SCVR:02sX3kal_Sarah_Follow|INTV|SCVR:12sX4kal_Sarah_Follow|INTV: |SCVR:22sX2Random100|INTV:P
  Kalendaar_V3.R02.B00.patchDeluxeV2.esp->|DATA|CNAM:Bookseller|NAME|SCVR:02sX3kal_Sarah_Follow|INTV|SCVR:12sX4kal_Sarah_Follow|INTV: |SCVR:22sX2Random100|INTV:P

[MOD-INF]: ID=1652182411289512023(Topic:cinquième démon)
  kalendaar_v3.r02.esm------------------->|DATA|NAME
  Kalendaar_V3.R02.B00.patchDeluxeV2.esp->|DATA|ONAM:kal_Gilbertus3|NAME

[MOD-INF]: ID=1689112603272487125(Journal:kal_e_chap4)
  kalendaar_v3.r02.esm------------------->|DATA|NAME
  Kalendaar_V3.R02.B00.patchDeluxeV2.esp->|DATA|NAME

[MOD-INF]: ID=1752129515135710364(Journal:kal_j_a01)
  kalendaar_v3.r02.esm------------------->|DATA|NAME
  Kalendaar_V3.R02.B00.patchDeluxeV2.esp->|DATA|NAME

[MOD-INF]: ID=1753112387846319283(Greeting:greeting 1)
  kalendaar_v3.r02.esm------------------->|DATA|ONAM:kal_e_astronome|NAME|SCVR:04JX0Kal_e_chap5|INTV: |SCVR:11500|INTV|BNAM
  Kalendaar_V3.R02.B00.patchDeluxeV2.esp->|DATA|ONAM:kal_e_astronome|NAME|SCVR:04JX0Kal_e_chap5|INTV: |SCVR:11500|INTV|BNAM

[MOD-INF]: ID=1754164102505522888(Topic:pirates)
  kalendaar_v3.r02.esm------------------->|DATA|ONAM|SCVR:04JX0kal_J_E01|INTV:<|SCVR:11500|INTV|BNAM:player->AddItem "Gold_001" 1000  player->AddItem "kal_pir_copyListingPirates" 1  Journal "kal_J_E01" 70  Journal "kal_J_E_elimination" 10
  Kalendaar_V3.R02.B00.patchDeluxeV2.esp->|DATA|ONAM|SCVR:04JX0kal_J_E01|INTV:<|SCVR:11500|INTV|BNAM:player->AddItem "Gold_001" 1000  player->AddItem "kal_pir_copyListingPirates" 1  Journal "kal_J_E01" 70  Journal "kal_J_E_elimination" 10  StartScript kal_S_pir_UpdateMortsPirates  StopScript kal_S_pir_UpdateCrimes

[MOD-INF]: ID=1804247172168617701(Topic:sarah)
  kalendaar_v3.r02.esm------------------->|DATA|CNAM:Bookseller|NAME|SCVR:02sX3kal_Sarah_Follow|INTV|SCVR:12sX4kal_Sarah_Follow|INTV: |SCVR:22sX2Random100|INTV:(
  Kalendaar_V3.R02.B00.patchDeluxeV2.esp->|DATA|CNAM:Bookseller|NAME|SCVR:02sX3kal_Sarah_Follow|INTV|SCVR:12sX4kal_Sarah_Follow|INTV: |SCVR:22sX2Random100|INTV:(

[MOD-INF]: ID=1861374612186919009(Greeting:greeting 0)
  kalendaar_v3.r02.esm------------------->|DATA|ONAM:kal_n_FG_voleurs|NAME|SCVR:04JX0kal_J_FG_voleurs|INTV:|SCVR:11500|INTV|BNAM:Set kal_FG_voleurs to 3  Journal "kal_J_FG_voleurs" 10  Goodbye
  Kalendaar_V3.R02.B00.patchDeluxeV2.esp->|DATA|ONAM:kal_n_FG_voleurs|NAME|SCVR:04JX0kal_J_FG_voleurs|INTV:|SCVR:11500|INTV|BNAM:Set kal_FG_voleurs to 4  Journal "kal_J_FG_voleurs" 10  Goodbye

[MOD-INF]: ID=1894148621212212012(Topic:se dépêcher)
  kalendaar_v3.r02.esm------------------->|DATA|NAME|SCVR:02sX3Random100|INTV:H|BNAM
  Kalendaar_V3.R02.B00.patchDeluxeV2.esp->|DATA|NAME|SCVR:02sX3Random100|INTV:H|BNAM

[MOD-INF]: ID=1896028319605017546(Topic:infestation de zombies)
  kalendaar_v3.r02.esm------------------->|DATA|ONAM:kal_Nina|NAME|SCVR:04JX011111 test journal|INTV:
  Kalendaar_V3.R02.B00.patchDeluxeV2.esp->|DATA|ONAM:kal_Nina|NAME|SCVR:04JX5kal_J_FG_zombies|INTV:<

[MOD-INF]: ID=1934626403924127722(Greeting:greeting 0)
  kalendaar_v3.r02.esm------------------->|DATA|ONAM:kal_Gilbertus3|ANAM:Tour de Gilbertus|NAME|SCVR:01630|INTV:|BNAM
  Kalendaar_V3.R02.B00.patchDeluxeV2.esp->|DATA|ONAM:kal_Gilbertus3|ANAM|NAME|SCVR:01630|INTV:|BNAM

[MOD-INF]: ID=1949565101115219087(Topic:tombeau ayleìd abandonné des gapafas)
  kalendaar_v3.r02.esm------------------->|DATA|ONAM:kal_Kruglo|NAME|SCVR:04JX0kal_J_G12|INTV
  Kalendaar_V3.R02.B00.patchDeluxeV2.esp->|DATA|ONAM:kal_Kruglo|NAME|SCVR:04JX0kal_J_G12|INTV

[MOD-INF]: ID=2002230176103324939(Topic:sarah)
  kalendaar_v3.r02.esm------------------->|DATA|FNAM:kal_Telv|NAME|SCVR:02sX3kal_Sarah_Follow|INTV|SCVR:12sX3Random100|INTV:2|SCVR:21460|INTV|SCVR:32sX4kal_Sarah_Follow|INTV: 
  Kalendaar_V3.R02.B00.patchDeluxeV2.esp->|DATA|FNAM:kal_Telv|NAME|SCVR:02sX3kal_Sarah_Follow|INTV|SCVR:12sX3Random100|INTV:2|SCVR:21460|INTV|SCVR:32sX4kal_Sarah_Follow|INTV: 

[MOD-INF]: ID=2011522324355022002(Topic:andrew farmers)
  kalendaar_v3.r02.esm------------------->|DATA|ONAM:kal_e_mylene_farmers|NAME|SCVR:04JX0kal_e_chap1|INTV|BNAM:journal kal_e_chap1 190
  Kalendaar_V3.R02.B00.patchDeluxeV2.esp->|DATA|ONAM:kal_e_mylene_farmers|NAME|SCVR:04JX0kal_e_chap1|INTV|BNAM:journal kal_e_chap1 190

[MOD-INF]: ID=2041830849241066481(Topic:entrer dans l'ordre d'akatosh)
  kalendaar_v3.r02.esm------------------->|DATA|FNAM:kal_Akatosh_Order|NAME|SCVR:01460|INTV|SCVR:12sX0kal_InOut_Kalendaar|INTV|SCVR:27XX0kal_Mordius|INTV
  Kalendaar_V3.R02.B00.patchDeluxeV2.esp->|DATA|FNAM:kal_Akatosh_Order|NAME|SCVR:01460|INTV|SCVR:12sX0kal_InOut_Kalendaar|INTV|SCVR:27XX0kal_Mordius|INTV

[MOD-INF]: ID=2070367332410223008(Greeting:greeting 0)
  kalendaar_v3.r02.esm------------------->|DATA|ONAM:kal_Gilbertus3|ANAM:Tour de Gilbertus|NAME
  Kalendaar_V3.R02.B00.patchDeluxeV2.esp->|DATA|ONAM:kal_Gilbertus3|ANAM|NAME

[MOD-INF]: ID=2100145861237429374(Topic:mon histoire)
  kalendaar_v3.r02.esm------------------->|DATA|NAME|SCVR:03sX0SarahSlaveStatus|INTV
  Kalendaar_V3.R02.B00.patchDeluxeV2.esp->|DATA|NAME|SCVR:03sX0SarahSlaveStatus|INTV

[MOD-INF]: ID=2109723154222445422(Topic:armure royale de kalendaar)
  kalendaar_v3.r02.esm------------------->|DATA|ONAM:kal_Gilbertus3|ANAM
  Kalendaar_V3.R02.B00.patchDeluxeV2.esp->|DATA|ONAM:kal_Gilbertus3|ANAM

[MOD-INF]: ID=2113031536143621614(Journal:kal_j_g14)
  kalendaar_v3.r02.esm------------------->|DATA|NAME
  Kalendaar_V3.R02.B00.patchDeluxeV2.esp->|DATA|NAME

[MOD-INF]: ID=2122519342150842318(Topic:temple de zuld)
  kalendaar_v3.r02.esm------------------->|DATA|CNAM:Monk Service|NAME|SCVR:02sX0kal_InOut_Kalendaar|INTV|SCVR:14JX1kal_e_chap2|INTV:0|SCVR:24JX4kal_e_chap2|INTV:0|SCVR:34JX3kal_e_chap2|INTV:(|BNAM:Journal kal_e_chap2 48
  Kalendaar_V3.R02.B00.patchDeluxeV2.esp->|DATA|CNAM:Monk Service|NAME|SCVR:02sX0kal_InOut_Kalendaar|INTV|SCVR:14JX1kal_e_chap2|INTV:0|SCVR:24JX4kal_e_chap2|INTV:0|SCVR:34JX3kal_e_chap2|INTV:(|BNAM:Journal kal_e_chap2 48

[MOD-INF]: ID=2131719407304121529(Topic:mission)
  kalendaar_v3.r02.esm------------------->|DATA|ONAM:kal_Belwig VI|NAME|SCVR:04JX0kal_J_C11|INTV|SCVR:11500|INTV|BNAM:Player->AddItem kal_sc_C11_Message_03 1  Player->RemoveItem kal_sc_C11_Message_02 1  Journal kal_J_C11 150  set kal_G_C11_Index to 150  ModDisposition 5
  Kalendaar_V3.R02.B00.patchDeluxeV2.esp->|DATA|ONAM:kal_Belwig VI|NAME|SCVR:04JX0kal_J_C11|INTV|SCVR:11500|INTV|BNAM:Player->AddItem kal_sc_C11_Message_03 1  Player->RemoveItem kal_sc_C11_Message_02 1  Journal kal_J_C11 150  set kal_G_C11_Index to 150  ModDisposition 5

[MOD-INF]: ID=2164127814566723460(Journal:kal_j_fg_moritanius)
  kalendaar_v3.r02.esm------------------->|DATA|NAME
  Kalendaar_V3.R02.B00.patchDeluxeV2.esp->|DATA|NAME

[MOD-INF]: ID=2175026513231615510(Topic:ports de vvardenfell ouest)
  kalendaar_v3.r02.esm------------------->|DATA|CNAM:Shipmaster|ANAM:Seyda Nihyn|NAME|SCVR:04JX2kal_J_A01|INTV:U|SCVR:14JX4kal_J_A01|INTV:d
  Kalendaar_V3.R02.B00.patchDeluxeV2.esp->|DATA|CNAM:Shipmaster|ANAM:Seyda Nihyn|NAME|SCVR:04JX2kal_J_A01|INTV:U|SCVR:14JX4kal_J_A01|INTV:d

[MOD-INF]: ID=2200528846475214915(Journal:kal_j_d01)
  kalendaar_v3.r02.esm------------------->|DATA|NAME
  Kalendaar_V3.R02.B00.patchDeluxeV2.esp->|DATA|NAME

[MOD-INF]: ID=2221713503188278980(Topic:tombeau ayleìd abandonné des mavazas)
  kalendaar_v3.r02.esm------------------->|DATA|ONAM:kal_Kruglo|NAME|SCVR:04JX0kal_J_G14|INTV
  Kalendaar_V3.R02.B00.patchDeluxeV2.esp->|DATA|ONAM:kal_Kruglo|NAME|SCVR:04JX0kal_J_G14|INTV

[MOD-INF]: ID=2224977151318522618(Topic:duel entre bartabas et moritanius)
  kalendaar_v3.r02.esm------------------->|DATA|ONAM:kal_n_FG_alcibius|NAME|SCVR:04JX5kal_J_FG_duel|INTV: |SCVR:11500|INTV|BNAM:Journal "kal_J_FG_duel" 20  AddTopic "duel entre Bartabas et Moritanius"
  Kalendaar_V3.R02.B00.patchDeluxeV2.esp->|DATA|ONAM:kal_n_FG_alcibius|NAME|SCVR:04JX5kal_J_FG_duel|INTV: |SCVR:11500|INTV|BNAM:Journal "kal_J_FG_duel" 20  AddTopic "duel entre Bartabas et Moritanius"

[MOD-INF]: ID=2229124638150046661(Journal:kal_e_chap3)
  kalendaar_v3.r02.esm------------------->|DATA|NAME
  Kalendaar_V3.R02.B00.patchDeluxeV2.esp->|DATA|NAME

[MOD-INF]: ID=2269980672868929433(Journal:kal_j_g13)
  kalendaar_v3.r02.esm------------------->|DATA|NAME
  Kalendaar_V3.R02.B00.patchDeluxeV2.esp->|DATA|NAME

[MOD-INF]: ID=2284027244261981860(Topic:entrer dans l'ordre de dibella)
  kalendaar_v3.r02.esm------------------->|DATA|FNAM:kal_Dibella_Order|NAME|SCVR:01460|INTV|SCVR:12sX0kal_InOut_Kalendaar|INTV|SCVR:27XX0kal_Niffith|INTV
  Kalendaar_V3.R02.B00.patchDeluxeV2.esp->|DATA|FNAM:kal_Dibella_Order|NAME|SCVR:01460|INTV|SCVR:12sX0kal_InOut_Kalendaar|INTV|SCVR:27XX0kal_Niffith|INTV

[MOD-INF]: ID=2345320922981428335(Topic:ports de vvardenfell ouest)
  kalendaar_v3.r02.esm------------------->|DATA|CNAM:Shipmaster|ANAM:Khuul|NAME|SCVR:04JX2kal_J_A01|INTV:U|SCVR:14JX4kal_J_A01|INTV:d
  Kalendaar_V3.R02.B00.patchDeluxeV2.esp->|DATA|CNAM:Shipmaster|ANAM:Khuul|NAME|SCVR:04JX2kal_J_A01|INTV:U|SCVR:14JX4kal_J_A01|INTV:d

[MOD-INF]: ID=2437195691805325549(Topic:se dépêcher)
  kalendaar_v3.r02.esm------------------->|DATA|NAME|SCVR:03sX0hurryup|INTV|BNAM
  Kalendaar_V3.R02.B00.patchDeluxeV2.esp->|DATA|NAME|SCVR:03sX0hurryup|INTV|BNAM

[MOD-INF]: ID=2456051861182519275(Greeting:greeting 1)
  kalendaar_v3.r02.esm------------------->|DATA|NAME|SCVR:01590|INTV:|SCVR:11380|INTV:|SCVR:22sX4Random100|INTV
  Kalendaar_V3.R02.B00.patchDeluxeV2.esp->|DATA|NAME|SCVR:01590|INTV:|SCVR:11380|INTV:|SCVR:22sX4Random100|INTV

[MOD-INF]: ID=2508088982262413894(Topic:temple de zuld)
  kalendaar_v3.r02.esm------------------->|DATA|ONAM|NAME|SCVR:02sX0kal_InOut_Kalendaar|INTV|SCVR:14JX0kal_e_chap2|INTV:0|BNAM:journal kal_e_chap2 50
  Kalendaar_V3.R02.B00.patchDeluxeV2.esp->|DATA|ONAM|NAME|SCVR:02sX0kal_InOut_Kalendaar|INTV|SCVR:14JX0kal_e_chap2|INTV:0|BNAM:journal kal_e_chap2 50

[MOD-INF]: ID=2623526373244118667(Topic:aider dans une quête)
  kalendaar_v3.r02.esm------------------->|DATA|ONAM:kal_Lord_Mortim|DNAM:kal_Mage_GD|NAME|SCVR:04JX4kal_e_Mortim_Quete|INTV: |BNAM:choice "Oui, que faut-il faire ?" 1 "Non je n'ai pas le temps." 2
  Kalendaar_V3.R02.B00.patchDeluxeV2.esp->|DATA|ONAM:kal_Lord_Mortim|DNAM:kal_Mage_GD|NAME|SCVR:04JX4kal_e_Mortim_Quete|INTV: |BNAM:choice "Oui, que faut-il faire ?" 1 "Non je n'ai pas le temps." 2

[MOD-INF]: ID=2680814233369010354(Journal:kal_j_g02)
  kalendaar_v3.r02.esm------------------->|DATA|NAME
  Kalendaar_V3.R02.B00.patchDeluxeV2.esp->|DATA|NAME

[MOD-INF]: ID=2693122909154837194(Topic:guilde des guerriers)
  kalendaar_v3.r02.esm------------------->|DATA|FNAM:kal_FightersGD|DNAM:kal_FightersGD|NAME|SCVR:04JX0kal_J_FG_moritanius|INTV:|SCVR:11500|INTV|BNAM:Journal "kal_J_FG_moritanius" 10
  Kalendaar_V3.R02.B00.patchDeluxeV2.esp->|DATA|FNAM:kal_FightersGD|DNAM:kal_FightersGD|NAME|SCVR:04JX0kal_J_FG_moritanius|INTV:|SCVR:11500|INTV|BNAM:Journal "kal_J_FG_moritanius" 10

[MOD-INF]: ID=2718825726923920985(Greeting:greeting 1)
  kalendaar_v3.r02.esm------------------->|DATA|ONAM:kal_e_vamp_02|NAME|SCVR:04JX3kal_e_chap4|INTV:F|SCVR:11500|INTV|BNAM:Journal kal_e_chap4 90  Goodbye
  Kalendaar_V3.R02.B00.patchDeluxeV2.esp->|DATA|ONAM:kal_e_vamp_02|NAME|SCVR:04JX3kal_e_chap4|INTV:F|SCVR:11500|INTV|BNAM:Journal kal_e_chap4 90  Goodbye

[MOD-INF]: ID=2781896292531211468(Topic:duel entre bartabas et moritanius)
  kalendaar_v3.r02.esm------------------->|DATA|ONAM:kal_bartabas|NAME|SCVR:04JX0kal_J_FG_duel|INTV|SCVR:11500|INTV|BNAM:Journal "kal_J_FG_duel" 30  ModPCFacRep 5 "kal_FightersGD"  StartScript kal_S_FG_VoleursApparition
  Kalendaar_V3.R02.B00.patchDeluxeV2.esp->|DATA|ONAM:kal_bartabas|NAME|SCVR:04JX0kal_J_FG_duel|INTV|SCVR:11500|INTV|BNAM:Journal "kal_J_FG_duel" 30  ModPCFacRep 5 "kal_FightersGD"  StartScript kal_S_FG_VoleursApparition

[MOD-INF]: ID=2828836722658816408(Topic:sarah)
  kalendaar_v3.r02.esm------------------->|DATA|CNAM:Smith|NAME|SCVR:02sX3kal_Sarah_Follow|INTV|SCVR:12sX4kal_Sarah_Follow|INTV: |SCVR:22sX2Random100|INTV:Z
  Kalendaar_V3.R02.B00.patchDeluxeV2.esp->|DATA|CNAM:Smith|NAME|SCVR:02sX3kal_Sarah_Follow|INTV|SCVR:12sX4kal_Sarah_Follow|INTV: |SCVR:22sX2Random100|INTV:Z

[MOD-INF]: ID=2880430390814917426(Topic:rabatteur)
  kalendaar_v3.r02.esm------------------->|DATA|ONAM:kal_Mazina|NAME|SCVR:04JX0kal_J_TG_Mazina|INTV:7|SCVR:12sX0kal_TG_affaire1|INTV|BNAM
  Kalendaar_V3.R02.B00.patchDeluxeV2.esp->|DATA|ONAM:kal_Mazina|NAME|SCVR:04JX0kal_J_TG_Mazina|INTV:7|SCVR:12sX0kal_TG_affaire1|INTV|BNAM

[MOD-INF]: ID=2915620605129310540(Topic:duel entre bartabas et moritanius)
  kalendaar_v3.r02.esm------------------->|DATA|ONAM:kal_n_FG_alcibius|NAME|SCVR:04JX5kal_J_FG_duel|INTV: |SCVR:11500|INTV|BNAM:Choice "[Ecouter Alcibius.]" 5
  Kalendaar_V3.R02.B00.patchDeluxeV2.esp->|DATA|ONAM:kal_n_FG_alcibius|NAME|SCVR:04JX5kal_J_FG_duel|INTV: |SCVR:11500|INTV|BNAM:Choice "[Ecouter Alcibius.]" 5

[MOD-INF]: ID=2917912460326224984(Topic:sarah)
  kalendaar_v3.r02.esm------------------->|DATA|CNAM:Smith|NAME|SCVR:02sX3kal_Sarah_Follow|INTV|SCVR:12sX4kal_Sarah_Follow|INTV: 
  Kalendaar_V3.R02.B00.patchDeluxeV2.esp->|DATA|CNAM:Smith|NAME|SCVR:02sX3kal_Sarah_Follow|INTV|SCVR:12sX4kal_Sarah_Follow|INTV: 

[MOD-INF]: ID=2928651391966110673(Topic:duel entre bartabas et moritanius)
  kalendaar_v3.r02.esm------------------->|DATA|ONAM:kal_n_FG_alcibius|NAME|SCVR:04JX5kal_J_FG_duel|INTV: |SCVR:11500|INTV|BNAM:Choice "[Ecouter Alcibius.]" 4
  Kalendaar_V3.R02.B00.patchDeluxeV2.esp->|DATA|ONAM:kal_n_FG_alcibius|NAME|SCVR:04JX5kal_J_FG_duel|INTV: |SCVR:11500|INTV|BNAM:Choice "[Ecouter Alcibius.]" 4

[MOD-INF]: ID=2931728583200933031(Topic:se dépêcher)
  kalendaar_v3.r02.esm------------------->|DATA|NAME|SCVR:02sX3Random100|INTV|BNAM
  Kalendaar_V3.R02.B00.patchDeluxeV2.esp->|DATA|NAME|SCVR:02sX3Random100|INTV|BNAM

[MOD-INF]: ID=2947627204275164558(Topic:se dépêcher)
  kalendaar_v3.r02.esm------------------->|DATA|NAME|SCVR:02sX3Random100|INTV|BNAM
  Kalendaar_V3.R02.B00.patchDeluxeV2.esp->|DATA|NAME|SCVR:02sX3Random100|INTV|BNAM

[MOD-INF]: ID=2953020589170227545(Topic:mission)
  kalendaar_v3.r02.esm------------------->|DATA|ONAM:kal_chuipadici|DNAM:kal_Mage_GD|NAME|SCVR:04JX0kal_J_MG_traitre|INTV|SCVR:14JX0kal_J_MG_traduction|INTV:|SCVR:25IX2kal_MG_livreDaedra|INTV:|BNAM:Choice "Comment faire ? Je ne parle pas courament le daedrique..." 1
  Kalendaar_V3.R02.B00.patchDeluxeV2.esp->|DATA|ONAM:kal_chuipadici|DNAM:kal_Mage_GD|NAME|SCVR:04JX0kal_J_MG_traitre|INTV|SCVR:14JX0kal_J_MG_traduction|INTV:|SCVR:25IX2kal_MG_livreDaedra|INTV:|BNAM:Choice "Comment faire ? Je ne parle pas couramment le daedrique..." 1

[MOD-INF]: ID=3006033521923717732(Topic:tombeau ayleìd abandonné des alnagas)
  kalendaar_v3.r02.esm------------------->|DATA|ONAM:kal_Kruglo|NAME|SCVR:04JX0kal_J_G08|INTV
  Kalendaar_V3.R02.B00.patchDeluxeV2.esp->|DATA|ONAM:kal_Kruglo|NAME|SCVR:04JX0kal_J_G08|INTV

[MOD-INF]: ID=3056832222381322300(Topic:sarah)
  kalendaar_v3.r02.esm------------------->|DATA|CNAM:Bookseller|NAME|SCVR:02sX3kal_Sarah_Follow|INTV|SCVR:12sX4kal_Sarah_Follow|INTV: |SCVR:22sX2Random100|INTV:F
  Kalendaar_V3.R02.B00.patchDeluxeV2.esp->|DATA|CNAM:Bookseller|NAME|SCVR:02sX3kal_Sarah_Follow|INTV|SCVR:12sX4kal_Sarah_Follow|INTV: |SCVR:22sX2Random100|INTV:F

[MOD-INF]: ID=3065232131729611018(Topic:mes talents)
  kalendaar_v3.r02.esm------------------->|DATA|NAME|SCVR:02sX3Random100|INTV:K|SCVR:11500|INTV|BNAM:ModDisposition 1  StartScript "kal_SarahSkills"
  Kalendaar_V3.R02.B00.patchDeluxeV2.esp->|DATA|NAME|SCVR:02sX3Random100|INTV:K|SCVR:11500|INTV|BNAM:ModDisposition 1  StartScript "kal_SarahSkills"

[MOD-INF]: ID=3170660831882123851(Topic:se dépêcher)
  kalendaar_v3.r02.esm------------------->|DATA|NAME|SCVR:02sX3Random100|INTV::|BNAM
  Kalendaar_V3.R02.B00.patchDeluxeV2.esp->|DATA|NAME|SCVR:02sX3Random100|INTV::|BNAM

[MOD-INF]: ID=3173332374512523321(Topic:sarah)
  kalendaar_v3.r02.esm------------------->|DATA|CNAM:Bookseller|NAME|SCVR:02sX3kal_Sarah_Follow|INTV|SCVR:12sX4kal_Sarah_Follow|INTV: |SCVR:22sX2Random100|INTV:<
  Kalendaar_V3.R02.B00.patchDeluxeV2.esp->|DATA|CNAM:Bookseller|NAME|SCVR:02sX3kal_Sarah_Follow|INTV|SCVR:12sX4kal_Sarah_Follow|INTV: |SCVR:22sX2Random100|INTV:<

[MOD-INF]: ID=3185856981078528976(Topic:sarah)
  kalendaar_v3.r02.esm------------------->|DATA|CNAM:Bookseller|NAME|SCVR:02sX3kal_Sarah_Follow|INTV|SCVR:12sX4kal_Sarah_Follow|INTV: |SCVR:22sX2Random100|INTV:Z
  Kalendaar_V3.R02.B00.patchDeluxeV2.esp->|DATA|CNAM:Bookseller|NAME|SCVR:02sX3kal_Sarah_Follow|INTV|SCVR:12sX4kal_Sarah_Follow|INTV: |SCVR:22sX2Random100|INTV:Z

[MOD-INF]: ID=3193370792386728174(Topic:tombeau ayleìd abandonné des algaras)
  kalendaar_v3.r02.esm------------------->|DATA|ONAM:kal_Kruglo|NAME|SCVR:04JX0kal_J_G08|INTV:F|BNAM:Journal kal_J_G08 80
  Kalendaar_V3.R02.B00.patchDeluxeV2.esp->|DATA|ONAM:kal_Kruglo|NAME|SCVR:04JX0kal_J_G08|INTV:F|BNAM:Journal kal_J_G08 80

[MOD-INF]: ID=3211236312389310480(Greeting:greeting 1)
  kalendaar_v3.r02.esm------------------->|DATA|NAME|SCVR:04JX4kal_J_A06|INTV|SCVR:15IX0kal_Royal_shield|INTV|BNAM:AddItem kal_Royal_shield 1  "Player"->RemoveItem kal_royal_shield 1  Journal kal_J_A06 30  ModDisposition 5  Goodbye
  Kalendaar_V3.R02.B00.patchDeluxeV2.esp->|DATA|NAME|SCVR:04JX4kal_J_A06|INTV|SCVR:15IX0kal_Royal_shield|INTV|BNAM:AddItem kal_Royal_shield 1  "Player"->RemoveItem kal_royal_shield 1  Journal kal_J_A06 30  ModDisposition 5  Goodbye

[MOD-INF]: ID=3228310555428930196(Greeting:greeting 6)
  kalendaar_v3.r02.esm------------------->|DATA|ONAM:kal_luciania|NAME|SCVR:04JX0kal_J_D04|INTV|BNAM:GoodBye
  Kalendaar_V3.R02.B00.patchDeluxeV2.esp->|DATA|ONAM:kal_luciania|NAME|SCVR:04JX0kal_J_D04|INTV

[MOD-INF]: ID=3237657962299814891(Journal:kal_e_chap5)
  kalendaar_v3.r02.esm------------------->|DATA|NAME
  Kalendaar_V3.R02.B00.patchDeluxeV2.esp->|DATA|NAME

[MOD-INF]: ID=3252763322658924466(Topic:amulette de la forteresse)
  kalendaar_v3.r02.esm------------------->|DATA|ONAM:kal_Guerlainos|NAME|SCVR:01500|INTV|SCVR:15IX4Gold_001|INTV
  Kalendaar_V3.R02.B00.patchDeluxeV2.esp->|DATA|ONAM:kal_Guerlainos|NAME|SCVR:01500|INTV|SCVR:15IX4Gold_001|INTV

[MOD-INF]: ID=3817161021273223386(Journal:kal_j_g12)
  kalendaar_v3.r02.esm------------------->|DATA|NAME
  Kalendaar_V3.R02.B00.patchDeluxeV2.esp->|DATA|NAME

[MOD-INF]: ID=4615127842731825654(Greeting:greeting 1)
  kalendaar_v3.r02.esm------------------->|DATA|NAME|SCVR:04JX4kal_J_A10|INTV|SCVR:15IX0kal_Royal_boots|INTV|BNAM:AddItem kal_Royal_boots 1  "Player"->RemoveItem kal_royal_boots 1  Journal kal_J_A10 30  ModDisposition 5  Goodbye
  Kalendaar_V3.R02.B00.patchDeluxeV2.esp->|DATA|NAME|SCVR:04JX4kal_J_A10|INTV|SCVR:15IX0kal_Royal_boots|INTV|BNAM:AddItem kal_Royal_boots 1  "Player"->RemoveItem kal_royal_boots 1  Journal kal_J_A10 30  ModDisposition 5  Goodbye

[MOD-INF]: ID=4620228701678521902(Topic:mon métier)
  kalendaar_v3.r02.esm------------------->|DATA|ONAM:kal_MariusEn Mer2|NAME|SCVR:04JX2kal_J_A01|INTV:U
  Kalendaar_V3.R02.B00.patchDeluxeV2.esp->|DATA|ONAM:kal_MariusEn Mer2|NAME|SCVR:04JX2kal_J_A01|INTV:U

[MOD-INF]: ID=4663243672523811128(Topic:temple de zuld)
  kalendaar_v3.r02.esm------------------->|DATA|ONAM:kal_e_necrom|NAME|SCVR:02sX0kal_InOut_Kalendaar|INTV|SCVR:14JX0kal_e_chap2|INTV:P|SCVR:24JX4kal_e_chap3|INTV: |BNAM:choice "continuez" 1
  Kalendaar_V3.R02.B00.patchDeluxeV2.esp->|DATA|ONAM:kal_e_necrom|NAME|SCVR:02sX0kal_InOut_Kalendaar|INTV|SCVR:14JX0kal_e_chap2|INTV:P|SCVR:24JX4kal_e_chap3|INTV: |BNAM:choice "continuez" 1

[MOD-INF]: ID=4765320301869212688(Topic:aider dans une quête)
  kalendaar_v3.r02.esm------------------->|DATA|ONAM:kal_Morgan_Mortimer|DNAM:kal_FightersGD|NAME|SCVR:04JX4kal_e_Morgan_Quete|INTV: |BNAM:choice "Oui, que faut-il faire ?" 1 "Non je n'ai pas le temps." 2
  Kalendaar_V3.R02.B00.patchDeluxeV2.esp->|DATA|ONAM:kal_Morgan_Mortimer|DNAM:kal_FightersGD|NAME|SCVR:04JX4kal_e_Morgan_Quete|INTV: |BNAM:choice "Oui, que faut-il faire ?" 1 "Non je n'ai pas le temps." 2

[MOD-INF]: ID=6515125182428814745(Topic:diamant-eau)
  kalendaar_v3.r02.esm------------------->|DATA|ONAM:kal_n_info1|NAME|SCVR:04JX0kal_J_TG_diam|INTV:d|BNAM
  Kalendaar_V3.R02.B00.patchDeluxeV2.esp->|DATA|ONAM:kal_n_info1|NAME|SCVR:04JX0kal_J_TG_diam|INTV:d|BNAM

[MOD-INF]: ID=6867128842881427682(Journal:kal_e_chap2)
  kalendaar_v3.r02.esm------------------->|DATA|NAME
  Kalendaar_V3.R02.B00.patchDeluxeV2.esp->|DATA|NAME

[MOD-INF]: ID=7208266931603412180(Topic:mon mari)
  kalendaar_v3.r02.esm------------------->|DATA|ONAM:kal_e_mylene_farmers|NAME|SCVR:04JX2kal_e_chap1|INTV|SCVR:14JX5kal_e_chap1|INTV
  Kalendaar_V3.R02.B00.patchDeluxeV2.esp->|DATA|ONAM:kal_e_mylene_farmers|NAME|SCVR:04JX2kal_e_chap1|INTV|SCVR:14JX5kal_e_chap1|INTV

[MOD-INF]: ID=7878245161834416032(Greeting:greeting 1)
  kalendaar_v3.r02.esm------------------->|DATA|NAME|SCVR:04JX4kal_J_A11|INTV|SCVR:15IX0kal_Royal_pauldron_right|INTV|BNAM:AddItem kal_Royal_pauldron_right 1  "Player"->RemoveItem kal_royal_pauldron_right 1  if ( "kal_Sarah"->GetItemCount kal_Royal_pauldron_left > 0 )    journal kal_J_A10 30  endif  ModDisposition 5  Goodbye
  Kalendaar_V3.R02.B00.patchDeluxeV2.esp->|DATA|NAME|SCVR:04JX4kal_J_A11|INTV|SCVR:15IX0kal_Royal_pauldron_right|INTV|BNAM:AddItem kal_Royal_pauldron_right 1  "Player"->RemoveItem kal_royal_pauldron_right 1  if ( "kal_Sarah"->GetItemCount kal_Royal_pauldron_left > 0 )    journal kal_J_A10 30  endif  ModDisposition 5  Goodbye

[MOD-INF]: ID=8076263423247512208(Greeting:greeting 1)
  kalendaar_v3.r02.esm------------------->|DATA|NAME|SCVR:01590|INTV|SCVR:13sX0followNow|INTV|SCVR:22sX4Random100|INTV|BNAM:Say "Vo\r\f\Hlo_RF134.mp3" ".."
  Kalendaar_V3.R02.B00.patchDeluxeV2.esp->|DATA|NAME|SCVR:01590|INTV|SCVR:13sX0followNow|INTV|SCVR:22sX4Random100|INTV|BNAM:Say "Vo\r\f\Hlo_RF134.mp3" ".."

[MOD-INF]: ID=8120116562561625781(Journal:kal_j_g02)
  kalendaar_v3.r02.esm------------------->|DATA|NAME
  Kalendaar_V3.R02.B00.patchDeluxeV2.esp->|DATA|NAME

[MOD-INF]: ID=8236185432995914890(Topic:affaire en or (journal))
  kalendaar_v3.r02.esm------------------->|DATA|ONAM:kal_Gilbertus2|NAME|SCVR:01500|INTV:d|SCVR:13sX0QQuestor|INTV:d|BNAM
  Kalendaar_V3.R02.B00.patchDeluxeV2.esp->|DATA|ONAM:kal_Gilbertus2|NAME|SCVR:01500|INTV:d|SCVR:13sX0QQuestor|INTV:d|BNAM

[MOD-INF]: ID=8320303051322130738(Journal:kal_j_d01)
  kalendaar_v3.r02.esm------------------->|DATA|NAME
  Kalendaar_V3.R02.B00.patchDeluxeV2.esp->|DATA|NAME

[MOD-INF]: ID=8517267052246926324(Topic:brown eyes)
  kalendaar_v3.r02.esm------------------->|DATA|ONAM:kal_Faraminos|NAME
  Kalendaar_V3.R02.B00.patchDeluxeV2.esp->|DATA|ONAM:kal_Faraminos|NAME

[MOD-INF]: ID=9035137473073222968(Topic:mon métier)
  kalendaar_v3.r02.esm------------------->|DATA|ONAM:kal_MariusEn Mer1|NAME|SCVR:04JX2kal_J_A01|INTV:U
  Kalendaar_V3.R02.B00.patchDeluxeV2.esp->|DATA|ONAM:kal_MariusEn Mer1|NAME|SCVR:04JX2kal_J_A01|INTV:U

[MOD-INF]: ID=9418102731779110353(Greeting:greeting 1)
  kalendaar_v3.r02.esm------------------->|DATA|NAME|SCVR:04JX4kal_J_A08|INTV|SCVR:15IX0kal_Royal_gauntlet_right|INTV|BNAM:AddItem kal_Royal_gauntlet_right 1  "Player"->RemoveItem kal_royal_gauntlet_right 1  if ( "kal_Sarah"->GetItemCount kal_Royal_gauntlet_left > 0 )    Journal kal_J_A08 30  endif  ModDisposition 5  Goodbye
  Kalendaar_V3.R02.B00.patchDeluxeV2.esp->|DATA|NAME|SCVR:04JX4kal_J_A09|INTV|SCVR:15IX0kal_Royal_greaves|INTV|BNAM:AddItem kal_Royal_greaves 1  "Player"->RemoveItem kal_Royal_greaves 1  Journal kal_J_A09 30  ModDisposition 5  Goodbye

[MOD-INF]: ID=10238206851382118710(Journal:kal_e_chap2)
  kalendaar_v3.r02.esm------------------->|DATA|NAME
  Kalendaar_V3.R02.B00.patchDeluxeV2.esp->|DATA|NAME

[MOD-INF]: ID=10379120933101728040(Topic:mon métier)
  kalendaar_v3.r02.esm------------------->|DATA|ONAM|NAME|SCVR:04JX2kal_J_A01|INTV:U
  Kalendaar_V3.R02.B00.patchDeluxeV2.esp->|DATA|ONAM|NAME|SCVR:04JX2kal_J_A01|INTV:U

[MOD-INF]: ID=10523293763025914536(Greeting:greeting 1)
  kalendaar_v3.r02.esm------------------->|DATA|ONAM:kal_e_Sarah_almessia|NAME|SCVR:04JX0Kal_e_chap6|INTV|BNAM
  Kalendaar_V3.R02.B00.patchDeluxeV2.esp->|DATA|ONAM:kal_e_Sarah_almessia|NAME|SCVR:04JX0Kal_e_chap6|INTV|BNAM

[MOD-INF]: ID=10751117332636619447(Topic:forcer un blocus)
  kalendaar_v3.r02.esm------------------->|DATA|ONAM:kal_MariusEn Mer2|ANAM|NAME|SCVR:01500|INTV|SCVR:14JX2kal_J_A01|INTV:_|BNAM:Goodbye
  Kalendaar_V3.R02.B00.patchDeluxeV2.esp->|DATA|ONAM:kal_MariusEn Mer2|ANAM|NAME|SCVR:01500|INTV|SCVR:14JX2kal_J_A01|INTV:_|BNAM:Goodbye

[MOD-INF]: ID=11180264252447729773(Topic:gestion de la guilde)
  kalendaar_v3.r02.esm------------------->|DATA|ONAM:kal_n_TG_guilde1|NAME|SCVR:04JX0kal_J_TG_gestion|INTV|SCVR:14JX5kal_J_TG_corruptionOfficier|INTV: 
  Kalendaar_V3.R02.B00.patchDeluxeV2.esp->|DATA|ONAM:kal_n_TG_guilde1|NAME|SCVR:04JX0kal_J_TG_gestion|INTV|SCVR:14JX5kal_J_TG_corruptionOfficier|INTV

[MOD-INF]: ID=11800142272214419158(Topic:sarah)
  kalendaar_v3.r02.esm------------------->|DATA|FNAM:kal_Telv|NAME|SCVR:02sX3kal_Sarah_Follow|INTV|SCVR:12sX3Random100|INTV:K|SCVR:21460|INTV|SCVR:32sX4kal_Sarah_Follow|INTV: 
  Kalendaar_V3.R02.B00.patchDeluxeV2.esp->|DATA|FNAM:kal_Telv|NAME|SCVR:02sX3kal_Sarah_Follow|INTV|SCVR:12sX3Random100|INTV:K|SCVR:21460|INTV|SCVR:32sX4kal_Sarah_Follow|INTV: 

[MOD-INF]: ID=12305151321320928379(Topic:se dépêcher)
  kalendaar_v3.r02.esm------------------->|DATA|NAME|SCVR:02sX3Random100|INTV:H|SCVR:13sX0hurryup|INTV|BNAM
  Kalendaar_V3.R02.B00.patchDeluxeV2.esp->|DATA|NAME|SCVR:02sX3Random100|INTV:H|SCVR:13sX0hurryup|INTV|BNAM

[MOD-INF]: ID=12506181532506513688(Topic:sarah)
  kalendaar_v3.r02.esm------------------->|DATA|FNAM:kal_Red|NAME|SCVR:02sX3kal_Sarah_Follow|INTV|SCVR:12sX3Random100|INTV:K|SCVR:21460|INTV|SCVR:31380|INTV|SCVR:42sX4kal_Sarah_Follow|INTV: 
  Kalendaar_V3.R02.B00.patchDeluxeV2.esp->|DATA|FNAM:kal_Red|NAME|SCVR:02sX3kal_Sarah_Follow|INTV|SCVR:12sX3Random100|INTV:K|SCVR:21460|INTV|SCVR:31380|INTV|SCVR:42sX4kal_Sarah_Follow|INTV: 

[MOD-INF]: ID=12586127473265732168(Topic:sarah)
  kalendaar_v3.r02.esm------------------->|DATA|FNAM:kal_Imp_Culte|NAME|SCVR:02sX3kal_Sarah_Follow|INTV|SCVR:12sX3Random100|INTV|SCVR:21460|INTV|SCVR:32sX4kal_Sarah_Follow|INTV: 
  Kalendaar_V3.R02.B00.patchDeluxeV2.esp->|DATA|FNAM:kal_Imp_Culte|NAME|SCVR:02sX3kal_Sarah_Follow|INTV|SCVR:12sX3Random100|INTV|SCVR:21460|INTV|SCVR:32sX4kal_Sarah_Follow|INTV: 

[MOD-INF]: ID=12854185621414830524(Topic:temple de zuld)
  kalendaar_v3.r02.esm------------------->|DATA|ONAM:kal_e_necrom|NAME|SCVR:02sX0kal_InOut_Kalendaar|INTV|SCVR:11500|INTV
  Kalendaar_V3.R02.B00.patchDeluxeV2.esp->|DATA|ONAM:kal_e_necrom|NAME|SCVR:02sX0kal_InOut_Kalendaar|INTV|SCVR:11500|INTV

[MOD-INF]: ID=13260246502474715454(Topic:étrange arbre)
  kalendaar_v3.r02.esm------------------->|DATA|ONAM|NAME|SCVR:02sX4Random100|INTV:2
  Kalendaar_V3.R02.B00.patchDeluxeV2.esp->|DATA|ONAM|NAME|SCVR:02sX4Random100|INTV:2

[MOD-INF]: ID=13741213912660631654(Journal:kal_e_ethaniel_aide)
  kalendaar_v3.r02.esm------------------->|DATA|NAME
  Kalendaar_V3.R02.B00.patchDeluxeV2.esp->|DATA|NAME

[MOD-INF]: ID=14039151172353325278(Journal:kal_e_chap3)
  kalendaar_v3.r02.esm------------------->|DATA|NAME
  Kalendaar_V3.R02.B00.patchDeluxeV2.esp->|DATA|NAME

[MOD-INF]: ID=14042155681906111395(Greeting:greeting 1)
  kalendaar_v3.r02.esm------------------->|DATA|ONAM:kal_e_astronome|NAME|SCVR:04JX0Kal_e_chap5|INTV: |BNAM
  Kalendaar_V3.R02.B00.patchDeluxeV2.esp->|DATA|ONAM:kal_e_astronome|NAME|SCVR:04JX0Kal_e_chap5|INTV: |BNAM

[MOD-INF]: ID=14599159361854624510(Topic:duel entre bartabas et moritanius)
  kalendaar_v3.r02.esm------------------->|DATA|ONAM:kal_n_FG_alcibius|NAME|SCVR:04JX5kal_J_FG_duel|INTV: |SCVR:11500|INTV|BNAM:Choice "[Ecouter Alcibius.]" 6
  Kalendaar_V3.R02.B00.patchDeluxeV2.esp->|DATA|ONAM:kal_n_FG_alcibius|NAME|SCVR:04JX5kal_J_FG_duel|INTV: |SCVR:11500|INTV|BNAM:Choice "[Ecouter Alcibius.]" 6

[MOD-INF]: ID=15414246572553227330(Journal:kal_j_g02)
  kalendaar_v3.r02.esm------------------->|DATA|NAME
  Kalendaar_V3.R02.B00.patchDeluxeV2.esp->|DATA|NAME

[MOD-INF]: ID=15534177033115028879(Topic:sarah)
  kalendaar_v3.r02.esm------------------->|DATA|FNAM:kal_Tm|NAME|SCVR:02sX3kal_Sarah_Follow|INTV|SCVR:12sX4kal_Sarah_Follow|INTV: |SCVR:21460|INTV
  Kalendaar_V3.R02.B00.patchDeluxeV2.esp->|DATA|FNAM:kal_Tm|NAME|SCVR:02sX3kal_Sarah_Follow|INTV|SCVR:12sX4kal_Sarah_Follow|INTV: |SCVR:21460|INTV

[MOD-INF]: ID=15833320062223025132(Topic:sarah)
  kalendaar_v3.r02.esm------------------->|DATA|FNAM:kal_Telv|NAME|SCVR:02sX3kal_Sarah_Follow|INTV|SCVR:12sX3Random100|INTV|SCVR:21460|INTV|SCVR:32sX4kal_Sarah_Follow|INTV: 
  Kalendaar_V3.R02.B00.patchDeluxeV2.esp->|DATA|FNAM:kal_Telv|NAME|SCVR:02sX3kal_Sarah_Follow|INTV|SCVR:12sX3Random100|INTV|SCVR:21460|INTV|SCVR:32sX4kal_Sarah_Follow|INTV: 

[MOD-INF]: ID=15877105491132112851(Topic:sarah)
  kalendaar_v3.r02.esm------------------->|DATA|FNAM:kal_Red|NAME|SCVR:02sX3kal_Sarah_Follow|INTV|SCVR:12sX3Random100|INTV:K|SCVR:21460|INTV|SCVR:31380|INTV:|SCVR:42sX4kal_Sarah_Follow|INTV: 
  Kalendaar_V3.R02.B00.patchDeluxeV2.esp->|DATA|FNAM:kal_Red|NAME|SCVR:02sX3kal_Sarah_Follow|INTV|SCVR:12sX3Random100|INTV:K|SCVR:21460|INTV|SCVR:31380|INTV:|SCVR:42sX4kal_Sarah_Follow|INTV: 

[MOD-INF]: ID=16264163523249818853(Topic:rabatteur)
  kalendaar_v3.r02.esm------------------->|DATA|ONAM:kal_Mazina|NAME|SCVR:04JX0kal_J_TG_gestion|INTV:(|SCVR:14JX0kal_J_TG_Mazina|INTV|BNAM:Journal "kal_J_TG_Mazina" 30  StartScript kal_S_TG_rabatteur1
  Kalendaar_V3.R02.B00.patchDeluxeV2.esp->|DATA|ONAM:kal_Mazina|NAME|SCVR:04JX3kal_J_TG_gestion|INTV:(|SCVR:14JX0kal_J_TG_Mazina|INTV|BNAM:Journal "kal_J_TG_Mazina" 30  StartScript kal_S_TG_rabatteur1

[MOD-INF]: ID=16281309932469918736(Journal:kal_j_d01)
  kalendaar_v3.r02.esm------------------->|DATA|NAME
  Kalendaar_V3.R02.B00.patchDeluxeV2.esp->|DATA|NAME

[MOD-INF]: ID=16562300512446824126(Topic:livre)
  kalendaar_v3.r02.esm------------------->|DATA|ONAM:kal_Donnetova|NAME|SCVR:04JX0kal_J_G02|INTV|BNAM
  Kalendaar_V3.R02.B00.patchDeluxeV2.esp->|DATA|ONAM:kal_Donnetova|NAME|SCVR:04JX0kal_J_G02|INTV|BNAM

[MOD-INF]: ID=17657184272989317074(Topic:sarah)
  kalendaar_v3.r02.esm------------------->|DATA|CNAM:Smith|NAME|SCVR:02sX3kal_Sarah_Follow|INTV|SCVR:12sX4kal_Sarah_Follow|INTV: |SCVR:22sX2Random100|INTV:P
  Kalendaar_V3.R02.B00.patchDeluxeV2.esp->|DATA|CNAM:Smith|NAME|SCVR:02sX3kal_Sarah_Follow|INTV|SCVR:12sX4kal_Sarah_Follow|INTV: |SCVR:22sX2Random100|INTV:P

[MOD-INF]: ID=17674181932789118546(Topic:ports de vvardenfell ouest)
  kalendaar_v3.r02.esm------------------->|DATA|CNAM:Shipmaster|ANAM:Hla Oad|NAME|SCVR:04JX2kal_J_A01|INTV:U|SCVR:14JX4kal_J_A01|INTV:d
  Kalendaar_V3.R02.B00.patchDeluxeV2.esp->|DATA|CNAM:Shipmaster|ANAM:Hla Oad|NAME|SCVR:04JX2kal_J_A01|INTV:U|SCVR:14JX4kal_J_A01|INTV:d

[MOD-INF]: ID=18786187743105119399(Topic:pirates)
  kalendaar_v3.r02.esm------------------->|DATA|ANAM|NAME|SCVR:04JX1kal_J_E01|INTV:|SCVR|INTV:|SCVR|INTV|BNAM
  Kalendaar_V3.R02.B00.patchDeluxeV2.esp->|DATA|ANAM|NAME|SCVR:04JX1kal_J_E_elimination|INTV:|SCVR|INTV:|SCVR|INTV|BNAM

[MOD-INF]: ID=19415303543017910927(Topic:sarah)
  kalendaar_v3.r02.esm------------------->|DATA|FNAM:kal_Imperial_Lg|NAME|SCVR:02sX3kal_Sarah_Follow|INTV|SCVR:12sX3Random100|INTV:2|SCVR:21460|INTV|SCVR:32sX4kal_Sarah_Follow|INTV: 
  Kalendaar_V3.R02.B00.patchDeluxeV2.esp->|DATA|FNAM:kal_Imperial_Lg|NAME|SCVR:02sX3kal_Sarah_Follow|INTV|SCVR:12sX3Random100|INTV:2|SCVR:21460|INTV|SCVR:32sX4kal_Sarah_Follow|INTV: 

[DUP-INF]: ID=19849269602980814840(Topic:promotion)
  |DATA|FNAM:kal_Mage_GD|DNAM:Mages Guild|NAME|SCVR:01020|INTV|BNAM:PCRaiseRank "kal_Mage_GD"

[MOD-INF]: ID=20030141121470720260(Topic:entrer dans l'ordre de kynareth)
  kalendaar_v3.r02.esm------------------->|DATA|FNAM:kal_Kynareth_Order|NAME|SCVR:01460|INTV|SCVR:12sX0kal_InOut_Kalendaar|INTV|SCVR:27XX0kal_Fortitudius|INTV
  Kalendaar_V3.R02.B00.patchDeluxeV2.esp->|DATA|FNAM:kal_Kynareth_Order|NAME|SCVR:01460|INTV|SCVR:12sX0kal_InOut_Kalendaar|INTV|SCVR:27XX0kal_Fortitudius|INTV

[MOD-INF]: ID=20216259701458421885(Topic:entrer à la guilde des révolutionnaires de kalendaar)
  kalendaar_v3.r02.esm------------------->|DATA|ONAM:kal_Valero_Nucerus|NAME|SCVR:01460|INTV:|BNAM
  Kalendaar_V3.R02.B00.patchDeluxeV2.esp->|DATA|ONAM:kal_Valero_Nucerus|NAME|SCVR:01460|INTV:|BNAM

[MOD-INF]: ID=20398304461705623375(Greeting:greeting 0)
  kalendaar_v3.r02.esm------------------->|DATA|ONAM:kal_n_FG_voleurs|NAME|SCVR:04JX0kal_J_FG_voleurs|INTV:|SCVR:11500|INTV|BNAM:Set kal_FG_voleurs to 3  Journal "kal_J_FG_voleurs" 10  Goodbye
  Kalendaar_V3.R02.B00.patchDeluxeV2.esp->|DATA|ONAM:kal_n_FG_voleurs|NAME|SCVR:04JX0kal_J_FG_voleurs|INTV:|SCVR:11500|INTV|BNAM:Set kal_FG_voleurs to 4  Journal "kal_J_FG_voleurs" 10  Goodbye

[MOD-INF]: ID=21154302202874112345(Topic:code de décryptage)
  kalendaar_v3.r02.esm------------------->|DATA|CNAM:Savant Service|NAME|SCVR:02sX0kal_InOut_Kalendaar|INTV|SCVR:14JX3kal_J_G02|INTV
  Kalendaar_V3.R02.B00.patchDeluxeV2.esp->|DATA|CNAM:Savant Service|NAME|SCVR:02sX0kal_InOut_Kalendaar|INTV|SCVR:14JX3kal_J_G02|INTV

[MOD-INF]: ID=21194189281499923781(Topic:sarah)
  kalendaar_v3.r02.esm------------------->|DATA|FNAM:kal_Imperial_Lg|NAME|SCVR:02sX3kal_Sarah_Follow|INTV|SCVR:12sX4kal_Sarah_Follow|INTV: |SCVR:21460|INTV
  Kalendaar_V3.R02.B00.patchDeluxeV2.esp->|DATA|FNAM:kal_Imperial_Lg|NAME|SCVR:02sX3kal_Sarah_Follow|INTV|SCVR:12sX4kal_Sarah_Follow|INTV: |SCVR:21460|INTV

[MOD-INF]: ID=21242309481572514799(Journal:kal_e_chap1)
  kalendaar_v3.r02.esm------------------->|DATA|NAME
  Kalendaar_V3.R02.B00.patchDeluxeV2.esp->|DATA|NAME

[MOD-INF]: ID=21305274922337314369(Topic:entrer à la guilde des révolutionnaires de kalendaar)
  kalendaar_v3.r02.esm------------------->|DATA|ONAM:kal_Valero_Nucerus|NAME|SCVR:01460|INTV
  Kalendaar_V3.R02.B00.patchDeluxeV2.esp->|DATA|ONAM:kal_Valero_Nucerus|NAME|SCVR:01460|INTV

[MOD-INF]: ID=21539105453068332724(Greeting:greeting 6)
  kalendaar_v3.r02.esm------------------->|DATA|ONAM:kal_Vania_Shuramos|NAME|SCVR:04JX0kal_J_D02|INTV:d|BNAM:Journal kal_J_D02 999  RemoveItem Gold_001 500  "Player"->AddItem Gold_001 500  ModDisposition 10
  Kalendaar_V3.R02.B00.patchDeluxeV2.esp->|DATA|ONAM:kal_Vania_Shuramos|NAME|SCVR:04JX0kal_J_D02|INTV:d|BNAM:Journal kal_J_D02 999  RemoveItem Gold_001 500  "Player"->AddItem Gold_001 500  ModDisposition 10  kal_Yvanos_Shuramos->AIWander 0 0 0 0

[MOD-INF]: ID=21661101272554510690(Journal:kal_e_chap1)
  kalendaar_v3.r02.esm------------------->|DATA|NAME
  Kalendaar_V3.R02.B00.patchDeluxeV2.esp->|DATA|NAME

[MOD-INF]: ID=21890197733260010120(Topic:étrange arbre)
  kalendaar_v3.r02.esm------------------->|DATA|ONAM|NAME|SCVR:02sX4Random100|INTV
  Kalendaar_V3.R02.B00.patchDeluxeV2.esp->|DATA|ONAM|NAME|SCVR:02sX4Random100|INTV

[MOD-INF]: ID=22675283502352220558(Topic:vaquer ailleurs)
  kalendaar_v3.r02.esm------------------->|DATA|ONAM|NAME|SCVR:01500|INTV
  Kalendaar_V3.R02.B00.patchDeluxeV2.esp->|DATA|ONAM|NAME|SCVR:01500|INTV

[MOD-INF]: ID=22716240731927923798(Topic:mission)
  kalendaar_v3.r02.esm------------------->|DATA|ONAM:kal_n_MG_Cerd_Nis|NAME|SCVR:04JX0kal_J_MG_vol|INTV|SCVR:11500|INTV|BNAM
  Kalendaar_V3.R02.B00.patchDeluxeV2.esp->|DATA|ONAM:kal_n_MG_Cerd_Nis|NAME|SCVR:04JX0kal_J_MG_vol|INTV|SCVR:11500|INTV|BNAM

[MOD-INF]: ID=22822107632539011803(Topic:sarah)
  kalendaar_v3.r02.esm------------------->|DATA|CNAM:Smith|NAME|SCVR:02sX3kal_Sarah_Follow|INTV|SCVR:12sX4kal_Sarah_Follow|INTV: |SCVR:22sX2Random100|INTV
  Kalendaar_V3.R02.B00.patchDeluxeV2.esp->|DATA|CNAM:Smith|NAME|SCVR:02sX3kal_Sarah_Follow|INTV|SCVR:12sX4kal_Sarah_Follow|INTV: |SCVR:22sX2Random100|INTV

[MOD-INF]: ID=22858166522841528660(Journal:kal_j_q01)
  kalendaar_v3.r02.esm------------------->|DATA|NAME
  Kalendaar_V3.R02.B00.patchDeluxeV2.esp->|DATA|NAME

[MOD-INF]: ID=23971122012574715779(Journal:kal_j_d01)
  kalendaar_v3.r02.esm------------------->|DATA|NAME|QSTF
  Kalendaar_V3.R02.B00.patchDeluxeV2.esp->|DATA|NAME|QSTF

[MOD-INF]: ID=24267295051656822820(Topic:brown eyes)
  kalendaar_v3.r02.esm------------------->|DATA|ONAM:kal_Faraminos|NAME|SCVR:02fX3GameHour|FLTV|ASCV|INTV:P|SCVR:24JX3kal_e_chap1|INTV:2
  Kalendaar_V3.R02.B00.patchDeluxeV2.esp->|DATA|ONAM:kal_Faraminos|NAME|SCVR:02fX3GameHour|FLTV|ASCV|INTV:P|SCVR:24JX3kal_e_chap1|INTV:2

[MOD-INF]: ID=24622326031546630159(Journal:kal_e_chap4)
  kalendaar_v3.r02.esm------------------->|DATA|NAME
  Kalendaar_V3.R02.B00.patchDeluxeV2.esp->|DATA|NAME

[MOD-INF]: ID=24628286301096423848(Topic:maison mystérieuse)
  kalendaar_v3.r02.esm------------------->|DATA|ONAM:kal_gemepavos|NAME|SCVR:04JX0kal_J_B20|INTV: |BNAM
  Kalendaar_V3.R02.B00.patchDeluxeV2.esp->|DATA|ONAM:kal_gemepavos|NAME|SCVR:04JX0kal_J_B20|INTV: |BNAM

[MOD-INF]: ID=24875302033148014935(Topic:étrange arbre)
  kalendaar_v3.r02.esm------------------->|DATA|ONAM|NAME|SCVR:02sX4Random100|INTV:2
  Kalendaar_V3.R02.B00.patchDeluxeV2.esp->|DATA|ONAM|NAME|SCVR:02sX4Random100|INTV:2

[MOD-INF]: ID=25566100461871614975(Topic:quelqu'un de bien précis)
  kalendaar_v3.r02.esm------------------->|DATA|ANAM|NAME|SCVR:02sX4Random100|INTV|SCVR:17XX0kal_Boethia_K'avar|INTV
  Kalendaar_V3.R02.B00.patchDeluxeV2.esp->|DATA|ANAM|NAME|SCVR:02sX4Random100|INTV|SCVR:17XX0kal_Boethia_K'avar|INTV

[MOD-INF]: ID=25857198782503519931(Topic:duel entre bartabas et moritanius)
  kalendaar_v3.r02.esm------------------->|DATA|ONAM:kal_n_FG_alcibius|NAME|SCVR:04JX5kal_J_FG_duel|INTV: |SCVR:11500|INTV|BNAM
  Kalendaar_V3.R02.B00.patchDeluxeV2.esp->|DATA|ONAM:kal_n_FG_alcibius|NAME|SCVR:04JX5kal_J_FG_duel|INTV: |SCVR:11500|INTV|BNAM

[MOD-INF]: ID=27268241392242210149(Topic:gestion de la guilde)
  kalendaar_v3.r02.esm------------------->|DATA|ONAM:kal_n_TG_guilde1|NAME|SCVR:04JX0kal_J_TG_gestion|INTV|SCVR:14JX0kal_J_TG_corruptionOfficier|INTV|BNAM:Choice "Que dois-je faire ?" 1
  Kalendaar_V3.R02.B00.patchDeluxeV2.esp->|DATA|ONAM:kal_n_TG_guilde1|NAME|SCVR:04JX0kal_J_TG_gestion|INTV|SCVR:14JX0kal_J_TG_corruptionOfficier|INTV|BNAM:Choice "Que dois-je faire ?" 1

[MOD-INF]: ID=27374139121689213622(Topic:sarah)
  kalendaar_v3.r02.esm------------------->|DATA|ANAM|NAME|SCVR:02sX3kal_Sarah_Follow|INTV|SCVR:12sX4kal_Sarah_Follow|INTV: 
  Kalendaar_V3.R02.B00.patchDeluxeV2.esp->|DATA|ANAM|NAME|SCVR:02sX3kal_Sarah_Follow|INTV|SCVR:12sX4kal_Sarah_Follow|INTV: 

[MOD-INF]: ID=27938121932637130788(Journal:kal_e_chap4)
  kalendaar_v3.r02.esm------------------->|DATA|NAME
  Kalendaar_V3.R02.B00.patchDeluxeV2.esp->|DATA|NAME

[MOD-INF]: ID=28270127261762427209(Topic:sarah)
  kalendaar_v3.r02.esm------------------->|DATA|CNAM:Smith|NAME|SCVR:02sX3kal_Sarah_Follow|INTV|SCVR:12sX4kal_Sarah_Follow|INTV: |SCVR:22sX2Random100|INTV:F
  Kalendaar_V3.R02.B00.patchDeluxeV2.esp->|DATA|CNAM:Smith|NAME|SCVR:02sX3kal_Sarah_Follow|INTV|SCVR:12sX4kal_Sarah_Follow|INTV: |SCVR:22sX2Random100|INTV:F

[MOD-INF]: ID=29380134883115824303(Topic:sarah)
  kalendaar_v3.r02.esm------------------->|DATA|CNAM:Smith|NAME|SCVR:02sX3kal_Sarah_Follow|INTV|SCVR:12sX4kal_Sarah_Follow|INTV: |SCVR:22sX2Random100|INTV: 
  Kalendaar_V3.R02.B00.patchDeluxeV2.esp->|DATA|CNAM:Smith|NAME|SCVR:02sX3kal_Sarah_Follow|INTV|SCVR:12sX4kal_Sarah_Follow|INTV: |SCVR:22sX2Random100|INTV: 

[MOD-INF]: ID=29726241542931312870(Topic:sarah)
  kalendaar_v3.r02.esm------------------->|DATA|FNAM:kal_Imp_Culte|NAME|SCVR:02sX3kal_Sarah_Follow|INTV|SCVR:12sX3Random100|INTV:2|SCVR:21460|INTV|SCVR:32sX4kal_Sarah_Follow|INTV: 
  Kalendaar_V3.R02.B00.patchDeluxeV2.esp->|DATA|FNAM:kal_Imp_Culte|NAME|SCVR:02sX3kal_Sarah_Follow|INTV|SCVR:12sX3Random100|INTV:2|SCVR:21460|INTV|SCVR:32sX4kal_Sarah_Follow|INTV: 

[MOD-INF]: ID=30100146271992021177(Topic:ports de vvardenfell ouest)
  kalendaar_v3.r02.esm------------------->|DATA|CNAM|NAME|SCVR:04JX2kal_J_A01|INTV:U|SCVR:14JX4kal_J_A01|INTV:d
  Kalendaar_V3.R02.B00.patchDeluxeV2.esp->|DATA|CNAM|NAME|SCVR:04JX2kal_J_A01|INTV:U|SCVR:14JX4kal_J_A01|INTV:d

[MOD-INF]: ID=30181296821420030978(Topic:gestion de la guilde)
  kalendaar_v3.r02.esm------------------->|DATA|ONAM:kal_n_TG_guilde1|NAME|SCVR:04JX0kal_J_TG_gestion|INTV|SCVR:14JX0kal_J_TG_corruptionOfficier|INTV|SCVR:21500|INTV|BNAM:Journal "kal_J_TG_gestion" 40  AddTopic "rabatteur"
  Kalendaar_V3.R02.B00.patchDeluxeV2.esp->|DATA|ONAM:kal_n_TG_guilde1|NAME|SCVR:04JX0kal_J_TG_gestion|INTV|SCVR:14JX0kal_J_TG_corruptionOfficier|INTV|SCVR:21500|INTV|BNAM:Journal "kal_J_TG_gestion" 40  AddTopic "rabatteur"

[MOD-INF]: ID=30675228372343227044(Topic:préférences)
  kalendaar_v3.r02.esm------------------->|DATA|ONAM:kal_Gilbertus2|NAME|BNAM
  Kalendaar_V3.R02.B00.patchDeluxeV2.esp->|DATA|ONAM:kal_Gilbertus2|NAME|BNAM

[MOD-INF]: ID=31103254931479419003(Topic:se dépêcher)
  kalendaar_v3.r02.esm------------------->|DATA|NAME|SCVR:02sX3Random100|INTV:,|SCVR:13sX0hurryup|INTV|BNAM
  Kalendaar_V3.R02.B00.patchDeluxeV2.esp->|DATA|NAME|SCVR:02sX3Random100|INTV:,|SCVR:13sX0hurryup|INTV|BNAM

[MOD-INF]: ID=31170280763065610167(Topic:temple de zuld)
  kalendaar_v3.r02.esm------------------->|DATA|NAME|SCVR:02sX0kal_InOut_Kalendaar|INTV|SCVR:14JX0kal_e_chap2|INTV:(|BNAM:Journal kal_e_chap2 45
  Kalendaar_V3.R02.B00.patchDeluxeV2.esp->|DATA|NAME|SCVR:02sX0kal_InOut_Kalendaar|INTV|SCVR:14JX0kal_e_chap2|INTV:(|BNAM:Journal kal_e_chap2 45

[MOD-INF]: ID=31895283712728717658(Topic:se dépêcher)
  kalendaar_v3.r02.esm------------------->|DATA|NAME|SCVR:02sX3Random100|INTV:%|BNAM
  Kalendaar_V3.R02.B00.patchDeluxeV2.esp->|DATA|NAME|SCVR:02sX3Random100|INTV:%|BNAM

[MOD-INF]: ID=32172279031688530026(Topic:sarah)
  kalendaar_v3.r02.esm------------------->|DATA|CNAM:Smith|NAME|SCVR:02sX3kal_Sarah_Follow|INTV|SCVR:12sX4kal_Sarah_Follow|INTV: |SCVR:22sX2Random100|INTV:-
  Kalendaar_V3.R02.B00.patchDeluxeV2.esp->|DATA|CNAM:Smith|NAME|SCVR:02sX3kal_Sarah_Follow|INTV|SCVR:12sX4kal_Sarah_Follow|INTV: |SCVR:22sX2Random100|INTV:-

[MOD-INF]: ID=32640293302434512365(Topic:duel entre bartabas et moritanius)
  kalendaar_v3.r02.esm------------------->|DATA|ONAM:kal_n_FG_alcibius|NAME|SCVR:04JX5kal_J_FG_duel|INTV: |SCVR:11500|INTV|BNAM:Choice "[Ecouter Alcibius.]" 7
  Kalendaar_V3.R02.B00.patchDeluxeV2.esp->|DATA|ONAM:kal_n_FG_alcibius|NAME|SCVR:04JX5kal_J_FG_duel|INTV: |SCVR:11500|INTV|BNAM:Choice "[Ecouter Alcibius.]" 7
