Landscape Waterfalls MW (OTR).ESP: DUP-REC JUNKCEL MASTERS MISSVER OVR-REC
    MASTERS: out of sync with the masters installed in your Data Files directory:
	Morrowind.esm               79940512 (plugin)   79837557 (installed size)
    [JUNKCEL] Junk Cells:                        Flags
	Ascadian Isles Region (5, -7)            0x02
	Azura's Coast Region (12, 15)            0x02
	West Gash Region (-12, 9)                0x02
    [DUP-REC] Duplicate Records:
	From Master         Type    Name
	morrowind.esm       LTEX    rock_coastal
	morrowind.esm       LTEX    sand
    [OVR-REC] Overridden Records:
	From Master         Type    Name
	bloodmoon.esm       LTEX    ac_darkgravel
	bloodmoon.esm       LTEX    sand_02
	bloodmoon.esm       LTEX    tx_bc_rock_03.tga
	bloodmoon.esm       LTEX    wg_road
	morrowind.esm       LAND    (-1, -9)
	morrowind.esm       LAND    (-11, 13)
	morrowind.esm       LAND    (-11, 14)
	morrowind.esm       LAND    (-2, -1)
	morrowind.esm       LAND    (-3, -1)
	morrowind.esm       LAND    (-4, -8)
	morrowind.esm       LAND    (-4, 21)
	morrowind.esm       LAND    (-5, 21)
	morrowind.esm       LAND    (-9, 8)
	morrowind.esm       LAND    (11, 14)
	morrowind.esm       LAND    (12, 14)
	morrowind.esm       LAND    (13, 15)
	morrowind.esm       LAND    (19, -5)
	morrowind.esm       LAND    (2, 20)
	morrowind.esm       LAND    (2, 21)
	morrowind.esm       LAND    (3, 20)
	morrowind.esm       LAND    (3, 21)
	morrowind.esm       LAND    (6, -7)
	morrowind.esm       LAND    (7, 23)
	morrowind.esm       LTEX    ac_darkstone01
	morrowind.esm       LTEX    ac_darkstone02
	morrowind.esm       LTEX    ac_darkstone_grass
	morrowind.esm       LTEX    ac_dirt_grass_02
	morrowind.esm       LTEX    ac_dirtroad_01
	morrowind.esm       LTEX    al_road_01
	morrowind.esm       LTEX    gl_dirt_01
	morrowind.esm       LTEX    gl_dirt_02
	morrowind.esm       LTEX    gl_dirt_grass_01
	morrowind.esm       LTEX    gl_dirtroad
	morrowind.esm       LTEX    gl_grass_01
	morrowind.esm       LTEX    gl_rock_01
	morrowind.esm       LTEX    gl_rock_02
	morrowind.esm       LTEX    tx_ai_mudflats_01.tga
	morrowind.esm       LTEX    tx_bc_dirt.tga
	morrowind.esm       LTEX    tx_bc_grass.tga
	morrowind.esm       LTEX    tx_bc_mainroad_01.tga
	morrowind.esm       LTEX    tx_bc_moss.tga
	morrowind.esm       LTEX    tx_bc_muck_01.tga
	morrowind.esm       LTEX    tx_bc_mud.tga
	morrowind.esm       LTEX    tx_bc_rockyscrub.tga
	morrowind.esm       LTEX    tx_bc_undergrowth.tga
	morrowind.esm       LTEX    tx_rockyscrub_01.tga
	morrowind.esm       LTEX    wg_cobblestones
	morrowind.esm       LTEX    wg_dirtroad_01
	morrowind.esm       LTEX    wg_dirtscrub
	morrowind.esm       LTEX    wg_mainroad_01
	morrowind.esm       LTEX    wg_rock
	morrowind.esm       LTEX    wg_rockydirt
	morrowind.esm       LTEX    wg_rockyscrub
	morrowind.esm       LTEX    wg_scrub plain
	tribunal.esm        LTEX    ai_dirt
	tribunal.esm        LTEX    ai_dirtroad
	tribunal.esm        LTEX    ai_grass
	tribunal.esm        LTEX    ai_grass_02
	tribunal.esm        LTEX    ai_grass_dirt
	tribunal.esm        LTEX    rm_grayrock
	tribunal.esm        LTEX    rm_rock_01
	tribunal.esm        LTEX    tx_ai_mainroad_01.tga
