LGNPC_VivecRedoran.esp: DUP-REC MENUMOD OVR-REC
    [MENUMOD] Scripts not checking menumode:
	SCPT(jo_AncestorCeremonyTimer)
	SCPT(jo_ArrestSapriusEntius)
	SCPT(jo_AshStatueScript)
	SCPT(jo_BROctavo_07)
	SCPT(jo_ClannfearScript)
	SCPT(jo_DaramGhostScript)
	SCPT(jo_DenhamCorpseScript)
	SCPT(jo_EntiusTimer)
	SCPT(jo_FakeKingRatScript)
	SCPT(jo_FleeKingRat)
	SCPT(jo_KingRatScript)
	SCPT(jo_LurigNaretherScript)
	SCPT(jo_NoLoreNPC_vr)
	SCPT(jo_PlayerLegionnaireScript)
	SCPT(jo_ResurrectSpirit)
	SCPT(jo_RimillaScript)
	SCPT(jo_SarenTombScript)
	SCPT(jo_ShrineCleansedScript)
	SCPT(jo_ShrineGhostScript)
	SCPT(jo_SojephSarenScript)
	SCPT(jo_StDelynNorthTwoDoorScript)
	SCPT(jo_UgakGraMogakhScript)
	SCPT(jo_UnderworksDoorScript)
	SCPT(jo_khajiit1Script)
	SCPT(jo_khajiit2Script)
    [OVR-REC] Overridden Records:
	From Master         Type    Name
	bloodmoon.esm       DIAL    orders
	morrowind.esm       DIAL    affairs of honor
	morrowind.esm       DIAL    agrippina herrenia
	morrowind.esm       DIAL    ald'ruhn
	morrowind.esm       DIAL    altmer
	morrowind.esm       DIAL    ancestors
	morrowind.esm       DIAL    andasreth
	morrowind.esm       DIAL    arena
	morrowind.esm       DIAL    argonian
	morrowind.esm       DIAL    ash statue
	morrowind.esm       DIAL    aurane frernis
	morrowind.esm       DIAL    balen andrano
	morrowind.esm       DIAL    banden indarys
	morrowind.esm       DIAL    bolvyn venim
	morrowind.esm       DIAL    bosmer
	morrowind.esm       DIAL    brara morvayn
	morrowind.esm       DIAL    breton
	morrowind.esm       DIAL    cantons
	morrowind.esm       DIAL    cave rat
	morrowind.esm       DIAL    change her luck
	morrowind.esm       DIAL    choosing a great house
	morrowind.esm       DIAL    clothes
	morrowind.esm       DIAL    crassius curio
	morrowind.esm       DIAL    current events
	morrowind.esm       DIAL    dagoth ur
	morrowind.esm       DIAL    danar uvelas
	morrowind.esm       DIAL    daric bielle
	morrowind.esm       DIAL    dro'sakhar
	morrowind.esm       DIAL    duel
	morrowind.esm       DIAL    dunmer
	morrowind.esm       DIAL    factions
	morrowind.esm       DIAL    farvyn oreyn
	morrowind.esm       DIAL    foreign quarter
	morrowind.esm       DIAL    gentleman jim stacey
	morrowind.esm       DIAL    ghostgate
	morrowind.esm       DIAL    great houses
	morrowind.esm       DIAL    greeting 3
	morrowind.esm       DIAL    guril retheran
	morrowind.esm       DIAL    hall of justice
	morrowind.esm       DIAL    high fane
	morrowind.esm       DIAL    hlaalu compound
	morrowind.esm       DIAL    hlaren ramoran
	morrowind.esm       DIAL    horses
	morrowind.esm       DIAL    house dres
	morrowind.esm       DIAL    house hlaalu
	morrowind.esm       DIAL    house indoril
	morrowind.esm       DIAL    house redoran
	morrowind.esm       DIAL    house telvanni
	morrowind.esm       DIAL    house wars
	morrowind.esm       DIAL    ilmeni dren
	morrowind.esm       DIAL    imperial
	morrowind.esm       DIAL    imperial corruption
	morrowind.esm       DIAL    imperial cult
	morrowind.esm       DIAL    imperial legion
	morrowind.esm       DIAL    jeanne
	morrowind.esm       DIAL    join the morag tong
	morrowind.esm       DIAL    joining great houses
	morrowind.esm       DIAL    khajiit
	morrowind.esm       DIAL    killing and murder
	morrowind.esm       DIAL    law in morrowind
	morrowind.esm       DIAL    maiden's token
	morrowind.esm       DIAL    ministry of truth
	morrowind.esm       DIAL    molag amur
	morrowind.esm       DIAL    molag mar
	morrowind.esm       DIAL    morag tong
	morrowind.esm       DIAL    moroni uvelas
	morrowind.esm       DIAL    my glove
	morrowind.esm       DIAL    nalvilie saren
	morrowind.esm       DIAL    nerevarine cult
	morrowind.esm       DIAL    new play
	morrowind.esm       DIAL    nine divines
	morrowind.esm       DIAL    nord
	morrowind.esm       DIAL    orc
	morrowind.esm       DIAL    palace of vivec
	morrowind.esm       DIAL    puzzle canal
	morrowind.esm       DIAL    ralen tilvur
	morrowind.esm       DIAL    rat
	morrowind.esm       DIAL    rat infestation
	morrowind.esm       DIAL    rat meat
	morrowind.esm       DIAL    raynasa rethan
	morrowind.esm       DIAL    recall the legions
	morrowind.esm       DIAL    redas tomb
	morrowind.esm       DIAL    redguard
	morrowind.esm       DIAL    redoran compound
	morrowind.esm       DIAL    reynel uvirith
	morrowind.esm       DIAL    rolasa oren
	morrowind.esm       DIAL    saprius entius
	morrowind.esm       DIAL    serving great houses
	morrowind.esm       DIAL    silt strider
	morrowind.esm       DIAL    slander
	morrowind.esm       DIAL    slavery
	morrowind.esm       DIAL    soul sickness
	morrowind.esm       DIAL    suran
	morrowind.esm       DIAL    tanusea veloth
	morrowind.esm       DIAL    telvanni compound
	morrowind.esm       DIAL    temple
	morrowind.esm       DIAL    temple compound
	morrowind.esm       DIAL    the empire
	morrowind.esm       DIAL    theater troupe
	morrowind.esm       DIAL    thieves guild
	morrowind.esm       DIAL    toris saren
	morrowind.esm       DIAL    troubles for house redoran
	morrowind.esm       DIAL    twin lamps
	morrowind.esm       DIAL    vedam dren
	morrowind.esm       DIAL    velanda omani
	morrowind.esm       DIAL    vivec
	morrowind.esm       DIAL    writ
	morrowind.esm       DIAL    yngling manor
	tribunal.esm        DIAL    background
	tribunal.esm        DIAL    dissident priests
	tribunal.esm        DIAL    dram bero
	tribunal.esm        DIAL    duties
	tribunal.esm        DIAL    eb_bone
	tribunal.esm        DIAL    greeting 1
	tribunal.esm        DIAL    greeting 5
	tribunal.esm        DIAL    greeting 7
	tribunal.esm        DIAL    latest rumors
	tribunal.esm        DIAL    little advice
	tribunal.esm        DIAL    little secret
	tribunal.esm        DIAL    morrowind lore
	tribunal.esm        DIAL    my trade
	tribunal.esm        DIAL    nerevarine
	tribunal.esm        DIAL    services
	tribunal.esm        DIAL    someone in particular
	tribunal.esm        DIAL    specific place
	tribunal.esm        DIAL    travel together
