LGNPC_GnaarMok_v1_20.esp: DUP-REC MENUMOD NUMRECS OVR-REC
    [NUMRECS]: number of records in TES3.HEDR (455) != Actual count (383)
    [MENUMOD] Scripts not checking menumode:
	SCPT(Max_lgnpc_balan_script)
	SCPT(max_LGNPC_jerian_01)
	SCPT(max_LGNPC_sel_script_01)
	SCPT(max_LGNPC_valveli_script)
    [OVR-REC] Overridden Records:
	From Master         Type    Name
	morrowind.esm       DIAL    altmer
	morrowind.esm       DIAL    argonian
	morrowind.esm       DIAL    bad people
	morrowind.esm       DIAL    big helende
	morrowind.esm       DIAL    bosmer
	morrowind.esm       DIAL    bounty
	morrowind.esm       DIAL    caryarel
	morrowind.esm       DIAL    dunmer
	morrowind.esm       DIAL    gnaar mok
	morrowind.esm       DIAL    house hlaalu
	morrowind.esm       DIAL    imperial
	morrowind.esm       DIAL    khajiit
	morrowind.esm       DIAL    nord
	morrowind.esm       DIAL    redguard
	morrowind.esm       NPC_    balan
	morrowind.esm       NPC_    jerian dolbanitte
	morrowind.esm       NPC_    selvura andrano
	morrowind.esm       NPC_    valveli arelas
	tribunal.esm        DIAL    background
	tribunal.esm        DIAL    camonna tong
	tribunal.esm        DIAL    greeting 7
	tribunal.esm        DIAL    latest rumors
	tribunal.esm        DIAL    little advice
	tribunal.esm        DIAL    little secret
	tribunal.esm        DIAL    morrowind lore
	tribunal.esm        DIAL    my trade
	tribunal.esm        DIAL    services
	tribunal.esm        DIAL    someone in particular
	tribunal.esm        DIAL    specific place
