Library_AM_addon.ESP: JUNKCEL MASTERS MISSAUT MISSDSC MISSVER
    MASTERS: out of sync with the masters installed in your Data Files directory:
	OAAB_Data.esm                1124372 (plugin)    1567893 (installed size)
	Tamriel_Data.esm             8787443 (plugin)   11064795 (installed size)
    [JUNKCEL] Junk Cells:                        Flags
	Ascadian Isles Region (6, -8)            0x02
	Ashlands Region (-1, 6)                  0x02
	Ashlands Region (-1, 7)                  0x02
	Ashlands Region (-3, 18)                 0x02
	Ashlands Region (1, 4)                   0x02
	Ashlands Region (3, 4)                   0x02
	Azura's Coast Region (14, 6)             0x02
	Azura's Coast Region (15, -14)           0x02
	Azura's Coast Region (15, 6)             0x02
	Azura's Coast Region (17, 3)             0x02
	Azura's Coast Region (17, 6)             0x02
	Azura's Coast Region (18, 2)             0x02
	Azura's Coast Region (18, 5)             0x02
	Azura's Coast Region (19, 3)             0x02
	Red Mountain Region (2, 5)               0x02
	Red Mountain Region (3, 5)               0x02
	West Gash Region (-10, 10)               0x02
	West Gash Region (-10, 12)               0x02
	West Gash Region (-11, 12)               0x02
	West Gash Region (-12, 10)               0x02
	West Gash Region (-12, 11)               0x02
	West Gash Region (-12, 12)               0x02
	West Gash Region (-13, 12)               0x02
	West Gash Region (-3, -1)                0x02
	West Gash Region (-8, 16)                0x02
