Lootable Spellbooks (Sei Edit)-Wares.esp: AUTOSPL DUP-REC MASTERS MISSVER OVR-REC
    MASTERS: out of sync with the masters installed in your Data Files directory:
	Wares-base.esm                299850 (plugin)      82499 (installed size)
    [AUTOSPL] Auto-calced Spells:
	absorb health                  Absorb Health
	absorb intelligence [ranged]   Absorb Intelligence [Ranged]
	dynamic green wisdom           Sanguine Green Wisdom
	resist paralysis               Resist Paralysis
    [DUP-REC] Duplicate Records:
	From Master         Type    Name
	bloodmoon.esm       NPC_    brandr
	morrowind.esm       LEVI    l_b_bandit_goods
	morrowind.esm       LEVI    l_m_enchantitem_hlaalu_rank0
	morrowind.esm       LEVI    random_book_skill
    [OVR-REC] Overridden Records:
	From Master         Type    Name
	bloodmoon.esm       LEVI    bm_chest_loot_01
	bloodmoon.esm       LEVI    bm_corpse_loot_01
	bloodmoon.esm       LEVI    bm_karstaag_crates
	bloodmoon.esm       LEVI    bm_random_nordictomb
	bloodmoon.esm       LEVI    bm_randomloot_smugglers
	bloodmoon.esm       LEVI    random_nordictomb_rare
	bloodmoon.esm       NPC_    antonius nuncius
	bloodmoon.esm       NPC_    baro egnatius
	bloodmoon.esm       NPC_    basks_in_the_sun
	bloodmoon.esm       NPC_    bm_bathmar
	bloodmoon.esm       NPC_    bm_berserker_f4
	bloodmoon.esm       NPC_    bm_frysehag_1
	bloodmoon.esm       NPC_    bm_frysehag_2
	bloodmoon.esm       NPC_    bm_frysehag_3
	bloodmoon.esm       NPC_    bm_ice_witch_nord
	bloodmoon.esm       NPC_    bm_roguenecro1
	bloodmoon.esm       NPC_    bm_roguenecro2
	bloodmoon.esm       NPC_    bm_roguenecro3
	bloodmoon.esm       NPC_    bm_werewolf_wild08
	bloodmoon.esm       NPC_    bm_wind_witch_nord
	bloodmoon.esm       NPC_    cingor
	bloodmoon.esm       NPC_    elberoth
	bloodmoon.esm       NPC_    fryssa
	bloodmoon.esm       NPC_    geilir the mumbling
	bloodmoon.esm       NPC_    glenmoril_witch_altar
	bloodmoon.esm       NPC_    glenmoril_witch_altar_2
	bloodmoon.esm       NPC_    glenmoril_witch_cave
	bloodmoon.esm       NPC_    glenmoril_witch_cave_2
	bloodmoon.esm       NPC_    glenmoril_witch_cave_3
	bloodmoon.esm       NPC_    grandfather frost
	bloodmoon.esm       NPC_    hallvaror
	bloodmoon.esm       NPC_    kili the long
	bloodmoon.esm       NPC_    korst wind-eye
	bloodmoon.esm       NPC_    louis beauchamp
	bloodmoon.esm       NPC_    m'nashi
	bloodmoon.esm       NPC_    mazorn gro-gar
	bloodmoon.esm       NPC_    mol gro-shat
	bloodmoon.esm       NPC_    s'virr
	bloodmoon.esm       NPC_    sorian
	bloodmoon.esm       NPC_    thormoor gray-wave
	bloodmoon.esm       NPC_    thormoor_out
	bloodmoon.esm       NPC_    thormoor_thirsk
	bloodmoon.esm       NPC_    tymvaul
	bloodmoon.esm       NPC_    ulfgar_ghost
	bloodmoon.esm       NPC_    uncle sweetshare
	bloodmoon.esm       NPC_    veresa alver
	bloodmoon.esm       NPC_    wind_in_his_hair
	morrowind.esm       LEVI    l_b_loot_tomb
	morrowind.esm       LEVI    l_b_loot_tomb01
	morrowind.esm       LEVI    l_b_loot_tomb02
	morrowind.esm       LEVI    l_b_loot_tomb03
	morrowind.esm       LEVI    random_bandit_1-5
	morrowind.esm       LEVI    random_bandit_11+
	morrowind.esm       LEVI    random_bandit_6-10
	morrowind.esm       LEVI    random_book_dunmer
	morrowind.esm       LEVI    random_book_imperial_hlaalu
	morrowind.esm       LEVI    random_book_wizard_all
	morrowind.esm       LEVI    random_book_wizard_evil
	morrowind.esm       LEVI    random_dwarven_misc
	morrowind.esm       LEVI    random_loot_special
	morrowind.esm       LEVI    random_scroll_all
	morrowind.esm       LEVI    random_smuggler_1-5
	morrowind.esm       LEVI    random_smuggler_11+
	morrowind.esm       LEVI    random_smuggler_6-10
	morrowind.esm       NPC_    adanja
	morrowind.esm       NPC_    adibael hainnabibi
	morrowind.esm       NPC_    aditte oges
	morrowind.esm       NPC_    adrusu rothrano
	morrowind.esm       NPC_    adusamsi assurnarairan
	morrowind.esm       NPC_    aengoth
	morrowind.esm       NPC_    agarond
	morrowind.esm       NPC_    agronian guy
	morrowind.esm       NPC_    alavesa samori
	morrowind.esm       NPC_    albecius colollius
	morrowind.esm       NPC_    aldaril
	morrowind.esm       NPC_    aleri duro
	morrowind.esm       NPC_    ales julalanie
	morrowind.esm       NPC_    alfe fyr
	morrowind.esm       NPC_    almsi oren
	morrowind.esm       NPC_    alurue saryon
	morrowind.esm       NPC_    alvela saram
	morrowind.esm       NPC_    ama nin_disguisemara
	morrowind.esm       NPC_    an-zaw
	morrowind.esm       NPC_    anel rethelas
	morrowind.esm       NPC_    anes hlaren
	morrowind.esm       NPC_    angaredhel
	morrowind.esm       NPC_    anirne
	morrowind.esm       NPC_    ano dran
	morrowind.esm       NPC_    ano vando
	morrowind.esm       NPC_    anora
	morrowind.esm       NPC_    ansu senatbael
	morrowind.esm       NPC_    antu assarrimisun
	morrowind.esm       NPC_    aralosea romori
	morrowind.esm       NPC_    arara uvulas
	morrowind.esm       NPC_    arbene gernis
	morrowind.esm       NPC_    ardarume
	morrowind.esm       NPC_    ardhil
	morrowind.esm       NPC_    aredhel
	morrowind.esm       NPC_    aroa nethalen
	morrowind.esm       NPC_    artisa arelas
	morrowind.esm       NPC_    arvamea dalvani
	morrowind.esm       NPC_    arvela falas
	morrowind.esm       NPC_    arvyn llerayn
	morrowind.esm       NPC_    aryon
	morrowind.esm       NPC_    ashamanu
	morrowind.esm       NPC_    assamanu shashipal
	morrowind.esm       NPC_    assurdan serdimapal
	morrowind.esm       NPC_    astien masoriane
	morrowind.esm       NPC_    athanden girith
	morrowind.esm       NPC_    athesie andas
	morrowind.esm       NPC_    athyn sarethi
	morrowind.esm       NPC_    aundae vampire 1
	morrowind.esm       NPC_    aundae vampire 2
	morrowind.esm       NPC_    aundae vampire 3
	morrowind.esm       NPC_    aundae vampire 4
	morrowind.esm       NPC_    aundae vampire 5
	morrowind.esm       NPC_    avon ravel
	morrowind.esm       NPC_    badama andarys
	morrowind.esm       NPC_    baladas demnevanni
	morrowind.esm       NPC_    balen sedrethi
	morrowind.esm       NPC_    balis favani
	morrowind.esm       NPC_    balver sarethan
	morrowind.esm       NPC_    balynu teran
	morrowind.esm       NPC_    barnand erelie
	morrowind.esm       NPC_    beden giladren
	morrowind.esm       NPC_    belene yvienne
	morrowind.esm       NPC_    benar neleth
	morrowind.esm       NPC_    benudni ilurnubishpal
	morrowind.esm       NPC_    berapli ashumallit
	morrowind.esm       NPC_    berel sala
	morrowind.esm       NPC_    berne vampire 5
	morrowind.esm       NPC_    bethes sarothril
	morrowind.esm       NPC_    bevadar bels
	morrowind.esm       NPC_    beyte fyr
	morrowind.esm       NPC_    birer indaram
	morrowind.esm       NPC_    bjadmund
	morrowind.esm       NPC_    bodean
	morrowind.esm       NPC_    bodsa nothryon
	morrowind.esm       NPC_    bogakh gro-mar
	morrowind.esm       NPC_    bolayn rethan
	morrowind.esm       NPC_    boler bandas
	morrowind.esm       NPC_    bolvyn venim
	morrowind.esm       NPC_    boryn varen
	morrowind.esm       NPC_    boss crito
	morrowind.esm       NPC_    bovkinna
	morrowind.esm       NPC_    bralas mels
	morrowind.esm       NPC_    bralis seralas
	morrowind.esm       NPC_    bravora relavel
	morrowind.esm       NPC_    bravosi henim
	morrowind.esm       NPC_    brelda quintella
	morrowind.esm       NPC_    brelyn indarys
	morrowind.esm       NPC_    brerayne raloran
	morrowind.esm       NPC_    brethas deras
	morrowind.esm       NPC_    breyns othravel
	morrowind.esm       NPC_    brilnosu llarys
	morrowind.esm       NPC_    broder garil
	morrowind.esm       NPC_    brolmir
	morrowind.esm       NPC_    bronosa nedalor
	morrowind.esm       NPC_    broris fals
	morrowind.esm       NPC_    bumbub gro-murgol
	morrowind.esm       NPC_    buoyant armiger_wander
	morrowind.esm       NPC_    calmaninde
	morrowind.esm       NPC_    camandil
	morrowind.esm       NPC_    camas
	morrowind.esm       NPC_    carecalmo
	morrowind.esm       NPC_    celria
	morrowind.esm       NPC_    chanil_lee
	morrowind.esm       NPC_    chark
	morrowind.esm       NPC_    chuna
	morrowind.esm       NPC_    cidius caro
	morrowind.esm       NPC_    ciel nestal
	morrowind.esm       NPC_    cinia urtius
	morrowind.esm       NPC_    clecentor aerius
	morrowind.esm       NPC_    clendil
	morrowind.esm       NPC_    clibergus urgelian
	morrowind.esm       NPC_    cluson
	morrowind.esm       NPC_    cumanya
	morrowind.esm       NPC_    cun
	morrowind.esm       NPC_    daldur sarys
	morrowind.esm       NPC_    dalmil varen
	morrowind.esm       NPC_    dals sadri
	morrowind.esm       NPC_    dalyne arvel
	morrowind.esm       NPC_    dandynea rothalen
	morrowind.esm       NPC_    danel indaren
	morrowind.esm       NPC_    daracy
	morrowind.esm       NPC_    daral thireloth
	morrowind.esm       NPC_    darane mencele
	morrowind.esm       NPC_    darene bienne
	morrowind.esm       NPC_    daris adram
	morrowind.esm       NPC_    darns tedalen
	morrowind.esm       NPC_    darvam hlaren
	morrowind.esm       NPC_    darvasa vedas
	morrowind.esm       NPC_    darvynea hleran
	morrowind.esm       NPC_    davis nelaram
	morrowind.esm       NPC_    davur githendas
	morrowind.esm       NPC_    daynil farandas
	morrowind.esm       NPC_    dead de female
	morrowind.esm       NPC_    dead de female_01
	morrowind.esm       NPC_    dead de male
	morrowind.esm       NPC_    dead de male_01
	morrowind.esm       NPC_    dead de male_berandas
	morrowind.esm       NPC_    dead de male_tomb01
	morrowind.esm       NPC_    dead de male_tomb02
	morrowind.esm       NPC_    dead de ship capt11-12
	morrowind.esm       NPC_    dead elite ord
	morrowind.esm       NPC_    dead he male_01
	morrowind.esm       NPC_    dead imp male_01
	morrowind.esm       NPC_    dead imp male_02
	morrowind.esm       NPC_    dead imp male_tomb01
	morrowind.esm       NPC_    dead orc male_02
	morrowind.esm       NPC_    dead ordinator
	morrowind.esm       NPC_    dead ordinator_key
	morrowind.esm       NPC_    dead random female
	morrowind.esm       NPC_    dead random male
	morrowind.esm       NPC_    dead warlock
	morrowind.esm       NPC_    dead we male_01
	morrowind.esm       NPC_    debentien sylbenitte
	morrowind.esm       NPC_    dedaenc
	morrowind.esm       NPC_    delmene helas
	morrowind.esm       NPC_    delte fyr
	morrowind.esm       NPC_    delvam andarys
	morrowind.esm       NPC_    depusanis denian
	morrowind.esm       NPC_    derar hlervu
	morrowind.esm       NPC_    derelle ysciele
	morrowind.esm       NPC_    deval beleth
	morrowind.esm       NPC_    dhaunayne aundae
	morrowind.esm       NPC_    dinuro ienith
	morrowind.esm       NPC_    dirding
	morrowind.esm       NPC_    dissu ashalkimallit
	morrowind.esm       NPC_    divayth fyr
	morrowind.esm       NPC_    dolmesa sarano
	morrowind.esm       NPC_    dolvasie veloren
	morrowind.esm       NPC_    domba
	morrowind.esm       NPC_    dortodd
	morrowind.esm       NPC_    dorynu verendas
	morrowind.esm       NPC_    dralisi ienith
	morrowind.esm       NPC_    dramis maryon
	morrowind.esm       NPC_    drandryn omoran
	morrowind.esm       NPC_    draramu hloran
	morrowind.esm       NPC_    drarayne girith
	morrowind.esm       NPC_    draron benelas
	morrowind.esm       NPC_    draryn andrano
	morrowind.esm       NPC_    dratha
	morrowind.esm       NPC_    drathyn andavel
	morrowind.esm       NPC_    dravil omavel
	morrowind.esm       NPC_    dredyni salvani
	morrowind.esm       NPC_    drelayn dredayn
	morrowind.esm       NPC_    drelyne llenim
	morrowind.esm       NPC_    dreveni hlaren
	morrowind.esm       NPC_    dreynis nothro
	morrowind.esm       NPC_    dreyns nelas
	morrowind.esm       NPC_    dreyns telmon
	morrowind.esm       NPC_    dridyn berethi
	morrowind.esm       NPC_    driloru uvaram
	morrowind.esm       NPC_    drodos galen
	morrowind.esm       NPC_    drores arvel
	morrowind.esm       NPC_    duke's guard_tomb2
	morrowind.esm       NPC_    dular gro-buzga
	morrowind.esm       NPC_    duldresi senim
	morrowind.esm       NPC_    duma gro-lag
	morrowind.esm       NPC_    duma gro-lag2
	morrowind.esm       NPC_    durgash gro-rushub
	morrowind.esm       NPC_    durzol gro-dumulg
	morrowind.esm       NPC_    earmil
	morrowind.esm       NPC_    edd theman
	morrowind.esm       NPC_    edril vules
	morrowind.esm       NPC_    edryno arethi
	morrowind.esm       NPC_    edwinna elbert
	morrowind.esm       NPC_    eigma
	morrowind.esm       NPC_    elam andas
	morrowind.esm       NPC_    elante
	morrowind.esm       NPC_    eldrasea helas
	morrowind.esm       NPC_    elenwen
	morrowind.esm       NPC_    elitlaya assonirishpal
	morrowind.esm       NPC_    eloe
	morrowind.esm       NPC_    elumabi malibiran
	morrowind.esm       NPC_    emelia duronia
	morrowind.esm       NPC_    emelin
	morrowind.esm       NPC_    emusette bracques
	morrowind.esm       NPC_    enar dralor
	morrowind.esm       NPC_    enar releth
	morrowind.esm       NPC_    endar drenim
	morrowind.esm       NPC_    endase avel
	morrowind.esm       NPC_    endring
	morrowind.esm       NPC_    endroni dalas
	morrowind.esm       NPC_    ennah
	morrowind.esm       NPC_    eradan
	morrowind.esm       NPC_    ereven velas
	morrowind.esm       NPC_    erirvase drinith
	morrowind.esm       NPC_    erissare
	morrowind.esm       NPC_    ernard genis
	morrowind.esm       NPC_    erns maren
	morrowind.esm       NPC_    ernse llervu
	morrowind.esm       NPC_    erranil
	morrowind.esm       NPC_    erundil
	morrowind.esm       NPC_    ervesa romandas
	morrowind.esm       NPC_    ervis ules
	morrowind.esm       NPC_    ervona barys
	morrowind.esm       NPC_    esib-nummu assunudadnud
	morrowind.esm       NPC_    estalenya
	morrowind.esm       NPC_    estinan
	morrowind.esm       NPC_    estoril
	morrowind.esm       NPC_    ethal seloth
	morrowind.esm       NPC_    ethys savil
	morrowind.esm       NPC_    evesa omalas
	morrowind.esm       NPC_    faire
	morrowind.esm       NPC_    falena hlaren
	morrowind.esm       NPC_    fammana
	morrowind.esm       NPC_    faral retheran
	morrowind.esm       NPC_    faralenu henim
	morrowind.esm       NPC_    faric panoit
	morrowind.esm       NPC_    farvam faram
	morrowind.esm       NPC_    farvyn oreyn
	morrowind.esm       NPC_    fathusa girethi
	morrowind.esm       NPC_    faulgor
	morrowind.esm       NPC_    faver seran
	morrowind.esm       NPC_    faves andas
	morrowind.esm       NPC_    fedris tharen
	morrowind.esm       NPC_    felisa ulessen
	morrowind.esm       NPC_    felisi serano
	morrowind.esm       NPC_    felmena falavel
	morrowind.esm       NPC_    felsa hleran
	morrowind.esm       NPC_    felvos droryn
	morrowind.esm       NPC_    ferarilie riscel
	morrowind.esm       NPC_    ferone veran
	morrowind.esm       NPC_    feruren oran
	morrowind.esm       NPC_    fervsea girothran
	morrowind.esm       NPC_    fevris senoril
	morrowind.esm       NPC_    fevus aryon
	morrowind.esm       NPC_    fieryra
	morrowind.esm       NPC_    fistelle
	morrowind.esm       NPC_    flacassia fauseius
	morrowind.esm       NPC_    folvalie omalor
	morrowind.esm       NPC_    fonus rathryon
	morrowind.esm       NPC_    fore paw
	morrowind.esm       NPC_    foronir
	morrowind.esm       NPC_    forvse nerethi
	morrowind.esm       NPC_    fovus faravel
	morrowind.esm       NPC_    fraki
	morrowind.esm       NPC_    frelene acques
	morrowind.esm       NPC_    gaelion
	morrowind.esm       NPC_    galam llendu
	morrowind.esm       NPC_    galar baren
	morrowind.esm       NPC_    galas drenim
	morrowind.esm       NPC_    galasa uvayn
	morrowind.esm       NPC_    galdal omayn
	morrowind.esm       NPC_    galmis dren
	morrowind.esm       NPC_    galos mathendis
	morrowind.esm       NPC_    galsu tedas
	morrowind.esm       NPC_    galtis serethi
	morrowind.esm       NPC_    gancolm
	morrowind.esm       NPC_    gandela indoran
	morrowind.esm       NPC_    garyne uvenim
	morrowind.esm       NPC_    garzonk gro-mulakh
	morrowind.esm       NPC_    geor matreinace
	morrowind.esm       NPC_    germia
	morrowind.esm       NPC_    ghob gra-gholob
	morrowind.esm       NPC_    ghost_npc_ane teria
	morrowind.esm       NPC_    ghost_npc_conoon chodal
	morrowind.esm       NPC_    ghost_npc_erur-dan
	morrowind.esm       NPC_    ghost_npc_hort_ledd
	morrowind.esm       NPC_    ghost_npc_idrenie nerot
	morrowind.esm       NPC_    ghost_npc_peakstar
	morrowind.esm       NPC_    giden nelvilo
	morrowind.esm       NPC_    gilas inlador
	morrowind.esm       NPC_    gilas llervu
	morrowind.esm       NPC_    gilmyn andrilo
	morrowind.esm       NPC_    gils oril
	morrowind.esm       NPC_    gilse darethi
	morrowind.esm       NPC_    gilvas barelo
	morrowind.esm       NPC_    girara teran
	morrowind.esm       NPC_    giras indaram
	morrowind.esm       NPC_    gladroon
	morrowind.esm       NPC_    glallian maraennius
	morrowind.esm       NPC_    glannison
	morrowind.esm       NPC_    glush gro-dul
	morrowind.esm       NPC_    gnaw tooth
	morrowind.esm       NPC_    goler andrethi
	morrowind.esm       NPC_    gols nilvon
	morrowind.esm       NPC_    golven hleran
	morrowind.esm       NPC_    gorchalas
	morrowind.esm       NPC_    gordol
	morrowind.esm       NPC_    gorenea andrano
	morrowind.esm       NPC_    goris the maggot king
	morrowind.esm       NPC_    goron lleran
	morrowind.esm       NPC_    gothren
	morrowind.esm       NPC_    grand inquisitor
	morrowind.esm       NPC_    grat gro-gholfim
	morrowind.esm       NPC_    gulena girith
	morrowind.esm       NPC_    gulitte cienne
	morrowind.esm       NPC_    haki the halt
	morrowind.esm       NPC_    hansi saharnatturapli
	morrowind.esm       NPC_    hecerinde
	morrowind.esm       NPC_    hinummu siddurnanit
	morrowind.esm       NPC_    hlenil neladren
	morrowind.esm       NPC_    hlireni indavel
	morrowind.esm       NPC_    hrordis
	morrowind.esm       NPC_    hurnfing
	morrowind.esm       NPC_    hyarnarenquar
	morrowind.esm       NPC_    ibanammu assutladainab
	morrowind.esm       NPC_    idros givyn
	morrowind.esm       NPC_    idroso vendu
	morrowind.esm       NPC_    ienas nadus
	morrowind.esm       NPC_    iirenoore
	morrowind.esm       NPC_    ildogesto
	morrowind.esm       NPC_    ilfhild
	morrowind.esm       NPC_    im_kilaya
	morrowind.esm       NPC_    iminda
	morrowind.esm       NPC_    iner raledran
	morrowind.esm       NPC_    ingwold
	morrowind.esm       NPC_    iniel
	morrowind.esm       NPC_    irer nervion
	morrowind.esm       NPC_    irinwe
	morrowind.esm       NPC_    iroroon
	morrowind.esm       NPC_    irvsie othran
	morrowind.esm       NPC_    irwaen
	morrowind.esm       NPC_    itermerel
	morrowind.esm       NPC_    iveri llothri
	morrowind.esm       NPC_    ivramie sarandas
	morrowind.esm       NPC_    jamie
	morrowind.esm       NPC_    jart
	morrowind.esm       NPC_    je tee
	morrowind.esm       NPC_    jeanciele macile
	morrowind.esm       NPC_    jeberilie moniel
	morrowind.esm       NPC_    jine
	morrowind.esm       NPC_    jocien ancois
	morrowind.esm       NPC_    jolding
	morrowind.esm       NPC_    jon hawker
	morrowind.esm       NPC_    joshur
	morrowind.esm       NPC_    joslin
	morrowind.esm       NPC_    kar alber
	morrowind.esm       NPC_    kardryn
	morrowind.esm       NPC_    katie
	morrowind.esm       NPC_    kausha mantashpi
	morrowind.esm       NPC_    ken
	morrowind.esm       NPC_    koffutto gilgar
	morrowind.esm       NPC_    lagakh gra-lorga
	morrowind.esm       NPC_    lanald
	morrowind.esm       NPC_    lanie endre
	morrowind.esm       NPC_    larienna macrina
	morrowind.esm       NPC_    lesley
	morrowind.esm       NPC_    levus musilchiotus
	morrowind.esm       NPC_    lielle vette
	morrowind.esm       NPC_    listien bierles
	morrowind.esm       NPC_    llaalamu sathren
	morrowind.esm       NPC_    llanas drilvi
	morrowind.esm       NPC_    llandrale varam
	morrowind.esm       NPC_    llandras belaal
	morrowind.esm       NPC_    llarar bereloth
	morrowind.esm       NPC_    llaren terano
	morrowind.esm       NPC_    llarusea andrethi
	morrowind.esm       NPC_    llavam adas
	morrowind.esm       NPC_    llavelea nelvani
	morrowind.esm       NPC_    llerar mandas
	morrowind.esm       NPC_    llevena sendas
	morrowind.esm       NPC_    llivas othravel
	morrowind.esm       NPC_    lloden tenim
	morrowind.esm       NPC_    llonas felder
	morrowind.esm       NPC_    llunela hleran
	morrowind.esm       NPC_    lorurmend
	morrowind.esm       NPC_    luspinian hertarian
	morrowind.esm       NPC_    madaynu aravel
	morrowind.esm       NPC_    madura seran
	morrowind.esm       NPC_    maela kaushad
	morrowind.esm       NPC_    maesa gabinia
	morrowind.esm       NPC_    malielle broles
	morrowind.esm       NPC_    mallam ryon
	morrowind.esm       NPC_    malsa ules
	morrowind.esm       NPC_    mamaea ashun-idantus
	morrowind.esm       NPC_    mamaea ularshanentus
	morrowind.esm       NPC_    mamusa shashmassamsi
	morrowind.esm       NPC_    man-ilu ashananapal
	morrowind.esm       NPC_    manabi kummimmidan
	morrowind.esm       NPC_    maner uvaren
	morrowind.esm       NPC_    manirai mirshamammu
	morrowind.esm       NPC_    manis virmaulese
	morrowind.esm       NPC_    manu odirnapal
	morrowind.esm       NPC_    manu zainab
	morrowind.esm       NPC_    manwe
	morrowind.esm       NPC_    maralie ares
	morrowind.esm       NPC_    maranique jolvanne
	morrowind.esm       NPC_    marara
	morrowind.esm       NPC_    margonet
	morrowind.esm       NPC_    marielle amedee
	morrowind.esm       NPC_    marilia saram
	morrowind.esm       NPC_    marsus tullius
	morrowind.esm       NPC_    marthe arthe
	morrowind.esm       NPC_    masalinie merian
	morrowind.esm       NPC_    masque
	morrowind.esm       NPC_    mathis dalobar
	morrowind.esm       NPC_    mathyn bemis
	morrowind.esm       NPC_    matus mido
	morrowind.esm       NPC_    mauhul gor-burish
	morrowind.esm       NPC_    mavon drenim
	morrowind.esm       NPC_    meanen
	morrowind.esm       NPC_    medresi ofemalen
	morrowind.esm       NPC_    medyn gilnith
	morrowind.esm       NPC_    mehra milo
	morrowind.esm       NPC_    mehrunesworshipper_f01
	morrowind.esm       NPC_    mehrunesworshipper_m01
	morrowind.esm       NPC_    mehrunesworshipper_m02
	morrowind.esm       NPC_    melar baram
	morrowind.esm       NPC_    melvona marvayn
	morrowind.esm       NPC_    melvure rindu
	morrowind.esm       NPC_    mendel eves
	morrowind.esm       NPC_    merard geves
	morrowind.esm       NPC_    merta
	morrowind.esm       NPC_    mertis falandas
	morrowind.esm       NPC_    methulu ienith
	morrowind.esm       NPC_    mi-ilu massitisun
	morrowind.esm       NPC_    mibdinahaz addunipu
	morrowind.esm       NPC_    midnabi sobdishapal
	morrowind.esm       NPC_    milyn faram
	morrowind.esm       NPC_    mimanu zeba-adad
	morrowind.esm       NPC_    minabibi assardarainat
	morrowind.esm       NPC_    miner arobar
	morrowind.esm       NPC_    mirkrand
	morrowind.esm       NPC_    mirnelea terilu
	morrowind.esm       NPC_    missamsi timmiriran
	morrowind.esm       NPC_    monthadan
	morrowind.esm       NPC_    moranarg
	morrowind.esm       NPC_    mororurg
	morrowind.esm       NPC_    mossanon
	morrowind.esm       NPC_    movisa andas
	morrowind.esm       NPC_    muldroni rendas
	morrowind.esm       NPC_    munbebi addarari
	morrowind.esm       NPC_    mundrila ienith
	morrowind.esm       NPC_    murob gra-loghash
	morrowind.esm       NPC_    muvis moran
	morrowind.esm       NPC_    nalion
	morrowind.esm       NPC_    nalmila thelas
	morrowind.esm       NPC_    nalosi alari
	morrowind.esm       NPC_    nals indrano
	morrowind.esm       NPC_    nalur indrano
	morrowind.esm       NPC_    nalvyna sarinith
	morrowind.esm       NPC_    natalinus flavonius
	morrowind.esm       NPC_    nathala herendas
	morrowind.esm       NPC_    nathien
	morrowind.esm       NPC_    nathyn ilnith
	morrowind.esm       NPC_    nathyne uvelas
	morrowind.esm       NPC_    navil ienith
	morrowind.esm       NPC_    nedeni tenim
	morrowind.esm       NPC_    nelacar
	morrowind.esm       NPC_    neldris llervu
	morrowind.esm       NPC_    neloth
	morrowind.esm       NPC_    nelvon radas
	morrowind.esm       NPC_    nelyn sadri
	morrowind.esm       NPC_    nervana verelas
	morrowind.esm       NPC_    nevil malvayn
	morrowind.esm       NPC_    nevrasa dralor
	morrowind.esm       NPC_    nevusa veleth
	morrowind.esm       NPC_    nidara herandus
	morrowind.esm       NPC_    nidryne redas
	morrowind.esm       NPC_    nilas brilyn
	morrowind.esm       NPC_    nina
	morrowind.esm       NPC_    nirai ashishpalirdan
	morrowind.esm       NPC_    nivel madryon
	morrowind.esm       NPC_    noleon sele
	morrowind.esm       NPC_    norionil
	morrowind.esm       NPC_    norus marvel
	morrowind.esm       NPC_    novor drethan
	morrowind.esm       NPC_    novor gorvas
	morrowind.esm       NPC_    nummu assudiraplit
	morrowind.esm       NPC_    nush
	morrowind.esm       NPC_    odmi
	morrowind.esm       NPC_    odron omoran
	morrowind.esm       NPC_    oisig
	morrowind.esm       NPC_    olquar
	morrowind.esm       NPC_    omesu hlarys
	morrowind.esm       NPC_    ordinator wander_ilpe_1
	morrowind.esm       NPC_    ordinator wander_ilpe_2
	morrowind.esm       NPC_    ormax geles
	morrowind.esm       NPC_    orval llaren
	morrowind.esm       NPC_    orvona vadryon
	morrowind.esm       NPC_    paur maston
	morrowind.esm       NPC_    pelena acicius
	morrowind.esm       NPC_    penald
	morrowind.esm       NPC_    pilper muspidius
	morrowind.esm       NPC_    pilu shilansour
	morrowind.esm       NPC_    procyon nigilius
	morrowind.esm       NPC_    pustula baenius
	morrowind.esm       NPC_    qorwynn
	morrowind.esm       NPC_    quarra vampire 3
	morrowind.esm       NPC_    quarra vampire 4
	morrowind.esm       NPC_    ra'gruzgob
	morrowind.esm       NPC_    radene hlaalu
	morrowind.esm       NPC_    raishi erarbadon
	morrowind.esm       NPC_    raldenu ieneth
	morrowind.esm       NPC_    ralyn othravel
	morrowind.esm       NPC_    ranor dralas
	morrowind.esm       NPC_    ranosa gilvayn
	morrowind.esm       NPC_    rasha
	morrowind.esm       NPC_    raven omayn
	morrowind.esm       NPC_    ravos relarys
	morrowind.esm       NPC_    rawia ashirbibi
	morrowind.esm       NPC_    raxle berne
	morrowind.esm       NPC_    rayna drolan
	morrowind.esm       NPC_    raynasa rethan
	morrowind.esm       NPC_    raynila aryon
	morrowind.esm       NPC_    raynilie andromo
	morrowind.esm       NPC_    relamu ulom
	morrowind.esm       NPC_    relen hlaalu
	morrowind.esm       NPC_    relie jeannie
	morrowind.esm       NPC_    reron rinith
	morrowind.esm       NPC_    rerynea salas
	morrowind.esm       NPC_    reynel uvirith
	morrowind.esm       NPC_    rianciene aurilie
	morrowind.esm       NPC_    ridena othren
	morrowind.esm       NPC_    rilver andothan
	morrowind.esm       NPC_    rimintil
	morrowind.esm       NPC_    rinina
	morrowind.esm       NPC_    rithrannir
	morrowind.esm       NPC_    rols ienith
	morrowind.esm       NPC_    ruccia conician
	morrowind.esm       NPC_    ruthrisu andoril
	morrowind.esm       NPC_    sadela areth
	morrowind.esm       NPC_    salora salobar
	morrowind.esm       NPC_    salvas areleth
	morrowind.esm       NPC_    salyn sarethi
	morrowind.esm       NPC_    samia
	morrowind.esm       NPC_    samsi ulannanit
	morrowind.esm       NPC_    santinti assarbeberib
	morrowind.esm       NPC_    saprius entius
	morrowind.esm       NPC_    sarvur sadri
	morrowind.esm       NPC_    sathasa nerothren
	morrowind.esm       NPC_    satyana
	morrowind.esm       NPC_    savesea mothryon
	morrowind.esm       NPC_    seba anurnudai
	morrowind.esm       NPC_    selman relas
	morrowind.esm       NPC_    selmen relas
	morrowind.esm       NPC_    senilias cadiusus
	morrowind.esm       NPC_    senise thindo
	morrowind.esm       NPC_    seras gavos
	morrowind.esm       NPC_    seryne relas
	morrowind.esm       NPC_    sevame saryon
	morrowind.esm       NPC_    shagar gra-snagarz
	morrowind.esm       NPC_    shakh gro-durga
	morrowind.esm       NPC_    shali assannabalit
	morrowind.esm       NPC_    shamob gro-shatub
	morrowind.esm       NPC_    shara atinsabia
	morrowind.esm       NPC_    shardie
	morrowind.esm       NPC_    shashev
	morrowind.esm       NPC_    shazgob gra-luzgan
	morrowind.esm       NPC_    shelur gra-yargul
	morrowind.esm       NPC_    shinammu radansour
	morrowind.esm       NPC_    shishi yanumibaal
	morrowind.esm       NPC_    shura gro-urgak
	morrowind.esm       NPC_    silasson
	morrowind.esm       NPC_    sinyaramen
	morrowind.esm       NPC_    siri
	morrowind.esm       NPC_    skinkintreesshade
	morrowind.esm       NPC_    sloomalah
	morrowind.esm       NPC_    smokey morth
	morrowind.esm       NPC_    snorri
	morrowind.esm       NPC_    snowy granius
	morrowind.esm       NPC_    solea nuccusius
	morrowind.esm       NPC_    sondaale of shimmerene
	morrowind.esm       NPC_    sorcalin
	morrowind.esm       NPC_    sorkvild the raven
	morrowind.esm       NPC_    sosia caristiana
	morrowind.esm       NPC_    star
	morrowind.esm       NPC_    stenet
	morrowind.esm       NPC_    stentus tullius
	morrowind.esm       NPC_    stlubo otiustiris
	morrowind.esm       NPC_    strillian macro
	morrowind.esm       NPC_    sulen sarandus
	morrowind.esm       NPC_    surane leoriane
	morrowind.esm       NPC_    suryn athones
	morrowind.esm       NPC_    taarie
	morrowind.esm       NPC_    tadara indaram
	morrowind.esm       NPC_    talis veran
	morrowind.esm       NPC_    talms dralor
	morrowind.esm       NPC_    tandram andalen
	morrowind.esm       NPC_    tanel faren
	morrowind.esm       NPC_    tanur llaram
	morrowind.esm       NPC_    tanusea veloth
	morrowind.esm       NPC_    tarer braryn
	morrowind.esm       NPC_    tarerane
	morrowind.esm       NPC_    tarvyn faren
	morrowind.esm       NPC_    tasellis burtilius
	morrowind.esm       NPC_    tashpi ashibael
	morrowind.esm       NPC_    taves aralen
	morrowind.esm       NPC_    tee_lan
	morrowind.esm       NPC_    telura ulver
	morrowind.esm       NPC_    tenyeminwe
	morrowind.esm       NPC_    terer helothan
	morrowind.esm       NPC_    tereri irethi
	morrowind.esm       NPC_    teres arothan
	morrowind.esm       NPC_    teris raledran
	morrowind.esm       NPC_    termanwe
	morrowind.esm       NPC_    thelama indalas
	morrowind.esm       NPC_    thelsa dral
	morrowind.esm       NPC_    therana
	morrowind.esm       NPC_    thervam drelas
	morrowind.esm       NPC_    thief dead 00
	morrowind.esm       NPC_    thief dead 01
	morrowind.esm       NPC_    tholer saryoni
	morrowind.esm       NPC_    ticemius conciatius
	morrowind.esm       NPC_    tidras deltis
	morrowind.esm       NPC_    tidros indaram
	morrowind.esm       NPC_    tilore andrethi
	morrowind.esm       NPC_    tinos drothan
	morrowind.esm       NPC_    tiram gadar
	morrowind.esm       NPC_    tirasie andalen
	morrowind.esm       NPC_    tirer belvayn
	morrowind.esm       NPC_    tirnur thirano
	morrowind.esm       NPC_    tissamsi asharapli
	morrowind.esm       NPC_    todd_khajiit
	morrowind.esm       NPC_    todwendy
	morrowind.esm       NPC_    tolmera relenim
	morrowind.esm       NPC_    tolvone sarendas
	morrowind.esm       NPC_    toranu rothalnim
	morrowind.esm       NPC_    torline
	morrowind.esm       NPC_    tragrim
	morrowind.esm       NPC_    tralas rendas
	morrowind.esm       NPC_    trebonius artorius
	morrowind.esm       NPC_    tredere llaren
	morrowind.esm       NPC_    tredyn venim
	morrowind.esm       NPC_    trelam falvani
	morrowind.esm       NPC_    treras dres
	morrowind.esm       NPC_    trerayna dalen
	morrowind.esm       NPC_    tunengore
	morrowind.esm       NPC_    tunipu shamirbasour
	morrowind.esm       NPC_    ukawei
	morrowind.esm       NPC_    ulam gro-shugham
	morrowind.esm       NPC_    ulmesi baryon
	morrowind.esm       NPC_    ulms drathen
	morrowind.esm       NPC_    ulms saren
	morrowind.esm       NPC_    ulves marvel
	morrowind.esm       NPC_    ulvon uleni
	morrowind.esm       NPC_    ulyne henim
	morrowind.esm       NPC_    umbacano
	morrowind.esm       NPC_    undil
	morrowind.esm       NPC_    unila berendas
	morrowind.esm       NPC_    uresa omoril
	morrowind.esm       NPC_    urjorad
	morrowind.esm       NPC_    urshamusa rapli
	morrowind.esm       NPC_    urven davor
	morrowind.esm       NPC_    ushug gra-olurba
	morrowind.esm       NPC_    uupse fyr
	morrowind.esm       NPC_    vadeni rethan
	morrowind.esm       NPC_    vala catraso
	morrowind.esm       NPC_    vanel serven
	morrowind.esm       NPC_    vanjirra
	morrowind.esm       NPC_    vares reram
	morrowind.esm       NPC_    varian angius
	morrowind.esm       NPC_    varis ginith
	morrowind.esm       NPC_    varon sadralo
	morrowind.esm       NPC_    varona nelas
	morrowind.esm       NPC_    varvsa athram
	morrowind.esm       NPC_    vaves virith
	morrowind.esm       NPC_    vavran reni
	morrowind.esm       NPC_    velsa orethi
	morrowind.esm       NPC_    velsa salaron
	morrowind.esm       NPC_    vevos nerethi
	morrowind.esm       NPC_    vevrana aryon
	morrowind.esm       NPC_    vevul alver
	morrowind.esm       NPC_    viatrix petilia
	morrowind.esm       NPC_    viccia claevius
	morrowind.esm       NPC_    vienne gilelle
	morrowind.esm       NPC_    vilval relvani
	morrowind.esm       NPC_    vindamea drethan
	morrowind.esm       NPC_    vinnus laecinnius
	morrowind.esm       NPC_    viraninde
	morrowind.esm       NPC_    virvyn athren
	morrowind.esm       NPC_    volanaro
	morrowind.esm       NPC_    volrina quarra
	morrowind.esm       NPC_    voneri renim
	morrowind.esm       NPC_    voruse bethrimo
	morrowind.esm       NPC_    vulyne rothari
	morrowind.esm       NPC_    warrior dead 00
	morrowind.esm       NPC_    warrior dead 01
	morrowind.esm       NPC_    warrior dead 02
	morrowind.esm       NPC_    warrior dead 03
	morrowind.esm       NPC_    wizard dead 00
	morrowind.esm       NPC_    wizard dead 01
	morrowind.esm       NPC_    yakin bael
	morrowind.esm       NPC_    yanabani ashushshirari
	morrowind.esm       NPC_    yanibi adur-dan
	morrowind.esm       NPC_    yenabi laserbillahemmi
	morrowind.esm       NPC_    ylbert meric
	morrowind.esm       NPC_    zabi adidshina
	morrowind.esm       NPC_    zebba asharnalit
	morrowind.esm       NPC_    zennammu
	morrowind.esm       SPEL    absorb health
	morrowind.esm       SPEL    absorb intelligence [ranged]
	morrowind.esm       SPEL    dynamic green wisdom
	morrowind.esm       SPEL    resist paralysis
	tribunal.esm        NPC_    aleri aren
	tribunal.esm        NPC_    alusannah
	tribunal.esm        NPC_    asciene rane
	tribunal.esm        NPC_    bakh gro-sham
	tribunal.esm        NPC_    barenziah
	tribunal.esm        NPC_    danaronea daryon
	tribunal.esm        NPC_    dandras vules
	tribunal.esm        NPC_    dilborn
	tribunal.esm        NPC_    donus serethi
	tribunal.esm        NPC_    dovor oren
	tribunal.esm        NPC_    effe_tei
	tribunal.esm        NPC_    ekkhi
	tribunal.esm        NPC_    elanande
	tribunal.esm        NPC_    eno romari
	tribunal.esm        NPC_    ervis verano
	tribunal.esm        NPC_    felvan ienith
	tribunal.esm        NPC_    feranos hlando
	tribunal.esm        NPC_    gavas drin
	tribunal.esm        NPC_    gavis velas
	tribunal.esm        NPC_    gee-pop varis
	tribunal.esm        NPC_    granny varis
	tribunal.esm        NPC_    guard_highord_attack
	tribunal.esm        NPC_    ignatius_flaccus
	tribunal.esm        NPC_    ignatius_flaccus2
	tribunal.esm        NPC_    ilnori_faustus
	tribunal.esm        NPC_    milvela dralen
	tribunal.esm        NPC_    narisa adus
	tribunal.esm        NPC_    narissa adus
	tribunal.esm        NPC_    olvyne dobar
	tribunal.esm        NPC_    ordinator_mh_sadri
	tribunal.esm        NPC_    ordinator_mh_stationary
	tribunal.esm        NPC_    ordinator_mh_th_uni
	tribunal.esm        NPC_    ordinator_mournhold
	tribunal.esm        NPC_    ovis velas
	tribunal.esm        NPC_    ravani llethan
	tribunal.esm        NPC_    salas valor
	tribunal.esm        NPC_    sendel tedas
	tribunal.esm        NPC_    trels varis
	tribunal.esm        NPC_    urvel dulni
	tribunal.esm        NPC_    veros nerethi
	wares-base.esm      LEVI    aa_loot_bard
	wares-base.esm      LEVI    aa_loot_battlmag
	wares-base.esm      LEVI    aa_loot_corpse_mage
	wares-base.esm      LEVI    aa_loot_enchant
	wares-base.esm      LEVI    aa_loot_heal
	wares-base.esm      LEVI    aa_loot_mage
	wares-base.esm      LEVI    aa_loot_necro
	wares-base.esm      LEVI    aa_loot_nitbla
	wares-base.esm      LEVI    aa_loot_priest
	wares-base.esm      LEVI    aa_loot_shamn
	wares-base.esm      LEVI    aa_loot_sorc
	wares-base.esm      LEVI    aa_loot_splswo
	wares-base.esm      LEVI    aa_loot_warlk
	wares-base.esm      LEVI    aa_loot_whuntr
	wares-base.esm      LEVI    aa_loot_witch
