LuceEdit - Guild of Vampire Hunters.ESP: DUP-INF DUP-REC MENUMOD MISSVER OVR-REC
    [MENUMOD] Scripts not checking menumode:
	SCPT(GoVH_disableIminda)
	SCPT(GoVH_disableOdmi)
	SCPT(GoVH_disableTicemius)
	SCPT(GoVH_disableToranu)
    [OVR-REC] Overridden Records:
	From Master         Type    Name
	bloodmoon.esm       DIAL    greeting 4
	morrowind.esm       BODY    a_studdedleather_cuirass
	morrowind.esm       DIAL    vampire dust
	morrowind.esm       DIAL    work
	morrowind.esm       LEVI    l_n_armor_boots
	morrowind.esm       LEVI    l_n_armor_bracers
	morrowind.esm       LEVI    l_n_armor_greaves
	morrowind.esm       LEVI    l_n_armor_pauldron
	morrowind.esm       LEVI    random_imp_armor
	morrowind.esm       NPC_    chargen boat guard 2
	morrowind.esm       NPC_    crottus cedus
	morrowind.esm       NPC_    dangor
	morrowind.esm       NPC_    hingor
	morrowind.esm       NPC_    hrisskar flat-foot
	morrowind.esm       NPC_    iminda
	morrowind.esm       NPC_    irarak
	morrowind.esm       NPC_    marara
	morrowind.esm       NPC_    mastrius
	morrowind.esm       NPC_    merta
	morrowind.esm       NPC_    odmi
	morrowind.esm       NPC_    shamob gro-shatub
	morrowind.esm       NPC_    ticemius conciatius
	morrowind.esm       NPC_    toranu rothalnim
	tribunal.esm        DIAL    background
	tribunal.esm        DIAL    greeting 5
	tribunal.esm        DIAL    latest rumors
	tribunal.esm        NPC_    melur savil

[DUP-INF]: ID=11717152511707620247(Topic:latest rumors)
  |DATA|ANAM:Vivec, St. Olms|NAME:Poor Moroni Uvelas. Her husband hasn't been home in days, and she's worried about him. No telling what that no-good man is doing.|SCVR:04JX0EB_DeadMen|INTV:|SCVR:1CsX0NoLore|INTV:|BNAM:Journal "EB_DeadMen" 10

[DUP-INF]: ID=19688155412090520273(Topic:latest rumors)
  |DATA|ONAM:meril hlaano|NAME:House Redoran's in trouble. Hlaalu's got all the ebony trade, Telvanni are grabbing land right and left. I hear Bolvyn Venim is sleeping with Fathasa Llethri, and Garisa won't do anything about it. A Redoran in Vivec refused to show up for a duel the other day. House Redoran isn't what it used to be, that's for sure.|SCVR:34JX4HR_HlaanoSlanders|INTV: 
