Magistrate Uvirith Revamped.esp: DUP-REC JUNKCEL MENUMOD OVR-REC
    [MENUMOD] Scripts not checking menumode:
	SCPT(WeatherCrystalScript)
	SCPT(_FF_Control_1)
	SCPT(_FF_Control_2)
	SCPT(_R7FG)
	SCPT(_R7MG)
	SCPT(_R7MG_RePos)
	SCPT(_R7TG)
	SCPT(_R7TV)
	SCPT(_R8FG)
	SCPT(_R8MG)
	SCPT(_R8TG)
	SCPT(_R8TV)
	SCPT(_R9FG)
	SCPT(_R9FG_Unlock)
	SCPT(_R9IL)
	SCPT(_R9MG)
	SCPT(_R9MG_Hide)
	SCPT(_R9TG)
	SCPT(_R9TV)
	SCPT(_R9TV_Hide)
    [JUNKCEL] Junk Cells:                        Flags
	Molag Mar Region (11, 1)                 0x02
    [DUP-REC] Duplicate Records:
	From Master         Type    Name
	morrowind.esm       ACTI    active_de_p_bed_15
    [OVR-REC] Overridden Records:
	From Master         Type    Name
	morrowind.esm       BODY    a_silver_cuirass
	morrowind.esm       BODY    a_steel_boot_a
	morrowind.esm       BODY    a_steel_boot_f
	morrowind.esm       BODY    a_steel_cuirass
	morrowind.esm       BODY    a_steel_gauntlet
	morrowind.esm       BODY    a_steel_gauntlet.1st
	morrowind.esm       BODY    a_steel_greaves_g
	morrowind.esm       BODY    a_steel_greaves_k
	morrowind.esm       BODY    a_steel_greaves_ul
	morrowind.esm       BODY    a_steel_helmet
	morrowind.esm       BODY    a_steel_pauldron_fa
	morrowind.esm       BODY    a_steel_pauldron_ua
	morrowind.esm       BODY    a_templar_greaves_g
	morrowind.esm       BODY    a_templar_greaves_k
	morrowind.esm       BODY    a_templar_greaves_ul
	morrowind.esm       BODY    a_templar_m_a_boot
	morrowind.esm       BODY    a_templar_m_cl_pauldron
	morrowind.esm       BODY    a_templar_m_f_boot
	morrowind.esm       BODY    a_templar_m_w_bracer
	morrowind.esm       BODY    a_templar_pauldron_fa
	morrowind.esm       BODY    a_templar_pauldron_ua
	morrowind.esm       BODY    shield_steel
	morrowind.esm       BODY    templar_chest
	morrowind.esm       BODY    templar_helmet
	morrowind.esm       LAND    (10, 0)
	morrowind.esm       LAND    (10, 1)
	morrowind.esm       LTEX    ac_darkstone_grass
	morrowind.esm       LTEX    al_ash_01
	morrowind.esm       LTEX    al_ash_02
	morrowind.esm       LTEX    al_ash_03
	morrowind.esm       LTEX    al_ash_04
	morrowind.esm       LTEX    al_road_01
	morrowind.esm       LTEX    ma_crackedearth
	morrowind.esm       LTEX    ma_lava03
	morrowind.esm       LTEX    ma_lava06
	morrowind.esm       LTEX    ma_lavaflow
	morrowind.esm       LTEX    ma_lavarock
	morrowind.esm       LTEX    ma_rock04
	morrowind.esm       LTEX    ma_sulphur_rock01
	morrowind.esm       LTEX    ma_sulphur_rock02
	morrowind.esm       LTEX    rm_whiterock
	morrowind.esm       LTEX    tx_bc_grass.tga
	morrowind.esm       LTEX    tx_bc_moss.tga
	tribunal.esm        LTEX    rm_grayrock
	tribunal.esm        LTEX    rm_rock_01
