MagickaCostAdjustments _CEAdjust.ESP: DUP-REC MISSDSC MISSVER OVR-REC
    [OVR-REC] Overridden Records:
	From Master         Type    Name
	bloodmoon.esm       MGEF    64
	morrowind.esm       GMST    fenchantmentconstantdurationmult
	morrowind.esm       MGEF    1
	morrowind.esm       MGEF    19
	morrowind.esm       MGEF    24
	morrowind.esm       MGEF    27
	morrowind.esm       MGEF    32
	morrowind.esm       MGEF    33
	morrowind.esm       MGEF    34
	morrowind.esm       MGEF    37
	morrowind.esm       MGEF    38
	morrowind.esm       MGEF    4
	morrowind.esm       MGEF    44
	morrowind.esm       MGEF    53
	morrowind.esm       MGEF    57
	morrowind.esm       MGEF    6
	morrowind.esm       MGEF    65
	morrowind.esm       MGEF    66
	morrowind.esm       MGEF    7
	morrowind.esm       MGEF    8
	morrowind.esm       MGEF    9
