Mainland Imports.ESP: DUP-REC MASTERS MISSAUT MISSDSC MISSVER OVR-REC
    MASTERS: out of sync with the masters installed in your Data Files directory:
	Tamriel_Data.esm             7824672 (plugin)   11064795 (installed size)
    [OVR-REC] Overridden Records:
	From Master         Type    Name
	morrowind.esm       LEVC    ex_ascadianisles_lev+0
	morrowind.esm       LEVC    ex_ascadianisles_lev+2
	morrowind.esm       LEVC    ex_ascadianisles_lev-1
	morrowind.esm       LEVC    ex_ascadianisles_sleep
	morrowind.esm       LEVC    ex_azurascoast_lev+0
	morrowind.esm       LEVC    ex_azurascoast_lev+2
	morrowind.esm       LEVC    ex_azurascoast_lev-1
	morrowind.esm       LEVC    ex_azurascoast_sleep
	morrowind.esm       LEVC    ex_bittercoast_lev+0
	morrowind.esm       LEVC    ex_bittercoast_lev+2
	morrowind.esm       LEVC    ex_bittercoast_lev-1
	morrowind.esm       LEVC    ex_bittercoast_sleep
	morrowind.esm       LEVC    ex_grazelands_lev+0
	morrowind.esm       LEVC    ex_grazelands_lev+2
	morrowind.esm       LEVC    ex_grazelands_lev-1
	morrowind.esm       LEVC    ex_grazelands_sleep
	morrowind.esm       LEVC    ex_molagmar_lev+0
	morrowind.esm       LEVC    ex_molagmar_lev+2
	morrowind.esm       LEVC    ex_molagmar_lev-1
	morrowind.esm       LEVC    ex_molagmar_sleep
	morrowind.esm       LEVC    ex_sheogorad_lev+0
	morrowind.esm       LEVC    ex_sheogorad_lev+2
	morrowind.esm       LEVC    ex_sheogorad_lev-1
	morrowind.esm       LEVC    ex_sheogorad_sleep
	morrowind.esm       LEVC    ex_shore_all_lev+0
	morrowind.esm       LEVC    ex_shore_all_lev+2
	morrowind.esm       LEVC    ex_shore_all_lev-2
	morrowind.esm       LEVC    ex_shore_mudcrab
	morrowind.esm       LEVC    ex_westgash_sleep
	morrowind.esm       LEVC    ex_wild_all_lev+0
	morrowind.esm       LEVC    ex_wild_all_lev+2
	morrowind.esm       LEVC    ex_wild_all_lev-1
	morrowind.esm       LEVC    ex_wild_all_sleep
	morrowind.esm       LEVC    h2o_all_lev+0
	morrowind.esm       LEVC    h2o_all_lev+2
	morrowind.esm       LEVC    h2o_all_lev-2
	morrowind.esm       LEVC    in_cave_all_lev+0
	morrowind.esm       LEVC    in_cave_all_lev+2
	morrowind.esm       LEVC    in_cave_all_lev-1
	morrowind.esm       LEVC    in_dae_all_lev+0
	morrowind.esm       LEVC    in_dae_all_lev+2
	morrowind.esm       LEVC    in_dae_all_lev-2
	morrowind.esm       LEVC    in_dae_clanfear_lev+0
	morrowind.esm       LEVC    in_dae_clanfear_lev+2
	morrowind.esm       LEVC    in_dae_clanfear_lev-2
	morrowind.esm       LEVC    in_dae_dremora_lev+0
	morrowind.esm       LEVC    in_dae_dremora_lev+2
	morrowind.esm       LEVC    in_dae_dremora_lev-2
	morrowind.esm       LEVC    in_dwe_all_lev+0
	morrowind.esm       LEVC    in_dwe_all_lev+2
	morrowind.esm       LEVC    in_dwe_all_lev-2
	morrowind.esm       LEVC    in_dwe_cent_lev+0
	morrowind.esm       LEVC    in_dwe_cent_lev+2
	morrowind.esm       LEVC    in_dwe_cent_lev-2
	morrowind.esm       NPC_    addhiranirr
	morrowind.esm       NPC_    athyn sarethi
	morrowind.esm       NPC_    blatta hateria
	morrowind.esm       NPC_    brara morvayn
	morrowind.esm       NPC_    crassius curio
	morrowind.esm       NPC_    crazy_batou
	morrowind.esm       NPC_    danso indules
	morrowind.esm       NPC_    dram bero
	morrowind.esm       NPC_    dutadalk
	morrowind.esm       NPC_    endryn llethan
	morrowind.esm       NPC_    falura llervu
	morrowind.esm       NPC_    garisa llethri
	morrowind.esm       NPC_    gilvas barelo
	morrowind.esm       NPC_    han-ammu
	morrowind.esm       NPC_    hasphat antabolis
	morrowind.esm       NPC_    hassour zainsubani
	morrowind.esm       NPC_    hlaren ramoran
	morrowind.esm       NPC_    huleeya
	morrowind.esm       NPC_    kaushad
	morrowind.esm       NPC_    kausi
	morrowind.esm       NPC_    manirai
	morrowind.esm       NPC_    miner arobar
	morrowind.esm       NPC_    nevena ules
	morrowind.esm       NPC_    nibani maesa
	morrowind.esm       NPC_    raesa pullia
	morrowind.esm       NPC_    sharn gra-muzgob
	morrowind.esm       NPC_    sinnammu mirpal
	morrowind.esm       NPC_    sonummu zabamat
	morrowind.esm       NPC_    sul-matuul
	morrowind.esm       NPC_    tholer saryoni
	morrowind.esm       NPC_    velanda omani
	morrowind.esm       NPC_    yantus
	morrowind.esm       NPC_    zabamund
