MainlandCarriages.ESP: DUP-REC MASTERS MISSVER OVR-REC
    MASTERS: out of sync with the masters installed in your Data Files directory:
	Tamriel_Data.esm             8787443 (plugin)   11064795 (installed size)
	TR_Mainland.esm            131296817 (plugin)  163244128 (installed size)
    [DUP-REC] Duplicate Records:
	From Master         Type    Name
	tamriel_data.esm    STAT    t_de_set_wagon_01
	tamriel_data.esm    STAT    t_de_set_wagon_02
	tamriel_data.esm    STAT    t_de_setind_x_rickshaw_01
    [OVR-REC] Overridden Records:
	From Master         Type    Name
	tamriel_data.esm    CREA    t_cyr_fau_hrssadl_01
	tamriel_data.esm    CREA    t_cyr_fau_hrssadl_02
	tamriel_data.esm    CREA    t_cyr_fau_hrssadl_03
	tamriel_data.esm    CREA    t_cyr_fau_hrssadlst_01
	tamriel_data.esm    CREA    t_cyr_fau_hrssadlst_02
	tamriel_data.esm    CREA    t_cyr_fau_hrssadlst_03
	tamriel_data.esm    CREA    t_cyr_fau_hrsst_01
	tamriel_data.esm    CREA    t_sky_fau_hrsct_03
	tamriel_data.esm    CREA    t_sky_fau_hrsct_04
	tr_mainland.esm     DIAL    carriage
	tr_mainland.esm     DIAL    destination
	tribunal.esm        DIAL    background
	tribunal.esm        DIAL    greeting 1
	tribunal.esm        DIAL    latest rumors
	tribunal.esm        DIAL    little advice
	tribunal.esm        DIAL    little secret
	tribunal.esm        DIAL    my trade
