MaiqMainland_3287931502.esp: DUP-REC MASTERS MENUMOD MISSAUT MISSVER OVR-REC
    MASTERS: out of sync with the masters installed in your Data Files directory:
	Tamriel_Data.esm             7802623 (plugin)   11064795 (installed size)
	TR_Mainland.esm            131091494 (plugin)  163244128 (installed size)
    [MENUMOD] Scripts not checking menumode:
	SCPT(maiq_Mainland_script_fake)
    [OVR-REC] Overridden Records:
	From Master         Type    Name
	bloodmoon.esm       DIAL    solstheim
	bloodmoon.esm       DIAL    werewolves
	morrowind.esm       DIAL    bonelord
	morrowind.esm       DIAL    daedric
	morrowind.esm       DIAL    emperor crab
	morrowind.esm       DIAL    mouth
	morrowind.esm       DIAL    multiplayer
	tamriel_data.esm    DIAL    breton
	tamriel_data.esm    DIAL    nine divines
	tamriel_data.esm    DIAL    skyrim
	tamriel_data.esm    DIAL    zenithar
	tr_mainland.esm     DIAL    balmora
	tr_mainland.esm     DIAL    mainland
	tr_mainland.esm     DIAL    old ebonheart
	tr_mainland.esm     DIAL    saints
	tr_mainland.esm     DIAL    seyda neen
	tr_mainland.esm     DIAL    slavery
	tribunal.esm        DIAL    almalexia
	tribunal.esm        DIAL    greeting 1
