Master Project.ESP: CELL00 DUP-REC FOGBUG JUNKCEL MISSAUT MISSDSC MISSVER MOD-INF OVR-REC
    [CELL00]: Refcount of CELL == 155
    [FOGBUG]: Cells with zero fog density setting:
	Caldera, Wizard's Estate, Undercroft
    [JUNKCEL] Junk Cells:                        Flags
	Ascadian Isles Region (-4, -4)           0x02
	Grazelands Region (8, 14)                0x02
	Molag Mar Region (0, -3)                 0x02
    [DUP-REC] Duplicate Records:
	From Master         Type    Name
	bloodmoon.esm       ACTI    active_de_bedroll
	bloodmoon.esm       APPA    apparatus_a_spipe_01
	bloodmoon.esm       ARMO    bm bear helmet
	bloodmoon.esm       BOOK    bk_houseoftroubles_o
	bloodmoon.esm       BOOK    sc_paper plain
	bloodmoon.esm       CLOT    bm_nordic01_robe
	bloodmoon.esm       CONT    barrel_01_arrows
	bloodmoon.esm       CONT    barrel_01_drinks
	bloodmoon.esm       CONT    barrel_01_drinks_nord
	bloodmoon.esm       CONT    barrel_01_pos
	bloodmoon.esm       CONT    barrel_01_random_pos
	bloodmoon.esm       CONT    barrel_02
	bloodmoon.esm       CONT    bm_contain_corpse_01
	bloodmoon.esm       CONT    bm_nordictomb_01
	bloodmoon.esm       CONT    bm_nordictomb_02
	bloodmoon.esm       CONT    chest_small_01_gold_ran
	bloodmoon.esm       CONT    chest_small_01_goldr500
	bloodmoon.esm       CONT    com_basket_01_food
	bloodmoon.esm       CONT    com_chest_01_imp_arms
	bloodmoon.esm       CONT    com_chest_01_pos
	bloodmoon.esm       CONT    com_chest_02_pos
	bloodmoon.esm       CONT    com_chest_02_v_trader03
	bloodmoon.esm       CONT    com_cupboard_01_pos
	bloodmoon.esm       CONT    com_sack_01_chpfood5
	bloodmoon.esm       CONT    com_sack_01_ingred
	bloodmoon.esm       CONT    com_sack_02_chpfood3
	bloodmoon.esm       CONT    com_sack_02_ingred
	bloodmoon.esm       CONT    com_sack_03_ingredients
	bloodmoon.esm       CONT    contain_corpse20
	bloodmoon.esm       CONT    crate_01_de_mclothes
	bloodmoon.esm       CONT    crate_01_imp_weapons
	bloodmoon.esm       CONT    crate_01_random_pos
	bloodmoon.esm       CONT    crate_02_food
	bloodmoon.esm       CONT    flora_bm_belladonna_01
	bloodmoon.esm       CONT    flora_bm_belladonna_02
	bloodmoon.esm       CONT    flora_bm_belladonna_03
	bloodmoon.esm       CONT    flora_bm_holly_01
	bloodmoon.esm       CONT    urn_01_ingred
	bloodmoon.esm       CONT    urn_03_food
	bloodmoon.esm       CONT    urn_05_food
	bloodmoon.esm       DOOR    bm_ka_door
	bloodmoon.esm       DOOR    ex_colony_door05c_4
	bloodmoon.esm       DOOR    ex_imp_loaddoor_03
	bloodmoon.esm       DOOR    ex_s_door_double
	bloodmoon.esm       DOOR    ex_s_door_double_fixing
	bloodmoon.esm       DOOR    ex_s_door_double_gh
	bloodmoon.esm       DOOR    in_com_traptop_01
	bloodmoon.esm       DOOR    in_impsmall_loaddoor_01
	bloodmoon.esm       DOOR    in_impsmall_trapdoor_01a
	bloodmoon.esm       DOOR    in_thirsk_door_main_1_b
	bloodmoon.esm       DOOR    in_thirsk_door_main_2_b
	bloodmoon.esm       DOOR    in_v_s_trapdoor_01
	bloodmoon.esm       INGR    ingred_emerald_01
	bloodmoon.esm       INGR    ingred_human_meat_01
	bloodmoon.esm       INGR    ingred_moon_sugar_01
	bloodmoon.esm       INGR    ingred_raw_stalhrim_01
	bloodmoon.esm       INGR    ingred_saltrice_01
	bloodmoon.esm       LIGH    bm_ka_bluefire_small
	bloodmoon.esm       LIGH    light_com_candle_01
	bloodmoon.esm       LIGH    light_com_candle_05_64
	bloodmoon.esm       LIGH    light_com_candle_09_128
	bloodmoon.esm       LIGH    light_com_lamp_01
	bloodmoon.esm       LIGH    light_com_lamp_01_175
	bloodmoon.esm       LIGH    light_com_lamp_01_77
	bloodmoon.esm       LIGH    light_com_lantern_01
	bloodmoon.esm       LIGH    light_com_lantern_01_128
	bloodmoon.esm       LIGH    light_com_lantern_01_256
	bloodmoon.esm       LIGH    light_com_sconce_01
	bloodmoon.esm       LIGH    light_logpile_177
	bloodmoon.esm       MISC    misc_com_basket_02
	bloodmoon.esm       MISC    misc_com_bottle_04
	bloodmoon.esm       MISC    misc_com_bottle_05
	bloodmoon.esm       MISC    misc_com_bottle_06
	bloodmoon.esm       MISC    misc_com_bottle_08
	bloodmoon.esm       MISC    misc_com_bottle_12
	bloodmoon.esm       MISC    misc_com_broom_01
	bloodmoon.esm       MISC    misc_com_bucket_01
	bloodmoon.esm       MISC    misc_com_metal_plate_05
	bloodmoon.esm       MISC    misc_com_pitcher_metal_01
	bloodmoon.esm       MISC    misc_com_redware_flask
	bloodmoon.esm       MISC    misc_com_redware_pitcher
	bloodmoon.esm       MISC    misc_com_wood_bowl_02
	bloodmoon.esm       MISC    misc_com_wood_cup_02
	bloodmoon.esm       MISC    misc_com_wood_fork
	bloodmoon.esm       MISC    misc_com_wood_knife
	bloodmoon.esm       MISC    misc_com_wood_spoon_01
	bloodmoon.esm       MISC    misc_de_bellows10
	bloodmoon.esm       MISC    misc_de_bowl_redware_01
	bloodmoon.esm       MISC    misc_de_drum_01
	bloodmoon.esm       MISC    misc_imp_silverware_bowl
	bloodmoon.esm       MISC    misc_imp_silverware_plate_01
	bloodmoon.esm       MISC    misc_imp_silverware_plate_03
	bloodmoon.esm       MISC    misc_quill
	bloodmoon.esm       REPA    repair_journeyman_01
	bloodmoon.esm       REPA    repair_prongs
	bloodmoon.esm       STAT    bm_bearhead_brown
	bloodmoon.esm       STAT    bm_bearhead_red
	bloodmoon.esm       STAT    bm_bearhead_white
	bloodmoon.esm       STAT    bm_misc_skull_griss
	bloodmoon.esm       STAT    bm_wolfhead_black
	bloodmoon.esm       STAT    bm_wolfhead_red
	bloodmoon.esm       STAT    ex_dae_pillar_01
	bloodmoon.esm       STAT    ex_dae_pillar_02
	bloodmoon.esm       STAT    ex_dae_ruin_04
	bloodmoon.esm       STAT    ex_dae_wall_256_04
	bloodmoon.esm       STAT    ex_dae_wall_512_01
	bloodmoon.esm       STAT    ex_dae_wall_512_04
	bloodmoon.esm       STAT    ex_de_shack_plank_03
	bloodmoon.esm       STAT    ex_imp_rubble_07
	bloodmoon.esm       STAT    ex_s_foodhut
	bloodmoon.esm       STAT    ex_s_smith_shed
	bloodmoon.esm       STAT    ex_snow_ledge
	bloodmoon.esm       STAT    flora_bm_grass_01
	bloodmoon.esm       STAT    flora_bm_grass_02
	bloodmoon.esm       STAT    flora_bm_grass_04
	bloodmoon.esm       STAT    flora_bm_shrub_02
	bloodmoon.esm       STAT    flora_bm_shrub_03
	bloodmoon.esm       STAT    flora_bm_treestump_02
	bloodmoon.esm       STAT    flora_root_wg_01
	bloodmoon.esm       STAT    flora_root_wg_03
	bloodmoon.esm       STAT    furn_c_t_warrior_01
	bloodmoon.esm       STAT    furn_chieftains_chair
	bloodmoon.esm       STAT    furn_coals_hot
	bloodmoon.esm       STAT    furn_colony_shelf01
	bloodmoon.esm       STAT    furn_colony_shelf02
	bloodmoon.esm       STAT    furn_colony_shelf06
	bloodmoon.esm       STAT    furn_colony_stonetable01
	bloodmoon.esm       STAT    furn_com_cauldron_02
	bloodmoon.esm       STAT    furn_com_kegstand
	bloodmoon.esm       STAT    furn_com_p_shelf_04
	bloodmoon.esm       STAT    furn_com_rm_stool_01
	bloodmoon.esm       STAT    furn_com_tapestry_02
	bloodmoon.esm       STAT    furn_com_tapestry_04
	bloodmoon.esm       STAT    furn_crate_lid_01
	bloodmoon.esm       STAT    furn_de_bannerpost_01
	bloodmoon.esm       STAT    furn_de_bannerpost_02
	bloodmoon.esm       STAT    furn_de_p_shelf_02
	bloodmoon.esm       STAT    furn_de_rope_03
	bloodmoon.esm       STAT    furn_de_rug_big_01
	bloodmoon.esm       STAT    furn_de_rug_big_04
	bloodmoon.esm       STAT    furn_de_shack_basket_02
	bloodmoon.esm       STAT    furn_de_shack_hook
	bloodmoon.esm       STAT    furn_de_tapestry_01
	bloodmoon.esm       STAT    furn_de_tapestry_07
	bloodmoon.esm       STAT    furn_de_tapestry_08
	bloodmoon.esm       STAT    furn_pedestal
	bloodmoon.esm       STAT    furn_rug_bearskin
	bloodmoon.esm       STAT    furn_rug_redwolf
	bloodmoon.esm       STAT    furn_s_tapestry03
	bloodmoon.esm       STAT    in_c_plain_room_center
	bloodmoon.esm       STAT    in_dae_claw_01
	bloodmoon.esm       STAT    in_dae_mezzanine_edge
	bloodmoon.esm       STAT    in_dae_pillar_tall.max
	bloodmoon.esm       STAT    in_dae_platform_512_01
	bloodmoon.esm       STAT    in_greathall_backwall
	bloodmoon.esm       STAT    in_greathall_pillar
	bloodmoon.esm       STAT    in_moldboulder00
	bloodmoon.esm       STAT    in_nord_fireplace_01
	bloodmoon.esm       STAT    in_s_doorway
	bloodmoon.esm       STAT    in_s_mainhall
	bloodmoon.esm       STAT    in_s_platform
	bloodmoon.esm       STAT    in_thirsk_doorway
	bloodmoon.esm       WEAP    bm huntsman crossbow
	bloodmoon.esm       WEAP    bm ice longsword
	bloodmoon.esm       WEAP    bm ice war axe
	bloodmoon.esm       WEAP    bm nordic silver battleaxe
	bloodmoon.esm       WEAP    bm nordic silver claymore
	bloodmoon.esm       WEAP    bm nordic silver longsword
	bloodmoon.esm       WEAP    daedric dagger
	bloodmoon.esm       WEAP    miner's pick
	bloodmoon.esm       WEAP    silver arrow
	bloodmoon.esm       WEAP    silver claymore
	bloodmoon.esm       WEAP    silver dagger
	bloodmoon.esm       WEAP    silver longsword
	bloodmoon.esm       WEAP    silver spear
	morrowind.esm       ACTI    active_6th_bell_05
	morrowind.esm       ACTI    active_6th_bell_06
	morrowind.esm       ACTI    active_com_bed_05
	morrowind.esm       ACTI    active_com_bed_06
	morrowind.esm       ACTI    active_com_bunk_01
	morrowind.esm       ACTI    active_com_bunk_02
	morrowind.esm       ACTI    active_de_bar_door
	morrowind.esm       ACTI    active_de_bed_29
	morrowind.esm       ACTI    active_de_bed_30
	morrowind.esm       ACTI    active_de_p_bed_03
	morrowind.esm       ACTI    active_de_p_bed_04
	morrowind.esm       ACTI    active_de_p_bed_10
	morrowind.esm       ACTI    active_de_p_bed_11
	morrowind.esm       ACTI    active_de_p_bed_15
	morrowind.esm       ACTI    active_de_pr_bed_08
	morrowind.esm       ACTI    active_de_pr_bed_22
	morrowind.esm       ACTI    active_de_pr_bed_27
	morrowind.esm       ACTI    active_de_r_bed_17
	morrowind.esm       ACTI    chimney_smoke_small
	morrowind.esm       ACTI    ex_vivec_waterfall_01
	morrowind.esm       ACTI    ex_waterfall_mist_s_01
	morrowind.esm       ACTI    furn_shrine_delyn_cure_01
	morrowind.esm       ACTI    furn_shrine_felms_cure_01
	morrowind.esm       ACTI    furn_shrine_llothis_cure_01
	morrowind.esm       ACTI    furn_shrine_meris_cure_01
	morrowind.esm       ACTI    furn_shrine_nerevar_cure_01
	morrowind.esm       ACTI    furn_shrine_olms_cure_01
	morrowind.esm       ACTI    furn_shrine_vivec_cure_01
	morrowind.esm       ACTI    in_lava_1024
	morrowind.esm       ACTI    in_lava_256
	morrowind.esm       ACTI    in_lava_512
	morrowind.esm       ACTI    sound_cave_drip00
	morrowind.esm       ACTI    sound_crystal_chime
	morrowind.esm       ACTI    sound_daedric_chant00
	morrowind.esm       ACTI    sound_haunted00
	morrowind.esm       ALCH    p_chameleon_e
	morrowind.esm       ALCH    p_fortify_strength_q
	morrowind.esm       ALCH    p_jump_b
	morrowind.esm       ALCH    p_levitation_e
	morrowind.esm       ALCH    p_levitation_q
	morrowind.esm       ALCH    p_levitation_s
	morrowind.esm       ALCH    p_paralyze_q
	morrowind.esm       ALCH    p_restore_health_e
	morrowind.esm       ALCH    p_restore_health_s
	morrowind.esm       ALCH    p_restore_intelligence_e
	morrowind.esm       ALCH    p_vintagecomberrybrandy1
	morrowind.esm       ALCH    potion_ancient_brandy
	morrowind.esm       ALCH    potion_comberry_wine_01
	morrowind.esm       ALCH    potion_cyro_brandy_01
	morrowind.esm       ALCH    potion_local_liquor_01
	morrowind.esm       ALCH    potion_skooma_01
	morrowind.esm       APPA    apparatus_a_mortar_01
	morrowind.esm       ARMO    bonemold_armun-an_helm
	morrowind.esm       ARMO    bonemold_chuzei_helm
	morrowind.esm       ARMO    bonemold_founders_helm
	morrowind.esm       ARMO    ebony_closed_helm
	morrowind.esm       ARMO    iron_shield
	morrowind.esm       ARMO    mole_crab_helm
	morrowind.esm       ARMO    morag_tong_helm
	morrowind.esm       ARMO    redoran_master_helm
	morrowind.esm       ARMO    steel_towershield
	morrowind.esm       BOOK    bk_affairsofwizards
	morrowind.esm       BOOK    bk_arcanarestored
	morrowind.esm       BOOK    bk_brothersofdarkness
	morrowind.esm       BOOK    bk_changedones
	morrowind.esm       BOOK    bk_doorsofthespirit
	morrowind.esm       BOOK    bk_eggoftime
	morrowind.esm       BOOK    bk_frontierconquestaccommodat
	morrowind.esm       BOOK    bk_guide_to_vvardenfell
	morrowind.esm       BOOK    bk_istunondescosmology
	morrowind.esm       BOOK    bk_nerevarinenotice
	morrowind.esm       BOOK    bk_onoblivion
	morrowind.esm       BOOK    bk_poisonsong1
	morrowind.esm       BOOK    bk_poisonsong6
	morrowind.esm       BOOK    bk_realbarenziah1
	morrowind.esm       BOOK    bk_reflectionsoncultworship...
	morrowind.esm       BOOK    bk_specialfloraoftamriel
	morrowind.esm       BOOK    bk_vampiresofvvardenfell2
	morrowind.esm       BOOK    bk_varietiesoffaithintheempire
	morrowind.esm       BOOK    bookskill_conjuration1
	morrowind.esm       BOOK    bookskill_conjuration5
	morrowind.esm       BOOK    bookskill_long blade1
	morrowind.esm       BOOK    bookskill_marksman3
	morrowind.esm       BOOK    bookskill_restoration1
	morrowind.esm       BOOK    bookskill_restoration2
	morrowind.esm       BOOK    sc_hellfire
	morrowind.esm       BOOK    sc_icarianflight
	morrowind.esm       BOOK    sc_windform
	morrowind.esm       BOOK    text_paper_roll_01
	morrowind.esm       CLOT    common_robe_01
	morrowind.esm       CLOT    exquisite_robe_01
	morrowind.esm       CLOT    extravagant_robe_01_b
	morrowind.esm       CLOT    extravagant_robe_01_c
	morrowind.esm       CLOT    extravagant_robe_01_r
	morrowind.esm       CLOT    septim ring
	morrowind.esm       CONT    barrel_01_ashyams
	morrowind.esm       CONT    barrel_01_de_pos1
	morrowind.esm       CONT    barrel_01_moonsugar
	morrowind.esm       CONT    barrel_01_saltrice
	morrowind.esm       CONT    barrel_01_torch
	morrowind.esm       CONT    barrel_02_ingred
	morrowind.esm       CONT    barrel_bandit_01
	morrowind.esm       CONT    chest_small_01
	morrowind.esm       CONT    chest_small_01_ingredie
	morrowind.esm       CONT    chest_small_01_tgbb
	morrowind.esm       CONT    chest_small_02_diamonds
	morrowind.esm       CONT    chest_small_02_gems
	morrowind.esm       CONT    chest_small_02_ingfine2
	morrowind.esm       CONT    chest_small_02_ingfine3
	morrowind.esm       CONT    chest_small_02_misc
	morrowind.esm       CONT    chest_small_02_misc01
	morrowind.esm       CONT    chest_tomb_large00
	morrowind.esm       CONT    chest_tomb_large02
	morrowind.esm       CONT    chest_tomb_small01
	morrowind.esm       CONT    com_basket_01_chpfood
	morrowind.esm       CONT    com_basket_01_chpfood5
	morrowind.esm       CONT    com_basket_01_empty
	morrowind.esm       CONT    com_basket_01_falanaamo
	morrowind.esm       CONT    com_basket_01_ingredien
	morrowind.esm       CONT    com_chest_01_misc05
	morrowind.esm       CONT    com_chest_02
	morrowind.esm       CONT    com_chest_02_bc2
	morrowind.esm       CONT    com_chest_02_gold_25
	morrowind.esm       CONT    com_chest_02_tomb_comn
	morrowind.esm       CONT    com_chest_02_tomb_rare
	morrowind.esm       CONT    com_chest_02_v_armor05
	morrowind.esm       CONT    com_chest_02_v_trader01
	morrowind.esm       CONT    com_chest_02_w_ebony
	morrowind.esm       CONT    com_chest_daed_ruin_01
	morrowind.esm       CONT    com_closet_01_expclothe
	morrowind.esm       CONT    com_closet_01_fg
	morrowind.esm       CONT    com_cupboard_01_booze
	morrowind.esm       CONT    com_cupboard_01_glasses
	morrowind.esm       CONT    com_cupboard_01_goblets
	morrowind.esm       CONT    com_cupboard_glasses
	morrowind.esm       CONT    com_cupboard_tankard
	morrowind.esm       CONT    com_cupboard_wood_bowls
	morrowind.esm       CONT    com_drawers_01
	morrowind.esm       CONT    com_drawers_01_expcloth
	morrowind.esm       CONT    com_drawers_01_pos
	morrowind.esm       CONT    com_hutch_01_blue_pots
	morrowind.esm       CONT    com_hutch_01_green_pots
	morrowind.esm       CONT    com_hutch_01_misc
	morrowind.esm       CONT    com_hutch_01_plates
	morrowind.esm       CONT    com_sack_01_moon sugar5
	morrowind.esm       CONT    com_sack_01_rnd_ingr_5
	morrowind.esm       CONT    com_sack_02_gold_05
	morrowind.esm       CONT    com_sack_02_gold_100
	morrowind.esm       CONT    com_sack_02_msugar2
	morrowind.esm       CONT    com_sack_02_saltrice_10
	morrowind.esm       CONT    com_sack_02_thief
	morrowind.esm       CONT    com_sack_03_chpfood5
	morrowind.esm       CONT    com_sack_03_pos
	morrowind.esm       CONT    com_sack_03_saltrice_10
	morrowind.esm       CONT    com_sack_03_wickwheat
	morrowind.esm       CONT    contain_corpse00
	morrowind.esm       CONT    contain_corpse21_mage
	morrowind.esm       CONT    crate_01_armorbonemold_
	morrowind.esm       CONT    crate_01_de_fclothes
	morrowind.esm       CONT    crate_01_de_weapons
	morrowind.esm       CONT    crate_01_eggs
	morrowind.esm       CONT    crate_01_empty
	morrowind.esm       CONT    crate_01_falanaamo
	morrowind.esm       CONT    crate_01_float_ebon
	morrowind.esm       CONT    crate_01_food
	morrowind.esm       CONT    crate_01_moonsugar
	morrowind.esm       CONT    crate_01_moonsugar10
	morrowind.esm       CONT    crate_01_skooma
	morrowind.esm       CONT    crate_02_bottle05_5
	morrowind.esm       CONT    crate_02_de_fclothes
	morrowind.esm       CONT    crate_02_de_mclothes
	morrowind.esm       CONT    crate_02_de_weapons
	morrowind.esm       CONT    crate_02_foodmult
	morrowind.esm       CONT    crate_02_moonsugar
	morrowind.esm       CONT    crate_02_pillows
	morrowind.esm       CONT    crate_02_random_pos
	morrowind.esm       CONT    crate_02_rawglass
	morrowind.esm       CONT    crate_02_torch
	morrowind.esm       CONT    crate__02_skooma2
	morrowind.esm       CONT    crate_bandit_01
	morrowind.esm       CONT    crate_de_dwrv00
	morrowind.esm       CONT    crate_de_dwrv01
	morrowind.esm       CONT    crate_smuggler_01
	morrowind.esm       CONT    de_drawers_02_fclothes4
	morrowind.esm       CONT    de_drawers_02_fclothes9
	morrowind.esm       CONT    de_drawers_02_mcommonde
	morrowind.esm       CONT    de_p_chest_02_ebony1
	morrowind.esm       CONT    de_p_chest_02_empty
	morrowind.esm       CONT    de_p_chest_02_pos3
	morrowind.esm       CONT    de_p_chest_02_pos4
	morrowind.esm       CONT    de_p_chest_02_pos5
	morrowind.esm       CONT    de_p_chest_02_potions
	morrowind.esm       CONT    de_p_closet_02_de_mclot
	morrowind.esm       CONT    de_p_closet_02_gavin
	morrowind.esm       CONT    de_p_desk_01_pos
	morrowind.esm       CONT    de_p_table_01_pos1
	morrowind.esm       CONT    de_p_table_01_pos3
	morrowind.esm       CONT    de_p_table_02
	morrowind.esm       CONT    de_r_chest_01_ord2
	morrowind.esm       CONT    de_r_chest_01_pos
	morrowind.esm       CONT    de_r_chest_01_vault_01
	morrowind.esm       CONT    de_r_chest_01_vault_02
	morrowind.esm       CONT    de_r_closet_01_mcloth03
	morrowind.esm       CONT    de_r_drawers_01_fcloth
	morrowind.esm       CONT    dwrv_barrel00
	morrowind.esm       CONT    dwrv_barrel10
	morrowind.esm       CONT    dwrv_chest00_common
	morrowind.esm       CONT    dwrv_chest10_rare
	morrowind.esm       CONT    dwrv_chest_small
	morrowind.esm       CONT    flora_ash_yam_02
	morrowind.esm       CONT    flora_bc_fern_01
	morrowind.esm       CONT    flora_bc_mushroom_01
	morrowind.esm       CONT    flora_bc_mushroom_02
	morrowind.esm       CONT    flora_bc_mushroom_03
	morrowind.esm       CONT    flora_bc_mushroom_04
	morrowind.esm       CONT    flora_bc_mushroom_05
	morrowind.esm       CONT    flora_bc_mushroom_06
	morrowind.esm       CONT    flora_bc_mushroom_07
	morrowind.esm       CONT    flora_bc_mushroom_08
	morrowind.esm       CONT    flora_bc_podplant_01
	morrowind.esm       CONT    flora_bc_podplant_02
	morrowind.esm       CONT    flora_bc_podplant_03
	morrowind.esm       CONT    flora_bc_podplant_04
	morrowind.esm       CONT    flora_bc_shelffungus_01
	morrowind.esm       CONT    flora_bc_shelffungus_02
	morrowind.esm       CONT    flora_bc_shelffungus_03
	morrowind.esm       CONT    flora_bc_shelffungus_04
	morrowind.esm       CONT    flora_bittergreen_02
	morrowind.esm       CONT    flora_bittergreen_03
	morrowind.esm       CONT    flora_bittergreen_05
	morrowind.esm       CONT    flora_black_anther_01
	morrowind.esm       CONT    flora_black_anther_02
	morrowind.esm       CONT    flora_black_lichen_01
	morrowind.esm       CONT    flora_black_lichen_02
	morrowind.esm       CONT    flora_corkbulb
	morrowind.esm       CONT    flora_fire_fern_01
	morrowind.esm       CONT    flora_fire_fern_02
	morrowind.esm       CONT    flora_fire_fern_03
	morrowind.esm       CONT    flora_gold_kanet_01
	morrowind.esm       CONT    flora_gold_kanet_02
	morrowind.esm       CONT    flora_green_lichen_01
	morrowind.esm       CONT    flora_hackle-lo_01
	morrowind.esm       CONT    flora_heather_01
	morrowind.esm       CONT    flora_kreshweed_02
	morrowind.esm       CONT    flora_kreshweed_03
	morrowind.esm       CONT    flora_marshmerrow_01
	morrowind.esm       CONT    flora_marshmerrow_02
	morrowind.esm       CONT    flora_marshmerrow_03
	morrowind.esm       CONT    flora_red_lichen_02
	morrowind.esm       CONT    flora_rm_scathecraw_01
	morrowind.esm       CONT    flora_rm_scathecraw_02
	morrowind.esm       CONT    flora_saltrice_01
	morrowind.esm       CONT    flora_saltrice_02
	morrowind.esm       CONT    flora_stoneflower_01
	morrowind.esm       CONT    flora_stoneflower_02
	morrowind.esm       CONT    flora_treestump_unique
	morrowind.esm       CONT    flora_wickwheat_01
	morrowind.esm       CONT    flora_wickwheat_02
	morrowind.esm       CONT    flora_wickwheat_03
	morrowind.esm       CONT    flora_wickwheat_04
	morrowind.esm       CONT    flora_willow_flower_01
	morrowind.esm       CONT    flora_willow_flower_02
	morrowind.esm       CONT    kollop_02_pearl
	morrowind.esm       CONT    kollop_03_pearl
	morrowind.esm       CONT    mummy_01
	morrowind.esm       CONT    mummy_02
	morrowind.esm       CONT    mummy_03
	morrowind.esm       CONT    mummy_05
	morrowind.esm       CONT    mummy_06
	morrowind.esm       CONT    rock_diamond_01
	morrowind.esm       CONT    rock_diamond_02
	morrowind.esm       CONT    rock_diamond_04
	morrowind.esm       CONT    rock_diamond_05
	morrowind.esm       CONT    rock_diamond_06
	morrowind.esm       CONT    rock_ebony_02
	morrowind.esm       CONT    rock_glass_01
	morrowind.esm       CONT    rock_glass_02
	morrowind.esm       CONT    rock_glass_03
	morrowind.esm       CONT    rock_glass_04
	morrowind.esm       CONT    rock_glass_05
	morrowind.esm       CONT    tramaroot_03
	morrowind.esm       CONT    tramaroot_04
	morrowind.esm       CONT    tramaroot_05
	morrowind.esm       CONT    urn_01_food
	morrowind.esm       CONT    urn_01_scrolls_01
	morrowind.esm       CONT    urn_02_ingred
	morrowind.esm       CONT    urn_03_ingred
	morrowind.esm       CONT    urn_04_ingred
	morrowind.esm       CONT    urn_05_ingred
	morrowind.esm       CONT    urn_ash00
	morrowind.esm       DOOR    door_cavern_doors00
	morrowind.esm       DOOR    ex_common_door_01
	morrowind.esm       DOOR    ex_t_door_02
	morrowind.esm       DOOR    ex_vivec_grate_01
	morrowind.esm       DOOR    in_c_door_arched
	morrowind.esm       DOOR    in_c_door_wood_square
	morrowind.esm       DOOR    in_com_trapbottom_01
	morrowind.esm       DOOR    in_impsmall_d_hidden_01
	morrowind.esm       DOOR    in_impsmall_door_jail_01
	morrowind.esm       DOOR    in_strong_vaultdoor00
	morrowind.esm       DOOR    in_t_door_small
	morrowind.esm       DOOR    in_t_door_small_load
	morrowind.esm       INGR    food_kwama_egg_02
	morrowind.esm       INGR    ingred_6th_corprusmeat_01
	morrowind.esm       INGR    ingred_6th_corprusmeat_02
	morrowind.esm       INGR    ingred_6th_corprusmeat_03
	morrowind.esm       INGR    ingred_6th_corprusmeat_05
	morrowind.esm       INGR    ingred_6th_corprusmeat_06
	morrowind.esm       INGR    ingred_6th_corprusmeat_07
	morrowind.esm       INGR    ingred_ash_salts_01
	morrowind.esm       INGR    ingred_bittergreen_petals_01
	morrowind.esm       INGR    ingred_coprinus_01
	morrowind.esm       INGR    ingred_dae_cursed_ruby_01
	morrowind.esm       INGR    ingred_diamond_01
	morrowind.esm       INGR    ingred_fire_salts_01
	morrowind.esm       INGR    ingred_ghoul_heart_01
	morrowind.esm       INGR    ingred_gold_kanet_01
	morrowind.esm       INGR    ingred_hackle-lo_leaf_01
	morrowind.esm       INGR    ingred_heather_01
	morrowind.esm       INGR    ingred_marshmerrow_01
	morrowind.esm       INGR    ingred_pearl_01
	morrowind.esm       INGR    ingred_raw_glass_01
	morrowind.esm       INGR    ingred_ruby_01
	morrowind.esm       INGR    ingred_scales_01
	morrowind.esm       INGR    ingred_scuttle_01
	morrowind.esm       INGR    ingred_sload_soap_01
	morrowind.esm       INGR    ingred_stoneflower_petals_01
	morrowind.esm       INGR    ingred_willow_anther_01
	morrowind.esm       LIGH    bc mushroom 128
	morrowind.esm       LIGH    bc mushroom 177
	morrowind.esm       LIGH    bc mushroom 64
	morrowind.esm       LIGH    blue candle bulb_128
	morrowind.esm       LIGH    blue candle bulb_512
	morrowind.esm       LIGH    blue water ref 128
	morrowind.esm       LIGH    blue water ref 512
	morrowind.esm       LIGH    blue_128_pulse
	morrowind.esm       LIGH    blue_256_pulse
	morrowind.esm       LIGH    dark_128
	morrowind.esm       LIGH    dark_177
	morrowind.esm       LIGH    dark_256_d_01
	morrowind.esm       LIGH    dark_64
	morrowind.esm       LIGH    dark_768
	morrowind.esm       LIGH    dark_77
	morrowind.esm       LIGH    flame light_64
	morrowind.esm       LIGH    green light_128
	morrowind.esm       LIGH    lava_light_300
	morrowind.esm       LIGH    light_6th_candle_01
	morrowind.esm       LIGH    light_6th_candle_01_77
	morrowind.esm       LIGH    light_6th_candle_01_off_f
	morrowind.esm       LIGH    light_6th_candle_02_64
	morrowind.esm       LIGH    light_6th_candle_02_77
	morrowind.esm       LIGH    light_6th_candle_06_64
	morrowind.esm       LIGH    light_ashl_lantern_02
	morrowind.esm       LIGH    light_com_candle_02_64
	morrowind.esm       LIGH    light_com_candle_04
	morrowind.esm       LIGH    light_com_candle_04_64
	morrowind.esm       LIGH    light_com_candle_06
	morrowind.esm       LIGH    light_com_candle_06_64
	morrowind.esm       LIGH    light_com_candle_07_128
	morrowind.esm       LIGH    light_com_candle_07_157
	morrowind.esm       LIGH    light_com_candle_07_64
	morrowind.esm       LIGH    light_com_candle_07_77
	morrowind.esm       LIGH    light_com_candle_08
	morrowind.esm       LIGH    light_com_candle_09_64
	morrowind.esm       LIGH    light_com_candle_10_64
	morrowind.esm       LIGH    light_com_candle_13_77
	morrowind.esm       LIGH    light_com_candle_16
	morrowind.esm       LIGH    light_com_candle_16_77
	morrowind.esm       LIGH    light_com_chandelier_01
	morrowind.esm       LIGH    light_com_chandelier_01_128
	morrowind.esm       LIGH    light_com_chandelier_04
	morrowind.esm       LIGH    light_com_lamp_01_177
	morrowind.esm       LIGH    light_com_lamp_02_128
	morrowind.esm       LIGH    light_com_lamp_02_177
	morrowind.esm       LIGH    light_com_lantern_01_77
	morrowind.esm       LIGH    light_com_lantern_01_s
	morrowind.esm       LIGH    light_com_lantern_02
	morrowind.esm       LIGH    light_com_lantern_02_128
	morrowind.esm       LIGH    light_com_lantern_02_177_boat01
	morrowind.esm       LIGH    light_com_rm_chandelier_05
	morrowind.esm       LIGH    light_com_rm_chandelier_05_128
	morrowind.esm       LIGH    light_com_rm_chandelier_05_l
	morrowind.esm       LIGH    light_com_sconce_01_200
	morrowind.esm       LIGH    light_com_sconce_01_77
	morrowind.esm       LIGH    light_com_sconce_02_128
	morrowind.esm       LIGH    light_com_sconce_02_77
	morrowind.esm       LIGH    light_com_torch_01_128
	morrowind.esm       LIGH    light_dae_brazier_320
	morrowind.esm       LIGH    light_dae_censer
	morrowind.esm       LIGH    light_de_candle_01_64
	morrowind.esm       LIGH    light_de_candle_03_64
	morrowind.esm       LIGH    light_de_candle_04_64
	morrowind.esm       LIGH    light_de_candle_05_64
	morrowind.esm       LIGH    light_de_candle_05_77
	morrowind.esm       LIGH    light_de_candle_06_64
	morrowind.esm       LIGH    light_de_candle_07_64
	morrowind.esm       LIGH    light_de_candle_08_64
	morrowind.esm       LIGH    light_de_candle_09
	morrowind.esm       LIGH    light_de_candle_09_64
	morrowind.esm       LIGH    light_de_candle_11_64
	morrowind.esm       LIGH    light_de_candle_12_64
	morrowind.esm       LIGH    light_de_candle_14
	morrowind.esm       LIGH    light_de_candle_15_off
	morrowind.esm       LIGH    light_de_candle_16
	morrowind.esm       LIGH    light_de_candle_16_64
	morrowind.esm       LIGH    light_de_candle_18
	morrowind.esm       LIGH    light_de_candle_18_64
	morrowind.esm       LIGH    light_de_candle_19_64
	morrowind.esm       LIGH    light_de_candle_20
	morrowind.esm       LIGH    light_de_candle_24_static
	morrowind.esm       LIGH    light_de_candle_green_01_off
	morrowind.esm       LIGH    light_de_candle_ivory_01_128
	morrowind.esm       LIGH    light_de_candle_ivory_01_64
	morrowind.esm       LIGH    light_de_candle_red_01_64
	morrowind.esm       LIGH    light_de_lamp_01_128
	morrowind.esm       LIGH    light_de_lamp_01_177
	morrowind.esm       LIGH    light_de_lamp_02_128
	morrowind.esm       LIGH    light_de_lamp_02_77
	morrowind.esm       LIGH    light_de_lamp_03_128
	morrowind.esm       LIGH    light_de_lamp_03_77
	morrowind.esm       LIGH    light_de_lamp_04_128
	morrowind.esm       LIGH    light_de_lamp_05_128
	morrowind.esm       LIGH    light_de_lamp_05_77
	morrowind.esm       LIGH    light_de_lamp_06
	morrowind.esm       LIGH    light_de_lamp_06_177
	morrowind.esm       LIGH    light_de_lantern_01_77
	morrowind.esm       LIGH    light_de_lantern_02-128
	morrowind.esm       LIGH    light_de_lantern_02-177
	morrowind.esm       LIGH    light_de_lantern_03_128
	morrowind.esm       LIGH    light_de_lantern_04_157
	morrowind.esm       LIGH    light_de_lantern_04_177
	morrowind.esm       LIGH    light_de_lantern_04_77
	morrowind.esm       LIGH    light_de_lantern_05_128
	morrowind.esm       LIGH    light_de_lantern_05_128_carry
	morrowind.esm       LIGH    light_de_lantern_05_128_s
	morrowind.esm       LIGH    light_de_lantern_06_128
	morrowind.esm       LIGH    light_de_lantern_06_177
	morrowind.esm       LIGH    light_de_lantern_06_64
	morrowind.esm       LIGH    light_de_lantern_08_177_01
	morrowind.esm       LIGH    light_de_lantern_12_128
	morrowind.esm       LIGH    light_de_lantern_13_128
	morrowind.esm       LIGH    light_de_paper_lantern_01
	morrowind.esm       LIGH    light_de_paper_lantern_01_128
	morrowind.esm       LIGH    light_de_paper_lantern_01_200
	morrowind.esm       LIGH    light_de_paper_lantern_04_177
	morrowind.esm       LIGH    light_de_paper_lantern_128_01
	morrowind.esm       LIGH    light_de_streetlight_01_128
	morrowind.esm       LIGH    light_de_streetlight_01_223
	morrowind.esm       LIGH    light_dwrv_neon00
	morrowind.esm       LIGH    light_dwrv_neon01
	morrowind.esm       LIGH    light_fire_300
	morrowind.esm       LIGH    light_fire_nosmoke_128
	morrowind.esm       LIGH    light_logpile
	morrowind.esm       LIGH    light_logpile10
	morrowind.esm       LIGH    light_logpile_128
	morrowind.esm       LIGH    light_pitfire01
	morrowind.esm       LIGH    light_sconce00_128
	morrowind.esm       LIGH    light_sconce00_200
	morrowind.esm       LIGH    light_sconce10_128
	morrowind.esm       LIGH    light_tikilamp_128
	morrowind.esm       LIGH    light_tikitorch003
	morrowind.esm       LIGH    light_tikitorch00_256
	morrowind.esm       LIGH    light_tikitorch128
	morrowind.esm       LIGH    light_tikitorch_177
	morrowind.esm       LIGH    light_torch_01_128
	morrowind.esm       LIGH    light_velothi_brazier
	morrowind.esm       LIGH    light_velothi_brazier_128
	morrowind.esm       LIGH    light_velothi_brazier_177
	morrowind.esm       LIGH    light_velothi_brazier_77
	morrowind.esm       LIGH    purp_01_128_pulse
	morrowind.esm       LIGH    red_128
	morrowind.esm       LIGH    red_256
	morrowind.esm       LIGH    red_32
	morrowind.esm       LIGH    red_64
	morrowind.esm       LIGH    torch_128
	morrowind.esm       LIGH    torch_157
	morrowind.esm       LIGH    white_128_01
	morrowind.esm       LIGH    yellow_128_01
	morrowind.esm       LIGH    yellow_256_01
	morrowind.esm       LOCK    pick_master
	morrowind.esm       MISC    gold_001
	morrowind.esm       MISC    gold_100
	morrowind.esm       MISC    misc_6th_ash_statue_01
	morrowind.esm       MISC    misc_clothbolt_01
	morrowind.esm       MISC    misc_clothbolt_02
	morrowind.esm       MISC    misc_clothbolt_03
	morrowind.esm       MISC    misc_com_basket_01
	morrowind.esm       MISC    misc_com_iron_ladle
	morrowind.esm       MISC    misc_com_metal_plate_07_uni1
	morrowind.esm       MISC    misc_com_plate_01
	morrowind.esm       MISC    misc_com_plate_02
	morrowind.esm       MISC    misc_com_plate_05
	morrowind.esm       MISC    misc_com_plate_06
	morrowind.esm       MISC    misc_com_plate_07
	morrowind.esm       MISC    misc_com_plate_08
	morrowind.esm       MISC    misc_com_redware_bowl_01
	morrowind.esm       MISC    misc_com_redware_platter
	morrowind.esm       MISC    misc_com_silverware_fork
	morrowind.esm       MISC    misc_com_silverware_knife
	morrowind.esm       MISC    misc_com_silverware_spoon
	morrowind.esm       MISC    misc_com_wood_bowl_01
	morrowind.esm       MISC    misc_com_wood_bowl_03
	morrowind.esm       MISC    misc_de_cloth10
	morrowind.esm       MISC    misc_de_cloth11
	morrowind.esm       MISC    misc_de_fishing_pole
	morrowind.esm       MISC    misc_de_goblet_01
	morrowind.esm       MISC    misc_de_lute_01
	morrowind.esm       MISC    misc_de_lute_01_phat
	morrowind.esm       MISC    misc_de_muck_shovel_01
	morrowind.esm       MISC    misc_de_pot_green_01
	morrowind.esm       MISC    misc_de_pot_redware_01
	morrowind.esm       MISC    misc_de_pot_redware_02
	morrowind.esm       MISC    misc_de_pot_redware_04
	morrowind.esm       MISC    misc_flask_04
	morrowind.esm       MISC    misc_lw_cup
	morrowind.esm       MISC    misc_lw_platter
	morrowind.esm       MISC    misc_rollingpin_01
	morrowind.esm       MISC    misc_skooma_vial
	morrowind.esm       MISC    misc_skull10
	morrowind.esm       MISC    misc_soulgem_common
	morrowind.esm       MISC    misc_soulgem_grand
	morrowind.esm       MISC    misc_soulgem_petty
	morrowind.esm       MISC    misc_spool_01
	morrowind.esm       MISC    misc_uni_pillow_02
	morrowind.esm       PROB    probe_master
	morrowind.esm       STAT    dwrv_mechhead00
	morrowind.esm       STAT    dwrv_mechlhand00
	morrowind.esm       STAT    dwrv_mechrhand00
	morrowind.esm       STAT    dwrv_mechtorso00
	morrowind.esm       STAT    ex_cave_entrance_ma_lava
	morrowind.esm       STAT    ex_cave_entrance_wg_01
	morrowind.esm       STAT    ex_com_dframe_lthus
	morrowind.esm       STAT    ex_common_awning_wood_01
	morrowind.esm       STAT    ex_common_building_02
	morrowind.esm       STAT    ex_common_chimney_tall
	morrowind.esm       STAT    ex_common_dormer_round
	morrowind.esm       STAT    ex_common_dormer_square
	morrowind.esm       STAT    ex_common_entrance_02
	morrowind.esm       STAT    ex_common_house_tall_02
	morrowind.esm       STAT    ex_common_lighthouse
	morrowind.esm       STAT    ex_common_plat_lrg
	morrowind.esm       STAT    ex_common_skywalk_01
	morrowind.esm       STAT    ex_common_tavern_01
	morrowind.esm       STAT    ex_common_tower_thatch
	morrowind.esm       STAT    ex_common_window_01
	morrowind.esm       STAT    ex_common_window_02
	morrowind.esm       STAT    ex_common_window_03
	morrowind.esm       STAT    ex_dae_azura
	morrowind.esm       STAT    ex_dae_claw_02
	morrowind.esm       STAT    ex_dae_pillar_02_ruin
	morrowind.esm       STAT    ex_dae_sheogorath
	morrowind.esm       STAT    ex_dae_wall_512_09
	morrowind.esm       STAT    ex_daed_pillar_claw_01
	morrowind.esm       STAT    ex_de_docks_128
	morrowind.esm       STAT    ex_de_docks_center
	morrowind.esm       STAT    ex_de_docks_centerb
	morrowind.esm       STAT    ex_de_docks_centers
	morrowind.esm       STAT    ex_de_docks_cleat
	morrowind.esm       STAT    ex_de_docks_corner_01
	morrowind.esm       STAT    ex_de_docks_cornersb_01
	morrowind.esm       STAT    ex_de_docks_end
	morrowind.esm       STAT    ex_de_docks_ends
	morrowind.esm       STAT    ex_de_docks_gate
	morrowind.esm       STAT    ex_de_docks_piling
	morrowind.esm       STAT    ex_de_docks_piling_01
	morrowind.esm       STAT    ex_de_docks_pilingb
	morrowind.esm       STAT    ex_de_docks_pilings
	morrowind.esm       STAT    ex_de_docks_steps
	morrowind.esm       STAT    ex_de_docks_steps_01
	morrowind.esm       STAT    ex_de_oar
	morrowind.esm       STAT    ex_de_railing_02
	morrowind.esm       STAT    ex_de_railing_03
	morrowind.esm       STAT    ex_de_railing_04
	morrowind.esm       STAT    ex_de_railing_06
	morrowind.esm       STAT    ex_de_rowboat
	morrowind.esm       STAT    ex_de_scaffold_02a
	morrowind.esm       STAT    ex_de_scaffold_03a
	morrowind.esm       STAT    ex_de_shack_04
	morrowind.esm       STAT    ex_de_shack_05
	morrowind.esm       STAT    ex_de_shack_awning_05
	morrowind.esm       STAT    ex_de_shack_awning_06
	morrowind.esm       STAT    ex_de_shack_plank_01
	morrowind.esm       STAT    ex_de_shack_plank_02
	morrowind.esm       STAT    ex_de_shack_plank_04
	morrowind.esm       STAT    ex_de_shack_steps_01
	morrowind.esm       STAT    ex_de_shipwreck
	morrowind.esm       STAT    ex_drystonewall_c_01
	morrowind.esm       STAT    ex_drystonewall_d_01
	morrowind.esm       STAT    ex_drystonewall_end_01
	morrowind.esm       STAT    ex_drystonewall_s_01
	morrowind.esm       STAT    ex_hlaalu_b_05
	morrowind.esm       STAT    ex_hlaalu_b_07
	morrowind.esm       STAT    ex_hlaalu_buttress_03
	morrowind.esm       STAT    ex_hlaalu_buttress_04
	morrowind.esm       STAT    ex_hlaalu_dsteps_03
	morrowind.esm       STAT    ex_hlaalu_pole_01
	morrowind.esm       STAT    ex_hlaalu_pole_02
	morrowind.esm       STAT    ex_hlaalu_steps_04
	morrowind.esm       STAT    ex_hlaalu_striderport_01
	morrowind.esm       STAT    ex_hlaalu_win_01
	morrowind.esm       STAT    ex_imp_bridge_01
	morrowind.esm       STAT    ex_imp_bridge_02
	morrowind.esm       STAT    ex_imp_dragonstatue
	morrowind.esm       STAT    ex_imp_foundation_01
	morrowind.esm       STAT    ex_imp_gov_arrowlit
	morrowind.esm       STAT    ex_imp_govmansion_donjon
	morrowind.esm       STAT    ex_imp_guardtower_01
	morrowind.esm       STAT    ex_imp_guardtower_02
	morrowind.esm       STAT    ex_imp_kdoorframe_01
	morrowind.esm       STAT    ex_imp_mooring_01
	morrowind.esm       STAT    ex_imp_plat_01
	morrowind.esm       STAT    ex_imp_plaza
	morrowind.esm       STAT    ex_imp_wall_01
	morrowind.esm       STAT    ex_imp_wall_arch_01
	morrowind.esm       STAT    ex_imp_wall_corner_01
	morrowind.esm       STAT    ex_imp_wall_stairs_01
	morrowind.esm       STAT    ex_imp_wall_stairs_03
	morrowind.esm       STAT    ex_imp_wall_stairs_04
	morrowind.esm       STAT    ex_imp_wallent_02
	morrowind.esm       STAT    ex_longboat
	morrowind.esm       STAT    ex_nord_chimney_01
	morrowind.esm       STAT    ex_nord_doorf_01
	morrowind.esm       STAT    ex_nord_doorrocks_01
	morrowind.esm       STAT    ex_nord_house_01
	morrowind.esm       STAT    ex_nord_house_03
	morrowind.esm       STAT    ex_nord_houseshed_01
	morrowind.esm       STAT    ex_nord_well_01
	morrowind.esm       STAT    ex_nord_win_01
	morrowind.esm       STAT    ex_ropebridge_01
	morrowind.esm       STAT    ex_ropebridge_512_01
	morrowind.esm       STAT    ex_skiff
	morrowind.esm       STAT    ex_stronghold_enter00
	morrowind.esm       STAT    ex_stronghold_fort01
	morrowind.esm       STAT    ex_stronghold_pylon00
	morrowind.esm       STAT    ex_stronghold_sandpit00
	morrowind.esm       STAT    ex_stronghold_wall02
	morrowind.esm       STAT    ex_stronghold_window00
	morrowind.esm       STAT    ex_strongholdruin_wall00
	morrowind.esm       STAT    ex_strongholdruin_wall02
	morrowind.esm       STAT    ex_strongruin_enter00
	morrowind.esm       STAT    ex_strongruin_fort00
	morrowind.esm       STAT    ex_strongruin_fort05_half
	morrowind.esm       STAT    ex_t_awning_02
	morrowind.esm       STAT    ex_t_bigroot_02
	morrowind.esm       STAT    ex_t_brace_01
	morrowind.esm       STAT    ex_t_clawgrowth_01
	morrowind.esm       STAT    ex_t_clawgrowth_02
	morrowind.esm       STAT    ex_t_dock_01
	morrowind.esm       STAT    ex_t_doorway_01
	morrowind.esm       STAT    ex_t_dormer_02
	morrowind.esm       STAT    ex_t_gateway_great
	morrowind.esm       STAT    ex_t_hook
	morrowind.esm       STAT    ex_t_housepod_01
	morrowind.esm       STAT    ex_t_housepod_02
	morrowind.esm       STAT    ex_t_housepod_03
	morrowind.esm       STAT    ex_t_housepod_04
	morrowind.esm       STAT    ex_t_manor_02
	morrowind.esm       STAT    ex_t_platform_01
	morrowind.esm       STAT    ex_t_platform_02
	morrowind.esm       STAT    ex_t_pole_hooked
	morrowind.esm       STAT    ex_t_root_01
	morrowind.esm       STAT    ex_t_root_02
	morrowind.esm       STAT    ex_t_root_03
	morrowind.esm       STAT    ex_t_root_04
	morrowind.esm       STAT    ex_t_root_05
	morrowind.esm       STAT    ex_t_root_arch_01
	morrowind.esm       STAT    ex_t_root_bridge_01
	morrowind.esm       STAT    ex_t_root_hook
	morrowind.esm       STAT    ex_t_root_spikes_01
	morrowind.esm       STAT    ex_t_root_stem
	morrowind.esm       STAT    ex_t_root_xl_02
	morrowind.esm       STAT    ex_t_slavemarket
	morrowind.esm       STAT    ex_t_spiralramp
	morrowind.esm       STAT    ex_t_stair_01
	morrowind.esm       STAT    ex_t_stair_spiral
	morrowind.esm       STAT    ex_t_tower_bent
	morrowind.esm       STAT    ex_t_turret_01
	morrowind.esm       STAT    ex_t_turret_02
	morrowind.esm       STAT    ex_t_turret_03
	morrowind.esm       STAT    ex_vivec_ent_b_01
	morrowind.esm       STAT    ex_vivec_g_r_01
	morrowind.esm       STAT    ex_vivec_sbase_01
	morrowind.esm       STAT    ex_vivec_w_01
	morrowind.esm       STAT    ex_vivec_waterspout_02
	morrowind.esm       STAT    ex_vivec_waterspout_03
	morrowind.esm       STAT    ex_wg_cave_entrance_01
	morrowind.esm       STAT    flora_ash_log_01
	morrowind.esm       STAT    flora_ash_log_02
	morrowind.esm       STAT    flora_ashtree_02
	morrowind.esm       STAT    flora_ashtree_04
	morrowind.esm       STAT    flora_ashtree_06
	morrowind.esm       STAT    flora_ashtree_07
	morrowind.esm       STAT    flora_bc_fern_03
	morrowind.esm       STAT    flora_bc_fern_04
	morrowind.esm       STAT    flora_bc_grass_01
	morrowind.esm       STAT    flora_bc_grass_02
	morrowind.esm       STAT    flora_bc_knee_01
	morrowind.esm       STAT    flora_bc_knee_02
	morrowind.esm       STAT    flora_bc_knee_03
	morrowind.esm       STAT    flora_bc_knee_04
	morrowind.esm       STAT    flora_bc_lilypad
	morrowind.esm       STAT    flora_bc_lilypad_02
	morrowind.esm       STAT    flora_bc_lilypad_03
	morrowind.esm       STAT    flora_bc_log_01
	morrowind.esm       STAT    flora_bc_log_02
	morrowind.esm       STAT    flora_bc_moss_01
	morrowind.esm       STAT    flora_bc_moss_03
	morrowind.esm       STAT    flora_bc_moss_04
	morrowind.esm       STAT    flora_bc_moss_05
	morrowind.esm       STAT    flora_bc_moss_07
	morrowind.esm       STAT    flora_bc_moss_09
	morrowind.esm       STAT    flora_bc_moss_14
	morrowind.esm       STAT    flora_bc_tree_01
	morrowind.esm       STAT    flora_bc_tree_02
	morrowind.esm       STAT    flora_bc_tree_10
	morrowind.esm       STAT    flora_bc_tree_11
	morrowind.esm       STAT    flora_bc_tree_12
	morrowind.esm       STAT    flora_bc_tree_13
	morrowind.esm       STAT    flora_bc_vine_03
	morrowind.esm       STAT    flora_bc_vine_06
	morrowind.esm       STAT    flora_bush_01
	morrowind.esm       STAT    flora_emp_parasol_01
	morrowind.esm       STAT    flora_emp_parasol_02
	morrowind.esm       STAT    flora_emp_parasol_03
	morrowind.esm       STAT    flora_grass_01
	morrowind.esm       STAT    flora_grass_02
	morrowind.esm       STAT    flora_grass_03
	morrowind.esm       STAT    flora_grass_04
	morrowind.esm       STAT    flora_ivy_01
	morrowind.esm       STAT    flora_ivy_02
	morrowind.esm       STAT    flora_kelp_01
	morrowind.esm       STAT    flora_kelp_02
	morrowind.esm       STAT    flora_kelp_04
	morrowind.esm       STAT    flora_root_wg_02
	morrowind.esm       STAT    flora_root_wg_04
	morrowind.esm       STAT    flora_t_mushroom_01
	morrowind.esm       STAT    flora_t_podbud_03
	morrowind.esm       STAT    flora_trama_shrub_03
	morrowind.esm       STAT    flora_trama_shrub_04
	morrowind.esm       STAT    flora_tree_ac_01
	morrowind.esm       STAT    flora_tree_ac_02
	morrowind.esm       STAT    flora_tree_ac_03
	morrowind.esm       STAT    flora_tree_ac_04
	morrowind.esm       STAT    flora_tree_ai_02
	morrowind.esm       STAT    flora_tree_ai_03
	morrowind.esm       STAT    flora_tree_gl_01
	morrowind.esm       STAT    flora_tree_gl_02
	morrowind.esm       STAT    flora_tree_gl_03
	morrowind.esm       STAT    flora_tree_gl_04
	morrowind.esm       STAT    flora_tree_gl_05
	morrowind.esm       STAT    flora_tree_gl_06
	morrowind.esm       STAT    flora_tree_gl_07
	morrowind.esm       STAT    flora_tree_gl_08
	morrowind.esm       STAT    flora_tree_gl_10
	morrowind.esm       STAT    flora_tree_wg_01
	morrowind.esm       STAT    flora_tree_wg_03
	morrowind.esm       STAT    flora_tree_wg_04
	morrowind.esm       STAT    flora_tree_wg_05
	morrowind.esm       STAT    flora_tree_wg_06
	morrowind.esm       STAT    flora_tree_wg_07
	morrowind.esm       STAT    furn_6th_ashaltar
	morrowind.esm       STAT    furn_6th_ashpillar
	morrowind.esm       STAT    furn_6th_ashstatue
	morrowind.esm       STAT    furn_6th_banner
	morrowind.esm       STAT    furn_6th_bells
	morrowind.esm       STAT    furn_6th_corprus_plate_01
	morrowind.esm       STAT    furn_6th_corpus_plate_01
	morrowind.esm       STAT    furn_6th_dagothsymbol
	morrowind.esm       STAT    furn_6th_platform
	morrowind.esm       STAT    furn_6th_tallbanner
	morrowind.esm       STAT    furn_6th_troth_01
	morrowind.esm       STAT    furn_6th_troth_02
	morrowind.esm       STAT    furn_anvil00
	morrowind.esm       STAT    furn_ashl_bugbowl
	morrowind.esm       STAT    furn_ashl_bugbowl_01
	morrowind.esm       STAT    furn_ashl_bugbowl_02
	morrowind.esm       STAT    furn_ashl_bugbowl_03
	morrowind.esm       STAT    furn_ashl_chimes_01
	morrowind.esm       STAT    furn_banner_temple_01_indoors
	morrowind.esm       STAT    furn_banner_temple_02_indoors
	morrowind.esm       STAT    furn_banner_temple_03_indoors
	morrowind.esm       STAT    furn_bone_01
	morrowind.esm       STAT    furn_bone_rib_01
	morrowind.esm       STAT    furn_bone_skull_01
	morrowind.esm       STAT    furn_bone_stake00
	morrowind.esm       STAT    furn_burial00
	morrowind.esm       STAT    furn_burial10
	morrowind.esm       STAT    furn_burial20
	morrowind.esm       STAT    furn_c_t_akatosh_01
	morrowind.esm       STAT    furn_c_t_apprentice_01
	morrowind.esm       STAT    furn_c_t_arkay_01
	morrowind.esm       STAT    furn_c_t_dibella_01
	morrowind.esm       STAT    furn_c_t_golem_01
	morrowind.esm       STAT    furn_c_t_julianos_01
	morrowind.esm       STAT    furn_c_t_kynareth_01
	morrowind.esm       STAT    furn_c_t_lady_01
	morrowind.esm       STAT    furn_c_t_lord_01
	morrowind.esm       STAT    furn_c_t_lover_01
	morrowind.esm       STAT    furn_c_t_mara_01
	morrowind.esm       STAT    furn_c_t_ritual_01
	morrowind.esm       STAT    furn_c_t_shadow_01
	morrowind.esm       STAT    furn_c_t_steed_01
	morrowind.esm       STAT    furn_c_t_stendarr_01
	morrowind.esm       STAT    furn_c_t_tower_01
	morrowind.esm       STAT    furn_c_t_wizard_01
	morrowind.esm       STAT    furn_c_t_zenithar_01
	morrowind.esm       STAT    furn_cart00
	morrowind.esm       STAT    furn_coalpile00
	morrowind.esm       STAT    furn_com_cauldron_01
	morrowind.esm       STAT    furn_com_coatofarms_01
	morrowind.esm       STAT    furn_com_coatofarms_02
	morrowind.esm       STAT    furn_com_fence_02
	morrowind.esm       STAT    furn_com_lantern_hook
	morrowind.esm       STAT    furn_com_lantern_hook_02
	morrowind.esm       STAT    furn_com_p_bench_01
	morrowind.esm       STAT    furn_com_p_shelf_03
	morrowind.esm       STAT    furn_com_p_table_01
	morrowind.esm       STAT    furn_com_planter
	morrowind.esm       STAT    furn_com_pm_chair_02
	morrowind.esm       STAT    furn_com_pm_stool_02
	morrowind.esm       STAT    furn_com_r_chair_01
	morrowind.esm       STAT    furn_com_r_table_01
	morrowind.esm       STAT    furn_com_rm_bar_01
	morrowind.esm       STAT    furn_com_rm_bar_02
	morrowind.esm       STAT    furn_com_rm_bar_03
	morrowind.esm       STAT    furn_com_rm_bar_04
	morrowind.esm       STAT    furn_com_rm_bar_05
	morrowind.esm       STAT    furn_com_rm_barstool
	morrowind.esm       STAT    furn_com_rm_bench_02
	morrowind.esm       STAT    furn_com_rm_bookshelf_02
	morrowind.esm       STAT    furn_com_rm_chair_03
	morrowind.esm       STAT    furn_com_rm_shelf_01
	morrowind.esm       STAT    furn_com_rm_shelf_02
	morrowind.esm       STAT    furn_com_rm_table_03
	morrowind.esm       STAT    furn_com_rm_table_04
	morrowind.esm       STAT    furn_com_rm_table_05
	morrowind.esm       STAT    furn_com_rm_winerack
	morrowind.esm       STAT    furn_com_tapestry_01
	morrowind.esm       STAT    furn_com_tapestry_03
	morrowind.esm       STAT    furn_com_tapestry_05
	morrowind.esm       STAT    furn_de_basket_01
	morrowind.esm       STAT    furn_de_cushion_round_01
	morrowind.esm       STAT    furn_de_cushion_round_02
	morrowind.esm       STAT    furn_de_cushion_round_03
	morrowind.esm       STAT    furn_de_cushion_round_04
	morrowind.esm       STAT    furn_de_cushion_round_05
	morrowind.esm       STAT    furn_de_cushion_round_06
	morrowind.esm       STAT    furn_de_cushion_round_07
	morrowind.esm       STAT    furn_de_cushion_square_01
	morrowind.esm       STAT    furn_de_cushion_square_02
	morrowind.esm       STAT    furn_de_cushion_square_03
	morrowind.esm       STAT    furn_de_cushion_square_04
	morrowind.esm       STAT    furn_de_cushion_square_05
	morrowind.esm       STAT    furn_de_cushion_square_06
	morrowind.esm       STAT    furn_de_ex_stool_01
	morrowind.esm       STAT    furn_de_ex_stool_02
	morrowind.esm       STAT    furn_de_ex_table_01
	morrowind.esm       STAT    furn_de_ex_table_02
	morrowind.esm       STAT    furn_de_ex_table_03
	morrowind.esm       STAT    furn_de_firepit
	morrowind.esm       STAT    furn_de_firepit_01
	morrowind.esm       STAT    furn_de_forge_01
	morrowind.esm       STAT    furn_de_kegstand
	morrowind.esm       STAT    furn_de_lecturn
	morrowind.esm       STAT    furn_de_lightpost_01
	morrowind.esm       STAT    furn_de_loom_01
	morrowind.esm       STAT    furn_de_minercave_grill_01
	morrowind.esm       STAT    furn_de_overhang_01
	morrowind.esm       STAT    furn_de_overhang_03
	morrowind.esm       STAT    furn_de_overhang_04
	morrowind.esm       STAT    furn_de_overhang_05
	morrowind.esm       STAT    furn_de_overhang_06
	morrowind.esm       STAT    furn_de_overhang_09
	morrowind.esm       STAT    furn_de_p_bench_03
	morrowind.esm       STAT    furn_de_p_bench_04
	morrowind.esm       STAT    furn_de_p_bookshelf_01
	morrowind.esm       STAT    furn_de_p_chair_02
	morrowind.esm       STAT    furn_de_p_stool_01
	morrowind.esm       STAT    furn_de_p_stool_02
	morrowind.esm       STAT    furn_de_p_table_02
	morrowind.esm       STAT    furn_de_p_table_04
	morrowind.esm       STAT    furn_de_p_table_05
	morrowind.esm       STAT    furn_de_p_table_06
	morrowind.esm       STAT    furn_de_practice_mat
	morrowind.esm       STAT    furn_de_r_bench_01
	morrowind.esm       STAT    furn_de_r_bench_02
	morrowind.esm       STAT    furn_de_r_bookshelf_02
	morrowind.esm       STAT    furn_de_r_chair_03
	morrowind.esm       STAT    furn_de_r_shelf_01
	morrowind.esm       STAT    furn_de_r_table_03
	morrowind.esm       STAT    furn_de_r_table_07
	morrowind.esm       STAT    furn_de_r_table_08
	morrowind.esm       STAT    furn_de_r_table_09
	morrowind.esm       STAT    furn_de_r_wallscreen_01
	morrowind.esm       STAT    furn_de_r_wallscreen_02
	morrowind.esm       STAT    furn_de_r_winerack
	morrowind.esm       STAT    furn_de_railing_04
	morrowind.esm       STAT    furn_de_railing_06
	morrowind.esm       STAT    furn_de_rm_winerack
	morrowind.esm       STAT    furn_de_rope1_01
	morrowind.esm       STAT    furn_de_rope_04
	morrowind.esm       STAT    furn_de_rope_05
	morrowind.esm       STAT    furn_de_rope_06
	morrowind.esm       STAT    furn_de_rope_07
	morrowind.esm       STAT    furn_de_rug_01
	morrowind.esm       STAT    furn_de_rug_02
	morrowind.esm       STAT    furn_de_rug_big_02
	morrowind.esm       STAT    furn_de_rug_big_03
	morrowind.esm       STAT    furn_de_rug_big_05
	morrowind.esm       STAT    furn_de_rug_big_07
	morrowind.esm       STAT    furn_de_rug_big_08
	morrowind.esm       STAT    furn_de_rug_big_09
	morrowind.esm       STAT    furn_de_screen_guar_01
	morrowind.esm       STAT    furn_de_shack_basket_01
	morrowind.esm       STAT    furn_de_shack_post
	morrowind.esm       STAT    furn_de_shrine_rilms_01
	morrowind.esm       STAT    furn_de_table10
	morrowind.esm       STAT    furn_de_tapestry_02
	morrowind.esm       STAT    furn_de_tapestry_03
	morrowind.esm       STAT    furn_de_tapestry_04
	morrowind.esm       STAT    furn_de_tapestry_05
	morrowind.esm       STAT    furn_de_tapestry_06
	morrowind.esm       STAT    furn_de_tapestry_09
	morrowind.esm       STAT    furn_de_tapestry_11
	morrowind.esm       STAT    furn_de_tapestry_12
	morrowind.esm       STAT    furn_de_tapestry_13
	morrowind.esm       STAT    furn_dwrv_bench10
	morrowind.esm       STAT    furn_dwrv_bucket00
	morrowind.esm       STAT    furn_dwrv_fitting00
	morrowind.esm       STAT    furn_dwrv_fitting20
	morrowind.esm       STAT    furn_dwrv_fitting50
	morrowind.esm       STAT    furn_dwrv_stool10
	morrowind.esm       STAT    furn_dwrv_stove10
	morrowind.esm       STAT    furn_dwrv_table10
	morrowind.esm       STAT    furn_dwrv_table20
	morrowind.esm       STAT    furn_ex_ashl_guarskin
	morrowind.esm       STAT    furn_firepit00
	morrowind.esm       STAT    furn_fireplace10
	morrowind.esm       STAT    furn_guarcart00
	morrowind.esm       STAT    furn_hook_01
	morrowind.esm       STAT    furn_imp_altar_01
	morrowind.esm       STAT    furn_imp_metalring
	morrowind.esm       STAT    furn_imp_rubble_ring
	morrowind.esm       STAT    furn_imp_stoneblock_01
	morrowind.esm       STAT    furn_log_01
	morrowind.esm       STAT    furn_log_02
	morrowind.esm       STAT    furn_log_03
	morrowind.esm       STAT    furn_log_04
	morrowind.esm       STAT    furn_mist256
	morrowind.esm       STAT    furn_planter_01
	morrowind.esm       STAT    furn_planter_02
	morrowind.esm       STAT    furn_planter_03
	morrowind.esm       STAT    furn_planter_04
	morrowind.esm       STAT    furn_pottedplant
	morrowind.esm       STAT    furn_practice_dummy
	morrowind.esm       STAT    furn_rail_broke00
	morrowind.esm       STAT    furn_rail_cart00
	morrowind.esm       STAT    furn_rail_elbow00
	morrowind.esm       STAT    furn_rail_end00
	morrowind.esm       STAT    furn_rail_slope00
	morrowind.esm       STAT    furn_rail_straight00
	morrowind.esm       STAT    furn_shrine_nerevar_01
	morrowind.esm       STAT    furn_shrine_tribunal_01
	morrowind.esm       STAT    furn_shrine_veloth_01
	morrowind.esm       STAT    furn_smokestack00
	morrowind.esm       STAT    furn_spinningwheel_01
	morrowind.esm       STAT    furn_spinwheel00
	morrowind.esm       STAT    furn_t_fireplace_01
	morrowind.esm       STAT    furn_uni_spearholder_01
	morrowind.esm       STAT    furn_uni_weaponrack_01
	morrowind.esm       STAT    furn_velothi_altar_01
	morrowind.esm       STAT    furn_velothi_prayer_stool_01
	morrowind.esm       STAT    furn_web00
	morrowind.esm       STAT    furn_web10
	morrowind.esm       STAT    furn_woodbar_01
	morrowind.esm       STAT    in_6th_chalk00
	morrowind.esm       STAT    in_6th_chalk10
	morrowind.esm       STAT    in_6th_chalk30
	morrowind.esm       STAT    in_akulacave00
	morrowind.esm       STAT    in_ar_05
	morrowind.esm       STAT    in_ar_08
	morrowind.esm       STAT    in_ar_10
	morrowind.esm       STAT    in_ashl_tent_banner_01
	morrowind.esm       STAT    in_ashl_tent_banner_02
	morrowind.esm       STAT    in_ashl_tent_banner_04
	morrowind.esm       STAT    in_ashl_tent_banner_06
	morrowind.esm       STAT    in_ashl_tent_banner_07
	morrowind.esm       STAT    in_ashl_tent_banner_11
	morrowind.esm       STAT    in_c_djamb_plain_square
	morrowind.esm       STAT    in_c_doorframe_01
	morrowind.esm       STAT    in_c_pillar_stone
	morrowind.esm       STAT    in_c_pillar_wood
	morrowind.esm       STAT    in_c_pillar_wood_tall
	morrowind.esm       STAT    in_c_plain_room_corner
	morrowind.esm       STAT    in_c_plain_room_entry
	morrowind.esm       STAT    in_c_railing_01
	morrowind.esm       STAT    in_c_rich_r_swin_bay_01
	morrowind.esm       STAT    in_c_rich_room_corner
	morrowind.esm       STAT    in_c_rich_room_entry
	morrowind.esm       STAT    in_c_stair_rich_tall_02
	morrowind.esm       STAT    in_c_stone_room_center
	morrowind.esm       STAT    in_c_stone_room_corner
	morrowind.esm       STAT    in_c_stone_stair_short
	morrowind.esm       STAT    in_c_wall_plain
	morrowind.esm       STAT    in_c_wall_rich
	morrowind.esm       STAT    in_com_wincover_01
	morrowind.esm       STAT    in_common_lighthouse
	morrowind.esm       STAT    in_common_tower_thatch
	morrowind.esm       STAT    in_dae_hall_l_01
	morrowind.esm       STAT    in_dae_platform_stairs
	morrowind.esm       STAT    in_dae_rubble_01a
	morrowind.esm       STAT    in_dae_rubble_01b
	morrowind.esm       STAT    in_dae_rubble_01c
	morrowind.esm       STAT    in_de_shack_02
	morrowind.esm       STAT    in_de_shack_03
	morrowind.esm       STAT    in_hlaalu_hall_stairs
	morrowind.esm       STAT    in_hlaalu_room_center
	morrowind.esm       STAT    in_hlaalu_room_post
	morrowind.esm       STAT    in_imp_fireplace_grand
	morrowind.esm       STAT    in_impbig_4way_01
	morrowind.esm       STAT    in_impbig_blend_01
	morrowind.esm       STAT    in_impbig_wall_01
	morrowind.esm       STAT    in_impsmall_dj_cave_01
	morrowind.esm       STAT    in_impsmall_dj_hidden_01
	morrowind.esm       STAT    in_impsmall_door_jail_01_static
	morrowind.esm       STAT    in_impsmall_doorjam_01
	morrowind.esm       STAT    in_impsmall_hall_01
	morrowind.esm       STAT    in_impsmall_hall_02
	morrowind.esm       STAT    in_impsmall_r_center_01
	morrowind.esm       STAT    in_impsmall_r_pillar_01
	morrowind.esm       STAT    in_impsmall_shutter_01
	morrowind.esm       STAT    in_impsmall_spiral_01
	morrowind.esm       STAT    in_impsmall_spiral_bot_01
	morrowind.esm       STAT    in_impsmall_spiral_end_01
	morrowind.esm       STAT    in_impsmall_stairs_01
	morrowind.esm       STAT    in_impsmall_wall_01
	morrowind.esm       STAT    in_mold_rock_01
	morrowind.esm       STAT    in_mold_rock_02
	morrowind.esm       STAT    in_mold_rock_03
	morrowind.esm       STAT    in_mold_rock_04
	morrowind.esm       STAT    in_mold_rock_05
	morrowind.esm       STAT    in_mold_rock_06
	morrowind.esm       STAT    in_mold_rock_15
	morrowind.esm       STAT    in_mold_rock_16
	morrowind.esm       STAT    in_mold_rock_20
	morrowind.esm       STAT    in_mold_rock_22
	morrowind.esm       STAT    in_mold_rock_24
	morrowind.esm       STAT    in_mold_rock_25
	morrowind.esm       STAT    in_mold_rock_27
	morrowind.esm       STAT    in_mold_rock_28
	morrowind.esm       STAT    in_moldboulder02
	morrowind.esm       STAT    in_moldboulder03
	morrowind.esm       STAT    in_moldboulder04
	morrowind.esm       STAT    in_moldcave2_02
	morrowind.esm       STAT    in_moldcave2_s_03
	morrowind.esm       STAT    in_moldcave2_s_05
	morrowind.esm       STAT    in_moldcave2_s_06
	morrowind.esm       STAT    in_moldcave_05
	morrowind.esm       STAT    in_moldcave_17
	morrowind.esm       STAT    in_moldcave_form00
	morrowind.esm       STAT    in_moldcave_form10
	morrowind.esm       STAT    in_moldcave_form20
	morrowind.esm       STAT    in_moldcave_stal00
	morrowind.esm       STAT    in_moldcave_stal10
	morrowind.esm       STAT    in_moldcave_stal20
	morrowind.esm       STAT    in_moldcave_stal30
	morrowind.esm       STAT    in_moldcave_stal40
	morrowind.esm       STAT    in_moldcave_stal50
	morrowind.esm       STAT    in_mud_rock_01
	morrowind.esm       STAT    in_mud_rock_02
	morrowind.esm       STAT    in_mud_rock_03
	morrowind.esm       STAT    in_mud_rock_04
	morrowind.esm       STAT    in_mud_rock_05
	morrowind.esm       STAT    in_mud_rock_06
	morrowind.esm       STAT    in_mud_rock_07
	morrowind.esm       STAT    in_mud_rock_15
	morrowind.esm       STAT    in_mud_rock_16
	morrowind.esm       STAT    in_mud_rock_19
	morrowind.esm       STAT    in_mud_rock_22
	morrowind.esm       STAT    in_mud_rock_24
	morrowind.esm       STAT    in_mud_rock_25
	morrowind.esm       STAT    in_mudboulder00
	morrowind.esm       STAT    in_mudboulder01
	morrowind.esm       STAT    in_mudboulder02
	morrowind.esm       STAT    in_mudboulder03
	morrowind.esm       STAT    in_mudboulder04
	morrowind.esm       STAT    in_mudboulder05
	morrowind.esm       STAT    in_mudcave2_s_00
	morrowind.esm       STAT    in_mudcave2_s_04
	morrowind.esm       STAT    in_mudcave2_s_05
	morrowind.esm       STAT    in_mudcave2_s_06
	morrowind.esm       STAT    in_mudcave4_00
	morrowind.esm       STAT    in_mudcave_00
	morrowind.esm       STAT    in_mudcave_07
	morrowind.esm       STAT    in_mudcave_15
	morrowind.esm       STAT    in_mudcave_doorway00
	morrowind.esm       STAT    in_mudcave_form00
	morrowind.esm       STAT    in_mudcave_form10
	morrowind.esm       STAT    in_mudcave_form20
	morrowind.esm       STAT    in_mudcave_form30
	morrowind.esm       STAT    in_mudcave_lroom4_01
	morrowind.esm       STAT    in_mudcave_lroom4_02
	morrowind.esm       STAT    in_mudcave_lroom4_04
	morrowind.esm       STAT    in_mudcave_stal00
	morrowind.esm       STAT    in_mudcave_stal10
	morrowind.esm       STAT    in_mudcave_stal20
	morrowind.esm       STAT    in_mudcave_stal30
	morrowind.esm       STAT    in_mudcave_stal40
	morrowind.esm       STAT    in_mudtrans_00
	morrowind.esm       STAT    in_nord_doorf_02
	morrowind.esm       STAT    in_py_rock_01
	morrowind.esm       STAT    in_py_rock_02
	morrowind.esm       STAT    in_py_rock_03
	morrowind.esm       STAT    in_py_rock_04
	morrowind.esm       STAT    in_py_rock_05
	morrowind.esm       STAT    in_py_rock_06
	morrowind.esm       STAT    in_py_rock_10
	morrowind.esm       STAT    in_py_rock_11
	morrowind.esm       STAT    in_py_rock_12
	morrowind.esm       STAT    in_py_rock_13
	morrowind.esm       STAT    in_py_rock_15
	morrowind.esm       STAT    in_py_rock_16
	morrowind.esm       STAT    in_py_rock_17
	morrowind.esm       STAT    in_py_rock_18
	morrowind.esm       STAT    in_py_rock_19
	morrowind.esm       STAT    in_py_rock_20
	morrowind.esm       STAT    in_py_rock_21
	morrowind.esm       STAT    in_py_rock_22
	morrowind.esm       STAT    in_py_rock_23
	morrowind.esm       STAT    in_py_rock_24
	morrowind.esm       STAT    in_py_rock_25
	morrowind.esm       STAT    in_py_rock_26
	morrowind.esm       STAT    in_py_rock_27
	morrowind.esm       STAT    in_py_rock_28
	morrowind.esm       STAT    in_pyboulder00
	morrowind.esm       STAT    in_pyboulder01
	morrowind.esm       STAT    in_pyboulder02
	morrowind.esm       STAT    in_pyboulder03
	morrowind.esm       STAT    in_pyboulder04
	morrowind.esm       STAT    in_pyboulder05
	morrowind.esm       STAT    in_pycave2_06
	morrowind.esm       STAT    in_pycave2_s_01
	morrowind.esm       STAT    in_pycave2_s_04
	morrowind.esm       STAT    in_pycave2_s_05
	morrowind.esm       STAT    in_pycave2_s_end
	morrowind.esm       STAT    in_pycave4_s_00
	morrowind.esm       STAT    in_pycave_05
	morrowind.esm       STAT    in_pycave_06
	morrowind.esm       STAT    in_pycave_09
	morrowind.esm       STAT    in_pycave_10
	morrowind.esm       STAT    in_pycave_11
	morrowind.esm       STAT    in_pycave_15
	morrowind.esm       STAT    in_pycave_16
	morrowind.esm       STAT    in_pycave_19
	morrowind.esm       STAT    in_pycave_21
	morrowind.esm       STAT    in_pycave_21_1
	morrowind.esm       STAT    in_pycave_27
	morrowind.esm       STAT    in_pycave_28_1
	morrowind.esm       STAT    in_pycave_form00
	morrowind.esm       STAT    in_pycave_form10
	morrowind.esm       STAT    in_pycave_form20
	morrowind.esm       STAT    in_pycave_form30
	morrowind.esm       STAT    in_pycave_nat_exit00
	morrowind.esm       STAT    in_pycave_sroom4_05
	morrowind.esm       STAT    in_pycave_stal00
	morrowind.esm       STAT    in_pycave_stal10
	morrowind.esm       STAT    in_pycave_stal20
	morrowind.esm       STAT    in_pycave_stal30
	morrowind.esm       STAT    in_pycave_stal40
	morrowind.esm       STAT    in_pycave_stal50
	morrowind.esm       STAT    in_pytrans_00
	morrowind.esm       STAT    in_r_l_int_bridge_01
	morrowind.esm       STAT    in_r_l_int_bridge_02
	morrowind.esm       STAT    in_r_l_int_entrance_01
	morrowind.esm       STAT    in_r_l_int_lcenter_01
	morrowind.esm       STAT    in_r_l_int_lcolumn_01
	morrowind.esm       STAT    in_r_l_int_lwall_01
	morrowind.esm       STAT    in_r_l_int_partition_01
	morrowind.esm       STAT    in_r_l_int_wall_01
	morrowind.esm       STAT    in_r_l_short_ramp_01
	morrowind.esm       STAT    in_r_s_int_balcony_01
	morrowind.esm       STAT    in_r_s_int_center_01
	morrowind.esm       STAT    in_r_s_int_column_01
	morrowind.esm       STAT    in_r_s_int_entrance_01
	morrowind.esm       STAT    in_r_s_int_lcenter_01
	morrowind.esm       STAT    in_r_s_int_lcolumn_01
	morrowind.esm       STAT    in_r_s_int_lcorner_02
	morrowind.esm       STAT    in_r_s_int_lentrance_01
	morrowind.esm       STAT    in_r_s_int_lentrance_03
	morrowind.esm       STAT    in_r_s_int_lentrance_04
	morrowind.esm       STAT    in_r_s_int_lpartition_01
	morrowind.esm       STAT    in_r_s_int_lplatform_01
	morrowind.esm       STAT    in_r_s_int_partition_01
	morrowind.esm       STAT    in_r_s_int_railing_01
	morrowind.esm       STAT    in_r_s_int_stairs_03
	morrowind.esm       STAT    in_r_s_int_stairs_05
	morrowind.esm       STAT    in_r_s_room_01
	morrowind.esm       STAT    in_redoran_ashpit_01
	morrowind.esm       STAT    in_redoran_l_4way_01
	morrowind.esm       STAT    in_redoran_l_doorjamb_01
	morrowind.esm       STAT    in_strong_balcony10
	morrowind.esm       STAT    in_strong_corr1_00
	morrowind.esm       STAT    in_strong_corr4_02
	morrowind.esm       STAT    in_strong_doorjam00
	morrowind.esm       STAT    in_strong_wall
	morrowind.esm       STAT    in_stronghold_arch00
	morrowind.esm       STAT    in_stronghold_corr2_03
	morrowind.esm       STAT    in_stronghold_corr2_04
	morrowind.esm       STAT    in_stronghold_corr2_07
	morrowind.esm       STAT    in_stronghold_hall02
	morrowind.esm       STAT    in_stronghold_lpill00
	morrowind.esm       STAT    in_stronghold_roofext00
	morrowind.esm       STAT    in_stronghold_stairs00
	morrowind.esm       STAT    in_stronghold_wall10
	morrowind.esm       STAT    in_strongruin2_balcony00
	morrowind.esm       STAT    in_strongruin2_corr2_03
	morrowind.esm       STAT    in_strongruin2_corr4_00
	morrowind.esm       STAT    in_strongruin2_dualpill00
	morrowind.esm       STAT    in_strongruin2_hall00
	morrowind.esm       STAT    in_strongruin2_hall04
	morrowind.esm       STAT    in_strongruin2_ramp10
	morrowind.esm       STAT    in_strongruin2_shutter00
	morrowind.esm       STAT    in_strongruin_corr2_04
	morrowind.esm       STAT    in_strongruin_divider10
	morrowind.esm       STAT    in_strongruin_wall00
	morrowind.esm       STAT    in_t_balconyscreen
	morrowind.esm       STAT    in_t_crystal_01
	morrowind.esm       STAT    in_t_crystal_02
	morrowind.esm       STAT    in_t_doorjamb_hall_small
	morrowind.esm       STAT    in_t_edge_01
	morrowind.esm       STAT    in_t_gatesymbol
	morrowind.esm       STAT    in_t_housepod_pole_02
	morrowind.esm       STAT    in_t_l_room_ceiling
	morrowind.esm       STAT    in_t_l_room_entry
	morrowind.esm       STAT    in_t_l_room_floor
	morrowind.esm       STAT    in_t_l_room_highentry
	morrowind.esm       STAT    in_t_l_room_side
	morrowind.esm       STAT    in_t_platform_01
	morrowind.esm       STAT    in_t_platform_02
	morrowind.esm       STAT    in_t_railing_pole
	morrowind.esm       STAT    in_t_railing_pole_rails
	morrowind.esm       STAT    in_t_root_wrap_01
	morrowind.esm       STAT    in_t_s_djamb_plain
	morrowind.esm       STAT    in_t_s_hall_4way
	morrowind.esm       STAT    in_t_s_hallshaft_cap
	morrowind.esm       STAT    in_t_s_pillar_02
	morrowind.esm       STAT    in_t_s_pillar_04
	morrowind.esm       STAT    in_t_s_plain_hall_plug
	morrowind.esm       STAT    in_t_s_plain_hall_ramp
	morrowind.esm       STAT    in_t_s_room_center
	morrowind.esm       STAT    in_t_s_room_corner
	morrowind.esm       STAT    in_t_s_room_entry
	morrowind.esm       STAT    in_t_s_room_side_01
	morrowind.esm       STAT    in_t_s_shaft_6way
	morrowind.esm       STAT    in_t_s_shaft_elbow_01
	morrowind.esm       STAT    in_t_stairs_wiz_01
	morrowind.esm       STAT    in_t_stairs_wiz_02
	morrowind.esm       STAT    in_t_stairs_wiz_03
	morrowind.esm       STAT    in_v_l_int_column_01
	morrowind.esm       STAT    in_v_l_int_entrance_01
	morrowind.esm       STAT    in_v_l_int_stairs_03
	morrowind.esm       STAT    in_v_s_int_center_01
	morrowind.esm       STAT    in_v_s_int_column_01
	morrowind.esm       STAT    in_v_s_int_corner_01
	morrowind.esm       STAT    in_v_s_int_lcenter_03
	morrowind.esm       STAT    in_v_s_int_lcolumn_01
	morrowind.esm       STAT    in_v_s_int_lpartition_01
	morrowind.esm       STAT    in_velothi_ashpit_01
	morrowind.esm       STAT    in_velothi_ashpit_02
	morrowind.esm       STAT    in_velothi_platform_01
	morrowind.esm       STAT    in_velothilarge_4way_01
	morrowind.esm       STAT    in_velothilarge_connector_01
	morrowind.esm       STAT    in_velothilarge_hall_01
	morrowind.esm       STAT    in_velothilarge_stairs_01
	morrowind.esm       STAT    in_velothismall_4way_01
	morrowind.esm       STAT    in_velothismall_cap_02
	morrowind.esm       STAT    in_velothismall_ceiling_01
	morrowind.esm       STAT    in_velothismall_column_01
	morrowind.esm       STAT    in_velothismall_column_02
	morrowind.esm       STAT    in_velothismall_curve_01
	morrowind.esm       STAT    in_velothismall_dj_01
	morrowind.esm       STAT    in_velothismall_dome_01
	morrowind.esm       STAT    in_velothismall_fresco_01
	morrowind.esm       STAT    in_velothismall_fresco_02
	morrowind.esm       STAT    in_velothismall_hall_01
	morrowind.esm       STAT    in_velothismall_hall_03
	morrowind.esm       STAT    in_velothismall_pit_01
	morrowind.esm       STAT    in_velothismall_pitstep_02
	morrowind.esm       STAT    in_velothismall_rail_01
	morrowind.esm       STAT    in_velothismall_ramp_01
	morrowind.esm       STAT    in_velothismall_room_01
	morrowind.esm       STAT    in_velothismall_room_05
	morrowind.esm       STAT    in_velothismall_room_09
	morrowind.esm       STAT    in_velothismall_stairs_01
	morrowind.esm       STAT    in_velothismall_stairslong_01
	morrowind.esm       STAT    in_velothismall_wall_01
	morrowind.esm       STAT    in_vivec_grate_01
	morrowind.esm       STAT    terrain_ashland_rock_06
	morrowind.esm       STAT    terrain_ashland_rock_09
	morrowind.esm       STAT    terrain_ashland_rock_11
	morrowind.esm       STAT    terrain_ashland_rock_13
	morrowind.esm       STAT    terrain_rock_ac_04
	morrowind.esm       STAT    terrain_rock_ai_04
	morrowind.esm       STAT    terrain_rock_bc_01
	morrowind.esm       STAT    terrain_rock_bc_02
	morrowind.esm       STAT    terrain_rock_bc_03
	morrowind.esm       STAT    terrain_rock_bc_04
	morrowind.esm       STAT    terrain_rock_bc_10
	morrowind.esm       STAT    terrain_rock_bc_13
	morrowind.esm       STAT    terrain_rock_bc_14
	morrowind.esm       STAT    terrain_rock_gl_04
	morrowind.esm       STAT    terrain_rock_gl_11
	morrowind.esm       STAT    terrain_rock_rm_05
	morrowind.esm       STAT    terrain_rock_rm_06
	morrowind.esm       STAT    terrain_rock_rm_13
	morrowind.esm       STAT    terrain_rock_rm_14
	morrowind.esm       STAT    terrain_rock_rm_21
	morrowind.esm       STAT    terrain_rock_rm_23
	morrowind.esm       STAT    terrain_rock_wg_01
	morrowind.esm       STAT    terrain_rock_wg_02
	morrowind.esm       STAT    terrain_rock_wg_04
	morrowind.esm       STAT    terrain_rock_wg_05
	morrowind.esm       STAT    terrain_rock_wg_10
	morrowind.esm       STAT    terrain_rock_wg_14
	morrowind.esm       STAT    terrain_rock_wg_15
	morrowind.esm       STAT    terrain_rock_wg_16
	morrowind.esm       STAT    terrain_rock_wg_17
	morrowind.esm       STAT    terrain_rock_wg_18
	morrowind.esm       STAT    terrain_rocks_gl_01
	morrowind.esm       STAT    terrain_rocks_wg_01
	morrowind.esm       STAT    terrain_rocks_wg_02
	morrowind.esm       STAT    terrain_rocks_wg_03
	morrowind.esm       STAT    terrain_rocks_wg_04
	morrowind.esm       WEAP    6th bell hammer
	morrowind.esm       WEAP    daedric claymore
	morrowind.esm       WEAP    daedric dai-katana
	morrowind.esm       WEAP    daedric longsword
	morrowind.esm       WEAP    daedric wakizashi
	morrowind.esm       WEAP    demon mace
	morrowind.esm       WEAP    dwarven mace
	morrowind.esm       WEAP    fork_horripilation_unique
	morrowind.esm       WEAP    glass dagger
	morrowind.esm       WEAP    glass throwing knife
	morrowind.esm       WEAP    iron dagger
	morrowind.esm       WEAP    iron long spear
	morrowind.esm       WEAP    iron spear
	morrowind.esm       WEAP    nordic claymore
	morrowind.esm       WEAP    steel claymore
	morrowind.esm       WEAP    steel dagger
	morrowind.esm       WEAP    steel dai-katana
	tribunal.esm        ACTI    active_6th_bell_01
	tribunal.esm        ACTI    active_6th_bell_02
	tribunal.esm        ACTI    active_6th_bell_03
	tribunal.esm        ACTI    active_6th_bell_04
	tribunal.esm        ACTI    active_de_r_bed_06
	tribunal.esm        ACTI    active_de_r_bed_18
	tribunal.esm        ACTI    ex_vivec_waterfall_05
	tribunal.esm        ACTI    ex_waterfall_mist_01
	tribunal.esm        ACTI    sound_cave_wind00
	tribunal.esm        ACTI    sound_power_hum
	tribunal.esm        ACTI    sound_temple
	tribunal.esm        ALCH    potion_local_brew_01
	tribunal.esm        ARMO    addamantium_helm
	tribunal.esm        BOOK    bk_bookdawnanddusk
	tribunal.esm        BOOK    bk_childrenofthesky
	tribunal.esm        BOOK    bk_consolationsofprayer
	tribunal.esm        BOOK    bk_firmament
	tribunal.esm        BOOK    bk_graspingfortune
	tribunal.esm        BOOK    bk_houseoftroubles_c
	tribunal.esm        BOOK    bk_legionsofthedead
	tribunal.esm        BOOK    bk_yagrum's_book
	tribunal.esm        CLOT    common_robe_eot
	tribunal.esm        CONT    chest_small_01_gold_50
	tribunal.esm        CONT    chest_small_02_gold_05
	tribunal.esm        CONT    chest_small_02_gold_50
	tribunal.esm        CONT    chest_small_02_ingredie
	tribunal.esm        CONT    chest_small_02_rndgold
	tribunal.esm        CONT    com_basket_01_pos
	tribunal.esm        CONT    com_chest_02_v_trader02
	tribunal.esm        CONT    com_sack_01_saltrice_10
	tribunal.esm        CONT    com_sack_02_pos
	tribunal.esm        CONT    com_sack_gold_05
	tribunal.esm        CONT    crate_01
	tribunal.esm        CONT    crate_01_float1
	tribunal.esm        CONT    crate_01_food_misc01
	tribunal.esm        CONT    crate_02_imp_armor
	tribunal.esm        CONT    de_p_desk_01_pos2
	tribunal.esm        CONT    de_r_chest_01_fcloth1
	tribunal.esm        CONT    de_r_chest_01_gold1
	tribunal.esm        CONT    de_r_chest_01_gold2
	tribunal.esm        CONT    de_r_chest_01_mcloth4
	tribunal.esm        CONT    flora_plant_01
	tribunal.esm        CONT    flora_plant_02
	tribunal.esm        CONT    flora_plant_03
	tribunal.esm        CONT    flora_plant_04
	tribunal.esm        CONT    flora_plant_05
	tribunal.esm        CONT    flora_plant_06
	tribunal.esm        CONT    flora_plant_07
	tribunal.esm        CONT    flora_sedge_01
	tribunal.esm        CONT    flora_sedge_02
	tribunal.esm        CONT    rock_adam_mold15
	tribunal.esm        CONT    rock_adam_mold16
	tribunal.esm        CONT    rock_adam_mold17
	tribunal.esm        CONT    rock_adam_mold18
	tribunal.esm        CONT    rock_adam_mold19
	tribunal.esm        CONT    rock_adam_mold20
	tribunal.esm        CONT    rock_adam_py12
	tribunal.esm        CONT    rock_adam_py13
	tribunal.esm        CONT    urn_02_food
	tribunal.esm        DOOR    door_cavern_doors10
	tribunal.esm        DOOR    ex_cave_door_01
	tribunal.esm        DOOR    ex_de_shack_door
	tribunal.esm        DOOR    ex_h_trapdoor_01
	tribunal.esm        DOOR    ex_imp_loaddoor_02
	tribunal.esm        DOOR    ex_nord_door_01
	tribunal.esm        DOOR    ex_t_door_01
	tribunal.esm        DOOR    ex_velothi_loaddoor_01
	tribunal.esm        DOOR    hlaalu_loaddoor_ 02
	tribunal.esm        DOOR    in_db_door_oval
	tribunal.esm        DOOR    in_h_trapdoor_01
	tribunal.esm        DOOR    in_hlaalu_door
	tribunal.esm        DOOR    in_impsmall_door_01
	tribunal.esm        DOOR    in_mh_door_02
	tribunal.esm        DOOR    in_r_s_door_01
	tribunal.esm        DOOR    in_velothismall_ndoor_01
	tribunal.esm        DOOR    velothi_sewer_door
	tribunal.esm        INGR    ingred_russula_01
	tribunal.esm        INGR    ingred_timsa-come-by_01
	tribunal.esm        LIGH    blue water ref 256
	tribunal.esm        LIGH    green light_256
	tribunal.esm        LIGH    light_com_candle_10_128
	tribunal.esm        LIGH    light_com_torch_01_256
	tribunal.esm        LIGH    light_logpile_burnedout
	tribunal.esm        LIGH    light_om_brazier
	tribunal.esm        LIGH    light_om_censure
	tribunal.esm        LIGH    light_sotha_sparks
	tribunal.esm        LTEX    rm_rock_01
	tribunal.esm        MISC    misc_com_bottle_09
	tribunal.esm        MISC    misc_com_bottle_10
	tribunal.esm        MISC    misc_com_bottle_11
	tribunal.esm        MISC    misc_com_bottle_13
	tribunal.esm        MISC    misc_com_bottle_14
	tribunal.esm        MISC    misc_com_redware_cup
	tribunal.esm        MISC    misc_com_redware_vase
	tribunal.esm        MISC    misc_de_foldedcloth00
	tribunal.esm        MISC    misc_de_pitcher_01
	tribunal.esm        MISC    misc_skull00
	tribunal.esm        MISC    misc_soulgem_greater
	tribunal.esm        MISC    misc_uni_pillow_01
	tribunal.esm        STAT    ex_dae_ruin_platform_01
	tribunal.esm        STAT    ex_dae_ruin_stair01_short
	tribunal.esm        STAT    ex_de_shack_steps
	tribunal.esm        STAT    ex_mh_bazaar_bench_01
	tribunal.esm        STAT    ex_mh_bazaar_stage
	tribunal.esm        STAT    ex_mh_building_02
	tribunal.esm        STAT    ex_mh_lantern_post
	tribunal.esm        STAT    furn_banner_hanger_01
	tribunal.esm        STAT    furn_banner_helseth_01
	tribunal.esm        STAT    furn_banner_helseth_02
	tribunal.esm        STAT    furn_banner_imp_01
	tribunal.esm        STAT    furn_banner_stage_01
	tribunal.esm        STAT    furn_com_r_bookshelf_01
	tribunal.esm        STAT    furn_com_torch_ring_01
	tribunal.esm        STAT    furn_crate_open_01
	tribunal.esm        STAT    furn_de_ex_bench_01
	tribunal.esm        STAT    furn_de_rug_big_06
	tribunal.esm        STAT    furn_de_tapestry_10
	tribunal.esm        STAT    furn_museum_display_01
	tribunal.esm        STAT    furn_museum_display_02
	tribunal.esm        STAT    furn_planter_mh_01
	tribunal.esm        STAT    furn_planter_mh_03
	tribunal.esm        STAT    furn_planter_mh_04
	tribunal.esm        STAT    furn_throne_01
	tribunal.esm        STAT    furn_throne_canopy_01
	tribunal.esm        STAT    in_mh_3way_01
	tribunal.esm        STAT    in_mh_cap_01
	tribunal.esm        STAT    in_mh_int_center_01
	tribunal.esm        STAT    in_mh_int_column_01
	tribunal.esm        STAT    in_mh_int_corner_02
	tribunal.esm        STAT    in_mh_int_corner_03
	tribunal.esm        STAT    in_mh_int_entrance_01
	tribunal.esm        STAT    in_mh_palacewin_01
	tribunal.esm        STAT    in_mh_stairs_01
	tribunal.esm        STAT    in_mh_throne_room_01
	tribunal.esm        STAT    in_mh_wall_01
	tribunal.esm        STAT    in_mh_window_01
	tribunal.esm        STAT    in_mold_rock_07
	tribunal.esm        STAT    in_mold_rock_17
	tribunal.esm        STAT    in_mold_rock_21
	tribunal.esm        STAT    in_mold_rock_26
	tribunal.esm        STAT    in_moldboulder01
	tribunal.esm        STAT    in_moldboulder05
	tribunal.esm        STAT    in_moldcave2_s_00
	tribunal.esm        STAT    in_moldcave2_s_04
	tribunal.esm        STAT    in_moldcave_02
	tribunal.esm        STAT    in_moldcave_08
	tribunal.esm        STAT    in_moldcave_09
	tribunal.esm        STAT    in_moldcave_12
	tribunal.esm        STAT    in_moldtrans_00
	tribunal.esm        STAT    in_mudcave_lroom4_03
	tribunal.esm        STAT    in_om_3way_01
	tribunal.esm        STAT    in_om_casket
	tribunal.esm        STAT    in_om_column14
	tribunal.esm        STAT    in_om_column16
	tribunal.esm        STAT    in_om_connect_01
	tribunal.esm        STAT    in_om_doorjam_03
	tribunal.esm        STAT    in_om_ductcap
	tribunal.esm        STAT    in_om_end
	tribunal.esm        STAT    in_om_pillar
	tribunal.esm        STAT    in_om_plat512
	tribunal.esm        STAT    in_om_platform_s
	tribunal.esm        STAT    in_om_rubble_sm
	tribunal.esm        STAT    in_om_skullpile
	tribunal.esm        STAT    in_om_statue1
	tribunal.esm        STAT    in_om_statue2
	tribunal.esm        STAT    in_om_steps
	tribunal.esm        STAT    in_om_wall_spike
	tribunal.esm        STAT    in_om_wallruin04
	tribunal.esm        STAT    in_py_rock_07
	tribunal.esm        STAT    in_pycave_04
	tribunal.esm        STAT    in_sotha_gear00
	tribunal.esm        STAT    in_sotha_gear03
	tribunal.esm        STAT    in_v_s_int_corner_02
	tribunal.esm        WEAP    adamantium_spear
    [OVR-REC] Overridden Records:
	From Master         Type    Name
	bloodmoon.esm       DOOR    bm_mazegate_02
	bloodmoon.esm       LAND    (-19, 25)
	bloodmoon.esm       LAND    (-20, 25)
	bloodmoon.esm       LTEX    tx_bc_rock_03.tga
	bloodmoon.esm       LTEX    tx_bm_cobblestone_01.dds
	bloodmoon.esm       LTEX    tx_bm_dirt_01.dds
	bloodmoon.esm       LTEX    tx_bm_dirt_snow_01.dds
	bloodmoon.esm       LTEX    tx_bm_grass_dirt_01.dds
	bloodmoon.esm       LTEX    tx_bm_grass_snow_02a.dds
	bloodmoon.esm       LTEX    tx_bm_ice_05.dds
	bloodmoon.esm       LTEX    tx_bm_rock_dirt_01.dds
	bloodmoon.esm       LTEX    tx_bm_rock_snow_03.dds
	bloodmoon.esm       LTEX    tx_bm_snow_01.dds
	bloodmoon.esm       LTEX    tx_bm_snow_02.dds
	bloodmoon.esm       LTEX    tx_bm_snow_03.dds
	bloodmoon.esm       LTEX    tx_bm_snow_05.dds
	bloodmoon.esm       LTEX    wg_road
	morrowind.esm       ARMO    boots_apostle_unique
	morrowind.esm       ARMO    daedric_boots
	morrowind.esm       ARMO    daedric_cuirass
	morrowind.esm       ARMO    daedric_fountain_helm
	morrowind.esm       ARMO    daedric_gauntlet_left
	morrowind.esm       ARMO    daedric_gauntlet_right
	morrowind.esm       ARMO    daedric_god_helm
	morrowind.esm       ARMO    daedric_greaves
	morrowind.esm       ARMO    daedric_pauldron_left
	morrowind.esm       ARMO    daedric_pauldron_right
	morrowind.esm       ARMO    daedric_shield
	morrowind.esm       ARMO    daedric_terrifying_helm
	morrowind.esm       ARMO    daedric_towershield
	morrowind.esm       ARMO    ebony_boots
	morrowind.esm       ARMO    ebony_bracer_left
	morrowind.esm       ARMO    ebony_bracer_left_tgeb
	morrowind.esm       ARMO    ebony_bracer_right
	morrowind.esm       ARMO    ebony_bracer_right_tgeb
	morrowind.esm       ARMO    ebony_cuirass
	morrowind.esm       ARMO    ebony_greaves
	morrowind.esm       ARMO    ebony_pauldron_left
	morrowind.esm       ARMO    ebony_pauldron_right
	morrowind.esm       ARMO    ebony_shield
	morrowind.esm       CONT    dwrv_table00
	morrowind.esm       CREA    guar_pack
	morrowind.esm       LAND    (-1, 1)
	morrowind.esm       LAND    (-1, 2)
	morrowind.esm       LAND    (-2, 2)
	morrowind.esm       LAND    (-3, -2)
	morrowind.esm       LAND    (-3, -3)
	morrowind.esm       LAND    (-4, -2)
	morrowind.esm       LAND    (-4, -3)
	morrowind.esm       LAND    (0, 3)
	morrowind.esm       LAND    (8, 13)
	morrowind.esm       LAND    (9, 13)
	morrowind.esm       LIGH    light_com_candle_03_64
	morrowind.esm       LIGH    light_de_buglamp_01
	morrowind.esm       LIGH    light_de_buglamp_01_64
	morrowind.esm       LTEX    al_ash_01
	morrowind.esm       LTEX    al_ash_02
	morrowind.esm       LTEX    al_ash_03
	morrowind.esm       LTEX    al_road_01
	morrowind.esm       LTEX    daedric stone
	morrowind.esm       LTEX    gl_dirt_01
	morrowind.esm       LTEX    gl_dirt_02
	morrowind.esm       LTEX    gl_dirt_grass_01
	morrowind.esm       LTEX    gl_dirt_grass_02
	morrowind.esm       LTEX    gl_dirtroad
	morrowind.esm       LTEX    gl_grass_01
	morrowind.esm       LTEX    gl_grass_02
	morrowind.esm       LTEX    gl_grass_03
	morrowind.esm       LTEX    gl_grass_04
	morrowind.esm       LTEX    gl_grass_05
	morrowind.esm       LTEX    gl_rock_01
	morrowind.esm       LTEX    gl_rock_02
	morrowind.esm       LTEX    ma_lava02
	morrowind.esm       LTEX    ma_lava04
	morrowind.esm       LTEX    ma_lavaflow
	morrowind.esm       LTEX    ma_rock04
	morrowind.esm       LTEX    rm_redrock
	morrowind.esm       LTEX    rm_whiterock
	morrowind.esm       LTEX    road dirt
	morrowind.esm       LTEX    scrub plain
	morrowind.esm       LTEX    tx_bc_grass.tga
	morrowind.esm       LTEX    tx_bc_muck_01.tga
	morrowind.esm       LTEX    tx_bc_rockyscrub.tga
	morrowind.esm       LTEX    tx_bc_undergrowth.tga
	morrowind.esm       LTEX    tx_rockyscrub_01.tga
	morrowind.esm       LTEX    wg_cobblestones
	morrowind.esm       LTEX    wg_dirtroad_01
	morrowind.esm       LTEX    wg_dirtscrub
	morrowind.esm       LTEX    wg_mainroad_01
	morrowind.esm       LTEX    wg_rock
	morrowind.esm       LTEX    wg_rockydirt
	morrowind.esm       LTEX    wg_rockyscrub
	morrowind.esm       LTEX    wg_scrub plain
	morrowind.esm       NPC_    ardarume
	morrowind.esm       NPC_    hecerinde
	morrowind.esm       NPC_    landorume
	morrowind.esm       NPC_    miun_gei
	morrowind.esm       PGRD    gnisis
	morrowind.esm       RACE    dark elf
	morrowind.esm       RACE    high elf
	morrowind.esm       WEAP    bonemold arrow
	morrowind.esm       WEAP    daedric arrow
	morrowind.esm       WEAP    daedric_crescent_unique
	morrowind.esm       WEAP    glass arrow
	morrowind.esm       WEAP    long bow
	morrowind.esm       WEAP    steel arrow
	tribunal.esm        ARMO    ebony_cuirass_soscean
	tribunal.esm        DIAL    almalexia
	tribunal.esm        INGR    ingred_adamantium_ore_01
	tribunal.esm        LTEX    ai_clover
	tribunal.esm        LTEX    ai_dirt
	tribunal.esm        LTEX    ai_grass
	tribunal.esm        LTEX    ai_grass_02
	tribunal.esm        LTEX    ai_tilled_dirt
	tribunal.esm        LTEX    rm_grayrock

[MOD-INF]: ID=18404305671714828172(Topic:almalexia)
  tribunal.esm------->|DATA|NAME:Farewell.|SCVR:21500|INTV|BNAM:goodbye
  Master Project.ESP->|DATA|NAME:Farewell.|SCVR:21500|INTV|BNAM:goodbye
