MCO.ESP: AUTOSPL DUP-INF DUP-REC FOGBUG JUNKCEL MENUMOD MISSAUT MISSDSC MISSVER MOD-INF OVR-REC
    [AUTOSPL] Auto-calced Spells:
	mboabandoned                   Pain
    [FOGBUG]: Cells with zero fog density setting:
	Hla Oad, Relien Rirne's House
    [MENUMOD] Scripts not checking menumode:
	SCPT(MBOAltBookSC)
	SCPT(MBOBgnrBook)
	SCPT(MBOBookSize)
	SCPT(MBODesBookSC)
	SCPT(MBODisable)
	SCPT(MBODrum)
	SCPT(MBOHealBookSC)
	SCPT(MBOMonkDisappearScript)
	SCPT(MBOSkoomaSK)
	SCPT(MBOSkoomaSK2)
	SCPT(MBOWallArgonian)
	SCPT(MCOAurbisCurse)
	SCPT(MCOFusionScript)
	SCPT(MCOFusionScript2)
	SCPT(MCOHlaOadMysteryKey)
	SCPT(MCOPotionShackTele)
	SCPT(MCORelockScript)
	SCPT(MCOWaderScript)
	SCPT(MCOWaderScript2)
	SCPT(SunSugarScript2222)
	SCPT(shrinePuzzleCanal_m)
    [JUNKCEL] Junk Cells:                        Flags
	Azura's Coast Region (9, -10)            0x02
	Bitter Coast Region (-6, -4)             0x02
	Bitter Coast Region (-7, -5)             0x02
    [DUP-DIAL] Duplicate Dialog Records:
	From Master         Type    Name
	morrowind.esm       DIAL    pilgrimage
    [DUP-REC] Duplicate Records:
	From Master         Type    Name
	bloodmoon.esm       CLOT    bm_ring_hircine
	bloodmoon.esm       CLOT    bm_ring_view
	bloodmoon.esm       INGR    ingred_ash_yam_01
	bloodmoon.esm       INGR    ingred_horker_tusk_01
	bloodmoon.esm       INGR    ingred_moon_sugar_01
	bloodmoon.esm       MISC    misc_com_bucket_01
	bloodmoon.esm       MISC    misc_quill
	bloodmoon.esm       STAT    furn_cliffracer
	bloodmoon.esm       STAT    furn_coals_hot
	bloodmoon.esm       STAT    furn_de_p_shelf_02
	bloodmoon.esm       STAT    furn_s_tapestry02
	bloodmoon.esm       STAT    in_bm_cave2_end
	bloodmoon.esm       STAT    in_bm_cave_18
	bloodmoon.esm       STAT    in_s_platform
	morrowind.esm       ACTI    active_de_bed_29
	morrowind.esm       ACTI    active_de_bed_30
	morrowind.esm       ACTI    in_lava_oval
	morrowind.esm       ACTI    puzzle canal message
	morrowind.esm       ACTI    puzzle canal stairs
	morrowind.esm       ACTI    sound_boat_creak00
	morrowind.esm       ALCH    p_fortify_intelligence_e
	morrowind.esm       ALCH    p_vintagecomberrybrandy1
	morrowind.esm       ALCH    potion_comberry_brandy_01
	morrowind.esm       ALCH    potion_comberry_wine_01
	morrowind.esm       ALCH    potion_cyro_brandy_01
	morrowind.esm       ALCH    potion_cyro_whiskey_01
	morrowind.esm       ALCH    potion_local_liquor_01
	morrowind.esm       APPA    apparatus_a_calcinator_01
	morrowind.esm       BOOK    bk_boethiahpillowbook
	morrowind.esm       BOOK    bk_briefhistoryofwood_01
	morrowind.esm       BOOK    bk_confessions
	morrowind.esm       BOOK    bk_darkestdarkness
	morrowind.esm       BOOK    bk_fishystick
	morrowind.esm       BOOK    bk_guide_to_vivec
	morrowind.esm       BOOK    bk_lustyargonianmaid
	morrowind.esm       BOOK    bk_mysticism
	morrowind.esm       BOOK    bk_ngastakvatakvakis_c
	morrowind.esm       BOOK    bk_note
	morrowind.esm       BOOK    bk_vivecandmephala
	morrowind.esm       BOOK    bookskill_alteration3
	morrowind.esm       BOOK    bookskill_restoration2
	morrowind.esm       CLOT    caius_pants
	morrowind.esm       CLOT    caius_shirt
	morrowind.esm       CLOT    expensive_shirt_hair
	morrowind.esm       CLOT    exquisite_amulet_01
	morrowind.esm       CLOT    exquisite_amulet_hlervu1
	morrowind.esm       CLOT    exquisite_pants_01
	morrowind.esm       CLOT    exquisite_ring_01
	morrowind.esm       CLOT    exquisite_ring_02
	morrowind.esm       CLOT    exquisite_ring_brallion
	morrowind.esm       CLOT    exquisite_ring_processus
	morrowind.esm       CLOT    exquisite_shirt_01
	morrowind.esm       CLOT    exquisite_shirt_01_rasha
	morrowind.esm       CLOT    exquisite_shirt_01_wedding
	morrowind.esm       CLOT    exquisite_skirt_01
	morrowind.esm       CLOT    mandas_locket
	morrowind.esm       CLOT    maras_blouse
	morrowind.esm       CLOT    maras_skirt
	morrowind.esm       CLOT    necromancers_amulet_uniq
	morrowind.esm       CLOT    sarandas_pants_2
	morrowind.esm       CLOT    sarandas_shirt_2
	morrowind.esm       CLOT    therana's skirt
	morrowind.esm       CLOT    thong
	morrowind.esm       CLOT    zenithar_frock
	morrowind.esm       CONT    cavern_spore00
	morrowind.esm       CONT    chest_tomb_large00
	morrowind.esm       CONT    de_p_table_01_pos4
	morrowind.esm       CONT    dwrv_chest_fals
	morrowind.esm       CONT    flora_ash_yam_01
	morrowind.esm       CONT    flora_ash_yam_02
	morrowind.esm       CONT    flora_kreshweed_02
	morrowind.esm       ENCH    will_en
	morrowind.esm       INGR    ingred_bloat_01
	morrowind.esm       INGR    ingred_hound_meat_01
	morrowind.esm       INGR    ingred_muck_01
	morrowind.esm       INGR    ingred_netch_leather_01
	morrowind.esm       LIGH    light_6th_candle_01
	morrowind.esm       LIGH    light_fire_400
	morrowind.esm       LIGH    light_fire_nosmoke
	morrowind.esm       MISC    gold_025
	morrowind.esm       MISC    misc_6th_ash_statue_01
	morrowind.esm       MISC    misc_de_fishing_pole
	morrowind.esm       MISC    misc_inkwell
	morrowind.esm       MISC    misc_uni_pillow_02
	morrowind.esm       NPC_    vistha_kai
	morrowind.esm       STAT    ex_ashl_tent_01
	morrowind.esm       STAT    ex_de_shack_awning_06
	morrowind.esm       STAT    flora_bc_tree_12
	morrowind.esm       STAT    furn_6th_ashpillar
	morrowind.esm       STAT    furn_anvil00
	morrowind.esm       STAT    furn_c_t_akatosh_01
	morrowind.esm       STAT    furn_c_t_wizard_01
	morrowind.esm       STAT    furn_cart00
	morrowind.esm       STAT    furn_coalpile00
	morrowind.esm       STAT    furn_com_p_shelf_03
	morrowind.esm       STAT    furn_com_planter
	morrowind.esm       STAT    furn_com_tapestry_01
	morrowind.esm       STAT    furn_de_bellows_01
	morrowind.esm       STAT    furn_de_ex_stool_01
	morrowind.esm       STAT    furn_de_ex_stool_02
	morrowind.esm       STAT    furn_de_ex_table_03
	morrowind.esm       STAT    furn_de_firepit
	morrowind.esm       STAT    furn_de_r_wallscreen_01
	morrowind.esm       STAT    furn_de_r_wallscreen_02
	morrowind.esm       STAT    furn_de_rug_02
	morrowind.esm       STAT    furn_de_screen_guar_01
	morrowind.esm       STAT    furn_de_shack_basket_01
	morrowind.esm       STAT    furn_de_tapestry_02
	morrowind.esm       STAT    furn_de_tray_01
	morrowind.esm       STAT    furn_dwrv_stove00
	morrowind.esm       STAT    furn_dwrv_stove10
	morrowind.esm       STAT    furn_practice_dummy
	morrowind.esm       STAT    in_ar_01
	morrowind.esm       STAT    in_ar_03
	morrowind.esm       STAT    in_ar_08
	morrowind.esm       STAT    in_ci_01
	morrowind.esm       STAT    in_common_lighthouse
	morrowind.esm       STAT    in_de_shack_05
	morrowind.esm       STAT    in_r_l_int_railing_01
	morrowind.esm       STAT    in_r_s_int_rail_02
	morrowind.esm       STAT    in_v_s_int_lstairs_01
	morrowind.esm       STAT    terrain_bc_scum_01
	tribunal.esm        ACTI    chimney_smoke_green
	tribunal.esm        ALCH    potion_local_brew_01
	tribunal.esm        BOOK    bk_firmament
	tribunal.esm        CLOT    helseth's ring
	tribunal.esm        DOOR    ex_de_shack_door
	tribunal.esm        DOOR    ex_h_trapdoor_01
	tribunal.esm        DOOR    in_de_shack_door
	tribunal.esm        STAT    in_db_front
	tribunal.esm        STAT    in_db_front01
	tribunal.esm        STAT    in_dwe_slate05
	tribunal.esm        STAT    in_om_platform
	tribunal.esm        STAT    in_om_platform_s
	tribunal.esm        STAT    in_om_rock_stairs
	tribunal.esm        STAT    in_om_rubble_sm
	tribunal.esm        STAT    in_om_steps
	tribunal.esm        STAT    in_om_stone_ramp02
	tribunal.esm        STAT    in_sotha_spiral_stair
	tribunal.esm        WEAP    bipolar blade_x
	tribunal.esm        WEAP    ebony shortsword_soscean
    [OVR-REC] Overridden Records:
	From Master         Type    Name
	bloodmoon.esm       ARMO    blessed_shield
	bloodmoon.esm       ARMO    bm bear boots
	bloodmoon.esm       ARMO    bm bear cuirass
	bloodmoon.esm       ARMO    bm bear greaves
	bloodmoon.esm       ARMO    bm bear helmet
	bloodmoon.esm       ARMO    bm bear helmet eddard
	bloodmoon.esm       ARMO    bm bear helmet_ber
	bloodmoon.esm       ARMO    bm bear left gauntlet
	bloodmoon.esm       ARMO    bm bear left pauldron
	bloodmoon.esm       ARMO    bm bear right gauntlet
	bloodmoon.esm       ARMO    bm bear right pauldron
	bloodmoon.esm       ARMO    bm bear shield
	bloodmoon.esm       ARMO    bm wolf boots
	bloodmoon.esm       ARMO    bm wolf cuirass
	bloodmoon.esm       ARMO    bm wolf greaves
	bloodmoon.esm       ARMO    bm wolf helmet
	bloodmoon.esm       ARMO    bm wolf helmet_heartfang
	bloodmoon.esm       ARMO    bm wolf left gauntlet
	bloodmoon.esm       ARMO    bm wolf left pauldron
	bloodmoon.esm       ARMO    bm wolf right gauntlet
	bloodmoon.esm       ARMO    bm wolf right pauldron
	bloodmoon.esm       ARMO    bm wolf shield
	bloodmoon.esm       ARMO    bm_bear_boots_snow
	bloodmoon.esm       ARMO    bm_bear_cuirass_snow
	bloodmoon.esm       ARMO    bm_bear_greaves_snow
	bloodmoon.esm       ARMO    bm_bear_helmet_snow
	bloodmoon.esm       ARMO    bm_bear_left_gauntlet_snow
	bloodmoon.esm       ARMO    bm_bear_left_pauldron_snow
	bloodmoon.esm       ARMO    bm_bear_right_gauntlet_snow
	bloodmoon.esm       ARMO    bm_bear_right_pauldron_snow
	bloodmoon.esm       ARMO    bm_ice minion_shield1
	bloodmoon.esm       ARMO    bm_ice_boots
	bloodmoon.esm       ARMO    bm_ice_cuirass
	bloodmoon.esm       ARMO    bm_ice_gauntletl
	bloodmoon.esm       ARMO    bm_ice_gauntletr
	bloodmoon.esm       ARMO    bm_ice_greaves
	bloodmoon.esm       ARMO    bm_ice_helmet
	bloodmoon.esm       ARMO    bm_ice_pauldronl
	bloodmoon.esm       ARMO    bm_ice_pauldronr
	bloodmoon.esm       ARMO    bm_ice_shield
	bloodmoon.esm       ARMO    bm_nordicmail_boots
	bloodmoon.esm       ARMO    bm_nordicmail_cuirass
	bloodmoon.esm       ARMO    bm_nordicmail_gauntletl
	bloodmoon.esm       ARMO    bm_nordicmail_gauntletr
	bloodmoon.esm       ARMO    bm_nordicmail_greaves
	bloodmoon.esm       ARMO    bm_nordicmail_helmet
	bloodmoon.esm       ARMO    bm_nordicmail_pauldronl
	bloodmoon.esm       ARMO    bm_nordicmail_pauldronr
	bloodmoon.esm       ARMO    bm_nordicmail_shield
	bloodmoon.esm       ARMO    bm_wolf_cuirass_snow
	bloodmoon.esm       ARMO    bm_wolf_greaves_snow
	bloodmoon.esm       ARMO    bm_wolf_helmet_snow
	bloodmoon.esm       ARMO    bm_wolf_left_gauntlet_snow
	bloodmoon.esm       ARMO    bm_wolf_left_pauldron_snow
	bloodmoon.esm       ARMO    bm_wolf_right_gauntlet_snow
	bloodmoon.esm       ARMO    bm_wolf_right_pauldron_snow
	bloodmoon.esm       ARMO    fur_colovian_helm_red
	bloodmoon.esm       ARMO    fur_colovian_helm_white
	bloodmoon.esm       ARMO    nordic_leather_shield
	bloodmoon.esm       ARMO    saint's shield
	bloodmoon.esm       ARMO    steel_boots
	bloodmoon.esm       ARMO    steel_boots_ancient
	bloodmoon.esm       ARMO    steel_cuirass_ancient
	bloodmoon.esm       ARMO    steel_gauntlet_left_ancient
	bloodmoon.esm       ARMO    steel_gauntlet_right_ancient
	bloodmoon.esm       ARMO    steel_greaves
	bloodmoon.esm       ARMO    steel_greaves_ancient
	bloodmoon.esm       ARMO    steel_helm_ancient
	bloodmoon.esm       ARMO    steel_pauldron_left_ancient
	bloodmoon.esm       ARMO    steel_pauldron_right
	bloodmoon.esm       ARMO    steel_pauldron_right_ancient
	bloodmoon.esm       ARMO    steel_shield
	bloodmoon.esm       ARMO    steel_towershield_ancient
	bloodmoon.esm       ARMO    storm helm
	bloodmoon.esm       ARMO    templar_helmet_armor
	bloodmoon.esm       BOOK    sc_paper plain
	bloodmoon.esm       CLAS    shaman
	bloodmoon.esm       CLOT    bm_nordic01_glovel
	bloodmoon.esm       CLOT    bm_nordic01_glover
	bloodmoon.esm       CLOT    bm_nordic01_pants
	bloodmoon.esm       CLOT    bm_nordic01_robe
	bloodmoon.esm       CLOT    bm_nordic01_shirt
	bloodmoon.esm       CLOT    bm_nordic01_shoes
	bloodmoon.esm       CLOT    bm_nordic02_glovel
	bloodmoon.esm       CLOT    bm_nordic02_glover
	bloodmoon.esm       CLOT    bm_nordic02_pants
	bloodmoon.esm       CLOT    bm_nordic02_shirt
	bloodmoon.esm       CLOT    bm_nordic02_shoes
	bloodmoon.esm       CLOT    bm_wool01_glovel
	bloodmoon.esm       CLOT    bm_wool01_glover
	bloodmoon.esm       CLOT    bm_wool01_pants
	bloodmoon.esm       CLOT    bm_wool01_robe
	bloodmoon.esm       CLOT    bm_wool01_shirt
	bloodmoon.esm       CLOT    bm_wool01_shoes
	bloodmoon.esm       CLOT    bm_wool02_glovel
	bloodmoon.esm       CLOT    bm_wool02_glover
	bloodmoon.esm       CLOT    bm_wool02_pants
	bloodmoon.esm       CLOT    bm_wool02_shirt
	bloodmoon.esm       CLOT    bm_wool02_shoes
	bloodmoon.esm       CLOT    common_ring_05_bm_uni
	bloodmoon.esm       CLOT    common_robe_unique
	bloodmoon.esm       CLOT    expensive_ring_erna
	bloodmoon.esm       CLOT    extravagant_robe_01
	bloodmoon.esm       ENCH    bearkind
	bloodmoon.esm       NPC_    also_he_washes
	bloodmoon.esm       NPC_    basks_in_the_sun
	bloodmoon.esm       NPC_    bm_werewolf_maze1
	bloodmoon.esm       NPC_    bm_werewolf_skaal1a3
	bloodmoon.esm       NPC_    bm_werewolf_skaal1b3
	bloodmoon.esm       NPC_    bm_werewolf_skaal1c3
	bloodmoon.esm       NPC_    bm_werewolf_skaal1d3
	bloodmoon.esm       NPC_    bm_werewolf_skaal1e3
	bloodmoon.esm       NPC_    bm_werewolf_skaal1f3
	bloodmoon.esm       NPC_    bm_werewolf_skaal1g3
	bloodmoon.esm       NPC_    bm_werewolf_skaal2a
	bloodmoon.esm       NPC_    bm_werewolf_wildhunt
	bloodmoon.esm       NPC_    bm_werewolf_wildhunt2
	bloodmoon.esm       NPC_    bm_werewolf_wildhunt3
	bloodmoon.esm       NPC_    bm_werewolf_wildhunt4
	bloodmoon.esm       NPC_    keerasa_tan
	bloodmoon.esm       NPC_    snail_tail
	bloodmoon.esm       NPC_    swims-in-swells
	bloodmoon.esm       NPC_    werewolf_bearhunt
	bloodmoon.esm       NPC_    werewolf_ceremony
	bloodmoon.esm       NPC_    wind_in_his_hair
	bloodmoon.esm       WEAP    bm frostgore
	bloodmoon.esm       WEAP    bm huntsman axe
	bloodmoon.esm       WEAP    bm huntsman crossbow
	bloodmoon.esm       WEAP    bm huntsman longsword
	bloodmoon.esm       WEAP    bm huntsman spear
	bloodmoon.esm       WEAP    bm huntsman war axe
	bloodmoon.esm       WEAP    bm huntsmanbolt
	bloodmoon.esm       WEAP    bm ice dagger
	bloodmoon.esm       WEAP    bm ice longsword
	bloodmoon.esm       WEAP    bm ice longsword_fg_unique
	bloodmoon.esm       WEAP    bm ice mace
	bloodmoon.esm       WEAP    bm ice war axe
	bloodmoon.esm       WEAP    bm nord leg
	bloodmoon.esm       WEAP    bm nordic pick
	bloodmoon.esm       WEAP    bm nordic silver axe
	bloodmoon.esm       WEAP    bm nordic silver axe_ber
	bloodmoon.esm       WEAP    bm nordic silver axe_spurius
	bloodmoon.esm       WEAP    bm nordic silver battleaxe
	bloodmoon.esm       WEAP    bm nordic silver battleaxe_ber
	bloodmoon.esm       WEAP    bm nordic silver claymore
	bloodmoon.esm       WEAP    bm nordic silver claymore_ber
	bloodmoon.esm       WEAP    bm nordic silver dagger
	bloodmoon.esm       WEAP    bm nordic silver longsword
	bloodmoon.esm       WEAP    bm nordic silver longsword_ber
	bloodmoon.esm       WEAP    bm nordic silver longsword_cft
	bloodmoon.esm       WEAP    bm nordic silver mace
	bloodmoon.esm       WEAP    bm nordic silver shortsword
	bloodmoon.esm       WEAP    bm nordic_longsword_tracker
	bloodmoon.esm       WEAP    bm reaver battle axe
	bloodmoon.esm       WEAP    bm riekling lance
	bloodmoon.esm       WEAP    bm riekling sword
	bloodmoon.esm       WEAP    bm riekling sword_rusted
	bloodmoon.esm       WEAP    bm silver dagger wolfender
	bloodmoon.esm       WEAP    bm winterwound dagger
	bloodmoon.esm       WEAP    bm_arrow_riekling_uni
	bloodmoon.esm       WEAP    bm_axe_heartfang_unique
	bloodmoon.esm       WEAP    bm_dagger_wolfgiver
	bloodmoon.esm       WEAP    bm_ebony_staff_necro
	bloodmoon.esm       WEAP    bm_ebonyarrow_s
	bloodmoon.esm       WEAP    bm_ebonylongsword_s
	bloodmoon.esm       WEAP    bm_hunter_battleaxe_unique
	bloodmoon.esm       WEAP    bm_hunterspear_unique
	bloodmoon.esm       WEAP    bm_ice_minion_lance
	bloodmoon.esm       WEAP    bm_mace_aevar_uni
	bloodmoon.esm       WEAP    bm_nordic_silver_lgswd_bloodska
	bloodmoon.esm       WEAP    bm_saber_seasplitter
	bloodmoon.esm       WEAP    daedric dagger
	bloodmoon.esm       WEAP    daedric mace
	bloodmoon.esm       WEAP    imperial shortsword severio
	bloodmoon.esm       WEAP    lucky_break
	bloodmoon.esm       WEAP    miner's pick
	bloodmoon.esm       WEAP    nordic claymore_stormfang
	bloodmoon.esm       WEAP    silver arrow
	bloodmoon.esm       WEAP    silver arrow_thirsk_0
	bloodmoon.esm       WEAP    silver arrow_thirsk_1
	bloodmoon.esm       WEAP    silver arrow_thirsk_2
	bloodmoon.esm       WEAP    silver arrow_thirsk_3
	bloodmoon.esm       WEAP    silver arrow_thirsk_4
	bloodmoon.esm       WEAP    silver arrow_thirsk_5
	bloodmoon.esm       WEAP    silver arrow_thirsk_6
	bloodmoon.esm       WEAP    silver arrow_thirsk_7
	bloodmoon.esm       WEAP    silver arrow_thirsk_8
	bloodmoon.esm       WEAP    silver arrow_thirsk_9
	bloodmoon.esm       WEAP    silver axe of paralysis
	bloodmoon.esm       WEAP    silver bolt
	bloodmoon.esm       WEAP    silver claymore
	bloodmoon.esm       WEAP    silver dagger
	bloodmoon.esm       WEAP    silver dagger_hanin cursed
	bloodmoon.esm       WEAP    silver dart
	bloodmoon.esm       WEAP    silver flameaxe
	bloodmoon.esm       WEAP    silver flameblade
	bloodmoon.esm       WEAP    silver flameskewer
	bloodmoon.esm       WEAP    silver flameslayer
	bloodmoon.esm       WEAP    silver flamesword
	bloodmoon.esm       WEAP    silver longsword
	bloodmoon.esm       WEAP    silver shardaxe
	bloodmoon.esm       WEAP    silver shardblade
	bloodmoon.esm       WEAP    silver shardskewer
	bloodmoon.esm       WEAP    silver shardslayer
	bloodmoon.esm       WEAP    silver shardsword
	bloodmoon.esm       WEAP    silver shortsword
	bloodmoon.esm       WEAP    silver sparkaxe
	bloodmoon.esm       WEAP    silver sparkblade
	bloodmoon.esm       WEAP    silver sparkskewer
	bloodmoon.esm       WEAP    silver sparkslayer
	bloodmoon.esm       WEAP    silver sparksword
	bloodmoon.esm       WEAP    silver spear
	bloodmoon.esm       WEAP    silver staff of chastening
	bloodmoon.esm       WEAP    silver staff of hunger
	bloodmoon.esm       WEAP    silver staff of paralysis
	bloodmoon.esm       WEAP    silver staff of peace
	bloodmoon.esm       WEAP    silver staff of reckoning
	bloodmoon.esm       WEAP    silver staff of shaming
	bloodmoon.esm       WEAP    silver staff of war
	bloodmoon.esm       WEAP    silver sword of paralysis
	bloodmoon.esm       WEAP    silver throwing star
	bloodmoon.esm       WEAP    silver viperaxe
	bloodmoon.esm       WEAP    silver viperblade
	bloodmoon.esm       WEAP    silver viperskewer
	bloodmoon.esm       WEAP    silver viperslayer
	bloodmoon.esm       WEAP    silver vipersword
	bloodmoon.esm       WEAP    silver_staff_dawn_uniq
	bloodmoon.esm       WEAP    solvistapp
	bloodmoon.esm       WEAP    steel arrow_carnius
	bloodmoon.esm       WEAP    steel longbow_carnius
	bloodmoon.esm       WEAP    steel saber_elberoth
	bloodmoon.esm       WEAP    steel spear snow prince
	bloodmoon.esm       WEAP    warhammer_rammekald_unique
	morrowind.esm       ACTI    puzzle canal force field
	morrowind.esm       ARMO    azura's servant
	morrowind.esm       ARMO    blessed_tower_shield
	morrowind.esm       ARMO    blood_feast_shield
	morrowind.esm       ARMO    bloodworm_helm_unique
	morrowind.esm       ARMO    bonedancer gauntlet
	morrowind.esm       ARMO    bonemold_armun-an_cuirass
	morrowind.esm       ARMO    bonemold_armun-an_helm
	morrowind.esm       ARMO    bonemold_armun-an_pauldron_l
	morrowind.esm       ARMO    bonemold_armun-an_pauldron_r
	morrowind.esm       ARMO    bonemold_bracer_left
	morrowind.esm       ARMO    bonemold_bracer_right
	morrowind.esm       ARMO    bonemold_chuzei_helm
	morrowind.esm       ARMO    bonemold_founders_helm
	morrowind.esm       ARMO    bonemold_gah-julan_cuirass
	morrowind.esm       ARMO    bonemold_gah-julan_helm
	morrowind.esm       ARMO    bonemold_gah-julan_hhda
	morrowind.esm       ARMO    bonemold_gah-julan_pauldron_l
	morrowind.esm       ARMO    bonemold_gah-julan_pauldron_r
	morrowind.esm       ARMO    bonemold_greaves
	morrowind.esm       ARMO    bonemold_pauldron_l
	morrowind.esm       ARMO    bonemold_towershield
	morrowind.esm       ARMO    bonemold_tshield_hlaaluguard
	morrowind.esm       ARMO    bonemold_tshield_hrlb
	morrowind.esm       ARMO    bonemold_tshield_redoranguard
	morrowind.esm       ARMO    bonemold_tshield_telvanniguard
	morrowind.esm       ARMO    boneweave gauntlet
	morrowind.esm       ARMO    boots of blinding speed[unique]
	morrowind.esm       ARMO    boots_apostle_unique
	morrowind.esm       ARMO    bound_cuirass
	morrowind.esm       ARMO    bound_gauntlet_left
	morrowind.esm       ARMO    bound_gauntlet_right
	morrowind.esm       ARMO    bound_helm
	morrowind.esm       ARMO    bound_shield
	morrowind.esm       ARMO    cephalopod_helm
	morrowind.esm       ARMO    cephalopod_helm_htnk
	morrowind.esm       ARMO    chest of fire
	morrowind.esm       ARMO    chitin guantlet - right
	morrowind.esm       ARMO    chitin helm
	morrowind.esm       ARMO    chitin pauldron - left
	morrowind.esm       ARMO    chitin pauldron - right
	morrowind.esm       ARMO    chitin_mask_helm
	morrowind.esm       ARMO    chitin_shield
	morrowind.esm       ARMO    chitin_towershield
	morrowind.esm       ARMO    chitin_watchman_helm
	morrowind.esm       ARMO    cloth bracer left
	morrowind.esm       ARMO    cloth bracer right
	morrowind.esm       ARMO    conoon_chodala_boots_unique
	morrowind.esm       ARMO    cuirass_savior_unique
	morrowind.esm       ARMO    daedric_boots
	morrowind.esm       ARMO    daedric_cuirass
	morrowind.esm       ARMO    daedric_cuirass_htab
	morrowind.esm       ARMO    daedric_fountain_helm
	morrowind.esm       ARMO    daedric_gauntlet_left
	morrowind.esm       ARMO    daedric_gauntlet_right
	morrowind.esm       ARMO    daedric_god_helm
	morrowind.esm       ARMO    daedric_greaves
	morrowind.esm       ARMO    daedric_greaves_htab
	morrowind.esm       ARMO    daedric_helm_clavicusvile
	morrowind.esm       ARMO    daedric_pauldron_left
	morrowind.esm       ARMO    daedric_pauldron_right
	morrowind.esm       ARMO    daedric_shield
	morrowind.esm       ARMO    daedric_terrifying_helm
	morrowind.esm       ARMO    daedric_towershield
	morrowind.esm       ARMO    darksun_shield_unique
	morrowind.esm       ARMO    demon cephalopod
	morrowind.esm       ARMO    demon helm
	morrowind.esm       ARMO    demon mole crab
	morrowind.esm       ARMO    devil cephalopod helm
	morrowind.esm       ARMO    devil helm
	morrowind.esm       ARMO    devil mole crab helm
	morrowind.esm       ARMO    dragonbone_cuirass_unique
	morrowind.esm       ARMO    dragonscale_cuirass
	morrowind.esm       ARMO    dragonscale_helm
	morrowind.esm       ARMO    dragonscale_towershield
	morrowind.esm       ARMO    dreugh_cuirass
	morrowind.esm       ARMO    dreugh_cuirass_ttrm
	morrowind.esm       ARMO    dreugh_helm
	morrowind.esm       ARMO    dust_adept_helm
	morrowind.esm       ARMO    dwemer_boots
	morrowind.esm       ARMO    dwemer_boots of flying
	morrowind.esm       ARMO    dwemer_bracer_left
	morrowind.esm       ARMO    dwemer_bracer_right
	morrowind.esm       ARMO    dwemer_cuirass
	morrowind.esm       ARMO    dwemer_greaves
	morrowind.esm       ARMO    dwemer_helm
	morrowind.esm       ARMO    dwemer_pauldron_left
	morrowind.esm       ARMO    dwemer_pauldron_right
	morrowind.esm       ARMO    dwemer_shield
	morrowind.esm       ARMO    ebon_plate_cuirass_unique
	morrowind.esm       ARMO    ebony_boots
	morrowind.esm       ARMO    ebony_bracer_left
	morrowind.esm       ARMO    ebony_bracer_left_tgeb
	morrowind.esm       ARMO    ebony_bracer_right
	morrowind.esm       ARMO    ebony_bracer_right_tgeb
	morrowind.esm       ARMO    ebony_closed_helm
	morrowind.esm       ARMO    ebony_closed_helm_fghl
	morrowind.esm       ARMO    ebony_cuirass
	morrowind.esm       ARMO    ebony_greaves
	morrowind.esm       ARMO    ebony_pauldron_left
	morrowind.esm       ARMO    ebony_pauldron_right
	morrowind.esm       ARMO    ebony_shield
	morrowind.esm       ARMO    ebony_shield_auriel
	morrowind.esm       ARMO    ebony_towershield
	morrowind.esm       ARMO    erur_dan_cuirass_unique
	morrowind.esm       ARMO    feather_shield
	morrowind.esm       ARMO    fiend helm
	morrowind.esm       ARMO    fur_bearskin_cuirass
	morrowind.esm       ARMO    fur_bracer_left
	morrowind.esm       ARMO    fur_bracer_right
	morrowind.esm       ARMO    fur_colovian_helm
	morrowind.esm       ARMO    fur_cuirass
	morrowind.esm       ARMO    fur_gauntlet_left
	morrowind.esm       ARMO    fur_gauntlet_right
	morrowind.esm       ARMO    fur_greaves
	morrowind.esm       ARMO    gauntlet _horny_fist_l
	morrowind.esm       ARMO    gauntlet_fists_l_unique
	morrowind.esm       ARMO    gauntlet_fists_r_unique
	morrowind.esm       ARMO    gauntlet_horny_fist_r
	morrowind.esm       ARMO    gauntlet_of_glory_left
	morrowind.esm       ARMO    gauntlet_of_glory_right
	morrowind.esm       ARMO    glass_boots
	morrowind.esm       ARMO    glass_bracer_left
	morrowind.esm       ARMO    glass_bracer_right
	morrowind.esm       ARMO    glass_cuirass
	morrowind.esm       ARMO    glass_greaves
	morrowind.esm       ARMO    glass_helm
	morrowind.esm       ARMO    glass_pauldron_left
	morrowind.esm       ARMO    glass_pauldron_right
	morrowind.esm       ARMO    glass_shield
	morrowind.esm       ARMO    glass_towershield
	morrowind.esm       ARMO    gondolier_helm
	morrowind.esm       ARMO    heart wall
	morrowind.esm       ARMO    heavy_leather_boots
	morrowind.esm       ARMO    helm of holy fire
	morrowind.esm       ARMO    helm of wounding
	morrowind.esm       ARMO    helm_bearclaw_unique
	morrowind.esm       ARMO    holy_shield
	morrowind.esm       ARMO    holy_tower_shield
	morrowind.esm       ARMO    icecap_unique
	morrowind.esm       ARMO    imperial boots
	morrowind.esm       ARMO    imperial helmet armor
	morrowind.esm       ARMO    imperial helmet armor_dae_curse
	morrowind.esm       ARMO    imperial left gauntlet
	morrowind.esm       ARMO    imperial left pauldron
	morrowind.esm       ARMO    imperial right gauntlet
	morrowind.esm       ARMO    imperial right pauldron
	morrowind.esm       ARMO    imperial shield
	morrowind.esm       ARMO    imperial_chain_coif_helm
	morrowind.esm       ARMO    imperial_greaves
	morrowind.esm       ARMO    imperial_helm_frald_uniq
	morrowind.esm       ARMO    indoril boots
	morrowind.esm       ARMO    indoril cuirass
	morrowind.esm       ARMO    indoril left gauntlet
	morrowind.esm       ARMO    indoril pauldron left
	morrowind.esm       ARMO    indoril pauldron right
	morrowind.esm       ARMO    indoril right gauntlet
	morrowind.esm       ARMO    indoril shield
	morrowind.esm       ARMO    iron_bracer_left
	morrowind.esm       ARMO    iron_bracer_right
	morrowind.esm       ARMO    iron_gauntlet_left
	morrowind.esm       ARMO    iron_gauntlet_right
	morrowind.esm       ARMO    iron_greaves
	morrowind.esm       ARMO    iron_pauldron_left
	morrowind.esm       ARMO    iron_pauldron_right
	morrowind.esm       ARMO    iron_shield
	morrowind.esm       ARMO    iron_towershield
	morrowind.esm       ARMO    lbonemold brace of horny fist
	morrowind.esm       ARMO    left cloth horny fist bracer
	morrowind.esm       ARMO    left gauntlet of the horny fist
	morrowind.esm       ARMO    left leather bracer
	morrowind.esm       ARMO    left_horny_fist_gauntlet
	morrowind.esm       ARMO    lords_cuirass_unique
	morrowind.esm       ARMO    merisan helm
	morrowind.esm       ARMO    merisan_cuirass
	morrowind.esm       ARMO    mole_crab_helm
	morrowind.esm       ARMO    morag_tong_helm
	morrowind.esm       ARMO    mountain spirit
	morrowind.esm       ARMO    netch_leather_boiled_cuirass
	morrowind.esm       ARMO    netch_leather_boiled_helm
	morrowind.esm       ARMO    netch_leather_greaves
	morrowind.esm       ARMO    netch_leather_helm
	morrowind.esm       ARMO    netch_leather_shield
	morrowind.esm       ARMO    netch_leather_towershield
	morrowind.esm       ARMO    newtscale_cuirass
	morrowind.esm       ARMO    nordic_iron_cuirass
	morrowind.esm       ARMO    nordic_iron_helm
	morrowind.esm       ARMO    nordic_ringmail_cuirass
	morrowind.esm       ARMO    orcish_boots
	morrowind.esm       ARMO    orcish_bracer_left
	morrowind.esm       ARMO    orcish_bracer_right
	morrowind.esm       ARMO    orcish_cuirass
	morrowind.esm       ARMO    orcish_greaves
	morrowind.esm       ARMO    orcish_helm
	morrowind.esm       ARMO    orcish_pauldron_left
	morrowind.esm       ARMO    orcish_pauldron_right
	morrowind.esm       ARMO    orcish_towershield
	morrowind.esm       ARMO    rbonemold bracer of horny fist
	morrowind.esm       ARMO    redoran_master_helm
	morrowind.esm       ARMO    right cloth horny fist bracer
	morrowind.esm       ARMO    right gauntlet of horny fist
	morrowind.esm       ARMO    right horny fist gauntlet
	morrowind.esm       ARMO    right leather bracer
	morrowind.esm       ARMO    shadow_shield
	morrowind.esm       ARMO    shield of the undaunted
	morrowind.esm       ARMO    shield of wounds
	morrowind.esm       ARMO    shield_of_light
	morrowind.esm       ARMO    silver_cuirass
	morrowind.esm       ARMO    silver_dukesguard_cuirass
	morrowind.esm       ARMO    silver_helm
	morrowind.esm       ARMO    slave_bracer_left
	morrowind.esm       ARMO    slave_bracer_right
	morrowind.esm       ARMO    spell_breaker_unique
	morrowind.esm       ARMO    spirit of indoril
	morrowind.esm       ARMO    steel_pauldron_left
	morrowind.esm       ARMO    steel_towershield
	morrowind.esm       ARMO    succour of indoril
	morrowind.esm       ARMO    templar boots
	morrowind.esm       ARMO    templar bracer left
	morrowind.esm       ARMO    templar bracer right
	morrowind.esm       ARMO    templar_cuirass
	morrowind.esm       ARMO    templar_greaves
	morrowind.esm       ARMO    templar_pauldron_left
	morrowind.esm       ARMO    templar_pauldron_right
	morrowind.esm       ARMO    tenpaceboots
	morrowind.esm       ARMO    the_chiding_cuirass
	morrowind.esm       ARMO    trollbone_cuirass
	morrowind.esm       ARMO    trollbone_shield
	morrowind.esm       ARMO    velothian shield
	morrowind.esm       ARMO    velothian_helm
	morrowind.esm       ARMO    velothis_shield
	morrowind.esm       ARMO    veloths_shield
	morrowind.esm       ARMO    veloths_tower_shield
	morrowind.esm       ARMO    wraithguard
	morrowind.esm       ARMO    wraithguard_jury_rig
	morrowind.esm       BOOK    bk_pilgrimspath
	morrowind.esm       BOOK    bk_seydaneentaxrecord
	morrowind.esm       BOOK    bookskill_light armor2
	morrowind.esm       BSGN    blessed touch sign
	morrowind.esm       BSGN    trollkin
	morrowind.esm       CLOT    amulet_aundae
	morrowind.esm       CLOT    amulet_berne
	morrowind.esm       CLOT    amulet_pop00
	morrowind.esm       CLOT    amulet_quarra
	morrowind.esm       CLOT    amulet_skink_unique
	morrowind.esm       CLOT    common_amulet_01
	morrowind.esm       CLOT    common_amulet_02
	morrowind.esm       CLOT    common_amulet_03
	morrowind.esm       CLOT    common_amulet_04
	morrowind.esm       CLOT    common_amulet_05
	morrowind.esm       CLOT    common_belt_01
	morrowind.esm       CLOT    common_belt_02
	morrowind.esm       CLOT    common_belt_03
	morrowind.esm       CLOT    common_belt_04
	morrowind.esm       CLOT    common_belt_05
	morrowind.esm       CLOT    common_glove_l_balmolagmer
	morrowind.esm       CLOT    common_glove_l_moragtong
	morrowind.esm       CLOT    common_glove_left_01
	morrowind.esm       CLOT    common_glove_r_balmolagmer
	morrowind.esm       CLOT    common_glove_r_moragtong
	morrowind.esm       CLOT    common_glove_right_01
	morrowind.esm       CLOT    common_pants_01
	morrowind.esm       CLOT    common_pants_01_a
	morrowind.esm       CLOT    common_pants_01_e
	morrowind.esm       CLOT    common_pants_01_u
	morrowind.esm       CLOT    common_pants_01_z
	morrowind.esm       CLOT    common_pants_02
	morrowind.esm       CLOT    common_pants_02_hentus
	morrowind.esm       CLOT    common_pants_03
	morrowind.esm       CLOT    common_pants_03_b
	morrowind.esm       CLOT    common_pants_03_c
	morrowind.esm       CLOT    common_pants_04
	morrowind.esm       CLOT    common_pants_04_b
	morrowind.esm       CLOT    common_pants_05
	morrowind.esm       CLOT    common_ring_01
	morrowind.esm       CLOT    common_ring_01_arena
	morrowind.esm       CLOT    common_ring_01_fg_corp01
	morrowind.esm       CLOT    common_ring_01_fg_nchur01
	morrowind.esm       CLOT    common_ring_01_fg_nchur02
	morrowind.esm       CLOT    common_ring_01_fg_nchur03
	morrowind.esm       CLOT    common_ring_01_fg_nchur04
	morrowind.esm       CLOT    common_ring_01_haunt_ken
	morrowind.esm       CLOT    common_ring_01_mgbwg
	morrowind.esm       CLOT    common_ring_01_mge
	morrowind.esm       CLOT    common_ring_01_tt_mountkand
	morrowind.esm       CLOT    common_ring_02
	morrowind.esm       CLOT    common_ring_03
	morrowind.esm       CLOT    common_ring_04
	morrowind.esm       CLOT    common_ring_05
	morrowind.esm       CLOT    common_ring_danar
	morrowind.esm       CLOT    common_ring_tsiya
	morrowind.esm       CLOT    common_robe_01
	morrowind.esm       CLOT    common_robe_02
	morrowind.esm       CLOT    common_robe_02_h
	morrowind.esm       CLOT    common_robe_02_hh
	morrowind.esm       CLOT    common_robe_02_r
	morrowind.esm       CLOT    common_robe_02_rr
	morrowind.esm       CLOT    common_robe_02_t
	morrowind.esm       CLOT    common_robe_02_tt
	morrowind.esm       CLOT    common_robe_03
	morrowind.esm       CLOT    common_robe_03_a
	morrowind.esm       CLOT    common_robe_03_b
	morrowind.esm       CLOT    common_robe_04
	morrowind.esm       CLOT    common_robe_05
	morrowind.esm       CLOT    common_robe_05_a
	morrowind.esm       CLOT    common_robe_05_b
	morrowind.esm       CLOT    common_robe_05_c
	morrowind.esm       CLOT    common_shirt_01
	morrowind.esm       CLOT    common_shirt_01_a
	morrowind.esm       CLOT    common_shirt_01_e
	morrowind.esm       CLOT    common_shirt_01_u
	morrowind.esm       CLOT    common_shirt_01_z
	morrowind.esm       CLOT    common_shirt_02
	morrowind.esm       CLOT    common_shirt_02_h
	morrowind.esm       CLOT    common_shirt_02_hh
	morrowind.esm       CLOT    common_shirt_02_r
	morrowind.esm       CLOT    common_shirt_02_rr
	morrowind.esm       CLOT    common_shirt_02_t
	morrowind.esm       CLOT    common_shirt_02_tt
	morrowind.esm       CLOT    common_shirt_03
	morrowind.esm       CLOT    common_shirt_03_b
	morrowind.esm       CLOT    common_shirt_03_c
	morrowind.esm       CLOT    common_shirt_04
	morrowind.esm       CLOT    common_shirt_04_a
	morrowind.esm       CLOT    common_shirt_04_b
	morrowind.esm       CLOT    common_shirt_04_c
	morrowind.esm       CLOT    common_shirt_05
	morrowind.esm       CLOT    common_shirt_gondolier
	morrowind.esm       CLOT    common_shoes_01
	morrowind.esm       CLOT    common_shoes_02
	morrowind.esm       CLOT    common_shoes_03
	morrowind.esm       CLOT    common_shoes_04
	morrowind.esm       CLOT    common_shoes_05
	morrowind.esm       CLOT    common_skirt_01
	morrowind.esm       CLOT    common_skirt_02
	morrowind.esm       CLOT    common_skirt_03
	morrowind.esm       CLOT    common_skirt_04
	morrowind.esm       CLOT    common_skirt_04_c
	morrowind.esm       CLOT    common_skirt_05
	morrowind.esm       CLOT    daedric_special
	morrowind.esm       CLOT    daedric_special01
	morrowind.esm       CLOT    expensive_amulet_01
	morrowind.esm       CLOT    expensive_amulet_02
	morrowind.esm       CLOT    expensive_amulet_03
	morrowind.esm       CLOT    expensive_amulet_aeta
	morrowind.esm       CLOT    expensive_amulet_delyna
	morrowind.esm       CLOT    expensive_amulet_methas
	morrowind.esm       CLOT    expensive_belt_01
	morrowind.esm       CLOT    expensive_belt_02
	morrowind.esm       CLOT    expensive_belt_03
	morrowind.esm       CLOT    expensive_glove_left_01
	morrowind.esm       CLOT    expensive_glove_left_ilmeni
	morrowind.esm       CLOT    expensive_glove_right_01
	morrowind.esm       CLOT    expensive_pants_01
	morrowind.esm       CLOT    expensive_pants_01_a
	morrowind.esm       CLOT    expensive_pants_01_e
	morrowind.esm       CLOT    expensive_pants_01_u
	morrowind.esm       CLOT    expensive_pants_01_z
	morrowind.esm       CLOT    expensive_pants_02
	morrowind.esm       CLOT    expensive_pants_03
	morrowind.esm       CLOT    expensive_ring_01
	morrowind.esm       CLOT    expensive_ring_01_bill
	morrowind.esm       CLOT    expensive_ring_02
	morrowind.esm       CLOT    expensive_ring_03
	morrowind.esm       CLOT    expensive_ring_aeta
	morrowind.esm       CLOT    expensive_robe_01
	morrowind.esm       CLOT    expensive_robe_02
	morrowind.esm       CLOT    expensive_robe_02_a
	morrowind.esm       CLOT    expensive_robe_03
	morrowind.esm       CLOT    expensive_shirt_01
	morrowind.esm       CLOT    expensive_shirt_01_a
	morrowind.esm       CLOT    expensive_shirt_01_e
	morrowind.esm       CLOT    expensive_shirt_01_u
	morrowind.esm       CLOT    expensive_shirt_01_z
	morrowind.esm       CLOT    expensive_shirt_02
	morrowind.esm       CLOT    expensive_shirt_03
	morrowind.esm       CLOT    expensive_shoes_02
	morrowind.esm       CLOT    expensive_shoes_03
	morrowind.esm       CLOT    expensive_skirt_01
	morrowind.esm       CLOT    expensive_skirt_02
	morrowind.esm       CLOT    expensive_skirt_03
	morrowind.esm       CLOT    exquisite_belt_01
	morrowind.esm       CLOT    exquisite_robe_01
	morrowind.esm       CLOT    exquisite_shoes_01
	morrowind.esm       CLOT    extravagant_amulet_01
	morrowind.esm       CLOT    extravagant_amulet_02
	morrowind.esm       CLOT    extravagant_belt_01
	morrowind.esm       CLOT    extravagant_belt_02
	morrowind.esm       CLOT    extravagant_glove_left_01
	morrowind.esm       CLOT    extravagant_glove_left_maur
	morrowind.esm       CLOT    extravagant_glove_right_01
	morrowind.esm       CLOT    extravagant_glove_right_maur
	morrowind.esm       CLOT    extravagant_pants_01
	morrowind.esm       CLOT    extravagant_pants_02
	morrowind.esm       CLOT    extravagant_ring_01
	morrowind.esm       CLOT    extravagant_ring_02
	morrowind.esm       CLOT    extravagant_ring_aund_uni
	morrowind.esm       CLOT    extravagant_robe_01_a
	morrowind.esm       CLOT    extravagant_robe_01_b
	morrowind.esm       CLOT    extravagant_robe_01_c
	morrowind.esm       CLOT    extravagant_robe_01_h
	morrowind.esm       CLOT    extravagant_robe_01_r
	morrowind.esm       CLOT    extravagant_robe_01_t
	morrowind.esm       CLOT    extravagant_robe_02
	morrowind.esm       CLOT    extravagant_shirt_01
	morrowind.esm       CLOT    extravagant_shirt_01_h
	morrowind.esm       CLOT    extravagant_shirt_01_r
	morrowind.esm       CLOT    extravagant_shirt_01_t
	morrowind.esm       CLOT    extravagant_shirt_02
	morrowind.esm       CLOT    extravagant_shoes_01
	morrowind.esm       CLOT    extravagant_shoes_02
	morrowind.esm       CLOT    extravagant_skirt_01
	morrowind.esm       CLOT    extravagant_skirt_02
	morrowind.esm       CLOT    imperial belt
	morrowind.esm       CLOT    imperial skirt_clothing
	morrowind.esm       CLOT    indoril_belt
	morrowind.esm       CLOT    julielle_aumines_amulet
	morrowind.esm       CLOT    othril_ring
	morrowind.esm       CLOT    restoration_shirt
	morrowind.esm       CLOT    ring_keley
	morrowind.esm       CLOT    sarandas_amulet
	morrowind.esm       CLOT    sarandas_belt
	morrowind.esm       CLOT    sarandas_ring_1
	morrowind.esm       CLOT    sarandas_ring_2
	morrowind.esm       CLOT    templar belt
	morrowind.esm       CLOT    templar skirt obj
	morrowind.esm       CONT    chargen barrel fatigue
	morrowind.esm       CONT    chest_small_01_miliehas
	morrowind.esm       CONT    dwrv_chest_divayth07
	morrowind.esm       CREA    bonewalker_greater
	morrowind.esm       CREA    dremora_ttmg
	morrowind.esm       CREA    mudcrab_unique
	morrowind.esm       CREA    netch_giant_unique
	morrowind.esm       CREA    scamp_creeper
	morrowind.esm       CREA    slaughterfish_hr_sfavd
	morrowind.esm       DIAL    greeting 8
	morrowind.esm       ENCH    azura's servant_en
	morrowind.esm       ENCH    bitter mercy
	morrowind.esm       ENCH    blood feast_en
	morrowind.esm       ENCH    bluebrand
	morrowind.esm       ENCH    boethiah's walking stick_en
	morrowind.esm       ENCH    caius' chameleon
	morrowind.esm       ENCH    caius' sloppy luck
	morrowind.esm       ENCH    caius' subtlety
	morrowind.esm       ENCH    chrysamere_en
	morrowind.esm       ENCH    crescent moon
	morrowind.esm       ENCH    curse of scourge
	morrowind.esm       ENCH    daedric endurance_en
	morrowind.esm       ENCH    darksun_en
	morrowind.esm       ENCH    dram's will
	morrowind.esm       ENCH    dynamic horny fist_en
	morrowind.esm       ENCH    dynamic sureflight_en
	morrowind.esm       ENCH    eleidon's grace
	morrowind.esm       ENCH    feather_en
	morrowind.esm       ENCH    fire shield_en
	morrowind.esm       ENCH    glory_left_en
	morrowind.esm       ENCH    goldbrand
	morrowind.esm       ENCH    great resist magicka_en
	morrowind.esm       ENCH    greed_en
	morrowind.esm       ENCH    grip of death
	morrowind.esm       ENCH    hair shirt 
	morrowind.esm       ENCH    hasedoki's hand
	morrowind.esm       ENCH    haynekhtnamet's wrath
	morrowind.esm       ENCH    health_en
	morrowind.esm       ENCH    heartring_en
	morrowind.esm       ENCH    hircine's blessing
	morrowind.esm       ENCH    keening_en
	morrowind.esm       ENCH    light_en
	morrowind.esm       ENCH    lord's praise
	morrowind.esm       ENCH    mace of molag bal_en
	morrowind.esm       ENCH    magickguard_en
	morrowind.esm       ENCH    masque of clavicus
	morrowind.esm       ENCH    masterful horny fist_en
	morrowind.esm       ENCH    mehrune's razor_en
	morrowind.esm       ENCH    mephala's teacher_en
	morrowind.esm       ENCH    monarch's dirge
	morrowind.esm       ENCH    necromancers_amulet_en
	morrowind.esm       ENCH    oreyn's courage
	morrowind.esm       ENCH    renewal_en
	morrowind.esm       ENCH    saint's black sword_en
	morrowind.esm       ENCH    saint's shield_en
	morrowind.esm       ENCH    shadow_shield_en
	morrowind.esm       ENCH    shoesstrilms_en
	morrowind.esm       ENCH    spell breaker
	morrowind.esm       ENCH    stamina_en
	morrowind.esm       ENCH    stfelms_en
	morrowind.esm       ENCH    stllothis_en
	morrowind.esm       ENCH    suicide_en
	morrowind.esm       ENCH    summon ancestral ghost_en
	morrowind.esm       ENCH    sunder_rev2_en
	morrowind.esm       ENCH    teeth_en
	morrowind.esm       ENCH    tenpaceboots_en
	morrowind.esm       ENCH    theranafeather_en_uniq
	morrowind.esm       ENCH    thong_en
	morrowind.esm       ENCH    trebonius_staff_en
	morrowind.esm       ENCH    umbra's hunger
	morrowind.esm       ENCH    veloth's benison_en
	morrowind.esm       ENCH    vigor_en
	morrowind.esm       ENCH    vivec's kiss_en
	morrowind.esm       ENCH    ward of araynys
	morrowind.esm       ENCH    warlock's sphere
	morrowind.esm       ENCH    watchful spirit
	morrowind.esm       ENCH    we_shimsil_en
	morrowind.esm       ENCH    we_soultrap_en
	morrowind.esm       ENCH    weight of the apostle
	morrowind.esm       ENCH    wideranging_en
	morrowind.esm       ENCH    wild levitate_en
	morrowind.esm       ENCH    wound_enu
	morrowind.esm       ENCH    wraithguard_en
	morrowind.esm       ENCH    wrath of magnus
	morrowind.esm       ENCH    wrath_en
	morrowind.esm       ENCH    zenithar_blessing_en
	morrowind.esm       GMST    iblockmaxchance
	morrowind.esm       GMST    iblockminchance
	morrowind.esm       GMST    sskillspear
	morrowind.esm       LIGH    light_de_buglamp_01
	morrowind.esm       LIGH    light_de_buglamp_01_64
	morrowind.esm       LIGH    light_de_lantern_05_128_carry
	morrowind.esm       MGEF    15
	morrowind.esm       MGEF    17
	morrowind.esm       MGEF    18
	morrowind.esm       MGEF    19
	morrowind.esm       MGEF    20
	morrowind.esm       MGEF    21
	morrowind.esm       MGEF    22
	morrowind.esm       MGEF    23
	morrowind.esm       MGEF    24
	morrowind.esm       MGEF    25
	morrowind.esm       MGEF    26
	morrowind.esm       MGEF    85
	morrowind.esm       MGEF    86
	morrowind.esm       MGEF    88
	morrowind.esm       NPC_    agronian guy
	morrowind.esm       NPC_    ah-meesei
	morrowind.esm       NPC_    ahaht
	morrowind.esm       NPC_    akish
	morrowind.esm       NPC_    am-ra
	morrowind.esm       NPC_    an_deesei
	morrowind.esm       NPC_    argonian slave female
	morrowind.esm       NPC_    argonian slave male
	morrowind.esm       NPC_    arrille
	morrowind.esm       NPC_    asum
	morrowind.esm       NPC_    banalz
	morrowind.esm       NPC_    beekatan
	morrowind.esm       NPC_    breech-star
	morrowind.esm       NPC_    bun-teemeeta
	morrowind.esm       NPC_    bunish
	morrowind.esm       NPC_    busheeus
	morrowind.esm       NPC_    cattle_arg_f01
	morrowind.esm       NPC_    cattle_arg_f02
	morrowind.esm       NPC_    cattle_arg_m01
	morrowind.esm       NPC_    chalureel
	morrowind.esm       NPC_    chargen boat guard 1
	morrowind.esm       NPC_    chargen boat guard 2
	morrowind.esm       NPC_    chargen boat guard 3
	morrowind.esm       NPC_    chargen dock guard
	morrowind.esm       NPC_    cheesh-meeus
	morrowind.esm       NPC_    chiwish
	morrowind.esm       NPC_    chulz
	morrowind.esm       NPC_    chuna
	morrowind.esm       NPC_    dan_ru
	morrowind.esm       NPC_    deesh-meeus
	morrowind.esm       NPC_    dialog placeholder
	morrowind.esm       NPC_    divayth fyr
	morrowind.esm       NPC_    dreaded_water
	morrowind.esm       NPC_    dronos llervu
	morrowind.esm       NPC_    el-lurasha
	morrowind.esm       NPC_    eldafire
	morrowind.esm       NPC_    estirdalin
	morrowind.esm       NPC_    eutei
	morrowind.esm       NPC_    fasile charascel
	morrowind.esm       NPC_    fine_mouth
	morrowind.esm       NPC_    fjol
	morrowind.esm       NPC_    flaenia amiulusus
	morrowind.esm       NPC_    foryn gilnith
	morrowind.esm       NPC_    gah_julan
	morrowind.esm       NPC_    gam-kur
	morrowind.esm       NPC_    geel_lah
	morrowind.esm       NPC_    gih-ja
	morrowind.esm       NPC_    gilm
	morrowind.esm       NPC_    gish
	morrowind.esm       NPC_    goldyn belaram
	morrowind.esm       NPC_    grey_throat
	morrowind.esm       NPC_    han-tulm
	morrowind.esm       NPC_    haran
	morrowind.esm       NPC_    hathei
	morrowind.esm       NPC_    heedul
	morrowind.esm       NPC_    heir-zish
	morrowind.esm       NPC_    hides_his_eyes
	morrowind.esm       NPC_    high-heart
	morrowind.esm       NPC_    hodlismod
	morrowind.esm       NPC_    hul
	morrowind.esm       NPC_    huzei
	morrowind.esm       NPC_    im_kilaya
	morrowind.esm       NPC_    inee
	morrowind.esm       NPC_    itan
	morrowind.esm       NPC_    j'ram-dar
	morrowind.esm       NPC_    jeed-ei
	morrowind.esm       NPC_    jeelus-tei
	morrowind.esm       NPC_    jeer-maht
	morrowind.esm       NPC_    junal_lei
	morrowind.esm       NPC_    kal_ma
	morrowind.esm       NPC_    kasa
	morrowind.esm       NPC_    keel_raniur
	morrowind.esm       NPC_    lord cluttermonkey
	morrowind.esm       NPC_    lurius lalelius
	morrowind.esm       NPC_    meeh-mei
	morrowind.esm       NPC_    meen-sa
	morrowind.esm       NPC_    meer
	morrowind.esm       NPC_    meldor
	morrowind.esm       NPC_    milah
	morrowind.esm       NPC_    milie hastien
	morrowind.esm       NPC_    mim-jeen
	morrowind.esm       NPC_    morning_clouds
	morrowind.esm       NPC_    mush_mere
	morrowind.esm       NPC_    muz-ra
	morrowind.esm       NPC_    nakuma
	morrowind.esm       NPC_    nam-la
	morrowind.esm       NPC_    neesha
	morrowind.esm       NPC_    neetinei
	morrowind.esm       NPC_    nelix fly-breath
	morrowind.esm       NPC_    nine_toes
	morrowind.esm       NPC_    nuralg
	morrowind.esm       NPC_    nush
	morrowind.esm       NPC_    okan_shei
	morrowind.esm       NPC_    okaw
	morrowind.esm       NPC_    okur
	morrowind.esm       NPC_    olank-neeus
	morrowind.esm       NPC_    oleen-gei
	morrowind.esm       NPC_    olink-nur
	morrowind.esm       NPC_    on-wazei
	morrowind.esm       NPC_    on_wan
	morrowind.esm       NPC_    peeradeeh
	morrowind.esm       NPC_    quarra vampire 5
	morrowind.esm       NPC_    ralen tilvur
	morrowind.esm       NPC_    rasha
	morrowind.esm       NPC_    reeh_jah
	morrowind.esm       NPC_    reemukeeus
	morrowind.esm       NPC_    reesa
	morrowind.esm       NPC_    relien rirne
	morrowind.esm       NPC_    seen-rei
	morrowind.esm       NPC_    seewul
	morrowind.esm       NPC_    servant arg male
	morrowind.esm       NPC_    shatalg
	morrowind.esm       NPC_    shulki ashunbabi
	morrowind.esm       NPC_    skeetul
	morrowind.esm       NPC_    smart_snake
	morrowind.esm       NPC_    smokeskin_killer
	morrowind.esm       NPC_    stream-murk
	morrowind.esm       NPC_    talsi uvayn
	morrowind.esm       NPC_    tanan
	morrowind.esm       NPC_    tasha
	morrowind.esm       NPC_    tashpi ashibael
	morrowind.esm       NPC_    tee_lan
	morrowind.esm       NPC_    teegla
	morrowind.esm       NPC_    tern-feather
	morrowind.esm       NPC_    tim-jush
	morrowind.esm       NPC_    tongue_toad
	morrowind.esm       NPC_    travellingnewwoman
	morrowind.esm       NPC_    trebonius artorius
	morrowind.esm       NPC_    tul
	morrowind.esm       NPC_    twice_bitten
	morrowind.esm       NPC_    ukawei
	morrowind.esm       NPC_    ula
	morrowind.esm       NPC_    wanan_dum
	morrowind.esm       NPC_    wayn
	morrowind.esm       NPC_    weeltul
	morrowind.esm       NPC_    weer
	morrowind.esm       NPC_    wih-eius
	morrowind.esm       NPC_    wud-neeus
	morrowind.esm       NPC_    wuleen-shei
	morrowind.esm       NPC_    wusha
	morrowind.esm       RACE    argonian
	morrowind.esm       RACE    breton
	morrowind.esm       RACE    dark elf
	morrowind.esm       RACE    high elf
	morrowind.esm       RACE    imperial
	morrowind.esm       RACE    khajiit
	morrowind.esm       RACE    nord
	morrowind.esm       RACE    orc
	morrowind.esm       RACE    redguard
	morrowind.esm       RACE    wood elf
	morrowind.esm       SKIL    1
	morrowind.esm       SKIL    2
	morrowind.esm       SKIL    4
	morrowind.esm       SKIL    5
	morrowind.esm       SKIL    6
	morrowind.esm       SKIL    7
	morrowind.esm       SKIL    8
	morrowind.esm       SKIL    9
	morrowind.esm       WEAP    6th bell hammer
	morrowind.esm       WEAP    airan_ahhe's_spirit_spear_uniq
	morrowind.esm       WEAP    ane_teria_mace_unique
	morrowind.esm       WEAP    arrow of wasting flame
	morrowind.esm       WEAP    arrow of wasting shard
	morrowind.esm       WEAP    arrow of wasting spark
	morrowind.esm       WEAP    arrow of wasting viper
	morrowind.esm       WEAP    axe_queen_of_bats_unique
	morrowind.esm       WEAP    azura_star_unique
	morrowind.esm       WEAP    banhammer_unique
	morrowind.esm       WEAP    battle axe of wounds
	morrowind.esm       WEAP    boethiah's walking stick
	morrowind.esm       WEAP    bonebiter_bow_unique
	morrowind.esm       WEAP    bonemold arrow
	morrowind.esm       WEAP    bonemold bolt
	morrowind.esm       WEAP    bonemold long bow
	morrowind.esm       WEAP    bound_battle_axe
	morrowind.esm       WEAP    bound_dagger
	morrowind.esm       WEAP    bound_longbow
	morrowind.esm       WEAP    bound_longsword
	morrowind.esm       WEAP    bound_mace
	morrowind.esm       WEAP    bound_spear
	morrowind.esm       WEAP    chargen dagger
	morrowind.esm       WEAP    chitin arrow
	morrowind.esm       WEAP    chitin club
	morrowind.esm       WEAP    chitin dagger
	morrowind.esm       WEAP    chitin short bow
	morrowind.esm       WEAP    chitin shortsword
	morrowind.esm       WEAP    chitin spear
	morrowind.esm       WEAP    chitin throwing star
	morrowind.esm       WEAP    chitin war axe
	morrowind.esm       WEAP    claymore_agustas
	morrowind.esm       WEAP    claymore_chrysamere_unique
	morrowind.esm       WEAP    claymore_iceblade_unique
	morrowind.esm       WEAP    cleaverstfelms
	morrowind.esm       WEAP    cloudcleaver_unique
	morrowind.esm       WEAP    clutterbane
	morrowind.esm       WEAP    conoon_chodala_axe_unique
	morrowind.esm       WEAP    corkbulb arrow
	morrowind.esm       WEAP    corkbulb bolt
	morrowind.esm       WEAP    crosierstllothis
	morrowind.esm       WEAP    cruel flame bolt
	morrowind.esm       WEAP    cruel flamearrow
	morrowind.esm       WEAP    cruel flameblade
	morrowind.esm       WEAP    cruel flamestar
	morrowind.esm       WEAP    cruel flamesword
	morrowind.esm       WEAP    cruel frostarrow
	morrowind.esm       WEAP    cruel shard bolt
	morrowind.esm       WEAP    cruel shardarrow
	morrowind.esm       WEAP    cruel shardblade
	morrowind.esm       WEAP    cruel shardstar
	morrowind.esm       WEAP    cruel shardsword
	morrowind.esm       WEAP    cruel spark bolt
	morrowind.esm       WEAP    cruel sparkarrow
	morrowind.esm       WEAP    cruel sparkblade
	morrowind.esm       WEAP    cruel sparkstar
	morrowind.esm       WEAP    cruel sparksword
	morrowind.esm       WEAP    cruel viper bolt
	morrowind.esm       WEAP    cruel viperarrow
	morrowind.esm       WEAP    cruel viperblade
	morrowind.esm       WEAP    cruel viperstar
	morrowind.esm       WEAP    cruel vipersword
	morrowind.esm       WEAP    daedric arrow
	morrowind.esm       WEAP    daedric battle axe
	morrowind.esm       WEAP    daedric claymore
	morrowind.esm       WEAP    daedric club
	morrowind.esm       WEAP    daedric dagger_mtas
	morrowind.esm       WEAP    daedric dagger_soultrap
	morrowind.esm       WEAP    daedric dai-katana
	morrowind.esm       WEAP    daedric dart
	morrowind.esm       WEAP    daedric katana
	morrowind.esm       WEAP    daedric long bow
	morrowind.esm       WEAP    daedric longsword
	morrowind.esm       WEAP    daedric shortsword
	morrowind.esm       WEAP    daedric spear
	morrowind.esm       WEAP    daedric staff
	morrowind.esm       WEAP    daedric tanto
	morrowind.esm       WEAP    daedric wakizashi
	morrowind.esm       WEAP    daedric wakizashi_hhst
	morrowind.esm       WEAP    daedric war axe
	morrowind.esm       WEAP    daedric warhammer
	morrowind.esm       WEAP    daedric warhammer_ttgd
	morrowind.esm       WEAP    daedric_club_tgdc
	morrowind.esm       WEAP    daedric_crescent_unique
	morrowind.esm       WEAP    daedric_scourge_unique
	morrowind.esm       WEAP    dagger of judgement
	morrowind.esm       WEAP    dagger_fang_unique
	morrowind.esm       WEAP    dagoth dagger
	morrowind.esm       WEAP    dart_uniq_judgement
	morrowind.esm       WEAP    daunting mace
	morrowind.esm       WEAP    demon katana
	morrowind.esm       WEAP    demon longbow
	morrowind.esm       WEAP    demon mace
	morrowind.esm       WEAP    demon tanto
	morrowind.esm       WEAP    devil katana
	morrowind.esm       WEAP    devil longbow
	morrowind.esm       WEAP    devil spear
	morrowind.esm       WEAP    devil tanto
	morrowind.esm       WEAP    devil_tanto_tgamg
	morrowind.esm       WEAP    dire flame bolt
	morrowind.esm       WEAP    dire flamearrow
	morrowind.esm       WEAP    dire flameblade
	morrowind.esm       WEAP    dire flamesword
	morrowind.esm       WEAP    dire frostarrow
	morrowind.esm       WEAP    dire shard bolt
	morrowind.esm       WEAP    dire shardarrow
	morrowind.esm       WEAP    dire shardblade
	morrowind.esm       WEAP    dire shardsword
	morrowind.esm       WEAP    dire spark bolt
	morrowind.esm       WEAP    dire sparkarrow
	morrowind.esm       WEAP    dire sparkblade
	morrowind.esm       WEAP    dire sparksword
	morrowind.esm       WEAP    dire viper bolt
	morrowind.esm       WEAP    dire viperblade
	morrowind.esm       WEAP    dire vipersword
	morrowind.esm       WEAP    divine judgement silver staff
	morrowind.esm       WEAP    dreugh club
	morrowind.esm       WEAP    dreugh staff
	morrowind.esm       WEAP    dwarven axe_soultrap
	morrowind.esm       WEAP    dwarven battle axe
	morrowind.esm       WEAP    dwarven claymore
	morrowind.esm       WEAP    dwarven crossbow
	morrowind.esm       WEAP    dwarven halberd
	morrowind.esm       WEAP    dwarven halberd_soultrap
	morrowind.esm       WEAP    dwarven mace
	morrowind.esm       WEAP    dwarven shortsword
	morrowind.esm       WEAP    dwarven spear
	morrowind.esm       WEAP    dwarven war axe
	morrowind.esm       WEAP    dwarven war axe_redas
	morrowind.esm       WEAP    dwarven warhammer
	morrowind.esm       WEAP    dwarven_hammer_volendrung
	morrowind.esm       WEAP    dwe_jinksword_curse_unique
	morrowind.esm       WEAP    dwemer jinksword
	morrowind.esm       WEAP    ebony arrow
	morrowind.esm       WEAP    ebony broadsword
	morrowind.esm       WEAP    ebony broadsword_dae_cursed
	morrowind.esm       WEAP    ebony dart
	morrowind.esm       WEAP    ebony longsword
	morrowind.esm       WEAP    ebony mace
	morrowind.esm       WEAP    ebony shortsword
	morrowind.esm       WEAP    ebony spear
	morrowind.esm       WEAP    ebony spear_hrce_unique
	morrowind.esm       WEAP    ebony staff
	morrowind.esm       WEAP    ebony staff caper
	morrowind.esm       WEAP    ebony throwing star
	morrowind.esm       WEAP    ebony war axe
	morrowind.esm       WEAP    ebony wizard's staff
	morrowind.esm       WEAP    ebony_bow_auriel
	morrowind.esm       WEAP    ebony_dagger_mehrunes
	morrowind.esm       WEAP    ebony_staff_tges
	morrowind.esm       WEAP    ebony_staff_trebonius
	morrowind.esm       WEAP    erur_dan_spear_unique
	morrowind.esm       WEAP    false_sunder
	morrowind.esm       WEAP    fiend battle axe
	morrowind.esm       WEAP    fiend katana
	morrowind.esm       WEAP    fiend longbow
	morrowind.esm       WEAP    fiend spear
	morrowind.esm       WEAP    fiend spear_dae_cursed
	morrowind.esm       WEAP    fiend tanto
	morrowind.esm       WEAP    firebite club
	morrowind.esm       WEAP    firebite dagger
	morrowind.esm       WEAP    firebite star
	morrowind.esm       WEAP    firebite sword
	morrowind.esm       WEAP    firebite war axe
	morrowind.esm       WEAP    fireblade
	morrowind.esm       WEAP    flame arrow
	morrowind.esm       WEAP    flame_bolt
	morrowind.esm       WEAP    flamestar
	morrowind.esm       WEAP    flying viper
	morrowind.esm       WEAP    foeburner
	morrowind.esm       WEAP    fork_horripilation_unique
	morrowind.esm       WEAP    fury
	morrowind.esm       WEAP    gavel of the ordinator
	morrowind.esm       WEAP    glass arrow
	morrowind.esm       WEAP    glass claymore
	morrowind.esm       WEAP    glass claymore_magebane
	morrowind.esm       WEAP    glass dagger
	morrowind.esm       WEAP    glass dagger_dae_cursed
	morrowind.esm       WEAP    glass firesword
	morrowind.esm       WEAP    glass frostsword
	morrowind.esm       WEAP    glass halberd
	morrowind.esm       WEAP    glass jinkblade
	morrowind.esm       WEAP    glass longsword
	morrowind.esm       WEAP    glass netch dagger
	morrowind.esm       WEAP    glass poisonsword
	morrowind.esm       WEAP    glass staff
	morrowind.esm       WEAP    glass stormblade
	morrowind.esm       WEAP    glass stormsword
	morrowind.esm       WEAP    glass throwing knife
	morrowind.esm       WEAP    glass throwing star
	morrowind.esm       WEAP    glass war axe
	morrowind.esm       WEAP    glass_dagger_enamor
	morrowind.esm       WEAP    greed
	morrowind.esm       WEAP    grey shaft of holding
	morrowind.esm       WEAP    grey shaft of nonsense
	morrowind.esm       WEAP    grey shaft of unraveling
	morrowind.esm       WEAP    herder_crook
	morrowind.esm       WEAP    icebreaker
	morrowind.esm       WEAP    icicle
	morrowind.esm       WEAP    imperial broadsword
	morrowind.esm       WEAP    imperial netch blade
	morrowind.esm       WEAP    iron arrow
	morrowind.esm       WEAP    iron battle axe
	morrowind.esm       WEAP    iron bolt
	morrowind.esm       WEAP    iron claymore
	morrowind.esm       WEAP    iron club
	morrowind.esm       WEAP    iron dagger
	morrowind.esm       WEAP    iron dagger_telasero_unique
	morrowind.esm       WEAP    iron flameblade
	morrowind.esm       WEAP    iron flamecleaver
	morrowind.esm       WEAP    iron flamemace
	morrowind.esm       WEAP    iron flamemauler
	morrowind.esm       WEAP    iron flameskewer
	morrowind.esm       WEAP    iron flameslayer
	morrowind.esm       WEAP    iron flamesword
	morrowind.esm       WEAP    iron fork
	morrowind.esm       WEAP    iron halberd
	morrowind.esm       WEAP    iron long spear
	morrowind.esm       WEAP    iron longsword
	morrowind.esm       WEAP    iron saber
	morrowind.esm       WEAP    iron shardaxe
	morrowind.esm       WEAP    iron shardblade
	morrowind.esm       WEAP    iron shardcleaver
	morrowind.esm       WEAP    iron shardmace
	morrowind.esm       WEAP    iron shardmauler
	morrowind.esm       WEAP    iron shardskewer
	morrowind.esm       WEAP    iron shardslayer
	morrowind.esm       WEAP    iron shardsword
	morrowind.esm       WEAP    iron shortsword
	morrowind.esm       WEAP    iron sparkaxe
	morrowind.esm       WEAP    iron sparkblade
	morrowind.esm       WEAP    iron sparkcleaver
	morrowind.esm       WEAP    iron sparkmace
	morrowind.esm       WEAP    iron sparkmauler
	morrowind.esm       WEAP    iron sparkskewer
	morrowind.esm       WEAP    iron sparkslayer
	morrowind.esm       WEAP    iron sparksword
	morrowind.esm       WEAP    iron spear
	morrowind.esm       WEAP    iron spider dagger
	morrowind.esm       WEAP    iron tanto
	morrowind.esm       WEAP    iron throwing knife
	morrowind.esm       WEAP    iron viperaxe
	morrowind.esm       WEAP    iron viperblade
	morrowind.esm       WEAP    iron vipercleaver
	morrowind.esm       WEAP    iron vipermauler
	morrowind.esm       WEAP    iron viperskewer
	morrowind.esm       WEAP    iron viperslayer
	morrowind.esm       WEAP    iron vipersword
	morrowind.esm       WEAP    iron wakizashi
	morrowind.esm       WEAP    iron war axe
	morrowind.esm       WEAP    iron warhammer
	morrowind.esm       WEAP    iron_arrow_uniq_judgement
	morrowind.esm       WEAP    karpal's friend
	morrowind.esm       WEAP    katana_bluebrand_unique
	morrowind.esm       WEAP    katana_goldbrand_unique
	morrowind.esm       WEAP    keening
	morrowind.esm       WEAP    last rites
	morrowind.esm       WEAP    last wish
	morrowind.esm       WEAP    light staff
	morrowind.esm       WEAP    lightofday_unique
	morrowind.esm       WEAP    long bow
	morrowind.esm       WEAP    longbow_shadows_unique
	morrowind.esm       WEAP    lugrub's axe
	morrowind.esm       WEAP    mace of molag bal_unique
	morrowind.esm       WEAP    mehrunes'_razor_unique
	morrowind.esm       WEAP    mephala's teacher
	morrowind.esm       WEAP    merisan club
	morrowind.esm       WEAP    nordic battle axe
	morrowind.esm       WEAP    nordic broadsword
	morrowind.esm       WEAP    nordic claymore
	morrowind.esm       WEAP    orcish battle axe
	morrowind.esm       WEAP    orcish bolt
	morrowind.esm       WEAP    orcish warhammer
	morrowind.esm       WEAP    peacemaker
	morrowind.esm       WEAP    racerbeak
	morrowind.esm       WEAP    rusty_dagger_unique
	morrowind.esm       WEAP    saint's black sword
	morrowind.esm       WEAP    shard arrow
	morrowind.esm       WEAP    shard_bolt
	morrowind.esm       WEAP    shardstar
	morrowind.esm       WEAP    shockbite battle axe
	morrowind.esm       WEAP    shockbite halberd
	morrowind.esm       WEAP    shockbite mace
	morrowind.esm       WEAP    shockbite war axe
	morrowind.esm       WEAP    shockbite warhammer
	morrowind.esm       WEAP    short bow
	morrowind.esm       WEAP    shortbow of sanguine sureflight
	morrowind.esm       WEAP    snowy crown
	morrowind.esm       WEAP    spark arrow
	morrowind.esm       WEAP    spark_bolt
	morrowind.esm       WEAP    sparkstar
	morrowind.esm       WEAP    spear_mercy_unique
	morrowind.esm       WEAP    spear_of_light
	morrowind.esm       WEAP    spiderbite
	morrowind.esm       WEAP    spiked club
	morrowind.esm       WEAP    spirit-eater
	morrowind.esm       WEAP    staff of the forefathers
	morrowind.esm       WEAP    staff_hasedoki_unique
	morrowind.esm       WEAP    staff_magnus_unique
	morrowind.esm       WEAP    staff_of_llevule
	morrowind.esm       WEAP    steel arrow
	morrowind.esm       WEAP    steel axe
	morrowind.esm       WEAP    steel blade of heaven
	morrowind.esm       WEAP    steel bolt
	morrowind.esm       WEAP    steel broadsword of hewing
	morrowind.esm       WEAP    steel claymore
	morrowind.esm       WEAP    steel claymore of hewing
	morrowind.esm       WEAP    steel club
	morrowind.esm       WEAP    steel crossbow
	morrowind.esm       WEAP    steel dagger
	morrowind.esm       WEAP    steel dagger of swiftblade
	morrowind.esm       WEAP    steel dai-katana
	morrowind.esm       WEAP    steel dart
	morrowind.esm       WEAP    steel firesword
	morrowind.esm       WEAP    steel flameaxe
	morrowind.esm       WEAP    steel flameblade
	morrowind.esm       WEAP    steel flamecleaver
	morrowind.esm       WEAP    steel flamemace
	morrowind.esm       WEAP    steel flamemauler
	morrowind.esm       WEAP    steel flamescythe
	morrowind.esm       WEAP    steel flameskewer
	morrowind.esm       WEAP    steel flameslayer
	morrowind.esm       WEAP    steel flamesword
	morrowind.esm       WEAP    steel frostsword
	morrowind.esm       WEAP    steel halberd
	morrowind.esm       WEAP    steel jinkblade
	morrowind.esm       WEAP    steel jinkblade of the aegis
	morrowind.esm       WEAP    steel jinksword
	morrowind.esm       WEAP    steel katana
	morrowind.esm       WEAP    steel longbow
	morrowind.esm       WEAP    steel longsword
	morrowind.esm       WEAP    steel poisonsword
	morrowind.esm       WEAP    steel saber
	morrowind.esm       WEAP    steel shardaxe
	morrowind.esm       WEAP    steel shardblade
	morrowind.esm       WEAP    steel shardcleaver
	morrowind.esm       WEAP    steel shardmace
	morrowind.esm       WEAP    steel shardmauler
	morrowind.esm       WEAP    steel shardscythe
	morrowind.esm       WEAP    steel shardskewer
	morrowind.esm       WEAP    steel shardslayer
	morrowind.esm       WEAP    steel shardsword
	morrowind.esm       WEAP    steel shortsword
	morrowind.esm       WEAP    steel sparkaxe
	morrowind.esm       WEAP    steel sparkblade
	morrowind.esm       WEAP    steel sparkcleaver
	morrowind.esm       WEAP    steel sparkmace
	morrowind.esm       WEAP    steel sparkmauler
	morrowind.esm       WEAP    steel sparkscythe
	morrowind.esm       WEAP    steel sparkskewer
	morrowind.esm       WEAP    steel sparkslayer
	morrowind.esm       WEAP    steel sparksword
	morrowind.esm       WEAP    steel spear
	morrowind.esm       WEAP    steel spear of impaling thrust
	morrowind.esm       WEAP    steel spider blade
	morrowind.esm       WEAP    steel staff
	morrowind.esm       WEAP    steel staff of chastening
	morrowind.esm       WEAP    steel staff of divine judgement
	morrowind.esm       WEAP    steel staff of peace
	morrowind.esm       WEAP    steel staff of shaming
	morrowind.esm       WEAP    steel staff of the ancestors
	morrowind.esm       WEAP    steel staff of war
	morrowind.esm       WEAP    steel stormsword
	morrowind.esm       WEAP    steel tanto
	morrowind.esm       WEAP    steel throwing knife
	morrowind.esm       WEAP    steel throwing star
	morrowind.esm       WEAP    steel viperaxe
	morrowind.esm       WEAP    steel viperblade
	morrowind.esm       WEAP    steel vipercleaver
	morrowind.esm       WEAP    steel vipermace
	morrowind.esm       WEAP    steel vipermauler
	morrowind.esm       WEAP    steel viperscythe
	morrowind.esm       WEAP    steel viperskewer
	morrowind.esm       WEAP    steel viperslayer
	morrowind.esm       WEAP    steel vipersword
	morrowind.esm       WEAP    steel wakizashi
	morrowind.esm       WEAP    steel war axe
	morrowind.esm       WEAP    steel war axe of deep biting
	morrowind.esm       WEAP    steel warhammer of smiting
	morrowind.esm       WEAP    steelstaffancestors_ttsa
	morrowind.esm       WEAP    stormblade
	morrowind.esm       WEAP    stormkiss
	morrowind.esm       WEAP    sunder
	morrowind.esm       WEAP    sunder_fake
	morrowind.esm       WEAP    sword of white woe
	morrowind.esm       WEAP    throwing knife of sureflight
	morrowind.esm       WEAP    viper arrow
	morrowind.esm       WEAP    viper_bolt
	morrowind.esm       WEAP    viperstar
	morrowind.esm       WEAP    war axe of wounds
	morrowind.esm       WEAP    war_axe_airan_ammu
	morrowind.esm       WEAP    warhammer of wounds
	morrowind.esm       WEAP    warhammer_crusher_unique
	morrowind.esm       WEAP    water spear
	morrowind.esm       WEAP    we_hellfirestaff
	morrowind.esm       WEAP    we_illkurok
	morrowind.esm       WEAP    we_shimsil
	morrowind.esm       WEAP    we_stormforge
	morrowind.esm       WEAP    we_temreki
	morrowind.esm       WEAP    widowmaker_unique
	morrowind.esm       WEAP    wild flameblade
	morrowind.esm       WEAP    wild flamesword
	morrowind.esm       WEAP    wild shardblade
	morrowind.esm       WEAP    wild shardsword
	morrowind.esm       WEAP    wild sparkblade
	morrowind.esm       WEAP    wild sparksword
	morrowind.esm       WEAP    wild viperblade
	morrowind.esm       WEAP    wild vipersword
	morrowind.esm       WEAP    wind of ahaz
	morrowind.esm       WEAP    wooden staff
	morrowind.esm       WEAP    wooden staff of chastening
	morrowind.esm       WEAP    wooden staff of divine
	morrowind.esm       WEAP    wooden staff of peace
	morrowind.esm       WEAP    wooden staff of shaming
	morrowind.esm       WEAP    wooden staff of war
	tribunal.esm        ARMO    adamantium boots
	tribunal.esm        ARMO    adamantium_bracer_left
	tribunal.esm        ARMO    adamantium_bracer_right
	tribunal.esm        ARMO    adamantium_cuirass
	tribunal.esm        ARMO    adamantium_greaves
	tribunal.esm        ARMO    adamantium_helm
	tribunal.esm        ARMO    adamantium_pauldron_left
	tribunal.esm        ARMO    adamantium_pauldron_right
	tribunal.esm        ARMO    addamantium_helm
	tribunal.esm        ARMO    bonemold_boots
	tribunal.esm        ARMO    bonemold_cuirass
	tribunal.esm        ARMO    bonemold_helm
	tribunal.esm        ARMO    bonemold_pauldron_r
	tribunal.esm        ARMO    bonemold_shield
	tribunal.esm        ARMO    chitin boots
	tribunal.esm        ARMO    chitin cuirass
	tribunal.esm        ARMO    chitin greaves
	tribunal.esm        ARMO    chitin guantlet - left
	tribunal.esm        ARMO    darkbrotherhood boots
	tribunal.esm        ARMO    darkbrotherhood cuirass
	tribunal.esm        ARMO    darkbrotherhood gauntlet_l
	tribunal.esm        ARMO    darkbrotherhood gauntlet_r
	tribunal.esm        ARMO    darkbrotherhood greaves
	tribunal.esm        ARMO    darkbrotherhood helm
	tribunal.esm        ARMO    darkbrotherhood pauldron_l
	tribunal.esm        ARMO    darkbrotherhood pauldron_r
	tribunal.esm        ARMO    dreugh_shield
	tribunal.esm        ARMO    dwemer_shield_battle_unique
	tribunal.esm        ARMO    ebony_cuirass_soscean
	tribunal.esm        ARMO    fur_boots
	tribunal.esm        ARMO    fur_helm
	tribunal.esm        ARMO    fur_pauldron_left
	tribunal.esm        ARMO    fur_pauldron_right
	tribunal.esm        ARMO    goblin_shield
	tribunal.esm        ARMO    goblin_shield_durgok_uni
	tribunal.esm        ARMO    helsethguard_boots
	tribunal.esm        ARMO    helsethguard_cuirass
	tribunal.esm        ARMO    helsethguard_gauntlet_left
	tribunal.esm        ARMO    helsethguard_gauntlet_right
	tribunal.esm        ARMO    helsethguard_greaves
	tribunal.esm        ARMO    helsethguard_helmet
	tribunal.esm        ARMO    helsethguard_pauldron_left
	tribunal.esm        ARMO    helsethguard_pauldron_right
	tribunal.esm        ARMO    imperial cuirass_armor
	tribunal.esm        ARMO    imperial_chain_cuirass
	tribunal.esm        ARMO    imperial_chain_greaves
	tribunal.esm        ARMO    imperial_chain_pauldron_left
	tribunal.esm        ARMO    imperial_chain_pauldron_right
	tribunal.esm        ARMO    imperial_studded_cuirass
	tribunal.esm        ARMO    indoril helmet
	tribunal.esm        ARMO    indoril_almalexia_boots
	tribunal.esm        ARMO    indoril_almalexia_cuirass
	tribunal.esm        ARMO    indoril_almalexia_gauntlet_l
	tribunal.esm        ARMO    indoril_almalexia_gauntlet_r
	tribunal.esm        ARMO    indoril_almalexia_greaves
	tribunal.esm        ARMO    indoril_almalexia_helmet
	tribunal.esm        ARMO    indoril_almalexia_pauldron_l
	tribunal.esm        ARMO    indoril_almalexia_pauldron_r
	tribunal.esm        ARMO    indoril_almalexia_shield
	tribunal.esm        ARMO    indoril_mh_guard_boots
	tribunal.esm        ARMO    indoril_mh_guard_cuirass
	tribunal.esm        ARMO    indoril_mh_guard_gauntlet_l
	tribunal.esm        ARMO    indoril_mh_guard_gauntlet_r
	tribunal.esm        ARMO    indoril_mh_guard_greaves
	tribunal.esm        ARMO    indoril_mh_guard_helmet
	tribunal.esm        ARMO    indoril_mh_guard_pauldron_l
	tribunal.esm        ARMO    indoril_mh_guard_pauldron_r
	tribunal.esm        ARMO    indoril_mh_guard_shield
	tribunal.esm        ARMO    iron boots
	tribunal.esm        ARMO    iron_cuirass
	tribunal.esm        ARMO    iron_helmet
	tribunal.esm        ARMO    netch_leather_boots
	tribunal.esm        ARMO    netch_leather_cuirass
	tribunal.esm        ARMO    netch_leather_gauntlet_left
	tribunal.esm        ARMO    netch_leather_gauntlet_right
	tribunal.esm        ARMO    netch_leather_pauldron_left
	tribunal.esm        ARMO    netch_leather_pauldron_right
	tribunal.esm        ARMO    silver_helm_uvenim
	tribunal.esm        ARMO    steel_cuirass
	tribunal.esm        ARMO    steel_gauntlet_left
	tribunal.esm        ARMO    steel_gauntlet_right
	tribunal.esm        ARMO    steel_helm
	tribunal.esm        ARMO    towershield_eleidon_unique
	tribunal.esm        ARMO    trollbone_helm
	tribunal.esm        CLOT    common_pants_06
	tribunal.esm        CLOT    common_pants_07
	tribunal.esm        CLOT    common_robe_eot
	tribunal.esm        CLOT    common_shirt_06
	tribunal.esm        CLOT    common_shirt_07
	tribunal.esm        CLOT    common_shoes_06
	tribunal.esm        CLOT    common_shoes_07
	tribunal.esm        CLOT    common_skirt_06
	tribunal.esm        CLOT    common_skirt_07
	tribunal.esm        CLOT    expensive_pants_mournhold
	tribunal.esm        CLOT    expensive_shirt_mournhold
	tribunal.esm        CLOT    expensive_shoes_01
	tribunal.esm        CLOT    expensive_shoes_mournhold
	tribunal.esm        CLOT    expensive_skirt_04
	tribunal.esm        CLOT    expensive_skirt_mournhold
	tribunal.esm        CLOT    helseth's collar
	tribunal.esm        CLOT    helseth's robe
	tribunal.esm        CLOT    mazed_band
	tribunal.esm        DIAL    greeting 0
	tribunal.esm        DIAL    greeting 1
	tribunal.esm        ENCH    almalexia_blade
	tribunal.esm        ENCH    bipolar blade_en
	tribunal.esm        ENCH    dagger_symmachus_en
	tribunal.esm        ENCH    durgok's shield
	tribunal.esm        ENCH    helseth's collar_en
	tribunal.esm        ENCH    helseth_ring_en
	tribunal.esm        ENCH    her greaves_en
	tribunal.esm        ENCH    her scimitar_en
	tribunal.esm        ENCH    mace_slurring_en
	tribunal.esm        ENCH    nerevar_blade
	tribunal.esm        NPC_    db_assassin1
	tribunal.esm        NPC_    db_assassin1b
	tribunal.esm        NPC_    effe_tei
	tribunal.esm        NPC_    glonagoth
	tribunal.esm        NPC_    king hlaalu helseth
	tribunal.esm        NPC_    ten-tongues_weerhat
	tribunal.esm        WEAP    adamantium_axe
	tribunal.esm        WEAP    adamantium_claymore
	tribunal.esm        WEAP    adamantium_mace
	tribunal.esm        WEAP    adamantium_shortsword
	tribunal.esm        WEAP    adamantium_shortsword_db
	tribunal.esm        WEAP    adamantium_spear
	tribunal.esm        WEAP    bipolar blade
	tribunal.esm        WEAP    black dart
	tribunal.esm        WEAP    bladepiece_01
	tribunal.esm        WEAP    bleeder dart
	tribunal.esm        WEAP    carmine dart
	tribunal.esm        WEAP    centurion_projectile_dart
	tribunal.esm        WEAP    centurion_projectile_dart_shock
	tribunal.esm        WEAP    daedric dagger_bar
	tribunal.esm        WEAP    daedric warhammer_ttgd_x
	tribunal.esm        WEAP    dagger_fang_unique_x
	tribunal.esm        WEAP    dire viperarrow
	tribunal.esm        WEAP    dwarven mace_salandas
	tribunal.esm        WEAP    ebony arrow_sadri
	tribunal.esm        WEAP    ebony dart_db_unique
	tribunal.esm        WEAP    ebony scimitar
	tribunal.esm        WEAP    ebony scimitar_her
	tribunal.esm        WEAP    ebony spear_blessed_unique
	tribunal.esm        WEAP    ebony war axe_elanande
	tribunal.esm        WEAP    ebony_bow_auriel_x
	tribunal.esm        WEAP    fine black dart
	tribunal.esm        WEAP    fine bleeder dart
	tribunal.esm        WEAP    fine carmine dart
	tribunal.esm        WEAP    fine spring dart
	tribunal.esm        WEAP    glass dagger_symmachus_unique
	tribunal.esm        WEAP    goblin_club
	tribunal.esm        WEAP    goblin_sword
	tribunal.esm        WEAP    gravedigger
	tribunal.esm        WEAP    her dart
	tribunal.esm        WEAP    imperial shortsword
	tribunal.esm        WEAP    iron broadsword
	tribunal.esm        WEAP    iron mace
	tribunal.esm        WEAP    king's_oath
	tribunal.esm        WEAP    king's_oath_pc
	tribunal.esm        WEAP    longsword_umbra_unique
	tribunal.esm        WEAP    mace of molag bal_unique_x
	tribunal.esm        WEAP    mace of slurring
	tribunal.esm        WEAP    mace of slurring_x
	tribunal.esm        WEAP    nerevarblade_01
	tribunal.esm        WEAP    nerevarblade_01_flame
	tribunal.esm        WEAP    silver dagger_droth_unique
	tribunal.esm        WEAP    silver dagger_droth_unique_a
	tribunal.esm        WEAP    silver dagger_iryon_unique
	tribunal.esm        WEAP    silver dagger_othril_unique
	tribunal.esm        WEAP    silver dagger_rathalas_unique
	tribunal.esm        WEAP    silver spear_uvenim
	tribunal.esm        WEAP    silver staff
	tribunal.esm        WEAP    silver war axe
	tribunal.esm        WEAP    spear_mercy_unique_x
	tribunal.esm        WEAP    spite_dart
	tribunal.esm        WEAP    spring dart
	tribunal.esm        WEAP    staff_hasedoki_unique_x
	tribunal.esm        WEAP    staff_magnus_unique_x
	tribunal.esm        WEAP    steel battle axe
	tribunal.esm        WEAP    steel broadsword
	tribunal.esm        WEAP    steel mace
	tribunal.esm        WEAP    steel warhammer
	tribunal.esm        WEAP    stendar_hammer_unique
	tribunal.esm        WEAP    stendar_hammer_unique_x
	tribunal.esm        WEAP    sword of almalexia
	tribunal.esm        WEAP    warhammer_crusher_unique_x

[DUP-INF]: ID=102871757476131592(Greeting:greeting 8)
  |DATA|NAME:You poor fellow. Can't you afford decent clothes?|SCVR:01424|INTV: |SCVR:11033|INTV: |SCVR:2ARX0Khajiit|INTV|SCVR:3ARX0Argonian|INTV|SCVR:42sX5Random100|INTV: |BNAM:;Reputation >= 10; PCClothingMod < 10

[DUP-INF]: ID=169222124924501314(Greeting:greeting 0)
  |DATA|CNAM:Guard|ANAM:Skaal Village|NAME:You have violated laws of the Skaal. Though you have been named Blodskaal, you have no means to pay reparations to the Skaal. You must pay with your life.|SCVR:01433|INTV|SCVR:14JX3BM_SkaalAttack|INTV:d|SCVR:22sX0PCHasCrimeGold|INTV:|BNAM:StartCombat Player  Goodbye

[DUP-INF]: ID=389879302635925829(Topic:pilgrimage)
  |DATA|NAME:The pilgrimage shrine nearby commemorates the labor and inspiration of the Tribunal in creating and maintaining the arcane barriers of the Ghostgate. It also memorializes the courage and sacrifice of the Ordinators, Buoyant Armigers, crusaders, and pilgrims who have lost their lives here defending Morrowind against the damnable hosts of Dagoth Ur.|SCVR:08FX0Ashlanders|INTV|SCVR:1CsX0NoLore|INTV:|BNAM:;Ghostgate;

[DUP-INF]: ID=4445282811792129285(Greeting:greeting 0)
  |DATA|CNAM:Guard|ANAM:Skaal Village|NAME:You have violated laws of the Skaal. You have been named Blodskaal, so you are offered a choice: pay %PCCrimeLevel in reparations to the Skaal or pay with your life.|SCVR:01433|INTV|SCVR:14JX3BM_SkaalAttack|INTV:d|SCVR:22sX0PCHasCrimeGold|INTV|BNAM:Choice "Pay reparations." 8 "Resist arrest." 9

[DUP-INF]: ID=7916225451405919152(Greeting:greeting 8)
  |DATA|NAME:I don't believe I've seen a %PCRace with such a grand outfit in some time. Can I help you?|SCVR:01423|INTV|SCVR:2ARX0Khajiit|INTV|SCVR:3ARX0Argonian|INTV|SCVR:42sX5Random100|INTV: |BNAM:;Reputation >= 5; PCClothingMod >= 1000

[MOD-INF]: ID=29332313271766418503(Greeting:greeting 1)
  tribunal.esm->|DATA|ONAM:scamp_creeper|NAME:C'mon...help a scamp out. You gotta need something. I've got booze....|SCVR:03sX0scampGreet|INTV|BNAM:set scampGreet to 4
  MCO.ESP------>|DATA|ONAM:scamp_creeper|NAME:C'mon...help a scamp out. You gotta need something. I've got a magical drum....|SCVR:03sX0scampGreet|INTV|BNAM:set scampGreet to 4
