md_boo.ESP: DUP-INF DUP-REC JUNKCEL MENUMOD MISSAUT MISSDSC MISSVER OVR-REC
    [MENUMOD] Scripts not checking menumode:
	SCPT(md_ghost_jack_script)
    [JUNKCEL] Junk Cells:                        Flags
	Bitter Coast Region (-12, 1)             0x02
	Bitter Coast Region (-12, 2)             0x02
	Bitter Coast Region (-12, 3)             0x02
	Bitter Coast Region (-13, 1)             0x02
	Bitter Coast Region (-13, 2)             0x02
	Bitter Coast Region (-13, 3)             0x02
	Bitter Coast Region (-13, 4)             0x02
	Bitter Coast Region (-14, 2)             0x02
	Bitter Coast Region (-14, 4)             0x02
	Bitter Coast Region (-14, 5)             0x02
	West Gash Region (-15, 7)                0x02
	West Gash Region (-16, 7)                0x02
	West Gash Region (-16, 8)                0x02
	Wilderness (-15, -8)                     0x02
	Wilderness (-19, 14)                     0x02
	Wilderness (-19, 15)                     0x02
	Wilderness (-20, 15)                     0x02
	Wilderness (-28, 24)                     0x02
	Wilderness (-29, 23)                     0x02
    [OVR-REC] Overridden Records:
	From Master         Type    Name
	tribunal.esm        DIAL    greeting 1

[DUP-INF]: ID=13568231434823734(Greeting:greeting 1)
  |DATA|ONAM:lich_relvel|NAME:Weakling! You dare to cross my threshold? You, then, will be the first to fall, before the undead army sweeps across this land like a plague, cleansing it of your flesh.  Die, mortal!|BNAM:StartCombat Player  SetFight 100  Goodbye

[DUP-INF]: ID=310941559979747883(Greeting:greeting 1)
  |DATA|ONAM:svenja_outside|NAME:The winds have whispered to me, %PCName. They have told me of your failure to enter Hrothmund's Barrow. In order to become chieftain of Thirsk, you needed to enter the barrow and grasp the axe of Hrothmund to receive his blessing. Now, that will never happen. This is a sad day. I fear Thirsk will never reopen.|SCVR:04JX0BM_Airship_a|INTV: |BNAM:Journal BM_Airship_c 20  Goodbye

[DUP-INF]: ID=20481194642735427051(Greeting:greeting 1)
  |DATA|NAME:[You have failed your Oath of Silence]|SCVR:34JX3TT_SanctusShrine|INTV|SCVR:44JX4TT_SanctusShrine|INTV:2|BNAM:;ALWAYS LEAVE THIS TOPIC AT THE VERY TOP OF GREETING 1  Journal TT_SanctusShrine 70  Goodbye
