MK_Khajiit.esp: DUP-REC MISSAUT MISSDSC MISSVER OVR-REC
    [OVR-REC] Overridden Records:
	From Master         Type    Name
	morrowind.esm       BODY    b_n_khajiit_f_ankle
	morrowind.esm       BODY    b_n_khajiit_f_chest
	morrowind.esm       BODY    b_n_khajiit_f_feet
	morrowind.esm       BODY    b_n_khajiit_f_forearm
	morrowind.esm       BODY    b_n_khajiit_f_groin
	morrowind.esm       BODY    b_n_khajiit_f_hands
	morrowind.esm       BODY    b_n_khajiit_f_hands.1st
	morrowind.esm       BODY    b_n_khajiit_f_knee
	morrowind.esm       BODY    b_n_khajiit_f_neck
	morrowind.esm       BODY    b_n_khajiit_f_tail
	morrowind.esm       BODY    b_n_khajiit_f_upper arm
	morrowind.esm       BODY    b_n_khajiit_f_upper leg
	morrowind.esm       BODY    b_n_khajiit_f_wrist
	morrowind.esm       BODY    b_n_khajiit_m_ankle
	morrowind.esm       BODY    b_n_khajiit_m_chest
	morrowind.esm       BODY    b_n_khajiit_m_foot
	morrowind.esm       BODY    b_n_khajiit_m_forearm
	morrowind.esm       BODY    b_n_khajiit_m_groin
	morrowind.esm       BODY    b_n_khajiit_m_hands
	morrowind.esm       BODY    b_n_khajiit_m_hands.1st
	morrowind.esm       BODY    b_n_khajiit_m_knee
	morrowind.esm       BODY    b_n_khajiit_m_neck
	morrowind.esm       BODY    b_n_khajiit_m_tail
	morrowind.esm       BODY    b_n_khajiit_m_upper arm
	morrowind.esm       BODY    b_n_khajiit_m_upper leg
	morrowind.esm       BODY    b_n_khajiit_m_wrist
