Morag Tong Expanded_3.esp: DUP-REC MENUMOD MISSAUT MISSDSC MISSVER OVR-REC
    [MENUMOD] Scripts not checking menumode:
	SCPT(mte_falcienwrit)
    [OVR-REC] Overridden Records:
	From Master         Type    Name
	bloodmoon.esm       LTEX    ac_darkgravel
	bloodmoon.esm       LTEX    sand_02
	morrowind.esm       DIAL    ilmeni dren
	morrowind.esm       DIAL    morag tong
	morrowind.esm       DIAL    sleepers
	morrowind.esm       DIAL    special duties
	morrowind.esm       DIAL    work
	morrowind.esm       LAND    (7, 23)
	morrowind.esm       LTEX    ac_darkstone01
	morrowind.esm       LTEX    ac_darkstone02
	morrowind.esm       LTEX    ac_darkstone_grass
	morrowind.esm       LTEX    al_road_01
	morrowind.esm       LTEX    tx_ai_mudflats_01.tga
	morrowind.esm       NPC_    severa magia
	morrowind.esm       NPC_    tavynu tedran
	tribunal.esm        DIAL    business
	tribunal.esm        DIAL    greeting 5
