Morrowind Rebirth - Skills [Addon].ESP: DUP-REC MISSAUT MISSDSC MISSVER NUMRECS OVR-REC
    [NUMRECS]: number of records in TES3.HEDR (91) != Actual count (19)
    [OVR-REC] Overridden Records:
	From Master         Type    Name
	morrowind.esm       SKIL    0
	morrowind.esm       SKIL    1
	morrowind.esm       SKIL    16
	morrowind.esm       SKIL    17
	morrowind.esm       SKIL    18
	morrowind.esm       SKIL    19
	morrowind.esm       SKIL    2
	morrowind.esm       SKIL    20
	morrowind.esm       SKIL    21
	morrowind.esm       SKIL    23
	morrowind.esm       SKIL    24
	morrowind.esm       SKIL    25
	morrowind.esm       SKIL    3
	morrowind.esm       SKIL    4
	morrowind.esm       SKIL    5
	morrowind.esm       SKIL    6
	morrowind.esm       SKIL    7
	morrowind.esm       SKIL    8
	morrowind.esm       SKIL    9
