Morrowind Anti-Cheese addendum.esp: DUP-REC MISSAUT MISSDSC MISSVER NUMRECS OVR-REC SCRDOOR
    [NUMRECS]: number of records in TES3.HEDR (102) != Actual count (30)
    [SCRDOOR] Bethesda doors that have had scripts attached to them:
	door_cavern_vassir_un                doorVassirDidanat
    [DUP-REC] Duplicate Records:
	From Master         Type    Name
	morrowind.esm       CONT    crate_01_ghorak
	morrowind.esm       CONT    de_r_chest_01_sanctus
	morrowind.esm       DOOR    door_cavern_vassir_un
    [OVR-REC] Overridden Records:
	From Master         Type    Name
	morrowind.esm       ENCH    am_amuletofshadows_en
	morrowind.esm       ENCH    fire storm_en
	morrowind.esm       ENCH    ironhand_en
	morrowind.esm       ENCH    lightning storm_en
	morrowind.esm       ENCH    toxic cloud_en
	morrowind.esm       NPC_    agronian guy
	morrowind.esm       NPC_    duma gro-lag
	morrowind.esm       NPC_    feril salmyn
	morrowind.esm       NPC_    foryn gilnith
	morrowind.esm       NPC_    ghoragdush gro-kashug
	morrowind.esm       NPC_    gulfim gra-borbul
	morrowind.esm       NPC_    llirala sendas
	morrowind.esm       NPC_    lorzub gro-bogla
	morrowind.esm       NPC_    synette jeline
	morrowind.esm       NPC_    urul gro-ghorak
	morrowind.esm       WEAP    demon katana
	morrowind.esm       WEAP    demon longbow
