Morrowind XP.esp: DUP-INF DUP-REC JUNKCEL MENUMOD MISSAUT MISSDSC MISSVER NUMRECS OVR-REC
    [NUMRECS]: number of records in TES3.HEDR (324) != Actual count (323)
    [MENUMOD] Scripts not checking menumode:
	SCPT(Floati)
	SCPT(IntPower)
	SCPT(LogScript)
	SCPT(MathConstants)
	SCPT(MiscQuestXP)
	SCPT(NPCData)
	SCPT(NaturalLog)
	SCPT(QuestXP)
	SCPT(XPMeter)
	SCPT(XPMeterLoad)
	SCPT(XPQuestReward)
	SCPT(XPSpells2)
	SCPT(aaeti2)
	SCPT(aaeti2BM)
	SCPT(aaeti3)
	SCPT(aalev)
	SCPT(aalev2boost)
	SCPT(aalocXP2)
	SCPT(aalocXP3)
	SCPT(aalocterm)
	SCPT(aalocxp)
	SCPT(aalocxpBM)
	SCPT(aamark)
	SCPT(aameter4)
	SCPT(aanotifyXP)
	SCPT(aarep)
	SCPT(aaskillbooster)
	SCPT(aaskilliXP)
	SCPT(aaskillmax)
	SCPT(aasleepy)
	SCPT(aasneakixp)
	SCPT(aaterm)
	SCPT(aattributegain)
	SCPT(aaunixp2)
	SCPT(abok3reward)
	SCPT(artifaktreward)
	SCPT(bonusskill)
	SCPT(conbonusskill)
	SCPT(levcon)
	SCPT(levelreset)
	SCPT(mathtest)
	SCPT(scrollreward)
	SCPT(skillichart)
	SCPT(skillinousu)
	SCPT(skillinousuarm)
	SCPT(skillinousuenc)
	SCPT(skillinoususec)
	SCPT(skillinoususne)
	SCPT(slaveScript)
	SCPT(variablesave)
	SCPT(xpslave)
	SCPT(xptestitime)
    [JUNKCEL] Junk Cells:                        Flags
	Bitter Coast Region (-12, 1)             0x02
	Bitter Coast Region (-12, 2)             0x02
	Bitter Coast Region (-12, 3)             0x02
	Bitter Coast Region (-13, 1)             0x02
	Bitter Coast Region (-13, 2)             0x02
	Bitter Coast Region (-13, 3)             0x02
	Bitter Coast Region (-13, 4)             0x02
	Bitter Coast Region (-14, 2)             0x02
	Bitter Coast Region (-14, 4)             0x02
	Bitter Coast Region (-14, 5)             0x02
	West Gash Region (-15, 7)                0x02
	West Gash Region (-16, 7)                0x02
	West Gash Region (-16, 8)                0x02
	Wilderness (-15, -8)                     0x02
	Wilderness (-19, 14)                     0x02
	Wilderness (-19, 15)                     0x02
	Wilderness (-20, 15)                     0x02
	Wilderness (-28, 24)                     0x02
	Wilderness (-29, 23)                     0x02
    [OVR-REC] Overridden Records:
	From Master         Type    Name
	morrowind.esm       GMST    ilevelup01mult
	morrowind.esm       GMST    ilevelup02mult
	morrowind.esm       GMST    ilevelup03mult
	morrowind.esm       GMST    ilevelup04mult
	morrowind.esm       GMST    ilevelup05mult
	morrowind.esm       GMST    ilevelup06mult
	morrowind.esm       GMST    ilevelup07mult
	morrowind.esm       GMST    ilevelup08mult
	morrowind.esm       GMST    ilevelup09mult
	morrowind.esm       GMST    ilevelup10mult
	morrowind.esm       GMST    ilevelupmajormult
	morrowind.esm       GMST    ilevelupminormult
	morrowind.esm       GMST    ilevelupspecialization
	morrowind.esm       GMST    ileveluptotal
	morrowind.esm       GMST    snotifymessage38
	morrowind.esm       GMST    snotifymessage39
	morrowind.esm       GMST    snotifymessage40
	morrowind.esm       GMST    snotifymessage41
	morrowind.esm       SKIL    0
	morrowind.esm       SKIL    1
	morrowind.esm       SKIL    10
	morrowind.esm       SKIL    11
	morrowind.esm       SKIL    12
	morrowind.esm       SKIL    13
	morrowind.esm       SKIL    14
	morrowind.esm       SKIL    15
	morrowind.esm       SKIL    16
	morrowind.esm       SKIL    17
	morrowind.esm       SKIL    18
	morrowind.esm       SKIL    19
	morrowind.esm       SKIL    2
	morrowind.esm       SKIL    20
	morrowind.esm       SKIL    21
	morrowind.esm       SKIL    22
	morrowind.esm       SKIL    23
	morrowind.esm       SKIL    24
	morrowind.esm       SKIL    25
	morrowind.esm       SKIL    26
	morrowind.esm       SKIL    3
	morrowind.esm       SKIL    4
	morrowind.esm       SKIL    5
	morrowind.esm       SKIL    6
	morrowind.esm       SKIL    7
	morrowind.esm       SKIL    8
	morrowind.esm       SKIL    9
	morrowind.esm       SOUN    skillraise
	tribunal.esm        DIAL    greeting 5

[DUP-INF]: ID=27518247831477521212(Greeting:greeting 5)
  |DATA|ONAM:Geon Auline|NAME:Hello.  I am Geon Auline, collector of fine artifacts.|SCVR:04JX0MS_EstateSale|INTV:
