MorrowindBladedWeaponsImmersionTuning.ESP: DUP-REC MISSAUT MISSDSC MISSVER OVR-REC
    [OVR-REC] Overridden Records:
	From Master         Type    Name
	morrowind.esm       WEAP    daedric dai-katana
	morrowind.esm       WEAP    daedric katana
	morrowind.esm       WEAP    daedric wakizashi
	morrowind.esm       WEAP    daedric wakizashi_hhst
	morrowind.esm       WEAP    demon katana
	morrowind.esm       WEAP    devil katana
	morrowind.esm       WEAP    dwarven halberd
	morrowind.esm       WEAP    dwarven halberd_soultrap
	morrowind.esm       WEAP    fiend katana
	morrowind.esm       WEAP    glass halberd
	morrowind.esm       WEAP    iron flamecleaver
	morrowind.esm       WEAP    iron halberd
	morrowind.esm       WEAP    iron saber
	morrowind.esm       WEAP    iron shardcleaver
	morrowind.esm       WEAP    iron sparkcleaver
	morrowind.esm       WEAP    iron vipercleaver
	morrowind.esm       WEAP    iron wakizashi
	morrowind.esm       WEAP    katana_bluebrand_unique
	morrowind.esm       WEAP    katana_goldbrand_unique
	morrowind.esm       WEAP    shockbite halberd
	morrowind.esm       WEAP    steel dai-katana
	morrowind.esm       WEAP    steel flamecleaver
	morrowind.esm       WEAP    steel flamescythe
	morrowind.esm       WEAP    steel halberd
	morrowind.esm       WEAP    steel katana
	morrowind.esm       WEAP    steel saber
	morrowind.esm       WEAP    steel shardcleaver
	morrowind.esm       WEAP    steel shardscythe
	morrowind.esm       WEAP    steel sparkcleaver
	morrowind.esm       WEAP    steel sparkscythe
	morrowind.esm       WEAP    steel vipercleaver
	morrowind.esm       WEAP    steel viperscythe
	morrowind.esm       WEAP    steel wakizashi
