mtrDwemerPuzzleBoxRandomizer.ESP: EXP-DEP MENUMOD MISSVER
    [EXP-DEP] Expansion Dependency: Startup Script: mtrdpbrstartup
    [MENUMOD] Scripts not checking menumode:
	SCPT(Dwemer_box)
	SCPT(mtrDPBR00)
	SCPT(mtrDPBR01)
	SCPT(mtrDPBR02)
	SCPT(mtrDPBR03)
	SCPT(mtrDPBR04)
	SCPT(mtrDPBR05)
	SCPT(mtrDPBR06)
	SCPT(mtrDPBR07)
	SCPT(mtrDPBR08)
	SCPT(mtrDPBR09)
	SCPT(mtrDPBR10)
	SCPT(mtrDPBR100)
	SCPT(mtrDPBR101)
	SCPT(mtrDPBR102)
	SCPT(mtrDPBR103)
	SCPT(mtrDPBR104)
	SCPT(mtrDPBR105)
	SCPT(mtrDPBR106)
	SCPT(mtrDPBR107)
	SCPT(mtrDPBR108)
	SCPT(mtrDPBR109)
	SCPT(mtrDPBR11)
	SCPT(mtrDPBR110)
	SCPT(mtrDPBR111)
	SCPT(mtrDPBR112)
	SCPT(mtrDPBR113)
	SCPT(mtrDPBR114)
	SCPT(mtrDPBR115)
	SCPT(mtrDPBR116)
	SCPT(mtrDPBR117)
	SCPT(mtrDPBR118)
	SCPT(mtrDPBR119)
	SCPT(mtrDPBR12)
	SCPT(mtrDPBR120)
	SCPT(mtrDPBR121)
	SCPT(mtrDPBR122)
	SCPT(mtrDPBR123)
	SCPT(mtrDPBR124)
	SCPT(mtrDPBR125)
	SCPT(mtrDPBR126)
	SCPT(mtrDPBR127)
	SCPT(mtrDPBR128)
	SCPT(mtrDPBR129)
	SCPT(mtrDPBR13)
	SCPT(mtrDPBR130)
	SCPT(mtrDPBR131)
	SCPT(mtrDPBR132)
	SCPT(mtrDPBR133)
	SCPT(mtrDPBR134)
	SCPT(mtrDPBR135)
	SCPT(mtrDPBR136)
	SCPT(mtrDPBR137)
	SCPT(mtrDPBR138)
	SCPT(mtrDPBR139)
	SCPT(mtrDPBR14)
	SCPT(mtrDPBR140)
	SCPT(mtrDPBR141)
	SCPT(mtrDPBR15)
	SCPT(mtrDPBR16)
	SCPT(mtrDPBR17)
	SCPT(mtrDPBR18)
	SCPT(mtrDPBR19)
	SCPT(mtrDPBR20)
	SCPT(mtrDPBR21)
	SCPT(mtrDPBR22)
	SCPT(mtrDPBR23)
	SCPT(mtrDPBR24)
	SCPT(mtrDPBR25)
	SCPT(mtrDPBR26)
	SCPT(mtrDPBR27)
	SCPT(mtrDPBR28)
	SCPT(mtrDPBR29)
	SCPT(mtrDPBR30)
	SCPT(mtrDPBR31)
	SCPT(mtrDPBR32)
	SCPT(mtrDPBR33)
	SCPT(mtrDPBR34)
	SCPT(mtrDPBR35)
	SCPT(mtrDPBR36)
	SCPT(mtrDPBR37)
	SCPT(mtrDPBR38)
	SCPT(mtrDPBR39)
	SCPT(mtrDPBR40)
	SCPT(mtrDPBR41)
	SCPT(mtrDPBR42)
	SCPT(mtrDPBR43)
	SCPT(mtrDPBR44)
	SCPT(mtrDPBR45)
	SCPT(mtrDPBR46)
	SCPT(mtrDPBR47)
	SCPT(mtrDPBR48)
	SCPT(mtrDPBR49)
	SCPT(mtrDPBR50)
	SCPT(mtrDPBR51)
	SCPT(mtrDPBR52)
	SCPT(mtrDPBR53)
	SCPT(mtrDPBR54)
	SCPT(mtrDPBR55)
	SCPT(mtrDPBR56)
	SCPT(mtrDPBR57)
	SCPT(mtrDPBR58)
	SCPT(mtrDPBR59)
	SCPT(mtrDPBR60)
	SCPT(mtrDPBR61)
	SCPT(mtrDPBR62)
	SCPT(mtrDPBR63)
	SCPT(mtrDPBR64)
	SCPT(mtrDPBR65)
	SCPT(mtrDPBR66)
	SCPT(mtrDPBR67)
	SCPT(mtrDPBR68)
	SCPT(mtrDPBR69)
	SCPT(mtrDPBR70)
	SCPT(mtrDPBR71)
	SCPT(mtrDPBR72)
	SCPT(mtrDPBR73)
	SCPT(mtrDPBR74)
	SCPT(mtrDPBR75)
	SCPT(mtrDPBR76)
	SCPT(mtrDPBR77)
	SCPT(mtrDPBR78)
	SCPT(mtrDPBR79)
	SCPT(mtrDPBR80)
	SCPT(mtrDPBR81)
	SCPT(mtrDPBR82)
	SCPT(mtrDPBR83)
	SCPT(mtrDPBR84)
	SCPT(mtrDPBR85)
	SCPT(mtrDPBR86)
	SCPT(mtrDPBR87)
	SCPT(mtrDPBR88)
	SCPT(mtrDPBR89)
	SCPT(mtrDPBR90)
	SCPT(mtrDPBR91)
	SCPT(mtrDPBR92)
	SCPT(mtrDPBR93)
	SCPT(mtrDPBR94)
	SCPT(mtrDPBR95)
	SCPT(mtrDPBR96)
	SCPT(mtrDPBR97)
	SCPT(mtrDPBR98)
	SCPT(mtrDPBR99)
	SCPT(mtrDPBRStartup)
