Mudcrab Island.esp: DUP-REC MENUMOD MISSVER OVR-REC
    [MENUMOD] Scripts not checking menumode:
	SCPT(MI_Cask_Brandy)
	SCPT(MI_Cask_Flin)
	SCPT(MI_Cask_Greef)
	SCPT(MI_Cask_Matze)
	SCPT(MI_Cask_Shein)
	SCPT(MI_Cask_Sujamma)
	SCPT(MI_chandelierlight_script)
	SCPT(MI_do_not_open_script)
	SCPT(MI_dummy_script)
	SCPT(MI_firepit_out_script)
	SCPT(MI_firepit_script)
	SCPT(MI_ingredient_chest_script)
	SCPT(MI_ingredient_fixer)
	SCPT(MI_kitten_script)
	SCPT(MI_mannequin_base_placeholder)
	SCPT(MI_mannequin_base_script)
	SCPT(MI_mannequin_script)
	SCPT(MI_night_script)
	SCPT(MI_practice_dummy_script)
	SCPT(MI_quest_00_script)
	SCPT(MI_quest_01_script)
	SCPT(MI_quest_02_script)
	SCPT(MI_quest_03_script)
	SCPT(MI_rat_script)
	SCPT(MI_rowboat_script_global)
	SCPT(MI_sec)
	SCPT(MI_ship_manifest_script)
	SCPT(MI_sleepingbag_ph_script)
	SCPT(MI_sleepingbag_script)
	SCPT(MI_startscript)
	SCPT(MI_sunbeam_SE_script)
	SCPT(MI_sunbeam_SW_script)
	SCPT(MI_tinderbox_script)
	SCPT(MI_trapped_door_script)
	SCPT(MI_windowlight_script)
    [OVR-REC] Overridden Records:
	From Master         Type    Name
	morrowind.esm       PGRD    azura's coast region
