Mudcrab Imports.esp: DUP-INF DUP-REC MASTERS MENUMOD MISSVER OVR-REC
    MASTERS: out of sync with the masters installed in your Data Files directory:
	OAAB_Data.esm                1384891 (plugin)    1567893 (installed size)
    [MENUMOD] Scripts not checking menumode:
	SCPT(MCT_JollyNecroReturn)
	SCPT(MCT_SlaveTogetherScr)
	SCPT(MCT_SogTravelerSCScr)
	SCPT(MCT_daryan15)
	SCPT(MCT_daryandie)
	SCPT(MCT_daryandie10)
	SCPT(MCT_daryanship10)
	SCPT(MCT_return20)
	SCPT(MCT_slave1die)
	SCPT(MCT_slave2die)
	SCPT(MCTjollyNecroreturn)
	SCPT(MCTjollycrewreturn)
	SCPT(MCTpassageScr)
	SCPT(MCTsailScr)
	SCPT(MCTslave1return)
	SCPT(MCTslave2return)
	SCPT(MCTsmokeskooma)
	SCPT(MI_DisableOnce)
	SCPT(MI_tenticlescr1)
	SCPT(SSA_BringLostShips)
	SCPT(SSA_CTLightsOffDuringCE)
	SCPT(SSA_CurseEventEndWakeUpScr)
	SCPT(SSA_CursedEventOnlyScr)
	SCPT(SSA_CursedSountEventScr)
	SCPT(SSA_KilledFScap)
	SCPT(SSA_LostShipBattle1)
	SCPT(SSA_LostShipsHere)
	SCPT(SSA_crimson110Skl)
	SCPT(SSA_crimson110Sklxx)
	SCPT(SSA_crimson110en)
	SCPT(SSA_crimsonreturnAct)
	SCPT(SSA_crimsonsleep1)
	SCPT(SSA_crimsonsleep2)
	SCPT(SSA_crimsonsleepF)
	SCPT(SSA_fallpitdie)
	SCPT(SSA_maleclosetLock)
	SCPT(SSA_pitlockeddoor)
	SCPT(SSA_pitlockeddoor2)
	SCPT(SSA_pitlockeddoorF)
	SCPT(SSA_redshipsoundLoc1)
	SCPT(SSA_redshipsoundLoc2)
	SCPT(SSA_rejumpCr140)
	SCPT(SSA_rejumpCr320)
	SCPT(SSA_rejumpCr60)
	SCPT(SSA_rejumpDar20)
	SCPT(SSA_seachest1scr)
	SCPT(SSA_seachest2scr)
	SCPT(SSA_seamagebook)
	SCPT(SSA_serenaclosetLock)
	SCPT(SSA_slavequestbook)
	SCPT(SSA_westonsteal180sc)
	SCPT(SSA_westonsteal190sc)
	SCPT(SSA_westonsteal200sc)
	SCPT(SSA_westonsteal210sc)
	SCPT(SSA_westonstealScr)
	SCPT(SSAdockclimbSCR)
	SCPT(SSAevillichDie)
	SCPT(SSAkovoneCabinLock)
	SCPT(SSAlongboatatMCT)
	SCPT(SSAlongboatatSC)
	SCPT(SSAlostshipAct)
	SCPT(SSAlostshipActB)
	SCPT(SSAredboatLoc1)
	SCPT(SSAredboatLoc2)
	SCPT(SSAredboatLoc3)
	SCPT(SSAredboatLoc4)
	SCPT(SSAredboatLoc5)
	SCPT(SSAredshipLoc1)
	SCPT(SSAredshipLoc2)
	SCPT(SSAredshipLoc3)
	SCPT(SSAredshipLoc4)
	SCPT(SSAslavetrans)
	SCPT(SSAwestonCabinLock)
    [OVR-REC] Overridden Records:
	From Master         Type    Name
	morrowind.esm       DIAL    skooma
	morrowind.esm       PGRD    azura's coast region
	tribunal.esm        DIAL    greeting 5

[DUP-INF]: ID=775770141550111364(Greeting:greeting 5)
  |DATA|ONAM:Geon Auline|NAME:Have you acquired the Droth Dagger?|SCVR:04JX3MS_EstateSale|INTV
