Museum of Vvardenfell.esp: DUP-INF DUP-REC MASTERS MENUMOD MISSAUT MISSDSC MISSVER MOD-INF OVR-REC
    MASTERS: out of sync with the masters installed in your Data Files directory:
	OAAB_Data.esm                1384891 (plugin)    1567893 (installed size)
    [MENUMOD] Scripts not checking menumode:
	SCPT(1_Beginning_museum)
	SCPT(1_Gimo_ghost_UI)
	SCPT(1_Gimothran_Sc)
	SCPT(1_Inmatalis_sc)
	SCPT(1_Island_Nord_Duel)
	SCPT(1_Keening_display)
	SCPT(1_Savior_display)
	SCPT(1_Skull_display)
	SCPT(1_Sunder_display)
	SCPT(1_Test_Stages)
	SCPT(1_Vevris_1)
	SCPT(1_Vevris_2)
	SCPT(1_WrathG_display)
	SCPT(1_alit_ui_sc)
	SCPT(1_apo_display)
	SCPT(1_ascelon_display)
	SCPT(1_auriel_buff)
	SCPT(1_auriel_display)
	SCPT(1_auriels_buff)
	SCPT(1_auriels_display)
	SCPT(1_bip_display)
	SCPT(1_bitter_display)
	SCPT(1_blind_display)
	SCPT(1_blood_display)
	SCPT(1_bloodworm_buff)
	SCPT(1_breaker_display)
	SCPT(1_celest_display)
	SCPT(1_chrys_buff)
	SCPT(1_chrys_display)
	SCPT(1_crescent_display)
	SCPT(1_doki_display)
	SCPT(1_dragon_display)
	SCPT(1_elei_display)
	SCPT(1_fang_display)
	SCPT(1_gold_display)
	SCPT(1_hir_UI_sc)
	SCPT(1_ice_display)
	SCPT(1_iceb_buff)
	SCPT(1_judge_display)
	SCPT(1_khajiit_display)
	SCPT(1_lord_display)
	SCPT(1_magnus_display)
	SCPT(1_mail_display)
	SCPT(1_meh_display)
	SCPT(1_mem_display)
	SCPT(1_memory_skyrim_script)
	SCPT(1_mentor_display)
	SCPT(1_mercy_display)
	SCPT(1_molag_display)
	SCPT(1_molagbal_script)
	SCPT(1_museum_2)
	SCPT(1_museum_comp)
	SCPT(1_museum_comp_door1)
	SCPT(1_museum_comp_door2)
	SCPT(1_museum_comp_door3)
	SCPT(1_museum_docks_ui)
	SCPT(1_museum_mid)
	SCPT(1_museum_start)
	SCPT(1_museum_walls)
	SCPT(1_ore_display)
	SCPT(1_pace_display)
	SCPT(1_phy_display)
	SCPT(1_robel_display)
	SCPT(1_salo_display)
	SCPT(1_scourge_display)
	SCPT(1_scourge_unique)
	SCPT(1_shadows_buff)
	SCPT(1_shadows_display)
	SCPT(1_slurr_display)
	SCPT(1_star_display)
	SCPT(1_store_clo)
	SCPT(1_store_main)
	SCPT(1_store_sm)
	SCPT(1_symm_display)
	SCPT(1_umbra_display)
	SCPT(1_umbra_soul_check)
	SCPT(1_umbra_unique_UI)
	SCPT(1_vampire_display)
	SCPT(1_vevris_2_script)
	SCPT(1_vevris_3)
	SCPT(1_visitor_chance)
	SCPT(1_volen_buff)
	SCPT(1_volen_display)
	SCPT(1_warlock_display)
	SCPT(1_wind_display)
	SCPT(1_worker_1)
	SCPT(1_worker_2)
	SCPT(1_worker_3)
	SCPT(1_worker_5)
	SCPT(1_worker_6)
	SCPT(1_worker_greet)
	SCPT(1_worker_script)
	SCPT(1_working_wow)
	SCPT(_Starting_note_UI)
    [DUP-REC] Duplicate Records:
	From Master         Type    Name
	morrowind.esm       DOOR    ex_common_door_01
	morrowind.esm       LTEX    sand
	morrowind.esm       WEAP    fork_horripilation_unique
    [OVR-REC] Overridden Records:
	From Master         Type    Name
	bloodmoon.esm       LTEX    ac_darkgravel
	bloodmoon.esm       LTEX    sand_02
	morrowind.esm       ARMO    bloodworm_helm_unique
	morrowind.esm       ARMO    cuirass_savior_unique
	morrowind.esm       ARMO    ebony_shield_auriel
	morrowind.esm       ARMO    tenpaceboots
	morrowind.esm       CLOT    ring_warlock_unique
	morrowind.esm       DIAL    bitter cup
	morrowind.esm       DIAL    keening
	morrowind.esm       DIAL    ring of the wind
	morrowind.esm       DIAL    work
	morrowind.esm       ENCH    aura of khajiit
	morrowind.esm       ENCH    curse of scourge
	morrowind.esm       ENCH    hasedoki's hand
	morrowind.esm       ENCH    hircine's blessing
	morrowind.esm       ENCH    mehrune's razor_en
	morrowind.esm       ENCH    warlock's sphere
	morrowind.esm       ENCH    weight of the apostle
	morrowind.esm       ENCH    wrath of magnus
	morrowind.esm       LAND    (12, 12)
	morrowind.esm       LAND    (12, 13)
	morrowind.esm       LAND    (13, 12)
	morrowind.esm       LTEX    ac_darkstone01
	morrowind.esm       LTEX    ac_darkstone02
	morrowind.esm       LTEX    ac_darkstone_grass
	morrowind.esm       LTEX    ac_dirt_01
	morrowind.esm       LTEX    ac_dirt_grass_01
	morrowind.esm       LTEX    gl_dirt_01
	morrowind.esm       LTEX    gl_dirt_grass_01
	morrowind.esm       LTEX    gl_dirtroad
	morrowind.esm       LTEX    gl_grass_01
	morrowind.esm       LTEX    gl_grass_02
	morrowind.esm       LTEX    gl_grass_03
	morrowind.esm       LTEX    gl_grass_05
	morrowind.esm       LTEX    gl_rock_01
	morrowind.esm       LTEX    gl_rock_02
	morrowind.esm       LTEX    wg_scrub plain
	morrowind.esm       NPC_    dead random male
	morrowind.esm       NPC_    ruvene ulven
	morrowind.esm       NPC_    ulvon uleni
	morrowind.esm       PGRD    grazelands region
	morrowind.esm       WEAP    claymore_chrysamere_unique
	morrowind.esm       WEAP    claymore_iceblade_unique
	morrowind.esm       WEAP    daedric_scourge_unique
	morrowind.esm       WEAP    dwarven_hammer_volendrung
	morrowind.esm       WEAP    ebony_bow_auriel
	morrowind.esm       WEAP    longbow_shadows_unique
	morrowind.esm       WEAP    mace of molag bal_unique
	morrowind.esm       WEAP    staff_hasedoki_unique
	morrowind.esm       WEAP    staff_magnus_unique
	tribunal.esm        DIAL    auriel's bow
	tribunal.esm        DIAL    auriel's shield
	tribunal.esm        DIAL    background
	tribunal.esm        DIAL    bipolar blade
	tribunal.esm        DIAL    bloodworm helm
	tribunal.esm        DIAL    boots of blinding speed
	tribunal.esm        DIAL    boots of the apostle
	tribunal.esm        DIAL    bow of shadows
	tribunal.esm        DIAL    chrysamere
	tribunal.esm        DIAL    dagger of symmachus
	tribunal.esm        DIAL    dragonbone cuirass
	tribunal.esm        DIAL    ebony mail
	tribunal.esm        DIAL    eleidon's ward
	tribunal.esm        DIAL    fang of haynekhtnamet
	tribunal.esm        DIAL    goldbrand
	tribunal.esm        DIAL    greeting 1
	tribunal.esm        DIAL    helm of oreyn bearclaw
	tribunal.esm        DIAL    ice blade of the monarch
	tribunal.esm        DIAL    lord's mail
	tribunal.esm        DIAL    mace of molag bal
	tribunal.esm        DIAL    mace of slurring
	tribunal.esm        DIAL    ring of phynaster
	tribunal.esm        DIAL    robe of the lich
	tribunal.esm        DIAL    skull-crusher
	tribunal.esm        DIAL    spear of bitter mercy
	tribunal.esm        DIAL    spell breaker
	tribunal.esm        DIAL    staff of hasedoki
	tribunal.esm        DIAL    staff of magnus
	tribunal.esm        DIAL    ten pace boots
	tribunal.esm        DIAL    umbra sword
	tribunal.esm        DIAL    vampiric ring
	tribunal.esm        DIAL    veloth's judgement
	tribunal.esm        DIAL    warlock's ring
	tribunal.esm        ENCH    bipolar blade_en
	tribunal.esm        NPC_    torasa aram
	tribunal.esm        WEAP    longsword_umbra_unique

[MOD-INF]: ID=1349553444937427(Topic:umbra sword)
  tribunal.esm-------------->|DATA|ONAM:Torasa Aram|NAME:Thank you, %PCName. It will be safe here, I assure you.|SCVR:01500|INTV|SCVR:15IX0longsword_umbra_unique|INTV|BNAM:set umbrasword to 2  player->removeitem "longsword_umbra_unique" 1  player->additem "gold_001" 30000  "longsword_umbra_unique_x"->Enable
  Museum of Vvardenfell.esp->|DATA|ONAM:Torasa Aram|NAME:Thank you, %PCName. It will be safe here, I assure you.|SCVR:01500|INTV|SCVR:15IX0longsword_umbra_unique|INTV|BNAM:set umbrasword to 2  player->removeitem "longsword_umbra_unique" 1  Player->RemoveSpell "1_Umbra_Hunger"  Player->RemoveSpell "1_umbra_buff_2"  Player->RemoveSpell "1_umbra_buff_3"  Player->RemoveSpell "1_umbra_buff_4"  Player->RemoveSpell "1_umbra_buff_5"  Player->RemoveSpell "1_Umbra_Blessing"  Player->RemoveSpell "1_Umbra_Regeneration"  player->additem "gold_001" 30000  "longsword_umbra_unique_x"->Enable

[DUP-INF]: ID=8731305225273977(Topic:lord's mail)
  |DATA|ONAM:Varus Vatinius|NAME:You've been expelled. Join the Imperial Legion again. Then you can return the Lord's Mail with honor.|SCVR:01390|INTV

[DUP-INF]: ID=8928285342519022(Topic:staff of magnus)
  |DATA|ONAM:ajira|NAME:Ajira hears you are expelled. Ajira was told to say you should make amends with the Arch-Mage, but Ajira tells you that the wizards here have many things to do and many things on their minds. Soon Ranis Athrys will forget you are expelled and then Ajira can speak with you again.|SCVR:01390|INTV

[DUP-INF]: ID=22723578412252436(Topic:auriel's bow)
  |DATA|ONAM:therana|NAME:No, not right now, thank you.|SCVR:34JX3HT_AurielBow|INTV:d

[DUP-INF]: ID=24434895465220701(Topic:ring of the wind)
  |DATA|RNAM:Dark Elf|CNAM:Scout|NAME:So. You found the Ring of the Wind? Fascinating. Sit down and tell me all about it....|SCVR:04JX3IC25_JonHawker|INTV:2|SCVR:1CsX0NoLore|INTV:

[DUP-INF]: ID=77799197247101426(Topic:dragonbone cuirass)
  |DATA|ONAM:Torasa Aram|NAME:What?  How is it that you have this?  This was part of the museum's collection!  GUARDS!|SCVR:03sX0dragonbone|INTV|SCVR:15IX2dragonbone_cuirass_unique|INTV:|BNAM:SetPCCrimeLevel 100000  Set PCThief to 1  Goodbye

[MOD-INF]: ID=78359778307403090(Topic:auriel's shield)
  tribunal.esm-------------->|DATA|ONAM:Torasa Aram|NAME:Thank you, %PCName.  We shall display it proudly.|SCVR:01500|INTV|SCVR:15IX3ebony_shield_auriel|INTV|BNAM:set aurielshield to 2  player->removeitem "ebony_shield_auriel" 1  set MuseumDonations to MuseumDonations + 1  "ebony_shield_auriel_x"->Enable  moddisposition 5
  Museum of Vvardenfell.esp->|DATA|ONAM:Torasa Aram|NAME:Thank you, %PCName.  We shall display it proudly.|SCVR:01500|INTV|SCVR:15IX3ebony_shield_auriel|INTV|BNAM:set aurielshield to 2  player->removeitem "ebony_shield_auriel" 1  Player->removespell "1_auriels_en"  set MuseumDonations to MuseumDonations + 1  "ebony_shield_auriel_x"->Enable  moddisposition 5

[DUP-INF]: ID=104962581127730046(Topic:boots of the apostle)
  |DATA|ONAM:Ama Nin_DisguiseMara|NAME:No. I haven't seen any boots anywhere. But... I do believe I saw the remains of some poor wretch down on the floor of the cavern where the winged twilights stand watch. I wonder... perhaps he was wearing the boots you seek.

[DUP-INF]: ID=110818748366111580(Topic:mace of slurring)
  |DATA|ONAM:Torasa Aram|NAME:What? How is it that you have this? This is part of the museum's collection! GUARDS!|SCVR:03sX0maceslurring|INTV|SCVR:15IX0Mace of Slurring|INTV|BNAM:SetPCCrimeLevel 10000  Set PCThief to 1  Goodbye

[MOD-INF]: ID=116735188533230492(Topic:mace of molag bal)
  tribunal.esm-------------->|DATA|ONAM:Torasa Aram|NAME:It will occupy a place of honor in our collection.  Thank you, %PCName.|SCVR:01500|INTV|SCVR:15IX3mace of molag bal_unique|INTV|BNAM:set macemolagbal to 2  player->removeitem "mace of molag bal_unique" 1  player->additem "gold_001" 17500  "mace of molag bal_unique_x"->Enable
  Museum of Vvardenfell.esp->|DATA|ONAM:Torasa Aram|NAME:It will occupy a place of honor in our collection.  Thank you, %PCName.|SCVR:01500|INTV|SCVR:15IX3mace of molag bal_unique|INTV|BNAM:set macemolagbal to 2  player->removeitem "mace of molag bal_unique" 1  Player->removespell "1_molag_buff"  player->additem "gold_001" 17500  "mace of molag bal_unique_x"->Enable

[DUP-INF]: ID=128391262268073001(Topic:eleidon's ward)
  |DATA|ONAM:Torasa Aram|NAME:What?  How is it that you have this?  This was part of the museum's collection!  GUARDS!|SCVR:03sX0eleidonsward|INTV|SCVR:15IX2towershield_eleidon_unique|INTV:|BNAM:SetPCCrimeLevel 100000  Set PCThief to 1  Goodbye

[DUP-INF]: ID=131252357167441766(Topic:fang of haynekhtnamet)
  |DATA|ONAM:Torasa Aram|NAME:What?  How is it that you have this?  This was part of the museum's collection!  GUARDS!|SCVR:03sX0daggerfang|INTV|SCVR:15IX2dagger_fang_unique|INTV:|BNAM:SetPCCrimeLevel 32000  Set PCThief to 1  Goodbye

[MOD-INF]: ID=152731857410004742(Topic:auriel's bow)
  tribunal.esm-------------->|DATA|ONAM:Torasa Aram|NAME:Thank you, %PCName. It's rare to find an item for our collection with such a distinctive aroma.|SCVR:01500|INTV|SCVR:15IX3ebony_bow_auriel|INTV|BNAM:set aurielbow to 2  player->removeitem "ebony_bow_auriel" 1  player->additem "gold_001" 15000  "ebony_bow_auriel_x"->Enable
  Museum of Vvardenfell.esp->|DATA|ONAM:Torasa Aram|NAME:Thank you, %PCName. It's rare to find an item for our collection with such a distinctive aroma.|SCVR:01500|INTV|SCVR:15IX3ebony_bow_auriel|INTV|BNAM:set aurielbow to 2  player->removeitem "ebony_bow_auriel" 1  Player->RemoveSpell "1_auriel_en"  player->additem "gold_001" 15000  "ebony_bow_auriel_x"->Enable

[DUP-INF]: ID=156044058427417824(Topic:spell breaker)
  |DATA|ONAM:mastrius|NAME:It is a shield of immense power, known for its resistance to even the most arcane magic. I have heard it lies in Bthuand, a Dwemer ruin north of here. The former owner now lies there as well, unable to control it's enchantments.|BNAM:Journal "VA_VampCurse" 55

[MOD-INF]: ID=165033148414396629(Topic:mace of molag bal)
  tribunal.esm-------------->|DATA|ONAM:Torasa Aram|NAME:It will occupy a place of honor in our collection.  Thank you, %PCName.|SCVR:01500|INTV|SCVR:15IX3mace of molag bal_unique|INTV|BNAM:set macemolagbal to 2  player->removeitem "mace of molag bal_unique" 1  set MuseumDonations to MuseumDonations + 1  "mace of molag bal_unique_x"->Enable  moddisposition 5
  Museum of Vvardenfell.esp->|DATA|ONAM:Torasa Aram|NAME:It will occupy a place of honor in our collection.  Thank you, %PCName.|SCVR:01500|INTV|SCVR:15IX3mace of molag bal_unique|INTV|BNAM:set macemolagbal to 2  player->removeitem "mace of molag bal_unique" 1  Player->removespell "1_molag_buff"  set MuseumDonations to MuseumDonations + 1  "mace of molag bal_unique_x"->Enable  moddisposition 5

[DUP-INF]: ID=215722304160130119(Topic:robe of the lich)
  |DATA|ONAM:Torasa Aram|NAME:What? How is it that you have this? This belongs to the Museum! GUARDS!|SCVR:03sX0robelich|INTV|SCVR:15IX2robe_lich_unique|INTV:|BNAM:SetPCCrimeLevel 10000  Set PCThief to 1  Goodbye

[DUP-INF]: ID=250621175200305950(Topic:ten pace boots)
  |DATA|ONAM:Torasa Aram|NAME:What? How is it you have these? They were part of the museum's collection! GUARDS!|SCVR:03sX0bootstenpace|INTV|SCVR:15IX2tenpaceboots|INTV:|BNAM:SetPCCrimeLevel 140000  Set PCThief to 1  Goodbye

[MOD-INF]: ID=268743772639232318(Topic:auriel's shield)
  tribunal.esm-------------->|DATA|ONAM:Torasa Aram|NAME:Thank you, %PCName.  We shall display it proudly.|SCVR:01500|INTV|SCVR:15IX3ebony_shield_auriel|INTV|BNAM:set aurielshield to 2  player->removeitem "ebony_shield_auriel" 1  player->additem "gold_001" 13500  "ebony_shield_auriel_x"->Enable
  Museum of Vvardenfell.esp->|DATA|ONAM:Torasa Aram|NAME:Thank you, %PCName.  We shall display it proudly.|SCVR:01500|INTV|SCVR:15IX3ebony_shield_auriel|INTV|BNAM:set aurielshield to 2  player->removeitem "ebony_shield_auriel" 1  Player->removespell "1_auriels_en"  player->additem "gold_001" 13500  "ebony_shield_auriel_x"->Enable

[MOD-INF]: ID=317139216182319173(Topic:staff of magnus)
  tribunal.esm-------------->|DATA|ONAM:Torasa Aram|NAME:Quite an addition for our collection.  It is one of the oldest artifacts in all of Tamriel, to my knowledge.  Thank you, %PCName.|SCVR:01500|INTV|SCVR:15IX3staff_magnus_unique|INTV|BNAM:set staffmagnus to 2  player->removeitem "staff_magnus_unique" 1  set MuseumDonations to MuseumDonations + 1  "staff_magnus_unique_x"->Enable  moddisposition 5
  Museum of Vvardenfell.esp->|DATA|ONAM:Torasa Aram|NAME:Quite an addition for our collection.  It is one of the oldest artifacts in all of Tamriel, to my knowledge.  Thank you, %PCName.|SCVR:01500|INTV|SCVR:15IX3staff_magnus_unique|INTV|BNAM:set staffmagnus to 2  player->removeitem "staff_magnus_unique" 1  player->removespell "1_magnus_buff_a"  set MuseumDonations to MuseumDonations + 1  "staff_magnus_unique_x"->Enable  moddisposition 5

[MOD-INF]: ID=317307854379528577(Topic:bow of shadows)
  tribunal.esm-------------->|DATA|ONAM:Torasa Aram|NAME:Thank you, %PCName.  A wonderful addition indeed.|SCVR:01500|INTV|SCVR:15IX3longbow_shadows_unique|INTV|BNAM:set bowshadows to 2  player->removeitem "longbow_shadows_unique" 1  set MuseumDonations to MuseumDonations + 1  "longbow_shadows_unique_x"->Enable  moddisposition 5
  Museum of Vvardenfell.esp->|DATA|ONAM:Torasa Aram|NAME:Thank you, %PCName.  A wonderful addition indeed.|SCVR:01500|INTV|SCVR:15IX3longbow_shadows_unique|INTV|BNAM:set bowshadows to 2  player->removeitem "longbow_shadows_unique" 1  Player->removespell "1_shadows_buff"  set MuseumDonations to MuseumDonations + 1  "longbow_shadows_unique_x"->Enable  moddisposition 5

[DUP-INF]: ID=355514238245786103(Topic:dagger of symmachus)
  |DATA|ONAM:Torasa Aram|NAME:What? How is it you have the Dagger again? It belongs to the Museum now! GUARDS!!!|SCVR:03sX0dagsym|INTV|SCVR:15IX2glass dagger_symmachus_unique|INTV:|BNAM:setPCCrimeLevel 20000  Set PCThief to 1  Goodbye

[MOD-INF]: ID=455233832241922926(Topic:auriel's bow)
  tribunal.esm-------------->|DATA|ONAM:Torasa Aram|NAME:Thank you, %PCName. It's rare to find an item for our collection with such a distinctive aroma.|SCVR:01500|INTV|SCVR:15IX3ebony_bow_auriel|INTV|BNAM:set aurielbow to 2  player->removeitem "ebony_bow_auriel" 1  set MuseumDonations to MuseumDonations + 1  "ebony_bow_auriel_x"->Enable  moddisposition 5
  Museum of Vvardenfell.esp->|DATA|ONAM:Torasa Aram|NAME:Thank you, %PCName. It's rare to find an item for our collection with such a distinctive aroma.|SCVR:01500|INTV|SCVR:15IX3ebony_bow_auriel|INTV|BNAM:set aurielbow to 2  player->removeitem "ebony_bow_auriel" 1  Player->RemoveSpell "1_auriel_en"  set MuseumDonations to MuseumDonations + 1  "ebony_bow_auriel_x"->Enable  moddisposition 5

[DUP-INF]: ID=633148821632421532(Topic:ring of phynaster)
  |DATA|ONAM:Torasa Aram|NAME:What?  How is it that you have this?  This was part of the museum's collection!  GUARDS!|SCVR:03sX0ringphynaster|INTV|SCVR:15IX2ring_phynaster_unique|INTV:|BNAM:SetPCCrimeLevel 10000  Set PCThief to 1  Goodbye

[DUP-INF]: ID=1012332167164624965(Topic:bitter cup)
  |DATA|ONAM:stacey|NAME:You've been expelled, %PCName. Make amends and speak with me again.|SCVR:01390|INTV

[DUP-INF]: ID=1095245722850228559(Topic:auriel's shield)
  |DATA|ONAM:Torasa Aram|NAME:How is it that you have this?  This belongs to the museum!  GUARDS!!!|SCVR:03sX0aurielshield|INTV|SCVR:15IX2ebony_shield_auriel|INTV:|BNAM:SetPCCrimeLevel 17000  Set PCThief to 1  Goodbye

[DUP-INF]: ID=1166123243726022546(Topic:bloodworm helm)
  |DATA|ONAM:Torasa Aram|NAME:How is it that you have this?  It belongs to the Museum!  GUARDS!!!|SCVR:03sX0helmbloodworm|INTV|SCVR:15IX2bloodworm_helm_unique|INTV:|BNAM:SetPCCrimeLevel 34000  Set PCThief to 1  Goodbye

[DUP-INF]: ID=1290654591120919625(Topic:staff of hasedoki)
  |DATA|ONAM:Torasa Aram|NAME:What?  How is it that you have this?  This was part of the museum's collection!  GUARDS!|SCVR:03sX0staffhasedoki|INTV|SCVR:15IX2staff_hasedoki_unique|INTV:|BNAM:SetPCCrimeLevel 100000  Set PCThief to 1  Goodbye

[DUP-INF]: ID=1766680062343112445(Topic:bow of shadows)
  |DATA|ONAM:Torasa Aram|NAME:How is it that you have this?  It belongs to the Museum! GUARDS!!!|SCVR:03sX0bowshadows|INTV|SCVR:15IX2longbow_shadows_unique|INTV:|BNAM:SetPCCrimeLevel 42000  Set PCThief to 1  Goodbye

[DUP-INF]: ID=2018065761876827201(Topic:keening)
  |DATA|ONAM:dagoth odros|NAME:It is well hidden. %PCName. Even if I should fall, you'll never find it. But if you choose to serve, perhaps Lord Dagoth might even consent to grant you the use of it. Surely, by coming so far, you have drawn his discerning eye, and earned his favor. Be reasonable, %PCName. Why risk blood and life for that which might be won by words and service?|BNAM:;Dagoth Odros; thief

[DUP-INF]: ID=2116816273201314971(Topic:chrysamere)
  |DATA|ONAM:Varus Vatinius|NAME:You've been expelled. Join the Imperial Legion again. Then you can return Chrysamere with honor.|SCVR:01390|INTV

[DUP-INF]: ID=2439032532318968299(Topic:warlock's ring)
  |DATA|ONAM:ajira|NAME:Ajira hears you are expelled. Ajira was told to say you should make amends with the Arch-Mage, but Ajira tells you that the wizards here have many things to do and many things on their minds. Soon Ranis Athrys will forget you are expelled and then Ajira can speak with you again.|SCVR:01390|INTV

[DUP-INF]: ID=2583529070786213408(Topic:background)
  |DATA|ONAM:vonos veri|NAME:I am %name, I serve Almalexia as one of Her Hands.

[DUP-INF]: ID=2636582932423629427(Topic:vampiric ring)
  |DATA|ONAM:Torasa Aram|NAME:YWhat?  How is it that you have this?  This was part of the museum's collection!  GUARDS!|SCVR:03sX0ringvampiric|INTV|SCVR:15IX2ring_vampiric_unique|INTV:|BNAM:SetPCCrimeLevel 100000  Set PCThief to 1  Goodbye

[MOD-INF]: ID=2787222879155841000(Topic:umbra sword)
  tribunal.esm-------------->|DATA|ONAM:Torasa Aram|NAME:Thank you, %PCName. It will be safe here, I assure you.|SCVR:01500|INTV|SCVR:15IX0longsword_umbra_unique|INTV|BNAM:set umbrasword to 2  player->removeitem "longsword_umbra_unique" 1  set MuseumDonations to MuseumDonations + 1  "longsword_umbra_unique_x"->Enable  moddisposition 5
  Museum of Vvardenfell.esp->|DATA|ONAM:Torasa Aram|NAME:Thank you, %PCName. It will be safe here, I assure you.|SCVR:01500|INTV|SCVR:15IX0longsword_umbra_unique|INTV|BNAM:set umbrasword to 2  player->removeitem "longsword_umbra_unique" 1  Player->RemoveSpell "1_Umbra_Hunger"  Player->RemoveSpell "1_umbra_buff_2"  Player->RemoveSpell "1_umbra_buff_3"  Player->RemoveSpell "1_umbra_buff_4"  Player->RemoveSpell "1_umbra_buff_5"  Player->RemoveSpell "1_Umbra_Blessing"  Player->RemoveSpell "1_Umbra_Regeneration"  set MuseumDonations to MuseumDonations + 1  "longsword_umbra_unique_x"->Enable  moddisposition 5

[DUP-INF]: ID=2880221322115254937(Topic:helm of oreyn bearclaw)
  |DATA|ONAM:Torasa Aram|NAME:What?  How is it that you have this?  This was part of the museum's collection!  GUARDS!|SCVR:03sX0helmbearclaw|INTV|SCVR:15IX2helm_bearclaw_unique|INTV:|BNAM:SetPCCrimeLevel 120000  Set PCThief to 1  Goodbye

[MOD-INF]: ID=3020915147272730304(Topic:bow of shadows)
  tribunal.esm-------------->|DATA|ONAM:Torasa Aram|NAME:Thank you, %PCName.  A wonderful addition indeed.|SCVR:01500|INTV|SCVR:15IX3longbow_shadows_unique|INTV|BNAM:set bowshadows to 2  player->removeitem "longbow_shadows_unique" 1  player->additem "gold_001" 21000  "longbow_shadows_unique_x"->Enable
  Museum of Vvardenfell.esp->|DATA|ONAM:Torasa Aram|NAME:Thank you, %PCName.  A wonderful addition indeed.|SCVR:01500|INTV|SCVR:15IX3longbow_shadows_unique|INTV|BNAM:set bowshadows to 2  player->removeitem "longbow_shadows_unique" 1  Player->removespell "1_shadows_buff"  player->additem "gold_001" 21000  "longbow_shadows_unique_x"->Enable

[DUP-INF]: ID=3229225752603223727(Topic:goldbrand)
  |DATA|ONAM:Torasa Aram|NAME:What?  How is it that you have this?  This was part of the museum's collection!  GUARDS!|SCVR:03sX0goldbrand|INTV|SCVR:15IX2katana_goldbrand_unique|INTV:|BNAM:SetPCCrimeLevel 120000  Set PCThief to 1  Goodbye

[DUP-INF]: ID=3457127253007722957(Topic:veloth's judgement)
  |DATA|ONAM:Torasa Aram|NAME:What?  How is it that you have this?  This was part of the museum's collection!  GUARDS!|SCVR:03sX0velothjudgment|INTV|SCVR:15IX2daedric warhammer_ttgd|INTV:|BNAM:SetPCCrimeLevel 30000  Set PCThief to 1  Goodbye

[DUP-INF]: ID=6018301701420027463(Topic:skull-crusher)
  |DATA|RNAM:Dark Elf|CNAM:Scout|NAME:I've never heard of such a weapon. Perhaps you should consult with a Dunmer savant about such things.|SCVR:0CsX0NoLore|INTV:

[DUP-INF]: ID=7072316452306422316(Topic:ice blade of the monarch)
  |DATA|ONAM:Torasa Aram|NAME:What?  How is it that you have this?  This was part of the museum's collection!  GUARDS!|SCVR:03sX0iceblade|INTV|SCVR:15IX2claymore_iceblade_unique|INTV:|BNAM:SetPCCrimeLevel 100000  Set PCThief to 1  Goodbye

[MOD-INF]: ID=8274252553182230814(Topic:bloodworm helm)
  tribunal.esm-------------->|DATA|ONAM:Torasa Aram|NAME:While I admit I find it repulsive, it's an intriguing piece for our collection.  Thank you, %PCName.|SCVR:01500|INTV|SCVR:15IX3bloodworm_helm_unique|INTV|BNAM:set helmbloodworm to 2  player->removeitem "bloodworm_helm_unique" 1  set MuseumDonations to MuseumDonations + 1  "bloodworm_helm_unique_x"->Enable  moddisposition 5
  Museum of Vvardenfell.esp->|DATA|ONAM:Torasa Aram|NAME:While I admit I find it repulsive, it's an intriguing piece for our collection.  Thank you, %PCName.|SCVR:01500|INTV|SCVR:15IX3bloodworm_helm_unique|INTV|BNAM:set helmbloodworm to 2  player->removeitem "bloodworm_helm_unique" 1  player->removespell "1_blood_buff"  player->removespell "1_blood_buff2"  set MuseumDonations to MuseumDonations + 1  "bloodworm_helm_unique_x"->Enable  moddisposition 5

[DUP-INF]: ID=8891108291020417774(Topic:work)
  |DATA|ONAM:angaredhel|NAME:You have your reward. Good day to you.|SCVR:04JX3town_Sadrith|INTV:2

[MOD-INF]: ID=11358108702981723542(Topic:staff of magnus)
  tribunal.esm-------------->|DATA|ONAM:Torasa Aram|NAME:Quite an addition for our collection.  It is one of the oldest artifacts in all of Tamriel, to my knowledge.  Thank you, %PCName.|SCVR:01500|INTV|SCVR:15IX3staff_magnus_unique|INTV|BNAM:set staffmagnus to 2  player->removeitem "staff_magnus_unique" 1  player->additem "gold_001" 30000  "staff_magnus_unique_x"->Enable
  Museum of Vvardenfell.esp->|DATA|ONAM:Torasa Aram|NAME:Quite an addition for our collection.  It is one of the oldest artifacts in all of Tamriel, to my knowledge.  Thank you, %PCName.|SCVR:01500|INTV|SCVR:15IX3staff_magnus_unique|INTV|BNAM:set staffmagnus to 2  player->removeitem "staff_magnus_unique" 1  player->removespell "1_magnus_buff_a"  player->additem "gold_001" 30000  "staff_magnus_unique_x"->Enable

[DUP-INF]: ID=19692108322171330137(Topic:ebony mail)
  |DATA|ONAM:Torasa Aram|NAME:What?  How is it that you have this?  This was part of the museum's collection!  GUARDS!|SCVR:03sX0ebonymail|INTV|SCVR:15IX2ebon_plate_cuirass_unique|INTV:|BNAM:SetPCCrimeLevel 120000  Set PCThief to 1  Goodbye

[DUP-INF]: ID=20481194642735427051(Greeting:greeting 1)
  |DATA|NAME:[You have failed your Oath of Silence]|SCVR:34JX3TT_SanctusShrine|INTV|SCVR:44JX4TT_SanctusShrine|INTV:2|BNAM:;ALWAYS LEAVE THIS TOPIC AT THE VERY TOP OF GREETING 1  Journal TT_SanctusShrine 70  Goodbye

[DUP-INF]: ID=20673223402256129057(Topic:bipolar blade)
  |DATA|ONAM:Torasa Aram|NAME:What? How is it that you have this? It belongs to the museum! GUARDS!|SCVR:03sX0bipolarblade|INTV|SCVR:15IX2Bipolar Blade|INTV:|BNAM:SetPCCrimeLevel 20000  Set PCThief to 1  Goodbye

[DUP-INF]: ID=26664163331564629257(Topic:spear of bitter mercy)
  |DATA|ONAM:Torasa Aram|NAME:What?  How is it that you have this?  This was part of the museum's collection!  GUARDS!|SCVR:03sX0bittermercy|INTV|SCVR:15IX3spear_mercy_unique|INTV|BNAM:SetPCCrimeLevel 130000  Set PCThief to 1  Goodbye

[DUP-INF]: ID=27417258742904223576(Topic:boots of blinding speed)
  |DATA|ONAM:pemenie|NAME:Wondrous boots indeed. Never seen a pair like them.|SCVR:04JX2MV_TraderAbandoned|INTV:Z

[DUP-INF]: ID=27749258522366224097(Topic:mace of molag bal)
  |DATA|ONAM:Torasa Aram|NAME:What?  How is it that you have this?  This was part of the museum's collection!  GUARDS!|SCVR:03sX0macemolagbal|INTV|SCVR:15IX3mace of molag bal_unique|INTV:|BNAM:SetPCCrimeLevel 25000  Set PCThief to 1  Goodbye

[MOD-INF]: ID=31445312003212313716(Topic:bloodworm helm)
  tribunal.esm-------------->|DATA|ONAM:Torasa Aram|NAME:While I admit I find it repulsive, it's an intriguing piece for our collection.  Thank you, %PCName.|SCVR:01500|INTV|SCVR:15IX3bloodworm_helm_unique|INTV|BNAM:set helmbloodworm to 2  player->removeitem "bloodworm_helm_unique" 1  player->additem "gold_001" 17000  "bloodworm_helm_unique_x"->Enable
  Museum of Vvardenfell.esp->|DATA|ONAM:Torasa Aram|NAME:While I admit I find it repulsive, it's an intriguing piece for our collection.  Thank you, %PCName.|SCVR:01500|INTV|SCVR:15IX3bloodworm_helm_unique|INTV|BNAM:set helmbloodworm to 2  player->removeitem "bloodworm_helm_unique" 1  player->removespell "1_blood_buff"  player->removespell "1_blood_buff2"  player->additem "gold_001" 17000  "bloodworm_helm_unique_x"->Enable
