Nchardamz+Fourth Era+Himmelryn SO.esp: DUP-REC GETSND MENUMOD MISSVER MOD-INF OVR-REC
    [GETSND] GetSoundPlaying possibly used to detect events:
	SCPT(SG_fire_Act)
	SCPT(SG_snd_Crossover)
	SCPT(SG_snd_Crossover2)
    [MENUMOD] Scripts not checking menumode:
	SCPT(Pub_Belladonna)
	SCPT(SG_SpearsHurt)
	SCPT(SG_arse_Flame)
	SCPT(SG_fire_Act)
	SCPT(SG_fireface)
	SCPT(SG_snd_Crossover)
	SCPT(SG_snd_Crossover2)
	SCPT(SG_snd_Furnace)
	SCPT(SG_snd_Ruins_1)
	SCPT(SG_snd_SphereDoor)
	SCPT(SG_snd_Steam)
	SCPT(ab01hpShipmaster1Script)
	SCPT(him_RynTeleport)
	SCPT(him_magejournal)
	SCPT(him_questendscript)
    [DUP-REC] Duplicate Records:
	From Master         Type    Name
	bloodmoon.esm       LTEX    ac_darkgravel
	bloodmoon.esm       LTEX    sand_02
	bloodmoon.esm       LTEX    tx_bm_grass_01.dds
	bloodmoon.esm       LTEX    tx_bm_grass_02.dds
	bloodmoon.esm       LTEX    tx_bm_grass_03.dds
	bloodmoon.esm       LTEX    tx_bm_grass_snow_01.dds
	bloodmoon.esm       LTEX    tx_bm_grass_snow_02a.dds
	bloodmoon.esm       LTEX    tx_bm_rock_01.dds
	bloodmoon.esm       LTEX    tx_bm_rock_02.dds
	bloodmoon.esm       LTEX    tx_bm_rock_03.dds
	bloodmoon.esm       LTEX    tx_bm_rock_dirt_01.dds
    [OVR-REC] Overridden Records:
	From Master         Type    Name
	bloodmoon.esm       DIAL    solstheim
	bloodmoon.esm       LTEX    tx_bm_dirt_01.dds
	bloodmoon.esm       LTEX    tx_bm_grass_dirt_01.dds
	bloodmoon.esm       LTEX    tx_bm_grass_snow_03.dds
	bloodmoon.esm       LTEX    tx_bm_ice_03.dds
	bloodmoon.esm       LTEX    tx_bm_ice_05.dds
	bloodmoon.esm       LTEX    tx_bm_ice_06.dds
	bloodmoon.esm       LTEX    tx_bm_pine_needles_01.dds
	bloodmoon.esm       LTEX    tx_bm_rock_snow_02.dds
	bloodmoon.esm       LTEX    tx_bm_rock_snow_02a.dds
	bloodmoon.esm       LTEX    tx_bm_rock_snow_03.dds
	bloodmoon.esm       LTEX    tx_bm_snow_01.dds
	bloodmoon.esm       LTEX    tx_bm_snow_02.dds
	bloodmoon.esm       LTEX    tx_bm_snow_03.dds
	bloodmoon.esm       LTEX    tx_bm_snow_04.dds
	bloodmoon.esm       LTEX    tx_bm_snow_05.dds
	bloodmoon.esm       LTEX    tx_bm_snow_ice_01.dds
	bloodmoon.esm       LTEX    tx_bm_snow_rock_01.dds
	bloodmoon.esm       PGRD    solstheim, isinfier plains
	morrowind.esm       DIAL    dwemer
	morrowind.esm       DIAL    need
	morrowind.esm       DIAL    nord
	morrowind.esm       LTEX    tx_bc_mainroad_01.tga
	morrowind.esm       LTEX    wg_rock
	tribunal.esm        DIAL    almalexia
	tribunal.esm        DIAL    background
	tribunal.esm        DIAL    greeting 5
	tribunal.esm        DIAL    latest rumors
	tribunal.esm        DIAL    little advice
	tribunal.esm        DIAL    little secret
	tribunal.esm        DIAL    morrowind lore
	tribunal.esm        DIAL    my trade
	tribunal.esm        DIAL    nerevarine
	tribunal.esm        DIAL    someone in particular
	tribunal.esm        LEVC    in_dwe_all_tribunal
	tribunal.esm        LTEX    tx_ai_mainroad_01.tga

[MOD-INF]: ID=36414385936628237(Topic:solstheim)
  bloodmoon.esm------------------------->|DATA|ONAM:svenja_outside|NAME:This island is not for the faint of heart. The weather is rough, and the wildlife aggressive. You'll find Fort Frostmoth on the southern tip of the island, and the Skaal on the northeastern tip.
  Nchardamz+Fourth Era+Himmelryn SO.esp->|DATA|ONAM:svenja_outside|NAME:This island is not for the faint of heart. The weather is rough, and the wildlife aggressive. You'll find Fort Frostmoth on the southern tip of the island, and the Skaal on the northeastern tip. There's also the small village of Himmelryn on the southern shore, but it's hardly of note.
