New Khajiit Diversity(BEAST).esp: DUP-REC MISSVER NUMRECS OVR-REC
    [NUMRECS]: number of records in TES3.HEDR (533) != Actual count (461)
    [OVR-REC] Overridden Records:
	From Master         Type    Name
	morrowind.esm       NPC_    abanji
	morrowind.esm       NPC_    adanja
	morrowind.esm       NPC_    addhiranirr
	morrowind.esm       NPC_    adharanji
	morrowind.esm       NPC_    affri
	morrowind.esm       NPC_    ahdahni
	morrowind.esm       NPC_    ahdni
	morrowind.esm       NPC_    ahdri
	morrowind.esm       NPC_    ahjara
	morrowind.esm       NPC_    ahnarra
	morrowind.esm       NPC_    ahnassi
	morrowind.esm       NPC_    ahndahra
	morrowind.esm       NPC_    ahnisa
	morrowind.esm       NPC_    ahzini
	morrowind.esm       NPC_    aina
	morrowind.esm       NPC_    ajira
	morrowind.esm       NPC_    anjari
	morrowind.esm       NPC_    arabhi
	morrowind.esm       NPC_    aravi
	morrowind.esm       NPC_    ashidasha
	morrowind.esm       NPC_    baadargo
	morrowind.esm       NPC_    bahdahna
	morrowind.esm       NPC_    bahdrashi
	morrowind.esm       NPC_    baissa
	morrowind.esm       NPC_    berne vampire 4
	morrowind.esm       NPC_    bhusari
	morrowind.esm       NPC_    cattle_kha_f01
	morrowind.esm       NPC_    cattle_kha_f02
	morrowind.esm       NPC_    cattle_kha_m01
	morrowind.esm       NPC_    chirranirr
	morrowind.esm       NPC_    dahleena
	morrowind.esm       NPC_    dahnara
	morrowind.esm       NPC_    dro'barri
	morrowind.esm       NPC_    dro'qanar
	morrowind.esm       NPC_    dro'sakhar
	morrowind.esm       NPC_    dro'shavir
	morrowind.esm       NPC_    dro'tasarr
	morrowind.esm       NPC_    dro'zah
	morrowind.esm       NPC_    dro'zaymar
	morrowind.esm       NPC_    dro'zharim
	morrowind.esm       NPC_    dro'zhirr
	morrowind.esm       NPC_    ekapi
	morrowind.esm       NPC_    habasi
	morrowind.esm       NPC_    harassa
	morrowind.esm       NPC_    idhassi
	morrowind.esm       NPC_    inerri
	morrowind.esm       NPC_    inorra
	morrowind.esm       NPC_    j'dato
	morrowind.esm       NPC_    j'dhannar
	morrowind.esm       NPC_    j'jarsha
	morrowind.esm       NPC_    j'jazha
	morrowind.esm       NPC_    j'kara
	morrowind.esm       NPC_    j'oren_dar
	morrowind.esm       NPC_    j'othri_dar
	morrowind.esm       NPC_    j'raksa
	morrowind.esm       NPC_    j'rasha
	morrowind.esm       NPC_    j'zamha
	morrowind.esm       NPC_    j'zhirr
	morrowind.esm       NPC_    j_saddha
	morrowind.esm       NPC_    jobasha
	morrowind.esm       NPC_    joshur
	morrowind.esm       NPC_    kaasha
	morrowind.esm       NPC_    khajit slave male
	morrowind.esm       NPC_    khamuzi
	morrowind.esm       NPC_    khazura
	morrowind.esm       NPC_    khinjarsi
	morrowind.esm       NPC_    kiseena
	morrowind.esm       NPC_    kishni
	morrowind.esm       NPC_    kisimba
	morrowind.esm       NPC_    kisisa
	morrowind.esm       NPC_    m'aiq
	morrowind.esm       NPC_    m'shan
	morrowind.esm       NPC_    ma'dara
	morrowind.esm       NPC_    ma'jidarr
	morrowind.esm       NPC_    ma'khar
	morrowind.esm       NPC_    ma'zahn
	morrowind.esm       NPC_    nisaba
	morrowind.esm       NPC_    quarra vampire 3
	morrowind.esm       NPC_    ra'karim
	morrowind.esm       NPC_    ra'kothre
	morrowind.esm       NPC_    ra'mhirr
	morrowind.esm       NPC_    ra'sava
	morrowind.esm       NPC_    ra'virr
	morrowind.esm       NPC_    ra'zahr
	morrowind.esm       NPC_    ra'zhid
	morrowind.esm       NPC_    rabinna
	morrowind.esm       NPC_    ri'darsha
	morrowind.esm       NPC_    ri'dumiwa
	morrowind.esm       NPC_    ri'shajirr
	morrowind.esm       NPC_    ri'vassa
	morrowind.esm       NPC_    ri'zaadha
	morrowind.esm       NPC_    s'bakha
	morrowind.esm       NPC_    s'radirr
	morrowind.esm       NPC_    s'rava
	morrowind.esm       NPC_    s'raverr
	morrowind.esm       NPC_    s'renji
	morrowind.esm       NPC_    s'vandra
	morrowind.esm       NPC_    shaba
	morrowind.esm       NPC_    shivani
	morrowind.esm       NPC_    sholani
	morrowind.esm       NPC_    shotherra
	morrowind.esm       NPC_    thengil
	morrowind.esm       NPC_    thief dead 00
	morrowind.esm       NPC_    todd_khajiit
	morrowind.esm       NPC_    tsabhi
	morrowind.esm       NPC_    tsajadhi
	morrowind.esm       NPC_    tsalani
	morrowind.esm       NPC_    tsani
	morrowind.esm       NPC_    tsiya
	morrowind.esm       NPC_    tsrazami
	morrowind.esm       NPC_    ubaasi
	morrowind.esm       NPC_    udarra
	morrowind.esm       NPC_    unjara
	morrowind.esm       NPC_    urjorad
	morrowind.esm       NPC_    vanjirra
	morrowind.esm       NPC_    wadarkhu
	morrowind.esm       NPC_    zahraji
