New Gnaar Mok.ESP: DUP-INF DUP-REC EXP-DEP MENUMOD MISSVER OVR-REC
    [EXP-DEP] Expansion Dependency: Tribunal Functions:
	SCPT(md_ngm_scr_collision_disable)   setscale
    [MENUMOD] Scripts not checking menumode:
	SCPT(md_ngm_scr_collision_disable)
	SCPT(md_ngm_scr_dreamamulet)
	SCPT(md_ngm_scr_dreamgold)
	SCPT(md_ngm_scr_dreaming_bosmer)
	SCPT(md_ngm_scr_light)
	SCPT(md_ngm_scr_penegorn_awake)
	SCPT(md_ngm_scr_twerp)
    [OVR-REC] Overridden Records:
	From Master         Type    Name
	morrowind.esm       DIAL    bribe success
	morrowind.esm       DIAL    greeting 2
	morrowind.esm       DIAL    greeting 6
	morrowind.esm       LAND    (-8, 2)
	morrowind.esm       LAND    (-8, 3)
	morrowind.esm       LTEX    tx_bc_dirt.tga
	morrowind.esm       LTEX    tx_bc_grass.tga
	morrowind.esm       LTEX    tx_bc_moss.tga
	morrowind.esm       LTEX    tx_bc_muck_01.tga
	morrowind.esm       LTEX    tx_bc_mud.tga
	morrowind.esm       LTEX    tx_bc_rock_01.tga
	morrowind.esm       LTEX    tx_bc_rockyscrub.tga
	morrowind.esm       LTEX    tx_bc_scrub.tga
	morrowind.esm       LTEX    tx_bc_undergrowth.tga
	morrowind.esm       PGRD    bitter coast region
	morrowind.esm       PGRD    gnaar mok
	tribunal.esm        DIAL    greeting 0
	tribunal.esm        DIAL    latest rumors

[DUP-INF]: ID=49172112360667706(Topic:latest rumors)
  |DATA|ONAM:heddvild|NAME:House Hlaalu must have a spy in Ald'ruhn. They always seem to know what the Redoran Council is planning.

[DUP-INF]: ID=28484177362871719293(Topic:latest rumors)
  |DATA|FNAM:Camonna Tong|NAME:It may come as a surprise to you, but some of us don't like outlanders. And don't want to talk to them.|SCVR:0CsX0NoLore|INTV:
