Nil-Ruhn.ESP: DUP-REC MENUMOD MISSVER OVR-REC
    [MENUMOD] Scripts not checking menumode:
	SCPT(A3_Mudcrab_Enchant)
	SCPT(A3_Mudcrab_Spellcraft)
	SCPT(a3_teleport_ring)
    [OVR-REC] Overridden Records:
	From Master         Type    Name
	morrowind.esm       LAND    (8, 8)
	morrowind.esm       LAND    (8, 9)
	morrowind.esm       LAND    (9, 8)
	morrowind.esm       LAND    (9, 9)
	morrowind.esm       LTEX    gl_dirt_01
	morrowind.esm       LTEX    gl_dirt_02
	morrowind.esm       LTEX    gl_dirt_grass_01
	morrowind.esm       LTEX    gl_dirt_grass_02
	morrowind.esm       LTEX    gl_dirtroad
	morrowind.esm       LTEX    gl_grass_01
	morrowind.esm       LTEX    gl_grass_02
	morrowind.esm       LTEX    gl_grass_03
	morrowind.esm       LTEX    gl_grass_04
	morrowind.esm       LTEX    gl_grass_05
	morrowind.esm       LTEX    gl_rock_01
	morrowind.esm       LTEX    gl_rock_02
	tribunal.esm        DIAL    greeting 0
	tribunal.esm        LTEX    rm_grayrock
	tribunal.esm        LTEX    rm_rock_01
