No trespassing (3).ESP: DUP-REC MASTERS MENUMOD MISSAUT MISSDSC MISSVER OVR-REC
    MASTERS: out of sync with the masters installed in your Data Files directory:
	Tamriel_Data.esm             8787443 (plugin)   11064795 (installed size)
	OAAB_Data.esm                1103270 (plugin)    1567893 (installed size)
    [MENUMOD] Scripts not checking menumode:
	SCPT(NTA_door_fighters_script)
	SCPT(NTA_door_mages_script)
	SCPT(NTB_door_fighters_script)
	SCPT(NTV_door_mages_script)
    [OVR-REC] Overridden Records:
	From Master         Type    Name
	morrowind.esm       PGRD    ald-ruhn, ald skar inn
	morrowind.esm       PGRD    ald-ruhn, arobar guard quarters
	morrowind.esm       PGRD    ald-ruhn, arobar manor bedrooms
	morrowind.esm       PGRD    ald-ruhn, bivale teneran: clothier
	morrowind.esm       PGRD    ald-ruhn, boldrisa andrano's house
	morrowind.esm       PGRD    ald-ruhn, cienne sintieve: alchemist
	morrowind.esm       PGRD    ald-ruhn, council club
	morrowind.esm       PGRD    ald-ruhn, council hostel
	morrowind.esm       PGRD    ald-ruhn, galsa gindu's house
	morrowind.esm       PGRD    ald-ruhn, guild of fighters
	morrowind.esm       PGRD    ald-ruhn, guild of mages
	morrowind.esm       PGRD    ald-ruhn, guls llervu's house
	morrowind.esm       PGRD    ald-ruhn, hanarai assutlanipal's house
	morrowind.esm       PGRD    ald-ruhn, llether vari: enchanter
	morrowind.esm       PGRD    ald-ruhn, llethri private quarters
	morrowind.esm       PGRD    ald-ruhn, ramoran manor
	morrowind.esm       PGRD    ald-ruhn, ramoran private quarters
	morrowind.esm       PGRD    ald-ruhn, sarethi guard quarters
	morrowind.esm       PGRD    ald-ruhn, venim manor bedrooms
	morrowind.esm       PGRD    balmora, astius hanotepelus' house
	morrowind.esm       PGRD    balmora, karlirah's house
	morrowind.esm       PGRD    balmora, lucky lockup
	morrowind.esm       PGRD    balmora, meldor: armorer
	morrowind.esm       PGRD    balmora, milie hastien: fine clothier
	morrowind.esm       PGRD    balmora, the razor hole
	morrowind.esm       PGRD    balmora, vorar helas' house
	morrowind.esm       PGRD    caldera, shenk's shovel
	morrowind.esm       PGRD    caldera, valvius mevureius' house
	morrowind.esm       PGRD    caldera, verick gemain: trader
	morrowind.esm       PGRD    ebonheart, six fishes
	morrowind.esm       PGRD    maar gan, andus tradehouse
	morrowind.esm       PGRD    maar gan, shrine
	morrowind.esm       PGRD    pelagiad, halfway tavern
	morrowind.esm       PGRD    pelagiad, mebestien ence: trader
	morrowind.esm       PGRD    pelagiad, uulernil : armorer
	morrowind.esm       PGRD    suran, garothmuk gro-muzgub: smith
	morrowind.esm       PGRD    suran, goldyn belaram: pawnbroker
	morrowind.esm       PGRD    suran, ibarnadad assirnarari: apothecary
	morrowind.esm       PGRD    suran, oran manor
	morrowind.esm       PGRD    suran, ralds oril: trader
	morrowind.esm       PGRD    suran, ranosa gilvayn: outfitter
	morrowind.esm       PGRD    vivec, agrippina herennia: clothier
	morrowind.esm       PGRD    vivec, alusaron: smith
	morrowind.esm       PGRD    vivec, hlaalu pawnbroker
	morrowind.esm       PGRD    vivec, hlaalu weaponsmith
	morrowind.esm       PGRD    vivec, lucretinaus olcinius: trader
	morrowind.esm       PGRD    vivec, miun-gei: enchanter
	morrowind.esm       PGRD    vivec, redoran smith
	morrowind.esm       PGRD    vivec, redoran trader
	morrowind.esm       PGRD    vivec, st. delyn potter's hall
	morrowind.esm       PGRD    vivec, st. olms brewers and fishmongers hall
	morrowind.esm       PGRD    vivec, st. olms farmers and laborers hall
	morrowind.esm       PGRD    vivec, telvanni alchemist
	morrowind.esm       PGRD    vivec, telvanni enchanter
	tribunal.esm        PGRD    mournhold, andoren manor
	tribunal.esm        PGRD    mournhold, armory
	tribunal.esm        PGRD    mournhold, bookseller
	tribunal.esm        PGRD    mournhold, clothier
	tribunal.esm        PGRD    mournhold, geon auline's house
	tribunal.esm        PGRD    mournhold, magic shop
	tribunal.esm        PGRD    mournhold, pawnbroker
	tribunal.esm        PGRD    mournhold, trader
