NPC Faction Affiliation Corrector (Maximalistic).ESP: DUP-REC MISSVER OVR-REC
    [OVR-REC] Overridden Records:
	From Master         Type    Name
	morrowind.esm       NPC_    arethan mandas
	morrowind.esm       NPC_    arvama rathri
	morrowind.esm       NPC_    arver rethul
	morrowind.esm       NPC_    beraren sadri
	morrowind.esm       NPC_    bevadar bels
	morrowind.esm       NPC_    bolrin
	morrowind.esm       NPC_    canctunian ponius
	morrowind.esm       NPC_    dalami hlaalu
	morrowind.esm       NPC_    daynillo lleran
	morrowind.esm       NPC_    delyna mandas
	morrowind.esm       NPC_    dramis maryon
	morrowind.esm       NPC_    durus marius
	morrowind.esm       NPC_    elvas savel
	morrowind.esm       NPC_    evesa omalas
	morrowind.esm       NPC_    falam hlaalu
	morrowind.esm       NPC_    faver seran
	morrowind.esm       NPC_    felayn andral
	morrowind.esm       NPC_    fraki
	morrowind.esm       NPC_    galyn arvel
	morrowind.esm       NPC_    gandela indoran
	morrowind.esm       NPC_    gilvas barelo
	morrowind.esm       NPC_    giras indaram
	morrowind.esm       NPC_    guldrise dralor
	morrowind.esm       NPC_    hakar the candle
	morrowind.esm       NPC_    hetman abelmawia
	morrowind.esm       NPC_    idros givyn
	morrowind.esm       NPC_    ilmyna romoren
	morrowind.esm       NPC_    imperial archer
	morrowind.esm       NPC_    inganar
	morrowind.esm       NPC_    irer nervion
	morrowind.esm       NPC_    irver fevur
	morrowind.esm       NPC_    ivela uvenim
	morrowind.esm       NPC_    ivrosa verethi
	morrowind.esm       NPC_    j'zhirr
	morrowind.esm       NPC_    jobasha
	morrowind.esm       NPC_    llarel llenim
	morrowind.esm       NPC_    malsa ules
	morrowind.esm       NPC_    mandur omalen
	morrowind.esm       NPC_    melvuli hlaalu
	morrowind.esm       NPC_    mendel eves
	morrowind.esm       NPC_    mibdinahaz addunipu
	morrowind.esm       NPC_    movis darys
	morrowind.esm       NPC_    nathyne uvelas
	morrowind.esm       NPC_    nidara herandus
	morrowind.esm       NPC_    nidryne redas
	morrowind.esm       NPC_    novor gorvas
	morrowind.esm       NPC_    okan_shei
	morrowind.esm       NPC_    processus vitellius
	morrowind.esm       NPC_    ralam vilas
	morrowind.esm       NPC_    raviso andalas
	morrowind.esm       NPC_    severa magia
	morrowind.esm       NPC_    shazgob gra-luzgan
	morrowind.esm       NPC_    sovisa adas
	morrowind.esm       NPC_    sterdecan
	morrowind.esm       NPC_    suvryn doves
	morrowind.esm       NPC_    taren omothan
	morrowind.esm       NPC_    tereri irethi
	morrowind.esm       NPC_    teryne hlaalu
	morrowind.esm       NPC_    thovasi alen
	morrowind.esm       NPC_    tidras deltis
	morrowind.esm       NPC_    tidros indaram
	morrowind.esm       NPC_    tivam sadri
	morrowind.esm       NPC_    tsrazami
	morrowind.esm       NPC_    ulms drathen
	morrowind.esm       NPC_    ulyne henim
	morrowind.esm       NPC_    uradras sadalas
	morrowind.esm       NPC_    velsa orethi
	morrowind.esm       NPC_    vendrela aravel
	morrowind.esm       NPC_    veresa salvani
	morrowind.esm       NPC_    vevul alver
	tribunal.esm        NPC_    barenziah
	tribunal.esm        NPC_    crito olcinius
	tribunal.esm        NPC_    danaronea daryon
	tribunal.esm        NPC_    king hlaalu helseth
