OAAB - Shipwrecks (2).ESP: DUP-INF DUP-REC MENUMOD MISSAUT MISSDSC MISSVER OVR-REC
    [MENUMOD] Scripts not checking menumode:
	SCPT(cor_ship_bottles_01)
	SCPT(cor_ship_bottles_02)
	SCPT(cor_ship_bottles_03)
	SCPT(cor_ship_bottles_05)
	SCPT(cor_ship_bottles_06)
	SCPT(cor_ship_dreugh_dead)
	SCPT(cor_ship_dreugh_hide)
	SCPT(cor_ship_dreugh_spear)
	SCPT(cor_ship_hlaalu_box)
	SCPT(cor_ship_squid_hide)
	SCPT(cor_ship_squid_spear)
	SCPT(cor_ship_uncharted)
	SCPT(cor_ship_ylgor)
	SCPT(cor_sit_script)
    [DUP-REC] Duplicate Records:
	From Master         Type    Name
	tribunal.esm        LTEX    rm_rock_01
	tribunal.esm        LTEX    rock_coastal
    [OVR-REC] Overridden Records:
	From Master         Type    Name
	bloodmoon.esm       LTEX    ac_darkgravel
	bloodmoon.esm       LTEX    sand_02
	bloodmoon.esm       LTEX    tx_bc_rock_03.tga
	morrowind.esm       LAND    (-1, -11)
	morrowind.esm       LAND    (-1, 23)
	morrowind.esm       LAND    (-10, 1)
	morrowind.esm       LAND    (-10, 4)
	morrowind.esm       LAND    (-10, 5)
	morrowind.esm       LAND    (-13, 15)
	morrowind.esm       LAND    (-15, 14)
	morrowind.esm       LAND    (-2, -11)
	morrowind.esm       LAND    (-5, -7)
	morrowind.esm       LAND    (-6, -7)
	morrowind.esm       LAND    (-9, 4)
	morrowind.esm       LAND    (0, 22)
	morrowind.esm       LAND    (0, 23)
	morrowind.esm       LAND    (1, -6)
	morrowind.esm       LAND    (1, 22)
	morrowind.esm       LAND    (1, 23)
	morrowind.esm       LAND    (13, 15)
	morrowind.esm       LAND    (18, -1)
	morrowind.esm       LAND    (18, -2)
	morrowind.esm       LAND    (19, -1)
	morrowind.esm       LAND    (19, -2)
	morrowind.esm       LAND    (19, 6)
	morrowind.esm       LAND    (4, -15)
	morrowind.esm       LAND    (8, 20)
	morrowind.esm       LAND    (9, -11)
	morrowind.esm       LAND    (9, 20)
	morrowind.esm       LTEX    ac_darkstone01
	morrowind.esm       LTEX    ac_darkstone02
	morrowind.esm       LTEX    ac_darkstone_grass
	morrowind.esm       LTEX    ac_dirtroad_01
	morrowind.esm       LTEX    al_ash_02
	morrowind.esm       LTEX    al_ash_03
	morrowind.esm       LTEX    al_ash_04
	morrowind.esm       LTEX    scrub plain
	morrowind.esm       LTEX    tx_ai_mudflats_01.tga
	morrowind.esm       LTEX    tx_bc_grass.tga
	morrowind.esm       LTEX    tx_bc_moss.tga
	morrowind.esm       LTEX    tx_bc_muck_01.tga
	morrowind.esm       LTEX    tx_bc_mud.tga
	morrowind.esm       LTEX    tx_bc_rock_01.tga
	morrowind.esm       LTEX    tx_bc_rockyscrub.tga
	morrowind.esm       LTEX    tx_bc_scrub.tga
	morrowind.esm       LTEX    tx_bc_undergrowth.tga
	morrowind.esm       LTEX    wg_rock
	morrowind.esm       LTEX    wg_rockydirt
	morrowind.esm       LTEX    wg_scrub plain
	morrowind.esm       PGRD    ascadian isles region
	morrowind.esm       PGRD    azura's coast region
	morrowind.esm       PGRD    sheogorad region
	tribunal.esm        DIAL    background
	tribunal.esm        DIAL    greeting 1
	tribunal.esm        DIAL    latest rumors
	tribunal.esm        LTEX    ai_clover
	tribunal.esm        LTEX    ai_dirt
	tribunal.esm        LTEX    ai_grass
	tribunal.esm        LTEX    ai_grass_02
	tribunal.esm        LTEX    ai_grass_dirt
	tribunal.esm        LTEX    rm_grayrock

[DUP-INF]: ID=310941559979747883(Greeting:greeting 1)
  |DATA|ONAM:svenja_outside|NAME:The winds have whispered to me, %PCName. They have told me of your failure to enter Hrothmund's Barrow. In order to become chieftain of Thirsk, you needed to enter the barrow and grasp the axe of Hrothmund to receive his blessing. Now, that will never happen. This is a sad day. I fear Thirsk will never reopen.|SCVR:04JX0BM_Airship_a|INTV: |BNAM:Journal BM_Airship_c 20  Goodbye

[DUP-INF]: ID=2024114207272511002(Topic:latest rumors)
  |DATA|ONAM:svenja_outside|NAME:Rumors? Are you mad? There's no time for such nonsense!

[DUP-INF]: ID=2583529070786213408(Topic:background)
  |DATA|ONAM:vonos veri|NAME:I am %name, I serve Almalexia as one of Her Hands.
