OB Style Auto Quivers and Bows.esp: DUP-REC GETSND MASTERS MENUMOD MISSVER OVR-REC
    MASTERS: out of sync with the masters installed in your Data Files directory:
	Morrowind.esm               79764287 (plugin)   79837557 (installed size)
	Tribunal.esm                 6616539 (plugin)    4565686 (installed size)
	Bloodmoon.esm               11799703 (plugin)    9631798 (installed size)
    [GETSND] GetSoundPlaying possibly used to detect events:
	SCPT(SQP_Auriel_BMIce_script)
	SCPT(SQP_Auriel_BMNordMail_script)
	SCPT(SQP_Auriel_BM_BearSn_script)
	SCPT(SQP_Auriel_BM_Bear_script)
	SCPT(SQP_Auriel_BM_WolfSn_script)
	SCPT(SQP_Auriel_BM_Wolf_script)
	SCPT(SQP_Auriel_BoneAA_script)
	SCPT(SQP_Auriel_BoneGJ_script)
	SCPT(SQP_Auriel_Bone_script)
	SCPT(SQP_Auriel_Chitin_script)
	SCPT(SQP_Auriel_Daedric_script)
	SCPT(SQP_Auriel_DarkBH_script)
	SCPT(SQP_Auriel_Dwemer_script)
	SCPT(SQP_Auriel_Ebony_script)
	SCPT(SQP_Auriel_Glass_script)
	SCPT(SQP_Auriel_Helsethguard_script)
	SCPT(SQP_Auriel_Imp_C_script)
	SCPT(SQP_Auriel_Imp_script)
	SCPT(SQP_Auriel_IndorilAlm_script)
	SCPT(SQP_Auriel_IndorilMH_script)
	SCPT(SQP_Auriel_Indoril_script)
	SCPT(SQP_Auriel_Iron_script)
	SCPT(SQP_Auriel_Nfur_script)
	SCPT(SQP_Auriel_SteelAnc_script)
	SCPT(SQP_Auriel_Steel_script)
	SCPT(SQP_Auriel_Templar_script)
	SCPT(SQP_Auriel_adam_script)
	SCPT(SQP_Auriel_netch_script)
	SCPT(SQP_Auriel_orcish_script)
	SCPT(SQP_Bone_BMIce_script)
	SCPT(SQP_Bone_BMNordMail_script)
	SCPT(SQP_Bone_BM_BearSn_script)
	SCPT(SQP_Bone_BM_Bear_script)
	SCPT(SQP_Bone_BM_WolfSn_script)
	SCPT(SQP_Bone_BM_Wolf_script)
	SCPT(SQP_Bone_BoneAA_script)
	SCPT(SQP_Bone_BoneGJ_script)
	SCPT(SQP_Bone_Bone_script)
	SCPT(SQP_Bone_Chitin_script)
	SCPT(SQP_Bone_Daedric_script)
	SCPT(SQP_Bone_DarkBH_script)
	SCPT(SQP_Bone_Dwemer_script)
	SCPT(SQP_Bone_Ebony_script)
	SCPT(SQP_Bone_Glass_script)
	SCPT(SQP_Bone_Helsethguard_script)
	SCPT(SQP_Bone_Imp_C_script)
	SCPT(SQP_Bone_Imp_script)
	SCPT(SQP_Bone_IndorilAlm_script)
	SCPT(SQP_Bone_IndorilMH_script)
	SCPT(SQP_Bone_Indoril_script)
	SCPT(SQP_Bone_Iron_script)
	SCPT(SQP_Bone_Nfur_script)
	SCPT(SQP_Bone_SteelAnc_script)
	SCPT(SQP_Bone_Steel_script)
	SCPT(SQP_Bone_Templar_script)
	SCPT(SQP_Bone_adam_script)
	SCPT(SQP_Bone_netch_script)
	SCPT(SQP_Bone_orcish_script)
	SCPT(SQP_Chitin_BMIce_script)
	SCPT(SQP_Chitin_BMNordMail_script)
	SCPT(SQP_Chitin_BM_BearSn_script)
	SCPT(SQP_Chitin_BM_Bear_script)
	SCPT(SQP_Chitin_BM_WolfSn_script)
	SCPT(SQP_Chitin_BM_Wolf_script)
	SCPT(SQP_Chitin_BoneAA_script)
	SCPT(SQP_Chitin_BoneGJ_script)
	SCPT(SQP_Chitin_Bone_script)
	SCPT(SQP_Chitin_Chitin_script)
	SCPT(SQP_Chitin_Daedric_script)
	SCPT(SQP_Chitin_DarkBH_script)
	SCPT(SQP_Chitin_Dwemer_script)
	SCPT(SQP_Chitin_Ebony_script)
	SCPT(SQP_Chitin_Glass_script)
	SCPT(SQP_Chitin_Helsethguard_script)
	SCPT(SQP_Chitin_Imp_C_script)
	SCPT(SQP_Chitin_Imp_script)
	SCPT(SQP_Chitin_IndorilAlm_script)
	SCPT(SQP_Chitin_IndorilMH_script)
	SCPT(SQP_Chitin_Indoril_script)
	SCPT(SQP_Chitin_Iron_script)
	SCPT(SQP_Chitin_Nfur_script)
	SCPT(SQP_Chitin_SteelAnc_script)
	SCPT(SQP_Chitin_Steel_script)
	SCPT(SQP_Chitin_Templar_script)
	SCPT(SQP_Chitin_adam_script)
	SCPT(SQP_Chitin_netch_script)
	SCPT(SQP_Chitin_orcish_script)
	SCPT(SQP_Daed_adam_script)
	SCPT(SQP_Daedric_BMIce_script)
	SCPT(SQP_Daedric_BMNordMail_script)
	SCPT(SQP_Daedric_BM_BearSn_script)
	SCPT(SQP_Daedric_BM_Bear_script)
	SCPT(SQP_Daedric_BM_WolfSn_script)
	SCPT(SQP_Daedric_BM_Wolf_script)
	SCPT(SQP_Daedric_BoneAA_script)
	SCPT(SQP_Daedric_BoneGJ_script)
	SCPT(SQP_Daedric_Bone_script)
	SCPT(SQP_Daedric_Chitin_script)
	SCPT(SQP_Daedric_Daedric_script)
	SCPT(SQP_Daedric_DarkBH_script)
	SCPT(SQP_Daedric_Dwemer_script)
	SCPT(SQP_Daedric_Ebony_script)
	SCPT(SQP_Daedric_Glass_script)
	SCPT(SQP_Daedric_Helsethguard_script)
	SCPT(SQP_Daedric_Imp_C_script)
	SCPT(SQP_Daedric_Imp_script)
	SCPT(SQP_Daedric_IndorilAlm_script)
	SCPT(SQP_Daedric_IndorilMH_script)
	SCPT(SQP_Daedric_Indoril_script)
	SCPT(SQP_Daedric_Iron_script)
	SCPT(SQP_Daedric_Nfur_script)
	SCPT(SQP_Daedric_SteelAnc_script)
	SCPT(SQP_Daedric_Steel_script)
	SCPT(SQP_Daedric_Templar_script)
	SCPT(SQP_Daedric_netch_script)
	SCPT(SQP_Daedric_orcish_script)
	SCPT(SQP_LongB_BMIce_script)
	SCPT(SQP_LongB_BMNordMail_script)
	SCPT(SQP_LongB_BM_BearSn_script)
	SCPT(SQP_LongB_BM_Bear_script)
	SCPT(SQP_LongB_BM_WolfSn_script)
	SCPT(SQP_LongB_BM_Wolf_script)
	SCPT(SQP_LongB_BoneAA_script)
	SCPT(SQP_LongB_BoneGJ_script)
	SCPT(SQP_LongB_Bone_script)
	SCPT(SQP_LongB_Chitin_script)
	SCPT(SQP_LongB_Daedric_script)
	SCPT(SQP_LongB_DarkBH_script)
	SCPT(SQP_LongB_Dwemer_script)
	SCPT(SQP_LongB_Ebony_script)
	SCPT(SQP_LongB_Glass_script)
	SCPT(SQP_LongB_Helsethguard_script)
	SCPT(SQP_LongB_Imp_C_script)
	SCPT(SQP_LongB_Imp_script)
	SCPT(SQP_LongB_IndorilAlm_script)
	SCPT(SQP_LongB_IndorilMH_script)
	SCPT(SQP_LongB_Indoril_script)
	SCPT(SQP_LongB_Iron_script)
	SCPT(SQP_LongB_Nfur_script)
	SCPT(SQP_LongB_SteelAnc_script)
	SCPT(SQP_LongB_Steel_script)
	SCPT(SQP_LongB_Templar_script)
	SCPT(SQP_LongB_adam_script)
	SCPT(SQP_LongB_netch_script)
	SCPT(SQP_LongB_orcish_script)
	SCPT(SQP_SSteel_BMIce_script)
	SCPT(SQP_SSteel_BMNordMail_script)
	SCPT(SQP_SSteel_BM_BearSn_script)
	SCPT(SQP_SSteel_BM_Bear_script)
	SCPT(SQP_SSteel_BM_WolfSn_script)
	SCPT(SQP_SSteel_BM_Wolf_script)
	SCPT(SQP_SSteel_BoneAA_script)
	SCPT(SQP_SSteel_BoneGJ_script)
	SCPT(SQP_SSteel_Bone_script)
	SCPT(SQP_SSteel_Chitin_script)
	SCPT(SQP_SSteel_Daedric_script)
	SCPT(SQP_SSteel_DarkBH_script)
	SCPT(SQP_SSteel_Dwemer_script)
	SCPT(SQP_SSteel_Ebony_script)
	SCPT(SQP_SSteel_Glass_script)
	SCPT(SQP_SSteel_Helsethguard_script)
	SCPT(SQP_SSteel_Imp_C_script)
	SCPT(SQP_SSteel_Imp_script)
	SCPT(SQP_SSteel_IndorilAlm_script)
	SCPT(SQP_SSteel_IndorilMH_script)
	SCPT(SQP_SSteel_Indoril_script)
	SCPT(SQP_SSteel_Iron_script)
	SCPT(SQP_SSteel_Nfur_script)
	SCPT(SQP_SSteel_SteelAnc_script)
	SCPT(SQP_SSteel_Steel_script)
	SCPT(SQP_SSteel_Templar_script)
	SCPT(SQP_SSteel_adam_script)
	SCPT(SQP_SSteel_netch_script)
	SCPT(SQP_SSteel_orcish_script)
	SCPT(SQP_Shadow_BMIce_script)
	SCPT(SQP_Shadow_BMNordMail_script)
	SCPT(SQP_Shadow_BM_BearSn_script)
	SCPT(SQP_Shadow_BM_Bear_script)
	SCPT(SQP_Shadow_BM_WolfSn_script)
	SCPT(SQP_Shadow_BM_Wolf_script)
	SCPT(SQP_Shadow_BoneAA_script)
	SCPT(SQP_Shadow_BoneGJ_script)
	SCPT(SQP_Shadow_Bone_script)
	SCPT(SQP_Shadow_Chitin_script)
	SCPT(SQP_Shadow_Daedric_script)
	SCPT(SQP_Shadow_DarkBH_script)
	SCPT(SQP_Shadow_Dwemer_script)
	SCPT(SQP_Shadow_Ebony_script)
	SCPT(SQP_Shadow_Glass_script)
	SCPT(SQP_Shadow_Helsethguard_script)
	SCPT(SQP_Shadow_Imp_C_script)
	SCPT(SQP_Shadow_Imp_script)
	SCPT(SQP_Shadow_IndorilAlm_script)
	SCPT(SQP_Shadow_IndorilMH_script)
	SCPT(SQP_Shadow_Indoril_script)
	SCPT(SQP_Shadow_Iron_script)
	SCPT(SQP_Shadow_Nfur_script)
	SCPT(SQP_Shadow_SteelAnc_script)
	SCPT(SQP_Shadow_Steel_script)
	SCPT(SQP_Shadow_Templar_script)
	SCPT(SQP_Shadow_netch_script)
	SCPT(SQP_Shadow_orcish_script)
	SCPT(SQP_Shadows_adam_script)
	SCPT(SQP_Steel_BMIce_script)
	SCPT(SQP_Steel_BMNordMail_script)
	SCPT(SQP_Steel_BM_BearSn_script)
	SCPT(SQP_Steel_BM_Bear_script)
	SCPT(SQP_Steel_BM_WolfSn_script)
	SCPT(SQP_Steel_BM_Wolf_script)
	SCPT(SQP_Steel_BoneAA_script)
	SCPT(SQP_Steel_BoneGJ_script)
	SCPT(SQP_Steel_Bone_script)
	SCPT(SQP_Steel_Chitin_script)
	SCPT(SQP_Steel_Daedric_script)
	SCPT(SQP_Steel_DarkBH_script)
	SCPT(SQP_Steel_Dwemer_script)
	SCPT(SQP_Steel_Ebony_script)
	SCPT(SQP_Steel_Glass_script)
	SCPT(SQP_Steel_Helsethguard_script)
	SCPT(SQP_Steel_Imp_C_script)
	SCPT(SQP_Steel_Imp_script)
	SCPT(SQP_Steel_IndorilAlm_script)
	SCPT(SQP_Steel_IndorilMH_script)
	SCPT(SQP_Steel_Indoril_script)
	SCPT(SQP_Steel_Iron_script)
	SCPT(SQP_Steel_Nfur_script)
	SCPT(SQP_Steel_SteelAnc_script)
	SCPT(SQP_Steel_Steel_script)
	SCPT(SQP_Steel_Templar_script)
	SCPT(SQP_Steel_adam_script)
	SCPT(SQP_Steel_netch_script)
	SCPT(SQP_Steel_orcish_script)
	SCPT(SQP__Quiver_BM_BMIce_script)
	SCPT(SQP__Quiver_BM_BearSn_script)
	SCPT(SQP__Quiver_BM_Bear_script)
	SCPT(SQP__Quiver_BM_NordicMail_scrip)
	SCPT(SQP__Quiver_BM_WolfSn_script)
	SCPT(SQP__Quiver_BM_Wolf_script)
	SCPT(SQP__Quiver_BoneAA_script)
	SCPT(SQP__Quiver_BoneCL_script)
	SCPT(SQP__Quiver_BoneGJ_script)
	SCPT(SQP__Quiver_Chitin_script)
	SCPT(SQP__Quiver_Daedric_script)
	SCPT(SQP__Quiver_DarkBH_script)
	SCPT(SQP__Quiver_Dwemer_script)
	SCPT(SQP__Quiver_Ebony_script)
	SCPT(SQP__Quiver_Glass_script)
	SCPT(SQP__Quiver_Helsethguard_script)
	SCPT(SQP__Quiver_Imp_C_script)
	SCPT(SQP__Quiver_Imp_script)
	SCPT(SQP__Quiver_IndorilAlm_script)
	SCPT(SQP__Quiver_IndorilMH_script)
	SCPT(SQP__Quiver_Indoril_script)
	SCPT(SQP__Quiver_Iron_script)
	SCPT(SQP__Quiver_Nfur_script)
	SCPT(SQP__Quiver_SteelAnc_script)
	SCPT(SQP__Quiver_Steel_script)
	SCPT(SQP__Quiver_Templar_script)
	SCPT(SQP__Quiver_adam_script)
	SCPT(SQP__Quiver_netch_script)
	SCPT(SQP__Quiver_orcish_script)
    [MENUMOD] Scripts not checking menumode:
	SCPT(SQP_Auriel_BMIce_remove)
	SCPT(SQP_Auriel_BMIce_script)
	SCPT(SQP_Auriel_BMNordMail_remove)
	SCPT(SQP_Auriel_BMNordMail_script)
	SCPT(SQP_Auriel_BM_BearSn_remove)
	SCPT(SQP_Auriel_BM_BearSn_script)
	SCPT(SQP_Auriel_BM_Bear_remove)
	SCPT(SQP_Auriel_BM_Bear_script)
	SCPT(SQP_Auriel_BM_WolfSn_remove)
	SCPT(SQP_Auriel_BM_WolfSn_script)
	SCPT(SQP_Auriel_BM_Wolf_remove)
	SCPT(SQP_Auriel_BM_Wolf_script)
	SCPT(SQP_Auriel_BoneAA_remove)
	SCPT(SQP_Auriel_BoneAA_script)
	SCPT(SQP_Auriel_BoneGJ_remove)
	SCPT(SQP_Auriel_BoneGJ_script)
	SCPT(SQP_Auriel_Bone_remove)
	SCPT(SQP_Auriel_Bone_script)
	SCPT(SQP_Auriel_Chitin_remove)
	SCPT(SQP_Auriel_Chitin_script)
	SCPT(SQP_Auriel_Daedric_remove)
	SCPT(SQP_Auriel_Daedric_script)
	SCPT(SQP_Auriel_DarkBH_remove)
	SCPT(SQP_Auriel_DarkBH_script)
	SCPT(SQP_Auriel_Dwemer_remove)
	SCPT(SQP_Auriel_Dwemer_script)
	SCPT(SQP_Auriel_Ebony_remove)
	SCPT(SQP_Auriel_Ebony_script)
	SCPT(SQP_Auriel_Glass_remove)
	SCPT(SQP_Auriel_Glass_script)
	SCPT(SQP_Auriel_Helsethguard_remove)
	SCPT(SQP_Auriel_Helsethguard_script)
	SCPT(SQP_Auriel_Imp_C_remove)
	SCPT(SQP_Auriel_Imp_C_script)
	SCPT(SQP_Auriel_Imp_remove)
	SCPT(SQP_Auriel_Imp_script)
	SCPT(SQP_Auriel_IndorilAlm_remove)
	SCPT(SQP_Auriel_IndorilAlm_script)
	SCPT(SQP_Auriel_IndorilMH_remove)
	SCPT(SQP_Auriel_IndorilMH_script)
	SCPT(SQP_Auriel_Indoril_remove)
	SCPT(SQP_Auriel_Indoril_script)
	SCPT(SQP_Auriel_Iron_remove)
	SCPT(SQP_Auriel_Iron_script)
	SCPT(SQP_Auriel_Nfur_remove)
	SCPT(SQP_Auriel_Nfur_script)
	SCPT(SQP_Auriel_SteelAnc_remove)
	SCPT(SQP_Auriel_SteelAnc_script)
	SCPT(SQP_Auriel_Steel_remove)
	SCPT(SQP_Auriel_Steel_script)
	SCPT(SQP_Auriel_Templar_remove)
	SCPT(SQP_Auriel_Templar_script)
	SCPT(SQP_Auriel_adam_remove)
	SCPT(SQP_Auriel_adam_script)
	SCPT(SQP_Auriel_netch_remove)
	SCPT(SQP_Auriel_netch_script)
	SCPT(SQP_Auriel_orcish_remove)
	SCPT(SQP_Auriel_orcish_script)
	SCPT(SQP_Bone_BMIce_remove)
	SCPT(SQP_Bone_BMIce_script)
	SCPT(SQP_Bone_BMNordMail_remove)
	SCPT(SQP_Bone_BMNordMail_script)
	SCPT(SQP_Bone_BM_BearSn_remove)
	SCPT(SQP_Bone_BM_BearSn_script)
	SCPT(SQP_Bone_BM_Bear_remove)
	SCPT(SQP_Bone_BM_Bear_script)
	SCPT(SQP_Bone_BM_WolfSn_remove)
	SCPT(SQP_Bone_BM_WolfSn_script)
	SCPT(SQP_Bone_BM_Wolf_remove)
	SCPT(SQP_Bone_BM_Wolf_script)
	SCPT(SQP_Bone_BoneAA_remove)
	SCPT(SQP_Bone_BoneAA_script)
	SCPT(SQP_Bone_BoneGJ_remove)
	SCPT(SQP_Bone_BoneGJ_script)
	SCPT(SQP_Bone_Bone_remove)
	SCPT(SQP_Bone_Bone_script)
	SCPT(SQP_Bone_Chitin_remove)
	SCPT(SQP_Bone_Chitin_script)
	SCPT(SQP_Bone_Daedric_remove)
	SCPT(SQP_Bone_Daedric_script)
	SCPT(SQP_Bone_DarkBH_remove)
	SCPT(SQP_Bone_DarkBH_script)
	SCPT(SQP_Bone_Dwemer_remove)
	SCPT(SQP_Bone_Dwemer_script)
	SCPT(SQP_Bone_Ebony_remove)
	SCPT(SQP_Bone_Ebony_script)
	SCPT(SQP_Bone_Glass_remove)
	SCPT(SQP_Bone_Glass_script)
	SCPT(SQP_Bone_Helsethguard_remove)
	SCPT(SQP_Bone_Helsethguard_script)
	SCPT(SQP_Bone_Imp_C_remove)
	SCPT(SQP_Bone_Imp_C_script)
	SCPT(SQP_Bone_Imp_remove)
	SCPT(SQP_Bone_Imp_script)
	SCPT(SQP_Bone_IndorilAlm_remove)
	SCPT(SQP_Bone_IndorilAlm_script)
	SCPT(SQP_Bone_IndorilMH_remove)
	SCPT(SQP_Bone_IndorilMH_script)
	SCPT(SQP_Bone_Indoril_remove)
	SCPT(SQP_Bone_Indoril_script)
	SCPT(SQP_Bone_Iron_remove)
	SCPT(SQP_Bone_Iron_script)
	SCPT(SQP_Bone_Nfur_remove)
	SCPT(SQP_Bone_Nfur_script)
	SCPT(SQP_Bone_SteelAnc_remove)
	SCPT(SQP_Bone_SteelAnc_script)
	SCPT(SQP_Bone_Steel_remove)
	SCPT(SQP_Bone_Steel_script)
	SCPT(SQP_Bone_Templar_remove)
	SCPT(SQP_Bone_Templar_script)
	SCPT(SQP_Bone_adam_remove)
	SCPT(SQP_Bone_adam_script)
	SCPT(SQP_Bone_netch_remove)
	SCPT(SQP_Bone_netch_script)
	SCPT(SQP_Bone_orcish_remove)
	SCPT(SQP_Bone_orcish_script)
	SCPT(SQP_Chitin_BMIce_remove)
	SCPT(SQP_Chitin_BMIce_script)
	SCPT(SQP_Chitin_BMNordMail_remove)
	SCPT(SQP_Chitin_BMNordMail_script)
	SCPT(SQP_Chitin_BM_BearSn_remove)
	SCPT(SQP_Chitin_BM_BearSn_script)
	SCPT(SQP_Chitin_BM_Bear_remove)
	SCPT(SQP_Chitin_BM_Bear_script)
	SCPT(SQP_Chitin_BM_WolfSn_remove)
	SCPT(SQP_Chitin_BM_WolfSn_script)
	SCPT(SQP_Chitin_BM_Wolf_remove)
	SCPT(SQP_Chitin_BM_Wolf_script)
	SCPT(SQP_Chitin_BoneAA_remove)
	SCPT(SQP_Chitin_BoneAA_script)
	SCPT(SQP_Chitin_BoneGJ_remove)
	SCPT(SQP_Chitin_BoneGJ_script)
	SCPT(SQP_Chitin_Bone_remove)
	SCPT(SQP_Chitin_Bone_script)
	SCPT(SQP_Chitin_Chitin_remove)
	SCPT(SQP_Chitin_Chitin_script)
	SCPT(SQP_Chitin_Daedric_remove)
	SCPT(SQP_Chitin_Daedric_script)
	SCPT(SQP_Chitin_DarkBH_remove)
	SCPT(SQP_Chitin_DarkBH_script)
	SCPT(SQP_Chitin_Dwemer_remove)
	SCPT(SQP_Chitin_Dwemer_script)
	SCPT(SQP_Chitin_Ebony_remove)
	SCPT(SQP_Chitin_Ebony_script)
	SCPT(SQP_Chitin_Glass_remove)
	SCPT(SQP_Chitin_Glass_script)
	SCPT(SQP_Chitin_Helsethguard_remove)
	SCPT(SQP_Chitin_Helsethguard_script)
	SCPT(SQP_Chitin_Imp_C_remove)
	SCPT(SQP_Chitin_Imp_C_script)
	SCPT(SQP_Chitin_Imp_remove)
	SCPT(SQP_Chitin_Imp_script)
	SCPT(SQP_Chitin_IndorilAlm_remove)
	SCPT(SQP_Chitin_IndorilAlm_script)
	SCPT(SQP_Chitin_IndorilMH_remove)
	SCPT(SQP_Chitin_IndorilMH_script)
	SCPT(SQP_Chitin_Indoril_remove)
	SCPT(SQP_Chitin_Indoril_script)
	SCPT(SQP_Chitin_Iron_remove)
	SCPT(SQP_Chitin_Iron_script)
	SCPT(SQP_Chitin_Nfur_remove)
	SCPT(SQP_Chitin_Nfur_script)
	SCPT(SQP_Chitin_SteelAnc_remove)
	SCPT(SQP_Chitin_SteelAnc_script)
	SCPT(SQP_Chitin_Steel_remove)
	SCPT(SQP_Chitin_Steel_script)
	SCPT(SQP_Chitin_Templar_remove)
	SCPT(SQP_Chitin_Templar_script)
	SCPT(SQP_Chitin_adam_remove)
	SCPT(SQP_Chitin_adam_script)
	SCPT(SQP_Chitin_netch_remove)
	SCPT(SQP_Chitin_netch_script)
	SCPT(SQP_Chitin_orcish_remove)
	SCPT(SQP_Chitin_orcish_script)
	SCPT(SQP_Daed_BMIce_remove)
	SCPT(SQP_Daed_BMNordMail_remove)
	SCPT(SQP_Daed_BM_BearSn_remove)
	SCPT(SQP_Daed_BM_Bear_remove)
	SCPT(SQP_Daed_BM_WolfSn_remove)
	SCPT(SQP_Daed_BM_Wolf_remove)
	SCPT(SQP_Daed_BoneAA_remove)
	SCPT(SQP_Daed_BoneGJ_remove)
	SCPT(SQP_Daed_Bone_remove)
	SCPT(SQP_Daed_Chitin_remove)
	SCPT(SQP_Daed_Daedric_remove)
	SCPT(SQP_Daed_DarkBH_remove)
	SCPT(SQP_Daed_Dwemer_remove)
	SCPT(SQP_Daed_Ebony_remove)
	SCPT(SQP_Daed_Glass_remove)
	SCPT(SQP_Daed_Helsethguard_remove)
	SCPT(SQP_Daed_Imp_C_remove)
	SCPT(SQP_Daed_Imp_remove)
	SCPT(SQP_Daed_IndorilAlm_remove)
	SCPT(SQP_Daed_IndorilMH_remove)
	SCPT(SQP_Daed_Indoril_remove)
	SCPT(SQP_Daed_Iron_remove)
	SCPT(SQP_Daed_Nfur_remove)
	SCPT(SQP_Daed_SteelAnc_remove)
	SCPT(SQP_Daed_Steel_remove)
	SCPT(SQP_Daed_Templar_remove)
	SCPT(SQP_Daed_adam_remove)
	SCPT(SQP_Daed_adam_script)
	SCPT(SQP_Daed_netch_remove)
	SCPT(SQP_Daed_orcish_remove)
	SCPT(SQP_Daedric_BMIce_script)
	SCPT(SQP_Daedric_BMNordMail_script)
	SCPT(SQP_Daedric_BM_BearSn_script)
	SCPT(SQP_Daedric_BM_Bear_script)
	SCPT(SQP_Daedric_BM_WolfSn_script)
	SCPT(SQP_Daedric_BM_Wolf_script)
	SCPT(SQP_Daedric_BoneAA_script)
	SCPT(SQP_Daedric_BoneGJ_script)
	SCPT(SQP_Daedric_Bone_script)
	SCPT(SQP_Daedric_Chitin_script)
	SCPT(SQP_Daedric_Daedric_script)
	SCPT(SQP_Daedric_DarkBH_script)
	SCPT(SQP_Daedric_Dwemer_script)
	SCPT(SQP_Daedric_Ebony_script)
	SCPT(SQP_Daedric_Glass_script)
	SCPT(SQP_Daedric_Helsethguard_script)
	SCPT(SQP_Daedric_Imp_C_script)
	SCPT(SQP_Daedric_Imp_script)
	SCPT(SQP_Daedric_IndorilAlm_script)
	SCPT(SQP_Daedric_IndorilMH_script)
	SCPT(SQP_Daedric_Indoril_script)
	SCPT(SQP_Daedric_Iron_script)
	SCPT(SQP_Daedric_Nfur_script)
	SCPT(SQP_Daedric_SteelAnc_script)
	SCPT(SQP_Daedric_Steel_script)
	SCPT(SQP_Daedric_Templar_script)
	SCPT(SQP_Daedric_netch_script)
	SCPT(SQP_Daedric_orcish_script)
	SCPT(SQP_LongB_BMIce_remove)
	SCPT(SQP_LongB_BMIce_script)
	SCPT(SQP_LongB_BMNordMail_remove)
	SCPT(SQP_LongB_BMNordMail_script)
	SCPT(SQP_LongB_BM_BearSn_remove)
	SCPT(SQP_LongB_BM_BearSn_script)
	SCPT(SQP_LongB_BM_Bear_remove)
	SCPT(SQP_LongB_BM_Bear_script)
	SCPT(SQP_LongB_BM_WolfSn_remove)
	SCPT(SQP_LongB_BM_WolfSn_script)
	SCPT(SQP_LongB_BM_Wolf_remove)
	SCPT(SQP_LongB_BM_Wolf_script)
	SCPT(SQP_LongB_BoneAA_remove)
	SCPT(SQP_LongB_BoneAA_script)
	SCPT(SQP_LongB_BoneGJ_remove)
	SCPT(SQP_LongB_BoneGJ_script)
	SCPT(SQP_LongB_Bone_remove)
	SCPT(SQP_LongB_Bone_script)
	SCPT(SQP_LongB_Chitin_remove)
	SCPT(SQP_LongB_Chitin_script)
	SCPT(SQP_LongB_Daedric_remove)
	SCPT(SQP_LongB_Daedric_script)
	SCPT(SQP_LongB_DarkBH_remove)
	SCPT(SQP_LongB_DarkBH_script)
	SCPT(SQP_LongB_Dwemer_remove)
	SCPT(SQP_LongB_Dwemer_script)
	SCPT(SQP_LongB_Ebony_remove)
	SCPT(SQP_LongB_Ebony_script)
	SCPT(SQP_LongB_Glass_remove)
	SCPT(SQP_LongB_Glass_script)
	SCPT(SQP_LongB_Helsethguard_remove)
	SCPT(SQP_LongB_Helsethguard_script)
	SCPT(SQP_LongB_Imp_C_remove)
	SCPT(SQP_LongB_Imp_C_script)
	SCPT(SQP_LongB_Imp_remove)
	SCPT(SQP_LongB_Imp_script)
	SCPT(SQP_LongB_IndorilAlm_remove)
	SCPT(SQP_LongB_IndorilAlm_script)
	SCPT(SQP_LongB_IndorilMH_remove)
	SCPT(SQP_LongB_IndorilMH_script)
	SCPT(SQP_LongB_Indoril_remove)
	SCPT(SQP_LongB_Indoril_script)
	SCPT(SQP_LongB_Iron_remove)
	SCPT(SQP_LongB_Iron_script)
	SCPT(SQP_LongB_Nfur_remove)
	SCPT(SQP_LongB_Nfur_script)
	SCPT(SQP_LongB_SteelAnc_remove)
	SCPT(SQP_LongB_SteelAnc_script)
	SCPT(SQP_LongB_Steel_remove)
	SCPT(SQP_LongB_Steel_script)
	SCPT(SQP_LongB_Templar_remove)
	SCPT(SQP_LongB_Templar_script)
	SCPT(SQP_LongB_adam_remove)
	SCPT(SQP_LongB_adam_script)
	SCPT(SQP_LongB_netch_remove)
	SCPT(SQP_LongB_netch_script)
	SCPT(SQP_LongB_orcish_remove)
	SCPT(SQP_LongB_orcish_script)
	SCPT(SQP_SSteel_BMIce_remove)
	SCPT(SQP_SSteel_BMIce_script)
	SCPT(SQP_SSteel_BMNordMail_remove)
	SCPT(SQP_SSteel_BMNordMail_script)
	SCPT(SQP_SSteel_BM_BearSn_remove)
	SCPT(SQP_SSteel_BM_BearSn_script)
	SCPT(SQP_SSteel_BM_Bear_remove)
	SCPT(SQP_SSteel_BM_Bear_script)
	SCPT(SQP_SSteel_BM_WolfSn_remove)
	SCPT(SQP_SSteel_BM_WolfSn_script)
	SCPT(SQP_SSteel_BM_Wolf_remove)
	SCPT(SQP_SSteel_BM_Wolf_script)
	SCPT(SQP_SSteel_BoneAA_remove)
	SCPT(SQP_SSteel_BoneAA_script)
	SCPT(SQP_SSteel_BoneGJ_remove)
	SCPT(SQP_SSteel_BoneGJ_script)
	SCPT(SQP_SSteel_Bone_remove)
	SCPT(SQP_SSteel_Bone_script)
	SCPT(SQP_SSteel_Chitin_remove)
	SCPT(SQP_SSteel_Chitin_script)
	SCPT(SQP_SSteel_Daedric_remove)
	SCPT(SQP_SSteel_Daedric_script)
	SCPT(SQP_SSteel_DarkBH_remove)
	SCPT(SQP_SSteel_DarkBH_script)
	SCPT(SQP_SSteel_Dwemer_remove)
	SCPT(SQP_SSteel_Dwemer_script)
	SCPT(SQP_SSteel_Ebony_remove)
	SCPT(SQP_SSteel_Ebony_script)
	SCPT(SQP_SSteel_Glass_remove)
	SCPT(SQP_SSteel_Glass_script)
	SCPT(SQP_SSteel_Helsethguard_remove)
	SCPT(SQP_SSteel_Helsethguard_script)
	SCPT(SQP_SSteel_Imp_C_remove)
	SCPT(SQP_SSteel_Imp_C_script)
	SCPT(SQP_SSteel_Imp_remove)
	SCPT(SQP_SSteel_Imp_script)
	SCPT(SQP_SSteel_IndorilAlm_remove)
	SCPT(SQP_SSteel_IndorilAlm_script)
	SCPT(SQP_SSteel_IndorilMH_remove)
	SCPT(SQP_SSteel_IndorilMH_script)
	SCPT(SQP_SSteel_Indoril_remove)
	SCPT(SQP_SSteel_Indoril_script)
	SCPT(SQP_SSteel_Iron_remove)
	SCPT(SQP_SSteel_Iron_script)
	SCPT(SQP_SSteel_Nfur_remove)
	SCPT(SQP_SSteel_Nfur_script)
	SCPT(SQP_SSteel_SteelAnc_remove)
	SCPT(SQP_SSteel_SteelAnc_script)
	SCPT(SQP_SSteel_Steel_remove)
	SCPT(SQP_SSteel_Steel_script)
	SCPT(SQP_SSteel_Templar_remove)
	SCPT(SQP_SSteel_Templar_script)
	SCPT(SQP_SSteel_adam_remove)
	SCPT(SQP_SSteel_adam_script)
	SCPT(SQP_SSteel_netch_remove)
	SCPT(SQP_SSteel_netch_script)
	SCPT(SQP_SSteel_orcish_remove)
	SCPT(SQP_SSteel_orcish_script)
	SCPT(SQP_Shadow_BMIce_remove)
	SCPT(SQP_Shadow_BMIce_script)
	SCPT(SQP_Shadow_BMNordMail_remove)
	SCPT(SQP_Shadow_BMNordMail_script)
	SCPT(SQP_Shadow_BM_BearSn_remove)
	SCPT(SQP_Shadow_BM_BearSn_script)
	SCPT(SQP_Shadow_BM_Bear_remove)
	SCPT(SQP_Shadow_BM_Bear_script)
	SCPT(SQP_Shadow_BM_WolfSn_remove)
	SCPT(SQP_Shadow_BM_WolfSn_script)
	SCPT(SQP_Shadow_BM_Wolf_remove)
	SCPT(SQP_Shadow_BM_Wolf_script)
	SCPT(SQP_Shadow_BoneAA_remove)
	SCPT(SQP_Shadow_BoneAA_script)
	SCPT(SQP_Shadow_BoneGJ_remove)
	SCPT(SQP_Shadow_BoneGJ_script)
	SCPT(SQP_Shadow_Bone_remove)
	SCPT(SQP_Shadow_Bone_script)
	SCPT(SQP_Shadow_Chitin_remove)
	SCPT(SQP_Shadow_Chitin_script)
	SCPT(SQP_Shadow_Daedric_remove)
	SCPT(SQP_Shadow_Daedric_script)
	SCPT(SQP_Shadow_DarkBH_remove)
	SCPT(SQP_Shadow_DarkBH_script)
	SCPT(SQP_Shadow_Dwemer_remove)
	SCPT(SQP_Shadow_Dwemer_script)
	SCPT(SQP_Shadow_Ebony_remove)
	SCPT(SQP_Shadow_Ebony_script)
	SCPT(SQP_Shadow_Glass_remove)
	SCPT(SQP_Shadow_Glass_script)
	SCPT(SQP_Shadow_Helsethguard_remove)
	SCPT(SQP_Shadow_Helsethguard_script)
	SCPT(SQP_Shadow_Imp_C_remove)
	SCPT(SQP_Shadow_Imp_C_script)
	SCPT(SQP_Shadow_Imp_remove)
	SCPT(SQP_Shadow_Imp_script)
	SCPT(SQP_Shadow_IndorilAlm_remove)
	SCPT(SQP_Shadow_IndorilAlm_script)
	SCPT(SQP_Shadow_IndorilMH_remove)
	SCPT(SQP_Shadow_IndorilMH_script)
	SCPT(SQP_Shadow_Indoril_remove)
	SCPT(SQP_Shadow_Indoril_script)
	SCPT(SQP_Shadow_Iron_remove)
	SCPT(SQP_Shadow_Iron_script)
	SCPT(SQP_Shadow_Nfur_remove)
	SCPT(SQP_Shadow_Nfur_script)
	SCPT(SQP_Shadow_SteelAnc_remove)
	SCPT(SQP_Shadow_SteelAnc_script)
	SCPT(SQP_Shadow_Steel_remove)
	SCPT(SQP_Shadow_Steel_script)
	SCPT(SQP_Shadow_Templar_remove)
	SCPT(SQP_Shadow_Templar_script)
	SCPT(SQP_Shadow_netch_remove)
	SCPT(SQP_Shadow_netch_script)
	SCPT(SQP_Shadow_orcish_remove)
	SCPT(SQP_Shadow_orcish_script)
	SCPT(SQP_Shadows_adam_remove)
	SCPT(SQP_Shadows_adam_script)
	SCPT(SQP_Steel_BMIce_remove)
	SCPT(SQP_Steel_BMIce_script)
	SCPT(SQP_Steel_BMNordMail_remove)
	SCPT(SQP_Steel_BMNordMail_script)
	SCPT(SQP_Steel_BM_BearSn_remove)
	SCPT(SQP_Steel_BM_BearSn_script)
	SCPT(SQP_Steel_BM_Bear_remove)
	SCPT(SQP_Steel_BM_Bear_script)
	SCPT(SQP_Steel_BM_WolfSn_remove)
	SCPT(SQP_Steel_BM_WolfSn_script)
	SCPT(SQP_Steel_BM_Wolf_remove)
	SCPT(SQP_Steel_BM_Wolf_script)
	SCPT(SQP_Steel_BoneAA_remove)
	SCPT(SQP_Steel_BoneAA_script)
	SCPT(SQP_Steel_BoneGJ_remove)
	SCPT(SQP_Steel_BoneGJ_script)
	SCPT(SQP_Steel_Bone_remove)
	SCPT(SQP_Steel_Bone_script)
	SCPT(SQP_Steel_Chitin_remove)
	SCPT(SQP_Steel_Chitin_script)
	SCPT(SQP_Steel_Daedric_remove)
	SCPT(SQP_Steel_Daedric_script)
	SCPT(SQP_Steel_DarkBH_remove)
	SCPT(SQP_Steel_DarkBH_script)
	SCPT(SQP_Steel_Dwemer_remove)
	SCPT(SQP_Steel_Dwemer_script)
	SCPT(SQP_Steel_Ebony_remove)
	SCPT(SQP_Steel_Ebony_script)
	SCPT(SQP_Steel_Glass_remove)
	SCPT(SQP_Steel_Glass_script)
	SCPT(SQP_Steel_Helsethguard_remove)
	SCPT(SQP_Steel_Helsethguard_script)
	SCPT(SQP_Steel_Imp_C_remove)
	SCPT(SQP_Steel_Imp_C_script)
	SCPT(SQP_Steel_Imp_remove)
	SCPT(SQP_Steel_Imp_script)
	SCPT(SQP_Steel_IndorilAlm_remove)
	SCPT(SQP_Steel_IndorilAlm_script)
	SCPT(SQP_Steel_IndorilMH_remove)
	SCPT(SQP_Steel_IndorilMH_script)
	SCPT(SQP_Steel_Indoril_remove)
	SCPT(SQP_Steel_Indoril_script)
	SCPT(SQP_Steel_Iron_remove)
	SCPT(SQP_Steel_Iron_script)
	SCPT(SQP_Steel_Nfur_remove)
	SCPT(SQP_Steel_Nfur_script)
	SCPT(SQP_Steel_SteelAnc_remove)
	SCPT(SQP_Steel_SteelAnc_script)
	SCPT(SQP_Steel_Steel_remove)
	SCPT(SQP_Steel_Steel_script)
	SCPT(SQP_Steel_Templar_remove)
	SCPT(SQP_Steel_Templar_script)
	SCPT(SQP_Steel_adam_remove)
	SCPT(SQP_Steel_adam_script)
	SCPT(SQP_Steel_netch_remove)
	SCPT(SQP_Steel_netch_script)
	SCPT(SQP_Steel_orcish_remove)
	SCPT(SQP_Steel_orcish_script)
	SCPT(SQP__Quiv_BMIce_remove)
	SCPT(SQP__Quiv_BMNordMail_remove)
	SCPT(SQP__Quiv_BM_BearSn_remove)
	SCPT(SQP__Quiv_BM_Bear_remove)
	SCPT(SQP__Quiv_BM_WolfSn_remove)
	SCPT(SQP__Quiv_BM_Wolf_remove)
	SCPT(SQP__Quiv_BoneAA_remove)
	SCPT(SQP__Quiv_BoneGJ_remove)
	SCPT(SQP__Quiv_Bone_remove)
	SCPT(SQP__Quiv_Chitin_remove)
	SCPT(SQP__Quiv_Daedric_remove)
	SCPT(SQP__Quiv_DarkBH_remove)
	SCPT(SQP__Quiv_Dwemer_remove)
	SCPT(SQP__Quiv_Ebony_remove)
	SCPT(SQP__Quiv_Glass_remove)
	SCPT(SQP__Quiv_Helsethguard_remove)
	SCPT(SQP__Quiv_Imp_C_remove)
	SCPT(SQP__Quiv_Imp_remove)
	SCPT(SQP__Quiv_IndorilAlm_remove)
	SCPT(SQP__Quiv_IndorilMH_remove)
	SCPT(SQP__Quiv_Indoril_remove)
	SCPT(SQP__Quiv_Iron_remove)
	SCPT(SQP__Quiv_Nfur_remove)
	SCPT(SQP__Quiv_SteelAnc_remove)
	SCPT(SQP__Quiv_Steel_remove)
	SCPT(SQP__Quiv_Templar_remove)
	SCPT(SQP__Quiv_adam_remove)
	SCPT(SQP__Quiv_netch_remove)
	SCPT(SQP__Quiv_orcish_remove)
	SCPT(SQP__Quiver_BM_BMIce_script)
	SCPT(SQP__Quiver_BM_BearSn_script)
	SCPT(SQP__Quiver_BM_Bear_script)
	SCPT(SQP__Quiver_BM_NordicMail_scrip)
	SCPT(SQP__Quiver_BM_WolfSn_script)
	SCPT(SQP__Quiver_BM_Wolf_script)
	SCPT(SQP__Quiver_BoneAA_script)
	SCPT(SQP__Quiver_BoneCL_script)
	SCPT(SQP__Quiver_BoneGJ_script)
	SCPT(SQP__Quiver_Chitin_script)
	SCPT(SQP__Quiver_Daedric_script)
	SCPT(SQP__Quiver_DarkBH_script)
	SCPT(SQP__Quiver_Dwemer_script)
	SCPT(SQP__Quiver_Ebony_script)
	SCPT(SQP__Quiver_Glass_script)
	SCPT(SQP__Quiver_Helsethguard_script)
	SCPT(SQP__Quiver_Imp_C_script)
	SCPT(SQP__Quiver_Imp_script)
	SCPT(SQP__Quiver_IndorilAlm_script)
	SCPT(SQP__Quiver_IndorilMH_script)
	SCPT(SQP__Quiver_Indoril_script)
	SCPT(SQP__Quiver_Iron_script)
	SCPT(SQP__Quiver_Nfur_script)
	SCPT(SQP__Quiver_SteelAnc_script)
	SCPT(SQP__Quiver_Steel_script)
	SCPT(SQP__Quiver_Templar_script)
	SCPT(SQP__Quiver_adam_script)
	SCPT(SQP__Quiver_netch_script)
	SCPT(SQP__Quiver_orcish_script)
    [OVR-REC] Overridden Records:
	From Master         Type    Name
	bloodmoon.esm       ARMO    bm bear left pauldron
	bloodmoon.esm       ARMO    bm bear right pauldron
	bloodmoon.esm       ARMO    bm wolf left pauldron
	bloodmoon.esm       ARMO    bm wolf right pauldron
	bloodmoon.esm       ARMO    bm_bear_left_pauldron_snow
	bloodmoon.esm       ARMO    bm_bear_right_pauldron_snow
	bloodmoon.esm       ARMO    bm_ice_pauldronl
	bloodmoon.esm       ARMO    bm_ice_pauldronr
	bloodmoon.esm       ARMO    bm_nordicmail_pauldronl
	bloodmoon.esm       ARMO    bm_nordicmail_pauldronr
	bloodmoon.esm       ARMO    bm_wolf_left_pauldron_snow
	bloodmoon.esm       ARMO    bm_wolf_right_pauldron_snow
	bloodmoon.esm       ARMO    steel_pauldron_left_ancient
	bloodmoon.esm       ARMO    steel_pauldron_right
	bloodmoon.esm       ARMO    steel_pauldron_right_ancient
	morrowind.esm       ARMO    bonemold_armun-an_pauldron_l
	morrowind.esm       ARMO    bonemold_armun-an_pauldron_r
	morrowind.esm       ARMO    bonemold_gah-julan_pauldron_l
	morrowind.esm       ARMO    bonemold_gah-julan_pauldron_r
	morrowind.esm       ARMO    bonemold_pauldron_l
	morrowind.esm       ARMO    chitin pauldron - left
	morrowind.esm       ARMO    chitin pauldron - right
	morrowind.esm       ARMO    daedric_pauldron_left
	morrowind.esm       ARMO    daedric_pauldron_right
	morrowind.esm       ARMO    dwemer_pauldron_left
	morrowind.esm       ARMO    dwemer_pauldron_right
	morrowind.esm       ARMO    ebony_pauldron_left
	morrowind.esm       ARMO    ebony_pauldron_right
	morrowind.esm       ARMO    glass_pauldron_left
	morrowind.esm       ARMO    glass_pauldron_right
	morrowind.esm       ARMO    imperial left pauldron
	morrowind.esm       ARMO    imperial right pauldron
	morrowind.esm       ARMO    indoril pauldron left
	morrowind.esm       ARMO    indoril pauldron right
	morrowind.esm       ARMO    iron_pauldron_left
	morrowind.esm       ARMO    iron_pauldron_right
	morrowind.esm       ARMO    orcish_pauldron_left
	morrowind.esm       ARMO    orcish_pauldron_right
	morrowind.esm       ARMO    steel_pauldron_left
	morrowind.esm       ARMO    templar_pauldron_left
	morrowind.esm       ARMO    templar_pauldron_right
	tribunal.esm        ARMO    adamantium_pauldron_left
	tribunal.esm        ARMO    adamantium_pauldron_right
	tribunal.esm        ARMO    bonemold_pauldron_r
	tribunal.esm        ARMO    darkbrotherhood pauldron_l
	tribunal.esm        ARMO    darkbrotherhood pauldron_r
	tribunal.esm        ARMO    fur_pauldron_left
	tribunal.esm        ARMO    fur_pauldron_right
	tribunal.esm        ARMO    helsethguard_pauldron_left
	tribunal.esm        ARMO    helsethguard_pauldron_right
	tribunal.esm        ARMO    imperial_chain_pauldron_left
	tribunal.esm        ARMO    imperial_chain_pauldron_right
	tribunal.esm        ARMO    indoril_almalexia_pauldron_l
	tribunal.esm        ARMO    indoril_almalexia_pauldron_r
	tribunal.esm        ARMO    indoril_mh_guard_pauldron_l
	tribunal.esm        ARMO    indoril_mh_guard_pauldron_r
	tribunal.esm        ARMO    netch_leather_pauldron_left
	tribunal.esm        ARMO    netch_leather_pauldron_right
