OikImmIng.ESP: DUP-REC MISSVER OVR-REC
    [DUP-REC] Duplicate Records:
	From Master         Type    Name
	bloodmoon.esm       INGR    ingred_holly_01
	morrowind.esm       INGR    ingred_resin_01
	morrowind.esm       INGR    ingred_scrib_jelly_01
	morrowind.esm       INGR    ingred_scuttle_01
	morrowind.esm       INGR    ingred_willow_anther_01
    [OVR-REC] Overridden Records:
	From Master         Type    Name
	bloodmoon.esm       INGR    ingred_ash_yam_01
	bloodmoon.esm       INGR    ingred_bear_pelt
	bloodmoon.esm       INGR    ingred_belladonna_01
	bloodmoon.esm       INGR    ingred_belladonna_02
	bloodmoon.esm       INGR    ingred_blood_innocent_unique
	bloodmoon.esm       INGR    ingred_boar_leather
	bloodmoon.esm       INGR    ingred_bread_01
	bloodmoon.esm       INGR    ingred_emerald_pinetear
	bloodmoon.esm       INGR    ingred_eyeball
	bloodmoon.esm       INGR    ingred_eyeball_unique
	bloodmoon.esm       INGR    ingred_gravetar_01
	bloodmoon.esm       INGR    ingred_heartwood_01
	bloodmoon.esm       INGR    ingred_horker_tusk_01
	bloodmoon.esm       INGR    ingred_human_meat_01
	bloodmoon.esm       INGR    ingred_innocent_heart
	bloodmoon.esm       INGR    ingred_moon_sugar_01
	bloodmoon.esm       INGR    ingred_raw_stalhrim_01
	bloodmoon.esm       INGR    ingred_snowbear_pelt_unique
	bloodmoon.esm       INGR    ingred_snowwolf_pelt_unique
	bloodmoon.esm       INGR    ingred_udyrfrykte_heart
	bloodmoon.esm       INGR    ingred_wolf_heart
	bloodmoon.esm       INGR    ingred_wolf_pelt
	bloodmoon.esm       INGR    ingred_wolfsbane_01
	morrowind.esm       INGR    food_kwama_egg_01
	morrowind.esm       INGR    food_kwama_egg_02
	morrowind.esm       INGR    ingred_6th_corprusmeat_01
	morrowind.esm       INGR    ingred_6th_corprusmeat_02
	morrowind.esm       INGR    ingred_6th_corprusmeat_03
	morrowind.esm       INGR    ingred_6th_corprusmeat_04
	morrowind.esm       INGR    ingred_6th_corprusmeat_05
	morrowind.esm       INGR    ingred_6th_corprusmeat_06
	morrowind.esm       INGR    ingred_6th_corprusmeat_07
	morrowind.esm       INGR    ingred_alit_hide_01
	morrowind.esm       INGR    ingred_bc_ampoule_pod
	morrowind.esm       INGR    ingred_bc_bungler's_bane
	morrowind.esm       INGR    ingred_bc_coda_flower
	morrowind.esm       INGR    ingred_bc_hypha_facia
	morrowind.esm       INGR    ingred_bc_spore_pod
	morrowind.esm       INGR    ingred_bittergreen_petals_01
	morrowind.esm       INGR    ingred_black_lichen_01
	morrowind.esm       INGR    ingred_bloat_01
	morrowind.esm       INGR    ingred_bonemeal_01
	morrowind.esm       INGR    ingred_bread_01_uni2
	morrowind.esm       INGR    ingred_bread_01_uni3
	morrowind.esm       INGR    ingred_chokeweed_01
	morrowind.esm       INGR    ingred_comberry_01
	morrowind.esm       INGR    ingred_coprinus_01
	morrowind.esm       INGR    ingred_corprus_weepings_01
	morrowind.esm       INGR    ingred_crab_meat_01
	morrowind.esm       INGR    ingred_cursed_daedras_heart_01
	morrowind.esm       INGR    ingred_dae_cursed_diamond_01
	morrowind.esm       INGR    ingred_dae_cursed_pearl_01
	morrowind.esm       INGR    ingred_dae_cursed_raw_ebony_01
	morrowind.esm       INGR    ingred_dae_cursed_ruby_01
	morrowind.esm       INGR    ingred_daedras_heart_01
	morrowind.esm       INGR    ingred_diamond_01
	morrowind.esm       INGR    ingred_dreugh_wax_01
	morrowind.esm       INGR    ingred_ectoplasm_01
	morrowind.esm       INGR    ingred_fire_petal_01
	morrowind.esm       INGR    ingred_fire_salts_01
	morrowind.esm       INGR    ingred_frost_salts_01
	morrowind.esm       INGR    ingred_ghoul_heart_01
	morrowind.esm       INGR    ingred_gold_kanet_01
	morrowind.esm       INGR    ingred_gold_kanet_unique
	morrowind.esm       INGR    ingred_gravedust_01
	morrowind.esm       INGR    ingred_green_lichen_01
	morrowind.esm       INGR    ingred_guar_hide_01
	morrowind.esm       INGR    ingred_guar_hide_girith
	morrowind.esm       INGR    ingred_guar_hide_marsus
	morrowind.esm       INGR    ingred_heather_01
	morrowind.esm       INGR    ingred_hound_meat_01
	morrowind.esm       INGR    ingred_kagouti_hide_01
	morrowind.esm       INGR    ingred_kresh_fiber_01
	morrowind.esm       INGR    ingred_kwama_cuttle_01
	morrowind.esm       INGR    ingred_marshmerrow_01
	morrowind.esm       INGR    ingred_netch_leather_01
	morrowind.esm       INGR    ingred_pearl_01
	morrowind.esm       INGR    ingred_racer_plumes_01
	morrowind.esm       INGR    ingred_rat_meat_01
	morrowind.esm       INGR    ingred_raw_ebony_01
	morrowind.esm       INGR    ingred_raw_glass_01
	morrowind.esm       INGR    ingred_raw_glass_tinos
	morrowind.esm       INGR    ingred_red_lichen_01
	morrowind.esm       INGR    ingred_roobrush_01
	morrowind.esm       INGR    ingred_ruby_01
	morrowind.esm       INGR    ingred_scales_01
	morrowind.esm       INGR    ingred_scamp_skin_01
	morrowind.esm       INGR    ingred_scathecraw_01
	morrowind.esm       INGR    ingred_scrap_metal_01
	morrowind.esm       INGR    ingred_shalk_resin_01
	morrowind.esm       INGR    ingred_sload_soap_01
	morrowind.esm       INGR    ingred_stoneflower_petals_01
	morrowind.esm       INGR    ingred_trama_root_01
	morrowind.esm       INGR    ingred_treated_bittergreen_uniq
	morrowind.esm       INGR    ingred_vampire_dust_01
	morrowind.esm       INGR    ingred_void_salts_01
	tribunal.esm        INGR    ingred_adamantium_ore_01
	tribunal.esm        INGR    ingred_durzog_meat_01
	tribunal.esm        INGR    ingred_golden_sedge_01
	tribunal.esm        INGR    ingred_horn_lily_bulb_01
	tribunal.esm        INGR    ingred_lloramor_spines_01
	tribunal.esm        INGR    ingred_meadow_rye_01
	tribunal.esm        INGR    ingred_nirthfly_stalks_01
	tribunal.esm        INGR    ingred_noble_sedge_01
	tribunal.esm        INGR    ingred_russula_01
	tribunal.esm        INGR    ingred_scrib_cabbage_01
	tribunal.esm        INGR    ingred_sweetpulp_01
	tribunal.esm        INGR    ingred_timsa-come-by_01
