onsr-bcom.esp: DUP-REC MASTERS MENUMOD MISSVER OVR-REC
    MASTERS: out of sync with the masters installed in your Data Files directory:
	Tamriel_Data.esm            10684550 (plugin)   11064795 (installed size)
	Beautiful cities of Morrowind.ESP    9875229 (plugin)   10126795 (installed size)
    [MENUMOD] Scripts not checking menumode:
	SCPT(onsrMOMWscroll1)
	SCPT(onsrMOMWscroll1_01)
	SCPT(onsrMOMWscroll1_02)
	SCPT(onsrMOMWscroll1_03)
	SCPT(onsrMOMWscroll1_04)
	SCPT(onsrMOMWscroll1_05)
	SCPT(onsrMOMWscroll1_06)
	SCPT(onsrMOMWscroll1_07)
	SCPT(onsrMOMWscroll1_08)
	SCPT(onsrMOMWscroll1_09)
	SCPT(onsrMOMWscroll1_10)
	SCPT(onsrMOMWscroll1_11)
	SCPT(onsrMOMWscroll1_12)
	SCPT(onsrMOMWscroll1_13)
	SCPT(onsrMOMWscroll1_14)
	SCPT(onsrMOMWscroll1_15)
	SCPT(onsrMOMWscroll2)
	SCPT(onsrMOMWscroll2_01)
	SCPT(onsrMOMWscroll2_02)
	SCPT(onsrMOMWscroll2_03)
	SCPT(onsrMOMWscroll2_04)
	SCPT(onsrMOMWscroll2_05)
	SCPT(onsrMOMWscroll2_06)
	SCPT(onsrMOMWscroll2_07)
	SCPT(onsrMOMWscroll2_08)
	SCPT(onsrMOMWscroll2_09)
	SCPT(onsrMOMWscroll2_10)
	SCPT(onsrMOMWscroll2_11)
	SCPT(onsrMOMWscroll2_12)
	SCPT(onsrMOMWscroll2_13)
	SCPT(onsrMOMWscroll2_14)
	SCPT(onsrMOMWscroll2_15)
	SCPT(onsrMOMWstartup)
    [OVR-REC] Overridden Records:
	From Master         Type    Name
	morrowind.esm       BOOK    bk_ajira1
	morrowind.esm       BOOK    bk_ajira2
