Panoplies.ESP: DUP-REC MASTERS MISSVER OVR-REC
    MASTERS: out of sync with the masters installed in your Data Files directory:
	Wares-base.esm                299850 (plugin)      82499 (installed size)
    [OVR-REC] Overridden Records:
	From Master         Type    Name
	bloodmoon.esm       NPC_    severia gratius
	morrowind.esm       BODY    a_dreugh_cuirass
	morrowind.esm       CONT    de_r_chest_01_ord1
	morrowind.esm       CONT    de_r_chest_01_ord2
	morrowind.esm       CONT    de_r_closet_bagarn
	morrowind.esm       LEVI    random_corprus_weepings
	morrowind.esm       NPC_    aryon
	morrowind.esm       NPC_    augurius sialius
	morrowind.esm       NPC_    birard adrognese
	morrowind.esm       NPC_    cavortius albuttian
	morrowind.esm       NPC_    dratha
	morrowind.esm       NPC_    duke's guard
	morrowind.esm       NPC_    duke's guard_tomb
	morrowind.esm       NPC_    duke's guard_tomb2
	morrowind.esm       NPC_    frostien ephine
	morrowind.esm       NPC_    furius acilius
	morrowind.esm       NPC_    gothren
	morrowind.esm       NPC_    jelin
	morrowind.esm       NPC_    larrius varro
	morrowind.esm       NPC_    matus mido
	morrowind.esm       NPC_    neloth
	morrowind.esm       NPC_    raesa pullia
	morrowind.esm       NPC_    sader
	morrowind.esm       NPC_    stenet
	morrowind.esm       NPC_    therana
	morrowind.esm       NPC_    varus vatinius
	tribunal.esm        NPC_    apelles matius
	wares-base.esm      LEVI    aa_gear_ash_boots
	wares-base.esm      LEVI    aa_gear_ash_cuirass
	wares-base.esm      LEVI    aa_gear_ash_gauntletl
	wares-base.esm      LEVI    aa_gear_ash_gauntletr
	wares-base.esm      LEVI    aa_gear_ash_greaves
	wares-base.esm      LEVI    aa_gear_ash_helm
	wares-base.esm      LEVI    aa_gear_ash_shields
	wares-base.esm      LEVI    aa_gear_block_best
	wares-base.esm      LEVI    aa_gear_block_cheap
	wares-base.esm      LEVI    aa_gear_block_cheap_ench
	wares-base.esm      LEVI    aa_gear_boots_h_best
	wares-base.esm      LEVI    aa_gear_boots_h_cheap
	wares-base.esm      LEVI    aa_gear_boots_l_best
	wares-base.esm      LEVI    aa_gear_boots_l_cheap
	wares-base.esm      LEVI    aa_gear_boots_m_best
	wares-base.esm      LEVI    aa_gear_boots_m_cheap
	wares-base.esm      LEVI    aa_gear_cuir_h_best
	wares-base.esm      LEVI    aa_gear_cuir_h_cheap
	wares-base.esm      LEVI    aa_gear_cuir_l_best
	wares-base.esm      LEVI    aa_gear_cuir_l_cheap
	wares-base.esm      LEVI    aa_gear_cuir_m_best
	wares-base.esm      LEVI    aa_gear_cuir_m_cheap
	wares-base.esm      LEVI    aa_gear_greav_h_best
	wares-base.esm      LEVI    aa_gear_greav_h_cheap
	wares-base.esm      LEVI    aa_gear_greav_l_best
	wares-base.esm      LEVI    aa_gear_greav_l_cheap
	wares-base.esm      LEVI    aa_gear_greav_m_best
	wares-base.esm      LEVI    aa_gear_greav_m_cheap
	wares-base.esm      LEVI    aa_gear_helm_h_best
	wares-base.esm      LEVI    aa_gear_helm_h_cheap
	wares-base.esm      LEVI    aa_gear_helm_l_best
	wares-base.esm      LEVI    aa_gear_helm_l_cheap
	wares-base.esm      LEVI    aa_gear_helm_m_best
	wares-base.esm      LEVI    aa_gear_helm_m_cheap
	wares-base.esm      LEVI    aa_gear_lpaul_h_best
	wares-base.esm      LEVI    aa_gear_lpaul_h_cheap
	wares-base.esm      LEVI    aa_gear_lpaul_l_best
	wares-base.esm      LEVI    aa_gear_lpaul_l_cheap
	wares-base.esm      LEVI    aa_gear_lpaul_m_best
	wares-base.esm      LEVI    aa_gear_lpaul_m_cheap
	wares-base.esm      LEVI    aa_gear_rpaul_h_best
	wares-base.esm      LEVI    aa_gear_rpaul_h_cheap
	wares-base.esm      LEVI    aa_gear_rpaul_l_best
	wares-base.esm      LEVI    aa_gear_rpaul_l_cheap
	wares-base.esm      LEVI    aa_gear_rpaul_m_best
	wares-base.esm      LEVI    aa_gear_rpaul_m_cheap
	wares-base.esm      LEVI    aa_loot_goblin_shield
	wares-base.esm      LEVI    aa_loot_royal_guard
	wares-base.esm      LEVI    aa_trader_armour
	wares-base.esm      LEVI    aa_trader_f_ash
	wares-base.esm      LEVI    aa_trader_f_ic
	wares-base.esm      LEVI    aa_trader_f_legion
	wares-base.esm      LEVI    aa_trader_f_temple
