Patch for Purists - Semi-Purist Fixes.ESP: DUP-REC OVR-REC
    [OVR-REC] Overridden Records:
	From Master         Type    Name
	bloodmoon.esm       BOOK    sc_chappy_sniper_test
	bloodmoon.esm       BOOK    sc_hiddenkiller
	bloodmoon.esm       BOOK    sc_paper plain
	morrowind.esm       BOOK    bk_ilhermit_page
	morrowind.esm       BOOK    bk_notefrombugrol
	morrowind.esm       BOOK    bk_notetoamaya
	morrowind.esm       BOOK    bk_notetomalsa
	morrowind.esm       BOOK    bk_ravilamemorial
	morrowind.esm       BOOK    note to hrisskar
	morrowind.esm       BOOK    sc_cureblight_ranged
	morrowind.esm       BOOK    sc_divineintervention
	morrowind.esm       BOOK    sc_paper_plain_01_canodia
	morrowind.esm       CONT    chest_small_llethri
	morrowind.esm       CREA    alit
	morrowind.esm       INGR    ingred_6th_corprusmeat_04
	morrowind.esm       MGEF    99
	morrowind.esm       PROB    probe_apprentice_01
	morrowind.esm       WEAP    ebony staff
	tribunal.esm        CLOT    expensive_shirt_mournhold
	tribunal.esm        INGR    ingred_golden_sedge_01
	tribunal.esm        INGR    ingred_horn_lily_bulb_01
	tribunal.esm        INGR    ingred_lloramor_spines_01
	tribunal.esm        INGR    ingred_meadow_rye_01
	tribunal.esm        INGR    ingred_nirthfly_stalks_01
	tribunal.esm        INGR    ingred_noble_sedge_01
	tribunal.esm        INGR    ingred_scrib_cabbage_01
	tribunal.esm        INGR    ingred_sweetpulp_01
	tribunal.esm        INGR    ingred_timsa-come-by_01
