PC_AS_01.esp: DUP-REC MASTERS MISSAUT MISSDSC MISSVER OVR-REC
    MASTERS: out of sync with the masters installed in your Data Files directory:
	Tamriel_Data.esm            10902394 (plugin)   11064795 (installed size)
    [DUP-REC] Duplicate Records:
	From Master         Type    Name
	morrowind.esm       CONT    kollop_01_pearl
	morrowind.esm       CONT    kollop_02_pearl
	morrowind.esm       CONT    kollop_03_pearl
	morrowind.esm       LTEX    rm_rock_01
	morrowind.esm       LTEX    rm_rock_02
	morrowind.esm       LTEX    road dirt
	morrowind.esm       LTEX    rock_coastal
	morrowind.esm       LTEX    sand
	morrowind.esm       STAT    flora_kelp_01
	morrowind.esm       STAT    flora_kelp_02
	morrowind.esm       STAT    flora_kelp_03
	morrowind.esm       STAT    flora_kelp_04
	tamriel_data.esm    CONT    t_cyr_flora_aloevera01
	tamriel_data.esm    CONT    t_cyr_flora_aloevera02
	tamriel_data.esm    CONT    t_cyr_flora_aloevera03
	tamriel_data.esm    CONT    t_cyr_flora_ginseng01
	tamriel_data.esm    CONT    t_cyr_flora_ginseng02
	tamriel_data.esm    CONT    t_cyr_flora_goldenrod01
	tamriel_data.esm    CONT    t_cyr_flora_goldenrod02
	tamriel_data.esm    CONT    t_cyr_flora_goldenrod03
	tamriel_data.esm    CONT    t_glb_flora_fennel01
	tamriel_data.esm    DOOR    t_dwe_dngrou_maindoor_01
	tamriel_data.esm    STAT    t_cyr_floragc_bush_01
	tamriel_data.esm    STAT    t_cyr_floragc_bush_02
	tamriel_data.esm    STAT    t_cyr_floragc_shrub_01
	tamriel_data.esm    STAT    t_cyr_floragc_shrub_02
	tamriel_data.esm    STAT    t_cyr_floragc_treepalm_01
	tamriel_data.esm    STAT    t_cyr_floragc_treepalm_02
	tamriel_data.esm    STAT    t_cyr_floragc_treepalm_03
	tamriel_data.esm    STAT    t_cyr_floragc_treepalm_04
	tamriel_data.esm    STAT    t_cyr_floragc_treepalm_05
	tamriel_data.esm    STAT    t_cyr_florastr_bush_01
	tamriel_data.esm    STAT    t_cyr_florastr_shrub_01
	tamriel_data.esm    STAT    t_cyr_terrrockgc_caveentr_01
	tamriel_data.esm    STAT    t_cyr_terrrockgc_rock_02
	tamriel_data.esm    STAT    t_cyr_terrrockgc_rock_03
	tamriel_data.esm    STAT    t_cyr_terrrockgc_rock_04
	tamriel_data.esm    STAT    t_cyr_terrrockgc_rock_05
	tamriel_data.esm    STAT    t_cyr_terrrockgc_rock_06
	tamriel_data.esm    STAT    t_cyr_terrrockgc_rock_07
	tamriel_data.esm    STAT    t_cyr_terrrockgc_rock_08
	tamriel_data.esm    STAT    t_cyr_terrrockgc_rock_09
	tamriel_data.esm    STAT    t_cyr_terrrockgc_rock_10
	tamriel_data.esm    STAT    t_cyr_terrrockgc_rock_11
	tamriel_data.esm    STAT    t_cyr_terrrockgc_rock_12
	tamriel_data.esm    STAT    t_cyr_terrrockgc_rock_13
	tamriel_data.esm    STAT    t_cyr_terrrockgc_rock_14
	tamriel_data.esm    STAT    t_cyr_terrrockgc_rock_15
	tamriel_data.esm    STAT    t_cyr_terrrockgc_rock_16
	tamriel_data.esm    STAT    t_cyr_terrrockgc_rock_17
	tamriel_data.esm    STAT    t_cyr_terrrockgc_rock_18
	tamriel_data.esm    STAT    t_cyr_terrrockgc_rock_19
	tamriel_data.esm    STAT    t_cyr_terrrockgc_rock_20
	tamriel_data.esm    STAT    t_cyr_terrrockgc_rock_21
	tamriel_data.esm    STAT    t_cyr_terrrockgc_rock_22
	tamriel_data.esm    STAT    t_cyr_terrrockgc_rock_23
	tamriel_data.esm    STAT    t_cyr_terrrockgc_rock_24
	tamriel_data.esm    STAT    t_cyr_terrrockgc_rock_25
	tamriel_data.esm    STAT    t_cyr_terrrockgc_rock_26
	tamriel_data.esm    STAT    t_cyr_terrrockgc_rock_27
	tamriel_data.esm    STAT    t_cyr_terrrockgc_rock_28
	tamriel_data.esm    STAT    t_cyr_terrrockgc_rock_29
	tamriel_data.esm    STAT    t_cyr_terrrockgc_rock_30
	tamriel_data.esm    STAT    t_cyr_terrrockgc_rock_31
	tamriel_data.esm    STAT    t_cyr_terrrockgc_rock_32
	tamriel_data.esm    STAT    t_cyr_terrrockgc_rock_33
	tamriel_data.esm    STAT    t_cyr_terrrockgc_rock_34
	tamriel_data.esm    STAT    t_dwe_dngrou_x_block_01
	tamriel_data.esm    STAT    t_dwe_dngrou_x_bridge_01
	tamriel_data.esm    STAT    t_dwe_dngrou_x_bridge_02
	tamriel_data.esm    STAT    t_dwe_dngrou_x_bridge_03
	tamriel_data.esm    STAT    t_dwe_dngrou_x_buildaddon_01
	tamriel_data.esm    STAT    t_dwe_dngrou_x_buildaddon_02
	tamriel_data.esm    STAT    t_dwe_dngrou_x_buildaddon_03
	tamriel_data.esm    STAT    t_dwe_dngrou_x_buildaddon_04
	tamriel_data.esm    STAT    t_dwe_dngrou_x_buildaddon_05
	tamriel_data.esm    STAT    t_dwe_dngrou_x_building_01
	tamriel_data.esm    STAT    t_dwe_dngrou_x_building_02
	tamriel_data.esm    STAT    t_dwe_dngrou_x_building_03
	tamriel_data.esm    STAT    t_dwe_dngrou_x_building_04
	tamriel_data.esm    STAT    t_dwe_dngrou_x_building_05
	tamriel_data.esm    STAT    t_dwe_dngrou_x_building_06
	tamriel_data.esm    STAT    t_dwe_dngrou_x_building_07
	tamriel_data.esm    STAT    t_dwe_dngrou_x_buildingtop_01
	tamriel_data.esm    STAT    t_dwe_dngrou_x_buildingtop_02
	tamriel_data.esm    STAT    t_dwe_dngrou_x_doorf_01
	tamriel_data.esm    STAT    t_dwe_dngrou_x_gate_01
	tamriel_data.esm    STAT    t_dwe_dngrou_x_pipe_01
	tamriel_data.esm    STAT    t_dwe_dngrou_x_pipe_02
	tamriel_data.esm    STAT    t_dwe_dngrou_x_pipe_03
	tamriel_data.esm    STAT    t_dwe_dngrou_x_pipe_04
	tamriel_data.esm    STAT    t_dwe_dngrou_x_ruinbuilding_01
	tamriel_data.esm    STAT    t_dwe_dngrou_x_ruinbuilding_02
	tamriel_data.esm    STAT    t_dwe_dngrou_x_ruinbuilding_03
	tamriel_data.esm    STAT    t_dwe_dngrou_x_tower_01
	tamriel_data.esm    STAT    t_dwe_dngrou_x_tower_02
	tamriel_data.esm    STAT    t_dwe_dngrou_x_tower_03
	tamriel_data.esm    STAT    t_dwe_dngrou_x_tower_04
	tamriel_data.esm    STAT    t_dwe_dngrou_x_wall_01
	tamriel_data.esm    STAT    t_dwe_dngrou_x_wall_02
	tamriel_data.esm    STAT    t_dwe_dngrou_x_wall_03
	tamriel_data.esm    STAT    t_dwe_dngrou_x_wall_04
	tamriel_data.esm    STAT    t_glb_fauna_coral_01
	tamriel_data.esm    STAT    t_glb_fauna_coral_02
	tamriel_data.esm    STAT    t_glb_fauna_coral_03
	tamriel_data.esm    STAT    t_glb_fauna_coral_04
	tamriel_data.esm    STAT    t_glb_fauna_coral_05
	tamriel_data.esm    STAT    t_glb_fauna_coral_06
	tamriel_data.esm    STAT    t_glb_fauna_coral_08
	tamriel_data.esm    STAT    t_glb_flora_cattails_01
	tamriel_data.esm    STAT    t_glb_flora_cattails_02
	tamriel_data.esm    STAT    t_glb_flora_cattails_03
	tamriel_data.esm    STAT    t_glb_flora_kelp1group_01
	tamriel_data.esm    STAT    t_glb_flora_kelp1group_02
	tamriel_data.esm    STAT    t_glb_flora_kelp2_01
	tamriel_data.esm    STAT    t_glb_flora_kelp2_02
	tamriel_data.esm    STAT    t_glb_flora_kelp2_03
	tamriel_data.esm    STAT    t_glb_flora_kelp2group_01
	tamriel_data.esm    STAT    t_glb_flora_kelp3_01
	tamriel_data.esm    STAT    t_glb_flora_kelp3_02
	tamriel_data.esm    STAT    t_glb_flora_kelp3_03
	tamriel_data.esm    STAT    t_glb_flora_kelp3_04
	tamriel_data.esm    STAT    t_glb_flora_treejoshua_01
	tamriel_data.esm    STAT    t_glb_flora_treejoshua_02
	tamriel_data.esm    STAT    t_glb_flora_treejoshua_03
	tamriel_data.esm    STAT    t_glb_flora_treejoshua_04
	tamriel_data.esm    STAT    t_glb_flora_treejoshua_05
	tamriel_data.esm    STAT    t_ham_flora_lobelia_01
	tamriel_data.esm    STAT    t_ham_flora_lobelia_02
	tamriel_data.esm    STAT    t_ham_flora_lobelia_03
    [OVR-REC] Overridden Records:
	From Master         Type    Name
	bloodmoon.esm       LTEX    ac_darkgravel
	bloodmoon.esm       LTEX    rm_rock_03
	bloodmoon.esm       LTEX    sand_02
	bloodmoon.esm       LTEX    wg_road
	morrowind.esm       LTEX    ac_darkstone01
	morrowind.esm       LTEX    ac_darkstone02
	morrowind.esm       LTEX    ac_darkstone_grass
	morrowind.esm       LTEX    ac_dirt_grass_01
	morrowind.esm       LTEX    ac_dirt_grass_02
	morrowind.esm       LTEX    ac_dirtroad_01
	morrowind.esm       LTEX    ac_roundstone
	morrowind.esm       LTEX    ac_scrubplain_01
	morrowind.esm       LTEX    ac_scrubplain_02
	morrowind.esm       LTEX    ai_mudflats_01.tga
	morrowind.esm       LTEX    al_ash_01
	morrowind.esm       LTEX    al_ash_02
	morrowind.esm       LTEX    al_ash_03
	morrowind.esm       LTEX    al_ash_04
	morrowind.esm       LTEX    al_road_01
	morrowind.esm       LTEX    daedric_scrubruins
	morrowind.esm       LTEX    lavacrust01.tga
	morrowind.esm       LTEX    lavacrust02.tga
	morrowind.esm       LTEX    ma_crackedearth
	morrowind.esm       LTEX    ma_lava
	morrowind.esm       LTEX    ma_lava02
	morrowind.esm       LTEX    ma_lava03
	morrowind.esm       LTEX    ma_lava04
	morrowind.esm       LTEX    ma_lava05
	morrowind.esm       LTEX    ma_lava06
	morrowind.esm       LTEX    ma_lavacrust.tga
	morrowind.esm       LTEX    ma_lavaflow
	morrowind.esm       LTEX    ma_lavaridge
	morrowind.esm       LTEX    ma_lavarock
	morrowind.esm       LTEX    ma_rock04
	morrowind.esm       LTEX    ma_sandstone02
	morrowind.esm       LTEX    ma_sulphur_rock01
	morrowind.esm       LTEX    ma_sulphur_rock02
	morrowind.esm       LTEX    ma_sulphur_rock03
	morrowind.esm       LTEX    ma_sulphur_rock05
	morrowind.esm       LTEX    ma_sulphur_rock06
	morrowind.esm       LTEX    ma_sulphur_rock07
	morrowind.esm       LTEX    ma_sulphur_rock08
	morrowind.esm       LTEX    ma_sulphur_rock09
	morrowind.esm       LTEX    rm_redrock
	morrowind.esm       LTEX    rm_whiterock
	morrowind.esm       LTEX    scrub plain
	morrowind.esm       LTEX    tx_ai_mudflats_01.tga
	morrowind.esm       LTEX    tx_land_darkstone01.tga
	morrowind.esm       LTEX    tx_land_darkstone02.tga
	morrowind.esm       LTEX    tx_lavacrust00.tga
	morrowind.esm       LTEX    tx_rm_grayrock_01.tga
	morrowind.esm       LTEX    tx_rock_wg_01.tga
	morrowind.esm       LTEX    tx_rocky_mt.tga
	morrowind.esm       LTEX    tx_rockyscrub_01.tga
	morrowind.esm       LTEX    wg_cobblestones
	morrowind.esm       LTEX    wg_dirtroad_01
	morrowind.esm       LTEX    wg_dirtscrub
	morrowind.esm       LTEX    wg_rock
	morrowind.esm       LTEX    wg_rockydirt
	morrowind.esm       LTEX    wg_rockyscrub
	tamriel_data.esm    LTEX    t_ayl_dngruin_txfloor_01
	tamriel_data.esm    LTEX    t_cyr_terrdirtgc_01
	tamriel_data.esm    LTEX    t_cyr_terrfarmlandgc_01
	tamriel_data.esm    LTEX    t_cyr_terrgrassdirtch_01
	tamriel_data.esm    LTEX    t_cyr_terrgrassdirtgh_01
	tamriel_data.esm    LTEX    t_cyr_terrgrassgc_01
	tamriel_data.esm    LTEX    t_cyr_terrgrassgc_02
	tamriel_data.esm    LTEX    t_cyr_terrgrassgh_01
	tamriel_data.esm    LTEX    t_cyr_terrgrassrockch_01
	tamriel_data.esm    LTEX    t_cyr_terrgrassrockgc_01
	tamriel_data.esm    LTEX    t_cyr_terrmudrivergc_01
	tamriel_data.esm    LTEX    t_cyr_terrroaddirtch_01
	tamriel_data.esm    LTEX    t_cyr_terrroaddirtgc_01
	tamriel_data.esm    LTEX    t_cyr_terrroadstonegc_01
	tamriel_data.esm    LTEX    t_cyr_terrrockch_01
	tamriel_data.esm    LTEX    t_cyr_terrrockgc_01
	tamriel_data.esm    LTEX    t_cyr_terrrockgh_01
	tamriel_data.esm    LTEX    t_cyr_terrsalt_01
	tamriel_data.esm    LTEX    t_cyr_terrsalt_02
	tamriel_data.esm    LTEX    t_cyr_terrsalt_03
	tamriel_data.esm    LTEX    t_cyr_terrsandgc_01
	tamriel_data.esm    LTEX    t_cyr_terrsandgc_02
	tamriel_data.esm    LTEX    t_cyr_terrsandgc_03
	tamriel_data.esm    LTEX    t_de_setind_txcobblestone_01
	tamriel_data.esm    LTEX    t_de_setnecrom_txcobblestone_01
	tamriel_data.esm    LTEX    t_de_setnecrom_txfloor_02
	tamriel_data.esm    LTEX    t_glb_terrwater_01
	tamriel_data.esm    LTEX    t_imp_dngcolbarrow_txfloor_01
	tamriel_data.esm    LTEX    t_imp_dngruincyr_txfloor_01
	tamriel_data.esm    LTEX    t_imp_dngruincyr_txfloor_02
	tamriel_data.esm    LTEX    t_imp_dngruinsky_txfloor_01
	tamriel_data.esm    LTEX    t_imp_dngruinsky_txfloor_02
	tamriel_data.esm    LTEX    t_imp_highway_txroaddry_01a
	tamriel_data.esm    LTEX    t_imp_highway_txroadgrs_01b
	tamriel_data.esm    LTEX    t_imp_highway_txroadsnw_02a
	tamriel_data.esm    LTEX    t_imp_legioncyr_txfloor_01
	tamriel_data.esm    LTEX    t_imp_legioncyr_txfloor_02
	tamriel_data.esm    LTEX    t_imp_legionsky_txfloor_01
	tamriel_data.esm    LTEX    t_imp_setanv_txcobblestone_01
	tamriel_data.esm    LTEX    t_imp_setgc_txfloor_01
	tamriel_data.esm    LTEX    t_nor_dngbarrowfort_txfloor_01
	tamriel_data.esm    LTEX    t_sky_terrburnedground_01
	tamriel_data.esm    LTEX    t_sky_terrgravelriver_01
	tamriel_data.esm    LTEX    t_sky_terrroaddirtre_02
	tribunal.esm        LTEX    ai_clover
	tribunal.esm        LTEX    ai_dirt
	tribunal.esm        LTEX    ai_dirtroad
	tribunal.esm        LTEX    ai_grass
	tribunal.esm        LTEX    rm_grayrock
