Pimp_My_Shrine.ESP: AUTOSPL DUP-REC MASTERS MENUMOD MISSVER OVR-REC
    MASTERS: out of sync with the masters installed in your Data Files directory:
	OAAB_Data.esm                1257273 (plugin)    1567893 (installed size)
    [AUTOSPL] Auto-calced Spells:
	ss20_sp_spirittouch            Ghostly Touch
	ss20_ab_elusion                Elusion
    [MENUMOD] Scripts not checking menumode:
	SCPT(SS20_goingdown)
	SCPT(SS20_goingup)
	SCPT(ab01wlAntiSpawnScript)
	SCPT(ss20_H_final_script)
	SCPT(ss20_attack_disable)
	SCPT(ss20_attack_enable)
	SCPT(ss20_book_cutscene)
	SCPT(ss20_bubble_script)
	SCPT(ss20_cave_script)
	SCPT(ss20_conact)
	SCPT(ss20_confusionplace)
	SCPT(ss20_conyeslev)
	SCPT(ss20_craven_script)
	SCPT(ss20_daeDoorGS_script)
	SCPT(ss20_dummy1)
	SCPT(ss20_dummy2)
	SCPT(ss20_dummy3)
	SCPT(ss20_dummy4)
	SCPT(ss20_dungEntry_script)
	SCPT(ss20_flesh_script)
	SCPT(ss20_gauntarrive)
	SCPT(ss20_ghostsorrowAmbient_script)
	SCPT(ss20_horBlockRoof_script)
	SCPT(ss20_immact)
	SCPT(ss20_immersionplace)
	SCPT(ss20_invact)
	SCPT(ss20_inversionplace)
	SCPT(ss20_lavaGuardian_script)
	SCPT(ss20_mann_PHF1)
	SCPT(ss20_mann_PHF10)
	SCPT(ss20_mann_PHF2)
	SCPT(ss20_mann_PHF3)
	SCPT(ss20_mann_PHF4)
	SCPT(ss20_mann_PHF5)
	SCPT(ss20_mann_PHF6)
	SCPT(ss20_mann_PHF7)
	SCPT(ss20_mann_PHF8)
	SCPT(ss20_mann_PHF9)
	SCPT(ss20_mann_PHM1)
	SCPT(ss20_mann_PHM10)
	SCPT(ss20_mann_PHM2)
	SCPT(ss20_mann_PHM3)
	SCPT(ss20_mann_PHM4)
	SCPT(ss20_mann_PHM5)
	SCPT(ss20_mann_PHM6)
	SCPT(ss20_mann_PHM7)
	SCPT(ss20_mann_PHM8)
	SCPT(ss20_mann_PHM9)
	SCPT(ss20_mercenaryAttack_script)
	SCPT(ss20_noteWorshipper_script)
	SCPT(ss20_orblock)
	SCPT(ss20_orbs_collected)
	SCPT(ss20_portal_script)
	SCPT(ss20_redact)
	SCPT(ss20_reductionplace)
	SCPT(ss20_seducer02_script)
	SCPT(ss20_seducer03_script)
	SCPT(ss20_sky_script)
	SCPT(ss20_soundWater_script)
	SCPT(ss20_statue02_script)
	SCPT(ss20_stone_seducer_script)
	SCPT(ss20_twilight_altitude)
	SCPT(ss20_vandal_script)
	SCPT(ss20_wall01_script)
	SCPT(ss20_wall02_disable)
	SCPT(ss20_whirlpool_script)
    [OVR-REC] Overridden Records:
	From Master         Type    Name
	bloodmoon.esm       DIAL    flee
	morrowind.esm       PGRD    sheogorad region
	morrowind.esm       PGRD    vas
	tribunal.esm        DIAL    greeting 0
	tribunal.esm        DIAL    greeting 1
