PolearmsRESPECted_.esp: DUP-REC MISSVER MOD-INF OVR-REC
    [OVR-REC] Overridden Records:
	From Master         Type    Name
	bloodmoon.esm       WEAP    bm huntsman spear
	bloodmoon.esm       WEAP    silver flameskewer
	bloodmoon.esm       WEAP    silver shardskewer
	bloodmoon.esm       WEAP    silver sparkskewer
	bloodmoon.esm       WEAP    silver spear
	bloodmoon.esm       WEAP    silver viperskewer
	bloodmoon.esm       WEAP    steel spear snow prince
	morrowind.esm       DIAL    fighter disciplines
	morrowind.esm       DIAL    requirements
	morrowind.esm       DIAL    spear
	morrowind.esm       DIAL    spears
	morrowind.esm       DIAL    weapon types
	morrowind.esm       ENCH    bound spear_effect_en
	morrowind.esm       GMST    sskillspear
	morrowind.esm       SKIL    7
	morrowind.esm       WEAP    airan_ahhe's_spirit_spear_uniq
	morrowind.esm       WEAP    bound_spear
	morrowind.esm       WEAP    chitin spear
	morrowind.esm       WEAP    daedric spear
	morrowind.esm       WEAP    devil spear
	morrowind.esm       WEAP    dwarven halberd
	morrowind.esm       WEAP    dwarven halberd_soultrap
	morrowind.esm       WEAP    dwarven spear
	morrowind.esm       WEAP    ebony spear
	morrowind.esm       WEAP    ebony spear_hrce_unique
	morrowind.esm       WEAP    erur_dan_spear_unique
	morrowind.esm       WEAP    fiend spear
	morrowind.esm       WEAP    fiend spear_dae_cursed
	morrowind.esm       WEAP    glass halberd
	morrowind.esm       WEAP    greed
	morrowind.esm       WEAP    iron flamecleaver
	morrowind.esm       WEAP    iron flameskewer
	morrowind.esm       WEAP    iron halberd
	morrowind.esm       WEAP    iron long spear
	morrowind.esm       WEAP    iron shardcleaver
	morrowind.esm       WEAP    iron shardskewer
	morrowind.esm       WEAP    iron sparkcleaver
	morrowind.esm       WEAP    iron sparkskewer
	morrowind.esm       WEAP    iron spear
	morrowind.esm       WEAP    iron vipercleaver
	morrowind.esm       WEAP    iron viperskewer
	morrowind.esm       WEAP    shockbite halberd
	morrowind.esm       WEAP    spear_mercy_unique
	morrowind.esm       WEAP    spear_of_light
	morrowind.esm       WEAP    steel flamecleaver
	morrowind.esm       WEAP    steel flameskewer
	morrowind.esm       WEAP    steel halberd
	morrowind.esm       WEAP    steel shardcleaver
	morrowind.esm       WEAP    steel shardskewer
	morrowind.esm       WEAP    steel sparkcleaver
	morrowind.esm       WEAP    steel sparkskewer
	morrowind.esm       WEAP    steel spear
	morrowind.esm       WEAP    steel spear of impaling thrust
	morrowind.esm       WEAP    steel vipercleaver
	morrowind.esm       WEAP    steel viperskewer
	morrowind.esm       WEAP    water spear
	morrowind.esm       WEAP    we_illkurok
	morrowind.esm       WEAP    we_stormforge
	tribunal.esm        DIAL    morrowind lore
	tribunal.esm        DIAL    my trade
	tribunal.esm        WEAP    adamantium_spear
	tribunal.esm        WEAP    ebony spear_blessed_unique
	tribunal.esm        WEAP    silver spear_uvenim
	tribunal.esm        WEAP    spear_mercy_unique_x

[MOD-INF]: ID=727781822443375(Topic:weapon types)
  morrowind.esm---------->|DATA|ONAM:fenas madach|NAME:Short blades include the dagger, tanto, shortsword, and wakizashi. Long blades include the broadsword, saber, longsword, katana, claymore, and dai-katana. Blunt weapons include the club, staff, mace, morningstar, and warhammer. Axes include the war axe and battle axe. Spears include spears and halberds. Marksman weapons include short bow, long bow, crossbow, throwing star, and throwing knife. Bows shoot arrows; crossbows shoot bolts. Use of each weapon type relies on a different skill.|BNAM:;smith; thief; warrior; master-at-arms; drillmaster;
  PolearmsRESPECted_.esp->|DATA|ONAM:fenas madach|NAME:Short blades include the dagger, tanto, shortsword, and wakizashi. Long blades include the broadsword, saber, longsword, katana, claymore, and dai-katana. Blunt weapons include the club, staff, mace, morningstar, and warhammer. Axes include the war axe and battle axe. Polearms include spears, halberds, voulges, and glaives. Marksman weapons include short bow, long bow, crossbow, throwing star, and throwing knife. Bows shoot arrows; crossbows shoot bolts. Use of each weapon type relies on a different skill.|BNAM:;smith; thief; warrior; master-at-arms; drillmaster;

[MOD-INF]: ID=1989140084050672(Topic:spears)
  morrowind.esm---------->|DATA|ONAM:flaenia amiulusus|NAME:Two styles of spear are popular here, both used two-handed for thrusting attacks: the spear and the halberd, with the halberd the most effective. Spear weapons have the longest reach of any weapon -- except, of course, marksman weapons.|BNAM:;smith; warrior; crusader; knight; master-at-arms; drillmaster;
  PolearmsRESPECted_.esp->|DATA|ONAM:flaenia amiulusus|NAME:Two styles of spear are popular here, both used two-handed for thrusting attacks: the spear and the halberd, with the halberd the most effective. Spear weapons have the longest reach of any weapon -- except, of course, marksman weapons.|SCVR:07XX0flaenia amiulusus|INTV|BNAM:;smith; warrior; crusader; knight; master-at-arms; drillmaster;

[MOD-INF]: ID=22352670919175723(Topic:requirements)
  morrowind.esm---------->|DATA|ONAM:athyn sarethi|NAME:House Redoran honors strength and endurance. We value all the skills of war, but especially the arts of long blade, spear, blocking, marksmanship, and athletics. Redorans must know how to use and repair heavy and medium armor. Only when armed with these skills can we perform our inherited duties as the warriors and defenders of the Dunmer.
  PolearmsRESPECted_.esp->|DATA|ONAM:athyn sarethi|NAME:House Redoran honors strength and endurance. We value all the skills of war, but especially the arts of long blade, polearm, blocking, marksmanship, and athletics. Redorans must know how to use and repair heavy and medium armor. Only when armed with these skills can we perform our inherited duties as the warriors and defenders of the Dunmer.

[MOD-INF]: ID=107193086989225800(Topic:requirements)
  morrowind.esm---------->|DATA|FNAM:Mages Guild|NAME:Advancement in the Mages Guild does not occur by magic. Pay more attention to your duties and make sure you understand our requirements.|SCVR:01020|INTV:
  PolearmsRESPECted_.esp->|DATA|FNAM:Imperial Legion|NAME:The Legion selects for endurance, the soldierly virtue, and personality, the citizen's virtue, for service in the Legion is the model for the duties of Imperial citizenship. As a trooper or knight, you must master the long blade, polearm, and blunt weapons. You must block whatever blows you can, and take unblocked blows upon your heavy armor. The Legion recruit must also be athletic to evade, maneuver, and charge on the field of battle.

[MOD-INF]: ID=124763387963326761(Topic:weapon types)
  morrowind.esm---------->|DATA|ONAM:garothmuk gro-muzgub|NAME:Short blades include the dagger, tanto, shortsword, and wakizashi. Long blades include the broadsword, saber, longsword, katana, claymore, and dai-katana. Blunt weapons include the club, staff, mace, morningstar, and warhammer. Axes include the war axe and battle axe. Spears include spears and halberds. Marksman weapons include short bow, long bow, crossbow, throwing star, and throwing knife. Bows shoot arrows; crossbows shoot bolts. Use of each weapon type relies on a different skill.|BNAM:;smith; thief; warrior; master-at-arms; drillmaster;
  PolearmsRESPECted_.esp->|DATA|ONAM:garothmuk gro-muzgub|NAME:Short blades include the dagger, tanto, shortsword, and wakizashi. Long blades include the broadsword, saber, longsword, katana, claymore, and dai-katana. Blunt weapons include the club, staff, mace, morningstar, and warhammer. Axes include the war axe and battle axe. Polearms include spears, halberds, voulges, and glaives. Marksman weapons include short bow, long bow, crossbow, throwing star, and throwing knife. Bows shoot arrows; crossbows shoot bolts. Use of each weapon type relies on a different skill.|BNAM:;smith; thief; warrior; master-at-arms; drillmaster;

[MOD-INF]: ID=159451672364091140(Topic:my trade)
  morrowind.esm---------->|DATA|CNAM:Master-at-Arms|NAME:I am a master-at-arms. I am a master of all the basic hand weapon types: long blades, short blades, axes, blunt weapons, and spears. I am willing to train with weapons, for a fee.|SCVR:0CsX0NoLore|INTV:|BNAM:;Master-at-Arms; Long Blade, Short Blade, Blunt Weapon, Axe, Spear, weapon types
  PolearmsRESPECted_.esp->|DATA|CNAM:Master-at-Arms|NAME:I am a master-at-arms. I am a master of all the basic hand weapon types: long blades, short blades, axes, blunt weapons, and polearms. I am willing to train with weapons, for a fee.|SCVR:0CsX0NoLore|INTV:|BNAM:;Master-at-Arms; Long Blade, Short Blade, Blunt Weapon, Axe, Spear, weapon types

[MOD-INF]: ID=169556760100766824(Topic:spear)
  morrowind.esm---------->|DATA|CNAM:Savant|NAME:The spear weapon discipline is the study and mastery of the spear and the halberd weapon styles. To use any style of weapon effectively, the user must be trained, conditioned, and skilled in its use.|SCVR:0CsX0NoLore|INTV:|BNAM:;Fighters Guild; Mages Guild; Thieves Guild;
  PolearmsRESPECted_.esp->|DATA|CNAM:Savant|NAME:The spear weapon discipline is the study and mastery of the spear and the halberd weapon styles. To use any style of weapon effectively, the user must be trained, conditioned, and skilled in its use.|SCVR:0CsX0NoLore|INTV:|SCVR:19CX0Savant|INTV|BNAM:;Fighters Guild; Mages Guild; Thieves Guild;

[MOD-INF]: ID=389027046233616174(Topic:spears)
  morrowind.esm---------->|DATA|ONAM:dumbuk gro-bolak|NAME:Two styles of spear are popular here, both used two-handed for thrusting attacks: the spear and the halberd, with the halberd the most effective. Spear weapons have the longest reach of any weapon -- except, of course, marksman weapons.|BNAM:;smith; warrior; crusader; knight; master-at-arms; drillmaster;
  PolearmsRESPECted_.esp->|DATA|ONAM:dumbuk gro-bolak|NAME:Two styles of spear are popular here, both used two-handed for thrusting attacks: the spear and the halberd, with the halberd the most effective. Spear weapons have the longest reach of any weapon -- except, of course, marksman weapons.|SCVR:07XX0dumbuk gro-bolak|INTV|BNAM:;smith; warrior; crusader; knight; master-at-arms; drillmaster;

[MOD-INF]: ID=545445642133130101(Topic:morrowind lore)
  morrowind.esm---------->|DATA|CNAM:Savant|NAME:Let me tell you about the weapon types most common in Morrowind. Short blades include the dagger, tanto, shortsword, and wakizashi. Long blades include the broadsword, saber, longsword, katana, claymore, and dai-katana. Blunt weapons include the club, staff, mace, morningstar, and warhammer. Axes include the war axe and battle axe. Spears include spears and halberds. Marksman weapons include short bow, long bow, crossbow, throwing star, and throwing knife. Bows shoot arrows; crossbows shoot bolts.|SCVR:02sX4Random100|INTV::|SCVR:1CsX0NoLore|INTV:|BNAM:;Hlaalu; random100 <= 15;
  PolearmsRESPECted_.esp->|DATA|CNAM:Savant|NAME:Let me tell you about the weapon types most common in Morrowind. Short blades include the dagger, tanto, shortsword, and wakizashi. Long blades include the broadsword, saber, longsword, katana, claymore, and dai-katana. Blunt weapons include the club, staff, mace, morningstar, and warhammer. Axes include the war axe and battle axe. Polearms include spears and halberds. Marksman weapons include short bow, long bow, crossbow, throwing star, and throwing knife. Bows shoot arrows; crossbows shoot bolts.|SCVR:02sX4Random100|INTV::|SCVR:1CsX0NoLore|INTV:|BNAM:;Hlaalu; random100 <= 15;

[MOD-INF]: ID=867346612130211168(Topic:spears)
  morrowind.esm---------->|DATA|ONAM:garothmuk gro-muzgub|NAME:Two styles of spear are popular here, both used two-handed for thrusting attacks: the spear and the halberd, with the halberd the most effective. Spear weapons have the longest reach of any weapon -- except, of course, marksman weapons.|BNAM:;smith; warrior; crusader; knight; master-at-arms; drillmaster;
  PolearmsRESPECted_.esp->|DATA|ONAM:garothmuk gro-muzgub|NAME:Two styles of spear are popular here, both used two-handed for thrusting attacks: the spear and the halberd, with the halberd the most effective. Spear weapons have the longest reach of any weapon -- except, of course, marksman weapons.|SCVR:07XX0garothmuk gro-muzgub|INTV|BNAM:;smith; warrior; crusader; knight; master-at-arms; drillmaster;

[MOD-INF]: ID=899418762249931551(Topic:spear)
  morrowind.esm---------->|DATA|ONAM:garothmuk gro-muzgub|NAME:The spear is a common weapon for light irregular troops and militias, but has been developed as a martial art form by the Bosmer. In Morrowind, the Ashlanders favor a wicked and elegant version of the spear, with a spike at the foot of the shaft.
  PolearmsRESPECted_.esp->|DATA|ONAM:garothmuk gro-muzgub|NAME:The spear is a common weapon for light irregular troops and militias, but has been developed as a martial art form by the Bosmer. In Morrowind, the Ashlanders favor a wicked and elegant version of the spear, with a spike at the foot of the shaft.|SCVR:07XX0garothmuk gro-muzgub|INTV

[MOD-INF]: ID=1636423838181430047(Topic:my trade)
  morrowind.esm---------->|DATA|CNAM:Drillmaster Service|NAME:I am a drillmaster. I train and condition the local militia. I teach the citizens the basics of block, spear, and long blade, but mostly I concentrate on athletics and acrobatics, because conditioning is the biggest weakness of the citizen-soldier. No point teaching them to fight if they pass out after a short jog in full kit.|SCVR:0CsX0NoLore|INTV:|BNAM:;Drillmaster; Improving Athletics, Acrobatics, blocking
  PolearmsRESPECted_.esp->|DATA|CNAM:Drillmaster Service|NAME:I am a drillmaster. I train and condition the local militia. I teach the citizens the basics of block, polearm, and long blade, but mostly I concentrate on athletics and acrobatics, because conditioning is the biggest weakness of the citizen-soldier. No point teaching them to fight if they pass out after a short jog in full kit.|SCVR:0CsX0NoLore|INTV:|BNAM:;Drillmaster; Improving Athletics, Acrobatics, blocking

[MOD-INF]: ID=1760428861872624449(Topic:spears)
  morrowind.esm---------->|DATA|ONAM:angoril|NAME:Two styles of spear are popular here, both used two-handed for thrusting attacks: the spear and the halberd, with the halberd the most effective. Spear weapons have the longest reach of any weapon -- except, of course, marksman weapons.|BNAM:;smith; warrior; crusader; knight; master-at-arms; drillmaster;
  PolearmsRESPECted_.esp->|DATA|ONAM:angoril|NAME:Two styles of spear are popular here, both used two-handed for thrusting attacks: the spear and the halberd, with the halberd the most effective. Spear weapons have the longest reach of any weapon -- except, of course, marksman weapons.|SCVR:07XX0angoril|INTV|BNAM:;smith; warrior; crusader; knight; master-at-arms; drillmaster;

[MOD-INF]: ID=2072588622433429348(Topic:fighter disciplines)
  morrowind.esm---------->|DATA|CNAM:Savant|NAME:The nine disciplines traditionally associated with the Fighters Guild are: block, armorer, medium armor, heavy armor, blunt weapon, long blade, axe, spear, and athletics.|SCVR:0ARX0Dark Elf|INTV|SCVR:1CsX0NoLore|INTV:|BNAM:;Fighters Guild; Mages Guild; Thieves Guild;
  PolearmsRESPECted_.esp->|DATA|CNAM:Savant|NAME:The nine disciplines traditionally associated with the Fighters Guild are: block, armorer, medium armor, heavy armor, blunt weapon, long blade, axe, polearm, and athletics.|SCVR:0ARX0Dark Elf|INTV|SCVR:1CsX0NoLore|INTV:|BNAM:;Fighters Guild; Mages Guild; Thieves Guild;

[MOD-INF]: ID=2888710956216141334(Topic:spears)
  morrowind.esm---------->|DATA|ONAM:miles gloriosus|NAME:Two styles of spear are popular here, both used two-handed for thrusting attacks: the spear and the halberd, with the halberd the most effective. Spear weapons have the longest reach of any weapon -- except, of course, marksman weapons.|BNAM:;smith; warrior; crusader; knight; master-at-arms; drillmaster;
  PolearmsRESPECted_.esp->|DATA|ONAM:miles gloriosus|NAME:Two styles of spear are popular here, both used two-handed for thrusting attacks: the spear and the halberd, with the halberd the most effective. Spear weapons have the longest reach of any weapon -- except, of course, marksman weapons.|SCVR:07XX0miles gloriosus|INTV|BNAM:;smith; warrior; crusader; knight; master-at-arms; drillmaster;

[MOD-INF]: ID=2897710851686117332(Topic:spears)
  morrowind.esm---------->|DATA|ONAM:snorri|NAME:Two styles of spear are popular here, both used two-handed for thrusting attacks: the spear and the halberd, with the halberd the most effective. Spear weapons have the longest reach of any weapon -- except, of course, marksman weapons.|BNAM:;smith; warrior; crusader; knight; master-at-arms; drillmaster;
  PolearmsRESPECted_.esp->|DATA|ONAM:snorri|NAME:Two styles of spear are popular here, both used two-handed for thrusting attacks: the spear and the halberd, with the halberd the most effective. Spear weapons have the longest reach of any weapon -- except, of course, marksman weapons.|SCVR:07XX0snorri|INTV|BNAM:;smith; warrior; crusader; knight; master-at-arms; drillmaster;

[MOD-INF]: ID=3050179131571526503(Topic:weapon types)
  morrowind.esm---------->|DATA|ONAM:miles gloriosus|NAME:Short blades include the dagger, tanto, shortsword, and wakizashi. Long blades include the broadsword, saber, longsword, katana, claymore, and dai-katana. Blunt weapons include the club, staff, mace, morningstar, and warhammer. Axes include the war axe and battle axe. Spears include spears and halberds. Marksman weapons include short bow, long bow, crossbow, throwing star, and throwing knife. Bows shoot arrows; crossbows shoot bolts. Use of each weapon type relies on a different skill.|BNAM:;smith; thief; warrior; master-at-arms; drillmaster;
  PolearmsRESPECted_.esp->|DATA|ONAM:miles gloriosus|NAME:Short blades include the dagger, tanto, shortsword, and wakizashi. Long blades include the broadsword, saber, longsword, katana, claymore, and dai-katana. Blunt weapons include the club, staff, mace, morningstar, and warhammer. Axes include the war axe and battle axe. Polearms include spears, halberds, voulges, and glaives. Marksman weapons include short bow, long bow, crossbow, throwing star, and throwing knife. Bows shoot arrows; crossbows shoot bolts. Use of each weapon type relies on a different skill.|BNAM:;smith; thief; warrior; master-at-arms; drillmaster;

[MOD-INF]: ID=11940141231877526804(Topic:requirements)
  morrowind.esm---------->|DATA|ONAM:neminda|NAME:House Redoran honors strength and endurance. We value all the skills of war, but especially the arts of long blade, spear, blocking, marksmanship, and athletics. Redorans must know how to use and repair heavy and medium armor. Only when armed with these skills can we perform our inherited duties as the warriors and defenders of the Dunmer.
  PolearmsRESPECted_.esp->|DATA|ONAM:neminda|NAME:House Redoran honors strength and endurance. We value all the skills of war, but especially the arts of long blade, polearm, blocking, marksmanship, and athletics. Redorans must know how to use and repair heavy and medium armor. Only when armed with these skills can we perform our inherited duties as the warriors and defenders of the Dunmer.

[MOD-INF]: ID=16885212043000523346(Topic:my trade)
  morrowind.esm---------->|DATA|CNAM:Drillmaster|NAME:I am a drillmaster. I train and condition the local militia. I teach the citizens the basics of block, spear, and long blade, but mostly I concentrate on athletics and acrobatics, because conditioning is the biggest weakness of the citizen-soldier. No point teaching them to fight if they pass out after a short jog in full kit.|SCVR:0CsX0NoLore|INTV:|BNAM:;Drillmaster; Improving Athletics, Acrobatics, blocking
  PolearmsRESPECted_.esp->|DATA|CNAM:Drillmaster|NAME:I am a drillmaster. I train and condition the local militia. I teach the citizens the basics of block, polearm, and long blade, but mostly I concentrate on athletics and acrobatics, because conditioning is the biggest weakness of the citizen-soldier. No point teaching them to fight if they pass out after a short jog in full kit.|SCVR:0CsX0NoLore|INTV:|BNAM:;Drillmaster; Improving Athletics, Acrobatics, blocking

[MOD-INF]: ID=17098299891459423078(Topic:weapon types)
  morrowind.esm---------->|DATA|ONAM:flaenia amiulusus|NAME:Short blades include the dagger, tanto, shortsword, and wakizashi. Long blades include the broadsword, saber, longsword, katana, claymore, and dai-katana. Blunt weapons include the club, staff, mace, morningstar, and warhammer. Axes include the war axe and battle axe. Spears include spears and halberds. Marksman weapons include short bow, long bow, crossbow, throwing star, and throwing knife. Bows shoot arrows; crossbows shoot bolts. Use of each weapon type relies on a different skill.|BNAM:;smith; thief; warrior; master-at-arms; drillmaster;
  PolearmsRESPECted_.esp->|DATA|ONAM:flaenia amiulusus|NAME:Short blades include the dagger, tanto, shortsword, and wakizashi. Long blades include the broadsword, saber, longsword, katana, claymore, and dai-katana. Blunt weapons include the club, staff, mace, morningstar, and warhammer. Axes include the war axe and battle axe. Polearms include spears, halberds, voulges, and glaives. Marksman weapons include short bow, long bow, crossbow, throwing star, and throwing knife. Bows shoot arrows; crossbows shoot bolts. Use of each weapon type relies on a different skill.|BNAM:;smith; thief; warrior; master-at-arms; drillmaster;

[MOD-INF]: ID=17261129271367616327(Topic:morrowind lore)
  morrowind.esm---------->|DATA|FNAM:Hlaalu|NAME:Spears include spears and halberds.|SCVR:02sX4Random100|INTV|SCVR:1CsX0NoLore|INTV:|BNAM:;Hlaalu; random100 <= 15;
  PolearmsRESPECted_.esp->|DATA|FNAM:Hlaalu|NAME:Polearms include spears, halberds, voulges and glaives.|SCVR:02sX4Random100|INTV|SCVR:1CsX0NoLore|INTV:|BNAM:;Hlaalu; random100 <= 15;

[MOD-INF]: ID=24709238542445824686(Topic:weapon types)
  morrowind.esm---------->|DATA|ONAM:angoril|NAME:Short blades include the dagger, tanto, shortsword, and wakizashi. Long blades include the broadsword, saber, longsword, katana, claymore, and dai-katana. Blunt weapons include the club, staff, mace, morningstar, and warhammer. Axes include the war axe and battle axe. Spears include spears and halberds. Marksman weapons include short bow, long bow, crossbow, throwing star, and throwing knife. Bows shoot arrows; crossbows shoot bolts. Use of each weapon type relies on a different skill.|BNAM:;smith; thief; warrior; master-at-arms; drillmaster;
  PolearmsRESPECted_.esp->|DATA|ONAM:angoril|NAME:Short blades include the dagger, tanto, shortsword, and wakizashi. Long blades include the broadsword, saber, longsword, katana, claymore, and dai-katana. Blunt weapons include the club, staff, mace, morningstar, and warhammer. Axes include the war axe and battle axe. Polearms include spears, halberds, voulges, and glaives. Marksman weapons include short bow, long bow, crossbow, throwing star, and throwing knife. Bows shoot arrows; crossbows shoot bolts. Use of each weapon type relies on a different skill.|BNAM:;smith; thief; warrior; master-at-arms; drillmaster;
