Price Balance for Tamriel.ESP: DUP-REC JUNKCEL MASTERS MISSAUT MISSDSC MISSVER OVR-REC
    MASTERS: out of sync with the masters installed in your Data Files directory:
	Tamriel_Data.esm            10684550 (plugin)   11064795 (installed size)
	TR_Mainland.esm            163703637 (plugin)  163244128 (installed size)
	Sky_Main.esm                32060784 (plugin)   31708555 (installed size)
    [JUNKCEL] Junk Cells:                        Flags
	Bitter Coast Region (-12, 1)             0x02
	Bitter Coast Region (-12, 2)             0x02
	Bitter Coast Region (-12, 3)             0x02
	Bitter Coast Region (-13, 1)             0x02
	Bitter Coast Region (-13, 2)             0x02
	Bitter Coast Region (-13, 3)             0x02
	Bitter Coast Region (-13, 4)             0x02
	Bitter Coast Region (-14, 2)             0x02
	Bitter Coast Region (-14, 4)             0x02
	Bitter Coast Region (-14, 5)             0x02
	West Gash Region (-15, 7)                0x02
	West Gash Region (-16, 7)                0x02
	West Gash Region (-16, 8)                0x02
	Wilderness (-15, -8)                     0x02
	Wilderness (-19, 14)                     0x02
	Wilderness (-19, 15)                     0x02
	Wilderness (-20, 15)                     0x02
	Wilderness (-28, 24)                     0x02
	Wilderness (-29, 23)                     0x02
    [DUP-REC] Duplicate Records:
	From Master         Type    Name
	tamriel_data.esm    WEAP    t_de_glass_sparkmauler_01
	tamriel_data.esm    WEAP    t_nor_uni_ragnidaxe
    [OVR-REC] Overridden Records:
	From Master         Type    Name
	sky_main.esm        WEAP    sky_xre_lh_trotranglongbow
	tamriel_data.esm    ARMO    t_bre_uni_lordlyheatershield
	tamriel_data.esm    ARMO    t_bre_uni_trickstershield
	tamriel_data.esm    ARMO    t_dae_lord_boots_01
	tamriel_data.esm    ARMO    t_dae_lord_gauntletl_01
	tamriel_data.esm    ARMO    t_dae_lord_gauntletr_01
	tamriel_data.esm    ARMO    t_dae_lord_helm_01
	tamriel_data.esm    ARMO    t_dae_lord_pauldronl_01
	tamriel_data.esm    ARMO    t_dae_lord_pauldronr_01
	tamriel_data.esm    ARMO    t_dae_regular_helmconsolat_01
	tamriel_data.esm    ARMO    t_dae_regular_helmhumiliat_01
	tamriel_data.esm    ARMO    t_dae_regular_helmhumiliat_02
	tamriel_data.esm    ARMO    t_dae_regular_helmrebellion_01
	tamriel_data.esm    ARMO    t_dae_regular_pauldronl_01
	tamriel_data.esm    ARMO    t_dae_regular_pauldronr_01
	tamriel_data.esm    ARMO    t_dae_regular_shieldtower_01
	tamriel_data.esm    ARMO    t_dae_uni_aurorangauntletl
	tamriel_data.esm    ARMO    t_dae_uni_aurorangauntletr
	tamriel_data.esm    ARMO    t_dae_uni_bootsofatronach
	tamriel_data.esm    ARMO    t_dae_uni_bootsofpeace_01
	tamriel_data.esm    ARMO    t_dae_uni_bootssaviorshide
	tamriel_data.esm    ARMO    t_dae_uni_fearstruck
	tamriel_data.esm    ARMO    t_dae_uni_greavessaviorshide
	tamriel_data.esm    ARMO    t_dae_uni_helmlightwithin_01
	tamriel_data.esm    ARMO    t_dae_uni_helmsaviorshide
	tamriel_data.esm    ARMO    t_dae_uni_lgauntsaviorshide
	tamriel_data.esm    ARMO    t_dae_uni_lmethatspauldron
	tamriel_data.esm    ARMO    t_dae_uni_lpauldsaviorshide
	tamriel_data.esm    ARMO    t_dae_uni_rgauntsaviorshide
	tamriel_data.esm    ARMO    t_dae_uni_rmethatspauldron
	tamriel_data.esm    ARMO    t_dae_uni_rpauldsaviorshide
	tamriel_data.esm    ARMO    t_de_daedrichide_boots_01
	tamriel_data.esm    ARMO    t_de_daedrichide_cuirass_01
	tamriel_data.esm    ARMO    t_de_daedrichide_gauntletl_01
	tamriel_data.esm    ARMO    t_de_daedrichide_gauntletr_01
	tamriel_data.esm    ARMO    t_de_daedrichide_greaves_01
	tamriel_data.esm    ARMO    t_de_daedrichide_pauldronl_01
	tamriel_data.esm    ARMO    t_de_daedrichide_pauldronr_01
	tamriel_data.esm    ARMO    t_de_dreugh_boots_01
	tamriel_data.esm    ARMO    t_de_dreugh_bracerl_01
	tamriel_data.esm    ARMO    t_de_dreugh_bracerr_01
	tamriel_data.esm    ARMO    t_de_dreugh_greaves_01
	tamriel_data.esm    ARMO    t_de_dreugh_helm_closed
	tamriel_data.esm    ARMO    t_de_dreugh_pauldronl_01
	tamriel_data.esm    ARMO    t_de_dreugh_pauldronl_swim
	tamriel_data.esm    ARMO    t_de_dreugh_pauldronr_01
	tamriel_data.esm    ARMO    t_de_dreugh_pauldronr_swim
	tamriel_data.esm    ARMO    t_de_dreugh_shield_swim
	tamriel_data.esm    ARMO    t_de_ebony_helmopen_01
	tamriel_data.esm    ARMO    t_de_glass_helm_closed_01
	tamriel_data.esm    ARMO    t_de_nativeebony_boots_01
	tamriel_data.esm    ARMO    t_de_nativeebony_cuirass_01
	tamriel_data.esm    ARMO    t_de_nativeebony_gauntletl_01
	tamriel_data.esm    ARMO    t_de_nativeebony_gauntletr_01
	tamriel_data.esm    ARMO    t_de_nativeebony_greaves_01
	tamriel_data.esm    ARMO    t_de_nativeebony_helmclosed_01
	tamriel_data.esm    ARMO    t_de_nativeebony_helmclosed_02
	tamriel_data.esm    ARMO    t_de_nativeebony_helmopen_01
	tamriel_data.esm    ARMO    t_de_nativeebony_helmopen_02
	tamriel_data.esm    ARMO    t_de_nativeebony_pauldronl_01
	tamriel_data.esm    ARMO    t_de_nativeebony_pauldronr_01
	tamriel_data.esm    ARMO    t_de_necrom_boots_01
	tamriel_data.esm    ARMO    t_de_necrom_cuirass_01
	tamriel_data.esm    ARMO    t_de_necrom_cuirass_02
	tamriel_data.esm    ARMO    t_de_necrom_gauntletl_01
	tamriel_data.esm    ARMO    t_de_necrom_gauntletr_01
	tamriel_data.esm    ARMO    t_de_necrom_helm_01
	tamriel_data.esm    ARMO    t_de_necrom_pauldronl_01
	tamriel_data.esm    ARMO    t_de_necrom_pauldronr_01
	tamriel_data.esm    ARMO    t_de_necrom_shield_01
	tamriel_data.esm    ARMO    t_de_ordinator_greaves_01
	tamriel_data.esm    ARMO    t_de_redmastbonemold_cuirass_01
	tamriel_data.esm    ARMO    t_de_redmastbonemold_pauldrl_01
	tamriel_data.esm    ARMO    t_de_redmastbonemold_pauldrr_01
	tamriel_data.esm    ARMO    t_de_uni_preyseekerhelm
	tamriel_data.esm    ARMO    t_de_uni_shield_abernanit
	tamriel_data.esm    ARMO    t_de_uni_vanguard
	tamriel_data.esm    ARMO    t_de_uni_vivecshield
	tamriel_data.esm    ARMO    t_he_altmerglass_boots_01
	tamriel_data.esm    ARMO    t_he_altmerglass_cuirass_01
	tamriel_data.esm    ARMO    t_he_altmerglass_greaves_01
	tamriel_data.esm    ARMO    t_he_altmerglass_helm_01
	tamriel_data.esm    ARMO    t_he_altmerglass_helm_02
	tamriel_data.esm    ARMO    t_he_altmerglass_l_bracer_01
	tamriel_data.esm    ARMO    t_he_altmerglass_l_pauldron_01
	tamriel_data.esm    ARMO    t_he_altmerglass_r_bracer_01
	tamriel_data.esm    ARMO    t_he_altmerglass_r_pauldron_01
	tamriel_data.esm    ARMO    t_he_direnni_boots_01
	tamriel_data.esm    ARMO    t_he_direnni_bracerl_01
	tamriel_data.esm    ARMO    t_he_direnni_bracerr_01
	tamriel_data.esm    ARMO    t_he_direnni_cuirass_01
	tamriel_data.esm    ARMO    t_he_direnni_greaves_01
	tamriel_data.esm    ARMO    t_he_direnni_helm_01
	tamriel_data.esm    ARMO    t_he_direnni_pauldronl_01
	tamriel_data.esm    ARMO    t_he_direnni_pauldronr_01
	tamriel_data.esm    ARMO    t_imp_ebony_boots
	tamriel_data.esm    ARMO    t_imp_ebony_bracerl
	tamriel_data.esm    ARMO    t_imp_ebony_bracerr
	tamriel_data.esm    ARMO    t_imp_ebony_cuirass
	tamriel_data.esm    ARMO    t_imp_ebony_helmet_01
	tamriel_data.esm    ARMO    t_imp_ebony_pauldronl
	tamriel_data.esm    ARMO    t_imp_ebony_pauldronr
	tamriel_data.esm    ARMO    t_imp_ebony_shieldtower_01
	tamriel_data.esm    ARMO    t_imp_uni_benduolohelm
	tamriel_data.esm    ARMO    t_imp_uni_dragoneye
	tamriel_data.esm    ARMO    t_imp_uni_katariahsdeathmask
	tamriel_data.esm    ARMO    t_imp_uni_nafaalilargusscales
	tamriel_data.esm    ARMO    t_imp_uni_shadowweave
	tamriel_data.esm    ARMO    t_imp_uni_urielshield_01
	tamriel_data.esm    ARMO    t_nor_companion_boots_01
	tamriel_data.esm    ARMO    t_nor_companion_cuirass_01
	tamriel_data.esm    ARMO    t_nor_companion_gauntletl_01
	tamriel_data.esm    ARMO    t_nor_companion_gauntletr_01
	tamriel_data.esm    ARMO    t_nor_companion_greaves_01
	tamriel_data.esm    ARMO    t_nor_companion_helm_01
	tamriel_data.esm    ARMO    t_nor_companion_pauldronl_01
	tamriel_data.esm    ARMO    t_nor_companion_pauldronr_01
	tamriel_data.esm    ARMO    t_nor_ironwood_shield_01
	tamriel_data.esm    ARMO    t_nor_ironwood_shield_02
	tamriel_data.esm    ARMO    t_nor_uni_kvisahjaelmur
	tamriel_data.esm    ARMO    t_nor_uni_snowdrakepelt
	tamriel_data.esm    ARMO    t_nor_uni_targeblooded
	tamriel_data.esm    ARMO    t_orc_regular_helmopen_01
	tamriel_data.esm    CLOT    t_com_uni_blackkitering
	tamriel_data.esm    CLOT    t_com_uni_conjurersring
	tamriel_data.esm    CLOT    t_com_uni_malkavring
	tamriel_data.esm    CLOT    t_com_uni_regentrobe
	tamriel_data.esm    CLOT    t_com_uni_ringfangs
	tamriel_data.esm    CLOT    t_com_uni_ringlightingspeed
	tamriel_data.esm    CLOT    t_com_uni_ringofwarding
	tamriel_data.esm    CLOT    t_com_uni_ringstars
	tamriel_data.esm    CLOT    t_com_uni_silver_picks
	tamriel_data.esm    CLOT    t_com_uni_spelljewel
	tamriel_data.esm    CLOT    t_dae_uni_eidolonedge
	tamriel_data.esm    CLOT    t_dae_uni_occultistring
	tamriel_data.esm    CLOT    t_dae_uni_robeshroud
	tamriel_data.esm    CLOT    t_de_uni_apostatering
	tamriel_data.esm    CLOT    t_de_uni_belthangfire
	tamriel_data.esm    CLOT    t_de_uni_championring
	tamriel_data.esm    CLOT    t_de_uni_ringelfborn
	tamriel_data.esm    CLOT    t_de_uni_ringflesh
	tamriel_data.esm    CLOT    t_de_uni_seafarerring
	tamriel_data.esm    CLOT    t_imp_uni_crusaderring
	tamriel_data.esm    CLOT    t_imp_uni_guardianring
	tamriel_data.esm    CLOT    t_imp_uni_ring_respite
	tamriel_data.esm    CLOT    t_imp_uni_ringofsunfire
	tamriel_data.esm    CLOT    t_imp_uni_stoneseptimia_01
	tamriel_data.esm    CLOT    t_imp_uni_weatherwardcirclet
	tamriel_data.esm    CLOT    t_nor_uni_dragontorc
	tamriel_data.esm    CLOT    t_nor_uni_greeneryring
	tamriel_data.esm    CLOT    t_nor_uni_hjergelmir
	tamriel_data.esm    CLOT    t_nor_uni_ringbloodlust
	tamriel_data.esm    CLOT    t_nor_uni_ringhunt
	tamriel_data.esm    CLOT    t_nor_uni_ringinstinct
	tamriel_data.esm    CLOT    t_nor_uni_ringmoon
	tamriel_data.esm    CLOT    t_nor_uni_ringthunderblows
	tamriel_data.esm    CLOT    t_nor_uni_starfrost
	tamriel_data.esm    CLOT    t_nor_uni_wolfring
	tamriel_data.esm    CLOT    t_rea_uni_amulettengilswrath
	tamriel_data.esm    CLOT    t_rea_uni_nightstalkertalisman
	tamriel_data.esm    CLOT    t_vam_uni_amuletbats
	tamriel_data.esm    WEAP    t_ayl_uni_chillrend
	tamriel_data.esm    WEAP    t_ayl_uni_sinweaver
	tamriel_data.esm    WEAP    t_bre_mithril_claymore_01
	tamriel_data.esm    WEAP    t_bre_mithril_dagger_01
	tamriel_data.esm    WEAP    t_bre_mithril_daikatana_01
	tamriel_data.esm    WEAP    t_bre_mithril_halberd_01
	tamriel_data.esm    WEAP    t_bre_mithril_katana_01
	tamriel_data.esm    WEAP    t_bre_mithril_longsword_01
	tamriel_data.esm    WEAP    t_bre_mithril_mace_01
	tamriel_data.esm    WEAP    t_bre_mithril_shordsword_01
	tamriel_data.esm    WEAP    t_bre_mithril_tanto_01
	tamriel_data.esm    WEAP    t_bre_mithril_throwknife_01
	tamriel_data.esm    WEAP    t_bre_mithril_wakizashi_01
	tamriel_data.esm    WEAP    t_bre_uni_azramace
	tamriel_data.esm    WEAP    t_com_adamant_bow_01
	tamriel_data.esm    WEAP    t_com_adamant_broadsword_01
	tamriel_data.esm    WEAP    t_com_adamant_club_01
	tamriel_data.esm    WEAP    t_com_adamant_crossbow_01
	tamriel_data.esm    WEAP    t_com_adamant_dagger_01
	tamriel_data.esm    WEAP    t_com_adamant_daikatana_01
	tamriel_data.esm    WEAP    t_com_adamant_doubleaxe_01
	tamriel_data.esm    WEAP    t_com_adamant_doubleaxe_02
	tamriel_data.esm    WEAP    t_com_adamant_gisern
	tamriel_data.esm    WEAP    t_com_adamant_halberd_01
	tamriel_data.esm    WEAP    t_com_adamant_katana_01
	tamriel_data.esm    WEAP    t_com_adamant_longsword_01
	tamriel_data.esm    WEAP    t_com_adamant_saber_01
	tamriel_data.esm    WEAP    t_com_adamant_scimitar_01
	tamriel_data.esm    WEAP    t_com_adamant_staff_01
	tamriel_data.esm    WEAP    t_com_adamant_star
	tamriel_data.esm    WEAP    t_com_adamant_tanto_01
	tamriel_data.esm    WEAP    t_com_adamant_wakizashi_01
	tamriel_data.esm    WEAP    t_com_adamant_waraxe_01
	tamriel_data.esm    WEAP    t_com_adamant_warhammer_01
	tamriel_data.esm    WEAP    t_com_daedsteel_broadsword_01
	tamriel_data.esm    WEAP    t_com_daedsteel_broadsword_drem
	tamriel_data.esm    WEAP    t_com_daedsteel_claymore_twilli
	tamriel_data.esm    WEAP    t_com_daedsteel_longsword_hungr
	tamriel_data.esm    WEAP    t_com_gold_rapier_uni
	tamriel_data.esm    WEAP    t_com_steel_battleaxe_demon
	tamriel_data.esm    WEAP    t_com_steel_spear_demon
	tamriel_data.esm    WEAP    t_com_uni_bladeofwoe
	tamriel_data.esm    WEAP    t_com_uni_bloodrust
	tamriel_data.esm    WEAP    t_com_uni_chimere_staff
	tamriel_data.esm    WEAP    t_com_uni_clarentavious_staff
	tamriel_data.esm    WEAP    t_com_uni_maceadamant
	tamriel_data.esm    WEAP    t_com_uni_spider_impaler
	tamriel_data.esm    WEAP    t_com_uni_staffcustodian
	tamriel_data.esm    WEAP    t_com_uni_sunkindler
	tamriel_data.esm    WEAP    t_com_uni_typossophia
	tamriel_data.esm    WEAP    t_dae_regular_broadsword_01
	tamriel_data.esm    WEAP    t_dae_regular_fang_01
	tamriel_data.esm    WEAP    t_dae_regular_gsword_01
	tamriel_data.esm    WEAP    t_dae_regular_halberd_01
	tamriel_data.esm    WEAP    t_dae_regular_longspear_01
	tamriel_data.esm    WEAP    t_dae_regular_longsword_01
	tamriel_data.esm    WEAP    t_dae_regular_naginata_01
	tamriel_data.esm    WEAP    t_dae_regular_saber_01
	tamriel_data.esm    WEAP    t_dae_regular_scimitar_01
	tamriel_data.esm    WEAP    t_dae_regular_scimitar_02
	tamriel_data.esm    WEAP    t_dae_regular_throwingknife_01
	tamriel_data.esm    WEAP    t_dae_regular_throwingstar_01
	tamriel_data.esm    WEAP    t_dae_regular_trident_01
	tamriel_data.esm    WEAP    t_dae_uni_boethiahaxe
	tamriel_data.esm    WEAP    t_dae_uni_bowheavenshail_01
	tamriel_data.esm    WEAP    t_dae_uni_corruptbreaker
	tamriel_data.esm    WEAP    t_dae_uni_dawnbreaker
	tamriel_data.esm    WEAP    t_dae_uni_ebonyblade
	tamriel_data.esm    WEAP    t_dae_uni_gwailo
	tamriel_data.esm    WEAP    t_dae_uni_meridiadagger
	tamriel_data.esm    WEAP    t_dae_uni_moonreiver
	tamriel_data.esm    WEAP    t_dae_uni_nebcrescen
	tamriel_data.esm    WEAP    t_dae_uni_ruefulaxe
	tamriel_data.esm    WEAP    t_dae_uni_sanguinerose
	tamriel_data.esm    WEAP    t_dae_uni_skullofcorruption
	tamriel_data.esm    WEAP    t_dae_uni_soulanchorsaber
	tamriel_data.esm    WEAP    t_dae_uni_soulanchortrident
	tamriel_data.esm    WEAP    t_dae_uni_souldagger
	tamriel_data.esm    WEAP    t_dae_uni_wabbajack
	tamriel_data.esm    WEAP    t_de_ebony_battleaxe_01
	tamriel_data.esm    WEAP    t_de_ebony_bow_01
	tamriel_data.esm    WEAP    t_de_ebony_claymore_01
	tamriel_data.esm    WEAP    t_de_ebony_crossbow_01
	tamriel_data.esm    WEAP    t_de_ebony_dagger_01
	tamriel_data.esm    WEAP    t_de_ebony_daikatana_01
	tamriel_data.esm    WEAP    t_de_ebony_halberd_01
	tamriel_data.esm    WEAP    t_de_ebony_halberd_02
	tamriel_data.esm    WEAP    t_de_ebony_halberd_swim
	tamriel_data.esm    WEAP    t_de_ebony_katana_01
	tamriel_data.esm    WEAP    t_de_ebony_scythe
	tamriel_data.esm    WEAP    t_de_ebony_shortsword_02
	tamriel_data.esm    WEAP    t_de_ebony_tanto_01
	tamriel_data.esm    WEAP    t_de_ebony_wakizashi_01
	tamriel_data.esm    WEAP    t_de_ebony_warhammer_01
	tamriel_data.esm    WEAP    t_de_glass_battleaxe_01
	tamriel_data.esm    WEAP    t_de_glass_bow_01
	tamriel_data.esm    WEAP    t_de_glass_broadsword_01
	tamriel_data.esm    WEAP    t_de_glass_club_01
	tamriel_data.esm    WEAP    t_de_glass_daikatana_01
	tamriel_data.esm    WEAP    t_de_glass_flameaxe_01
	tamriel_data.esm    WEAP    t_de_glass_flameblade_01
	tamriel_data.esm    WEAP    t_de_glass_flamecleaver_01
	tamriel_data.esm    WEAP    t_de_glass_flamemace_01
	tamriel_data.esm    WEAP    t_de_glass_flamemauler_01
	tamriel_data.esm    WEAP    t_de_glass_flamescythe_01
	tamriel_data.esm    WEAP    t_de_glass_flameskewer_01
	tamriel_data.esm    WEAP    t_de_glass_flameslayer_01
	tamriel_data.esm    WEAP    t_de_glass_flamesword_01
	tamriel_data.esm    WEAP    t_de_glass_katana_01
	tamriel_data.esm    WEAP    t_de_glass_longspear_01
	tamriel_data.esm    WEAP    t_de_glass_mace_01
	tamriel_data.esm    WEAP    t_de_glass_shardaxe_01
	tamriel_data.esm    WEAP    t_de_glass_shardblade_01
	tamriel_data.esm    WEAP    t_de_glass_shardcleaver_01
	tamriel_data.esm    WEAP    t_de_glass_shardmace_01
	tamriel_data.esm    WEAP    t_de_glass_shardmauler_01
	tamriel_data.esm    WEAP    t_de_glass_shardscythe_01
	tamriel_data.esm    WEAP    t_de_glass_shardskewer_01
	tamriel_data.esm    WEAP    t_de_glass_shardslayer_01
	tamriel_data.esm    WEAP    t_de_glass_shardsword_01
	tamriel_data.esm    WEAP    t_de_glass_shortsword_01
	tamriel_data.esm    WEAP    t_de_glass_shortsword_02
	tamriel_data.esm    WEAP    t_de_glass_sparkaxe_01
	tamriel_data.esm    WEAP    t_de_glass_sparkblade_01
	tamriel_data.esm    WEAP    t_de_glass_sparkcleaver_01
	tamriel_data.esm    WEAP    t_de_glass_sparkmace_01
	tamriel_data.esm    WEAP    t_de_glass_sparkscythe_01
	tamriel_data.esm    WEAP    t_de_glass_sparkskewer_01
	tamriel_data.esm    WEAP    t_de_glass_sparkslayer_01
	tamriel_data.esm    WEAP    t_de_glass_sparksword_01
	tamriel_data.esm    WEAP    t_de_glass_spear_01
	tamriel_data.esm    WEAP    t_de_glass_staffofancestor_01
	tamriel_data.esm    WEAP    t_de_glass_staffofchastening_01
	tamriel_data.esm    WEAP    t_de_glass_staffofdivine_01
	tamriel_data.esm    WEAP    t_de_glass_staffofpeace_01
	tamriel_data.esm    WEAP    t_de_glass_staffofreckoning_01
	tamriel_data.esm    WEAP    t_de_glass_staffofshaming_01
	tamriel_data.esm    WEAP    t_de_glass_staffofwar_01
	tamriel_data.esm    WEAP    t_de_glass_tanto_01
	tamriel_data.esm    WEAP    t_de_glass_viperaxe_01
	tamriel_data.esm    WEAP    t_de_glass_viperblade_01
	tamriel_data.esm    WEAP    t_de_glass_vipercleaver_01
	tamriel_data.esm    WEAP    t_de_glass_vipermace_01
	tamriel_data.esm    WEAP    t_de_glass_vipermauler_01
	tamriel_data.esm    WEAP    t_de_glass_viperscythe_01
	tamriel_data.esm    WEAP    t_de_glass_viperskewer_01
	tamriel_data.esm    WEAP    t_de_glass_viperslayer_01
	tamriel_data.esm    WEAP    t_de_glass_vipersword_01
	tamriel_data.esm    WEAP    t_de_glass_wakizashi_01
	tamriel_data.esm    WEAP    t_de_glass_warhammer_01
	tamriel_data.esm    WEAP    t_de_uni_akrash
	tamriel_data.esm    WEAP    t_de_uni_almarulagavel
	tamriel_data.esm    WEAP    t_de_uni_ethosknife
	tamriel_data.esm    WEAP    t_de_uni_muatra
	tamriel_data.esm    WEAP    t_de_uni_nerevaraxe
	tamriel_data.esm    WEAP    t_de_uni_staffroris
	tamriel_data.esm    WEAP    t_de_uni_swordnotheld
	tamriel_data.esm    WEAP    t_de_uni_treasurewoodsword
	tamriel_data.esm    WEAP    t_dwe_uni_neldracsreach
	tamriel_data.esm    WEAP    t_dwe_uni_oathrung
	tamriel_data.esm    WEAP    t_he_uni_keenblood
	tamriel_data.esm    WEAP    t_imp_uni_beraidspear
	tamriel_data.esm    WEAP    t_imp_uni_championcudgel
	tamriel_data.esm    WEAP    t_imp_uni_cutlassarchon
	tamriel_data.esm    WEAP    t_imp_uni_debaser
	tamriel_data.esm    WEAP    t_imp_uni_nafaalilargusclaw
	tamriel_data.esm    WEAP    t_imp_uni_nandorspear
	tamriel_data.esm    WEAP    t_imp_uni_raphalaskatana
	tamriel_data.esm    WEAP    t_imp_uni_swiftcutsaber
	tamriel_data.esm    WEAP    t_imp_uni_taldeussword
	tamriel_data.esm    WEAP    t_imp_uni_thoriclesaxe
	tamriel_data.esm    WEAP    t_imp_uni_umbranoxsabre
	tamriel_data.esm    WEAP    t_nor_ice_bow_01
	tamriel_data.esm    WEAP    t_nor_orn_warhammer_02
	tamriel_data.esm    WEAP    t_nor_silver_bow_01
	tamriel_data.esm    WEAP    t_nor_silver_dagger_danswyrm
	tamriel_data.esm    WEAP    t_nor_silver_seax_01
	tamriel_data.esm    WEAP    t_nor_silver_shortsword_danswyr
	tamriel_data.esm    WEAP    t_nor_silverspear_01
	tamriel_data.esm    WEAP    t_nor_stalhrimbattleaxe_01
	tamriel_data.esm    WEAP    t_nor_stalhrimbroadsword_01
	tamriel_data.esm    WEAP    t_nor_stalhrimclaymore_01
	tamriel_data.esm    WEAP    t_nor_stalhrimhalberd_01
	tamriel_data.esm    WEAP    t_nor_stalhrimshortsword_01
	tamriel_data.esm    WEAP    t_nor_stalhrimspear_01
	tamriel_data.esm    WEAP    t_nor_stalhrimstaff_01
	tamriel_data.esm    WEAP    t_nor_stalhrimwarhammer_01
	tamriel_data.esm    WEAP    t_nor_uni_askenhost
	tamriel_data.esm    WEAP    t_nor_uni_axerhorlaks
	tamriel_data.esm    WEAP    t_nor_uni_godsbloodaxe
	tamriel_data.esm    WEAP    t_nor_uni_godsbloodseax
	tamriel_data.esm    WEAP    t_nor_uni_godsbloodspear
	tamriel_data.esm    WEAP    t_nor_uni_hammerolfor
	tamriel_data.esm    WEAP    t_nor_uni_nebstalon
	tamriel_data.esm    WEAP    t_nor_uni_shardofvehemence
	tamriel_data.esm    WEAP    t_nor_uni_shorspear
	tamriel_data.esm    WEAP    t_nor_uni_stuhnsforge
	tamriel_data.esm    WEAP    t_orc_regular_battleaxe_01
	tamriel_data.esm    WEAP    t_orc_regular_claymore_01
	tamriel_data.esm    WEAP    t_orc_regular_cleaver_01
	tamriel_data.esm    WEAP    t_orc_regular_dagger_01
	tamriel_data.esm    WEAP    t_orc_regular_dagger_02
	tamriel_data.esm    WEAP    t_orc_regular_halberd_01
	tamriel_data.esm    WEAP    t_orc_regular_longsword_01
	tamriel_data.esm    WEAP    t_orc_regular_mace_01
	tamriel_data.esm    WEAP    t_orc_regular_spear_01
	tamriel_data.esm    WEAP    t_orc_regular_spear_02
	tamriel_data.esm    WEAP    t_orc_regular_waraxethooted_01
	tamriel_data.esm    WEAP    t_orc_uni_orlukhscleaver
	tamriel_data.esm    WEAP    t_rea_uni_voidknife
	tamriel_data.esm    WEAP    t_rga_cera_ssword_01
	tamriel_data.esm    WEAP    t_rga_steel_swiftcutsaber
	tamriel_data.esm    WEAP    t_rga_uni_duptro_01
	tamriel_data.esm    WEAP    t_rga_uni_gatkhel_01
	tamriel_data.esm    WEAP    t_rga_uni_snakebow
	tamriel_data.esm    WEAP    t_rga_uni_tangra_01
	tamriel_data.esm    WEAP    t_rga_uni_utanogo_01
	tr_mainland.esm     ARMO    tr_alandro_towershield
	tr_mainland.esm     ARMO    tr_m1_ench_towershield
	tr_mainland.esm     ARMO    tr_m1_g_boots_jump
	tr_mainland.esm     ARMO    tr_m1_q_gadavesgreaves
	tr_mainland.esm     ARMO    tr_m1_raptures fist
	tr_mainland.esm     ARMO    tr_m2_a_lzigat_pauldl_uni
	tr_mainland.esm     ARMO    tr_m2_a_lzigat_pauldr_uni
	tr_mainland.esm     ARMO    tr_m2_face_hortator_uni
	tr_mainland.esm     ARMO    tr_m2_q_a9_6_shield
	tr_mainland.esm     ARMO    tr_m2_sailen_vulgate_sh
	tr_mainland.esm     ARMO    tr_m3-512_helm
	tr_mainland.esm     ARMO    tr_m3_a_antumbral_shield_uni
	tr_mainland.esm     ARMO    tr_m3_oe_a_madhoosa_uni
	tr_mainland.esm     ARMO    tr_m3_oe_cassynderarmor
	tr_mainland.esm     ARMO    tr_m3_oe_tg_katariahdisp01
	tr_mainland.esm     ARMO    tr_m3_speaker_boots
	tr_mainland.esm     ARMO    tr_m3_speaker_cuirass
	tr_mainland.esm     ARMO    tr_m3_speaker_gauntlet_l
	tr_mainland.esm     ARMO    tr_m3_speaker_gauntlet_r
	tr_mainland.esm     ARMO    tr_m3_speaker_greaves
	tr_mainland.esm     ARMO    tr_m3_speaker_pauldron_l
	tr_mainland.esm     ARMO    tr_m3_speaker_pauldron_r
	tr_mainland.esm     ARMO    tr_m3_steel_fireheart_i3-647
	tr_mainland.esm     ARMO    tr_m4-518_spellweavers_skins
	tr_mainland.esm     ARMO    tr_m4_ando_mg_polyhedrascope
	tr_mainland.esm     ARMO    tr_m4_hendor_cuirass
	tr_mainland.esm     ARMO    tr_m4_olmshelm_i4-261-hla
	tr_mainland.esm     ARMO    tr_m4_orcish_boots_uni
	tr_mainland.esm     ARMO    tr_m4_orcish_helmofbattle_uni
	tr_mainland.esm     ARMO    tr_m4_shield_leftunch
	tr_mainland.esm     ARMO    tr_m4_ushudimmucrown_01
	tr_mainland.esm     ARMO    tr_m4_ushudimmucrown_02
	tr_mainland.esm     CLOT    tr_m1_fw_ic_ringrespite
	tr_mainland.esm     CLOT    tr_m1_fw_stoneseptimia
	tr_mainland.esm     CLOT    tr_m1_q_am_weird_uni
	tr_mainland.esm     CLOT    tr_m1_q_tg6_replacestone
	tr_mainland.esm     CLOT    tr_m2_cloth_ring_reward_i327
	tr_mainland.esm     CLOT    tr_m3_amulethorrorgreed
	tr_mainland.esm     CLOT    tr_m3_bart_ring
	tr_mainland.esm     CLOT    tr_m3_belisathamederobe01
	tr_mainland.esm     CLOT    tr_m3_bloodstoneshoes_2
	tr_mainland.esm     CLOT    tr_m3_kha_visitant_seeing
	tr_mainland.esm     CLOT    tr_m3_q_lostring
	tr_mainland.esm     CLOT    tr_m4-423_ring_scamp
	tr_mainland.esm     CLOT    tr_m4_am_arnesian_soul-stealer
	tr_mainland.esm     WEAP    tr_i2_445_muatra_dummy
	tr_mainland.esm     WEAP    tr_i3-476-ind_staff
	tr_mainland.esm     WEAP    tr_m1_bthal_oathrung_dummy
	tr_mainland.esm     WEAP    tr_m1_dae_naginata_curse_i62
	tr_mainland.esm     WEAP    tr_m1_fw_ic_taldeussword
	tr_mainland.esm     WEAP    tr_m1_fw_mg09_witherbrand
	tr_mainland.esm     WEAP    tr_m1_il_reflectkatana
	tr_mainland.esm     WEAP    tr_m1_il_thromilspear
	tr_mainland.esm     WEAP    tr_m1_q_dr2reward
	tr_mainland.esm     WEAP    tr_m1_q_molag_saber
	tr_mainland.esm     WEAP    tr_m1_q_molag_saber_act
	tr_mainland.esm     WEAP    tr_m1_q_molag_trident
	tr_mainland.esm     WEAP    tr_m1_w_bow_cheli
	tr_mainland.esm     WEAP    tr_m1_w_dwarven _sunblade
	tr_mainland.esm     WEAP    tr_m1_w_ebony_dagger_cursed
	tr_mainland.esm     WEAP    tr_m1_w_edge of the abyss
	tr_mainland.esm     WEAP    tr_m1_w_glaive_anarchy
	tr_mainland.esm     WEAP    tr_m1_w_glaive_anarchy_real
	tr_mainland.esm     WEAP    tr_m1_w_glsdkatsleep_i1-6
	tr_mainland.esm     WEAP    tr_m1_w_orcish_longsword_flame
	tr_mainland.esm     WEAP    tr_m2_q_20_staff
	tr_mainland.esm     WEAP    tr_m2_q_a8_6_kayesaber
	tr_mainland.esm     WEAP    tr_m2_w_adamant_halberd_retr
	tr_mainland.esm     WEAP    tr_m2_w_flametail_uni
	tr_mainland.esm     WEAP    tr_m3-589_internalburning
	tr_mainland.esm     WEAP    tr_m3-771_w_arbalest
	tr_mainland.esm     WEAP    tr_m3_aar_wep_spear
	tr_mainland.esm     WEAP    tr_m3_fleshreaver_i3-471-ind
	tr_mainland.esm     WEAP    tr_m3_foebane_uni
	tr_mainland.esm     WEAP    tr_m3_kha_9_saber_cursed
	tr_mainland.esm     WEAP    tr_m3_kha_forceofthewind
	tr_mainland.esm     WEAP    tr_m3_oe_mg_daecursedstaff
	tr_mainland.esm     WEAP    tr_m3_scrapingspear
	tr_mainland.esm     WEAP    tr_m3_scrapingsword
	tr_mainland.esm     WEAP    tr_m3_soulflayer_i3-534-ind
	tr_mainland.esm     WEAP    tr_m3_tiger_roar_uni
	tr_mainland.esm     WEAP    tr_m3_tt_danvasspear
	tr_mainland.esm     WEAP    tr_m3_unending
	tr_mainland.esm     WEAP    tr_m3_w_ebony_katana_dilavesa
	tr_mainland.esm     WEAP    tr_m3_w_lordgeneralsword
	tr_mainland.esm     WEAP    tr_m3_w_moraelyn_blade_uni
	tr_mainland.esm     WEAP    tr_m4-476_nyrebos_spear
	tr_mainland.esm     WEAP    tr_m4-476_platebreaker
	tr_mainland.esm     WEAP    tr_m4_aa_burial_1_sanctumseeker
	tr_mainland.esm     WEAP    tr_m4_ilvi_tomb_staff
	tr_mainland.esm     WEAP    tr_m4_orlukhcleaver
	tr_mainland.esm     WEAP    tr_m4_staff_i4-260-hla
	tr_mainland.esm     WEAP    tr_m4_stroig_ham_placeholder
	tr_mainland.esm     WEAP    tr_m4_sword_blackwoe
	tr_mainland.esm     WEAP    tr_m4_swordborealis
	tr_mainland.esm     WEAP    tr_m4_tj_dae_gs_cursed
	tr_mainland.esm     WEAP    tr_m4_tt_nalvsstaff
	tr_mainland.esm     WEAP    tr_m4_tt_ravurdagger
	tr_mainland.esm     WEAP    tr_m4_vm_cave_5_barbarian_axe
	tr_mainland.esm     WEAP    tr_m4_w_andaswakizashi
	tr_mainland.esm     WEAP    tr_m4_w_aurmazlkaarimace
	tr_mainland.esm     WEAP    tr_m4_w_greatmacepenance
	tr_mainland.esm     WEAP    tr_m4_w_uvaynblade_uni
	tr_mainland.esm     WEAP    tr_m4_w_virakdagger
	tr_mainland.esm     WEAP    tr_w_i4-504_vurbol
	tr_mainland.esm     WEAP    tr_w_m2_dwrvls_uni
	tr_mainland.esm     WEAP    tr_w_m2_webspinner
	tr_mainland.esm     WEAP    tr_w_m3-153_staff
