Prince of Fate (2).ESP: DUP-INF DUP-REC MASTERS MENUMOD MISSAUT MISSDSC MISSVER OVR-REC
    MASTERS: out of sync with the masters installed in your Data Files directory:
	OAAB_Data.esm                1384891 (plugin)    1567893 (installed size)
    [MENUMOD] Scripts not checking menumode:
	SCPT(Rem_HM_ArenwenScript)
	SCPT(Rem_HM_DoorScript)
	SCPT(Rem_HM_OghmaScript)
	SCPT(Rem_HM_QuestScript)
    [DUP-REC] Duplicate Records:
	From Master         Type    Name
	morrowind.esm       LTEX    sand
    [OVR-REC] Overridden Records:
	From Master         Type    Name
	bloodmoon.esm       LTEX    ac_darkgravel
	bloodmoon.esm       LTEX    sand_02
	morrowind.esm       LAND    (5, 25)
	morrowind.esm       LAND    (5, 26)
	morrowind.esm       LAND    (6, 25)
	morrowind.esm       LAND    (6, 26)
	morrowind.esm       LAND    (7, 25)
	morrowind.esm       LAND    (7, 26)
	morrowind.esm       LTEX    ac_darkstone01
	morrowind.esm       LTEX    ac_darkstone02
	morrowind.esm       LTEX    ac_dirt_01
	morrowind.esm       LTEX    ac_dirt_grass_02
	morrowind.esm       LTEX    ac_scrubplain_02
	morrowind.esm       LTEX    daedric_scrubruins
	morrowind.esm       LTEX    tx_ai_mudflats_01.tga
	morrowind.esm       LTEX    tx_land_darkstone01.tga
	morrowind.esm       LTEX    tx_land_darkstone02.tga
	tribunal.esm        DIAL    greeting 1
	tribunal.esm        DIAL    hello
	tribunal.esm        DIAL    idle
	tribunal.esm        DIAL    latest rumors

[DUP-INF]: ID=1709302711210241(Voice:hello)
  |DATA|SNAM:Vo\ww\scrm.mp3|NAME:Growl!|SCVR:01720|INTV|BNAM:;keeps werewolf from talking to you

[DUP-INF]: ID=160014977237055961(Voice:idle)
  |DATA|ONAM:uncle sweetshare|SNAM:Vo\n\m\sweetshare07.mp3|NAME:So it's back to the workshop in the snow! With lovely lanterns all aglow! He he! Ha ho! He he he ha ha ho!|SCVR:02sX3Random100|INTV:Z

[DUP-INF]: ID=260292633129096524(Topic:latest rumors)
  |DATA|NAME:Kirginia is back in Dagon Fel. And when you see Kirginia, you know there's smuggling going on.|SCVR:02sX4Random100|INTV:2|SCVR:16DX0Kirginia|INTV:|SCVR:2CsX0NoLore|INTV:

[DUP-INF]: ID=310941559979747883(Greeting:greeting 1)
  |DATA|ONAM:svenja_outside|NAME:The winds have whispered to me, %PCName. They have told me of your failure to enter Hrothmund's Barrow. In order to become chieftain of Thirsk, you needed to enter the barrow and grasp the axe of Hrothmund to receive his blessing. Now, that will never happen. This is a sad day. I fear Thirsk will never reopen.|SCVR:04JX0BM_Airship_a|INTV: |BNAM:Journal BM_Airship_c 20  Goodbye

[DUP-INF]: ID=2638137421067825083(Voice:idle)
  |DATA|SNAM:Vo\ww\scrm.mp3|NAME:Growl!|SCVR:01720|INTV|BNAM:;keeps werewolf from talking

[DUP-INF]: ID=20481194642735427051(Greeting:greeting 1)
  |DATA|NAME:[You have failed your Oath of Silence]|SCVR:34JX3TT_SanctusShrine|INTV|SCVR:44JX4TT_SanctusShrine|INTV:2|BNAM:;ALWAYS LEAVE THIS TOPIC AT THE VERY TOP OF GREETING 1  Journal TT_SanctusShrine 70  Goodbye

[DUP-INF]: ID=25727239392949824435(Topic:latest rumors)
  |DATA|NAME:I heard a shipmaster on the Tel Mora-Dagon Fel run dropped a group of wizards and mercenaries off on a little island somewhere. Think that was a bunch of  rogue Telvanni planning to set up a base?|SCVR:0CsX0NoLore|INTV:

[DUP-INF]: ID=30246200252173829691(Voice:hello)
  |DATA|ANAM:Skaal Village|SNAM:Vo\n\m\bHlo_NM069.mp3|NAME:Werewolves in the Greathall! Get in there quickly!|SCVR:04JX3BM_SkaalAttack|INTV: |SCVR:14JX4BM_SkaalAttack|INTV|SCVR:22sX4Random100|INTV:2
