Propylons_1.3.esp: DUP-REC MENUMOD MISSVER MOD-INF OVR-REC
    [MENUMOD] Scripts not checking menumode:
	SCPT(propylon_countdown)
	SCPT(propylon_index_testing)
    [OVR-REC] Overridden Records:
	From Master         Type    Name
	morrowind.esm       DIAL    andasreth
	morrowind.esm       DIAL    falensarano
	morrowind.esm       DIAL    ms_propylon
	morrowind.esm       DIAL    rotheran
	morrowind.esm       DIAL    work
	tribunal.esm        DIAL    greeting 5
	tribunal.esm        DIAL    little advice
	tribunal.esm        DIAL    little secret

[MOD-INF]: ID=1874952556747169(Topic:little advice)
  tribunal.esm------>|DATA|RNAM:Dark Elf|NAME:There's an enchanted transportation system in the old Dunmer strongholds. Created ages ago, but still works. You need a thing called an 'index' to use the system. Not many of them around. Collectors will pay a pretty drake for them.|SCVR:02sX4Random100|INTV: |SCVR:1CsX0nolore|INTV:|BNAM:;bottom; default
  Propylons_1.3.esp->|DATA|RNAM:Dark Elf|NAME:There's an enchanted transportation system in the old Dunmer strongholds. Created ages ago, but still works. You need a thing called an 'index' to use the system. Not many of them around. Collectors will pay a pretty drake for them.|SCVR:02sX4Random100|INTV: |SCVR:1CsX0NoLore|INTV:|BNAM:;bottom; default

[MOD-INF]: ID=90711268416724565(Topic:little secret)
  tribunal.esm------>|DATA|CNAM:Miner|ANAM:Yanemus Mine|NAME:This is a dangerous place, so none of the House people will come here. So we have kept the secret of the ebony all to ourselves. Now you know our secret. you are brave to come so far, outlander, so we will let you live, but do not touch the ebony.|SCVR:0CsX0nolore|INTV:
  Propylons_1.3.esp->|DATA|CNAM:Miner|ANAM:Yanemus Mine|NAME:This is a dangerous place, so none of the House people will come here. So we have kept the secret of the ebony all to ourselves. Now you know our secret. you are brave to come so far, outlander, so we will let you live, but do not touch the ebony.|SCVR:0CsX0NoLore|INTV:

[MOD-INF]: ID=154163075938873857(Topic:little advice)
  tribunal.esm------>|DATA|CNAM:Sorcerer|NAME:If you want to know the sorcerer's tricks and trade, talk to Smokey Morth at Varo's Tradehouse in Vos. It's a long trek, but few sorcerers are as friendly and down-to-earth as Smokey.|SCVR:06DX0smokey morth|INTV|SCVR:1CsX0nolore|INTV:|SCVR:22sX4Random100|INTV:Z
  Propylons_1.3.esp->|DATA|CNAM:Sorcerer|NAME:If you want to know the sorcerer's tricks and trade, talk to Smokey Morth at Varo's Tradehouse in Vos. It's a long trek, but few sorcerers are as friendly and down-to-earth as Smokey.|SCVR:06DX0smokey morth|INTV|SCVR:1CsX0NoLore|INTV:|SCVR:22sX4Random100|INTV:Z
