Quests for Faction Leaders.ESP: DUP-INF DUP-REC MASTERS MISSAUT MISSDSC MISSVER MOD-INF OVR-REC
    MASTERS: out of sync with the masters installed in your Data Files directory:
	Tamriel_Data.esm             7824672 (plugin)   11064795 (installed size)
	TR_Mainland.esm            131296817 (plugin)  163244128 (installed size)
    [OVR-REC] Overridden Records:
	From Master         Type    Name
	bloodmoon.esm       DIAL    orders
	tamriel_data.esm    DIAL    jobs
	tribunal.esm        DIAL    business
	tribunal.esm        DIAL    chores
	tribunal.esm        DIAL    duties
	tribunal.esm        DIAL    task

[MOD-INF]: ID=31490634401216(:duties)
  morrowind.esm------------------>|DATA|ONAM:athyn sarethi|DNAM:Redoran|NAME:You are now %PCRank of House Redoran. May the Tribunal guide you to use your position wisely.
  Quests for Faction Leaders.ESP->|NAME:You are now %PCRank of House Redoran. May the Tribunal guide you to use your position wisely.|DELE:

[DUP-INF]: ID=1592316598446865(Topic:orders)
  |DATA|ONAM:hrundi|DNAM:Fighters Guild|NAME:Larienna Macrina wants us to provide some assistance with her expedition in the Dwemer ruins of Nchurdamz.

[MOD-INF]: ID=5607331638714571(:duties)
  morrowind.esm------------------>|DATA|ONAM:skinkintreesshade|DNAM:Mages Guild|NAME:What do you wish of me, %PCRank?|SCVR:34JX3MG_VampireCure|INTV:d
  Quests for Faction Leaders.ESP->|NAME:What do you wish of me, %PCRank?|DELE:

[MOD-INF]: ID=41328566174059830(:chores)
  tr_mainland.esm---------------->|DATA|ONAM:TR_m1_T_Areth_Morvayn|DNAM:Telvanni|NAME:It would be inappropriate for me to give the %PCRank chores.
  Quests for Faction Leaders.ESP->|NAME:It would be inappropriate for me to give the %PCRank chores.|DELE:

[MOD-INF]: ID=221412592288155059(:duties)
  morrowind.esm------------------>|DATA|ONAM:ranis athrys|DNAM:Mages Guild|NAME:Of course, %PCRank, whatever you say.|SCVR:34JX3MG_SpyCatch|INTV:d
  Quests for Faction Leaders.ESP->|NAME:Of course, %PCRank, whatever you say.|DELE:

[MOD-INF]: ID=235422579527873883(:task)
  tr_mainland.esm---------------->|DATA|ONAM:TR_m1_Rantela_Irenam|DNAM:Telvanni|NAME:What would you have me do, PCRank?|SCVR:04JX3TR_m1_PT_MaI_3|INTV:d
  Quests for Faction Leaders.ESP->|NAME:What would you have me do, PCRank?|DELE:

[MOD-INF]: ID=249567308127514884(:chores)
  tr_mainland.esm---------------->|DATA|ONAM:TR_m1_T_Nevrile_Omayn|DNAM:Telvanni|NAME:I would not consider giving you any chores, %PCRank. Your time is far too valuable to spend on such matters.
  Quests for Faction Leaders.ESP->|NAME:I would not consider giving you any chores, %PCRank. Your time is far too valuable to spend on such matters.|DELE:

[MOD-INF]: ID=252649462610513664(:duties)
  tr_mainland.esm---------------->|DATA|ONAM:TR_m3_Lloris Dalan|DNAM:Temple|NAME:It has been an honor to serve you.|SCVR:04JX3TR_m3_TT_Illene1|INTV: |SCVR:11390|INTV:
  Quests for Faction Leaders.ESP->|NAME:It has been an honor to serve you.|DELE:

[MOD-INF]: ID=301673209613747805(:duties)
  morrowind.esm------------------>|DATA|ONAM:edwinna elbert|DNAM:Mages Guild|NAME:Why, it would be inappropriate for me to give you orders, %PCRank.|SCVR:34JX3MG_Bethamez|INTV:d
  Quests for Faction Leaders.ESP->|NAME:Why, it would be inappropriate for me to give you orders, %PCRank.|DELE:

[MOD-INF]: ID=315331857463478502(:business)
  morrowind.esm------------------>|DATA|ONAM:Vedam Dren|DNAM:Hlaalu|NAME:House Hlaalu's business is in your hands now, %PCName.
  Quests for Faction Leaders.ESP->|NAME:House Hlaalu's business is in your hands now, %PCName.|DELE:

[MOD-INF]: ID=1191528235155573474(:orders)
  morrowind.esm------------------>|DATA|ONAM:eydis fire-eye|DNAM:Fighters Guild|NAME:What can I do for you, Guildmaster?|SCVR:34JX3FG_HungerLoose|INTV:d
  Quests for Faction Leaders.ESP->|NAME:What can I do for you, Guildmaster?|DELE:

[MOD-INF]: ID=1668115217884521023(:orders)
  morrowind.esm------------------>|DATA|ONAM:general darius|DNAM:Imperial Legion|NAME:What can I do for a %PCRank? I am at your service.
  Quests for Faction Leaders.ESP->|NAME:What can I do for a %PCRank? I am at your service.|DELE:

[DUP-INF]: ID=1684411597677626113(Topic:orders)
  |DATA|ONAM:persius mercius|DNAM:Fighters Guild|NAME:The only way to save the Fighters Guild from the corruption of the Camonna Tong is to get rid of Sjoring Hard-Heart and those loyal to him. I heard Eydis Fire-Eye was no longer one of his chief supporters, but Lorbumol gro-Aglakh still needs to be dealt with.|SCVR:34JX3FG_ElithPalSupply|INTV:d|SCVR:44JX3TG_BitterBribe|INTV:d

[MOD-INF]: ID=1827319765188725174(:duties)
  morrowind.esm------------------>|DATA|ONAM:lloros sarano|DNAM:Redoran|NAME:What can I do for you, %PCRank?|SCVR:34JX3HR_LostBanner|INTV:d
  Quests for Faction Leaders.ESP->|NAME:What can I do for you, %PCRank?|DELE:

[MOD-INF]: ID=1876612134284024338(:chores)
  tr_mainland.esm---------------->|DATA|ONAM:TR_m1_T_Norahin_Darys|DNAM:Telvanni|NAME:No, %PCRank. One of your status should not perform chores for your subjects. That is what Retainers are for.
  Quests for Faction Leaders.ESP->|NAME:No, %PCRank. One of your status should not perform chores for your subjects. That is what Retainers are for.|DELE:

[MOD-INF]: ID=2024180991865824980(:duties)
  morrowind.esm------------------>|DATA|ONAM:faral retheran|DNAM:Redoran|NAME:You are the %PCRank now, and I should not be giving you duties.|SCVR:34JX3HR_AttackRethan|INTV:d
  Quests for Faction Leaders.ESP->|NAME:You are the %PCRank now, and I should not be giving you duties.|DELE:

[MOD-INF]: ID=2154428172139971663(:duties)
  morrowind.esm------------------>|DATA|FNAM:Temple|DNAM:Temple|NAME:What can I do for you, %PCRank?
  Quests for Faction Leaders.ESP->|NAME:What can I do for you, %PCRank?|DELE:

[MOD-INF]: ID=2318928926311187289(:chores)
  tr_mainland.esm---------------->|DATA|ONAM:TR_m1_T_Fervas_Shulisa|DNAM:Telvanni|NAME:I have no chores I would deem vital enough to ask you to devote your valuable time to, %PCRank.
  Quests for Faction Leaders.ESP->|NAME:I have no chores I would deem vital enough to ask you to devote your valuable time to, %PCRank.|DELE:

[MOD-INF]: ID=2584955311486720318(:orders)
  morrowind.esm------------------>|DATA|ONAM:Frald the White|DNAM:Imperial Legion|NAME:Now why would a %PCRank be visiting me?|SCVR:34JX3IL_ProtectEntius|INTV:d
  Quests for Faction Leaders.ESP->|NAME:Now why would a %PCRank be visiting me?|DELE:

[MOD-INF]: ID=2725711742295982858(:duties)
  morrowind.esm------------------>|DATA|ONAM:tuveso beleth|DNAM:Redoran|NAME:Yes, %PCRank?|SCVR:34JX3HR_BillCollect|INTV:d
  Quests for Faction Leaders.ESP->|NAME:Yes, %PCRank?|DELE:

[MOD-INF]: ID=2806844542388827957(:chores)
  tr_mainland.esm---------------->|DATA|ONAM:TR_m1_T_Areth_Morvayn|DNAM:Telvanni|NAME:It would be inappropriate for me to give a %PCRank chores.
  Quests for Faction Leaders.ESP->|NAME:It would be inappropriate for me to give a %PCRank chores.|DELE:

[MOD-INF]: ID=2923068152139912626(:orders)
  morrowind.esm------------------>|DATA|ONAM:hrundi|DNAM:Fighters Guild|NAME:What can I do for you, %PCRank %PCName?|SCVR:34JX3FG_FindPudai|INTV:d
  Quests for Faction Leaders.ESP->|NAME:What can I do for you, %PCRank %PCName?|DELE:

[MOD-INF]: ID=2947815097119619743(:orders)
  morrowind.esm------------------>|DATA|ONAM:lorbumol gro-aglakh|DNAM:Fighters Guild|NAME:What do you want, %PCRank?|SCVR:34JX3FG_SilenceMagistrate|INTV:d
  Quests for Faction Leaders.ESP->|NAME:What do you want, %PCRank?|DELE:

[MOD-INF]: ID=2980832791150510933(:orders)
  morrowind.esm------------------>|DATA|ONAM:imsin the dreamer|DNAM:Imperial Legion|NAME:What can I do for a %PCRank?|SCVR:34JX3IL_MaidenToken|INTV:d
  Quests for Faction Leaders.ESP->|NAME:What can I do for a %PCRank?|DELE:

[MOD-INF]: ID=3134422263370111746(:duties)
  morrowind.esm------------------>|DATA|ONAM:theldyn virith|DNAM:Redoran|NAME:I can't give duties to you, %PCRank.|SCVR:34JX3HR_CultElimination|INTV:d
  Quests for Faction Leaders.ESP->|NAME:I can't give duties to you, %PCRank.|DELE:

[DUP-INF]: ID=10238289422125820051(Topic:orders)
  |DATA|ONAM:persius mercius|DNAM:Fighters Guild|NAME:There is one more thing you must do, %PCName. Once you have done this, I will name you Guildmaster. You must kill Sjoring Hard-Heart.|SCVR:34JX3FG_KillCronies|INTV:d

[MOD-INF]: ID=11400304301303320456(:orders)
  morrowind.esm------------------>|DATA|ONAM:persius mercius|DNAM:Fighters Guild|NAME:You've already done more than I could have hoped for.|SCVR:34JX3FG_KillHardHeart|INTV:d
  Quests for Faction Leaders.ESP->|NAME:You've already done more than I could have hoped for.|DELE:

[MOD-INF]: ID=12086118183258213153(:orders)
  morrowind.esm------------------>|DATA|ONAM:persius mercius|DNAM:Fighters Guild|NAME:You've already done more than I could have hoped for.
  Quests for Faction Leaders.ESP->|NAME:You've already done more than I could have hoped for.|DELE:

[MOD-INF]: ID=17785267832841114552(:business)
  morrowind.esm------------------>|DATA|ONAM:nileno dorvayn|DNAM:Hlaalu|NAME:What can I do for you, %PCRank?|SCVR:34JX3HH_IndEsp4|INTV:d
  Quests for Faction Leaders.ESP->|NAME:What can I do for you, %PCRank?|DELE:

[MOD-INF]: ID=22761111983241720411(:jobs)
  morrowind.esm------------------>|DATA|FNAM:Thieves Guild|DNAM:Thieves Guild|NAME:What do you want, %PCRank?
  Quests for Faction Leaders.ESP->|NAME:What do you want, %PCRank?|DELE:

[MOD-INF]: ID=22938157822342711483(:chores)
  morrowind.esm------------------>|DATA|FNAM:Telvanni|DNAM:Telvanni|NAME:What do you ask of me, %PCRank?|SCVR:07XX0therana|INTV:
  Quests for Faction Leaders.ESP->|NAME:What do you ask of me, %PCRank?|DELE:

[MOD-INF]: ID=28557223491360129227(:orders)
  morrowind.esm------------------>|DATA|ONAM:radd hard-heart|DNAM:Imperial Legion|NAME:I am at your service, %PCName.|SCVR:34JX3IL_Necromancer|INTV:d
  Quests for Faction Leaders.ESP->|NAME:I am at your service, %PCName.|DELE:
