Racc's Chitin House.esp: DUP-REC MENUMOD MISSVER OVR-REC
    [MENUMOD] Scripts not checking menumode:
	SCPT(Racc_teleport)
    [DUP-REC] Duplicate Records:
	From Master         Type    Name
	tribunal.esm        LTEX    rm_grayrock
    [OVR-REC] Overridden Records:
	From Master         Type    Name
	morrowind.esm       LAND    (-1, -1)
	morrowind.esm       LAND    (-2, -1)
	morrowind.esm       LTEX    ma_rock04
	morrowind.esm       LTEX    scrub plain
	morrowind.esm       LTEX    wg_dirtroad_01
	morrowind.esm       LTEX    wg_dirtscrub
	morrowind.esm       LTEX    wg_mainroad_01
	morrowind.esm       LTEX    wg_rock
	morrowind.esm       LTEX    wg_rockydirt
	morrowind.esm       LTEX    wg_rockyscrub
	morrowind.esm       LTEX    wg_scrub plain
	tribunal.esm        LTEX    rm_rock_01
