Rebirth_Mzuleft_GDR.ESP: DUP-REC MASTERS MENUMOD MISSAUT MISSDSC MISSVER OVR-REC
    MASTERS: out of sync with the masters installed in your Data Files directory:
	Bloodmoon.esm                9631289 (plugin)    9631798 (installed size)
	DN_Dwemer_Tileset.esm          83250 (plugin)      74717 (installed size)
    [MENUMOD] Scripts not checking menumode:
	SCPT(Sound_dwrv_steam)
	SCPT(mzuleft_1_cyl)
	SCPT(mzuleft_1_wall)
	SCPT(mzuleft_broken_valve1)
	SCPT(mzuleft_broken_valve2)
	SCPT(mzuleft_gate_button)
	SCPT(mzuleft_gate_up1)
	SCPT(mzuleft_gate_up2)
	SCPT(mzuleft_slide1)
	SCPT(mzuleft_steam_off)
	SCPT(mzuleft_valve_1)
    [OVR-REC] Overridden Records:
	From Master         Type    Name
	dn_dwemer_tileset.esm    PGRD    mzuleft
	morrowind.esm       NPC_    bugrash gro-gorzog
	morrowind.esm       NPC_    duluk gro-ghash
	morrowind.esm       NPC_    durgat gra-glurkub
	morrowind.esm       NPC_    glasha gra-magar
	morrowind.esm       NPC_    khadba gro-uzgurn
	morrowind.esm       NPC_    lagakh gra-lorga
	morrowind.esm       NPC_    mugdul gro-yagarz
