Rebirth_Aleft_GDR.ESP: DUP-REC MASTERS MENUMOD MISSAUT MISSDSC MISSVER OVR-REC
    MASTERS: out of sync with the masters installed in your Data Files directory:
	Bloodmoon.esm                9631289 (plugin)    9631798 (installed size)
	DN_Dwemer_Tileset.esm          83250 (plugin)      74717 (installed size)
    [MENUMOD] Scripts not checking menumode:
	SCPT(Aleft_GS1)
	SCPT(Aleft_GS2)
	SCPT(Aleft_GU3)
	SCPT(Aleft_M1R1)
	SCPT(Aleft_M1R2)
	SCPT(Aleft_cog_arot)
	SCPT(Aleft_cog_brot)
	SCPT(Aleft_eburn)
	SCPT(Aleft_fcube_spin)
	SCPT(Aleft_iburn)
	SCPT(Aleft_lift_plat)
	SCPT(Aleft_lift_start)
	SCPT(Aleft_lift_startDown)
	SCPT(Aleft_partburn)
	SCPT(Aleft_pump)
	SCPT(Aleft_rburn)
	SCPT(Aleft_ringburn)
	SCPT(Aleft_runes)
	SCPT(Aleft_spiders)
	SCPT(Aleft_valve_1)
	SCPT(Aleft_valve_2)
	SCPT(Aleft_valve_3)
	SCPT(Aleft_valve_4)
	SCPT(Aleft_valve_5)
	SCPT(Aleft_water_button)
    [OVR-REC] Overridden Records:
	From Master         Type    Name
	morrowind.esm       PGRD    aleft
	tribunal.esm        CREA    centurion_spider
