Rebirth_Sturdumz_GDRV1.3.ESP: AUTOSPL DUP-INF DUP-REC MASTERS MENUMOD MISSAUT MISSDSC MISSVER OVR-REC
    MASTERS: out of sync with the masters installed in your Data Files directory:
	Bloodmoon.esm                9631289 (plugin)    9631798 (installed size)
	DN_Dwemer_Tileset.esm          83250 (plugin)      74717 (installed size)
    [AUTOSPL] Auto-calced Spells:
	frostbite2                     Frostbite
    [MENUMOD] Scripts not checking menumode:
	SCPT(RM_Belvis)
	SCPT(Studumz_Wallhurt)
	SCPT(Sturdumz_Cube_1)
	SCPT(Sturdumz_Lgate)
	SCPT(Sturdumz_cart)
	SCPT(Sturdumz_check)
	SCPT(Sturdumz_fire_spider)
	SCPT(Sturdumz_furnace_Snd)
	SCPT(Sturdumz_machinery_snd)
	SCPT(Sturdumz_pipeA)
	SCPT(Sturdumz_valve_A1)
	SCPT(Sturdumz_valve_A2)
	SCPT(Sturdumz_weld2)
	SCPT(sturdumz_boss_spider)
	SCPT(sturdumz_cube_take)
	SCPT(sturdumz_weap_spin)
    [OVR-REC] Overridden Records:
	From Master         Type    Name
	dn_dwemer_tileset.esm    STAT    in_dwrv_corr4_02_dn
	tribunal.esm        DIAL    greeting 0
	tribunal.esm        DIAL    greeting 5
	tribunal.esm        DIAL    my trade

[DUP-INF]: ID=1288227500790714973(Greeting:greeting 5)
  |DATA|ONAM:gindrala hleran|NAME:Pardon me. But there's a very strange man in my house, and he won't leave. Will you go get him out of there, please?|SCVR:04JX3A2_2_6thHouse|INTV:2|SCVR:16DX0dreamer_02|INTV:

[DUP-INF]: ID=2820158182898026047(Greeting:greeting 0)
  |DATA|ONAM:Rat_pack_rerlas|NAME:Squeak!|SCVR:01500|INTV|BNAM:AIFollow "player" 0 0 0 0

[DUP-INF]: ID=10924273023043113826(Topic:my trade)
  |DATA|ONAM:erich the unworthy|NAME:I'm a lover and a killer. What more is there in life?
