RedMountainReborn.esp: DUP-REC MISSAUT MISSVER OVR-REC
    [DUP-REC] Duplicate Records:
	From Master         Type    Name
	morrowind.esm       ACTI    ex_dwrv_crank_dagoth
	morrowind.esm       LTEX    rock_coastal
	morrowind.esm       LTEX    sand
	morrowind.esm       STAT    dagoth_door00
    [OVR-REC] Overridden Records:
	From Master         Type    Name
	bloodmoon.esm       LTEX    ac_darkgravel
	bloodmoon.esm       LTEX    rm_rock_03
	bloodmoon.esm       LTEX    sand_02
	bloodmoon.esm       LTEX    tx_bc_rock_03.tga
	bloodmoon.esm       LTEX    tx_bm_dirt_01.dds
	bloodmoon.esm       LTEX    tx_bm_dirt_snow_01.dds
	bloodmoon.esm       LTEX    tx_bm_grass_01.dds
	bloodmoon.esm       LTEX    tx_bm_grass_02.dds
	bloodmoon.esm       LTEX    tx_bm_grass_03.dds
	bloodmoon.esm       LTEX    tx_bm_grass_dirt_01.dds
	bloodmoon.esm       LTEX    tx_bm_grass_snow_02.dds
	bloodmoon.esm       LTEX    tx_bm_grass_snow_02a.dds
	bloodmoon.esm       LTEX    tx_bm_pine_needles_01.dds
	bloodmoon.esm       LTEX    tx_bm_rock_01.dds
	bloodmoon.esm       LTEX    tx_bm_rock_03.dds
	bloodmoon.esm       LTEX    tx_bm_rock_dirt_01.dds
	bloodmoon.esm       LTEX    tx_bm_snow_02.dds
	bloodmoon.esm       LTEX    wg_road
	morrowind.esm       LAND    (-1, 10)
	morrowind.esm       LAND    (-1, 11)
	morrowind.esm       LAND    (-1, 12)
	morrowind.esm       LAND    (-1, 13)
	morrowind.esm       LAND    (-1, 3)
	morrowind.esm       LAND    (-1, 4)
	morrowind.esm       LAND    (-1, 5)
	morrowind.esm       LAND    (-1, 6)
	morrowind.esm       LAND    (-1, 7)
	morrowind.esm       LAND    (-1, 8)
	morrowind.esm       LAND    (-1, 9)
	morrowind.esm       LAND    (-2, 10)
	morrowind.esm       LAND    (-2, 11)
	morrowind.esm       LAND    (-2, 12)
	morrowind.esm       LAND    (-2, 13)
	morrowind.esm       LAND    (-2, 7)
	morrowind.esm       LAND    (-2, 8)
	morrowind.esm       LAND    (-2, 9)
	morrowind.esm       LAND    (-3, 10)
	morrowind.esm       LAND    (-3, 11)
	morrowind.esm       LAND    (-3, 12)
	morrowind.esm       LAND    (-3, 13)
	morrowind.esm       LAND    (-3, 7)
	morrowind.esm       LAND    (-3, 8)
	morrowind.esm       LAND    (-3, 9)
	morrowind.esm       LAND    (-4, 10)
	morrowind.esm       LAND    (-4, 11)
	morrowind.esm       LAND    (-4, 12)
	morrowind.esm       LAND    (-4, 8)
	morrowind.esm       LAND    (-4, 9)
	morrowind.esm       LAND    (0, 10)
	morrowind.esm       LAND    (0, 11)
	morrowind.esm       LAND    (0, 12)
	morrowind.esm       LAND    (0, 13)
	morrowind.esm       LAND    (0, 4)
	morrowind.esm       LAND    (0, 5)
	morrowind.esm       LAND    (0, 6)
	morrowind.esm       LAND    (0, 7)
	morrowind.esm       LAND    (0, 8)
	morrowind.esm       LAND    (0, 9)
	morrowind.esm       LAND    (1, 10)
	morrowind.esm       LAND    (1, 11)
	morrowind.esm       LAND    (1, 12)
	morrowind.esm       LAND    (1, 13)
	morrowind.esm       LAND    (1, 3)
	morrowind.esm       LAND    (1, 4)
	morrowind.esm       LAND    (1, 5)
	morrowind.esm       LAND    (1, 6)
	morrowind.esm       LAND    (1, 7)
	morrowind.esm       LAND    (1, 8)
	morrowind.esm       LAND    (1, 9)
	morrowind.esm       LAND    (2, 10)
	morrowind.esm       LAND    (2, 11)
	morrowind.esm       LAND    (2, 12)
	morrowind.esm       LAND    (2, 13)
	morrowind.esm       LAND    (2, 3)
	morrowind.esm       LAND    (2, 4)
	morrowind.esm       LAND    (2, 5)
	morrowind.esm       LAND    (2, 6)
	morrowind.esm       LAND    (2, 7)
	morrowind.esm       LAND    (2, 8)
	morrowind.esm       LAND    (2, 9)
	morrowind.esm       LAND    (3, 10)
	morrowind.esm       LAND    (3, 11)
	morrowind.esm       LAND    (3, 12)
	morrowind.esm       LAND    (3, 13)
	morrowind.esm       LAND    (3, 3)
	morrowind.esm       LAND    (3, 4)
	morrowind.esm       LAND    (3, 5)
	morrowind.esm       LAND    (3, 6)
	morrowind.esm       LAND    (3, 7)
	morrowind.esm       LAND    (3, 8)
	morrowind.esm       LAND    (3, 9)
	morrowind.esm       LAND    (4, 10)
	morrowind.esm       LAND    (4, 11)
	morrowind.esm       LAND    (4, 12)
	morrowind.esm       LAND    (4, 13)
	morrowind.esm       LAND    (4, 3)
	morrowind.esm       LAND    (4, 4)
	morrowind.esm       LAND    (4, 5)
	morrowind.esm       LAND    (4, 6)
	morrowind.esm       LAND    (4, 7)
	morrowind.esm       LAND    (4, 8)
	morrowind.esm       LAND    (4, 9)
	morrowind.esm       LAND    (5, 10)
	morrowind.esm       LAND    (5, 11)
	morrowind.esm       LAND    (5, 12)
	morrowind.esm       LAND    (5, 13)
	morrowind.esm       LAND    (5, 3)
	morrowind.esm       LAND    (5, 4)
	morrowind.esm       LAND    (5, 5)
	morrowind.esm       LAND    (5, 6)
	morrowind.esm       LAND    (5, 7)
	morrowind.esm       LAND    (5, 8)
	morrowind.esm       LAND    (5, 9)
	morrowind.esm       LAND    (6, 10)
	morrowind.esm       LAND    (6, 11)
	morrowind.esm       LAND    (6, 12)
	morrowind.esm       LAND    (6, 4)
	morrowind.esm       LAND    (6, 5)
	morrowind.esm       LAND    (6, 6)
	morrowind.esm       LAND    (6, 7)
	morrowind.esm       LAND    (6, 8)
	morrowind.esm       LAND    (6, 9)
	morrowind.esm       LAND    (7, 10)
	morrowind.esm       LAND    (7, 7)
	morrowind.esm       LAND    (7, 8)
	morrowind.esm       LAND    (7, 9)
	morrowind.esm       LTEX    ac_darkstone01
	morrowind.esm       LTEX    ac_darkstone02
	morrowind.esm       LTEX    ac_darkstone_grass
	morrowind.esm       LTEX    ac_dirt_01
	morrowind.esm       LTEX    ac_dirt_grass_01
	morrowind.esm       LTEX    ac_dirt_grass_02
	morrowind.esm       LTEX    ac_dirtroad_01
	morrowind.esm       LTEX    ac_roundstone
	morrowind.esm       LTEX    ac_scrubplain_01
	morrowind.esm       LTEX    ac_scrubplain_02
	morrowind.esm       LTEX    ai_mudflats_01.tga
	morrowind.esm       LTEX    al_ash_01
	morrowind.esm       LTEX    al_ash_02
	morrowind.esm       LTEX    al_ash_03
	morrowind.esm       LTEX    al_ash_04
	morrowind.esm       LTEX    al_road_01
	morrowind.esm       LTEX    daedric stone
	morrowind.esm       LTEX    daedric_scrubruins
	morrowind.esm       LTEX    gl_dirt_01
	morrowind.esm       LTEX    gl_dirt_02
	morrowind.esm       LTEX    gl_dirt_grass_01
	morrowind.esm       LTEX    gl_dirt_grass_02
	morrowind.esm       LTEX    gl_dirtroad
	morrowind.esm       LTEX    gl_grass_01
	morrowind.esm       LTEX    gl_grass_02
	morrowind.esm       LTEX    gl_grass_03
	morrowind.esm       LTEX    gl_grass_04
	morrowind.esm       LTEX    gl_grass_05
	morrowind.esm       LTEX    gl_rock_01
	morrowind.esm       LTEX    gl_rock_02
	morrowind.esm       LTEX    lavacrust02.tga
	morrowind.esm       LTEX    ma_crackedearth
	morrowind.esm       LTEX    ma_lava
	morrowind.esm       LTEX    ma_lava02
	morrowind.esm       LTEX    ma_lava03
	morrowind.esm       LTEX    ma_lava04
	morrowind.esm       LTEX    ma_lava05
	morrowind.esm       LTEX    ma_lava06
	morrowind.esm       LTEX    ma_lavacrust.tga
	morrowind.esm       LTEX    ma_lavaflow
	morrowind.esm       LTEX    ma_lavarock
	morrowind.esm       LTEX    ma_rock04
	morrowind.esm       LTEX    ma_sulphur_rock01
	morrowind.esm       LTEX    ma_sulphur_rock02
	morrowind.esm       LTEX    ma_sulphur_rock03
	morrowind.esm       LTEX    ma_sulphur_rock05
	morrowind.esm       LTEX    ma_sulphur_rock06
	morrowind.esm       LTEX    ma_sulphur_rock07
	morrowind.esm       LTEX    ma_sulphur_rock08
	morrowind.esm       LTEX    ma_sulphur_rock09
	morrowind.esm       LTEX    rm_redrock
	morrowind.esm       LTEX    rm_rock_02
	morrowind.esm       LTEX    rm_whiterock
	morrowind.esm       LTEX    scrub plain
	morrowind.esm       LTEX    tx_ai_mudflats_01.tga
	morrowind.esm       LTEX    tx_bc_bank.tga
	morrowind.esm       LTEX    tx_bc_dirt.tga
	morrowind.esm       LTEX    tx_bc_grass.tga
	morrowind.esm       LTEX    tx_bc_mainroad_01.tga
	morrowind.esm       LTEX    tx_bc_moss.tga
	morrowind.esm       LTEX    tx_bc_muck_01.tga
	morrowind.esm       LTEX    tx_bc_mud.tga
	morrowind.esm       LTEX    tx_bc_rock_01.tga
	morrowind.esm       LTEX    tx_bc_rock_02.tga
	morrowind.esm       LTEX    tx_bc_rockyscrub.tga
	morrowind.esm       LTEX    tx_bc_scrub.tga
	morrowind.esm       LTEX    tx_bc_undergrowth.tga
	morrowind.esm       LTEX    tx_land_darkstone01.tga
	morrowind.esm       LTEX    tx_land_darkstone02.tga
	morrowind.esm       LTEX    tx_rm_grayrock_01.tga
	morrowind.esm       LTEX    tx_rock_wg_01.tga
	morrowind.esm       LTEX    tx_rockyscrub_01.tga
	morrowind.esm       LTEX    wg_cobblestones
	morrowind.esm       LTEX    wg_dirtroad_01
	morrowind.esm       LTEX    wg_dirtscrub
	morrowind.esm       LTEX    wg_mainroad_01
	morrowind.esm       LTEX    wg_rock
	morrowind.esm       LTEX    wg_rockydirt
	morrowind.esm       LTEX    wg_rockyscrub
	morrowind.esm       LTEX    wg_scrub plain
	tribunal.esm        LTEX    ai_clover
	tribunal.esm        LTEX    ai_dirt
	tribunal.esm        LTEX    ai_dirtroad
	tribunal.esm        LTEX    ai_grass
	tribunal.esm        LTEX    ai_grass_02
	tribunal.esm        LTEX    ai_grass_cobbles
	tribunal.esm        LTEX    ai_grass_dirt
	tribunal.esm        LTEX    ai_grass_rocky
	tribunal.esm        LTEX    ai_tilled_dirt
	tribunal.esm        LTEX    rm_grayrock
	tribunal.esm        LTEX    rm_rock_01
	tribunal.esm        LTEX    tx_ai_mainroad_01.tga
