REEEE.ESP: DUP-REC MASTERS MISSVER OVR-REC
    MASTERS: out of sync with the masters installed in your Data Files directory:
	Tribunal.esm                 4565578 (plugin)    4565686 (installed size)
	Bloodmoon.esm                9631726 (plugin)    9631798 (installed size)
	Wares-base.esm                102158 (plugin)      82499 (installed size)
    [OVR-REC] Overridden Records:
	From Master         Type    Name
	morrowind.esm       ENCH    free action_en
	morrowind.esm       ENCH    light_en
	wares-base.esm      LEVI    aa_ber_gloves
	wares-base.esm      LEVI    aa_ber_robe
	wares-base.esm      LEVI    aa_ber_shirts
	wares-base.esm      LEVI    aa_gear_arrow_best
	wares-base.esm      LEVI    aa_gear_ash_boots
	wares-base.esm      LEVI    aa_gear_ash_shirts
	wares-base.esm      LEVI    aa_gear_ax_best
	wares-base.esm      LEVI    aa_gear_ax_cheap_ench
	wares-base.esm      LEVI    aa_gear_bl_cheap_ench
	wares-base.esm      LEVI    aa_gear_bow_best
	wares-base.esm      LEVI    aa_gear_com_pants
	wares-base.esm      LEVI    aa_gear_com_robe
	wares-base.esm      LEVI    aa_gear_com_shirt
	wares-base.esm      LEVI    aa_gear_com_shoes
	wares-base.esm      LEVI    aa_gear_com_skirts
	wares-base.esm      LEVI    aa_gear_exp_pants
	wares-base.esm      LEVI    aa_gear_exp_robes
	wares-base.esm      LEVI    aa_gear_exp_shoes
	wares-base.esm      LEVI    aa_gear_lb_best
	wares-base.esm      LEVI    aa_gear_lb_cheap_ench
	wares-base.esm      LEVI    aa_gear_sb_best
	wares-base.esm      LEVI    aa_gear_sb_cheap_ench
	wares-base.esm      LEVI    aa_gear_spear_best
	wares-base.esm      LEVI    aa_gear_spear_cheap_ench
	wares-base.esm      LEVI    aa_gear_sta_best
	wares-base.esm      LEVI    aa_gear_sta_cheap_ench
	wares-base.esm      LEVI    aa_trader_armour
	wares-base.esm      LEVI    aa_trader_clothes
	wares-base.esm      LEVI    aa_trader_enchanted
	wares-base.esm      LEVI    aa_trader_f_hlaalu
	wares-base.esm      LEVI    aa_trader_f_ic
	wares-base.esm      LEVI    aa_trader_f_redo
	wares-base.esm      LEVI    aa_trader_f_telv
	wares-base.esm      LEVI    aa_trader_f_temple
	wares-base.esm      LEVI    aa_trader_marks
	wares-base.esm      LEVI    aa_trader_scrolls
	wares-base.esm      LEVI    aa_trader_weapons
