Refuse the Main Quest.ESP: DUP-REC EVLGMST MISSVER MOD-INF OVR-REC
    [EVLGMST] Tribunal(11) Bloodmoon(61):
	BM fcombatdistancewerewolfmod
	BM ffleedistance
	BM fwerewolfacrobatics
	BM fwerewolfagility
	BM fwerewolfalchemy
	BM fwerewolfalteration
	BM fwerewolfarmorer
	BM fwerewolfathletics
	BM fwerewolfaxe
	BM fwerewolfblock
	BM fwerewolfbluntweapon
	BM fwerewolfconjuration
	BM fwerewolfdestruction
	BM fwerewolfenchant
	BM fwerewolfendurance
	BM fwerewolffatigue
	BM fwerewolfhandtohand
	BM fwerewolfhealth
	BM fwerewolfheavyarmor
	BM fwerewolfillusion
	BM fwerewolfintellegence
	BM fwerewolflightarmor
	BM fwerewolflongblade
	BM fwerewolfluck
	BM fwerewolfmagicka
	BM fwerewolfmarksman
	BM fwerewolfmediumarmor
	BM fwerewolfmerchantile
	BM fwerewolfmysticism
	BM fwerewolfpersonality
	BM fwerewolfrestoration
	BM fwerewolfrunmult
	BM fwerewolfsecurity
	BM fwerewolfshortblade
	BM fwerewolfsilverweapondamagemult
	BM fwerewolfsneak
	BM fwerewolfspear
	BM fwerewolfspeechcraft
	BM fwerewolfspeed
	BM fwerewolfstrength
	BM fwerewolfunarmored
	BM fwerewolfwillpower
	BM iwerewolfbounty
	BM iwerewolffightmod
	BM iwerewolffleemod
	BM iwerewolfleveltoattack
	BM seditnote
	BM seffectsummoncreature01
	BM seffectsummoncreature02
	BM seffectsummoncreature03
	BM seffectsummoncreature04
	BM seffectsummoncreature05
	BM smagiccreature01id
	BM smagiccreature02id
	BM smagiccreature03id
	BM smagiccreature04id
	BM smagiccreature05id
	BM swerewolfalarmmessage
	BM swerewolfpopup
	BM swerewolfrefusal
	BM swerewolfrestmessage
	TB scompanionshare
	TB scompanionwarningbuttonone
	TB scompanionwarningbuttontwo
	TB scompanionwarningmessage
	TB sdeletenote
	TB seffectsummonfabricant
	TB slevitatedisabled
	TB smagicfabricantid
	TB smaxsale
	TB sprofitvalue
	TB steleportdisabled
    [OVR-REC] Overridden Records:
	From Master         Type    Name
	morrowind.esm       DIAL    report to caius cosades
	tribunal.esm        DIAL    a1_1_findspymaster
	tribunal.esm        GMST    fcombatdistancewerewolfmod
	tribunal.esm        GMST    ffleedistance
	tribunal.esm        GMST    fwerewolfacrobatics
	tribunal.esm        GMST    fwerewolfagility
	tribunal.esm        GMST    fwerewolfalchemy
	tribunal.esm        GMST    fwerewolfalteration
	tribunal.esm        GMST    fwerewolfarmorer
	tribunal.esm        GMST    fwerewolfathletics
	tribunal.esm        GMST    fwerewolfaxe
	tribunal.esm        GMST    fwerewolfblock
	tribunal.esm        GMST    fwerewolfbluntweapon
	tribunal.esm        GMST    fwerewolfconjuration
	tribunal.esm        GMST    fwerewolfdestruction
	tribunal.esm        GMST    fwerewolfenchant
	tribunal.esm        GMST    fwerewolfendurance
	tribunal.esm        GMST    fwerewolffatigue
	tribunal.esm        GMST    fwerewolfhandtohand
	tribunal.esm        GMST    fwerewolfhealth
	tribunal.esm        GMST    fwerewolfheavyarmor
	tribunal.esm        GMST    fwerewolfillusion
	tribunal.esm        GMST    fwerewolfintellegence
	tribunal.esm        GMST    fwerewolflightarmor
	tribunal.esm        GMST    fwerewolflongblade
	tribunal.esm        GMST    fwerewolfluck
	tribunal.esm        GMST    fwerewolfmagicka
	tribunal.esm        GMST    fwerewolfmarksman
	tribunal.esm        GMST    fwerewolfmediumarmor
	tribunal.esm        GMST    fwerewolfmerchantile
	tribunal.esm        GMST    fwerewolfmysticism
	tribunal.esm        GMST    fwerewolfpersonality
	tribunal.esm        GMST    fwerewolfrestoration
	tribunal.esm        GMST    fwerewolfrunmult
	tribunal.esm        GMST    fwerewolfsecurity
	tribunal.esm        GMST    fwerewolfshortblade
	tribunal.esm        GMST    fwerewolfsilverweapondamagemult
	tribunal.esm        GMST    fwerewolfsneak
	tribunal.esm        GMST    fwerewolfspear
	tribunal.esm        GMST    fwerewolfspeechcraft
	tribunal.esm        GMST    fwerewolfspeed
	tribunal.esm        GMST    fwerewolfstrength
	tribunal.esm        GMST    fwerewolfunarmored
	tribunal.esm        GMST    fwerewolfwillpower
	tribunal.esm        GMST    iwerewolfbounty
	tribunal.esm        GMST    iwerewolffightmod
	tribunal.esm        GMST    iwerewolffleemod
	tribunal.esm        GMST    iwerewolfleveltoattack
	tribunal.esm        GMST    scompanionshare
	tribunal.esm        GMST    scompanionwarningbuttonone
	tribunal.esm        GMST    scompanionwarningbuttontwo
	tribunal.esm        GMST    scompanionwarningmessage
	tribunal.esm        GMST    sdeletenote
	tribunal.esm        GMST    seditnote
	tribunal.esm        GMST    seffectsummoncreature01
	tribunal.esm        GMST    seffectsummoncreature02
	tribunal.esm        GMST    seffectsummoncreature03
	tribunal.esm        GMST    seffectsummoncreature04
	tribunal.esm        GMST    seffectsummoncreature05
	tribunal.esm        GMST    seffectsummonfabricant
	tribunal.esm        GMST    slevitatedisabled
	tribunal.esm        GMST    smagiccreature01id
	tribunal.esm        GMST    smagiccreature02id
	tribunal.esm        GMST    smagiccreature03id
	tribunal.esm        GMST    smagiccreature04id
	tribunal.esm        GMST    smagiccreature05id
	tribunal.esm        GMST    smagicfabricantid
	tribunal.esm        GMST    smaxsale
	tribunal.esm        GMST    sprofitvalue
	tribunal.esm        GMST    steleportdisabled
	tribunal.esm        GMST    swerewolfalarmmessage
	tribunal.esm        GMST    swerewolfpopup
	tribunal.esm        GMST    swerewolfrefusal
	tribunal.esm        GMST    swerewolfrestmessage

[MOD-INF]: ID=43741759216181215(Topic:report to caius cosades)
  morrowind.esm------------->|DATA|ONAM:caius cosades|NAME:Yes. Very interesting. So. It says here the Emperor wants me to make you a Novice in the Blades. And that means you'll be following my orders. Are you ready to follow my orders, %PCName?|SCVR:01500|INTV|SCVR:14JX4A1_2_AntabolisInformant|INTV|BNAM:Player->RemoveItem, "bk_A1_1_CaiusPackage", 1  Choice, "Yes", 3, "No", 4
  Refuse the Main Quest.ESP->|DATA|ONAM:caius cosades|NAME:Yes. Very interesting. So. It says here the Emperor wants me to make you a Novice in the Blades. And that means you'll be following my orders. Are you ready to follow my orders, %PCName?|SCVR:01500|INTV|SCVR:14JX4A1_2_AntabolisInformant|INTV|BNAM:Player->RemoveItem, "bk_A1_1_CaiusPackage", 1  Choice, "Yes", 3, "No, I do not wish to join your organization.", 4

[MOD-INF]: ID=196929754891015386(Topic:report to caius cosades)
  morrowind.esm------------->|DATA|ONAM:caius cosades|NAME:Are you ready to join the Blades and follow my orders, as the Emperor commands?|SCVR:04JX4A1_2_AntabolisInformant|INTV|SCVR:34JX3A1_1_FindSpymaster|INTV|BNAM:Choice, "Yes", 3, "No", 4
  Refuse the Main Quest.ESP->|DATA|ONAM:caius cosades|NAME:Are you ready to join the Blades and follow my orders, as the Emperor commands?|SCVR:04JX4A1_2_AntabolisInformant|INTV|SCVR:34JX3A1_1_FindSpymaster|INTV|BNAM:Choice, "Yes", 3, "I already told you that I do not want to join the Blades.", 4

[MOD-INF]: ID=2770528437160922231(Topic:report to caius cosades)
  morrowind.esm------------->|DATA|ONAM:caius cosades|NAME:Fine. Then get out of here, and come back when you are ready.|SCVR:01500|INTV|SCVR:14JX4A1_2_AntabolisInformant|INTV|BNAM:Journal, "A1_1_FindSpymaster", 12  ModDisposition, -10  Goodbye
  Refuse the Main Quest.ESP->|DATA|ONAM:caius cosades|NAME:Fine. But since you know that I belong to the Blades, you shall not be allowed to live.|SCVR:01500|INTV|SCVR:14JX4A1_2_AntabolisInformant|INTV|BNAM:Journal, "A1_1_FindSpymaster", 12  ModDisposition, -100  SetFight 100  StartCombat Player  Goodbye

[MOD-INF]: ID=2850831940103411378(Journal:a1_1_findspymaster)
  morrowind.esm------------->|DATA|NAME:I gave Caius Cosades the package of documents. Caius Cosades says the Emperor wants me inducted into the Blades, the Imperial Intelligence service, with the rank of Novice. Caius Cosades would be my Spymaster, and I would follow his orders. Should I do as the Emperor commands? I'm not sure... I want to think about it.
  Refuse the Main Quest.ESP->|DATA|NAME:I gave Caius Cosades the package of documents. Caius Cosades says the Emperor wants me inducted into the Blades, the Imperial Intelligence service, with the rank of Novice. Caius Cosades would be my Spymaster, and I would follow his orders. I refused it however, because I do not want to serve the Emperor after what he had done with me. I am free now to explore Morrowind, and do whatever I want with my life.|QSTF
