Respawning Travel Service Providers.ESP: DUP-REC JUNKCEL MISSAUT MISSDSC MISSVER OVR-REC
    [JUNKCEL] Junk Cells:                        Flags
	Ascadian Isles Region (2, -14)           0x02
    [OVR-REC] Overridden Records:
	From Master         Type    Name
	bloodmoon.esm       NPC_    basks_in_the_sun
	bloodmoon.esm       NPC_    s'virr
	bloodmoon.esm       NPC_    veresa alver
	morrowind.esm       NPC_    adondasi sadalvel
	morrowind.esm       NPC_    ano andaram
	morrowind.esm       NPC_    aren maren
	morrowind.esm       NPC_    baleni salavel
	morrowind.esm       NPC_    dalse adren
	morrowind.esm       NPC_    daras aryon
	morrowind.esm       NPC_    darvame hleran
	morrowind.esm       NPC_    daynas darys
	morrowind.esm       NPC_    devas irano
	morrowind.esm       NPC_    dilami androm
	morrowind.esm       NPC_    emelia duronia
	morrowind.esm       NPC_    erranil
	morrowind.esm       NPC_    fendryn drelvi
	morrowind.esm       NPC_    flacassia fauseius
	morrowind.esm       NPC_    folsi thendas
	morrowind.esm       NPC_    gals arethi
	morrowind.esm       NPC_    haema farseer
	morrowind.esm       NPC_    iniel
	morrowind.esm       NPC_    masalinie merian
	morrowind.esm       NPC_    navam veran
	morrowind.esm       NPC_    nevosi hlan
	morrowind.esm       NPC_    nireli farys
	morrowind.esm       NPC_    punibi yahaz
	morrowind.esm       NPC_    sedyni veran
	morrowind.esm       NPC_    seldus nerendus
	morrowind.esm       NPC_    selvil sareloth
	morrowind.esm       NPC_    talmeni drethan
	morrowind.esm       NPC_    talsi uvayn
	morrowind.esm       NPC_    tonas telvani
	morrowind.esm       NPC_    valveli arelas
	tribunal.esm        NPC_    asciene rane
	tribunal.esm        NPC_    effe_tei
