RockyRedMountain1.1 (2).ESP: DUP-REC MASTERS MISSAUT MISSDSC MISSVER NUMRECS OVR-REC
    MASTERS: out of sync with the masters installed in your Data Files directory:
	Morrowind.esm               79764287 (plugin)   79837557 (installed size)
	Tribunal.esm                 6616539 (plugin)    4565686 (installed size)
	Bloodmoon.esm               11799703 (plugin)    9631798 (installed size)
    [NUMRECS]: number of records in TES3.HEDR (404) != Actual count (395)
    [OVR-REC] Overridden Records:
	From Master         Type    Name
	bloodmoon.esm       LTEX    rm_rock_03
	bloodmoon.esm       LTEX    sand_02
	morrowind.esm       LAND    (-1, 10)
	morrowind.esm       LAND    (-1, 11)
	morrowind.esm       LAND    (-1, 12)
	morrowind.esm       LAND    (-1, 13)
	morrowind.esm       LAND    (-1, 14)
	morrowind.esm       LAND    (-1, 4)
	morrowind.esm       LAND    (-1, 5)
	morrowind.esm       LAND    (-1, 6)
	morrowind.esm       LAND    (-1, 7)
	morrowind.esm       LAND    (-1, 8)
	morrowind.esm       LAND    (-1, 9)
	morrowind.esm       LAND    (-2, 10)
	morrowind.esm       LAND    (-2, 11)
	morrowind.esm       LAND    (-2, 12)
	morrowind.esm       LAND    (-2, 13)
	morrowind.esm       LAND    (-2, 14)
	morrowind.esm       LAND    (-2, 7)
	morrowind.esm       LAND    (-2, 8)
	morrowind.esm       LAND    (-2, 9)
	morrowind.esm       LAND    (-3, 10)
	morrowind.esm       LAND    (-3, 11)
	morrowind.esm       LAND    (-3, 12)
	morrowind.esm       LAND    (-3, 13)
	morrowind.esm       LAND    (-3, 14)
	morrowind.esm       LAND    (-3, 8)
	morrowind.esm       LAND    (-4, 10)
	morrowind.esm       LAND    (-4, 11)
	morrowind.esm       LAND    (-4, 12)
	morrowind.esm       LAND    (-4, 13)
	morrowind.esm       LAND    (-4, 14)
	morrowind.esm       LAND    (-4, 15)
	morrowind.esm       LAND    (-4, 16)
	morrowind.esm       LAND    (-5, 11)
	morrowind.esm       LAND    (-5, 12)
	morrowind.esm       LAND    (-5, 13)
	morrowind.esm       LAND    (-5, 14)
	morrowind.esm       LAND    (-5, 15)
	morrowind.esm       LAND    (-5, 16)
	morrowind.esm       LAND    (-6, 14)
	morrowind.esm       LAND    (-6, 15)
	morrowind.esm       LAND    (-6, 16)
	morrowind.esm       LAND    (-6, 17)
	morrowind.esm       LAND    (-6, 18)
	morrowind.esm       LAND    (-7, 17)
	morrowind.esm       LAND    (-7, 18)
	morrowind.esm       LAND    (0, -1)
	morrowind.esm       LAND    (0, -2)
	morrowind.esm       LAND    (0, 0)
	morrowind.esm       LAND    (0, 1)
	morrowind.esm       LAND    (0, 10)
	morrowind.esm       LAND    (0, 11)
	morrowind.esm       LAND    (0, 12)
	morrowind.esm       LAND    (0, 13)
	morrowind.esm       LAND    (0, 2)
	morrowind.esm       LAND    (0, 3)
	morrowind.esm       LAND    (0, 4)
	morrowind.esm       LAND    (0, 5)
	morrowind.esm       LAND    (0, 6)
	morrowind.esm       LAND    (0, 7)
	morrowind.esm       LAND    (0, 8)
	morrowind.esm       LAND    (0, 9)
	morrowind.esm       LAND    (1, -1)
	morrowind.esm       LAND    (1, -2)
	morrowind.esm       LAND    (1, 0)
	morrowind.esm       LAND    (1, 1)
	morrowind.esm       LAND    (1, 10)
	morrowind.esm       LAND    (1, 11)
	morrowind.esm       LAND    (1, 12)
	morrowind.esm       LAND    (1, 2)
	morrowind.esm       LAND    (1, 3)
	morrowind.esm       LAND    (1, 4)
	morrowind.esm       LAND    (1, 5)
	morrowind.esm       LAND    (1, 6)
	morrowind.esm       LAND    (1, 7)
	morrowind.esm       LAND    (1, 8)
	morrowind.esm       LAND    (1, 9)
	morrowind.esm       LAND    (2, 1)
	morrowind.esm       LAND    (2, 10)
	morrowind.esm       LAND    (2, 11)
	morrowind.esm       LAND    (2, 2)
	morrowind.esm       LAND    (2, 3)
	morrowind.esm       LAND    (2, 4)
	morrowind.esm       LAND    (2, 5)
	morrowind.esm       LAND    (2, 6)
	morrowind.esm       LAND    (2, 7)
	morrowind.esm       LAND    (2, 8)
	morrowind.esm       LAND    (2, 9)
	morrowind.esm       LAND    (3, 0)
	morrowind.esm       LAND    (3, 1)
	morrowind.esm       LAND    (3, 11)
	morrowind.esm       LAND    (3, 2)
	morrowind.esm       LAND    (3, 3)
	morrowind.esm       LAND    (3, 4)
	morrowind.esm       LAND    (3, 5)
	morrowind.esm       LAND    (3, 6)
	morrowind.esm       LAND    (3, 7)
	morrowind.esm       LAND    (3, 8)
	morrowind.esm       LAND    (3, 9)
	morrowind.esm       LAND    (4, 0)
	morrowind.esm       LAND    (4, 10)
	morrowind.esm       LAND    (4, 11)
	morrowind.esm       LAND    (4, 2)
	morrowind.esm       LAND    (4, 3)
	morrowind.esm       LAND    (4, 4)
	morrowind.esm       LAND    (4, 7)
	morrowind.esm       LAND    (4, 8)
	morrowind.esm       LAND    (4, 9)
	morrowind.esm       LAND    (5, 0)
	morrowind.esm       LAND    (5, 10)
	morrowind.esm       LAND    (5, 11)
	morrowind.esm       LAND    (5, 3)
	morrowind.esm       LAND    (5, 4)
	morrowind.esm       LAND    (5, 5)
	morrowind.esm       LAND    (5, 8)
	morrowind.esm       LAND    (5, 9)
	morrowind.esm       LAND    (6, 10)
	morrowind.esm       LAND    (6, 4)
	morrowind.esm       LAND    (6, 5)
	morrowind.esm       LAND    (6, 6)
	morrowind.esm       LAND    (7, 10)
	morrowind.esm       LAND    (7, 6)
	morrowind.esm       LTEX    al_ash_01
	morrowind.esm       LTEX    al_ash_02
	morrowind.esm       LTEX    al_ash_03
	morrowind.esm       LTEX    al_ash_04
	morrowind.esm       LTEX    al_road_01
	morrowind.esm       LTEX    daedric stone
	morrowind.esm       LTEX    daedric_scrubruins
	morrowind.esm       LTEX    ma_crackedearth
	morrowind.esm       LTEX    ma_lava
	morrowind.esm       LTEX    ma_lava02
	morrowind.esm       LTEX    ma_lava03
	morrowind.esm       LTEX    ma_lava04
	morrowind.esm       LTEX    ma_lava05
	morrowind.esm       LTEX    ma_lava06
	morrowind.esm       LTEX    ma_lavaflow
	morrowind.esm       LTEX    ma_lavarock
	morrowind.esm       LTEX    ma_rock04
	morrowind.esm       LTEX    ma_sulphur_rock01
	morrowind.esm       LTEX    ma_sulphur_rock06
	morrowind.esm       LTEX    ma_sulphur_rock07
	morrowind.esm       LTEX    ma_sulphur_rock09
	morrowind.esm       LTEX    rm_redrock
	morrowind.esm       LTEX    rm_rock_02
	morrowind.esm       LTEX    rm_whiterock
	morrowind.esm       LTEX    wg_rock
	morrowind.esm       LTEX    wg_rockydirt
	morrowind.esm       LTEX    wg_rockyscrub
	morrowind.esm       LTEX    wg_scrub plain
	tribunal.esm        LTEX    rm_grayrock
	tribunal.esm        LTEX    rm_rock_01
