RP_BTB - Wearables.ESP: DUP-REC MASTERS MISSAUT MISSDSC MISSVER OVR-REC
    MASTERS: out of sync with the masters installed in your Data Files directory:
	Tamriel_Data.esm             8787443 (plugin)   11064795 (installed size)
	OAAB_Data.esm                1260543 (plugin)    1567893 (installed size)
	Vanilla friendly wearables expansion.esm    1096356 (plugin)    1220499 (installed size)
    [OVR-REC] Overridden Records:
	From Master         Type    Name
	tribunal.esm        ARMO    chitin cuirass
	vanilla friendly wearables expansion.esm    ARMO    1ba_boots
	vanilla friendly wearables expansion.esm    ARMO    1ba_bracer_left
	vanilla friendly wearables expansion.esm    ARMO    1ba_cuirass
	vanilla friendly wearables expansion.esm    ARMO    1ba_cuirass02
	vanilla friendly wearables expansion.esm    ARMO    1ba_greaves
	vanilla friendly wearables expansion.esm    ARMO    1ba_guantlet_right
	vanilla friendly wearables expansion.esm    ARMO    1ba_helm
	vanilla friendly wearables expansion.esm    ARMO    1ba_pauldron_left
	vanilla friendly wearables expansion.esm    ARMO    1ba_pauldron_right
	vanilla friendly wearables expansion.esm    ARMO    _ar_indhelm
	vanilla friendly wearables expansion.esm    ARMO    _ar_indoril helmet2
	vanilla friendly wearables expansion.esm    ARMO    _ar_indrobe1
	vanilla friendly wearables expansion.esm    ARMO    _ar_indrobe_nc1
	vanilla friendly wearables expansion.esm    ARMO    _ar_pauldron left
	vanilla friendly wearables expansion.esm    ARMO    _ar_pauldron right
	vanilla friendly wearables expansion.esm    ARMO    _arindoril
	vanilla friendly wearables expansion.esm    ARMO    _arindoril2
	vanilla friendly wearables expansion.esm    ARMO    _arindoril_hood
	vanilla friendly wearables expansion.esm    ARMO    _arindoril_hood&mask
	vanilla friendly wearables expansion.esm    ARMO    _rv_adamantium boots
	vanilla friendly wearables expansion.esm    ARMO    _rv_adamantium_cuirass
	vanilla friendly wearables expansion.esm    ARMO    _rv_adamantium_cuirass 2
	vanilla friendly wearables expansion.esm    ARMO    _rv_adamantium_gauntlet_left
	vanilla friendly wearables expansion.esm    ARMO    _rv_adamantium_gauntlet_right
	vanilla friendly wearables expansion.esm    ARMO    _rv_adamantium_greaves
	vanilla friendly wearables expansion.esm    ARMO    _rv_adamantium_helmet
	vanilla friendly wearables expansion.esm    ARMO    _rv_adamantium_pauldron_left
	vanilla friendly wearables expansion.esm    ARMO    _rv_adamantium_pauldron_right
	vanilla friendly wearables expansion.esm    ARMO    _rv_adamantium_robe_left
	vanilla friendly wearables expansion.esm    ARMO    _rv_adamantium_robe_right
	vanilla friendly wearables expansion.esm    ARMO    chitin cuirass ash
	vanilla friendly wearables expansion.esm    ARMO    chitin cuirass ba
	vanilla friendly wearables expansion.esm    ARMO    chitin cuirass n
	vanilla friendly wearables expansion.esm    ARMO    chitin cuirass r
	vanilla friendly wearables expansion.esm    ARMO    chitin cuirass s
	vanilla friendly wearables expansion.esm    ARMO    dnk_atro_boots
	vanilla friendly wearables expansion.esm    ARMO    dnk_atro_cuirass
	vanilla friendly wearables expansion.esm    ARMO    dnk_atro_gauntlet_l
	vanilla friendly wearables expansion.esm    ARMO    dnk_atro_gauntlet_r
	vanilla friendly wearables expansion.esm    ARMO    dnk_atro_greaves
	vanilla friendly wearables expansion.esm    ARMO    dnk_atro_helm
	vanilla friendly wearables expansion.esm    ARMO    dnk_atro_p_left
	vanilla friendly wearables expansion.esm    ARMO    dnk_atro_p_right
	vanilla friendly wearables expansion.esm    ARMO    dnk_ceph_bts
	vanilla friendly wearables expansion.esm    ARMO    dnk_ceph_cuirass
	vanilla friendly wearables expansion.esm    ARMO    dnk_ceph_gaunt_l
	vanilla friendly wearables expansion.esm    ARMO    dnk_ceph_gaunt_r
	vanilla friendly wearables expansion.esm    ARMO    dnk_ceph_greaves
	vanilla friendly wearables expansion.esm    ARMO    dnk_duke_cuirass
	vanilla friendly wearables expansion.esm    ARMO    dnk_duke_p_left
	vanilla friendly wearables expansion.esm    ARMO    dnk_duke_p_right
	vanilla friendly wearables expansion.esm    ARMO    dnk_dwem_boots
	vanilla friendly wearables expansion.esm    ARMO    dnk_dwem_cuirass
	vanilla friendly wearables expansion.esm    ARMO    dnk_dwem_grv
	vanilla friendly wearables expansion.esm    ARMO    dnk_dwem_l_gaunt
	vanilla friendly wearables expansion.esm    ARMO    dnk_dwem_l_pauldron
	vanilla friendly wearables expansion.esm    ARMO    dnk_dwem_mask
	vanilla friendly wearables expansion.esm    ARMO    dnk_dwem_r_gaunt
	vanilla friendly wearables expansion.esm    ARMO    dnk_dwem_r_pauldron
	vanilla friendly wearables expansion.esm    ARMO    dnk_mandas_cuirass
	vanilla friendly wearables expansion.esm    ARMO    dnk_mandas_p_left
	vanilla friendly wearables expansion.esm    ARMO    dnk_mandas_p_right
	vanilla friendly wearables expansion.esm    ARMO    dnk_qor_cuirass
	vanilla friendly wearables expansion.esm    ARMO    dnk_qor_p_left
	vanilla friendly wearables expansion.esm    ARMO    dnk_qor_p_right
	vanilla friendly wearables expansion.esm    ARMO    dnk_sala_cuirass
	vanilla friendly wearables expansion.esm    ARMO    dnk_sala_p_left
	vanilla friendly wearables expansion.esm    ARMO    dnk_sala_p_right
	vanilla friendly wearables expansion.esm    ARMO    dnk_seanwen_cuirass
	vanilla friendly wearables expansion.esm    ARMO    dnk_seanwen_p_left
	vanilla friendly wearables expansion.esm    ARMO    dnk_seanwen_p_right
	vanilla friendly wearables expansion.esm    ARMO    glass_arm_helmet
	vanilla friendly wearables expansion.esm    ARMO    glass_arm_shield
	vanilla friendly wearables expansion.esm    ARMO    hg_a_od_sk_hshield
	vanilla friendly wearables expansion.esm    ARMO    ley_hircine_boots
	vanilla friendly wearables expansion.esm    ARMO    ley_hircine_mask
	vanilla friendly wearables expansion.esm    ARMO    mwc_a_de_brcrl_mwc6_2_t
	vanilla friendly wearables expansion.esm    ARMO    mwc_a_de_brcrl_mwc6_4_t
	vanilla friendly wearables expansion.esm    ARMO    mwc_a_de_brcrr_mwc6_2_t
	vanilla friendly wearables expansion.esm    ARMO    mwc_a_de_brcrr_mwc6_4_t
	vanilla friendly wearables expansion.esm    ARMO    rdaa_a_de_bt_mwc1_5_gnd
	vanilla friendly wearables expansion.esm    ARMO    rdaa_a_de_bt_mwc3_1_gnd
	vanilla friendly wearables expansion.esm    ARMO    rdaa_a_de_c_mwc1_5f_gnd
	vanilla friendly wearables expansion.esm    ARMO    rdaa_a_de_cuir_mwc1_2_gnd
	vanilla friendly wearables expansion.esm    ARMO    rdaa_a_de_cuir_mwc1_2egnd
	vanilla friendly wearables expansion.esm    ARMO    rdaa_a_de_cuir_mwc1_5_gnd
	vanilla friendly wearables expansion.esm    ARMO    rdaa_a_de_cuir_mwc2_10a_gnd
	vanilla friendly wearables expansion.esm    ARMO    rdaa_a_de_cuir_mwc2_10b_gnd
	vanilla friendly wearables expansion.esm    ARMO    rdaa_a_de_cuir_mwc2_9_gnd
	vanilla friendly wearables expansion.esm    ARMO    rdaa_a_de_cuir_mwc2_9d_gnd
	vanilla friendly wearables expansion.esm    ARMO    rdaa_a_de_cuir_mwc3_10f_g
	vanilla friendly wearables expansion.esm    ARMO    rdaa_a_de_cuir_mwc_12_5_gnd
	vanilla friendly wearables expansion.esm    ARMO    rdaa_a_de_helm_mwc2_3b_gnd
	vanilla friendly wearables expansion.esm    ARMO    rdaa_a_de_helm_mwc9_2c_gnd
	vanilla friendly wearables expansion.esm    ARMO    rdaa_a_de_pldual_mwc_cr2
	vanilla friendly wearables expansion.esm    ARMO    rdaa_a_de_pldual_mwc_cr5d
	vanilla friendly wearables expansion.esm    ARMO    rdaa_a_de_plduar_mwc_cr2
	vanilla friendly wearables expansion.esm    ARMO    rdaa_a_de_plduar_mwc_cr5d
	vanilla friendly wearables expansion.esm    ARMO    rdaa_a_de_shield_mwc3_0a_g
	vanilla friendly wearables expansion.esm    ARMO    rdaa_a_de_shield_mwc3_0b_g
	vanilla friendly wearables expansion.esm    ARMO    rdaa_a_racer2_gl_gnd
	vanilla friendly wearables expansion.esm    ARMO    rdaa_a_racer2_gr_gnd
	vanilla friendly wearables expansion.esm    ARMO    rdaa_a_racer_gl_gnd
	vanilla friendly wearables expansion.esm    ARMO    rdaa_a_racer_gr_gnd
	vanilla friendly wearables expansion.esm    CLOT    rdaa_c_skirt_bag01cd_gnd
	vanilla friendly wearables expansion.esm    CLOT    rdaa_c_skirt_bag01de_gnd
	vanilla friendly wearables expansion.esm    CLOT    rdaa_c_skirt_bag03ee_gnd
	vanilla friendly wearables expansion.esm    CLOT    rdaa_c_skirt_bag03ff_gnd
	vanilla friendly wearables expansion.esm    CLOT    rdaa_c_skirt_bag05d_gnd
	vanilla friendly wearables expansion.esm    CLOT    rdaa_c_skirt_bag05e_gnd
	vanilla friendly wearables expansion.esm    CLOT    rdaa_c_skirt_com14e_mwc_gnd
	vanilla friendly wearables expansion.esm    CLOT    rdaa_c_skirt_com14f_mwc_gnd
	vanilla friendly wearables expansion.esm    CLOT    rdaa_c_skirt_com15b_mwc_gnd
	vanilla friendly wearables expansion.esm    CLOT    rdaa_c_skirt_com15d_mwc_gnd
	vanilla friendly wearables expansion.esm    CLOT    rdaa_c_skirt_com16e_mwc_gnd
	vanilla friendly wearables expansion.esm    CLOT    rdaa_c_skirt_com22_mwc_gnd
	vanilla friendly wearables expansion.esm    WEAP    daedric_concept_sword
	vanilla friendly wearables expansion.esm    WEAP    ebony dai-katana
	vanilla friendly wearables expansion.esm    WEAP    ebony katana
	vanilla friendly wearables expansion.esm    WEAP    ebony tanto
	vanilla friendly wearables expansion.esm    WEAP    ebony wakizashi
