RP_SGOTN_AssumanuAndavel_Patch.ESP: DUP-REC JUNKCEL MASTERS MISSAUT MISSDSC MISSVER
    MASTERS: out of sync with the masters installed in your Data Files directory:
	Tamriel_Data.esm             8787443 (plugin)   11064795 (installed size)
	OAAB_Data.esm                1384891 (plugin)    1567893 (installed size)
    [JUNKCEL] Junk Cells:                        Flags
	Sheogorad (-1, 20)                       0x02
	Sheogorad (-1, 21)                       0x02
	Sheogorad (-1, 22)                       0x02
	Sheogorad (-1, 23)                       0x02
	Sheogorad (-1, 25)                       0x02
	Sheogorad (-2, 20)                       0x02
	Sheogorad (-2, 21)                       0x02
	Sheogorad (-2, 22)                       0x02
	Sheogorad (-2, 23)                       0x02
	Sheogorad (-2, 24)                       0x02
	Sheogorad (-3, 19)                       0x02
	Sheogorad (-3, 21)                       0x02
	Sheogorad (-3, 22)                       0x02
	Sheogorad (-3, 24)                       0x02
	Sheogorad (-3, 25)                       0x02
	Sheogorad (-3, 26)                       0x02
	Sheogorad (-4, 20)                       0x02
	Sheogorad (-4, 22)                       0x02
	Sheogorad (-4, 23)                       0x02
	Sheogorad (-4, 24)                       0x02
	Sheogorad (-4, 25)                       0x02
	Sheogorad (-5, 20)                       0x02
	Sheogorad (-5, 21)                       0x02
	Sheogorad (-5, 22)                       0x02
	Sheogorad (-5, 23)                       0x02
	Sheogorad (-5, 24)                       0x02
	Sheogorad (0, 19)                        0x02
	Sheogorad (0, 20)                        0x02
	Sheogorad (0, 21)                        0x02
	Sheogorad (0, 23)                        0x02
	Sheogorad (0, 24)                        0x02
	Sheogorad (1, 19)                        0x02
	Sheogorad (1, 20)                        0x02
	Sheogorad (1, 22)                        0x02
	Sheogorad (1, 23)                        0x02
	Sheogorad (1, 24)                        0x02
	Sheogorad (2, 18)                        0x02
	Sheogorad (2, 19)                        0x02
	Sheogorad (2, 20)                        0x02
	Sheogorad (2, 21)                        0x02
	Sheogorad (2, 22)                        0x02
	Sheogorad (2, 23)                        0x02
	Sheogorad (2, 24)                        0x02
	Sheogorad (3, 18)                        0x02
	Sheogorad (3, 19)                        0x02
	Sheogorad (3, 20)                        0x02
	Sheogorad (3, 21)                        0x02
	Sheogorad (3, 22)                        0x02
	Sheogorad (3, 23)                        0x02
	Sheogorad (3, 24)                        0x02
	Sheogorad (3, 25)                        0x02
	Sheogorad (3, 26)                        0x02
	Sheogorad (4, 18)                        0x02
	Sheogorad (4, 19)                        0x02
	Sheogorad (4, 20)                        0x02
	Sheogorad (4, 21)                        0x02
	Sheogorad (4, 22)                        0x02
	Sheogorad (4, 23)                        0x02
	Sheogorad (4, 24)                        0x02
	Sheogorad (4, 25)                        0x02
	Sheogorad (4, 26)                        0x02
	Sheogorad (5, 17)                        0x02
	Sheogorad (5, 18)                        0x02
	Sheogorad (5, 19)                        0x02
	Sheogorad (5, 20)                        0x02
	Sheogorad (5, 21)                        0x02
	Sheogorad (5, 22)                        0x02
	Sheogorad (5, 23)                        0x02
	Sheogorad (5, 24)                        0x02
	Sheogorad (5, 26)                        0x02
	Sheogorad (6, 16)                        0x02
	Sheogorad (6, 17)                        0x02
	Sheogorad (6, 19)                        0x02
	Sheogorad (6, 20)                        0x02
	Sheogorad (6, 22)                        0x02
	Sheogorad (6, 23)                        0x02
	Sheogorad (7, 16)                        0x02
	Sheogorad (7, 17)                        0x02
	Sheogorad (7, 18)                        0x02
	Sheogorad (7, 19)                        0x02
	Sheogorad (7, 20)                        0x02
	Sheogorad (7, 21)                        0x02
	Sheogorad (7, 23)                        0x02
	Sheogorad (7, 24)                        0x02
	Sheogorad (8, 18)                        0x02
	Sheogorad (8, 19)                        0x02
	Sheogorad (8, 20)                        0x02
	Sheogorad (8, 21)                        0x02
	Sheogorad (8, 22)                        0x02
	Sheogorad (8, 23)                        0x02
	Sheogorad (8, 24)                        0x02
	Sheogorad (9, 20)                        0x02
	Sheogorad (9, 21)                        0x02
	Sheogorad (9, 22)                        0x02
	Sheogorad (9, 23)                        0x02
    [DUP-REC] Duplicate Records:
	From Master         Type    Name
	tribunal.esm        DOOR    ex_cave_door_01
