RPGfun Equip Overhaul - TR Patch.ESP: DUP-REC MASTERS MISSAUT MISSDSC MISSVER OVR-REC
    MASTERS: out of sync with the masters installed in your Data Files directory:
	Tamriel_Data.esm             7344508 (plugin)   11064795 (installed size)
	TR_Mainland.esm            110316644 (plugin)  163244128 (installed size)
    [DUP-REC] Duplicate Records:
	From Master         Type    Name
	morrowind.esm       WEAP    we_temreki
	tamriel_data.esm    ARMO    t_aka_regular_shield_01
	tamriel_data.esm    ARMO    t_imp_colbronzeold_helm_01
	tamriel_data.esm    WEAP    t_com_var_harpoon_heartsting
    [OVR-REC] Overridden Records:
	From Master         Type    Name
	bloodmoon.esm       CLOT    ulfgar_ring
	tamriel_data.esm    ARMO    t_arg_hist_cuirass_01
	tamriel_data.esm    ARMO    t_arg_hist_cuirass_freedom
	tamriel_data.esm    ARMO    t_arg_hist_cuirass_visitor
	tamriel_data.esm    ARMO    t_ayl_saliache_boots_01
	tamriel_data.esm    ARMO    t_ayl_saliache_bracerl_01
	tamriel_data.esm    ARMO    t_ayl_saliache_bracerr_01
	tamriel_data.esm    ARMO    t_ayl_saliache_cuirass_01
	tamriel_data.esm    ARMO    t_ayl_saliache_greaves_01
	tamriel_data.esm    ARMO    t_ayl_saliache_helm_01
	tamriel_data.esm    ARMO    t_ayl_saliache_pauldronl_01
	tamriel_data.esm    ARMO    t_ayl_saliache_pauldronr_01
	tamriel_data.esm    ARMO    t_bre_bjoulsaefur_helm_01
	tamriel_data.esm    ARMO    t_bre_woodenheater_shield_01
	tamriel_data.esm    ARMO    t_bre_woodenheater_shield_02
	tamriel_data.esm    ARMO    t_bre_woodenheater_shield_03
	tamriel_data.esm    ARMO    t_bre_woodenheater_shield_04
	tamriel_data.esm    ARMO    t_bre_woodenheater_shield_05
	tamriel_data.esm    ARMO    t_bre_woodenheater_shield_06
	tamriel_data.esm    ARMO    t_bre_woodenheater_shield_07
	tamriel_data.esm    ARMO    t_bre_woodenheater_shield_08
	tamriel_data.esm    ARMO    t_bre_woodenheater_shield_09
	tamriel_data.esm    ARMO    t_bre_woodenheater_shield_10
	tamriel_data.esm    ARMO    t_bre_woodenheater_shield_11
	tamriel_data.esm    ARMO    t_bre_woodenheater_shield_12
	tamriel_data.esm    ARMO    t_com_chain_cuirass_01
	tamriel_data.esm    ARMO    t_com_chain_cuirass_02
	tamriel_data.esm    ARMO    t_com_chain_cuirass_03
	tamriel_data.esm    ARMO    t_com_iron_boots_01
	tamriel_data.esm    ARMO    t_com_iron_boots_02
	tamriel_data.esm    ARMO    t_com_iron_bracerl_01
	tamriel_data.esm    ARMO    t_com_iron_bracerl_02
	tamriel_data.esm    ARMO    t_com_iron_bracerr_01
	tamriel_data.esm    ARMO    t_com_iron_bracerr_02
	tamriel_data.esm    ARMO    t_com_iron_cuirass_01
	tamriel_data.esm    ARMO    t_com_iron_cuirass_02
	tamriel_data.esm    ARMO    t_com_iron_greaves_01
	tamriel_data.esm    ARMO    t_com_iron_greaves_02
	tamriel_data.esm    ARMO    t_com_iron_helm_01
	tamriel_data.esm    ARMO    t_com_iron_helm_02
	tamriel_data.esm    ARMO    t_com_iron_helm_open
	tamriel_data.esm    ARMO    t_com_iron_pauldronl_01
	tamriel_data.esm    ARMO    t_com_iron_pauldronl_02
	tamriel_data.esm    ARMO    t_com_iron_pauldronr_01
	tamriel_data.esm    ARMO    t_com_iron_pauldronr_02
	tamriel_data.esm    ARMO    t_com_ironspike_pauldronl_01
	tamriel_data.esm    ARMO    t_com_ironspike_pauldronr_01
	tamriel_data.esm    ARMO    t_com_steel_cuirass_01
	tamriel_data.esm    ARMO    t_com_steel_cuirass_02
	tamriel_data.esm    ARMO    t_com_steel_cuirass_03
	tamriel_data.esm    ARMO    t_com_steel_cuirass_04
	tamriel_data.esm    ARMO    t_com_steel_helm_01
	tamriel_data.esm    ARMO    t_com_steel_helm_open_01
	tamriel_data.esm    ARMO    t_com_steel_helm_open_02
	tamriel_data.esm    ARMO    t_com_steel_pauldronl_01
	tamriel_data.esm    ARMO    t_com_steel_pauldronl_02
	tamriel_data.esm    ARMO    t_com_steel_pauldronl_03
	tamriel_data.esm    ARMO    t_com_steel_pauldronr_01
	tamriel_data.esm    ARMO    t_com_steel_pauldronr_02
	tamriel_data.esm    ARMO    t_com_steel_pauldronr_03
	tamriel_data.esm    ARMO    t_com_steelspike_pauldronl_01
	tamriel_data.esm    ARMO    t_com_steelspike_pauldronr_01
	tamriel_data.esm    ARMO    t_cr_goblin_helm_01
	tamriel_data.esm    ARMO    t_cr_goblin_pauldronl_01
	tamriel_data.esm    ARMO    t_cr_goblin_pauldronr_01
	tamriel_data.esm    ARMO    t_dae_lord_boots_01
	tamriel_data.esm    ARMO    t_dae_lord_gauntletl_01
	tamriel_data.esm    ARMO    t_dae_lord_gauntletr_01
	tamriel_data.esm    ARMO    t_dae_lord_helm_01
	tamriel_data.esm    ARMO    t_dae_lord_pauldronl_01
	tamriel_data.esm    ARMO    t_dae_lord_pauldronr_01
	tamriel_data.esm    ARMO    t_dae_regular_helmconsolat_01
	tamriel_data.esm    ARMO    t_dae_regular_helmhumiliat_01
	tamriel_data.esm    ARMO    t_dae_regular_helmhumiliat_02
	tamriel_data.esm    ARMO    t_dae_regular_helmrebellion_01
	tamriel_data.esm    ARMO    t_dae_regular_pauldronl_01
	tamriel_data.esm    ARMO    t_dae_regular_pauldronr_01
	tamriel_data.esm    ARMO    t_dae_regular_shieldtower_01
	tamriel_data.esm    ARMO    t_de_bonemold_helmopen_01
	tamriel_data.esm    ARMO    t_de_chitin_helmopen_01
	tamriel_data.esm    ARMO    t_de_chitin_pauldrl_01
	tamriel_data.esm    ARMO    t_de_chitin_pauldrr_01
	tamriel_data.esm    ARMO    t_de_daedrichide_boots_01
	tamriel_data.esm    ARMO    t_de_daedrichide_cuirass_01
	tamriel_data.esm    ARMO    t_de_daedrichide_gauntletl_01
	tamriel_data.esm    ARMO    t_de_daedrichide_gauntletr_01
	tamriel_data.esm    ARMO    t_de_daedrichide_greaves_01
	tamriel_data.esm    ARMO    t_de_daedrichide_pauldronl_01
	tamriel_data.esm    ARMO    t_de_daedrichide_pauldronr_01
	tamriel_data.esm    ARMO    t_de_diviner_helm_01
	tamriel_data.esm    ARMO    t_de_dresbonemold_boots_01
	tamriel_data.esm    ARMO    t_de_dresbonemold_cuirass_01
	tamriel_data.esm    ARMO    t_de_dresbonemold_gauntletl_01
	tamriel_data.esm    ARMO    t_de_dresbonemold_gauntletr_01
	tamriel_data.esm    ARMO    t_de_dresbonemold_greaves_01
	tamriel_data.esm    ARMO    t_de_dresbonemold_helm_01
	tamriel_data.esm    ARMO    t_de_dresbonemold_pauldronl_01
	tamriel_data.esm    ARMO    t_de_dresbonemold_pauldronr_01
	tamriel_data.esm    ARMO    t_de_dresbonemold_shieldtow_01
	tamriel_data.esm    ARMO    t_de_dreshunter_cuirass_01
	tamriel_data.esm    ARMO    t_de_dreshunter_greaves_01
	tamriel_data.esm    ARMO    t_de_dreshunter_helm_01
	tamriel_data.esm    ARMO    t_de_dreshunter_pauldronl_01
	tamriel_data.esm    ARMO    t_de_dreshunter_pauldronr_01
	tamriel_data.esm    ARMO    t_de_dreugh_boots_01
	tamriel_data.esm    ARMO    t_de_dreugh_bracerl_01
	tamriel_data.esm    ARMO    t_de_dreugh_bracerr_01
	tamriel_data.esm    ARMO    t_de_dreugh_greaves_01
	tamriel_data.esm    ARMO    t_de_dreugh_helm_closed
	tamriel_data.esm    ARMO    t_de_dreugh_pauldronl_01
	tamriel_data.esm    ARMO    t_de_dreugh_pauldronl_swim
	tamriel_data.esm    ARMO    t_de_dreugh_pauldronr_01
	tamriel_data.esm    ARMO    t_de_dreugh_pauldronr_swim
	tamriel_data.esm    ARMO    t_de_dreugh_shield_swim
	tamriel_data.esm    ARMO    t_de_ebony_helmopen_01
	tamriel_data.esm    ARMO    t_de_indbonemold_boots_01
	tamriel_data.esm    ARMO    t_de_indbonemold_cuirass_01
	tamriel_data.esm    ARMO    t_de_indbonemold_gauntletl_01
	tamriel_data.esm    ARMO    t_de_indbonemold_gauntletr_01
	tamriel_data.esm    ARMO    t_de_indbonemold_greaves_01
	tamriel_data.esm    ARMO    t_de_indbonemold_helmsaviour_01
	tamriel_data.esm    ARMO    t_de_indbonemold_pauldronl_01
	tamriel_data.esm    ARMO    t_de_indbonemold_pauldronl_02
	tamriel_data.esm    ARMO    t_de_indbonemold_pauldronr_01
	tamriel_data.esm    ARMO    t_de_indbonemold_pauldronr_02
	tamriel_data.esm    ARMO    t_de_indbonemold_shield_01
	tamriel_data.esm    ARMO    t_de_indbonemold_shield_02
	tamriel_data.esm    ARMO    t_de_indbonemold_shield_03
	tamriel_data.esm    ARMO    t_de_indbonemold_shield_04
	tamriel_data.esm    ARMO    t_de_indbonemold_shield_05
	tamriel_data.esm    ARMO    t_de_molecrab_boots_01
	tamriel_data.esm    ARMO    t_de_molecrab_bracerl_01
	tamriel_data.esm    ARMO    t_de_molecrab_bracerr_01
	tamriel_data.esm    ARMO    t_de_molecrab_cuirass_01
	tamriel_data.esm    ARMO    t_de_molecrab_greaves_01
	tamriel_data.esm    ARMO    t_de_molecrab_pauldronl_01
	tamriel_data.esm    ARMO    t_de_molecrab_pauldronr_01
	tamriel_data.esm    ARMO    t_de_necrom_boots_01
	tamriel_data.esm    ARMO    t_de_necrom_cuirass_01
	tamriel_data.esm    ARMO    t_de_necrom_greaves_01
	tamriel_data.esm    ARMO    t_de_necrom_helm_01
	tamriel_data.esm    ARMO    t_de_necrom_pauldronl_01
	tamriel_data.esm    ARMO    t_de_necrom_pauldronr_01
	tamriel_data.esm    ARMO    t_de_necrom_shield_01
	tamriel_data.esm    ARMO    t_de_netch_cuirass_01
	tamriel_data.esm    ARMO    t_de_netch_cuirass_02
	tamriel_data.esm    ARMO    t_de_netch_cuirass_03
	tamriel_data.esm    ARMO    t_de_netch_helm_01
	tamriel_data.esm    ARMO    t_de_netch_helm_02
	tamriel_data.esm    ARMO    t_de_ordinator_greaves_01
	tamriel_data.esm    ARMO    t_de_redherobonemold_cuirass_01
	tamriel_data.esm    ARMO    t_de_redherobonemold_helm_01
	tamriel_data.esm    ARMO    t_de_redherobonemold_helm_02
	tamriel_data.esm    ARMO    t_de_redherobonemold_helm_03
	tamriel_data.esm    ARMO    t_de_redherobonemold_pauldrl_01
	tamriel_data.esm    ARMO    t_de_redherobonemold_pauldrr_01
	tamriel_data.esm    ARMO    t_de_redmastbonemold_cuirass_01
	tamriel_data.esm    ARMO    t_de_redmastbonemold_pauldrl_01
	tamriel_data.esm    ARMO    t_de_redmastbonemold_pauldrr_01
	tamriel_data.esm    ARMO    t_de_redwatchchitin_boots_01
	tamriel_data.esm    ARMO    t_de_redwatchchitin_cuirass_01
	tamriel_data.esm    ARMO    t_de_redwatchchitin_gauntll_01
	tamriel_data.esm    ARMO    t_de_redwatchchitin_gauntlr_01
	tamriel_data.esm    ARMO    t_de_redwatchchitin_greaves_01
	tamriel_data.esm    ARMO    t_de_redwatchchitin_pauldrl_01
	tamriel_data.esm    ARMO    t_de_redwatchchitin_pauldrr_01
	tamriel_data.esm    ARMO    t_de_uni_irfeidsshoulderl
	tamriel_data.esm    ARMO    t_de_uni_irfeidsshoulderr
	tamriel_data.esm    ARMO    t_de_uni_shoulderofghostlightl
	tamriel_data.esm    ARMO    t_de_uni_shoulderofghostlightr
	tamriel_data.esm    ARMO    t_dwe_regular_shieldtower_01
	tamriel_data.esm    ARMO    t_dwe_uni_maskofpurity
	tamriel_data.esm    ARMO    t_he_direnni_boots_01
	tamriel_data.esm    ARMO    t_he_direnni_bracerl_01
	tamriel_data.esm    ARMO    t_he_direnni_bracerr_01
	tamriel_data.esm    ARMO    t_he_direnni_cuirass_01
	tamriel_data.esm    ARMO    t_he_direnni_greaves_01
	tamriel_data.esm    ARMO    t_he_direnni_helm_01
	tamriel_data.esm    ARMO    t_he_direnni_pauldronl_01
	tamriel_data.esm    ARMO    t_he_direnni_pauldronr_01
	tamriel_data.esm    ARMO    t_imp_chain_boots_01
	tamriel_data.esm    ARMO    t_imp_chain_gauntletl_01
	tamriel_data.esm    ARMO    t_imp_chain_gauntletr_02
	tamriel_data.esm    ARMO    t_imp_chainmail_cuirass_01
	tamriel_data.esm    ARMO    t_imp_chainmail_cuirass_02
	tamriel_data.esm    ARMO    t_imp_chainmail_cuirass_03
	tamriel_data.esm    ARMO    t_imp_chainmail_helm_01
	tamriel_data.esm    ARMO    t_imp_chainmail_helm_02
	tamriel_data.esm    ARMO    t_imp_chainmail_helm_03
	tamriel_data.esm    ARMO    t_imp_cm_bootscol_01
	tamriel_data.esm    ARMO    t_imp_cm_bootscol_02
	tamriel_data.esm    ARMO    t_imp_cm_bootscol_03
	tamriel_data.esm    ARMO    t_imp_cm_bootscol_04
	tamriel_data.esm    ARMO    t_imp_cm_hatcolwest_01
	tamriel_data.esm    ARMO    t_imp_colfur_boots_01
	tamriel_data.esm    ARMO    t_imp_colfur_boots_02
	tamriel_data.esm    ARMO    t_imp_colfur_boots_03
	tamriel_data.esm    ARMO    t_imp_colfur_boots_04
	tamriel_data.esm    ARMO    t_imp_colfur_gauntl_01
	tamriel_data.esm    ARMO    t_imp_colfur_gauntl_02
	tamriel_data.esm    ARMO    t_imp_colfur_gauntl_03
	tamriel_data.esm    ARMO    t_imp_colfur_gauntl_04
	tamriel_data.esm    ARMO    t_imp_colfur_gauntr_01
	tamriel_data.esm    ARMO    t_imp_colfur_gauntr_02
	tamriel_data.esm    ARMO    t_imp_colfur_gauntr_03
	tamriel_data.esm    ARMO    t_imp_colfur_gauntr_04
	tamriel_data.esm    ARMO    t_imp_colfur_helmbl_01
	tamriel_data.esm    ARMO    t_imp_colfur_helmex_01
	tamriel_data.esm    ARMO    t_imp_colfur_helmr_01
	tamriel_data.esm    ARMO    t_imp_colfur_helmtiger_01
	tamriel_data.esm    ARMO    t_imp_coliron1_boots_01
	tamriel_data.esm    ARMO    t_imp_coliron1_boots_02
	tamriel_data.esm    ARMO    t_imp_coliron1_boots_03
	tamriel_data.esm    ARMO    t_imp_coliron1_boots_04
	tamriel_data.esm    ARMO    t_imp_coliron1_cuirass_01
	tamriel_data.esm    ARMO    t_imp_coliron1_cuirass_02
	tamriel_data.esm    ARMO    t_imp_coliron1_cuirass_03
	tamriel_data.esm    ARMO    t_imp_coliron1_cuirass_04
	tamriel_data.esm    ARMO    t_imp_coliron1_gauntletl_01
	tamriel_data.esm    ARMO    t_imp_coliron1_gauntletl_02
	tamriel_data.esm    ARMO    t_imp_coliron1_gauntletl_03
	tamriel_data.esm    ARMO    t_imp_coliron1_gauntletl_04
	tamriel_data.esm    ARMO    t_imp_coliron1_gauntletr_01
	tamriel_data.esm    ARMO    t_imp_coliron1_gauntletr_02
	tamriel_data.esm    ARMO    t_imp_coliron1_gauntletr_03
	tamriel_data.esm    ARMO    t_imp_coliron1_gauntletr_04
	tamriel_data.esm    ARMO    t_imp_coliron1_greaves_01
	tamriel_data.esm    ARMO    t_imp_coliron1_greaves_02
	tamriel_data.esm    ARMO    t_imp_coliron1_greaves_03
	tamriel_data.esm    ARMO    t_imp_coliron1_greaves_04
	tamriel_data.esm    ARMO    t_imp_coliron1_helm_01
	tamriel_data.esm    ARMO    t_imp_coliron1_helm_02
	tamriel_data.esm    ARMO    t_imp_coliron1_helm_03
	tamriel_data.esm    ARMO    t_imp_coliron1_helm_04
	tamriel_data.esm    ARMO    t_imp_coliron1_pauldronl_01
	tamriel_data.esm    ARMO    t_imp_coliron1_pauldronl_02
	tamriel_data.esm    ARMO    t_imp_coliron1_pauldronl_03
	tamriel_data.esm    ARMO    t_imp_coliron1_pauldronl_04
	tamriel_data.esm    ARMO    t_imp_coliron1_pauldronr_01
	tamriel_data.esm    ARMO    t_imp_coliron1_pauldronr_02
	tamriel_data.esm    ARMO    t_imp_coliron1_pauldronr_03
	tamriel_data.esm    ARMO    t_imp_coliron1_pauldronr_04
	tamriel_data.esm    ARMO    t_imp_coliron2_boots_01
	tamriel_data.esm    ARMO    t_imp_coliron2_bracerl_01
	tamriel_data.esm    ARMO    t_imp_coliron2_bracerr_01
	tamriel_data.esm    ARMO    t_imp_coliron2_cuirass_01
	tamriel_data.esm    ARMO    t_imp_coliron2_greaves_01
	tamriel_data.esm    ARMO    t_imp_coliron2_helm_01
	tamriel_data.esm    ARMO    t_imp_coliron2_pauldronl_01
	tamriel_data.esm    ARMO    t_imp_coliron2_pauldronr_01
	tamriel_data.esm    ARMO    t_imp_colsteel1_boots_01
	tamriel_data.esm    ARMO    t_imp_colsteel1_boots_02
	tamriel_data.esm    ARMO    t_imp_colsteel1_boots_03
	tamriel_data.esm    ARMO    t_imp_colsteel1_boots_04
	tamriel_data.esm    ARMO    t_imp_colsteel1_bracerl_01
	tamriel_data.esm    ARMO    t_imp_colsteel1_bracerl_02
	tamriel_data.esm    ARMO    t_imp_colsteel1_bracerl_03
	tamriel_data.esm    ARMO    t_imp_colsteel1_bracerl_04
	tamriel_data.esm    ARMO    t_imp_colsteel1_bracerr_01
	tamriel_data.esm    ARMO    t_imp_colsteel1_bracerr_02
	tamriel_data.esm    ARMO    t_imp_colsteel1_bracerr_03
	tamriel_data.esm    ARMO    t_imp_colsteel1_bracerr_04
	tamriel_data.esm    ARMO    t_imp_colsteel1_cuirass_01
	tamriel_data.esm    ARMO    t_imp_colsteel1_cuirass_02
	tamriel_data.esm    ARMO    t_imp_colsteel1_cuirass_03
	tamriel_data.esm    ARMO    t_imp_colsteel1_cuirass_04
	tamriel_data.esm    ARMO    t_imp_colsteel1_greaves_01
	tamriel_data.esm    ARMO    t_imp_colsteel1_greaves_02
	tamriel_data.esm    ARMO    t_imp_colsteel1_greaves_03
	tamriel_data.esm    ARMO    t_imp_colsteel1_greaves_04
	tamriel_data.esm    ARMO    t_imp_colsteel1_helm_01
	tamriel_data.esm    ARMO    t_imp_colsteel1_helm_02
	tamriel_data.esm    ARMO    t_imp_colsteel1_helm_03
	tamriel_data.esm    ARMO    t_imp_colsteel1_helm_04
	tamriel_data.esm    ARMO    t_imp_colsteel1_pauldronl_01
	tamriel_data.esm    ARMO    t_imp_colsteel1_pauldronl_02
	tamriel_data.esm    ARMO    t_imp_colsteel1_pauldronl_03
	tamriel_data.esm    ARMO    t_imp_colsteel1_pauldronl_04
	tamriel_data.esm    ARMO    t_imp_colsteel1_pauldronr_01
	tamriel_data.esm    ARMO    t_imp_colsteel1_pauldronr_02
	tamriel_data.esm    ARMO    t_imp_colsteel1_pauldronr_03
	tamriel_data.esm    ARMO    t_imp_colsteel1_pauldronr_04
	tamriel_data.esm    ARMO    t_imp_dragonscale_barcerl_01
	tamriel_data.esm    ARMO    t_imp_dragonscale_barcerr_01
	tamriel_data.esm    ARMO    t_imp_dragonscale_boots_01
	tamriel_data.esm    ARMO    t_imp_dragonscale_cuirass_01
	tamriel_data.esm    ARMO    t_imp_dragonscale_greaves_01
	tamriel_data.esm    ARMO    t_imp_dragonscale_helm_01
	tamriel_data.esm    ARMO    t_imp_dragonscale_pauldronl_01
	tamriel_data.esm    ARMO    t_imp_dragonscale_pauldronr_01
	tamriel_data.esm    ARMO    t_imp_ebony_boots
	tamriel_data.esm    ARMO    t_imp_ebony_bracerl
	tamriel_data.esm    ARMO    t_imp_ebony_bracerr
	tamriel_data.esm    ARMO    t_imp_ebony_cuirass
	tamriel_data.esm    ARMO    t_imp_ebony_pauldronl
	tamriel_data.esm    ARMO    t_imp_ebony_pauldronr
	tamriel_data.esm    ARMO    t_imp_ep_hat_02
	tamriel_data.esm    ARMO    t_imp_ep_hatcolwest_01
	tamriel_data.esm    ARMO    t_imp_ep_hatcolwest_02
	tamriel_data.esm    ARMO    t_imp_et_hatcolnorth_01
	tamriel_data.esm    ARMO    t_imp_et_hatcolnorth_02
	tamriel_data.esm    ARMO    t_imp_et_hatcolnorth_03
	tamriel_data.esm    ARMO    t_imp_et_hatcolnorth_04
	tamriel_data.esm    ARMO    t_imp_et_hatcolnorth_05
	tamriel_data.esm    ARMO    t_imp_guardtown1_boots_01
	tamriel_data.esm    ARMO    t_imp_guardtown1_cuirass_01
	tamriel_data.esm    ARMO    t_imp_guardtown1_gauntletl_01
	tamriel_data.esm    ARMO    t_imp_guardtown1_gauntletr_01
	tamriel_data.esm    ARMO    t_imp_guardtown1_helm_01
	tamriel_data.esm    ARMO    t_imp_guardtown1_helmanv_01
	tamriel_data.esm    ARMO    t_imp_guardtown1_helmstr_01
	tamriel_data.esm    ARMO    t_imp_guardtown1_helmsut_01
	tamriel_data.esm    ARMO    t_imp_guardtown1_pauldrl_01
	tamriel_data.esm    ARMO    t_imp_guardtown1_pauldrr_01
	tamriel_data.esm    ARMO    t_imp_guardtown1_shieldanv_01
	tamriel_data.esm    ARMO    t_imp_guardtown2_boots_01
	tamriel_data.esm    ARMO    t_imp_guardtown2_cuirass_01
	tamriel_data.esm    ARMO    t_imp_guardtown2_gauntletl_01
	tamriel_data.esm    ARMO    t_imp_guardtown2_gauntletr_01
	tamriel_data.esm    ARMO    t_imp_guardtown2_helm_01
	tamriel_data.esm    ARMO    t_imp_guardtown2_helmart_01
	tamriel_data.esm    ARMO    t_imp_guardtown2_helmbru_01
	tamriel_data.esm    ARMO    t_imp_guardtown2_helmcho_01
	tamriel_data.esm    ARMO    t_imp_guardtown2_pauldrl_01
	tamriel_data.esm    ARMO    t_imp_guardtown2_pauldrr_01
	tamriel_data.esm    ARMO    t_imp_guardtown3_boots_01
	tamriel_data.esm    ARMO    t_imp_guardtown3_cuirass_01
	tamriel_data.esm    ARMO    t_imp_guardtown3_gauntletl_01
	tamriel_data.esm    ARMO    t_imp_guardtown3_gauntletr_01
	tamriel_data.esm    ARMO    t_imp_guardtown3_helm_01
	tamriel_data.esm    ARMO    t_imp_guardtown3_helmkva_01
	tamriel_data.esm    ARMO    t_imp_guardtown3_helmsar_01
	tamriel_data.esm    ARMO    t_imp_guardtown3_helmskn_01
	tamriel_data.esm    ARMO    t_imp_guardtown3_pauldrl_01
	tamriel_data.esm    ARMO    t_imp_guardtown3_pauldrr_01
	tamriel_data.esm    ARMO    t_imp_mananaut_helm_01
	tamriel_data.esm    ARMO    t_imp_militia_boots_01
	tamriel_data.esm    ARMO    t_imp_militia_cuirass_01
	tamriel_data.esm    ARMO    t_imp_militia_gauntl_01
	tamriel_data.esm    ARMO    t_imp_militia_gauntr_01
	tamriel_data.esm    ARMO    t_imp_militia_greaves_01
	tamriel_data.esm    ARMO    t_imp_militia_helm_01
	tamriel_data.esm    ARMO    t_imp_militia_pauldronl_01
	tamriel_data.esm    ARMO    t_imp_militia_pauldronr_01
	tamriel_data.esm    ARMO    t_imp_newtscale_boots_01
	tamriel_data.esm    ARMO    t_imp_newtscale_cuirass_01
	tamriel_data.esm    ARMO    t_imp_newtscale_gauntletl_01
	tamriel_data.esm    ARMO    t_imp_newtscale_gauntletr_01
	tamriel_data.esm    ARMO    t_imp_newtscale_greaves_01
	tamriel_data.esm    ARMO    t_imp_newtscale_helm_01
	tamriel_data.esm    ARMO    t_imp_newtscale_pauldronl_01
	tamriel_data.esm    ARMO    t_imp_newtscale_pauldronr_01
	tamriel_data.esm    ARMO    t_imp_nibbronze_boots_01
	tamriel_data.esm    ARMO    t_imp_nibbronze_bracerl_01
	tamriel_data.esm    ARMO    t_imp_nibbronze_bracerr_01
	tamriel_data.esm    ARMO    t_imp_nibbronze_cuirass_01
	tamriel_data.esm    ARMO    t_imp_nibbronze_greaves_01
	tamriel_data.esm    ARMO    t_imp_nibbronze_helm_01
	tamriel_data.esm    ARMO    t_imp_nibbronze_pauldronl_01
	tamriel_data.esm    ARMO    t_imp_nibbronze_pauldronr_01
	tamriel_data.esm    ARMO    t_imp_silver_boots_01
	tamriel_data.esm    ARMO    t_imp_silver_bracerl_01
	tamriel_data.esm    ARMO    t_imp_silver_bracerr_01
	tamriel_data.esm    ARMO    t_imp_silver_cap_01
	tamriel_data.esm    ARMO    t_imp_silver_cap_02
	tamriel_data.esm    ARMO    t_imp_silver_greaves_01
	tamriel_data.esm    ARMO    t_imp_silver_helm_mask
	tamriel_data.esm    ARMO    t_imp_silver_pauldronl_01
	tamriel_data.esm    ARMO    t_imp_silver_pauldronr_01
	tamriel_data.esm    ARMO    t_imp_studdedleather_boots_01
	tamriel_data.esm    ARMO    t_imp_studdedleather_cuirass_02
	tamriel_data.esm    ARMO    t_imp_studdedleather_cuirass_03
	tamriel_data.esm    ARMO    t_imp_studdedleather_greaves_01
	tamriel_data.esm    ARMO    t_imp_studdedleather_helm_01
	tamriel_data.esm    ARMO    t_imp_studdedleather_helm_02
	tamriel_data.esm    ARMO    t_imp_studdedleather_helm_03
	tamriel_data.esm    ARMO    t_imp_studdedleather_pauldrl_01
	tamriel_data.esm    ARMO    t_imp_studdedleather_pauldrr_01
	tamriel_data.esm    ARMO    t_imp_templar_shieldtower_01
	tamriel_data.esm    ARMO    t_imp_wood_shieldtower_01
	tamriel_data.esm    ARMO    t_nor_bearskin_boots_01
	tamriel_data.esm    ARMO    t_nor_bearskin_bracerl_01
	tamriel_data.esm    ARMO    t_nor_bearskin_bracerr_01
	tamriel_data.esm    ARMO    t_nor_bearskin_greaves_01
	tamriel_data.esm    ARMO    t_nor_bearskin_helm_01
	tamriel_data.esm    ARMO    t_nor_bearskin_pauldronl_01
	tamriel_data.esm    ARMO    t_nor_bearskin_pauldronr_01
	tamriel_data.esm    ARMO    t_nor_companion_boots_01
	tamriel_data.esm    ARMO    t_nor_companion_cuirass_01
	tamriel_data.esm    ARMO    t_nor_companion_gauntletl_01
	tamriel_data.esm    ARMO    t_nor_companion_gauntletr_01
	tamriel_data.esm    ARMO    t_nor_companion_greaves_01
	tamriel_data.esm    ARMO    t_nor_companion_helm_01
	tamriel_data.esm    ARMO    t_nor_companion_pauldronl_01
	tamriel_data.esm    ARMO    t_nor_companion_pauldronr_01
	tamriel_data.esm    ARMO    t_nor_guard_boots_01
	tamriel_data.esm    ARMO    t_nor_guard_cuirass_01
	tamriel_data.esm    ARMO    t_nor_guard_gauntletl_01
	tamriel_data.esm    ARMO    t_nor_guard_gauntletr_01
	tamriel_data.esm    ARMO    t_nor_guard_greaves_01
	tamriel_data.esm    ARMO    t_nor_guard_helm_01
	tamriel_data.esm    ARMO    t_nor_guard_pauldronl_01
	tamriel_data.esm    ARMO    t_nor_guard_pauldronr_01
	tamriel_data.esm    ARMO    t_nor_iron_boots_01
	tamriel_data.esm    ARMO    t_nor_iron_cuirass_wintery
	tamriel_data.esm    ARMO    t_nor_iron_gauntletl_01
	tamriel_data.esm    ARMO    t_nor_iron_gauntletr_01
	tamriel_data.esm    ARMO    t_nor_iron_greaves_01
	tamriel_data.esm    ARMO    t_nor_iron_pauldronl_01
	tamriel_data.esm    ARMO    t_nor_iron_pauldronr_01
	tamriel_data.esm    ARMO    t_nor_ironwood_shield_01
	tamriel_data.esm    ARMO    t_nor_ironwood_shield_02
	tamriel_data.esm    ARMO    t_nor_ringmail_boots_01
	tamriel_data.esm    ARMO    t_nor_ringmail_cuirass_01
	tamriel_data.esm    ARMO    t_nor_ringmail_greaves_01
	tamriel_data.esm    ARMO    t_nor_ringmail_helmet_01
	tamriel_data.esm    ARMO    t_nor_sabrecat_helm_01
	tamriel_data.esm    ARMO    t_nor_sabrecat_helm_02
	tamriel_data.esm    ARMO    t_nor_steel_boots_01
	tamriel_data.esm    ARMO    t_nor_steel_cuirass_01
	tamriel_data.esm    ARMO    t_nor_steel_gauntletl_01
	tamriel_data.esm    ARMO    t_nor_steel_gauntletr_01
	tamriel_data.esm    ARMO    t_nor_steel_greaves_01
	tamriel_data.esm    ARMO    t_nor_steel_helm_01
	tamriel_data.esm    ARMO    t_nor_steel_pauldronl_01
	tamriel_data.esm    ARMO    t_nor_steel_pauldronr_01
	tamriel_data.esm    ARMO    t_nor_trollbone_boots_01
	tamriel_data.esm    ARMO    t_nor_trollbone_bracerl_01
	tamriel_data.esm    ARMO    t_nor_trollbone_bracerr_01
	tamriel_data.esm    ARMO    t_nor_trollbone_greaves_01
	tamriel_data.esm    ARMO    t_nor_trollbone_pauldronl_01
	tamriel_data.esm    ARMO    t_nor_trollbone_pauldronr_01
	tamriel_data.esm    ARMO    t_nor_wood_shield_01
	tamriel_data.esm    ARMO    t_nor_wood_shield_02
	tamriel_data.esm    ARMO    t_nor_wood_shield_03
	tamriel_data.esm    ARMO    t_nor_wood_shieldbuckler_01
	tamriel_data.esm    ARMO    t_nor_wood_shieldbuckler_02
	tamriel_data.esm    ARMO    t_nor_wood_shieldbuckler_03
	tamriel_data.esm    ARMO    t_nor_wood_shieldbuckler_04
	tamriel_data.esm    ARMO    t_nor_wood_shieldbuckler_05
	tamriel_data.esm    ARMO    t_nor_wood_shieldbuckler_06
	tamriel_data.esm    ARMO    t_nor_wood_shieldbuckler_07
	tamriel_data.esm    ARMO    t_nor_wood_shieldbuckler_08
	tamriel_data.esm    ARMO    t_orc_leather_boots_01
	tamriel_data.esm    ARMO    t_orc_leather_cuirass_01
	tamriel_data.esm    ARMO    t_orc_leather_gauntletl_01
	tamriel_data.esm    ARMO    t_orc_leather_gauntletr_01
	tamriel_data.esm    ARMO    t_orc_leather_greaves_01
	tamriel_data.esm    ARMO    t_orc_leather_helm_01
	tamriel_data.esm    ARMO    t_orc_leather_pauldronl_01
	tamriel_data.esm    ARMO    t_orc_leather_pauldronr_01
	tamriel_data.esm    ARMO    t_orc_regular_helmopen_01
	tamriel_data.esm    ARMO    t_rea_leather_hat_01
	tamriel_data.esm    ARMO    t_rea_wormmouth_boots_01
	tamriel_data.esm    ARMO    t_rea_wormmouth_bracerl_01
	tamriel_data.esm    ARMO    t_rea_wormmouth_bracerr_01
	tamriel_data.esm    ARMO    t_rea_wormmouth_cuirass_01
	tamriel_data.esm    ARMO    t_rea_wormmouth_greaves_01
	tamriel_data.esm    ARMO    t_rea_wormmouth_helm_01
	tamriel_data.esm    ARMO    t_rea_wormmouth_helm_poison
	tamriel_data.esm    ARMO    t_rea_wormmouth_pauldronl_01
	tamriel_data.esm    ARMO    t_rea_wormmouth_pauldronr_01
	tamriel_data.esm    ARMO    t_rga_crownguard1_boots_01
	tamriel_data.esm    ARMO    t_rga_crownguard1_cuirass_01
	tamriel_data.esm    ARMO    t_rga_crownguard1_greaves_01
	tamriel_data.esm    ARMO    t_rga_crownguard1_helm_01
	tamriel_data.esm    ARMO    t_rga_crownguard1_pauldronl_01
	tamriel_data.esm    ARMO    t_rga_crownguard1_pauldronr_01
	tamriel_data.esm    ARMO    t_rga_ep_headdress_01
	tamriel_data.esm    ARMO    t_rga_lamellar_bracer_l_01
	tamriel_data.esm    ARMO    t_rga_lamellar_bracer_r_01
	tamriel_data.esm    ARMO    t_rga_lamellar_cuirass
	tamriel_data.esm    ARMO    t_rga_lamellar_cuirass_b
	tamriel_data.esm    ARMO    t_rga_lamellar_cuirass_g
	tamriel_data.esm    ARMO    t_rga_lamellar_cuirass_y
	tamriel_data.esm    ARMO    t_rga_lamellar_helm
	tamriel_data.esm    ARMO    t_rga_lamellar_helm_b
	tamriel_data.esm    ARMO    t_rga_lamellar_helm_g
	tamriel_data.esm    ARMO    t_rga_lamellar_helm_y
	tamriel_data.esm    CLOT    t_ayl_amulet_01
	tamriel_data.esm    CLOT    t_ayl_ring_01
	tamriel_data.esm    CLOT    t_ayl_ring_02
	tamriel_data.esm    CLOT    t_com_cm_belt_resistparalysis
	tamriel_data.esm    CLOT    t_com_cm_pants_01
	tamriel_data.esm    CLOT    t_com_cm_pants_02
	tamriel_data.esm    CLOT    t_com_cm_pants_03
	tamriel_data.esm    CLOT    t_com_cm_pants_04
	tamriel_data.esm    CLOT    t_com_cm_pants_resistparalysis
	tamriel_data.esm    CLOT    t_com_cm_ring_divineintervent
	tamriel_data.esm    CLOT    t_com_cm_ring_restoreconst
	tamriel_data.esm    CLOT    t_com_cm_ring_restorefinesse
	tamriel_data.esm    CLOT    t_com_cm_ring_restorefortitude
	tamriel_data.esm    CLOT    t_com_cm_ring_restoresorcery
	tamriel_data.esm    CLOT    t_com_cm_robe_resistparalysis
	tamriel_data.esm    CLOT    t_com_cm_shirt_01
	tamriel_data.esm    CLOT    t_com_cm_shirt_02
	tamriel_data.esm    CLOT    t_com_cm_shirt_03
	tamriel_data.esm    CLOT    t_com_cm_shirt_04
	tamriel_data.esm    CLOT    t_com_cm_shirt_resistparalysis
	tamriel_data.esm    CLOT    t_com_cm_shoes_01
	tamriel_data.esm    CLOT    t_com_cm_shoes_02
	tamriel_data.esm    CLOT    t_com_cm_shoes_03
	tamriel_data.esm    CLOT    t_com_cm_shoes_resistparalysis
	tamriel_data.esm    CLOT    t_com_cm_skirt_01
	tamriel_data.esm    CLOT    t_com_ep_glovel_01
	tamriel_data.esm    CLOT    t_com_ep_glovel_02
	tamriel_data.esm    CLOT    t_com_ep_glovel_03
	tamriel_data.esm    CLOT    t_com_ep_glovel_04
	tamriel_data.esm    CLOT    t_com_ep_glover_01
	tamriel_data.esm    CLOT    t_com_ep_glover_02
	tamriel_data.esm    CLOT    t_com_ep_glover_03
	tamriel_data.esm    CLOT    t_com_ep_glover_04
	tamriel_data.esm    CLOT    t_com_ep_ring_fallingfirstbarr
	tamriel_data.esm    CLOT    t_com_ep_ring_fallingsecondbarr
	tamriel_data.esm    CLOT    t_com_ep_robe_01
	tamriel_data.esm    CLOT    t_com_ep_shirt_01
	tamriel_data.esm    CLOT    t_com_ep_shirt_02
	tamriel_data.esm    CLOT    t_com_ep_shirt_03
	tamriel_data.esm    CLOT    t_com_ep_shoes_01
	tamriel_data.esm    CLOT    t_com_ep_shoes_02
	tamriel_data.esm    CLOT    t_com_ep_shoes_03
	tamriel_data.esm    CLOT    t_com_ep_skirt_01
	tamriel_data.esm    CLOT    t_com_ep_skirt_02
	tamriel_data.esm    CLOT    t_com_ep_skirt_03
	tamriel_data.esm    CLOT    t_com_ep_skirt_04
	tamriel_data.esm    CLOT    t_com_ep_skirt_05
	tamriel_data.esm    CLOT    t_com_et_glovel_02
	tamriel_data.esm    CLOT    t_com_et_glover_02
	tamriel_data.esm    CLOT    t_com_et_shirt_02
	tamriel_data.esm    CLOT    t_com_et_shirt_03
	tamriel_data.esm    CLOT    t_com_et_shoes_01
	tamriel_data.esm    CLOT    t_com_et_shoes_02
	tamriel_data.esm    CLOT    t_com_et_shoes_03
	tamriel_data.esm    CLOT    t_com_et_shoes_04
	tamriel_data.esm    CLOT    t_com_et_skirt_01
	tamriel_data.esm    CLOT    t_com_et_skirt_02
	tamriel_data.esm    CLOT    t_com_ex_shirt_01
	tamriel_data.esm    CLOT    t_com_ex_shirt_02
	tamriel_data.esm    CLOT    t_com_ex_shirt_03
	tamriel_data.esm    CLOT    t_com_ex_skirt_01
	tamriel_data.esm    CLOT    t_com_ex_skirt_02
	tamriel_data.esm    CLOT    t_com_ex_skirt_03
	tamriel_data.esm    CLOT    t_de_cm_amulet_daydenespanacea
	tamriel_data.esm    CLOT    t_de_cm_amuletind_01
	tamriel_data.esm    CLOT    t_de_cm_pants_01
	tamriel_data.esm    CLOT    t_de_cm_ring_almsiviintervent
	tamriel_data.esm    CLOT    t_de_cm_robe_01
	tamriel_data.esm    CLOT    t_de_cm_robe_02
	tamriel_data.esm    CLOT    t_de_cm_robe_03
	tamriel_data.esm    CLOT    t_de_cm_robe_04
	tamriel_data.esm    CLOT    t_de_cm_shirt_01
	tamriel_data.esm    CLOT    t_de_cm_shirt_02
	tamriel_data.esm    CLOT    t_de_cm_shirtind_01
	tamriel_data.esm    CLOT    t_de_cm_shirtind_02
	tamriel_data.esm    CLOT    t_de_cm_shoes_01
	tamriel_data.esm    CLOT    t_de_cm_shoes_02
	tamriel_data.esm    CLOT    t_de_cm_shoes_03
	tamriel_data.esm    CLOT    t_de_cm_skirtind_01
	tamriel_data.esm    CLOT    t_de_cm_skirtind_02
	tamriel_data.esm    CLOT    t_de_cm_skirtind_03
	tamriel_data.esm    CLOT    t_de_cm_skirtind_04
	tamriel_data.esm    CLOT    t_de_ep_shirtind_01
	tamriel_data.esm    CLOT    t_de_ep_shoes_01
	tamriel_data.esm    CLOT    t_de_ep_shoes_02
	tamriel_data.esm    CLOT    t_de_ep_shoes_03
	tamriel_data.esm    CLOT    t_de_ep_shoes_04
	tamriel_data.esm    CLOT    t_de_ep_shoes_05
	tamriel_data.esm    CLOT    t_de_ep_shoes_06
	tamriel_data.esm    CLOT    t_de_ep_skirtdreswarrior_01
	tamriel_data.esm    CLOT    t_de_ep_skirthlawarrior_01
	tamriel_data.esm    CLOT    t_de_ep_skirtindwarrior_01
	tamriel_data.esm    CLOT    t_de_ep_skirtnecromordinat_01
	tamriel_data.esm    CLOT    t_de_ep_skirtredwarrior_01
	tamriel_data.esm    CLOT    t_de_ep_skirttelvwarrior_01
	tamriel_data.esm    CLOT    t_de_et_amulet_horker
	tamriel_data.esm    CLOT    t_de_et_amulet_meriyonsfins
	tamriel_data.esm    CLOT    t_de_et_pants_01
	tamriel_data.esm    CLOT    t_de_et_robe_01
	tamriel_data.esm    CLOT    t_de_et_robenecrompriest_01
	tamriel_data.esm    CLOT    t_de_et_shirt_01
	tamriel_data.esm    CLOT    t_de_et_shirt_02
	tamriel_data.esm    CLOT    t_de_et_shirtdres_01
	tamriel_data.esm    CLOT    t_de_et_shirtind_01
	tamriel_data.esm    CLOT    t_de_et_shirtind_02
	tamriel_data.esm    CLOT    t_de_et_shoes_01
	tamriel_data.esm    CLOT    t_de_et_shoes_02
	tamriel_data.esm    CLOT    t_de_et_shoes_03
	tamriel_data.esm    CLOT    t_de_et_shoes_04
	tamriel_data.esm    CLOT    t_de_et_shoes_05
	tamriel_data.esm    CLOT    t_de_et_skirtredhero_01
	tamriel_data.esm    CLOT    t_de_et_skirtredhero_02
	tamriel_data.esm    CLOT    t_de_ex_robe_01
	tamriel_data.esm    CLOT    t_de_ex_robenecrom_01
	tamriel_data.esm    CLOT    t_de_ex_shoes_01
	tamriel_data.esm    CLOT    t_de_ex_skirtnecrom_01
	tamriel_data.esm    CLOT    t_de_uni_amuletofdematerial
	tamriel_data.esm    CLOT    t_de_uni_amuletofpperennialsr
	tamriel_data.esm    CLOT    t_de_uni_amuletofprecision
	tamriel_data.esm    CLOT    t_de_uni_robeshadowform
	tamriel_data.esm    CLOT    t_imp_cm_pantscolnorth_01
	tamriel_data.esm    CLOT    t_imp_cm_pantscolnorth_02
	tamriel_data.esm    CLOT    t_imp_cm_pantscolnorth_03
	tamriel_data.esm    CLOT    t_imp_cm_pantscolwest_01
	tamriel_data.esm    CLOT    t_imp_cm_pantscolwest_02
	tamriel_data.esm    CLOT    t_imp_cm_pantscolwest_03
	tamriel_data.esm    CLOT    t_imp_cm_pantscolwest_04
	tamriel_data.esm    CLOT    t_imp_cm_pantscolwest_05
	tamriel_data.esm    CLOT    t_imp_cm_pantscolwest_06
	tamriel_data.esm    CLOT    t_imp_cm_ringcol_01
	tamriel_data.esm    CLOT    t_imp_cm_ringcol_02
	tamriel_data.esm    CLOT    t_imp_cm_ringcol_03
	tamriel_data.esm    CLOT    t_imp_cm_ringcolkey_01
	tamriel_data.esm    CLOT    t_imp_cm_ringcolkey_02
	tamriel_data.esm    CLOT    t_imp_cm_shirtcolwest_01
	tamriel_data.esm    CLOT    t_imp_cm_shirtcolwest_02
	tamriel_data.esm    CLOT    t_imp_cm_shirtcolwest_03
	tamriel_data.esm    CLOT    t_imp_cm_shirtcolwest_04
	tamriel_data.esm    CLOT    t_imp_cm_shirtcolwest_05
	tamriel_data.esm    CLOT    t_imp_cm_shirtcolwest_06
	tamriel_data.esm    CLOT    t_imp_cm_shirtcolwest_07
	tamriel_data.esm    CLOT    t_imp_cm_shirtcolwest_08
	tamriel_data.esm    CLOT    t_imp_cm_shirtcolwest_09
	tamriel_data.esm    CLOT    t_imp_cm_skirtcolwest_01
	tamriel_data.esm    CLOT    t_imp_cm_skirtcolwest_02
	tamriel_data.esm    CLOT    t_imp_cm_skirtcolwest_03
	tamriel_data.esm    CLOT    t_imp_cm_skirtcolwest_04
	tamriel_data.esm    CLOT    t_imp_cm_skirtcolwest_05
	tamriel_data.esm    CLOT    t_imp_cm_skirtcolwest_06
	tamriel_data.esm    CLOT    t_imp_cm_skirtcolwest_07
	tamriel_data.esm    CLOT    t_imp_cm_skirtcolwest_08
	tamriel_data.esm    CLOT    t_imp_cm_skirtcolwest_09
	tamriel_data.esm    CLOT    t_imp_cm_skirtlegion_01
	tamriel_data.esm    CLOT    t_imp_cm_skirtlegion_02
	tamriel_data.esm    CLOT    t_imp_cm_skirtlegion_03
	tamriel_data.esm    CLOT    t_imp_ep_amuletnib_01
	tamriel_data.esm    CLOT    t_imp_ep_pantscolwest_01
	tamriel_data.esm    CLOT    t_imp_ep_ringcol_01a
	tamriel_data.esm    CLOT    t_imp_ep_ringcol_01b
	tamriel_data.esm    CLOT    t_imp_ep_ringcol_01c
	tamriel_data.esm    CLOT    t_imp_ep_shirtcolwest_01
	tamriel_data.esm    CLOT    t_imp_ep_shirtcolwest_02
	tamriel_data.esm    CLOT    t_imp_ep_shirtcolwest_03
	tamriel_data.esm    CLOT    t_imp_ep_shirtcolwest_04
	tamriel_data.esm    CLOT    t_imp_ep_shirtcolwest_05
	tamriel_data.esm    CLOT    t_imp_ep_skirtarmor_01
	tamriel_data.esm    CLOT    t_imp_et_beltcol_01
	tamriel_data.esm    CLOT    t_imp_et_shirtcolwest_01
	tamriel_data.esm    CLOT    t_imp_et_shirtcolwest_02
	tamriel_data.esm    CLOT    t_nor_cm_amulet_01
	tamriel_data.esm    CLOT    t_nor_cm_amulet_02
	tamriel_data.esm    CLOT    t_nor_cm_amulet_03
	tamriel_data.esm    CLOT    t_nor_cm_amulet_liver
	tamriel_data.esm    CLOT    t_nor_cm_amulet_thunderstorm
	tamriel_data.esm    CLOT    t_nor_cm_amuletstone_01
	tamriel_data.esm    CLOT    t_nor_cm_amuletstone_02
	tamriel_data.esm    CLOT    t_nor_cm_belt_01
	tamriel_data.esm    CLOT    t_nor_cm_belt_02
	tamriel_data.esm    CLOT    t_nor_cm_belt_03
	tamriel_data.esm    CLOT    t_nor_cm_belt_04
	tamriel_data.esm    CLOT    t_nor_cm_belt_fruitfullends
	tamriel_data.esm    CLOT    t_nor_cm_belt_pigstrength
	tamriel_data.esm    CLOT    t_nor_cm_dress_01
	tamriel_data.esm    CLOT    t_nor_cm_pants_01
	tamriel_data.esm    CLOT    t_nor_cm_pants_02
	tamriel_data.esm    CLOT    t_nor_cm_pants_03
	tamriel_data.esm    CLOT    t_nor_cm_pants_04
	tamriel_data.esm    CLOT    t_nor_cm_pants_05
	tamriel_data.esm    CLOT    t_nor_cm_pants_06
	tamriel_data.esm    CLOT    t_nor_cm_pants_07
	tamriel_data.esm    CLOT    t_nor_cm_pants_08
	tamriel_data.esm    CLOT    t_nor_cm_ring_01
	tamriel_data.esm    CLOT    t_nor_cm_ring_02
	tamriel_data.esm    CLOT    t_nor_cm_ring_invigoratedflesh
	tamriel_data.esm    CLOT    t_nor_cm_ring_invigoratedlungs
	tamriel_data.esm    CLOT    t_nor_cm_ring_longmarch
	tamriel_data.esm    CLOT    t_nor_cm_shirt_01
	tamriel_data.esm    CLOT    t_nor_cm_shirt_02
	tamriel_data.esm    CLOT    t_nor_cm_shirt_03
	tamriel_data.esm    CLOT    t_nor_cm_shirt_04
	tamriel_data.esm    CLOT    t_nor_cm_skirt_01
	tamriel_data.esm    CLOT    t_nor_cm_skirt_02
	tamriel_data.esm    CLOT    t_nor_ep_amulet_01
	tamriel_data.esm    CLOT    t_nor_ep_amulet_02
	tamriel_data.esm    CLOT    t_nor_ep_amulet_03
	tamriel_data.esm    CLOT    t_nor_ep_belt_01
	tamriel_data.esm    CLOT    t_nor_ep_belt_02
	tamriel_data.esm    CLOT    t_nor_ep_belt_03
	tamriel_data.esm    CLOT    t_nor_ep_belt_04
	tamriel_data.esm    CLOT    t_nor_ep_pants_01
	tamriel_data.esm    CLOT    t_nor_ep_pants_02
	tamriel_data.esm    CLOT    t_nor_ep_pants_03
	tamriel_data.esm    CLOT    t_nor_ep_ring_01
	tamriel_data.esm    CLOT    t_nor_ep_ring_02
	tamriel_data.esm    CLOT    t_nor_ep_ring_03
	tamriel_data.esm    CLOT    t_nor_ep_ring_04
	tamriel_data.esm    CLOT    t_nor_ep_ring_05
	tamriel_data.esm    CLOT    t_nor_ep_ring_06
	tamriel_data.esm    CLOT    t_nor_ep_shirt_01
	tamriel_data.esm    CLOT    t_nor_ep_shirt_02
	tamriel_data.esm    CLOT    t_nor_ep_shirt_03
	tamriel_data.esm    CLOT    t_nor_ep_shirt_04
	tamriel_data.esm    CLOT    t_nor_et_amulet_01
	tamriel_data.esm    CLOT    t_nor_et_amulet_02
	tamriel_data.esm    CLOT    t_nor_et_belt_01
	tamriel_data.esm    CLOT    t_nor_et_belt_02
	tamriel_data.esm    CLOT    t_nor_et_dress_01
	tamriel_data.esm    CLOT    t_nor_et_dress_02
	tamriel_data.esm    CLOT    t_nor_et_pants_01
	tamriel_data.esm    CLOT    t_nor_et_pants_02
	tamriel_data.esm    CLOT    t_nor_et_shirt_01
	tamriel_data.esm    CLOT    t_nor_et_shirt_02
	tamriel_data.esm    CLOT    t_nor_ex_belt_01
	tamriel_data.esm    CLOT    t_nor_ex_belt_02
	tamriel_data.esm    CLOT    t_nor_ex_belt_02_greaterhealing
	tamriel_data.esm    CLOT    t_nor_uni_feetofthecloudwalker
	tamriel_data.esm    CLOT    t_rea_cm_necklace_01
	tamriel_data.esm    CLOT    t_rea_cm_necklace_02
	tamriel_data.esm    CLOT    t_rea_cm_necklace_maternalfire
	tamriel_data.esm    CLOT    t_rea_cm_necklace_motherbones
	tamriel_data.esm    CLOT    t_rea_cm_shirt_01
	tamriel_data.esm    CLOT    t_rea_cm_shirt_02
	tamriel_data.esm    CLOT    t_rea_cm_shirt_03
	tamriel_data.esm    CLOT    t_rea_cm_shirt_04
	tamriel_data.esm    CLOT    t_rea_ep_amuletbone_01
	tamriel_data.esm    CLOT    t_rea_ep_amuletbone_02
	tamriel_data.esm    CLOT    t_rea_uni_amulettengilswrath
	tamriel_data.esm    CLOT    t_rga_ep_pants_01
	tamriel_data.esm    CLOT    t_rga_ep_robe_01
	tamriel_data.esm    CLOT    t_rga_et_robe_01
	tamriel_data.esm    CONT    t_testpc_armor
	tamriel_data.esm    WEAP    t_bre_artisan_broadsword_01
	tamriel_data.esm    WEAP    t_bre_artisan_claymore_01
	tamriel_data.esm    WEAP    t_bre_artisan_dagger_01
	tamriel_data.esm    WEAP    t_bre_artisan_longsword_01
	tamriel_data.esm    WEAP    t_bre_artisan_shortsword_01
	tamriel_data.esm    WEAP    t_com_adamant_bow_01
	tamriel_data.esm    WEAP    t_com_adamant_broadsword_01
	tamriel_data.esm    WEAP    t_com_adamant_club_01
	tamriel_data.esm    WEAP    t_com_adamant_crossbow_01
	tamriel_data.esm    WEAP    t_com_adamant_dagger_01
	tamriel_data.esm    WEAP    t_com_adamant_daikatana_01
	tamriel_data.esm    WEAP    t_com_adamant_doubleaxe_01
	tamriel_data.esm    WEAP    t_com_adamant_gisern
	tamriel_data.esm    WEAP    t_com_adamant_halberd_01
	tamriel_data.esm    WEAP    t_com_adamant_katana_01
	tamriel_data.esm    WEAP    t_com_adamant_longsword_01
	tamriel_data.esm    WEAP    t_com_adamant_saber_01
	tamriel_data.esm    WEAP    t_com_adamant_scimitar_01
	tamriel_data.esm    WEAP    t_com_adamant_staff_01
	tamriel_data.esm    WEAP    t_com_adamant_star
	tamriel_data.esm    WEAP    t_com_adamant_tanto_01
	tamriel_data.esm    WEAP    t_com_adamant_wakizashi_01
	tamriel_data.esm    WEAP    t_com_adamant_waraxe_01
	tamriel_data.esm    WEAP    t_com_adamant_warhammer_01
	tamriel_data.esm    WEAP    t_com_daedsteel_broadsword_01
	tamriel_data.esm    WEAP    t_com_daedsteel_broadsword_drem
	tamriel_data.esm    WEAP    t_com_daedsteel_claymore_01
	tamriel_data.esm    WEAP    t_com_daedsteel_claymore_twilli
	tamriel_data.esm    WEAP    t_com_daedsteel_dagger_01
	tamriel_data.esm    WEAP    t_com_daedsteel_dagger_scamp
	tamriel_data.esm    WEAP    t_com_daedsteel_longsword_01
	tamriel_data.esm    WEAP    t_com_daedsteel_longsword_hungr
	tamriel_data.esm    WEAP    t_com_daedsteel_shortsword_01
	tamriel_data.esm    WEAP    t_com_daedsteel_shortsword_clan
	tamriel_data.esm    WEAP    t_com_embalming_hook_01
	tamriel_data.esm    WEAP    t_com_embalming_knife_01
	tamriel_data.esm    WEAP    t_com_farm_hoe_01
	tamriel_data.esm    WEAP    t_com_farm_pitchfork_01
	tamriel_data.esm    WEAP    t_com_farm_scythe_01
	tamriel_data.esm    WEAP    t_com_farm_shovel_01
	tamriel_data.esm    WEAP    t_com_farm_trovel_01
	tamriel_data.esm    WEAP    t_com_gold_dagger_01
	tamriel_data.esm    WEAP    t_com_iron_broadsword_01
	tamriel_data.esm    WEAP    t_com_iron_broadsword_02
	tamriel_data.esm    WEAP    t_com_iron_broadsword_03
	tamriel_data.esm    WEAP    t_com_iron_dagger_01
	tamriel_data.esm    WEAP    t_com_iron_dagger_02
	tamriel_data.esm    WEAP    t_com_iron_morningstar_01
	tamriel_data.esm    WEAP    t_com_iron_saber_01
	tamriel_data.esm    WEAP    t_com_iron_saber_02
	tamriel_data.esm    WEAP    t_com_iron_saber_03
	tamriel_data.esm    WEAP    t_com_iron_scimitar_01
	tamriel_data.esm    WEAP    t_com_iron_tanto_01
	tamriel_data.esm    WEAP    t_com_iron_tanto_02
	tamriel_data.esm    WEAP    t_com_iron_tanto_03
	tamriel_data.esm    WEAP    t_com_iron_tanto_04
	tamriel_data.esm    WEAP    t_com_iron_throwingknife_01
	tamriel_data.esm    WEAP    t_com_iron_throwingknife_02
	tamriel_data.esm    WEAP    t_com_steel_arrow_cruelfirestrm
	tamriel_data.esm    WEAP    t_com_steel_arrow_cruelfrostb
	tamriel_data.esm    WEAP    t_com_steel_arrow_cruelpoisoncl
	tamriel_data.esm    WEAP    t_com_steel_arrow_cruelshocksph
	tamriel_data.esm    WEAP    t_com_steel_battleaxe_precision
	tamriel_data.esm    WEAP    t_com_steel_bolt_cruelfirestrm
	tamriel_data.esm    WEAP    t_com_steel_bolt_cruelfrostb
	tamriel_data.esm    WEAP    t_com_steel_bolt_cruelpoisoncl
	tamriel_data.esm    WEAP    t_com_steel_bolt_cruelshocksph
	tamriel_data.esm    WEAP    t_com_steel_claymore_redhilted
	tamriel_data.esm    WEAP    t_com_steel_crossbow_augsurefl
	tamriel_data.esm    WEAP    t_com_steel_dagger_01
	tamriel_data.esm    WEAP    t_com_steel_dart_cruelfirestrm
	tamriel_data.esm    WEAP    t_com_steel_dart_cruelfrostb
	tamriel_data.esm    WEAP    t_com_steel_dart_cruelpoisoncl
	tamriel_data.esm    WEAP    t_com_steel_dart_cruelshocksph
	tamriel_data.esm    WEAP    t_com_steel_knife_01
	tamriel_data.esm    WEAP    t_com_steel_longbow_augprec
	tamriel_data.esm    WEAP    t_com_steel_scimitar_01
	tamriel_data.esm    WEAP    t_com_steel_throwingstar_crfrb
	tamriel_data.esm    WEAP    t_com_steel_throwingstar_crfrst
	tamriel_data.esm    WEAP    t_com_steel_throwingstar_crpoic
	tamriel_data.esm    WEAP    t_com_steel_throwingstar_crssph
	tamriel_data.esm    WEAP    t_com_uni_crossbowofghostlight
	tamriel_data.esm    WEAP    t_com_var_cleaver_01
	tamriel_data.esm    WEAP    t_com_var_harpoon_01
	tamriel_data.esm    WEAP    t_com_var_harpoon_02
	tamriel_data.esm    WEAP    t_com_var_knife_01
	tamriel_data.esm    WEAP    t_com_var_knife_02
	tamriel_data.esm    WEAP    t_com_var_knife_03
	tamriel_data.esm    WEAP    t_com_wood_crossbow_01
	tamriel_data.esm    WEAP    t_com_wood_mace_01
	tamriel_data.esm    WEAP    t_com_wood_mace_judgement
	tamriel_data.esm    WEAP    t_cr_goblin_axe_01
	tamriel_data.esm    WEAP    t_cr_goblin_club_01
	tamriel_data.esm    WEAP    t_dae_regular_fang_01
	tamriel_data.esm    WEAP    t_dae_regular_longspear_01
	tamriel_data.esm    WEAP    t_dae_regular_longsword_01
	tamriel_data.esm    WEAP    t_dae_regular_naginata_01
	tamriel_data.esm    WEAP    t_dae_regular_saber_01
	tamriel_data.esm    WEAP    t_dae_regular_scimitar_01
	tamriel_data.esm    WEAP    t_dae_regular_scimitar_02
	tamriel_data.esm    WEAP    t_dae_regular_trident_01
	tamriel_data.esm    WEAP    t_dae_uni_boethiahaxe
	tamriel_data.esm    WEAP    t_dae_uni_meridiadagger
	tamriel_data.esm    WEAP    t_de_6th_sickle_01
	tamriel_data.esm    WEAP    t_de_aena_mace_01
	tamriel_data.esm    WEAP    t_de_aena_sickle_01
	tamriel_data.esm    WEAP    t_de_aena_spear_01
	tamriel_data.esm    WEAP    t_de_chitin_longsword_01
	tamriel_data.esm    WEAP    t_de_ebony_arrow_dreadfirestorm
	tamriel_data.esm    WEAP    t_de_ebony_arrow_dreadfrostbrst
	tamriel_data.esm    WEAP    t_de_ebony_arrow_dreadpoisoncld
	tamriel_data.esm    WEAP    t_de_ebony_arrow_dreadshocksphr
	tamriel_data.esm    WEAP    t_de_ebony_claymore_01
	tamriel_data.esm    WEAP    t_de_ebony_dagger_01
	tamriel_data.esm    WEAP    t_de_ebony_daikatana_01
	tamriel_data.esm    WEAP    t_de_ebony_halberd_01
	tamriel_data.esm    WEAP    t_de_ebony_halberd_02
	tamriel_data.esm    WEAP    t_de_ebony_halberd_swim
	tamriel_data.esm    WEAP    t_de_ebony_katana_01
	tamriel_data.esm    WEAP    t_de_ebony_scythe
	tamriel_data.esm    WEAP    t_de_ebony_shortsword_02
	tamriel_data.esm    WEAP    t_de_ebony_tanto_01
	tamriel_data.esm    WEAP    t_de_ebony_wakizashi_01
	tamriel_data.esm    WEAP    t_de_ebony_warhammer_01
	tamriel_data.esm    WEAP    t_de_glass_battleaxe_01
	tamriel_data.esm    WEAP    t_de_glass_daikatana_01
	tamriel_data.esm    WEAP    t_de_glass_katana_01
	tamriel_data.esm    WEAP    t_de_glass_spear_01
	tamriel_data.esm    WEAP    t_de_glass_tanto_01
	tamriel_data.esm    WEAP    t_de_glass_wakizashi_01
	tamriel_data.esm    WEAP    t_de_redhero_ceremonialblade_01
	tamriel_data.esm    WEAP    t_dwe_regular_broadsword_01
	tamriel_data.esm    WEAP    t_dwe_regular_crossbow_acc
	tamriel_data.esm    WEAP    t_dwe_regular_crossbow_evan
	tamriel_data.esm    WEAP    t_dwe_regular_crossbowfix_01
	tamriel_data.esm    WEAP    t_dwe_regular_crossbowfix_acc
	tamriel_data.esm    WEAP    t_dwe_regular_crossbowfix_evan
	tamriel_data.esm    WEAP    t_dwe_regular_dagger_01
	tamriel_data.esm    WEAP    t_dwe_regular_dart_01
	tamriel_data.esm    WEAP    t_dwe_regular_dart_shock
	tamriel_data.esm    WEAP    t_dwe_regular_junkmace_01
	tamriel_data.esm    WEAP    t_dwe_regular_longspear_01
	tamriel_data.esm    WEAP    t_dwe_regular_longsword_01
	tamriel_data.esm    WEAP    t_dwe_regular_spear_retribut
	tamriel_data.esm    WEAP    t_dwe_regular_staff_01
	tamriel_data.esm    WEAP    t_he_direnni_battleaxe_01
	tamriel_data.esm    WEAP    t_he_direnni_halberd_01
	tamriel_data.esm    WEAP    t_he_direnni_longsword_01
	tamriel_data.esm    WEAP    t_he_direnni_shortsword_01
	tamriel_data.esm    WEAP    t_he_direnni_staff_01
	tamriel_data.esm    WEAP    t_imp_barrow_axe_01
	tamriel_data.esm    WEAP    t_imp_barrow_spear_01
	tamriel_data.esm    WEAP    t_imp_barrow_sword_01
	tamriel_data.esm    WEAP    t_imp_legion_arrow_01
	tamriel_data.esm    WEAP    t_imp_legion_bolt_01
	tamriel_data.esm    WEAP    t_imp_legion_broadsword_01
	tamriel_data.esm    WEAP    t_imp_legion_broadsword_02
	tamriel_data.esm    WEAP    t_imp_legion_broadsword_03
	tamriel_data.esm    WEAP    t_imp_legion_dagger_01
	tamriel_data.esm    WEAP    t_imp_legion_longsword_01
	tamriel_data.esm    WEAP    t_imp_legion_royallongsword_01
	tamriel_data.esm    WEAP    t_imp_legion_saber_01
	tamriel_data.esm    WEAP    t_imp_silver_2hmace
	tamriel_data.esm    WEAP    t_imp_silver_arrow_direfirestrm
	tamriel_data.esm    WEAP    t_imp_silver_arrow_direfrostbst
	tamriel_data.esm    WEAP    t_imp_silver_arrow_direpoisoncl
	tamriel_data.esm    WEAP    t_imp_silver_arrow_direshocksph
	tamriel_data.esm    WEAP    t_imp_silver_claymore_augfleet
	tamriel_data.esm    WEAP    t_imp_silver_claymore_augwis
	tamriel_data.esm    WEAP    t_imp_silver_dagger_01
	tamriel_data.esm    WEAP    t_imp_silver_dagger_02
	tamriel_data.esm    WEAP    t_imp_silver_dagger_auggreenwis
	tamriel_data.esm    WEAP    t_imp_silver_dagger_augstalk
	tamriel_data.esm    WEAP    t_imp_silver_daggerbroken_01
	tamriel_data.esm    WEAP    t_imp_silver_dart_direfirestrm
	tamriel_data.esm    WEAP    t_imp_silver_dart_direfrostbst
	tamriel_data.esm    WEAP    t_imp_silver_dart_direpoisoncl
	tamriel_data.esm    WEAP    t_imp_silver_dart_direshocksph
	tamriel_data.esm    WEAP    t_imp_silver_javelin_aughorker
	tamriel_data.esm    WEAP    t_imp_silver_longsword_auggoldw
	tamriel_data.esm    WEAP    t_imp_silver_longsword_augsurpr
	tamriel_data.esm    WEAP    t_imp_silver_mace_01
	tamriel_data.esm    WEAP    t_imp_silver_mace_02
	tamriel_data.esm    WEAP    t_imp_silver_mace_augdeepcrush
	tamriel_data.esm    WEAP    t_imp_silver_saber_01
	tamriel_data.esm    WEAP    t_imp_silver_saber_02
	tamriel_data.esm    WEAP    t_imp_silver_saber_augswiftbl
	tamriel_data.esm    WEAP    t_imp_silver_shortsword_augswim
	tamriel_data.esm    WEAP    t_imp_silver_shortsword_augswis
	tamriel_data.esm    WEAP    t_imp_silver_spear_paralysis
	tamriel_data.esm    WEAP    t_imp_silver_spear_retribution
	tamriel_data.esm    WEAP    t_imp_silver_throwingstar_drfrb
	tamriel_data.esm    WEAP    t_imp_silver_throwingstar_drfst
	tamriel_data.esm    WEAP    t_imp_silver_throwingstar_drpoi
	tamriel_data.esm    WEAP    t_imp_silver_throwingstar_drshk
	tamriel_data.esm    WEAP    t_imp_silver_waraxe_aughew
	tamriel_data.esm    WEAP    t_imp_uni_nafaalilargusclaw
	tamriel_data.esm    WEAP    t_imp_uni_swiftcutsaber
	tamriel_data.esm    WEAP    t_nor_iron_seax_01
	tamriel_data.esm    WEAP    t_nor_iron_throwingaxe_01
	tamriel_data.esm    WEAP    t_nor_iron_waraxe_01
	tamriel_data.esm    WEAP    t_nor_orn_battleaxe_01
	tamriel_data.esm    WEAP    t_nor_orn_battleaxe_frostbitt
	tamriel_data.esm    WEAP    t_nor_orn_broadsword_frostbitt
	tamriel_data.esm    WEAP    t_nor_orn_dagger_01
	tamriel_data.esm    WEAP    t_nor_orn_longsword_01
	tamriel_data.esm    WEAP    t_nor_orn_seax_01
	tamriel_data.esm    WEAP    t_nor_orn_shortsword_01
	tamriel_data.esm    WEAP    t_nor_orn_spear_01
	tamriel_data.esm    WEAP    t_nor_orn_throwingaxe_01
	tamriel_data.esm    WEAP    t_nor_orn_waraxe_01
	tamriel_data.esm    WEAP    t_nor_orn_warhammer_01
	tamriel_data.esm    WEAP    t_nor_silver_dagger_danswyrm
	tamriel_data.esm    WEAP    t_nor_silver_seax_01
	tamriel_data.esm    WEAP    t_nor_silver_shortsword_danswyr
	tamriel_data.esm    WEAP    t_nor_uni_axerhorlaks
	tamriel_data.esm    WEAP    t_nor_var_werewolfbonedagger_01
	tamriel_data.esm    WEAP    t_orc_regular_battleaxe_01
	tamriel_data.esm    WEAP    t_orc_regular_bow_01
	tamriel_data.esm    WEAP    t_orc_regular_claymore_01
	tamriel_data.esm    WEAP    t_orc_regular_cleaver_01
	tamriel_data.esm    WEAP    t_orc_regular_dagger_01
	tamriel_data.esm    WEAP    t_orc_regular_dagger_02
	tamriel_data.esm    WEAP    t_orc_regular_halberd_01
	tamriel_data.esm    WEAP    t_orc_regular_longsword_01
	tamriel_data.esm    WEAP    t_orc_regular_mace_01
	tamriel_data.esm    WEAP    t_orc_regular_spear_01
	tamriel_data.esm    WEAP    t_orc_regular_spear_02
	tamriel_data.esm    WEAP    t_orc_regular_waraxethooted_01
	tamriel_data.esm    WEAP    t_rea_regular_halberd_01
	tamriel_data.esm    WEAP    t_rea_regular_halberd_bloodlett
	tamriel_data.esm    WEAP    t_rea_regular_waraxe_01
	tamriel_data.esm    WEAP    t_rea_regular_waraxe_bonesplitt
	tamriel_data.esm    WEAP    t_rea_regular_waraxe_harrier
	tamriel_data.esm    WEAP    t_rea_regular_waraxe_witchwarri
	tamriel_data.esm    WEAP    t_rea_regular_warhammer_01
	tamriel_data.esm    WEAP    t_rea_uni_voidknife
	tamriel_data.esm    WEAP    t_rga_yoku_2hsword
	tamriel_data.esm    WEAP    t_rga_yoku_halberd_01
	tamriel_data.esm    WEAP    t_rga_yoku_lsword_01
	tamriel_data.esm    WEAP    t_rga_yoku_spear_01
	tamriel_data.esm    WEAP    t_rga_yoku_waraxe_01
	tr_mainland.esm     ARMO    tr_a-m2-56-gashcrown
	tr_mainland.esm     ARMO    tr_alandro_towershield
	tr_mainland.esm     ARMO    tr_i2-235_bonemold_towershield
	tr_mainland.esm     ARMO    tr_i2-235_dragonscale_tower
	tr_mainland.esm     ARMO    tr_i2-235_dwemer_shield
	tr_mainland.esm     ARMO    tr_i2-235_imperial shield
	tr_mainland.esm     ARMO    tr_i2-235_iron_towershield
	tr_mainland.esm     ARMO    tr_i2-235_steel_towershield
	tr_mainland.esm     ARMO    tr_i2-410_a_dres_cuirass_broken
	tr_mainland.esm     ARMO    tr_i3-280_a_provocativehelm
	tr_mainland.esm     ARMO    tr_i3-649_imp shield nopickup
	tr_mainland.esm     ARMO    tr_m1_ench_shield_i62
	tr_mainland.esm     ARMO    tr_m1_ench_shield_i62_free
	tr_mainland.esm     ARMO    tr_m1_ench_towershield
	tr_mainland.esm     ARMO    tr_m1_g_boots_jump
	tr_mainland.esm     ARMO    tr_m1_grazgobshield
	tr_mainland.esm     ARMO    tr_m1_molecrab_cuirass_protect
	tr_mainland.esm     ARMO    tr_m1_q_gadavesgreaves
	tr_mainland.esm     ARMO    tr_m1_q_ranshield1
	tr_mainland.esm     ARMO    tr_m1_q_ranshield2
	tr_mainland.esm     ARMO    tr_m1_raptures fist
	tr_mainland.esm     ARMO    tr_m1_silver_duchguard_cuirass
	tr_mainland.esm     ARMO    tr_m2_a_crabwalker_boots
	tr_mainland.esm     ARMO    tr_m2_a_explorer_boots
	tr_mainland.esm     ARMO    tr_m2_a_lzigat_pauldl_uni
	tr_mainland.esm     ARMO    tr_m2_a_lzigat_pauldr_uni
	tr_mainland.esm     ARMO    tr_m2_a_repairhelm_uni
	tr_mainland.esm     ARMO    tr_m2_q_22_cursedshield
	tr_mainland.esm     ARMO    tr_m2_q_22_cursedshieldex
	tr_mainland.esm     ARMO    tr_m2_q_29_gauntlet_left
	tr_mainland.esm     ARMO    tr_m2_q_29_gauntlet_right
	tr_mainland.esm     ARMO    tr_m2_q_a9_6_shield
	tr_mainland.esm     ARMO    tr_m3-278_a_dwrvhelm
	tr_mainland.esm     ARMO    tr_m3-512_helm
	tr_mainland.esm     ARMO    tr_m3-718 decorative armor
	tr_mainland.esm     ARMO    tr_m3_a8_rickshaw_helm
	tr_mainland.esm     ARMO    tr_m3_calcius_mail_uni
	tr_mainland.esm     ARMO    tr_m3_oe_cassynderarmor
	tr_mainland.esm     ARMO    tr_m3_oe_tg_snowhareboots
	tr_mainland.esm     ARMO    tr_m3_q_st_honns_1
	tr_mainland.esm     ARMO    tr_m3_q_st_honns_2
	tr_mainland.esm     ARMO    tr_m3_q_st_honns_3
	tr_mainland.esm     ARMO    tr_m3_q_st_honns_4
	tr_mainland.esm     ARMO    tr_m3_steel_fireheart_i3-647
	tr_mainland.esm     CLOT    tr_m1_amulet_josephus
	tr_mainland.esm     CLOT    tr_m1_cl_i2_melierobe
	tr_mainland.esm     CLOT    tr_m1_fisherman_ring
	tr_mainland.esm     CLOT    tr_m2_amulet_unfinished
	tr_mainland.esm     CLOT    tr_m2_contumious_ring
	tr_mainland.esm     CLOT    tr_m2_da_stolenbelt
	tr_mainland.esm     CLOT    tr_m2_q_11_heir_ring
	tr_mainland.esm     CLOT    tr_m2_q_14_belt
	tr_mainland.esm     CLOT    tr_m2_q_14_neldamring
	tr_mainland.esm     CLOT    tr_m2_q_14_pants
	tr_mainland.esm     CLOT    tr_m2_q_14_shoes01
	tr_mainland.esm     CLOT    tr_m2_q_14_shoes02
	tr_mainland.esm     CLOT    tr_m2_q_22_wedring
	tr_mainland.esm     CLOT    tr_m2_q_32_zarenpants
	tr_mainland.esm     CLOT    tr_m2_q_a9_2_nedimshirt
	tr_mainland.esm     CLOT    tr_m2_q_a9_4_vorithring
	tr_mainland.esm     CLOT    tr_m2_ring_larrs
	tr_mainland.esm     CLOT    tr_m2_thief_vest
	tr_mainland.esm     CLOT    tr_m3_a7_shoes_fancy
	tr_mainland.esm     CLOT    tr_m3_amuletgreytides
	tr_mainland.esm     CLOT    tr_m3_belisathamederobe01
	tr_mainland.esm     CLOT    tr_m3_oe_q_floatingrobe
	tr_mainland.esm     CLOT    tr_m3_oe_q_telepathy
	tr_mainland.esm     CLOT    tr_m3_oe_svarramulet
	tr_mainland.esm     CLOT    tr_m3_oe_tg_ebonyring
	tr_mainland.esm     CLOT    tr_m3_oe_tg_rubyring
	tr_mainland.esm     CLOT    tr_m3_q_a5_amulet
	tr_mainland.esm     CLOT    tr_m3_q_a5_reprusamulet
	tr_mainland.esm     CLOT    tr_m3_q_a5_reprusring
	tr_mainland.esm     CLOT    tr_m3_q_a9_ancestorring
	tr_mainland.esm     CLOT    tr_m3_q_eecamulet
	tr_mainland.esm     CLOT    tr_m3_q_eecamulet_curse
	tr_mainland.esm     CLOT    tr_m3_q_magechallenge_robe01
	tr_mainland.esm     CLOT    tr_m3_q_magechallenge_robe02
	tr_mainland.esm     CLOT    tr_m3_q_oe_mg_cursedamulet
	tr_mainland.esm     CLOT    tr_m3_sa_relic
	tr_mainland.esm     NPC_    tr_m3_grush gro-garabuk
	tr_mainland.esm     NPC_    tr_m3_lakhazga gra-morg
	tr_mainland.esm     NPC_    tr_m3_urkhu
	tr_mainland.esm     WEAP    tr_aug_m2_pilgrim_staff
	tr_mainland.esm     WEAP    tr_i2-307_staff_fire
	tr_mainland.esm     WEAP    tr_i2-410_silver longsword_brok
	tr_mainland.esm     WEAP    tr_i2_313_axe silversling
	tr_mainland.esm     WEAP    tr_i3-217_knife
	tr_mainland.esm     WEAP    tr_i3-476-ind_staff
	tr_mainland.esm     WEAP    tr_m1_dae_naginata_curse_i62
	tr_mainland.esm     WEAP    tr_m1_q50_g05_dagger
	tr_mainland.esm     WEAP    tr_m1_q50_go5_fake_axe_uni
	tr_mainland.esm     WEAP    tr_m1_q_attackpiece6
	tr_mainland.esm     WEAP    tr_m1_q_deliverypick
	tr_mainland.esm     WEAP    tr_m1_q_deliverypickex1
	tr_mainland.esm     WEAP    tr_m1_q_deliverypickex2
	tr_mainland.esm     WEAP    tr_m1_q_dr2reward
	tr_mainland.esm     WEAP    tr_m1_q_dwarvenfirestaff
	tr_mainland.esm     WEAP    tr_m1_q_mithras stanchion
	tr_mainland.esm     WEAP    tr_m1_q_molag_saber
	tr_mainland.esm     WEAP    tr_m1_q_molag_saber_act
	tr_mainland.esm     WEAP    tr_m1_q_molag_trident
	tr_mainland.esm     WEAP    tr_m1_q_natayalongsword
	tr_mainland.esm     WEAP    tr_m1_q_ransword1
	tr_mainland.esm     WEAP    tr_m1_q_ransword2
	tr_mainland.esm     WEAP    tr_m1_q_tanto_murder_weapon
	tr_mainland.esm     WEAP    tr_m1_q_tt_7_reward
	tr_mainland.esm     WEAP    tr_m1_q_woebringer
	tr_mainland.esm     WEAP    tr_m1_ssow_cursed_i62
	tr_mainland.esm     WEAP    tr_m1_w_dwarven _sunblade
	tr_mainland.esm     WEAP    tr_m1_w_ebony_dagger_cursed
	tr_mainland.esm     WEAP    tr_m1_w_edge of the abyss
	tr_mainland.esm     WEAP    tr_m1_w_fire_dsteel_claymore
	tr_mainland.esm     WEAP    tr_m1_w_glsdkatsleep_i1-6
	tr_mainland.esm     WEAP    tr_m1_w_iron_saber_flame
	tr_mainland.esm     WEAP    tr_m1_w_iron_spider_dagger_02
	tr_mainland.esm     WEAP    tr_m1_w_orcish_longsword_flame
	tr_mainland.esm     WEAP    tr_m1_w_reaper
	tr_mainland.esm     WEAP    tr_m1_w_sashkas reaver
	tr_mainland.esm     WEAP    tr_m1_w_silver_flaming_mace
	tr_mainland.esm     WEAP    tr_m1_w_silver_mace_flame
	tr_mainland.esm     WEAP    tr_m1_w_thunderbolt_shank
	tr_mainland.esm     WEAP    tr_m2_nordic battle axe_uni
	tr_mainland.esm     WEAP    tr_m2_q_12_w_thunderstrike
	tr_mainland.esm     WEAP    tr_m2_q_14_ironshortsword
	tr_mainland.esm     WEAP    tr_m2_q_14_swiftblade
	tr_mainland.esm     WEAP    tr_m2_q_18_daranosword
	tr_mainland.esm     WEAP    tr_m2_q_20_staff
	tr_mainland.esm     WEAP    tr_m2_q_22_arkaypillar
	tr_mainland.esm     WEAP    tr_m2_q_22_swordoftaldeus
	tr_mainland.esm     WEAP    tr_m2_q_22_swordoftaldeuss
	tr_mainland.esm     WEAP    tr_m2_q_22_taldeusdisplay
	tr_mainland.esm     WEAP    tr_m2_q_29_whetblade
	tr_mainland.esm     WEAP    tr_m2_q_4_alaudspear
	tr_mainland.esm     WEAP    tr_m2_q_a8_5_cudgel
	tr_mainland.esm     WEAP    tr_m2_q_a8_6_kayesaber
	tr_mainland.esm     WEAP    tr_m2_q_a9_4_vorithsword
	tr_mainland.esm     WEAP    tr_m2_scorchspear
	tr_mainland.esm     WEAP    tr_m2_w_adamant_halberd_retr
	tr_mainland.esm     WEAP    tr_m2_w_flametail_uni
	tr_mainland.esm     WEAP    tr_m2_w_harul_saber
	tr_mainland.esm     WEAP    tr_m2_w_sacrific_dagger_u_i332
	tr_mainland.esm     WEAP    tr_m2_w_velothi_shortsword
	tr_mainland.esm     WEAP    tr_m2_w_velothi_spear
	tr_mainland.esm     WEAP    tr_m3-589_internalburning
	tr_mainland.esm     WEAP    tr_m3-718 decorative axe
	tr_mainland.esm     WEAP    tr_m3-758_w_bthung_impaler
	tr_mainland.esm     WEAP    tr_m3-781_w_scorner
	tr_mainland.esm     WEAP    tr_m3_9_staff_of_uraame
	tr_mainland.esm     WEAP    tr_m3_aar_wep_spear
	tr_mainland.esm     WEAP    tr_m3_bloatstaff_i3-588
	tr_mainland.esm     WEAP    tr_m3_echanteddagger_i3-581
	tr_mainland.esm     WEAP    tr_m3_et22_lancet
	tr_mainland.esm     WEAP    tr_m3_fleshreaver_i3-471-ind
	tr_mainland.esm     WEAP    tr_m3_i156_spear_w
	tr_mainland.esm     WEAP    tr_m3_i156_spear_w2
	tr_mainland.esm     WEAP    tr_m3_i613_thunderstaff
	tr_mainland.esm     WEAP    tr_m3_iron spear_embedded_keep
	tr_mainland.esm     WEAP    tr_m3_kaladanhammer_i3-591-imp
	tr_mainland.esm     WEAP    tr_m3_oe_antiodagger
	tr_mainland.esm     WEAP    tr_m3_oe_curiavaultdagger01
	tr_mainland.esm     WEAP    tr_m3_oe_curiavaultdagger02
	tr_mainland.esm     WEAP    tr_m3_oe_dwarvenfolly
	tr_mainland.esm     WEAP    tr_m3_oe_dwarvenfolly2
	tr_mainland.esm     WEAP    tr_m3_oe_fentus3brapier
	tr_mainland.esm     WEAP    tr_m3_oe_fg_w_brokenaxe
	tr_mainland.esm     WEAP    tr_m3_oe_fg_w_lenwyntanto
	tr_mainland.esm     WEAP    tr_m3_oe_fg_w_ratsmash
	tr_mainland.esm     WEAP    tr_m3_oe_icheretichammer
	tr_mainland.esm     WEAP    tr_m3_oe_mg_daecursedstaff
	tr_mainland.esm     WEAP    tr_m3_oe_q_heartseeker
	tr_mainland.esm     WEAP    tr_m3_oe_q_spearfieryhoof
	tr_mainland.esm     WEAP    tr_m3_oe_spear_steel
	tr_mainland.esm     WEAP    tr_m3_oe_swordofprotection
	tr_mainland.esm     WEAP    tr_m3_q_10_axe_yaga
	tr_mainland.esm     WEAP    tr_m3_q_10_axe_yaga_scripted
	tr_mainland.esm     WEAP    tr_m3_q_13_foeburnerwep
	tr_mainland.esm     WEAP    tr_m3_q_14_staff
	tr_mainland.esm     WEAP    tr_m3_q_14_staff_scripted
	tr_mainland.esm     WEAP    tr_m3_q_a7_tahvelreward
	tr_mainland.esm     WEAP    tr_m3_q_fiendblade_full
	tr_mainland.esm     WEAP    tr_m3_scrapingspear
	tr_mainland.esm     WEAP    tr_m3_soulflayer_i3-534-ind
	tr_mainland.esm     WEAP    tr_m3_thunderstrike_uni
	tr_mainland.esm     WEAP    tr_m3_tiger_roar_uni
	tr_mainland.esm     WEAP    tr_m3_unending
	tr_mainland.esm     WEAP    tr_m3_w_ebony_katana_dilavesa
	tr_mainland.esm     WEAP    tr_m3_w_letteropener_uni
	tr_mainland.esm     WEAP    tr_m3_w_lordgeneralsword
	tr_mainland.esm     WEAP    tr_m3_w_moraelyn_blade_uni
	tr_mainland.esm     WEAP    tr_m3_w_windblade
	tr_mainland.esm     WEAP    tr_m3_zan_lichstaff
	tr_mainland.esm     WEAP    tr_w_felmoor
	tr_mainland.esm     WEAP    tr_w_i2-451-tri-gonghammer
	tr_mainland.esm     WEAP    tr_w_m2_dwrvls_uni
	tr_mainland.esm     WEAP    tr_w_m2_webspinner
	tr_mainland.esm     WEAP    tr_w_m3-153_staff
