RPNR_Hall_of_justice.ESP: DUP-REC MASTERS MISSAUT MISSDSC MISSVER OVR-REC
    MASTERS: out of sync with the masters installed in your Data Files directory:
	Tamriel_Data.esm            10684550 (plugin)   11064795 (installed size)
	TR_Mainland.esm            163703637 (plugin)  163244128 (installed size)
	OAAB_Data.esm                1384891 (plugin)    1567893 (installed size)
    [DUP-REC] Duplicate Records:
	From Master         Type    Name
	tribunal.esm        LTEX    rock_coastal
    [OVR-REC] Overridden Records:
	From Master         Type    Name
	bloodmoon.esm       LTEX    sand_02
	tr_mainland.esm     LAND    (6, -18)
	tr_mainland.esm     LAND    (7, -18)
	tr_mainland.esm     LTEX    ai_mudflats_01.tga
	tr_mainland.esm     NPC_    tr_m3_ritaria gravia
	tr_mainland.esm     PGRD    ebon tower
	tr_mainland.esm     PGRD    ebon tower, curia: hall of justice
	tr_mainland.esm     PGRD    ebon tower, curia: imperial treasury vault
	tr_mainland.esm     PGRD    ebon tower, curia: offices east
	tr_mainland.esm     PGRD    ebon tower, curia: offices west
	tribunal.esm        CONT    chest_small_02_rndgold
	tribunal.esm        LTEX    ai_dirtroad
	tribunal.esm        LTEX    ai_grass_02
	tribunal.esm        LTEX    ai_grass_cobbles
	tribunal.esm        LTEX    ai_grass_dirt
	tribunal.esm        LTEX    ai_grass_rocky
