RR_Ghost_Gate_Fortress_Rus.ESP: DUP-REC JUNKCEL MASTERS MENUMOD MISSVER OVR-REC
    MASTERS: out of sync with the masters installed in your Data Files directory:
	Morrowind.esm               79764287 (plugin)   79837557 (installed size)
	Bloodmoon.esm               11799703 (plugin)    9631798 (installed size)
    [MENUMOD] Scripts not checking menumode:
	SCPT(GhostfenceScriptNoSound)
    [JUNKCEL] Junk Cells:                        Flags
	Ashlands Region (1, 3)                   0x02
	Ashlands Region (2, 3)                   0x02
    [OVR-REC] Overridden Records:
	From Master         Type    Name
	bloodmoon.esm       LTEX    rm_rock_03
	morrowind.esm       ACTI    ex_gg_portcullis_01
	morrowind.esm       ACTI    ex_gg_portcullis_02
	morrowind.esm       LAND    (1, 3)
	morrowind.esm       LAND    (1, 4)
	morrowind.esm       LAND    (1, 5)
	morrowind.esm       LAND    (2, 3)
	morrowind.esm       LAND    (2, 4)
	morrowind.esm       LAND    (2, 5)
	morrowind.esm       LAND    (3, 4)
	morrowind.esm       LAND    (3, 5)
	morrowind.esm       LTEX    lavacrust02.tga
	morrowind.esm       LTEX    ma_crackedearth
	morrowind.esm       LTEX    ma_lava
	morrowind.esm       LTEX    ma_lava02
	morrowind.esm       LTEX    ma_lava03
	morrowind.esm       LTEX    ma_lava04
	morrowind.esm       LTEX    ma_lava05
	morrowind.esm       LTEX    ma_lava06
	morrowind.esm       LTEX    ma_lavacrust.tga
	morrowind.esm       LTEX    ma_lavaflow
	morrowind.esm       LTEX    ma_lavaridge
	morrowind.esm       LTEX    ma_lavarock
	morrowind.esm       LTEX    ma_rock04
	morrowind.esm       LTEX    ma_sulphur_rock07
	morrowind.esm       LTEX    ma_sulphur_rock08
	morrowind.esm       LTEX    ma_sulphur_rock09
	morrowind.esm       LTEX    rm_rock_02
	morrowind.esm       LTEX    rm_whiterock
	morrowind.esm       LTEX    tx_rm_grayrock_01.tga
	morrowind.esm       PGRD    ghostgate
	morrowind.esm       PGRD    ghostgate, temple
	morrowind.esm       PGRD    ghostgate, tower of dawn
	morrowind.esm       PGRD    ghostgate, tower of dawn lower level
	morrowind.esm       PGRD    ghostgate, tower of dusk
	morrowind.esm       PGRD    ghostgate, tower of dusk lower level
	morrowind.esm       STAT    ex_gg_pylon_01
	tribunal.esm        LTEX    rm_grayrock
	tribunal.esm        LTEX    rm_rock_01
