RR_Ghost_Gate_Fortress_Eng (2).ESP: DUP-REC JUNKCEL MISSVER OVR-REC
    [JUNKCEL] Junk Cells:                        Flags
	Ashlands Region (-1, 4)                  0x02
	Ashlands Region (-2, 9)                  0x02
	Ashlands Region (-3, 10)                 0x02
	Ashlands Region (0, 12)                  0x02
	Ashlands Region (0, 3)                   0x02
	Ashlands Region (0, 4)                   0x02
	Ashlands Region (0, 5)                   0x02
	Ashlands Region (0, 6)                   0x02
	Ashlands Region (0, 7)                   0x02
	Ashlands Region (0, 8)                   0x02
	Ashlands Region (1, 3)                   0x02
	Ashlands Region (2, 3)                   0x02
	Ashlands Region (3, 3)                   0x02
	Ashlands Region (4, 12)                  0x02
	Ashlands Region (4, 3)                   0x02
	Ashlands Region (4, 4)                   0x02
	Ashlands Region (4, 5)                   0x02
	Ashlands Region (5, 12)                  0x02
	Ashlands Region (5, 6)                   0x02
	Red Mountain Region (-2, 10)             0x02
	Red Mountain Region (0, 9)               0x02
	Red Mountain Region (1, 10)              0x02
	Red Mountain Region (1, 11)              0x02
	Red Mountain Region (1, 5)               0x02
	Red Mountain Region (1, 6)               0x02
	Red Mountain Region (1, 8)               0x02
	Red Mountain Region (1, 9)               0x02
	Red Mountain Region (2, 10)              0x02
	Red Mountain Region (2, 11)              0x02
	Red Mountain Region (2, 6)               0x02
	Red Mountain Region (2, 7)               0x02
	Red Mountain Region (2, 9)               0x02
	Red Mountain Region (3, 6)               0x02
	Red Mountain Region (3, 9)               0x02
	Red Mountain Region (4, 11)              0x02
	Red Mountain Region (4, 6)               0x02
	Red Mountain Region (4, 8)               0x02
	West Gash Region (-1, 3)                 0x02
    [DUP-REC] Duplicate Records:
	From Master         Type    Name
	tribunal.esm        LTEX    rm_grayrock
    [OVR-REC] Overridden Records:
	From Master         Type    Name
	morrowind.esm       ACTI    ex_gg_portcullis_01
	morrowind.esm       ACTI    ex_gg_portcullis_02
	morrowind.esm       LAND    (0, 3)
	morrowind.esm       LTEX    ma_lavaridge
	morrowind.esm       PGRD    ashlands region
	morrowind.esm       PGRD    ghostgate
	morrowind.esm       PGRD    red mountain region
	morrowind.esm       STAT    ex_gg_pylon_01
	redmountainreborn.esp    LAND    (-1, 3)
	redmountainreborn.esp    LAND    (-1, 4)
	redmountainreborn.esp    LAND    (0, 4)
	redmountainreborn.esp    LAND    (0, 5)
	redmountainreborn.esp    LAND    (1, 3)
	redmountainreborn.esp    LAND    (1, 4)
	redmountainreborn.esp    LAND    (1, 5)
	redmountainreborn.esp    LAND    (1, 6)
	redmountainreborn.esp    LAND    (2, 3)
	redmountainreborn.esp    LAND    (2, 4)
	redmountainreborn.esp    LAND    (2, 5)
	redmountainreborn.esp    LAND    (2, 6)
	redmountainreborn.esp    LAND    (3, 3)
	redmountainreborn.esp    LAND    (3, 4)
	redmountainreborn.esp    LAND    (3, 5)
	redmountainreborn.esp    LAND    (3, 6)
	redmountainreborn.esp    LAND    (4, 3)
	redmountainreborn.esp    LAND    (4, 4)
	redmountainreborn.esp    LAND    (4, 5)
	redmountainreborn.esp    LAND    (4, 6)
	redmountainreborn.esp    LTEX    al_ash_01
	redmountainreborn.esp    LTEX    al_ash_02
	redmountainreborn.esp    LTEX    al_ash_03
	redmountainreborn.esp    LTEX    al_ash_04
	redmountainreborn.esp    LTEX    daedric stone
	redmountainreborn.esp    LTEX    lavacrust02.tga
	redmountainreborn.esp    LTEX    ma_crackedearth
	redmountainreborn.esp    LTEX    ma_lava
	redmountainreborn.esp    LTEX    ma_lava02
	redmountainreborn.esp    LTEX    ma_lava03
	redmountainreborn.esp    LTEX    ma_lava04
	redmountainreborn.esp    LTEX    ma_lava05
	redmountainreborn.esp    LTEX    ma_lava06
	redmountainreborn.esp    LTEX    ma_lavacrust.tga
	redmountainreborn.esp    LTEX    ma_lavaflow
	redmountainreborn.esp    LTEX    ma_rock04
	redmountainreborn.esp    LTEX    ma_sulphur_rock07
	redmountainreborn.esp    LTEX    ma_sulphur_rock08
	redmountainreborn.esp    LTEX    ma_sulphur_rock09
	redmountainreborn.esp    LTEX    rm_redrock
	redmountainreborn.esp    LTEX    rm_rock_02
	redmountainreborn.esp    LTEX    rm_rock_03
	redmountainreborn.esp    LTEX    rm_whiterock
	redmountainreborn.esp    LTEX    tx_rm_grayrock_01.tga
	redmountainreborn.esp    LTEX    wg_rock
	redmountainreborn.esp    LTEX    wg_rockydirt
	redmountainreborn.esp    LTEX    wg_scrub plain
	tribunal.esm        LTEX    rm_rock_01
