ruinsoffalensarano.ESP: DUP-REC JUNKCEL MISSAUT MISSDSC MISSVER OVR-REC
    [JUNKCEL] Junk Cells:                        Flags
	Grazelands Region (10, 7)                0x02
	Molag Mar Region (8, 4)                  0x02
    [DUP-REC] Duplicate Records:
	From Master         Type    Name
	morrowind.esm       WEAP    chitin spear
	tribunal.esm        CONT    com_chest_02_books
	tribunal.esm        DOOR    in_db_door_oval
	tribunal.esm        STAT    in_db_front
    [OVR-REC] Overridden Records:
	From Master         Type    Name
	morrowind.esm       LAND    (10, 5)
	morrowind.esm       LAND    (10, 6)
	morrowind.esm       LAND    (10, 7)
	morrowind.esm       LAND    (8, 4)
	morrowind.esm       LAND    (8, 5)
	morrowind.esm       LAND    (8, 6)
	morrowind.esm       LAND    (8, 7)
	morrowind.esm       LAND    (9, 5)
	morrowind.esm       LAND    (9, 6)
	morrowind.esm       LAND    (9, 7)
	morrowind.esm       LTEX    ac_darkstone02
	morrowind.esm       LTEX    al_ash_01
	morrowind.esm       LTEX    al_ash_02
	morrowind.esm       LTEX    al_ash_03
	morrowind.esm       LTEX    al_ash_04
	morrowind.esm       LTEX    al_road_01
	morrowind.esm       LTEX    gl_dirt_01
	morrowind.esm       LTEX    gl_dirt_02
	morrowind.esm       LTEX    gl_dirt_grass_02
	morrowind.esm       LTEX    gl_dirtroad
	morrowind.esm       LTEX    gl_grass_03
	morrowind.esm       LTEX    gl_grass_04
	morrowind.esm       LTEX    gl_grass_05
	morrowind.esm       LTEX    gl_rock_01
	morrowind.esm       LTEX    gl_rock_02
	morrowind.esm       LTEX    ma_crackedearth
	morrowind.esm       LTEX    ma_lava
	morrowind.esm       LTEX    ma_lava03
	morrowind.esm       LTEX    ma_lavaflow
	morrowind.esm       LTEX    ma_lavarock
	morrowind.esm       LTEX    ma_rock04
	morrowind.esm       LTEX    ma_sandstone02
	morrowind.esm       LTEX    ma_sulphur_rock01
	morrowind.esm       LTEX    rm_rock_02
	tribunal.esm        LTEX    ai_tilled_dirt
	tribunal.esm        LTEX    rm_grayrock
	tribunal.esm        LTEX    rm_rock_01
