SecretOfVilmuhn (2).ESP: DUP-INF DUP-REC MASTERS MENUMOD MISSDSC MISSVER OVR-REC
    MASTERS: out of sync with the masters installed in your Data Files directory:
	Tamriel_Data.esm            10684550 (plugin)   11064795 (installed size)
	TR_Mainland.esm            163703637 (plugin)  163244128 (installed size)
    [MENUMOD] Scripts not checking menumode:
	SCPT(GVMJ_BreMan)
	SCPT(GVMJ_Countdown)
	SCPT(GVMJ_Fight_Man)
	SCPT(GVMJ_Room_Drain)
	SCPT(GVMJ_dwemLich_Manager)
    [DUP-REC] Duplicate Records:
	From Master         Type    Name
	tr_mainland.esm     LTEX    rock_coastal
	tr_mainland.esm     LTEX    sand
    [OVR-REC] Overridden Records:
	From Master         Type    Name
	bloodmoon.esm       LTEX    ac_darkgravel
	bloodmoon.esm       LTEX    sand_02
	bloodmoon.esm       LTEX    tx_bm_snow_01.dds
	bloodmoon.esm       LTEX    tx_bm_snow_02.dds
	bloodmoon.esm       LTEX    tx_bm_snow_03.dds
	morrowind.esm       LAND    (6, 26)
	morrowind.esm       LAND    (7, 26)
	morrowind.esm       LAND    (8, 26)
	morrowind.esm       LAND    (9, 26)
	tamriel_data.esm    DIAL    dwemer
	tamriel_data.esm    LTEX    t_mw_terrrockac_03
	tamriel_data.esm    LTEX    t_mw_terrrockrr_04
	tamriel_data.esm    LTEX    t_mw_terrrocksnowac_01
	tamriel_data.esm    LTEX    t_mw_terrrocksnowac_02
	tr_mainland.esm     DIAL    dumac
	tr_mainland.esm     LTEX    ac_darkstone01
	tr_mainland.esm     LTEX    ac_darkstone02
	tr_mainland.esm     LTEX    ac_darkstone_grass
	tr_mainland.esm     LTEX    ac_roundstone
	tr_mainland.esm     LTEX    lavacrust01.tga
	tr_mainland.esm     LTEX    lavacrust02.tga
	tr_mainland.esm     LTEX    ma_lava
	tr_mainland.esm     LTEX    ma_lavacrust.tga
	tr_mainland.esm     LTEX    ma_lavaridge
	tr_mainland.esm     LTEX    ma_lavarock
	tr_mainland.esm     LTEX    ma_sulphur_rock01
	tr_mainland.esm     LTEX    rm_rock_02
	tr_mainland.esm     LTEX    tx_ai_mudflats_01.tga
	tr_mainland.esm     LTEX    tx_bc_moss.tga
	tr_mainland.esm     LTEX    wg_rock
	tribunal.esm        DIAL    greeting 1
	tribunal.esm        LTEX    rm_grayrock
	tribunal.esm        LTEX    rm_rock_01

[DUP-INF]: ID=13568231434823734(Greeting:greeting 1)
  |DATA|ONAM:lich_relvel|NAME:Weakling! You dare to cross my threshold? You, then, will be the first to fall, before the undead army sweeps across this land like a plague, cleansing it of your flesh.  Die, mortal!|BNAM:StartCombat Player  SetFight 100  Goodbye

[DUP-INF]: ID=300107775346128394(Topic:dumac)
  |DATA|FNAM:Telvanni|NAME:Dumac was a king among the Dwemer and a friend of the hero Nerevar before the war began. He served with Nerevar on the First Council and died with Nerevar at Red Mountain.|SCVR:0CsX0NoLore|INTV

[DUP-INF]: ID=27245126462691831330(Topic:dwemer)
  |DATA|CNAM:Priest|FNAM:Temple|NAME:They call them 'Dwarves' in the West. In their folly and pride, the Dwemer conspired to create a god to serve them and to destroy the Dunmer. But now they are no more.|BNAM:;Temple; priests; monks; healers;
