Sentinel+SerendipityTraveler SO.esp: DUP-REC MENUMOD MISSVER MOD-INF MOD-IID OVR-REC
    [MENUMOD] Scripts not checking menumode:
	SCPT(ab01sleepingBeautyScript)
	SCPT(ab01stNomBedEnableScript)
    [OVR-REC] Overridden Records:
	From Master         Type    Name
	bloodmoon.esm       LTEX    ac_darkgravel
	bloodmoon.esm       LTEX    sand_02
	bloodmoon.esm       PGRD    fort frostmoth
	morrowind.esm       CONT    contain_corpse10_silent
	morrowind.esm       DIAL    rolasa oren
	morrowind.esm       LTEX    ac_darkstone01
	morrowind.esm       LTEX    ac_darkstone02
	morrowind.esm       LTEX    ac_darkstone_grass
	morrowind.esm       LTEX    ac_dirt_grass_01
	morrowind.esm       LTEX    ac_dirt_grass_02
	morrowind.esm       LTEX    ac_dirtroad_01
	morrowind.esm       LTEX    al_road_01
	morrowind.esm       LTEX    ma_lava
	morrowind.esm       LTEX    ma_lava04
	morrowind.esm       LTEX    ma_lava05
	morrowind.esm       LTEX    ma_lava06
	morrowind.esm       LTEX    ma_lavarock
	morrowind.esm       PGRD    buckmoth legion fort
	morrowind.esm       PGRD    dagon fel
	morrowind.esm       PGRD    ebonheart
	morrowind.esm       PGRD    moonmoth legion fort
	morrowind.esm       PGRD    pelagiad
	tribunal.esm        DIAL    greeting 1
	tribunal.esm        DIAL    transport to mournhold

[MOD-INF]: ID=1298429146360420545(Topic:rolasa oren)
  morrowind.esm----------------------->|DATA|ONAM:nileno dorvayn|DNAM:Hlaalu|NAME:She lives in Vivec, like I said. Somewhere in the Foreign Quarter.|SCVR:06DX0rolasa oren|INTV:|SCVR:34JX3HH_EggMine|INTV:d
  Sentinel+SerendipityTraveler SO.esp->|DATA|ONAM:ghost_npc_hort_ledd-2|DNAM:Hlaalu|NAME:She lives in Vivec, like I said. Somewhere in the Foreign Quarter.|SCVR:06DX0rolasa oren|INTV:|SCVR:34JX3HH_EggMine|INTV:d

[MOD-INF]: ID=1298429146360420545(Topic:rolasa oren)
  morrowind.esm----------------------->|DATA|ONAM:nileno dorvayn|DNAM:Hlaalu|NAME:She lives in Vivec, like I said. Somewhere in the Foreign Quarter.|SCVR:06DX0rolasa oren|INTV:|SCVR:34JX3HH_EggMine|INTV:d
  Sentinel+SerendipityTraveler SO.esp->|DATA|ONAM:ghost_npc_hort_ledd-2|DNAM:Hlaalu|NAME:She lives in Vivec, like I said. Somewhere in the Foreign Quarter.|SCVR:06DX0rolasa oren|INTV:|SCVR:34JX3HH_EggMine|INTV:d
[MOD-IID]: ID=235112578510612945
  Sentinel+SerendipityTraveler SO.esp->She lives in Vivec, like I said. Somewhere in the Foreign Quarter.
