Seyda Neen Imperial Port v0.3.esp: DUP-INF DUP-REC FOGBUG JUNKCEL MENUMOD MISSVER MOD-INF OVR-REC
    [FOGBUG]: Cells with zero fog density setting:
	Seyda Neen, The Swamp Shed
    [MENUMOD] Scripts not checking menumode:
	SCPT(S1_FrarisScript)
	SCPT(S1_Pub)
	SCPT(S1_chargenboathull)
	SCPT(S1_fargothlocalstate)
	SCPT(S1_journalscript)
	SCPT(S1_nohellonolore)
	SCPT(S1_wavesound)
	SCPT(S1chargennotalk)
	SCPT(lookoutScript)
	SCPT(s1_alavesaScript)
    [JUNKCEL] Junk Cells:                        Flags
	Bitter Coast Region (-4, -9)             0x02
    [DUP-DIAL] Duplicate Dialog Records:
	From Master         Type    Name
	morrowind.esm       DIAL    indrele rathryon
	morrowind.esm       DIAL    murder of processus vitellius
    [DUP-REC] Duplicate Records:
	From Master         Type    Name
	morrowind.esm       LTEX    ac_darkstone01
	morrowind.esm       LTEX    ac_darkstone02
	morrowind.esm       LTEX    ai_grass_cobbles
	morrowind.esm       LTEX    ai_grass_rocky
	morrowind.esm       LTEX    rm_rock_01
	morrowind.esm       LTEX    rm_rock_02
	morrowind.esm       LTEX    road dirt
	morrowind.esm       LTEX    rock_coastal
	morrowind.esm       LTEX    sand
	morrowind.esm       LTEX    wg_scrub plain
    [OVR-REC] Overridden Records:
	From Master         Type    Name
	bloodmoon.esm       LTEX    rm_rock_03
	bloodmoon.esm       LTEX    sand_02
	bloodmoon.esm       LTEX    tx_bc_rock_03.tga
	bloodmoon.esm       LTEX    tx_bm_rock_01.dds
	bloodmoon.esm       LTEX    tx_bm_rock_02.dds
	bloodmoon.esm       LTEX    tx_bm_rock_03.dds
	bloodmoon.esm       LTEX    tx_bm_snow_rock_01.dds
	bloodmoon.esm       LTEX    wg_road
	morrowind.esm       DIAL    fargoth's hiding place
	morrowind.esm       LAND    (-1, -10)
	morrowind.esm       LAND    (-1, -9)
	morrowind.esm       LAND    (-2, -10)
	morrowind.esm       LAND    (-2, -8)
	morrowind.esm       LAND    (-2, -9)
	morrowind.esm       LAND    (-3, -10)
	morrowind.esm       LAND    (-3, -8)
	morrowind.esm       LAND    (-3, -9)
	morrowind.esm       LAND    (-4, -9)
	morrowind.esm       LTEX    ac_darkstone_grass
	morrowind.esm       LTEX    ac_dirtroad_01
	morrowind.esm       LTEX    ac_roundstone
	morrowind.esm       LTEX    ac_scrubplain_01
	morrowind.esm       LTEX    ac_scrubplain_02
	morrowind.esm       LTEX    ai_mudflats_01.tga
	morrowind.esm       LTEX    al_ash_04
	morrowind.esm       LTEX    al_road_01
	morrowind.esm       LTEX    daedric stone
	morrowind.esm       LTEX    daedric_scrubruins
	morrowind.esm       LTEX    gl_dirtroad
	morrowind.esm       LTEX    gl_rock_01
	morrowind.esm       LTEX    gl_rock_02
	morrowind.esm       LTEX    ma_crackedearth
	morrowind.esm       LTEX    ma_lava
	morrowind.esm       LTEX    ma_lava02
	morrowind.esm       LTEX    ma_lava06
	morrowind.esm       LTEX    ma_lavacrust.tga
	morrowind.esm       LTEX    ma_lavaridge
	morrowind.esm       LTEX    ma_lavarock
	morrowind.esm       LTEX    ma_rock04
	morrowind.esm       LTEX    ma_sandstone02
	morrowind.esm       LTEX    ma_sulphur_rock01
	morrowind.esm       LTEX    ma_sulphur_rock02
	morrowind.esm       LTEX    ma_sulphur_rock03
	morrowind.esm       LTEX    rm_redrock
	morrowind.esm       LTEX    rm_whiterock
	morrowind.esm       LTEX    tx_ai_mudflats_01.tga
	morrowind.esm       LTEX    tx_bc_bank.tga
	morrowind.esm       LTEX    tx_bc_dirt.tga
	morrowind.esm       LTEX    tx_bc_grass.tga
	morrowind.esm       LTEX    tx_bc_mainroad_01.tga
	morrowind.esm       LTEX    tx_bc_moss.tga
	morrowind.esm       LTEX    tx_bc_muck.tga
	morrowind.esm       LTEX    tx_bc_muck_01.tga
	morrowind.esm       LTEX    tx_bc_mud.tga
	morrowind.esm       LTEX    tx_bc_rock_01.tga
	morrowind.esm       LTEX    tx_bc_rock_02.tga
	morrowind.esm       LTEX    tx_bc_rock_04.tga
	morrowind.esm       LTEX    tx_bc_rockyscrub.tga
	morrowind.esm       LTEX    tx_bc_scrub.tga
	morrowind.esm       LTEX    tx_bc_undergrowth.tga
	morrowind.esm       LTEX    tx_land_darkstone01.tga
	morrowind.esm       LTEX    tx_land_darkstone02.tga
	morrowind.esm       LTEX    tx_rm_grayrock_01.tga
	morrowind.esm       LTEX    tx_rock_wg_01.tga
	morrowind.esm       LTEX    tx_rocky_mt.tga
	morrowind.esm       LTEX    tx_rockyscrub_01.tga
	morrowind.esm       LTEX    wg_cobblestones
	morrowind.esm       LTEX    wg_dirtroad_01
	morrowind.esm       LTEX    wg_dirtscrub
	morrowind.esm       LTEX    wg_mainroad_01
	morrowind.esm       LTEX    wg_rock
	morrowind.esm       LTEX    wg_rockydirt
	morrowind.esm       LTEX    wg_rockyscrub
	morrowind.esm       NPC_    adondasi sadalvel
	morrowind.esm       NPC_    chargen dock guard
	morrowind.esm       NPC_    eldafire
	morrowind.esm       NPC_    fargoth
	morrowind.esm       NPC_    folsi thendas
	morrowind.esm       NPC_    indrele rathryon
	morrowind.esm       NPC_    punibi yahaz
	morrowind.esm       NPC_    selvil sareloth
	morrowind.esm       NPC_    thavere vedrano
	morrowind.esm       NPC_    vodunius nuccius
	morrowind.esm       PGRD    bitter coast region
	morrowind.esm       PGRD    seyda neen
	morrowind.esm       PGRD    seyda neen, lighthouse
	tribunal.esm        DIAL    beds
	tribunal.esm        DIAL    greeting 1
	tribunal.esm        DIAL    greeting 7
	tribunal.esm        DIAL    latest rumors
	tribunal.esm        DIAL    little advice
	tribunal.esm        DIAL    services
	tribunal.esm        DIAL    someone in particular
	tribunal.esm        DIAL    specific place
	tribunal.esm        LTEX    ai_dirt
	tribunal.esm        LTEX    ai_dirtroad
	tribunal.esm        LTEX    ai_grass
	tribunal.esm        LTEX    ai_grass_02
	tribunal.esm        LTEX    ai_grass_dirt
	tribunal.esm        LTEX    ai_tilled_dirt
	tribunal.esm        LTEX    rm_grayrock
	tribunal.esm        LTEX    tx_ai_mainroad_01.tga

[MOD-INF]: ID=5553705712003887(Topic:someone in particular)
  morrowind.esm--------------------->|DATA|ANAM:Seyda Neen|NAME:The Altmer Arrille runs Arrille's Tradehouse. Socucius Ergalla is the chief agent at the Census and Excise offices.|SCVR:07XX0arrille|INTV|SCVR:17XX0chargen class|INTV|SCVR:2CsX0NoLore|INTV|INTV|BNAM:;Seyda Neen;
  Seyda Neen Imperial Port v0.3.esp->|DATA|ANAM:Seyda Neen|NAME:The Altmer Arrille runs Arrille's Tradehouse. Indara Ilvina owns the Swamp Shed, the local inn. Socucius Ergalla is the chief agent at the Census and Excise offices.|SCVR:07XX0arrille|INTV|SCVR:17XX0chargen class|INTV|SCVR:2CsX0NoLore|INTV|INTV|SCVR:47XX0S1_Indara Ilvina|INTV|BNAM:;Seyda Neen;

[DUP-INF]: ID=69012022782525615(Topic:indrele rathryon)
  |DATA|ANAM:Seyda Neen|NAME:You'll find her shack on the west side of town.|SCVR:0CsX0NoLore|INTV:

[MOD-INF]: ID=88631762947825776(Topic:fargoth's hiding place)
  morrowind.esm--------------------->|DATA|ONAM:hrisskar flat-foot|NAME:Excellent. Here's what I want you to do. I'm not sure where he goes, but I know he wanders around town at night. Watch his movements. The best vantage point is on top of the lighthouse south of town. That will give you a nice view of all of Seyda Neen. If you keep an eye on where he goes, I'm sure you'll be able to figure out where he's hiding that gold.|SCVR:01500|INTV|BNAM:Journal "MS_Lookout" 20
  Seyda Neen Imperial Port v0.3.esp->|DATA|ONAM:hrisskar flat-foot|NAME:Excellent. Here's what I want you to do. I'm not sure where he goes, but I know he wanders around town at night. Watch his movements. The best vantage point is on top of the lighthouse near the docks. That will give you a nice view of the town. If you keep an eye on where he goes, I'm sure you'll be able to figure out where he's hiding that gold.|SCVR:01500|INTV|BNAM:Journal "MS_Lookout" 20

[MOD-INF]: ID=124735414790028426(Topic:little advice)
  tribunal.esm---------------------->|DATA|ONAM:eldafire|NAME:You look like you can take care of yourself. Then why don't you do something about those smugglers in Addamasartus cave? It's right over there near the silt strider port. Yet these guards! Look at them. Just strutting around. Someone must have paid them to ignore the smuggling going on here.|SCVR:06DX0Melar Baram|INTV:|SCVR:16DX0Tanisie Verethi|INTV:|SCVR:26DX0Mulvisie Othril|INTV:
  Seyda Neen Imperial Port v0.3.esp->|DATA|ONAM:eldafire|NAME:You look like you can take care of yourself. Then why don't you do something about those smugglers in Addamasartus cave? It's just east of town, by the road. Yet these guards! Look at them. Just strutting around. Someone must have paid them to ignore the smuggling going on here.|SCVR:06DX0Melar Baram|INTV:|SCVR:16DX0Tanisie Verethi|INTV:|SCVR:26DX0Mulvisie Othril|INTV:

[DUP-INF]: ID=1181614601662221205(Topic:murder of processus vitellius)
  |DATA|ANAM:Seyda Neen|NAME:Found his body, huh? Well, it's up to you what to do with that information. I suppose that Socucius Ergalla in the Census and Excise Office would be the one to tell, if that's your inclination.|SCVR:04JX0MV_DeadTaxman|INTV: |SCVR:1CsX0NoLore|INTV:|SCVR:27XX0thavere vedrano|INTV

[MOD-INF]: ID=1248319992938512979(Topic:little advice)
  tribunal.esm---------------------->|DATA|ONAM:arrille|NAME:If you want to live to a ripe old age, buy a weapon and as much armor as you can wear and still run from trouble. Buy a spell or two. And practice your skills. Don't practice on citizens. We call that foul murder, and we don't like it. But you can kill smugglers and bandits and other outlaws all you like. Outlaws have no rights. Plenty of adventurers make a living from killing and looting outlaws. That smuggler scum down in Addamasartus, for instance. The cave down near the silt strider platform.
  Seyda Neen Imperial Port v0.3.esp->|DATA|ONAM:arrille|NAME:If you want to live to a ripe old age, buy a weapon and as much armor as you can wear and still run from trouble. Buy a spell or two. And practice your skills. Don't practice on citizens. We call that foul murder, and we don't like it. But you can kill smugglers and bandits and other outlaws all you like. Outlaws have no rights. Plenty of adventurers make a living from killing and looting outlaws. That smuggler scum down in Addamasartus, for instance. The cave just east of town.

[MOD-INF]: ID=1469412633283572447(Topic:latest rumors)
  tribunal.esm---------------------->|DATA|ANAM:Seyda Neen|NAME:I've heard that the local tax collector, Processus Vitellius, is missing. No surprise, really. He wasn't well liked around here.|SCVR:04JX4MV_DeadTaxman|INTV: |SCVR:1CsX0NoLore|INTV:
  Seyda Neen Imperial Port v0.3.esp->|DATA|ANAM:Seyda Neen|NAME:I've heard that the local tax collector, Processus Vitellius, is missing. No surprise, really. He wasn't well liked around here.|SCVR:04JX4MV_DeadTaxman|INTV: |SCVR:1CsX0NoLore|INTV|INTV

[DUP-INF]: ID=2182878901212026068(Topic:murder of processus vitellius)
  |DATA|ANAM:Seyda Neen|NAME:Someone finally got him, huh? Well, it's no surprise, I suppose. No one likes a tax collector, especially one who flaunts his wealth while taking our hard-earned cash. Only one who could stomach him at all was Thavere over in the lighthouse. The two of them spent some time together. Shame, really. She seemed like a nice woman.|SCVR:04JX3MV_DeadTaxman|INTV:0|SCVR:14JX5MV_DeadTaxman|INTV:F|SCVR:2CsX0NoLore|INTV:|SCVR:37XX0thavere vedrano|INTV|BNAM:Journal "MV_DeadTaxman" 50

[MOD-INF]: ID=11076147282210315417(Topic:services)
  morrowind.esm--------------------->|DATA|ANAM:Seyda Neen|NAME:Get food and sundries from Arrille's Tradehouse. That's also where you'll find anyone who offers training. Not much else in the way of services in this damp little squat.|SCVR:07XX0arrille|INTV|SCVR:1CsX0NoLore|INTV|INTV|SCVR:3CsX0NoLore|INTV:|BNAM:;Seyda Neen;
  Seyda Neen Imperial Port v0.3.esp->|DATA|ANAM:Seyda Neen|NAME:Get food and sundries from Arrille's Tradehouse. That's also where you'll find anyone who offers training. Some of the street vendors might have decent supplies. You can rent a room at The Swamp Shed.|SCVR:07XX0arrille|INTV|SCVR:1CsX0NoLore|INTV|INTV|SCVR:3CsX0NoLore|INTV:|SCVR:47XX0S1_Indara Ilvina|INTV|BNAM:;Seyda Neen;

[MOD-INF]: ID=27440159621703420683(Topic:latest rumors)
  tribunal.esm---------------------->|DATA|ANAM:Seyda Neen|NAME:These Imperial tax collectors have really started to get on everyone's nerves. Haven't seen the local one in a while, though...not that anyone is complaining.|SCVR:04JX4MV_DeadTaxman|INTV: |SCVR:1CsX0NoLore|INTV:
  Seyda Neen Imperial Port v0.3.esp->|DATA|ANAM:Seyda Neen|NAME:These Imperial tax collectors have really started to get on everyone's nerves. Haven't seen the local one in a while, though...not that anyone is complaining.|SCVR:04JX4MV_DeadTaxman|INTV: |SCVR:1CsX0NoLore|INTV|INTV

[MOD-INF]: ID=28173136561170913399(Topic:specific place)
  morrowind.esm--------------------->|DATA|ANAM:Seyda Neen|NAME:Not much here. Arrille's Tradehouse, the Census and Excise offices -- that's the Coast Guard, too -- and a lighthouse. And that's it. Silt strider service goes to Vivec, Balmora, Gnisis, and Suran. The road goes north past Pelagiad to Balmora, and east to Vivec, and southeast to Ebonheart.|SCVR:07XX0arrille|INTV|SCVR:1CsX0nolore|INTV:|SCVR:27XX0darvame hleran|INTV|INTV|BNAM:;Seyda Neen;
  Seyda Neen Imperial Port v0.3.esp->|DATA|ANAM:Seyda Neen|NAME:Not much here. Arrille's Tradehouse, a tavern called The Swamp Shed, the Census and Excise offices -- that's the Coast Guard, too -- and a lighthouse. And that's it. Silt strider service goes to Vivec, Balmora, Gnisis, and Suran. The road goes north past Pelagiad to Balmora, and east to Vivec, and southeast to Ebonheart.|SCVR:07XX0arrille|INTV|SCVR:1CsX0NoLore|INTV:|SCVR:27XX0darvame hleran|INTV|INTV|BNAM:;Seyda Neen;
