Shipyards of Vvardenfell(1).esp: DUP-INF DUP-REC MASTERS MENUMOD MISSDSC MISSVER OVR-REC
    MASTERS: out of sync with the masters installed in your Data Files directory:
	Tamriel_Data.esm            10684550 (plugin)   11064795 (installed size)
    [MENUMOD] Scripts not checking menumode:
	SCPT(Arasscript)
	SCPT(Arenimscript)
	SCPT(Arenimscript2)
	SCPT(DisappearMe)
	SCPT(DisappearMeThelas)
	SCPT(DisappearMyShip)
	SCPT(DisappearMyShip2)
	SCPT(Gergioscript)
	SCPT(Lalainescript)
	SCPT(Mavassa)
	SCPT(Oritius2script)
	SCPT(Salvani_global_script)
	SCPT(Salvaniscript)
	SCPT(Shipyarddoor1)
	SCPT(Shipyarddoor2)
	SCPT(Shipyarddoor3)
	SCPT(Tirnurscript)
	SCPT(Ulvon2script)
	SCPT(Ulvon3script)
	SCPT(Ulvonscript)
	SCPT(Varusscript)
	SCPT(dreughappear)
	SCPT(shipyardMOD3_moveGuard)
	SCPT(wind-in-ears-script)
    [DUP-REC] Duplicate Records:
	From Master         Type    Name
	tribunal.esm        LTEX    rm_rock_01
    [OVR-REC] Overridden Records:
	From Master         Type    Name
	bloodmoon.esm       LTEX    ac_darkgravel
	bloodmoon.esm       LTEX    sand_02
	bloodmoon.esm       LTEX    tx_bc_rock_03.tga
	morrowind.esm       DIAL    feel ill
	morrowind.esm       DIAL    slaves
	morrowind.esm       LAND    (17, 4)
	morrowind.esm       LTEX    ac_darkstone01
	morrowind.esm       LTEX    ac_darkstone02
	morrowind.esm       LTEX    ac_darkstone_grass
	morrowind.esm       LTEX    ac_dirt_grass_02
	morrowind.esm       LTEX    ac_dirtroad_01
	morrowind.esm       LTEX    ac_roundstone
	morrowind.esm       LTEX    gl_dirt_01
	morrowind.esm       LTEX    gl_dirtroad
	morrowind.esm       LTEX    gl_grass_01
	morrowind.esm       LTEX    road dirt
	morrowind.esm       LTEX    tx_ai_mudflats_01.tga
	morrowind.esm       LTEX    tx_bc_dirt.tga
	morrowind.esm       LTEX    tx_bc_grass.tga
	morrowind.esm       LTEX    tx_bc_moss.tga
	morrowind.esm       LTEX    tx_bc_muck_01.tga
	morrowind.esm       LTEX    tx_bc_mud.tga
	morrowind.esm       LTEX    tx_bc_rock_01.tga
	morrowind.esm       LTEX    tx_bc_rockyscrub.tga
	morrowind.esm       LTEX    tx_bc_scrub.tga
	morrowind.esm       LTEX    tx_bc_undergrowth.tga
	morrowind.esm       LTEX    wg_dirtscrub
	morrowind.esm       LTEX    wg_rockydirt
	morrowind.esm       LTEX    wg_scrub plain
	tamriel_data.esm    DIAL    greeting 2
	tribunal.esm        DIAL    background
	tribunal.esm        DIAL    greeting 1
	tribunal.esm        DIAL    my trade
	tribunal.esm        LTEX    rm_grayrock
	tribunal.esm        LTEX    tx_ai_mainroad_01.tga
	tribunal.esm        NPC_    eno romari

[DUP-INF]: ID=143615274198053934(Greeting:greeting 2)
  |DATA|ONAM:mastrius|NAME:Leave this place. You should not be here.|SCVR:01601|INTV

[DUP-INF]: ID=28288248112506910274(Greeting:greeting 2)
  |DATA|ONAM:mastrius|NAME:I must escape this dungeon. It has been too long since I have tasted the blood of man or mer.|SCVR:01600|INTV|SCVR:14JX2VA_VampCurse|INTV
