Something's Not Right.ESP: MENUMOD
    [MENUMOD] Scripts not checking menumode:
	SCPT(CliffSNRAdanumuranScript)
	SCPT(CliffSNRAnimalsScript)
	SCPT(CliffSNRAnudnabiaScript)
	SCPT(CliffSNRArkngthand01Script)
	SCPT(CliffSNRArkngthand02Script)
	SCPT(CliffSNRArkngthand03Script)
	SCPT(CliffSNRAsserScript)
	SCPT(CliffSNRBMAnimalsScript)
	SCPT(CliffSNRBMBanditsIntScript)
	SCPT(CliffSNRBMBanditsScript)
	SCPT(CliffSNRBMConnorflengeScript)
	SCPT(CliffSNRBMDaedras)
	SCPT(CliffSNRBMFjaldingScript)
	SCPT(CliffSNRBMGyldenhulScript)
	SCPT(CliffSNRBMKarstaag01Script)
	SCPT(CliffSNRBMKarstaag02Script)
	SCPT(CliffSNRBMKarstaag03Script)
	SCPT(CliffSNRBMKarstaag04Script)
	SCPT(CliffSNRBMMortragScript)
	SCPT(CliffSNRBMRamimilkScript)
	SCPT(CliffSNRBMSkaalara01Script)
	SCPT(CliffSNRBMSkaalara02Script)
	SCPT(CliffSNRBMUdyfrykte01Script)
	SCPT(CliffSNRBMUndeadScript)
	SCPT(CliffSNRBalUrScript)
	SCPT(CliffSNRBanditsAnimalsScript)
	SCPT(CliffSNRBanditsFarRadiusScript)
	SCPT(CliffSNRBanditsScript)
	SCPT(CliffSNRBerandas01Script)
	SCPT(CliffSNRBerandas02Script)
	SCPT(CliffSNRBerandas03Script)
	SCPT(CliffSNRBerandas04Script)
	SCPT(CliffSNRBerandas05Script)
	SCPT(CliffSNRBerandas06Script)
	SCPT(CliffSNRBerandas07Script)
	SCPT(CliffSNRBerandas08Script)
	SCPT(CliffSNRBerandas09Script)
	SCPT(CliffSNRDaedras)
	SCPT(CliffSNRDaedrasFarRadiusScript)
	SCPT(CliffSNRDaedrasIntScript)
	SCPT(CliffSNRDagothUr01Script)
	SCPT(CliffSNRDagothUr02Script)
	SCPT(CliffSNRDagothUr03Script)
	SCPT(CliffSNRDagothUr04Script)
	SCPT(CliffSNRDubdillaScript)
	SCPT(CliffSNRDwemer)
	SCPT(CliffSNRDwemerBandits)
	SCPT(CliffSNRDwemerFar)
	SCPT(CliffSNRDwemerInterior)
	SCPT(CliffSNRDwemerSixthHouse)
	SCPT(CliffSNRDwemerUndead)
	SCPT(CliffSNRDwemerUndeadFar)
	SCPT(CliffSNRGnisisEggmine01Script)
	SCPT(CliffSNRGnisisEggmine02Script)
	SCPT(CliffSNRGrottosScript)
	SCPT(CliffSNRGrottosShortScript)
	SCPT(CliffSNRHeleranScript)
	SCPT(CliffSNRIbishammusScript)
	SCPT(CliffSNRIhinipalitScript)
	SCPT(CliffSNRIlunibiScript)
	SCPT(CliffSNRKogoruhn01Script)
	SCPT(CliffSNRKogoruhn02Script)
	SCPT(CliffSNRKogoruhn03Script)
	SCPT(CliffSNRKogoruhn04Script)
	SCPT(CliffSNRKogoruhn05Script)
	SCPT(CliffSNRKogoruhn06Script)
	SCPT(CliffSNRKogoruhn07Script)
	SCPT(CliffSNRKogoruhn08Script)
	SCPT(CliffSNRKogoruhn09Script)
	SCPT(CliffSNRKogoruhn10Script)
	SCPT(CliffSNRKogoruhn11Script)
	SCPT(CliffSNRKwamaMinesAbScript)
	SCPT(CliffSNRKwamaMinesScript)
	SCPT(CliffSNRKwamasBlightedScript)
	SCPT(CliffSNRLavaIntScript)
	SCPT(CliffSNRMamaea01Script)
	SCPT(CliffSNRMamaea02Script)
	SCPT(CliffSNRMarvaniScript)
	SCPT(CliffSNRMawaiaScript)
	SCPT(CliffSNRMinesScript)
	SCPT(CliffSNRNeranoTombScript)
	SCPT(CliffSNROmarenScript)
	SCPT(CliffSNRRieklingsScript)
	SCPT(CliffSNRSewersScript)
	SCPT(CliffSNRShallitScript)
	SCPT(CliffSNRSixthHouseFarScript)
	SCPT(CliffSNRSixthHouseLavaIntScript)
	SCPT(CliffSNRSixthHouseLavaScript)
	SCPT(CliffSNRSixthHouseScript)
	SCPT(CliffSNRTBBamzAmschend01Script)
	SCPT(CliffSNRTBBamzAmschend02Script)
	SCPT(CliffSNRTBDB01Script)
	SCPT(CliffSNRTBDB02Script)
	SCPT(CliffSNRTBDwemerInterior)
	SCPT(CliffSNRTBGoblinBase01Script)
	SCPT(CliffSNRTBGoblinBase02Script)
	SCPT(CliffSNRTBGoblinBase03Script)
	SCPT(CliffSNRTBNorenenDurScript)
	SCPT(CliffSNRTBShrine01Script)
	SCPT(CliffSNRTBShrine02Script)
	SCPT(CliffSNRTBTempleGardensScript)
	SCPT(CliffSNRTribunalGednaScript)
	SCPT(CliffSNRTribunalGoblinsFar)
	SCPT(CliffSNRTribunalUndeadFar)
	SCPT(CliffSNRTukushapalScript)
	SCPT(CliffSNRUndeadScript)
	SCPT(CliffSNRUrshilakuScript)
	SCPT(CliffSNRVivecFQTombsScript)
	SCPT(CliffSNRVivecHlaaluSewersScript)
	SCPT(CliffSNRVivecRedoranTombsScript)
