South Wall_RP.ESP: DUP-INF DUP-REC GETSND MASTERS MISSVER OVR-REC
    MASTERS: out of sync with the masters installed in your Data Files directory:
	Tamriel_Data.esm             8787443 (plugin)   11064795 (installed size)
	OAAB_Data.esm                1106203 (plugin)    1567893 (installed size)
    [GETSND] GetSoundPlaying possibly used to detect events:
	SCPT(RP_SouthWall_bard)
    [OVR-REC] Overridden Records:
	From Master         Type    Name
	morrowind.esm       DIAL    bacola closcius
	morrowind.esm       DIAL    caius cosades
	morrowind.esm       DIAL    outlander
	morrowind.esm       DIAL    south wall
	morrowind.esm       DIAL    sujamma
	morrowind.esm       PGRD    balmora, south wall cornerclub
	tamriel_data.esm    DIAL    bosmer
	tamriel_data.esm    DIAL    skooma
	tribunal.esm        DIAL    background
	tribunal.esm        DIAL    camonna tong
	tribunal.esm        DIAL    greeting 5
	tribunal.esm        DIAL    latest rumors
	tribunal.esm        DIAL    little advice
	tribunal.esm        DIAL    little secret
	tribunal.esm        DIAL    my trade
	tribunal.esm        DIAL    services

[DUP-INF]: ID=1288227500790714973(Greeting:greeting 5)
  |DATA|ONAM:gindrala hleran|NAME:Pardon me. But there's a very strange man in my house, and he won't leave. Will you go get him out of there, please?|SCVR:04JX3A2_2_6thHouse|INTV:2|SCVR:16DX0dreamer_02|INTV:
