SpeedandStaminaMB10.ESP: DUP-REC MISSAUT MISSDSC MISSVER OVR-REC
    [OVR-REC] Overridden Records:
	From Master         Type    Name
	morrowind.esm       GMST    fbaserunmultiplier
	morrowind.esm       GMST    fencumberedmoveeffect
	morrowind.esm       GMST    ffallacromult
	morrowind.esm       GMST    ffatiguerunbase
	morrowind.esm       GMST    ffatiguerunmult
	morrowind.esm       GMST    ffatigueswimrunbase
	morrowind.esm       GMST    ffatigueswimwalkbase
	morrowind.esm       GMST    fjumpacrobaticsbase
	morrowind.esm       GMST    fmaxflyspeed
	morrowind.esm       GMST    fmaxwalkspeed
	morrowind.esm       GMST    fmaxwalkspeedcreature
	morrowind.esm       GMST    fminflyspeed
	morrowind.esm       GMST    fminwalkspeed
	morrowind.esm       GMST    fminwalkspeedcreature
	morrowind.esm       GMST    fsneakspeedmultiplier
	morrowind.esm       GMST    fswimrunathleticsmult
	morrowind.esm       GMST    fswimwalkathleticsmult
