Spell Speed Fastest.esp: DUP-REC MISSVER OVR-REC
    [OVR-REC] Overridden Records:
	From Master         Type    Name
	bloodmoon.esm       MGEF    138
	bloodmoon.esm       MGEF    139
	bloodmoon.esm       MGEF    140
	bloodmoon.esm       MGEF    64
	morrowind.esm       MGEF    0
	morrowind.esm       MGEF    1
	morrowind.esm       MGEF    10
	morrowind.esm       MGEF    100
	morrowind.esm       MGEF    101
	morrowind.esm       MGEF    102
	morrowind.esm       MGEF    103
	morrowind.esm       MGEF    104
	morrowind.esm       MGEF    105
	morrowind.esm       MGEF    106
	morrowind.esm       MGEF    107
	morrowind.esm       MGEF    108
	morrowind.esm       MGEF    109
	morrowind.esm       MGEF    11
	morrowind.esm       MGEF    110
	morrowind.esm       MGEF    111
	morrowind.esm       MGEF    112
	morrowind.esm       MGEF    113
	morrowind.esm       MGEF    114
	morrowind.esm       MGEF    115
	morrowind.esm       MGEF    116
	morrowind.esm       MGEF    117
	morrowind.esm       MGEF    118
	morrowind.esm       MGEF    119
	morrowind.esm       MGEF    12
	morrowind.esm       MGEF    120
	morrowind.esm       MGEF    121
	morrowind.esm       MGEF    122
	morrowind.esm       MGEF    123
	morrowind.esm       MGEF    124
	morrowind.esm       MGEF    125
	morrowind.esm       MGEF    126
	morrowind.esm       MGEF    127
	morrowind.esm       MGEF    128
	morrowind.esm       MGEF    129
	morrowind.esm       MGEF    13
	morrowind.esm       MGEF    130
	morrowind.esm       MGEF    131
	morrowind.esm       MGEF    132
	morrowind.esm       MGEF    133
	morrowind.esm       MGEF    134
	morrowind.esm       MGEF    135
	morrowind.esm       MGEF    136
	morrowind.esm       MGEF    14
	morrowind.esm       MGEF    15
	morrowind.esm       MGEF    16
	morrowind.esm       MGEF    17
	morrowind.esm       MGEF    18
	morrowind.esm       MGEF    19
	morrowind.esm       MGEF    2
	morrowind.esm       MGEF    20
	morrowind.esm       MGEF    21
	morrowind.esm       MGEF    22
	morrowind.esm       MGEF    23
	morrowind.esm       MGEF    24
	morrowind.esm       MGEF    25
	morrowind.esm       MGEF    26
	morrowind.esm       MGEF    27
	morrowind.esm       MGEF    28
	morrowind.esm       MGEF    29
	morrowind.esm       MGEF    3
	morrowind.esm       MGEF    30
	morrowind.esm       MGEF    31
	morrowind.esm       MGEF    32
	morrowind.esm       MGEF    33
	morrowind.esm       MGEF    34
	morrowind.esm       MGEF    35
	morrowind.esm       MGEF    36
	morrowind.esm       MGEF    37
	morrowind.esm       MGEF    38
	morrowind.esm       MGEF    39
	morrowind.esm       MGEF    4
	morrowind.esm       MGEF    40
	morrowind.esm       MGEF    41
	morrowind.esm       MGEF    42
	morrowind.esm       MGEF    43
	morrowind.esm       MGEF    44
	morrowind.esm       MGEF    45
	morrowind.esm       MGEF    46
	morrowind.esm       MGEF    47
	morrowind.esm       MGEF    48
	morrowind.esm       MGEF    49
	morrowind.esm       MGEF    5
	morrowind.esm       MGEF    50
	morrowind.esm       MGEF    51
	morrowind.esm       MGEF    52
	morrowind.esm       MGEF    53
	morrowind.esm       MGEF    54
	morrowind.esm       MGEF    55
	morrowind.esm       MGEF    56
	morrowind.esm       MGEF    57
	morrowind.esm       MGEF    58
	morrowind.esm       MGEF    59
	morrowind.esm       MGEF    6
	morrowind.esm       MGEF    60
	morrowind.esm       MGEF    61
	morrowind.esm       MGEF    62
	morrowind.esm       MGEF    63
	morrowind.esm       MGEF    65
	morrowind.esm       MGEF    66
	morrowind.esm       MGEF    67
	morrowind.esm       MGEF    68
	morrowind.esm       MGEF    69
	morrowind.esm       MGEF    7
	morrowind.esm       MGEF    70
	morrowind.esm       MGEF    71
	morrowind.esm       MGEF    72
	morrowind.esm       MGEF    73
	morrowind.esm       MGEF    74
	morrowind.esm       MGEF    75
	morrowind.esm       MGEF    76
	morrowind.esm       MGEF    77
	morrowind.esm       MGEF    78
	morrowind.esm       MGEF    79
	morrowind.esm       MGEF    8
	morrowind.esm       MGEF    80
	morrowind.esm       MGEF    81
	morrowind.esm       MGEF    82
	morrowind.esm       MGEF    83
	morrowind.esm       MGEF    84
	morrowind.esm       MGEF    85
	morrowind.esm       MGEF    86
	morrowind.esm       MGEF    87
	morrowind.esm       MGEF    88
	morrowind.esm       MGEF    89
	morrowind.esm       MGEF    9
	morrowind.esm       MGEF    90
	morrowind.esm       MGEF    91
	morrowind.esm       MGEF    92
	morrowind.esm       MGEF    93
	morrowind.esm       MGEF    94
	morrowind.esm       MGEF    95
	morrowind.esm       MGEF    96
	morrowind.esm       MGEF    97
	morrowind.esm       MGEF    98
	morrowind.esm       MGEF    99
	tribunal.esm        MGEF    137
