Spell Tomes.esp: DUP-REC MISSAUT MISSDSC MISSVER OVR-REC
    [OVR-REC] Overridden Records:
	From Master         Type    Name
	morrowind.esm       LEVI    l_m_enchantitem_hlaalu_rank0
	morrowind.esm       LEVI    l_m_enchantitem_hlaalu_rank4
	morrowind.esm       LEVI    l_m_enchantitem_hlaalu_rank6
	morrowind.esm       LEVI    l_m_enchantitem_imperial_rank0
	morrowind.esm       LEVI    l_m_enchantitem_redoran_rank2
	morrowind.esm       LEVI    l_m_enchantitem_redoran_rank4
	morrowind.esm       LEVI    l_m_enchantitem_redoran_rank6
	morrowind.esm       LEVI    l_m_enchantitem_redoran_rank8
	morrowind.esm       LEVI    l_m_enchantitem_telvanni_rank01
	morrowind.esm       LEVI    l_m_enchantitem_telvanni_rank6
	morrowind.esm       LEVI    l_m_enchantitem_telvanni_rank8
	morrowind.esm       LEVI    l_m_enchantitem_temple_rank0_1
	morrowind.esm       LEVI    l_m_enchantitem_temple_rank0_2
	morrowind.esm       LEVI    l_m_enchantitem_temple_rank4
	morrowind.esm       LEVI    l_m_enchantitem_temple_rank6
	morrowind.esm       LEVI    l_m_enchantitem_temple_rank8_1
	morrowind.esm       LEVI    l_m_enchantitem_temple_rank8_2
