Still lights v1.0 - Fires.esp: DUP-REC MISSAUT MISSDSC MISSVER OVR-REC
    [OVR-REC] Overridden Records:
	From Master         Type    Name
	bloodmoon.esm       LIGH    light_logpile_177
	morrowind.esm       LIGH    furn_de_firepit_f
	morrowind.esm       LIGH    furn_de_firepit_f_01
	morrowind.esm       LIGH    furn_de_firepit_f_200
	morrowind.esm       LIGH    furn_de_firepit_f_323
	morrowind.esm       LIGH    furn_de_firepit_f_400
	morrowind.esm       LIGH    light_6th_brazier
	morrowind.esm       LIGH    light_6th_brazier_01
	morrowind.esm       LIGH    light_6th_brazier_02
	morrowind.esm       LIGH    light_6th_brazier_400
	morrowind.esm       LIGH    light_fire
	morrowind.esm       LIGH    light_fire_300
	morrowind.esm       LIGH    light_fire_400
	morrowind.esm       LIGH    light_fire_nosmoke
	morrowind.esm       LIGH    light_fire_nosmoke_128
	morrowind.esm       LIGH    light_fire_nosmoke_177
	morrowind.esm       LIGH    light_fire_nosmoke_400
	morrowind.esm       LIGH    light_logpile
	morrowind.esm       LIGH    light_logpile10
	morrowind.esm       LIGH    light_logpile_128
	morrowind.esm       LIGH    light_pitfire00
	morrowind.esm       LIGH    light_pitfire01
	morrowind.esm       LIGH    light_sconce00_128
	morrowind.esm       LIGH    light_sconce00_200
	morrowind.esm       LIGH    light_sconce00_256
	morrowind.esm       LIGH    light_sconce10
	morrowind.esm       LIGH    light_sconce10_128
	morrowind.esm       LIGH    light_sconce10_200
	morrowind.esm       LIGH    light_sconce10_256
	morrowind.esm       LIGH    light_tikilamp
	morrowind.esm       LIGH    light_tikilamp_128
	morrowind.esm       LIGH    light_tikilamp_256
	morrowind.esm       LIGH    light_tikitorch00
	morrowind.esm       LIGH    light_tikitorch002
	morrowind.esm       LIGH    light_tikitorch003
	morrowind.esm       LIGH    light_tikitorch00_256
	morrowind.esm       LIGH    light_tikitorch00_320_ffd
	morrowind.esm       LIGH    light_tikitorch01
	morrowind.esm       LIGH    light_tikitorch128
	morrowind.esm       LIGH    light_tikitorch256
	morrowind.esm       LIGH    light_tikitorch_177
	morrowind.esm       LIGH    light_torch_01
	morrowind.esm       LIGH    light_torch_01_128
	morrowind.esm       LIGH    light_torch_01_256
	morrowind.esm       LIGH    light_torch_01_320
	morrowind.esm       LIGH    light_velothi_brazier
	morrowind.esm       LIGH    light_velothi_brazier_128
	morrowind.esm       LIGH    light_velothi_brazier_177
	morrowind.esm       LIGH    light_velothi_brazier_77
	morrowind.esm       LIGH    torch
	morrowind.esm       LIGH    torch_128
	morrowind.esm       LIGH    torch_128_off
	morrowind.esm       LIGH    torch_157
	morrowind.esm       LIGH    torch_256
	morrowind.esm       LIGH    torch_64
	morrowind.esm       LIGH    torch_77
	morrowind.esm       LIGH    torch_infinite_time
