Striking Staves.esp: DUP-REC MENUMOD MISSVER NUMRECS OVR-REC
    [NUMRECS]: number of records in TES3.HEDR (149) != Actual count (73)
    [MENUMOD] Scripts not checking menumode:
	SCPT(ss_fortify_blunt)
    [DUP-REC] Duplicate Records:
	From Master         Type    Name
	morrowind.esm       ENCH    trebonius_staff_en
    [OVR-REC] Overridden Records:
	From Master         Type    Name
	bloodmoon.esm       WEAP    silver staff of war
	morrowind.esm       CONT    com_chest_02_galbedir
	morrowind.esm       CONT    com_closet_01_mirel
	morrowind.esm       CONT    de_p_closet_02_llervi
	morrowind.esm       CONT    de_r_chest_01_maulinie
	morrowind.esm       ENCH    ebony_staff_caper_en
	morrowind.esm       ENCH    silver staff of war_en
	morrowind.esm       ENCH    steel staff of war_en
	morrowind.esm       ENCH    we_hellfirestaff_en
	morrowind.esm       LEVI    l_m_enchantitem_telvanni_rank8
	morrowind.esm       LEVI    l_m_enchantitem_temple_rank8_1
	morrowind.esm       LEVI    l_m_enchantitem_temple_rank8_2
	morrowind.esm       LEVI    l_m_wpn_melee_blunt
	morrowind.esm       LEVI    random_bandit_11+
	morrowind.esm       LEVI    random_bandit_6-10
	morrowind.esm       LEVI    random_loot_special
	morrowind.esm       LEVI    random_smuggler_11+
	morrowind.esm       LEVI    random_smuggler_6-10
	morrowind.esm       WEAP    ebony staff caper
	morrowind.esm       WEAP    ebony_staff_tges
	morrowind.esm       WEAP    ebony_staff_trebonius
	morrowind.esm       WEAP    steel staff of war
	morrowind.esm       WEAP    we_hellfirestaff
	morrowind.esm       WEAP    wooden staff of war
