Strider Burial (2).esp: DUP-INF DUP-REC MENUMOD MISSAUT MISSDSC MISSVER OVR-REC
    [MENUMOD] Scripts not checking menumode:
	SCPT(Anu_MabrigashSummon)
    [OVR-REC] Overridden Records:
	From Master         Type    Name
	bloodmoon.esm       LTEX    ac_darkgravel
	bloodmoon.esm       LTEX    sand_02
	morrowind.esm       LAND    (-1, 16)
	morrowind.esm       LAND    (-1, 17)
	morrowind.esm       LAND    (-1, 18)
	morrowind.esm       LAND    (-2, 16)
	morrowind.esm       LAND    (-2, 17)
	morrowind.esm       LAND    (-2, 18)
	morrowind.esm       LAND    (0, 18)
	morrowind.esm       LTEX    al_ash_01
	morrowind.esm       LTEX    al_ash_02
	morrowind.esm       LTEX    al_ash_03
	morrowind.esm       LTEX    al_ash_04
	morrowind.esm       LTEX    rm_redrock
	morrowind.esm       LTEX    rm_rock_02
	morrowind.esm       LTEX    rm_whiterock
	morrowind.esm       PGRD    ashlands region
	tribunal.esm        DIAL    little advice
	tribunal.esm        LTEX    rm_grayrock
	tribunal.esm        LTEX    rm_rock_01

[DUP-INF]: ID=1750236642132030573(Topic:little advice)
  |DATA|ANAM:Raven Rock|NAME:Sometimes it's worth killing a berserker just to get his weapon. Some of them favor special silver blades that are enchanted to do extra damage to their opponents.|SCVR:02sX5Random100|INTV:(

[DUP-INF]: ID=2355218310679513292(Topic:little advice)
  |DATA|ANAM:Raven Rock|NAME:They say spriggans die three deaths. Best to avoid them if I were you.|SCVR:02sX5Random100|INTV:<

[DUP-INF]: ID=18981213741218711903(Topic:little advice)
  |DATA|ANAM:Raven Rock|NAME:If you run into any snow wolves or snow bears, attack them with fire. They have a natural weakness to it|SCVR:02sX5Random100|INTV

[DUP-INF]: ID=30331129451266923519(Topic:little advice)
  |DATA|ANAM:Raven Rock|NAME:If you're looking for a good short-bladed weapon, try to get your hands on a frysehag's winterwound dagger. Its magical frost can damage flesh and disintegrate armor.|SCVR:02sX5Random100|INTV
