STT_Container_TR.esp: DUP-REC MASTERS MENUMOD MISSVER OVR-REC
    MASTERS: out of sync with the masters installed in your Data Files directory:
	Tamriel_Data.esm             7344508 (plugin)   11064795 (installed size)
	TR_Mainland.esm            110316644 (plugin)  163244128 (installed size)
    [MENUMOD] Scripts not checking menumode:
	SCPT(STT_Porter_Service_TR)
	SCPT(STT_TR_m1_Pub_Avenue)
	SCPT(STT_TR_m1_Pub_Black_Ogre)
	SCPT(STT_TR_m1_Pub_Danging_Jug)
	SCPT(STT_TR_m1_Pub_Howling_Noose)
	SCPT(STT_TR_m1_Pub_Queens_Cutlass)
	SCPT(STT_TR_m1_Pub_Waters_Shadow)
	SCPT(STT_TR_m2_Pub_Akamora_Gob)
	SCPT(STT_TR_m2_Pub_Helnim_Drake)
	SCPT(STT_TR_m2_Pub_Helnim_Flower)
	SCPT(STT_TR_m2_Pub_Helnim_Racer)
	SCPT(STT_TR_m2_Pub_Hlersis_LeakingSp)
	SCPT(STT_TR_m2_Pub_InnBetween)
	SCPT(STT_TR_m2_Pub_Mothrivra_Goblet)
	SCPT(STT_TR_m2_Pub_Necrom_Hostel)
	SCPT(STT_TR_m3_Pub_Darnim_Windbrk)
	SCPT(STT_TR_m3_Pub_Empress_Katariah)
	SCPT(STT_TR_m3_Pub_HuntedHound)
	SCPT(STT_TR_m3_Pub_Meralag_Glade)
	SCPT(STT_TR_m3_Pub_Moth_and_Tiger)
	SCPT(STT_TR_m3_Pub_Sailen_Toiling)
	SCPT(STT_TR_m3_Pub_Salty_Futtocks)
	SCPT(STT_TR_m3_Pub_Vhul_HowlHound)
	SCPT(STT_TR_m4_Pub_Bodrem)
	SCPT(STT_TR_m4_Pub_Teyn)
    [OVR-REC] Overridden Records:
	From Master         Type    Name
	tribunal.esm        DIAL    services
