SV Better Alchemists.ESP: DUP-REC MISSAUT MISSDSC MISSVER OVR-REC
    [OVR-REC] Overridden Records:
	From Master         Type    Name
	bloodmoon.esm       CONT    chest_01_v_potion_al_01
	bloodmoon.esm       CONT    chest_01_v_potion_h_03
	morrowind.esm       CONT    chest_01_v_potion_al_03
	morrowind.esm       CONT    chest_01_v_potion_andil
	morrowind.esm       CONT    chest_01_v_potion_ap_02
	morrowind.esm       CONT    chest_01_v_potion_ap_03
	morrowind.esm       CONT    chest_01_v_potion_ap_04
	morrowind.esm       CONT    chest_01_v_potion_h_01
	morrowind.esm       CONT    chest_01_v_potion_h_02
	morrowind.esm       CONT    chest_01_v_potion_p_02
	morrowind.esm       CONT    chest_02_v_potion_p_02
	morrowind.esm       CONT    chest_small_02_ingfine1
	morrowind.esm       CONT    chest_small_02_ingfine2
	morrowind.esm       CONT    chest_small_02_ingfine3
	morrowind.esm       CONT    chest_small_02_ingfine4
	tribunal.esm        CONT    chest_01_v_potion_al_02
	tribunal.esm        CONT    chest_01_v_potion_al_04
	tribunal.esm        CONT    chest_01_v_potion_ap_01
	tribunal.esm        CONT    chest_01_v_potion_h_04
	tribunal.esm        CONT    chest_01_v_potion_p_01
	tribunal.esm        CONT    chest_01_v_potion_p_03
