Sylvie's Mighty Poles.ESP: DUP-REC MISSAUT MISSDSC MISSVER OVR-REC
    [DUP-REC] Duplicate Records:
	From Master         Type    Name
	bloodmoon.esm       WEAP    silver staff of paralysis
    [OVR-REC] Overridden Records:
	From Master         Type    Name
	bloodmoon.esm       WEAP    bm huntsman spear
	bloodmoon.esm       WEAP    bm_ebony_staff_necro
	bloodmoon.esm       WEAP    lucky_break
	bloodmoon.esm       WEAP    silver flameskewer
	bloodmoon.esm       WEAP    silver shardskewer
	bloodmoon.esm       WEAP    silver sparkskewer
	bloodmoon.esm       WEAP    silver spear
	bloodmoon.esm       WEAP    silver staff of chastening
	bloodmoon.esm       WEAP    silver staff of hunger
	bloodmoon.esm       WEAP    silver staff of peace
	bloodmoon.esm       WEAP    silver staff of reckoning
	bloodmoon.esm       WEAP    silver staff of shaming
	bloodmoon.esm       WEAP    silver staff of war
	bloodmoon.esm       WEAP    silver viperskewer
	bloodmoon.esm       WEAP    silver_staff_dawn_uniq
	bloodmoon.esm       WEAP    steel spear snow prince
	morrowind.esm       WEAP    airan_ahhe's_spirit_spear_uniq
	morrowind.esm       WEAP    boethiah's walking stick
	morrowind.esm       WEAP    chitin spear
	morrowind.esm       WEAP    crosierstllothis
	morrowind.esm       WEAP    daedric spear
	morrowind.esm       WEAP    daedric staff
	morrowind.esm       WEAP    devil spear
	morrowind.esm       WEAP    divine judgement silver staff
	morrowind.esm       WEAP    dreugh staff
	morrowind.esm       WEAP    dwarven halberd
	morrowind.esm       WEAP    dwarven halberd_soultrap
	morrowind.esm       WEAP    dwarven spear
	morrowind.esm       WEAP    ebony spear
	morrowind.esm       WEAP    ebony spear_hrce_unique
	morrowind.esm       WEAP    ebony staff
	morrowind.esm       WEAP    ebony staff caper
	morrowind.esm       WEAP    ebony wizard's staff
	morrowind.esm       WEAP    ebony_staff_tges
	morrowind.esm       WEAP    ebony_staff_trebonius
	morrowind.esm       WEAP    erur_dan_spear_unique
	morrowind.esm       WEAP    fiend spear
	morrowind.esm       WEAP    fiend spear_dae_cursed
	morrowind.esm       WEAP    glass halberd
	morrowind.esm       WEAP    glass staff
	morrowind.esm       WEAP    greed
	morrowind.esm       WEAP    herder_crook
	morrowind.esm       WEAP    iron flamecleaver
	morrowind.esm       WEAP    iron flameskewer
	morrowind.esm       WEAP    iron halberd
	morrowind.esm       WEAP    iron long spear
	morrowind.esm       WEAP    iron shardcleaver
	morrowind.esm       WEAP    iron shardskewer
	morrowind.esm       WEAP    iron sparkcleaver
	morrowind.esm       WEAP    iron sparkskewer
	morrowind.esm       WEAP    iron spear
	morrowind.esm       WEAP    iron vipercleaver
	morrowind.esm       WEAP    iron viperskewer
	morrowind.esm       WEAP    light staff
	morrowind.esm       WEAP    peacemaker
	morrowind.esm       WEAP    shockbite halberd
	morrowind.esm       WEAP    spear_mercy_unique
	morrowind.esm       WEAP    spear_of_light
	morrowind.esm       WEAP    staff of the forefathers
	morrowind.esm       WEAP    staff_hasedoki_unique
	morrowind.esm       WEAP    staff_magnus_unique
	morrowind.esm       WEAP    steel flamecleaver
	morrowind.esm       WEAP    steel flameskewer
	morrowind.esm       WEAP    steel halberd
	morrowind.esm       WEAP    steel shardcleaver
	morrowind.esm       WEAP    steel shardskewer
	morrowind.esm       WEAP    steel sparkcleaver
	morrowind.esm       WEAP    steel sparkskewer
	morrowind.esm       WEAP    steel spear
	morrowind.esm       WEAP    steel spear of impaling thrust
	morrowind.esm       WEAP    steel staff
	morrowind.esm       WEAP    steel staff of chastening
	morrowind.esm       WEAP    steel staff of divine judgement
	morrowind.esm       WEAP    steel staff of peace
	morrowind.esm       WEAP    steel staff of shaming
	morrowind.esm       WEAP    steel staff of the ancestors
	morrowind.esm       WEAP    steel staff of war
	morrowind.esm       WEAP    steel vipercleaver
	morrowind.esm       WEAP    steel viperskewer
	morrowind.esm       WEAP    steelstaffancestors_ttsa
	morrowind.esm       WEAP    water spear
	morrowind.esm       WEAP    we_hellfirestaff
	morrowind.esm       WEAP    we_illkurok
	morrowind.esm       WEAP    we_stormforge
	morrowind.esm       WEAP    wooden staff
	morrowind.esm       WEAP    wooden staff of chastening
	morrowind.esm       WEAP    wooden staff of divine
	morrowind.esm       WEAP    wooden staff of peace
	morrowind.esm       WEAP    wooden staff of shaming
	morrowind.esm       WEAP    wooden staff of war
	tribunal.esm        WEAP    adamantium_spear
	tribunal.esm        WEAP    ebony spear_blessed_unique
	tribunal.esm        WEAP    silver spear_uvenim
	tribunal.esm        WEAP    silver staff
	tribunal.esm        WEAP    spear_mercy_unique_x
	tribunal.esm        WEAP    staff_hasedoki_unique_x
	tribunal.esm        WEAP    staff_magnus_unique_x
