Tamriel_Data_Legacy.esm: AUTOSPL DUP-INF DUP-REC GETSND MENUMOD MISSVER MOD-INF OVR-REC
    [AUTOSPL] Auto-calced Spells:
	t_cr_des_skyrenderpoison       Poison Sting
	t_nor_alt_windofkyne           Wind of Kyne
	t_nor_ilu_raveneye             Raven Eye
	t_nor_ilu_raveneyegreater      Greater Raven Eye
	t_nor_des_mountainwind         Mountain Wind
	t_nor_alt_tsunsward            Tsun's Ward
	t_nor_res_whisperhermamora     Whispers of Herma Mora
	t_nor_mys_jogvirssoultheft     Jogvir's Soul Theft
	t_nor_mys_extendedarm          Jogvir's Extended Arm
	t_nor_res_eagleeye             Eagle Eye
	t_nor_res_treefellersrage      Treefellers Rage
	t_nor_alt_harkinsgills         Harkin's Gills
	t_rea_mys_soulwither           Dhamcka's Soul-Withering
	t_rea_des_meatrot              Meat Rot
	t_rea_des_mindrot              Mind Rot
	t_rea_des_ironeater            Iron Eater
	t_rea_mys_soultheft            Nahgacra's Soul Thef
	t_rea_des_steeleater           Steel Eater
	t_rea_mys_marastouch           Mara's Touch
	t_rea_des_legbreaker           Kirhnarva's Leg-Breaker
	t_com_res_rejuvenator          Jucilian's Rejuvenator
	t_com_ilu_paralysis            Paralysis
    [GETSND] GetSoundPlaying possibly used to detect events:
	SCPT(T_ScObj_DWelk_FIR)
	SCPT(T_ScObj_DWelk_FRS)
	SCPT(T_ScObj_DWelk_SHK)
	SCPT(T_ScObj_WaterSimulation)
	SCPT(T_ScSound_VelothiGourdHarp)
    [MENUMOD] Scripts not checking menumode:
	SCPT(T_ScBank_All_Deposit)
	SCPT(T_ScBank_All_LoanObtain)
	SCPT(T_ScBank_All_LoanPayment)
	SCPT(T_ScBank_All_Withdraw)
	SCPT(T_ScBank_Bri_LoanFail)
	SCPT(T_ScCrea_ArmorCenturionEquip)
	SCPT(T_ScCrea_EyestarHarvest)
	SCPT(T_ScCrea_KagoutiRandomScale)
	SCPT(T_ScCrea_MuskflyRandomScale)
	SCPT(T_ScCrea_WormmouthDisease)
	SCPT(T_ScDis_AstralVapors)
	SCPT(T_ScDis_Bloodlung)
	SCPT(T_ScDis_Bloodrot)
	SCPT(T_ScDis_BonebreakFever)
	SCPT(T_ScDis_BrainFever)
	SCPT(T_ScDis_Brainrot)
	SCPT(T_ScDis_CalironsCurse)
	SCPT(T_ScDis_ChronDiasis)
	SCPT(T_ScDis_FeebleLimb)
	SCPT(T_ScDis_Frostbite)
	SCPT(T_ScDis_RedDeath)
	SCPT(T_ScDis_RedRage)
	SCPT(T_ScDis_ScarletFever)
	SCPT(T_ScDis_Shakes)
	SCPT(T_ScDis_StomachRot)
	SCPT(T_ScDis_SwampRot)
	SCPT(T_ScDis_TickleBritch)
	SCPT(T_ScDis_TunnelCough)
	SCPT(T_ScDis_WastingConsumption)
	SCPT(T_ScDis_Witbane)
	SCPT(T_ScDis_WitchesPox)
	SCPT(T_ScDis_WitlessPox)
	SCPT(T_ScDis_Wizardfever)
	SCPT(T_ScDis_Woundrot)
	SCPT(T_ScDis_YellowRot)
	SCPT(T_ScGlobal_AddAnimalProdTopsTR)
	SCPT(T_ScNpc_Cyr_Anvil)
	SCPT(T_ScNpc_Cyr_AnvilNib)
	SCPT(T_ScNpc_Cyr_AnvilNibNolore)
	SCPT(T_ScNpc_Cyr_AnvilNolore)
	SCPT(T_ScNpc_Cyr_Bravil)
	SCPT(T_ScNpc_Cyr_BravilNib)
	SCPT(T_ScNpc_Cyr_BravilNibNolore)
	SCPT(T_ScNpc_Cyr_BravilNolore)
	SCPT(T_ScNpc_Cyr_Bruma)
	SCPT(T_ScNpc_Cyr_BrumaNib)
	SCPT(T_ScNpc_Cyr_BrumaNibNolore)
	SCPT(T_ScNpc_Cyr_BrumaNolore)
	SCPT(T_ScNpc_Cyr_Cheydinhal)
	SCPT(T_ScNpc_Cyr_CheydinhalNib)
	SCPT(T_ScNpc_Cyr_CheydinhalNibNolore)
	SCPT(T_ScNpc_Cyr_CheydinhalNolore)
	SCPT(T_ScNpc_Cyr_Chorrol)
	SCPT(T_ScNpc_Cyr_ChorrolNib)
	SCPT(T_ScNpc_Cyr_ChorrolNibNolore)
	SCPT(T_ScNpc_Cyr_ChorrolNolore)
	SCPT(T_ScNpc_Cyr_ImpCity)
	SCPT(T_ScNpc_Cyr_ImpCityNib)
	SCPT(T_ScNpc_Cyr_ImpCityNibNoloreb)
	SCPT(T_ScNpc_Cyr_ImpCityNolore)
	SCPT(T_ScNpc_Cyr_Kvatch)
	SCPT(T_ScNpc_Cyr_KvatchNib)
	SCPT(T_ScNpc_Cyr_KvatchNibNolore)
	SCPT(T_ScNpc_Cyr_KvatchNolore)
	SCPT(T_ScNpc_Cyr_Leyawiin)
	SCPT(T_ScNpc_Cyr_LeyawiinNib)
	SCPT(T_ScNpc_Cyr_LeyawiinNibNolore)
	SCPT(T_ScNpc_Cyr_LeyawiinNolore)
	SCPT(T_ScNpc_Cyr_MirCorrup)
	SCPT(T_ScNpc_Cyr_MirCorrupNib)
	SCPT(T_ScNpc_Cyr_MirCorrupNibNolore)
	SCPT(T_ScNpc_Cyr_MirCorrupNolore)
	SCPT(T_ScNpc_Cyr_Skingrad)
	SCPT(T_ScNpc_Cyr_SkingradNib)
	SCPT(T_ScNpc_Cyr_SkingradNibNolore)
	SCPT(T_ScNpc_Cyr_SkingradNolore)
	SCPT(T_ScNpc_Cyr_Stirk)
	SCPT(T_ScNpc_Cyr_StirkNib)
	SCPT(T_ScNpc_Cyr_StirkNibNolore)
	SCPT(T_ScNpc_Cyr_StirkNolore)
	SCPT(T_ScNpc_Cyr_Sutch)
	SCPT(T_ScNpc_Cyr_SutchNib)
	SCPT(T_ScNpc_Cyr_SutchNibNolore)
	SCPT(T_ScNpc_Cyr_SutchNolore)
	SCPT(T_ScNpc_Mw_Companion)
	SCPT(T_ScNpc_Mw_Guard)
	SCPT(T_ScNpc_Mw_Map1)
	SCPT(T_ScNpc_Mw_Map1Nolore)
	SCPT(T_ScNpc_Mw_Map1Slave)
	SCPT(T_ScNpc_Mw_Map1VampAundae)
	SCPT(T_ScNpc_Mw_Map1VampBerne)
	SCPT(T_ScNpc_Mw_Map1VampQuarra)
	SCPT(T_ScNpc_Mw_Map2)
	SCPT(T_ScNpc_Mw_Map2Nolore)
	SCPT(T_ScNpc_Mw_Map2Slave)
	SCPT(T_ScNpc_Mw_Map2VampAundae)
	SCPT(T_ScNpc_Mw_Map2VampBerne)
	SCPT(T_ScNpc_Mw_Map2VampQuarra)
	SCPT(T_ScNpc_Mw_Map3)
	SCPT(T_ScNpc_Mw_Map3Nolore)
	SCPT(T_ScNpc_Mw_Map3Slave)
	SCPT(T_ScNpc_Mw_Map3VampAundae)
	SCPT(T_ScNpc_Mw_Map3VampBerne)
	SCPT(T_ScNpc_Mw_Map3VampQuarra)
	SCPT(T_ScNpc_Mw_Map4)
	SCPT(T_ScNpc_Mw_Map4Nolore)
	SCPT(T_ScNpc_Mw_Map4Slave)
	SCPT(T_ScNpc_Mw_Map4VampAundae)
	SCPT(T_ScNpc_Mw_Map4VampBerne)
	SCPT(T_ScNpc_Mw_Map4VampQuarra)
	SCPT(T_ScNpc_Mw_Map5)
	SCPT(T_ScNpc_Mw_Map5Nolore)
	SCPT(T_ScNpc_Mw_Map5Slave)
	SCPT(T_ScNpc_Mw_Map5VampAundae)
	SCPT(T_ScNpc_Mw_Map5VampBerne)
	SCPT(T_ScNpc_Mw_Map5VampQuarra)
	SCPT(T_ScNpc_Mw_Map6)
	SCPT(T_ScNpc_Mw_Map6Nolore)
	SCPT(T_ScNpc_Mw_Map6Slave)
	SCPT(T_ScNpc_Mw_Map6VampAundae)
	SCPT(T_ScNpc_Mw_Map6VampBerne)
	SCPT(T_ScNpc_Mw_Map6VampQuarra)
	SCPT(T_ScNpc_Mw_Map7)
	SCPT(T_ScNpc_Mw_Map7Nolore)
	SCPT(T_ScNpc_Mw_Map7Slave)
	SCPT(T_ScNpc_Mw_Map7VampAundae)
	SCPT(T_ScNpc_Mw_Map7VampBerne)
	SCPT(T_ScNpc_Mw_Map7VampQuarra)
	SCPT(T_ScNpc_Mw_MarksmanSwitch)
	SCPT(T_ScNpc_Mw_Roamer)
	SCPT(T_ScNpc_Mw_Volatile)
	SCPT(T_ScNpc_Sky_TheReach)
	SCPT(T_ScNpc_Sky_TheReachGuard)
	SCPT(T_ScNpc_Sky_TheReachNolore)
	SCPT(T_ScObj_AyleidDoorDouble)
	SCPT(T_ScObj_AyleidDoorDoubleOpen)
	SCPT(T_ScObj_AyleidDoorSquare)
	SCPT(T_ScObj_BlockedDoorTR)
	SCPT(T_ScObj_DWelk_FIR_dum)
	SCPT(T_ScObj_DWelk_FRS_dum)
	SCPT(T_ScObj_DWelk_SHK_dum)
	SCPT(T_ScObj_DeTombSpiritBehind)
	SCPT(T_ScObj_DeTombSpiritSummon)
	SCPT(T_ScObj_DirenniDoor)
	SCPT(T_ScObj_DirenniDoorOpen)
	SCPT(T_ScObj_FGuildSupplyChestTR)
	SCPT(T_ScObj_GoldCoinDae_05)
	SCPT(T_ScObj_GoldCoinDae_25)
	SCPT(T_ScObj_GoldCoinDeTomb_05)
	SCPT(T_ScObj_GoldCoinDeTomb_25)
	SCPT(T_ScObj_GrindingStoneSHOTN)
	SCPT(T_ScObj_MGuildSupplyChestTR)
	SCPT(T_ScObj_NonEquippable)
	SCPT(T_ScObj_RenaldLute)
	SCPT(T_ScObj_TR_MapPos1)
	SCPT(T_ScObj_TR_MapPos2)
	SCPT(T_ScObj_TR_MapPos3)
	SCPT(T_ScObj_TR_MapPos4)
	SCPT(T_ScObj_TR_MapPos5)
	SCPT(T_ScObj_TR_MapPos6)
	SCPT(T_ScObj_TR_MapPos7)
	SCPT(T_ScObj_TentDoorSHOTN)
	SCPT(T_ScObj_VarlaStoneCyr)
	SCPT(T_ScObj_WaterSimulation)
	SCPT(T_ScObj_WelkyndStoneCyr)
	SCPT(T_ScObj_WelkyndStoneSky)
	SCPT(T_ScObj_Winepress)
	SCPT(T_ScObj__cleanup)
	SCPT(T_ScSound_AmbientInsects)
	SCPT(T_ScSound_Bees)
	SCPT(T_ScSound_Birds)
	SCPT(T_ScSound_ChainMechanism)
	SCPT(T_ScSound_Chains)
	SCPT(T_ScSound_ChloridePool)
	SCPT(T_ScSound_DeshaanPool)
	SCPT(T_ScSound_DirenniCrystal)
	SCPT(T_ScSound_DirenniHaunted)
	SCPT(T_ScSound_HauntedChoir)
	SCPT(T_ScSound_HauntedHymn)
	SCPT(T_ScSound_HauntedSkyburial)
	SCPT(T_ScSound_LargeFire)
	SCPT(T_ScSound_LargeWaterfall)
	SCPT(T_ScSound_RopeSqueak)
	SCPT(T_ScSound_ShrineOfTroubles)
	SCPT(T_ScSound_VelothiGourdHarp)
	SCPT(T_ScSound_Water)
	SCPT(T_ScSound_WaterTrickle)
	SCPT(T_ScSound_WeirGate)
	SCPT(T_ScSound_WindChthonic)
	SCPT(T_ScSound_WindEerie)
	SCPT(T_ScSound_WindHowl)
	SCPT(T_ScSound_WindParticles)
	SCPT(T_ScTest_BuffTR)
	SCPT(T_ScTest_ManageCharTR)
	SCPT(T_ScTest_MoveMap1TR)
	SCPT(T_ScTest_MoveMap2TR)
	SCPT(T_ScTest_MoveMap3TR)
	SCPT(T_ScTest_MoveMap4TR)
	SCPT(T_ScTest_MoveMap5TR)
	SCPT(T_ScTest_MoveMap6TR)
	SCPT(T_ScTest_MoveTR)
	SCPT(T_ScTest_SkullTR)
	SCPT(T_ScTest_SwimTR)
	SCPT(T_ScTest_TopicsMap1TR)
	SCPT(T_ScTest_TopicsMap2TR)
	SCPT(T_ScTest_TopicsMap3TR)
	SCPT(T_ScTest_TopicsMap4TR)
	SCPT(T_ScTest_TopicsMap5TR)
	SCPT(T_ScTest_TopicsMap6TR)
	SCPT(T_ScTest_TopicsTR2)
	SCPT(T_ScTest_TopicsTR3)
	SCPT(T_ScTest_TopicsTR4)
    [OVR-REC] Overridden Records:
	From Master         Type    Name
	bloodmoon.esm       DIAL    flee
	bloodmoon.esm       SNDG    
	morrowind.esm       DIAL    intruder
	morrowind.esm       DIAL    thief
	morrowind.esm       PGRD    ashlands region
	tribunal.esm        DIAL    attack
	tribunal.esm        DIAL    hello
	tribunal.esm        DIAL    hit
	tribunal.esm        DIAL    idle

[MOD-INF]: ID=138079613065014340(Voice:intruder)
  morrowind.esm----------->|DATA|RNAM:Argonian|SNAM:Vo\a\m\Hlo_AM022.mp3|NAME:Be gone!
  Tamriel_Data_Legacy.esm->|DATA|RNAM:T_Sky_Reachman|SNAM:sky\Vo\Rc\m\Hlo_RcM000d.mp3|NAME:You seek to challenge me?

[DUP-INF]: ID=675322554249011951(Voice:attack)
  |DATA|RNAM:Khajiit|SNAM:vo\k\m\Atk_KM006.mp3|NAME:Growl!|SCVR:02sX0PCRace|INTV|BNAM:;PCRace=5[Imperial]
