TeaMod_2.1.esp: DUP-REC MENUMOD MISSVER OVR-REC
    [MENUMOD] Scripts not checking menumode:
	SCPT(BROctavo_05_New)
	SCPT(FEZ_Script_Ordinary)
	SCPT(FEZ_Script_Ordinary_First)
	SCPT(ST_Chest_Drgn_MiscScr)
	SCPT(ST_Chest_Rlac_MiscScr)
	SCPT(ST_Chest_Sml_Misc_01_Scr)
	SCPT(ST_Chest_Sml_Misc_02_Scr)
	SCPT(ST_Chest_Sml_Misc_03_Scr)
	SCPT(ST_Chest_Sml_Misc_04_Scr)
	SCPT(ST_Chest_Sml_Misc_05_Scr)
	SCPT(ST_Chest_Sml_Misc_06_Scr)
	SCPT(ST_Chest_Sml_Misc_13_Scr)
	SCPT(ST_Chest_Sml_Misc_14_Scr)
	SCPT(ST_Clothier_Wait_3Days)
	SCPT(ST_Clothier_Wait_Day)
	SCPT(ST_Clothier_Wait_Week)
	SCPT(ST_Contain_Clink)
	SCPT(ST_Displaycase_Misc)
	SCPT(ST_PositionScr)
	SCPT(ST_bugjar_sml_misc_Scr)
	SCPT(ST_bugjar_tll_misc_Scr)
	SCPT(ST_honeypot_misc_Scr)
	SCPT(TMT_Hold_Chest)
	SCPT(TMT_NPC_Patron_Outdoor_03)
	SCPT(TMT_Shipment_Daily)
	SCPT(TMT_Shipment_Weekly)
	SCPT(TMT_TeaCheck)
	SCPT(TMT_Teatinr_Misc_Scr_bbone)
	SCPT(TMT_Teatinr_Misc_Scr_brass)
	SCPT(TMT_Teatinr_Misc_Scr_burl)
	SCPT(TMT_Teatinr_Misc_Scr_fire)
	SCPT(TMT_Teatinr_Misc_Scr_floral)
	SCPT(TMT_Teatinr_Misc_Scr_lotus_a)
	SCPT(TMT_Teatinr_Misc_Scr_lotus_b)
	SCPT(TMT_Teatinr_Misc_Scr_mush)
	SCPT(TMT_Teatinr_Misc_Scr_redwood)
	SCPT(TMT_Teatinr_Misc_Scr_swirlwood)
	SCPT(TMT_Teatinr_Misc_Scr_tree)
	SCPT(TMT_Teatinr_Misc_Scr_walnut)
	SCPT(TMT_ThiefChest)
	SCPT(TMT_ThiefCrate)
	SCPT(TMT_ThiefWait)
	SCPT(TMT_TinRnd_Misc_Scr_bbone)
	SCPT(TMT_TinRnd_Misc_Scr_brass_a)
	SCPT(TMT_TinRnd_Misc_Scr_brass_b)
	SCPT(TMT_TinRnd_Misc_Scr_fire_a)
	SCPT(TMT_TinRnd_Misc_Scr_fire_b)
	SCPT(TMT_TinRnd_Misc_Scr_floral)
	SCPT(TMT_TinRnd_Misc_Scr_lotus_a)
	SCPT(TMT_TinRnd_Misc_Scr_lotus_b)
	SCPT(TMT_TinRnd_Misc_Scr_lotus_c)
	SCPT(TMT_TinRnd_Misc_Scr_mush)
	SCPT(TMT_TinRnd_Misc_Scr_tree)
	SCPT(TMT_TinRnd_Misc_Scr_walnut)
	SCPT(TMT_Trapdoor_01_Scr)
	SCPT(TMT_Trapdoor_02_Scr)
	SCPT(TM_AbdullaRug_Stat)
	SCPT(TM_AbdullaTravel_01)
	SCPT(TM_AbdullaTravel_02)
	SCPT(TM_CG01_Misc_Script)
	SCPT(TM_CG02_Misc_Script)
	SCPT(TM_CG_Global)
	SCPT(TM_Cushion_Misc_RST08)
	SCPT(TM_Cushion_Misc_SST08)
	SCPT(TM_PotionGlobal)
	SCPT(TM_Potion_Q2_blk01)
	SCPT(TM_Potion_Q2_blk02)
	SCPT(TM_Potion_Q2_blk03)
	SCPT(TM_Potion_Q2_blk04)
	SCPT(TM_Potion_Q2_blk05)
	SCPT(TM_Potion_Q2_blk06)
	SCPT(TM_Potion_Q2_blk07)
	SCPT(TM_Potion_Q2_blk08)
	SCPT(TM_Potion_Q2_blk09)
	SCPT(TM_Potion_Q2_cof01)
	SCPT(TM_Potion_Q2_cof02)
	SCPT(TM_Potion_Q2_cof03)
	SCPT(TM_Potion_Q2_cof04)
	SCPT(TM_Potion_Q2_cof05)
	SCPT(TM_Potion_Q2_cof06)
	SCPT(TM_Potion_Q2_grn01)
	SCPT(TM_Potion_Q2_grn02)
	SCPT(TM_Potion_Q2_grn03)
	SCPT(TM_Potion_Q2_grn04)
	SCPT(TM_Potion_Q2_grn05)
	SCPT(TM_Potion_Q2_grn06)
	SCPT(TM_Potion_Q2_grn07)
	SCPT(TM_Potion_Q2_herb01)
	SCPT(TM_Potion_Q2_herb02)
	SCPT(TM_Potion_Q2_herb03)
	SCPT(TM_Potion_Q2_herb04)
	SCPT(TM_Potion_Q2_herb05)
	SCPT(TM_Potion_Q2_herb06)
	SCPT(TM_Potion_Q2_herb07)
	SCPT(TM_Potion_Q2_herb08)
	SCPT(TM_Potion_Q2_herb09)
	SCPT(TM_Potion_Q2_puerh01)
	SCPT(TM_Potion_Q2_puerh02)
	SCPT(TM_Potion_Q2_puerh03)
	SCPT(TM_Potion_Q2_white01)
	SCPT(TM_Potion_Q2_white02)
	SCPT(TM_Potion_Q6_blk01)
	SCPT(TM_Potion_Q6_blk02)
	SCPT(TM_Potion_Q6_blk03)
	SCPT(TM_Potion_Q6_blk04)
	SCPT(TM_Potion_Q6_blk05)
	SCPT(TM_Potion_Q6_blk06)
	SCPT(TM_Potion_Q6_blk07)
	SCPT(TM_Potion_Q6_blk08)
	SCPT(TM_Potion_Q6_blk09)
	SCPT(TM_Potion_Q6_cof01)
	SCPT(TM_Potion_Q6_cof02)
	SCPT(TM_Potion_Q6_cof03)
	SCPT(TM_Potion_Q6_cof04)
	SCPT(TM_Potion_Q6_cof05)
	SCPT(TM_Potion_Q6_cof06)
	SCPT(TM_Potion_Q6_grn01)
	SCPT(TM_Potion_Q6_grn02)
	SCPT(TM_Potion_Q6_grn03)
	SCPT(TM_Potion_Q6_grn04)
	SCPT(TM_Potion_Q6_grn05)
	SCPT(TM_Potion_Q6_grn06)
	SCPT(TM_Potion_Q6_grn07)
	SCPT(TM_Potion_Q6_herb01)
	SCPT(TM_Potion_Q6_herb02)
	SCPT(TM_Potion_Q6_herb03)
	SCPT(TM_Potion_Q6_herb04)
	SCPT(TM_Potion_Q6_herb05)
	SCPT(TM_Potion_Q6_herb06)
	SCPT(TM_Potion_Q6_herb07)
	SCPT(TM_Potion_Q6_herb08)
	SCPT(TM_Potion_Q6_herb09)
	SCPT(TM_Potion_Q6_puerh01)
	SCPT(TM_Potion_Q6_puerh02)
	SCPT(TM_Potion_Q6_puerh03)
	SCPT(TM_Potion_Q6_white01)
	SCPT(TM_Potion_Q6_white02)
	SCPT(TM_Potion_Q7_blk01)
	SCPT(TM_Potion_Q7_blk02)
	SCPT(TM_Potion_Q7_blk03)
	SCPT(TM_Potion_Q7_blk04)
	SCPT(TM_Potion_Q7_blk05)
	SCPT(TM_Potion_Q7_blk06)
	SCPT(TM_Potion_Q7_blk07)
	SCPT(TM_Potion_Q7_blk08)
	SCPT(TM_Potion_Q7_blk09)
	SCPT(TM_Potion_Q7_cof01)
	SCPT(TM_Potion_Q7_cof02)
	SCPT(TM_Potion_Q7_cof03)
	SCPT(TM_Potion_Q7_cof04)
	SCPT(TM_Potion_Q7_cof05)
	SCPT(TM_Potion_Q7_cof06)
	SCPT(TM_Potion_Q7_grn01)
	SCPT(TM_Potion_Q7_grn02)
	SCPT(TM_Potion_Q7_grn03)
	SCPT(TM_Potion_Q7_grn04)
	SCPT(TM_Potion_Q7_grn05)
	SCPT(TM_Potion_Q7_grn06)
	SCPT(TM_Potion_Q7_grn07)
	SCPT(TM_Potion_Q7_herb01)
	SCPT(TM_Potion_Q7_herb02)
	SCPT(TM_Potion_Q7_herb03)
	SCPT(TM_Potion_Q7_herb04)
	SCPT(TM_Potion_Q7_herb05)
	SCPT(TM_Potion_Q7_herb06)
	SCPT(TM_Potion_Q7_herb07)
	SCPT(TM_Potion_Q7_herb08)
	SCPT(TM_Potion_Q7_herb09)
	SCPT(TM_Potion_Q7_puerh01)
	SCPT(TM_Potion_Q7_puerh02)
	SCPT(TM_Potion_Q7_puerh03)
	SCPT(TM_Potion_Q7_white01)
	SCPT(TM_Potion_Q7_white02)
	SCPT(TM_Potion_QG_blk01)
	SCPT(TM_Potion_QG_blk02)
	SCPT(TM_Potion_QG_blk03)
	SCPT(TM_Potion_QG_blk04)
	SCPT(TM_Potion_QG_blk05)
	SCPT(TM_Potion_QG_blk06)
	SCPT(TM_Potion_QG_blk07)
	SCPT(TM_Potion_QG_blk08)
	SCPT(TM_Potion_QG_blk09)
	SCPT(TM_Potion_QG_cof01)
	SCPT(TM_Potion_QG_cof02)
	SCPT(TM_Potion_QG_cof03)
	SCPT(TM_Potion_QG_cof04)
	SCPT(TM_Potion_QG_cof05)
	SCPT(TM_Potion_QG_cof06)
	SCPT(TM_Potion_QG_grn01)
	SCPT(TM_Potion_QG_grn02)
	SCPT(TM_Potion_QG_grn03)
	SCPT(TM_Potion_QG_grn04)
	SCPT(TM_Potion_QG_grn05)
	SCPT(TM_Potion_QG_grn06)
	SCPT(TM_Potion_QG_grn07)
	SCPT(TM_Potion_QG_herb01)
	SCPT(TM_Potion_QG_herb02)
	SCPT(TM_Potion_QG_herb03)
	SCPT(TM_Potion_QG_herb04)
	SCPT(TM_Potion_QG_herb05)
	SCPT(TM_Potion_QG_herb06)
	SCPT(TM_Potion_QG_herb07)
	SCPT(TM_Potion_QG_herb08)
	SCPT(TM_Potion_QG_herb09)
	SCPT(TM_Potion_QG_puerh01)
	SCPT(TM_Potion_QG_puerh02)
	SCPT(TM_Potion_QG_puerh03)
	SCPT(TM_Potion_QG_white01)
	SCPT(TM_Potion_QG_white02)
	SCPT(TM_Potion_ST01_blk01)
	SCPT(TM_Potion_ST01_blk02)
	SCPT(TM_Potion_ST01_blk03)
	SCPT(TM_Potion_ST01_blk04)
	SCPT(TM_Potion_ST01_blk05)
	SCPT(TM_Potion_ST01_blk06)
	SCPT(TM_Potion_ST01_blk07)
	SCPT(TM_Potion_ST01_blk08)
	SCPT(TM_Potion_ST01_blk09)
	SCPT(TM_Potion_ST01_cof01)
	SCPT(TM_Potion_ST01_cof02)
	SCPT(TM_Potion_ST01_cof03)
	SCPT(TM_Potion_ST01_cof04)
	SCPT(TM_Potion_ST01_cof05)
	SCPT(TM_Potion_ST01_cof06)
	SCPT(TM_Potion_ST01_grn01)
	SCPT(TM_Potion_ST01_grn02)
	SCPT(TM_Potion_ST01_grn03)
	SCPT(TM_Potion_ST01_grn04)
	SCPT(TM_Potion_ST01_grn05)
	SCPT(TM_Potion_ST01_grn06)
	SCPT(TM_Potion_ST01_grn07)
	SCPT(TM_Potion_ST01_herb01)
	SCPT(TM_Potion_ST01_herb02)
	SCPT(TM_Potion_ST01_herb03)
	SCPT(TM_Potion_ST01_herb04)
	SCPT(TM_Potion_ST01_herb05)
	SCPT(TM_Potion_ST01_herb06)
	SCPT(TM_Potion_ST01_herb07)
	SCPT(TM_Potion_ST01_herb08)
	SCPT(TM_Potion_ST01_herb09)
	SCPT(TM_Potion_ST01_puerh01)
	SCPT(TM_Potion_ST01_puerh02)
	SCPT(TM_Potion_ST01_puerh03)
	SCPT(TM_Potion_ST01_white01)
	SCPT(TM_Potion_ST01_white02)
	SCPT(TM_Potion_ST02_blk01)
	SCPT(TM_Potion_ST02_blk02)
	SCPT(TM_Potion_ST02_blk03)
	SCPT(TM_Potion_ST02_blk04)
	SCPT(TM_Potion_ST02_blk05)
	SCPT(TM_Potion_ST02_blk06)
	SCPT(TM_Potion_ST02_blk07)
	SCPT(TM_Potion_ST02_blk08)
	SCPT(TM_Potion_ST02_blk09)
	SCPT(TM_Potion_ST02_cof01)
	SCPT(TM_Potion_ST02_cof02)
	SCPT(TM_Potion_ST02_cof03)
	SCPT(TM_Potion_ST02_cof04)
	SCPT(TM_Potion_ST02_cof05)
	SCPT(TM_Potion_ST02_cof06)
	SCPT(TM_Potion_ST02_grn01)
	SCPT(TM_Potion_ST02_grn02)
	SCPT(TM_Potion_ST02_grn03)
	SCPT(TM_Potion_ST02_grn04)
	SCPT(TM_Potion_ST02_grn05)
	SCPT(TM_Potion_ST02_grn06)
	SCPT(TM_Potion_ST02_grn07)
	SCPT(TM_Potion_ST02_herb01)
	SCPT(TM_Potion_ST02_herb02)
	SCPT(TM_Potion_ST02_herb03)
	SCPT(TM_Potion_ST02_herb04)
	SCPT(TM_Potion_ST02_herb05)
	SCPT(TM_Potion_ST02_herb06)
	SCPT(TM_Potion_ST02_herb07)
	SCPT(TM_Potion_ST02_herb08)
	SCPT(TM_Potion_ST02_herb09)
	SCPT(TM_Potion_ST02_puerh01)
	SCPT(TM_Potion_ST02_puerh02)
	SCPT(TM_Potion_ST02_puerh03)
	SCPT(TM_Potion_ST02_white01)
	SCPT(TM_Potion_ST02_white02)
	SCPT(TM_Potion_ST03_blk01)
	SCPT(TM_Potion_ST03_blk02)
	SCPT(TM_Potion_ST03_blk03)
	SCPT(TM_Potion_ST03_blk04)
	SCPT(TM_Potion_ST03_blk05)
	SCPT(TM_Potion_ST03_blk06)
	SCPT(TM_Potion_ST03_blk07)
	SCPT(TM_Potion_ST03_blk08)
	SCPT(TM_Potion_ST03_blk09)
	SCPT(TM_Potion_ST03_cof01)
	SCPT(TM_Potion_ST03_cof02)
	SCPT(TM_Potion_ST03_cof03)
	SCPT(TM_Potion_ST03_cof04)
	SCPT(TM_Potion_ST03_cof05)
	SCPT(TM_Potion_ST03_cof06)
	SCPT(TM_Potion_ST03_grn01)
	SCPT(TM_Potion_ST03_grn02)
	SCPT(TM_Potion_ST03_grn03)
	SCPT(TM_Potion_ST03_grn04)
	SCPT(TM_Potion_ST03_grn05)
	SCPT(TM_Potion_ST03_grn06)
	SCPT(TM_Potion_ST03_grn07)
	SCPT(TM_Potion_ST03_herb01)
	SCPT(TM_Potion_ST03_herb02)
	SCPT(TM_Potion_ST03_herb03)
	SCPT(TM_Potion_ST03_herb04)
	SCPT(TM_Potion_ST03_herb05)
	SCPT(TM_Potion_ST03_herb06)
	SCPT(TM_Potion_ST03_herb07)
	SCPT(TM_Potion_ST03_herb08)
	SCPT(TM_Potion_ST03_herb09)
	SCPT(TM_Potion_ST03_puerh01)
	SCPT(TM_Potion_ST03_puerh02)
	SCPT(TM_Potion_ST03_puerh03)
	SCPT(TM_Potion_ST03_white01)
	SCPT(TM_Potion_ST03_white02)
	SCPT(TM_Potion_ST04_blk01)
	SCPT(TM_Potion_ST04_blk02)
	SCPT(TM_Potion_ST04_blk03)
	SCPT(TM_Potion_ST04_blk04)
	SCPT(TM_Potion_ST04_blk05)
	SCPT(TM_Potion_ST04_blk06)
	SCPT(TM_Potion_ST04_blk07)
	SCPT(TM_Potion_ST04_blk08)
	SCPT(TM_Potion_ST04_blk09)
	SCPT(TM_Potion_ST04_cof01)
	SCPT(TM_Potion_ST04_cof02)
	SCPT(TM_Potion_ST04_cof03)
	SCPT(TM_Potion_ST04_cof04)
	SCPT(TM_Potion_ST04_cof05)
	SCPT(TM_Potion_ST04_cof06)
	SCPT(TM_Potion_ST04_grn01)
	SCPT(TM_Potion_ST04_grn02)
	SCPT(TM_Potion_ST04_grn03)
	SCPT(TM_Potion_ST04_grn04)
	SCPT(TM_Potion_ST04_grn05)
	SCPT(TM_Potion_ST04_grn06)
	SCPT(TM_Potion_ST04_grn07)
	SCPT(TM_Potion_ST04_herb01)
	SCPT(TM_Potion_ST04_herb02)
	SCPT(TM_Potion_ST04_herb03)
	SCPT(TM_Potion_ST04_herb04)
	SCPT(TM_Potion_ST04_herb05)
	SCPT(TM_Potion_ST04_herb06)
	SCPT(TM_Potion_ST04_herb07)
	SCPT(TM_Potion_ST04_herb08)
	SCPT(TM_Potion_ST04_herb09)
	SCPT(TM_Potion_ST04_puerh01)
	SCPT(TM_Potion_ST04_puerh02)
	SCPT(TM_Potion_ST04_puerh03)
	SCPT(TM_Potion_ST04_white01)
	SCPT(TM_Potion_ST04_white02)
	SCPT(TM_Potion_ST05_blk01)
	SCPT(TM_Potion_ST05_blk02)
	SCPT(TM_Potion_ST05_blk03)
	SCPT(TM_Potion_ST05_blk04)
	SCPT(TM_Potion_ST05_blk05)
	SCPT(TM_Potion_ST05_blk06)
	SCPT(TM_Potion_ST05_blk07)
	SCPT(TM_Potion_ST05_blk08)
	SCPT(TM_Potion_ST05_blk09)
	SCPT(TM_Potion_ST05_cof01)
	SCPT(TM_Potion_ST05_cof02)
	SCPT(TM_Potion_ST05_cof03)
	SCPT(TM_Potion_ST05_cof04)
	SCPT(TM_Potion_ST05_cof05)
	SCPT(TM_Potion_ST05_cof06)
	SCPT(TM_Potion_ST05_grn01)
	SCPT(TM_Potion_ST05_grn02)
	SCPT(TM_Potion_ST05_grn03)
	SCPT(TM_Potion_ST05_grn04)
	SCPT(TM_Potion_ST05_grn05)
	SCPT(TM_Potion_ST05_grn06)
	SCPT(TM_Potion_ST05_grn07)
	SCPT(TM_Potion_ST05_herb01)
	SCPT(TM_Potion_ST05_herb02)
	SCPT(TM_Potion_ST05_herb03)
	SCPT(TM_Potion_ST05_herb04)
	SCPT(TM_Potion_ST05_herb05)
	SCPT(TM_Potion_ST05_herb06)
	SCPT(TM_Potion_ST05_herb07)
	SCPT(TM_Potion_ST05_herb08)
	SCPT(TM_Potion_ST05_herb09)
	SCPT(TM_Potion_ST05_puerh01)
	SCPT(TM_Potion_ST05_puerh02)
	SCPT(TM_Potion_ST05_puerh03)
	SCPT(TM_Potion_ST05_white01)
	SCPT(TM_Potion_ST05_white02)
	SCPT(TM_Potion_ST06_blk01)
	SCPT(TM_Potion_ST06_blk02)
	SCPT(TM_Potion_ST06_blk03)
	SCPT(TM_Potion_ST06_blk04)
	SCPT(TM_Potion_ST06_blk05)
	SCPT(TM_Potion_ST06_blk06)
	SCPT(TM_Potion_ST06_blk07)
	SCPT(TM_Potion_ST06_blk08)
	SCPT(TM_Potion_ST06_blk09)
	SCPT(TM_Potion_ST06_cof01)
	SCPT(TM_Potion_ST06_cof02)
	SCPT(TM_Potion_ST06_cof03)
	SCPT(TM_Potion_ST06_cof04)
	SCPT(TM_Potion_ST06_cof05)
	SCPT(TM_Potion_ST06_cof06)
	SCPT(TM_Potion_ST06_grn01)
	SCPT(TM_Potion_ST06_grn02)
	SCPT(TM_Potion_ST06_grn03)
	SCPT(TM_Potion_ST06_grn04)
	SCPT(TM_Potion_ST06_grn05)
	SCPT(TM_Potion_ST06_grn06)
	SCPT(TM_Potion_ST06_grn07)
	SCPT(TM_Potion_ST06_herb01)
	SCPT(TM_Potion_ST06_herb02)
	SCPT(TM_Potion_ST06_herb03)
	SCPT(TM_Potion_ST06_herb04)
	SCPT(TM_Potion_ST06_herb05)
	SCPT(TM_Potion_ST06_herb06)
	SCPT(TM_Potion_ST06_herb07)
	SCPT(TM_Potion_ST06_herb08)
	SCPT(TM_Potion_ST06_herb09)
	SCPT(TM_Potion_ST06_puerh01)
	SCPT(TM_Potion_ST06_puerh02)
	SCPT(TM_Potion_ST06_puerh03)
	SCPT(TM_Potion_ST06_white01)
	SCPT(TM_Potion_ST06_white02)
	SCPT(TM_Potion_ST07_blk01)
	SCPT(TM_Potion_ST07_blk02)
	SCPT(TM_Potion_ST07_blk03)
	SCPT(TM_Potion_ST07_blk04)
	SCPT(TM_Potion_ST07_blk05)
	SCPT(TM_Potion_ST07_blk06)
	SCPT(TM_Potion_ST07_blk07)
	SCPT(TM_Potion_ST07_blk08)
	SCPT(TM_Potion_ST07_blk09)
	SCPT(TM_Potion_ST07_cof01)
	SCPT(TM_Potion_ST07_cof02)
	SCPT(TM_Potion_ST07_cof03)
	SCPT(TM_Potion_ST07_cof04)
	SCPT(TM_Potion_ST07_cof05)
	SCPT(TM_Potion_ST07_cof06)
	SCPT(TM_Potion_ST07_grn01)
	SCPT(TM_Potion_ST07_grn02)
	SCPT(TM_Potion_ST07_grn03)
	SCPT(TM_Potion_ST07_grn04)
	SCPT(TM_Potion_ST07_grn05)
	SCPT(TM_Potion_ST07_grn06)
	SCPT(TM_Potion_ST07_grn07)
	SCPT(TM_Potion_ST07_herb01)
	SCPT(TM_Potion_ST07_herb02)
	SCPT(TM_Potion_ST07_herb03)
	SCPT(TM_Potion_ST07_herb04)
	SCPT(TM_Potion_ST07_herb05)
	SCPT(TM_Potion_ST07_herb06)
	SCPT(TM_Potion_ST07_herb07)
	SCPT(TM_Potion_ST07_herb08)
	SCPT(TM_Potion_ST07_herb09)
	SCPT(TM_Potion_ST07_puerh01)
	SCPT(TM_Potion_ST07_puerh02)
	SCPT(TM_Potion_ST07_puerh03)
	SCPT(TM_Potion_ST07_white01)
	SCPT(TM_Potion_ST07_white02)
	SCPT(TM_Potion_ST08_blk01)
	SCPT(TM_Potion_ST08_blk02)
	SCPT(TM_Potion_ST08_blk03)
	SCPT(TM_Potion_ST08_blk04)
	SCPT(TM_Potion_ST08_blk05)
	SCPT(TM_Potion_ST08_blk06)
	SCPT(TM_Potion_ST08_blk07)
	SCPT(TM_Potion_ST08_blk08)
	SCPT(TM_Potion_ST08_blk09)
	SCPT(TM_Potion_ST08_cof01)
	SCPT(TM_Potion_ST08_cof02)
	SCPT(TM_Potion_ST08_cof03)
	SCPT(TM_Potion_ST08_cof04)
	SCPT(TM_Potion_ST08_cof05)
	SCPT(TM_Potion_ST08_cof06)
	SCPT(TM_Potion_ST08_grn01)
	SCPT(TM_Potion_ST08_grn02)
	SCPT(TM_Potion_ST08_grn03)
	SCPT(TM_Potion_ST08_grn04)
	SCPT(TM_Potion_ST08_grn05)
	SCPT(TM_Potion_ST08_grn06)
	SCPT(TM_Potion_ST08_grn07)
	SCPT(TM_Potion_ST08_herb01)
	SCPT(TM_Potion_ST08_herb02)
	SCPT(TM_Potion_ST08_herb03)
	SCPT(TM_Potion_ST08_herb04)
	SCPT(TM_Potion_ST08_herb05)
	SCPT(TM_Potion_ST08_herb06)
	SCPT(TM_Potion_ST08_herb07)
	SCPT(TM_Potion_ST08_herb08)
	SCPT(TM_Potion_ST08_herb09)
	SCPT(TM_Potion_ST08_puerh01)
	SCPT(TM_Potion_ST08_puerh02)
	SCPT(TM_Potion_ST08_puerh03)
	SCPT(TM_Potion_ST08_white01)
	SCPT(TM_Potion_ST08_white02)
	SCPT(TM_Potion_ST09_blk01)
	SCPT(TM_Potion_ST09_blk02)
	SCPT(TM_Potion_ST09_blk03)
	SCPT(TM_Potion_ST09_blk04)
	SCPT(TM_Potion_ST09_blk05)
	SCPT(TM_Potion_ST09_blk06)
	SCPT(TM_Potion_ST09_blk07)
	SCPT(TM_Potion_ST09_blk08)
	SCPT(TM_Potion_ST09_blk09)
	SCPT(TM_Potion_ST09_cof01)
	SCPT(TM_Potion_ST09_cof02)
	SCPT(TM_Potion_ST09_cof03)
	SCPT(TM_Potion_ST09_cof04)
	SCPT(TM_Potion_ST09_cof05)
	SCPT(TM_Potion_ST09_cof06)
	SCPT(TM_Potion_ST09_grn01)
	SCPT(TM_Potion_ST09_grn02)
	SCPT(TM_Potion_ST09_grn03)
	SCPT(TM_Potion_ST09_grn04)
	SCPT(TM_Potion_ST09_grn05)
	SCPT(TM_Potion_ST09_grn06)
	SCPT(TM_Potion_ST09_grn07)
	SCPT(TM_Potion_ST09_herb01)
	SCPT(TM_Potion_ST09_herb02)
	SCPT(TM_Potion_ST09_herb03)
	SCPT(TM_Potion_ST09_herb04)
	SCPT(TM_Potion_ST09_herb05)
	SCPT(TM_Potion_ST09_herb06)
	SCPT(TM_Potion_ST09_herb07)
	SCPT(TM_Potion_ST09_herb08)
	SCPT(TM_Potion_ST09_herb09)
	SCPT(TM_Potion_ST09_puerh01)
	SCPT(TM_Potion_ST09_puerh02)
	SCPT(TM_Potion_ST09_puerh03)
	SCPT(TM_Potion_ST09_white01)
	SCPT(TM_Potion_ST09_white02)
	SCPT(TM_Potion_ST10_blk01)
	SCPT(TM_Potion_ST10_blk02)
	SCPT(TM_Potion_ST10_blk03)
	SCPT(TM_Potion_ST10_blk04)
	SCPT(TM_Potion_ST10_blk05)
	SCPT(TM_Potion_ST10_blk06)
	SCPT(TM_Potion_ST10_blk07)
	SCPT(TM_Potion_ST10_blk08)
	SCPT(TM_Potion_ST10_blk09)
	SCPT(TM_Potion_ST10_cof01)
	SCPT(TM_Potion_ST10_cof02)
	SCPT(TM_Potion_ST10_cof03)
	SCPT(TM_Potion_ST10_cof04)
	SCPT(TM_Potion_ST10_cof05)
	SCPT(TM_Potion_ST10_cof06)
	SCPT(TM_Potion_ST10_grn01)
	SCPT(TM_Potion_ST10_grn02)
	SCPT(TM_Potion_ST10_grn03)
	SCPT(TM_Potion_ST10_grn04)
	SCPT(TM_Potion_ST10_grn05)
	SCPT(TM_Potion_ST10_grn06)
	SCPT(TM_Potion_ST10_grn07)
	SCPT(TM_Potion_ST10_herb01)
	SCPT(TM_Potion_ST10_herb02)
	SCPT(TM_Potion_ST10_herb03)
	SCPT(TM_Potion_ST10_herb04)
	SCPT(TM_Potion_ST10_herb05)
	SCPT(TM_Potion_ST10_herb06)
	SCPT(TM_Potion_ST10_herb07)
	SCPT(TM_Potion_ST10_herb08)
	SCPT(TM_Potion_ST10_herb09)
	SCPT(TM_Potion_ST10_puerh01)
	SCPT(TM_Potion_ST10_puerh02)
	SCPT(TM_Potion_ST10_puerh03)
	SCPT(TM_Potion_ST10_white01)
	SCPT(TM_Potion_ST10_white02)
	SCPT(TM_Potion_ST11_blk01)
	SCPT(TM_Potion_ST11_blk02)
	SCPT(TM_Potion_ST11_blk03)
	SCPT(TM_Potion_ST11_blk04)
	SCPT(TM_Potion_ST11_blk05)
	SCPT(TM_Potion_ST11_blk06)
	SCPT(TM_Potion_ST11_blk07)
	SCPT(TM_Potion_ST11_blk08)
	SCPT(TM_Potion_ST11_blk09)
	SCPT(TM_Potion_ST11_cof01)
	SCPT(TM_Potion_ST11_cof02)
	SCPT(TM_Potion_ST11_cof03)
	SCPT(TM_Potion_ST11_cof04)
	SCPT(TM_Potion_ST11_cof05)
	SCPT(TM_Potion_ST11_cof06)
	SCPT(TM_Potion_ST11_grn01)
	SCPT(TM_Potion_ST11_grn02)
	SCPT(TM_Potion_ST11_grn03)
	SCPT(TM_Potion_ST11_grn04)
	SCPT(TM_Potion_ST11_grn05)
	SCPT(TM_Potion_ST11_grn06)
	SCPT(TM_Potion_ST11_grn07)
	SCPT(TM_Potion_ST11_herb01)
	SCPT(TM_Potion_ST11_herb02)
	SCPT(TM_Potion_ST11_herb03)
	SCPT(TM_Potion_ST11_herb04)
	SCPT(TM_Potion_ST11_herb05)
	SCPT(TM_Potion_ST11_herb06)
	SCPT(TM_Potion_ST11_herb07)
	SCPT(TM_Potion_ST11_herb08)
	SCPT(TM_Potion_ST11_herb09)
	SCPT(TM_Potion_ST11_puerh01)
	SCPT(TM_Potion_ST11_puerh02)
	SCPT(TM_Potion_ST11_puerh03)
	SCPT(TM_Potion_ST11_white01)
	SCPT(TM_Potion_ST11_white02)
	SCPT(TM_Potion_ST12_blk01)
	SCPT(TM_Potion_ST12_blk02)
	SCPT(TM_Potion_ST12_blk03)
	SCPT(TM_Potion_ST12_blk04)
	SCPT(TM_Potion_ST12_blk05)
	SCPT(TM_Potion_ST12_blk06)
	SCPT(TM_Potion_ST12_blk07)
	SCPT(TM_Potion_ST12_blk08)
	SCPT(TM_Potion_ST12_blk09)
	SCPT(TM_Potion_ST12_cof01)
	SCPT(TM_Potion_ST12_cof02)
	SCPT(TM_Potion_ST12_cof03)
	SCPT(TM_Potion_ST12_cof04)
	SCPT(TM_Potion_ST12_cof05)
	SCPT(TM_Potion_ST12_cof06)
	SCPT(TM_Potion_ST12_grn01)
	SCPT(TM_Potion_ST12_grn02)
	SCPT(TM_Potion_ST12_grn03)
	SCPT(TM_Potion_ST12_grn04)
	SCPT(TM_Potion_ST12_grn05)
	SCPT(TM_Potion_ST12_grn06)
	SCPT(TM_Potion_ST12_grn07)
	SCPT(TM_Potion_ST12_herb01)
	SCPT(TM_Potion_ST12_herb02)
	SCPT(TM_Potion_ST12_herb03)
	SCPT(TM_Potion_ST12_herb04)
	SCPT(TM_Potion_ST12_herb05)
	SCPT(TM_Potion_ST12_herb06)
	SCPT(TM_Potion_ST12_herb07)
	SCPT(TM_Potion_ST12_herb08)
	SCPT(TM_Potion_ST12_herb09)
	SCPT(TM_Potion_ST12_puerh01)
	SCPT(TM_Potion_ST12_puerh02)
	SCPT(TM_Potion_ST12_puerh03)
	SCPT(TM_Potion_ST12_white01)
	SCPT(TM_Potion_ST12_white02)
	SCPT(TM_Potion_calred_blk01)
	SCPT(TM_Potion_calred_blk02)
	SCPT(TM_Potion_calred_blk03)
	SCPT(TM_Potion_calred_blk04)
	SCPT(TM_Potion_calred_blk05)
	SCPT(TM_Potion_calred_blk06)
	SCPT(TM_Potion_calred_blk07)
	SCPT(TM_Potion_calred_blk08)
	SCPT(TM_Potion_calred_blk09)
	SCPT(TM_Potion_calred_cof01)
	SCPT(TM_Potion_calred_cof02)
	SCPT(TM_Potion_calred_cof03)
	SCPT(TM_Potion_calred_cof04)
	SCPT(TM_Potion_calred_cof05)
	SCPT(TM_Potion_calred_cof06)
	SCPT(TM_Potion_calred_grn01)
	SCPT(TM_Potion_calred_grn02)
	SCPT(TM_Potion_calred_grn03)
	SCPT(TM_Potion_calred_grn04)
	SCPT(TM_Potion_calred_grn05)
	SCPT(TM_Potion_calred_grn06)
	SCPT(TM_Potion_calred_grn07)
	SCPT(TM_Potion_calred_herb01)
	SCPT(TM_Potion_calred_herb02)
	SCPT(TM_Potion_calred_herb03)
	SCPT(TM_Potion_calred_herb04)
	SCPT(TM_Potion_calred_herb05)
	SCPT(TM_Potion_calred_herb06)
	SCPT(TM_Potion_calred_herb07)
	SCPT(TM_Potion_calred_herb08)
	SCPT(TM_Potion_calred_herb09)
	SCPT(TM_Potion_calred_puerh01)
	SCPT(TM_Potion_calred_puerh02)
	SCPT(TM_Potion_calred_puerh03)
	SCPT(TM_Potion_calred_white01)
	SCPT(TM_Potion_calred_white02)
	SCPT(TM_Potion_calsilv_blk01)
	SCPT(TM_Potion_calsilv_blk02)
	SCPT(TM_Potion_calsilv_blk03)
	SCPT(TM_Potion_calsilv_blk04)
	SCPT(TM_Potion_calsilv_blk05)
	SCPT(TM_Potion_calsilv_blk06)
	SCPT(TM_Potion_calsilv_blk07)
	SCPT(TM_Potion_calsilv_blk08)
	SCPT(TM_Potion_calsilv_blk09)
	SCPT(TM_Potion_calsilv_cof01)
	SCPT(TM_Potion_calsilv_cof02)
	SCPT(TM_Potion_calsilv_cof03)
	SCPT(TM_Potion_calsilv_cof04)
	SCPT(TM_Potion_calsilv_cof05)
	SCPT(TM_Potion_calsilv_cof06)
	SCPT(TM_Potion_calsilv_grn01)
	SCPT(TM_Potion_calsilv_grn02)
	SCPT(TM_Potion_calsilv_grn03)
	SCPT(TM_Potion_calsilv_grn04)
	SCPT(TM_Potion_calsilv_grn05)
	SCPT(TM_Potion_calsilv_grn06)
	SCPT(TM_Potion_calsilv_grn07)
	SCPT(TM_Potion_calsilv_herb01)
	SCPT(TM_Potion_calsilv_herb02)
	SCPT(TM_Potion_calsilv_herb03)
	SCPT(TM_Potion_calsilv_herb04)
	SCPT(TM_Potion_calsilv_herb05)
	SCPT(TM_Potion_calsilv_herb06)
	SCPT(TM_Potion_calsilv_herb07)
	SCPT(TM_Potion_calsilv_herb08)
	SCPT(TM_Potion_calsilv_herb09)
	SCPT(TM_Potion_calsilv_puerh01)
	SCPT(TM_Potion_calsilv_puerh02)
	SCPT(TM_Potion_calsilv_puerh03)
	SCPT(TM_Potion_calsilv_white01)
	SCPT(TM_Potion_calsilv_white02)
	SCPT(TM_Potion_kb02_blk01)
	SCPT(TM_Potion_kb02_blk02)
	SCPT(TM_Potion_kb02_blk03)
	SCPT(TM_Potion_kb02_blk04)
	SCPT(TM_Potion_kb02_blk05)
	SCPT(TM_Potion_kb02_blk06)
	SCPT(TM_Potion_kb02_blk07)
	SCPT(TM_Potion_kb02_blk08)
	SCPT(TM_Potion_kb02_blk09)
	SCPT(TM_Potion_kb02_cof01)
	SCPT(TM_Potion_kb02_cof02)
	SCPT(TM_Potion_kb02_cof03)
	SCPT(TM_Potion_kb02_cof04)
	SCPT(TM_Potion_kb02_cof05)
	SCPT(TM_Potion_kb02_cof06)
	SCPT(TM_Potion_kb02_grn01)
	SCPT(TM_Potion_kb02_grn02)
	SCPT(TM_Potion_kb02_grn03)
	SCPT(TM_Potion_kb02_grn04)
	SCPT(TM_Potion_kb02_grn05)
	SCPT(TM_Potion_kb02_grn06)
	SCPT(TM_Potion_kb02_grn07)
	SCPT(TM_Potion_kb02_herb01)
	SCPT(TM_Potion_kb02_herb02)
	SCPT(TM_Potion_kb02_herb03)
	SCPT(TM_Potion_kb02_herb04)
	SCPT(TM_Potion_kb02_herb05)
	SCPT(TM_Potion_kb02_herb06)
	SCPT(TM_Potion_kb02_herb07)
	SCPT(TM_Potion_kb02_herb08)
	SCPT(TM_Potion_kb02_herb09)
	SCPT(TM_Potion_kb02_puerh01)
	SCPT(TM_Potion_kb02_puerh02)
	SCPT(TM_Potion_kb02_puerh03)
	SCPT(TM_Potion_kb02_white01)
	SCPT(TM_Potion_kb02_white02)
	SCPT(TM_Potion_kb_mug_blk01)
	SCPT(TM_Potion_kb_mug_blk02)
	SCPT(TM_Potion_kb_mug_blk03)
	SCPT(TM_Potion_kb_mug_blk04)
	SCPT(TM_Potion_kb_mug_blk05)
	SCPT(TM_Potion_kb_mug_blk06)
	SCPT(TM_Potion_kb_mug_blk07)
	SCPT(TM_Potion_kb_mug_blk08)
	SCPT(TM_Potion_kb_mug_blk09)
	SCPT(TM_Potion_kb_mug_cof01)
	SCPT(TM_Potion_kb_mug_cof02)
	SCPT(TM_Potion_kb_mug_cof03)
	SCPT(TM_Potion_kb_mug_cof04)
	SCPT(TM_Potion_kb_mug_cof05)
	SCPT(TM_Potion_kb_mug_cof06)
	SCPT(TM_Potion_kb_mug_grn01)
	SCPT(TM_Potion_kb_mug_grn02)
	SCPT(TM_Potion_kb_mug_grn03)
	SCPT(TM_Potion_kb_mug_grn04)
	SCPT(TM_Potion_kb_mug_grn05)
	SCPT(TM_Potion_kb_mug_grn06)
	SCPT(TM_Potion_kb_mug_grn07)
	SCPT(TM_Potion_kb_mug_herb01)
	SCPT(TM_Potion_kb_mug_herb02)
	SCPT(TM_Potion_kb_mug_herb03)
	SCPT(TM_Potion_kb_mug_herb04)
	SCPT(TM_Potion_kb_mug_herb05)
	SCPT(TM_Potion_kb_mug_herb06)
	SCPT(TM_Potion_kb_mug_herb07)
	SCPT(TM_Potion_kb_mug_herb08)
	SCPT(TM_Potion_kb_mug_herb09)
	SCPT(TM_Potion_kb_mug_puerh01)
	SCPT(TM_Potion_kb_mug_puerh02)
	SCPT(TM_Potion_kb_mug_puerh03)
	SCPT(TM_Potion_kb_mug_white01)
	SCPT(TM_Potion_kb_mug_white02)
	SCPT(TM_Shipment_Monthly)
	SCPT(TM_Shipment_Rare)
	SCPT(TM_Shipment_SO_Monthly)
	SCPT(TM_Shipment_SpecialOrder)
	SCPT(TM_Shipment_Weekly)
	SCPT(TM_TeaMaking_Global_blk01)
	SCPT(TM_TeaMaking_Global_blk02)
	SCPT(TM_TeaMaking_Global_blk03)
	SCPT(TM_TeaMaking_Global_blk04)
	SCPT(TM_TeaMaking_Global_blk05)
	SCPT(TM_TeaMaking_Global_blk06)
	SCPT(TM_TeaMaking_Global_blk07)
	SCPT(TM_TeaMaking_Global_blk08)
	SCPT(TM_TeaMaking_Global_blk09)
	SCPT(TM_TeaMaking_Global_cof01)
	SCPT(TM_TeaMaking_Global_cof02)
	SCPT(TM_TeaMaking_Global_cof03)
	SCPT(TM_TeaMaking_Global_cof04)
	SCPT(TM_TeaMaking_Global_cof05)
	SCPT(TM_TeaMaking_Global_cof06)
	SCPT(TM_TeaMaking_Global_grn01)
	SCPT(TM_TeaMaking_Global_grn02)
	SCPT(TM_TeaMaking_Global_grn03)
	SCPT(TM_TeaMaking_Global_grn04)
	SCPT(TM_TeaMaking_Global_grn05)
	SCPT(TM_TeaMaking_Global_grn06)
	SCPT(TM_TeaMaking_Global_grn07)
	SCPT(TM_TeaMaking_Global_herb01)
	SCPT(TM_TeaMaking_Global_herb02)
	SCPT(TM_TeaMaking_Global_herb03)
	SCPT(TM_TeaMaking_Global_herb04)
	SCPT(TM_TeaMaking_Global_herb05)
	SCPT(TM_TeaMaking_Global_herb06)
	SCPT(TM_TeaMaking_Global_herb07)
	SCPT(TM_TeaMaking_Global_herb08)
	SCPT(TM_TeaMaking_Global_herb09)
	SCPT(TM_TeaMaking_Global_puerh01)
	SCPT(TM_TeaMaking_Global_puerh02)
	SCPT(TM_TeaMaking_Global_puerh03)
	SCPT(TM_TeaMaking_Global_white01)
	SCPT(TM_TeaMaking_Global_white02)
	SCPT(TM_TeapotScript)
	SCPT(TM_Tin_misc_ST01)
	SCPT(TM_Tin_misc_ST02)
	SCPT(TM_Tin_misc_ST03)
	SCPT(TM_Tin_misc_ST04)
	SCPT(TM_Tin_misc_ST05)
	SCPT(TM_Tin_misc_ST06)
	SCPT(TM_Tin_misc_ST07)
	SCPT(TM_Tin_misc_ST08)
	SCPT(TM_Tin_misc_ST09)
	SCPT(TM_Tin_misc_ST10)
	SCPT(TM_Tin_misc_ST11)
	SCPT(TM_Tin_misc_ST12)
	SCPT(TM_Tin_misc_kb01)
	SCPT(TM_Tin_misc_kb02)
	SCPT(TM_Travel)
	SCPT(TM_Urn)
	SCPT(TM_jar_misc_ST01)
	SCPT(TM_jar_misc_ST02)
	SCPT(TM_jar_misc_ST03)
	SCPT(TM_jar_misc_ST04)
	SCPT(TM_jar_misc_ST05)
	SCPT(TM_jar_misc_ST06)
	SCPT(TM_jar_misc_cookie)
	SCPT(Water_Basin_Splash)
    [OVR-REC] Overridden Records:
	From Master         Type    Name
	morrowind.esm       DIAL    alchemical formulas
	morrowind.esm       DIAL    alchemy
	morrowind.esm       DIAL    alembic
	morrowind.esm       DIAL    apparatus
	morrowind.esm       DIAL    arch-mage
	morrowind.esm       DIAL    aurane frernis
	morrowind.esm       DIAL    calcinator
	morrowind.esm       DIAL    dratha
	morrowind.esm       DIAL    house telvanni
	morrowind.esm       DIAL    leaflet
	morrowind.esm       DIAL    mages guild
	morrowind.esm       DIAL    magister
	morrowind.esm       DIAL    mortar and pestle
	morrowind.esm       DIAL    nalcarya of white haven
	morrowind.esm       DIAL    retort
	morrowind.esm       DIAL    sadrith mora
	morrowind.esm       DIAL    sload soap
	morrowind.esm       DIAL    tel aruhn
	morrowind.esm       DIAL    tel branora
	morrowind.esm       DIAL    tel mora
	morrowind.esm       DIAL    tel vos
	morrowind.esm       DIAL    vos
	morrowind.esm       LEVI    random_com_kitchenware
	morrowind.esm       LEVI    random_de_pos_01
	tribunal.esm        DIAL    background
	tribunal.esm        DIAL    contract
	tribunal.esm        DIAL    favor
	tribunal.esm        DIAL    greeting 0
	tribunal.esm        DIAL    greeting 1
	tribunal.esm        DIAL    greeting 5
	tribunal.esm        DIAL    greeting 7
	tribunal.esm        DIAL    latest rumors
	tribunal.esm        DIAL    little advice
	tribunal.esm        DIAL    little secret
	tribunal.esm        DIAL    nerevarine
	tribunal.esm        DIAL    services
	tribunal.esm        DIAL    someone in particular
	tribunal.esm        DIAL    specific place
