The Forgotten.esp: DUP-REC GETSND MENUMOD MISSVER OVR-REC
    [GETSND] GetSoundPlaying possibly used to detect events:
	SCPT(FleshHarvester)
    [MENUMOD] Scripts not checking menumode:
	SCPT(BloodChunkScript)
	SCPT(FixMeatBonus)
	SCPT(HS_AssistantAppear)
	SCPT(HS_DisappearForQuestTwo)
	SCPT(HS_InspectorAppear)
	SCPT(HS_OfficerScript)
	SCPT(HS_QuestOverArrests)
	SCPT(HS_RingNamiraScript)
	SCPT(hs_NamiraRingCheck)
	SCPT(hs_carpenter)
	SCPT(hs_cultists)
	SCPT(hs_lairbattle)
	SCPT(hs_lightdetection)
	SCPT(hs_meatswap)
	SCPT(hs_namiramusic)
	SCPT(hs_namiramusic1)
	SCPT(hs_ordinatorattackforgotten)
    [OVR-REC] Overridden Records:
	From Master         Type    Name
	bloodmoon.esm       LTEX    sand_02
	morrowind.esm       LAND    (-13, 10)
	morrowind.esm       LTEX    scrub plain
	morrowind.esm       LTEX    tx_rock_wg_01.tga
	morrowind.esm       LTEX    wg_rock
	morrowind.esm       LTEX    wg_rockydirt
	morrowind.esm       LTEX    wg_rockyscrub
	morrowind.esm       NPC_    dalvus helotrhan
	morrowind.esm       NPC_    dolsa gilvani
	morrowind.esm       NPC_    favela dralor
	morrowind.esm       NPC_    galis seleth
	morrowind.esm       NPC_    hlavora sadas
	morrowind.esm       NPC_    llonas felder
	morrowind.esm       NPC_    maesa gabinia
	morrowind.esm       NPC_    salver lleran
	tribunal.esm        DIAL    greeting 0
	tribunal.esm        DIAL    greeting 1
	tribunal.esm        DIAL    greeting 5
	tribunal.esm        DIAL    greeting 7
	tribunal.esm        DIAL    latest rumors
	tribunal.esm        DIAL    task
