The Sable Dragon 1.6 mmc.esp: DUP-REC MENUMOD OVR-REC
    [MENUMOD] Scripts not checking menumode:
	SCPT(Adacardkill)
	SCPT(Dprophetkill)
	SCPT(Fallineorkill)
	SCPT(Gogankill)
	SCPT(Ihsahnkill)
	SCPT(Pub_Sable_Inn)
	SCPT(Skollkill)
	SCPT(arkmessage)
	SCPT(codoScript)
	SCPT(korskeyhide)
	SCPT(korsussmessage)
	SCPT(laloronakill)
	SCPT(man_Beastappear)
	SCPT(man_algerkill)
	SCPT(man_algermanordoor)
	SCPT(man_algermanordoor2)
	SCPT(man_algernonjournal)
	SCPT(man_amulTransport)
	SCPT(man_ancientcellar)
	SCPT(man_arkdooreast)
	SCPT(man_arkdoorlow)
	SCPT(man_arkdoorwest)
	SCPT(man_armandappear)
	SCPT(man_boogappear)
	SCPT(man_cellardoor2)
	SCPT(man_ceylondoor)
	SCPT(man_chadderjourn10)
	SCPT(man_cloakdead)
	SCPT(man_codobeltscr)
	SCPT(man_daggappear)
	SCPT(man_despring_appear)
	SCPT(man_dreamerdoor)
	SCPT(man_eggdoor)
	SCPT(man_europa)
	SCPT(man_forgotdoor)
	SCPT(man_gemlock)
	SCPT(man_ghostsummon)
	SCPT(man_holdstatic)
	SCPT(man_icesword)
	SCPT(man_korsdoorlow)
	SCPT(man_korsjourn)
	SCPT(man_lichscream)
	SCPT(man_majerechest)
	SCPT(man_puffmummy)
	SCPT(man_puffskele)
	SCPT(man_ratappear)
	SCPT(man_sablecellar)
	SCPT(man_script_blackpearl)
	SCPT(man_script_fireagate)
	SCPT(man_script_jasper)
	SCPT(man_script_majerestaff)
	SCPT(man_script_malachite)
	SCPT(man_script_obsidian)
	SCPT(man_script_rose)
	SCPT(man_script_umbrella)
	SCPT(man_scroll282)
	SCPT(man_seput20)
	SCPT(man_seputRevealed)
	SCPT(man_seputamulscript)
	SCPT(man_seputus15)
	SCPT(man_seputusappear)
	SCPT(man_skelesumm)
	SCPT(man_skeleton_Arise_script)
	SCPT(man_smallcreature)
	SCPT(man_smallnpc)
	SCPT(man_smallpouch)
	SCPT(man_spectresummon)
	SCPT(man_statuesize)
	SCPT(man_trapdoor_lock)
	SCPT(man_ursTwo)
	SCPT(man_vincescroll)
	SCPT(man_well_locked)
	SCPT(man_wolfsummon)
	SCPT(manoddchest)
	SCPT(manpassageScript)
	SCPT(mansackhide)
	SCPT(shadmessage)
	SCPT(velniaskill)
    [DUP-REC] Duplicate Records:
	From Master         Type    Name
	morrowind.esm       LTEX    rock_coastal
	morrowind.esm       LTEX    sand
    [OVR-REC] Overridden Records:
	From Master         Type    Name
	bloodmoon.esm       DIAL    solstheim
	bloodmoon.esm       LTEX    sand_02
	bloodmoon.esm       LTEX    tx_bc_rock_03.tga
	morrowind.esm       LAND    (-3, 13)
	morrowind.esm       LAND    (-3, 14)
	morrowind.esm       LAND    (-5, -6)
	morrowind.esm       LAND    (-5, -7)
	morrowind.esm       LAND    (-5, -8)
	morrowind.esm       LAND    (-7, 17)
	morrowind.esm       LAND    (-8, 17)
	morrowind.esm       LAND    (1, -6)
	morrowind.esm       LAND    (1, -7)
	morrowind.esm       LAND    (10, 5)
	morrowind.esm       LAND    (15, -7)
	morrowind.esm       LAND    (16, -7)
	morrowind.esm       LAND    (2, -7)
	morrowind.esm       LAND    (9, 5)
	morrowind.esm       LTEX    ac_darkstone01
	morrowind.esm       LTEX    ac_darkstone02
	morrowind.esm       LTEX    ac_dirtroad_01
	morrowind.esm       LTEX    al_ash_01
	morrowind.esm       LTEX    al_ash_02
	morrowind.esm       LTEX    al_ash_03
	morrowind.esm       LTEX    al_ash_04
	morrowind.esm       LTEX    gl_dirt_01
	morrowind.esm       LTEX    gl_dirt_02
	morrowind.esm       LTEX    gl_dirt_grass_02
	morrowind.esm       LTEX    gl_dirtroad
	morrowind.esm       LTEX    gl_grass_03
	morrowind.esm       LTEX    gl_grass_04
	morrowind.esm       LTEX    gl_rock_01
	morrowind.esm       LTEX    gl_rock_02
	morrowind.esm       LTEX    ma_crackedearth
	morrowind.esm       LTEX    ma_lava03
	morrowind.esm       LTEX    ma_lava05
	morrowind.esm       LTEX    ma_lava06
	morrowind.esm       LTEX    ma_lavaflow
	morrowind.esm       LTEX    ma_lavarock
	morrowind.esm       LTEX    ma_rock04
	morrowind.esm       LTEX    ma_sulphur_rock02
	morrowind.esm       LTEX    ma_sulphur_rock03
	morrowind.esm       LTEX    ma_sulphur_rock05
	morrowind.esm       LTEX    tx_ai_mudflats_01.tga
	morrowind.esm       LTEX    tx_bc_dirt.tga
	morrowind.esm       LTEX    tx_bc_grass.tga
	morrowind.esm       LTEX    tx_bc_moss.tga
	morrowind.esm       LTEX    tx_bc_muck_01.tga
	morrowind.esm       LTEX    tx_bc_mud.tga
	morrowind.esm       LTEX    tx_bc_rockyscrub.tga
	morrowind.esm       LTEX    tx_bc_undergrowth.tga
	morrowind.esm       LTEX    wg_rock
	morrowind.esm       LTEX    wg_rockydirt
	morrowind.esm       LTEX    wg_rockyscrub
	morrowind.esm       LTEX    wg_scrub plain
	morrowind.esm       PGRD    ashlands region
	morrowind.esm       PGRD    bitter coast region
	tribunal.esm        DIAL    background
	tribunal.esm        DIAL    beds
	tribunal.esm        DIAL    greeting 1
	tribunal.esm        DIAL    greeting 5
	tribunal.esm        LTEX    ai_clover
	tribunal.esm        LTEX    ai_dirt
	tribunal.esm        LTEX    ai_dirtroad
	tribunal.esm        LTEX    ai_grass
	tribunal.esm        LTEX    ai_grass_02
	tribunal.esm        LTEX    ai_grass_cobbles
	tribunal.esm        LTEX    ai_grass_dirt
	tribunal.esm        LTEX    ai_grass_rocky
	tribunal.esm        LTEX    ai_tilled_dirt
	tribunal.esm        LTEX    rm_grayrock
	tribunal.esm        LTEX    rm_rock_01
