The Levitation Act - Addon.ESP: DUP-REC MISSAUT MISSDSC MISSVER MOD-INF OVR-REC
    [OVR-REC] Overridden Records:
	From Master         Type    Name
	bloodmoon.esm       DIAL    orders
	morrowind.esm       CONT    chest_01_v_potion_al_03
	morrowind.esm       CONT    de_p_chest_02_potions
	morrowind.esm       DIAL    alteration
	morrowind.esm       DIAL    alteration potions
	morrowind.esm       DIAL    alteration spells
	morrowind.esm       DIAL    apologies
	morrowind.esm       DIAL    erroneous documents
	morrowind.esm       ENCH    wizard's staff_en
	morrowind.esm       NPC_    trebonius artorius
	tribunal.esm        CONT    chest_01_v_potion_al_02
	tribunal.esm        DIAL    boots of the apostle

[MOD-INF]: ID=7668540395945674(Topic:apologies)
  morrowind.esm------------------>|DATA|ONAM:trebonius artorius|NAME:This book is from Tarer? Well, it's about time he learned some humility. I'm touched by the gesture nonetheless.  Here's something for that rash of his, and a little something for you.|SCVR:04JX3MS_Apologies|INTV|SCVR:15IX2bk_Aedra_Tarer_Unique|INTV:|BNAM:Journal MS_Apologies 10  Player->RemoveItem "bk_Aedra_Tarer_Unique" 1  Additem "bk_Aedra_Tarer_Unique" 1  Player-> AddItem "P_Levitation_E" 1   Player->AddItem "p_cure_common_unique" 1  ModDisposition 10  Journal MS_Apologies 10
  The Levitation Act - Addon.ESP->|DATA|ONAM:trebonius artorius|NAME:This book is from Tarer? Well, it's about time he learned some humility. I'm touched by the gesture nonetheless.  Here's something for that rash of his, and a little something for you.|SCVR:04JX3MS_Apologies|INTV|SCVR:15IX2bk_Aedra_Tarer_Unique|INTV:|BNAM:Journal MS_Apologies 10  Player->RemoveItem "bk_Aedra_Tarer_Unique" 1  Additem "bk_Aedra_Tarer_Unique" 1  Player-> AddItem "p_restore_health_e" 1   Player->AddItem "p_cure_common_unique" 1  ModDisposition 10  Journal MS_Apologies 10

[MOD-INF]: ID=34296430615428954(Topic:boots of the apostle)
  morrowind.esm------------------>|DATA|ONAM:Lalatia Varian|NAME:The boots you recovered were once worn by Tiber Septim himself. Wear them with pride.|SCVR:04JX3IC26_AmaNin|INTV:2
  The Levitation Act - Addon.ESP->|DATA|ONAM:Lalatia Varian|NAME:The boots you recovered were once worn by Tiber Septim himself. Wear them with pride and dedicate them to the service of the Nine. However, don't forget that levitation magic is banned in the Empire now, so make sure you don't use the enchantment of the boots in settlements.|SCVR:04JX3IC26_AmaNin|INTV:2

[MOD-INF]: ID=493650892551015451(Topic:alteration spells)
  morrowind.esm------------------>|DATA|ONAM:smokey morth|NAME:There are many common variants of alteration spells, not to mention the countless custom versions created by ambitious spellcasters. But here is a list of the most basic spells, representing all the fundamental classes of spell effects produced by this college: water breathing, buoyancy, water walking, shield, fire shield, shock shield, frost shield, burden, feather, jump, slowfall, levitate, lock, and open.|BNAM:;mage; sorcerer; healer; pilgrim; nightblade; witchhunter; spellsword;
  The Levitation Act - Addon.ESP->|DATA|ONAM:smokey morth|NAME:There are many common variants of alteration spells, not to mention the countless custom versions created by ambitious spellcasters. But here is a list of the most basic spells, representing all the fundamental classes of spell effects produced by this college: water breathing, buoyancy, water walking, shield, fire shield, shock shield, frost shield, burden, feather, jump, slowfall, lock, open and the outlawed levitate.|BNAM:;mage; sorcerer; healer; pilgrim; nightblade; witchhunter; spellsword;

[MOD-INF]: ID=1100420302816620872(Topic:alteration potions)
  morrowind.esm------------------>|DATA|ONAM:anarenen|NAME:Alteration potions provide beneficial magical effects from the domain of the Arcane College of Alteration. Alteration potions include: burden, feather, and levitate.|BNAM:;alchemist; apothecary; healer; trader;
  The Levitation Act - Addon.ESP->|DATA|ONAM:anarenen|NAME:Alteration potions provide beneficial magical effects from the domain of the Arcane College of Alteration. Alteration potions include: burden, feather, and levitate. The latter was recently banned in the Empire, but of course some organizations hostile to Imperial rule refuse to cooperate.|BNAM:;alchemist; apothecary; healer; trader;

[MOD-INF]: ID=1696305292699815313(Topic:alteration potions)
  morrowind.esm------------------>|DATA|ONAM:nalion|NAME:Alteration potions provide beneficial magical effects from the domain of the Arcane College of Alteration. Alteration potions include: burden, feather, and levitate.|BNAM:;alchemist; apothecary; healer; trader;
  The Levitation Act - Addon.ESP->|DATA|ONAM:nalion|NAME:Alteration potions provide beneficial magical effects from the domain of the Arcane College of Alteration. Alteration potions include: burden, feather, and levitate. The latter was recently banned in the Empire, but of course some organizations hostile to Imperial rule refuse to cooperate.|BNAM:;alchemist; apothecary; healer; trader;

[MOD-INF]: ID=1774027995387524122(Topic:orders)
  morrowind.esm------------------>|DATA|ONAM:caius cosades|NAME:Here. Take this Dwemer artifact and 1000 drakes, and go to Tel Fyr. Divayth Fyr will like the Dwemer artifact. A gift may sweeten his disposition. The gold is for expenses. And here're a couple of Levitation potions. I hear you'll need them in Telvanni towers, because wizards don't use stairs. So get moving, and get that corprus disease cured. Then hurry back. I think I know how to get the lost prophecies Nibani Maesa asked for.|SCVR:04JX3A2_2_6thHouse|INTV:2|SCVR:11500|INTV|BNAM:;Caius; 1; Journal A2_2_6thHouse >= 50;   Journal "A2_3_CorprusCure" 1  moddisposition 10  PCRaiseRank  Player->AddItem misc_dwrv_artifact50 1  Player->AddItem, "Gold_001", 1000  Player->AddItem, "P_Levitation_Q", 3
  The Levitation Act - Addon.ESP->|DATA|ONAM:caius cosades|NAME:Here. Take this Dwemer artifact and 1000 drakes, and go to Tel Fyr. Divayth Fyr will like the Dwemer artifact. A gift may sweeten his disposition. The gold is for expenses. And here're a couple of Levitation potions. I hear you'll need them in Telvanni towers, because wizards don't use stairs. Levitation magic is banned in the Empire, but I'm the Spymaster of the Blades. So get moving, and get that corprus disease cured. Then hurry back. I think I know how to get the lost prophecies Nibani Maesa asked for.|SCVR:04JX3A2_2_6thHouse|INTV:2|SCVR:11500|INTV|BNAM:;Caius; 1; Journal A2_2_6thHouse >= 50;   Journal "A2_3_CorprusCure" 1  moddisposition 10  PCRaiseRank  Player->AddItem misc_dwrv_artifact50 1  Player->AddItem, "Gold_001", 1000  Player->AddItem, "P_Levitation_Q", 3

[MOD-INF]: ID=1980928079138795518(Topic:alteration)
  morrowind.esm------------------>|DATA|CNAM:Savant|NAME:The alteration discipline is the mastery of the spell effects of the College of Alteration. The alteration spells involve manipulation of the physical world and its natural properties. Alteration effects include water breathing and walking, jumping, levitating, opening locks, and shield barriers against physical damage.|SCVR:0CsX0NoLore|INTV:|SCVR:1ARX0Dark Elf|INTV|BNAM:;Fighters Guild; Mages Guild; Thieves Guild;
  The Levitation Act - Addon.ESP->|DATA|CNAM:Savant|NAME:The alteration discipline is the mastery of the spell effects of the College of Alteration. The alteration spells involve manipulation of the physical world and its natural properties. Alteration effects include water breathing and walking, jumping, opening locks, shield barriers against physical damage and levitating. The latter was recently outlawed in the Empire, and it is a crime to cast such spells now.|SCVR:0CsX0NoLore|INTV:|SCVR:1ARX0Dark Elf|INTV|BNAM:;Fighters Guild; Mages Guild; Thieves Guild;

[MOD-INF]: ID=2317529803693722683(Topic:alteration spells)
  morrowind.esm------------------>|DATA|ONAM:ygfa|NAME:There are many common variants of alteration spells, not to mention the countless custom versions created by ambitious spellcasters. But here is a list of the most basic spells, representing all the fundamental classes of spell effects produced by this college: water breathing, buoyancy, water walking, shield, fire shield, shock shield, frost shield, burden, feather, jump, slowfall, levitate, lock, and open.|BNAM:;mage; sorcerer; healer; pilgrim; nightblade; witchhunter; spellsword;
  The Levitation Act - Addon.ESP->|DATA|ONAM:ygfa|NAME:There are many common variants of alteration spells, not to mention the countless custom versions created by ambitious spellcasters. But here is a list of the most basic spells, representing all the fundamental classes of spell effects produced by this college: water breathing, buoyancy, water walking, shield, fire shield, shock shield, frost shield, burden, feather, jump, slowfall, lock, open and the outlawed levitate.|BNAM:;mage; sorcerer; healer; pilgrim; nightblade; witchhunter; spellsword;

[MOD-INF]: ID=2334524167310848904(Topic:alteration spells)
  morrowind.esm------------------>|DATA|ONAM:artisa arelas|NAME:There are many common variants of alteration spells, not to mention the countless custom versions created by ambitious spellcasters. But here is a list of the most basic spells, representing all the fundamental classes of spell effects produced by this college: water breathing, buoyancy, water walking, shield, fire shield, shock shield, frost shield, burden, feather, jump, slowfall, levitate, lock, and open.|BNAM:;mage; sorcerer; healer; pilgrim; nightblade; witchhunter; spellsword;
  The Levitation Act - Addon.ESP->|DATA|ONAM:artisa arelas|NAME:There are many common variants of alteration spells, not to mention the countless custom versions created by ambitious spellcasters. But here is a list of the most basic spells, representing all the fundamental classes of spell effects produced by this college: water breathing, buoyancy, water walking, shield, fire shield, shock shield, frost shield, burden, feather, jump, slowfall, lock, open and the outlawed levitate.|BNAM:;mage; sorcerer; healer; pilgrim; nightblade; witchhunter; spellsword;

[MOD-INF]: ID=2427128460137691695(Topic:alteration spells)
  morrowind.esm------------------>|DATA|ONAM:estirdalin|NAME:There are many common variants of alteration spells, not to mention the countless custom versions created by ambitious spellcasters. But here is a list of the most basic spells, representing all the fundamental classes of spell effects produced by this college: water breathing, buoyancy, water walking, shield, fire shield, shock shield, frost shield, burden, feather, jump, slowfall, levitate, lock, and open.|BNAM:;mage; sorcerer; healer; pilgrim; nightblade; witchhunter; spellsword;
  The Levitation Act - Addon.ESP->|DATA|ONAM:estirdalin|NAME:There are many common variants of alteration spells, not to mention the countless custom versions created by ambitious spellcasters. But here is a list of the most basic spells, representing all the fundamental classes of spell effects produced by this college: water breathing, buoyancy, water walking, shield, fire shield, shock shield, frost shield, burden, feather, jump, slowfall, lock, open and the outlawed levitate.|BNAM:;mage; sorcerer; healer; pilgrim; nightblade; witchhunter; spellsword;

[MOD-INF]: ID=2435023709918512107(Topic:erroneous documents)
  morrowind.esm------------------>|DATA|ONAM:odral helvi|NAME:I will take your word that you put the deed in the right place. This is the erroneous deed, which I will dispose of personally. Take these scrolls for your troubles.|SCVR:01500|INTV|SCVR:15IX2bk_landdeed_hhrd|INTV:|SCVR:24JX3HH_ReplaceDocs|INTV:2|BNAM:Journal HH_ReplaceDocs 100  Player->RemoveItem bk_landdeed_hhrd 1  Player->AddItem sc_uthshandofheaven 2  Player->AddItem sc_tranasasspelltwist 2  Player->AddItem sc_blackstorm 2  ModPCFacRep 5 "Hlaalu"  ModDisposition 15
  The Levitation Act - Addon.ESP->|DATA|ONAM:odral helvi|NAME:I will take your word that you put the deed in the right place. This is the erroneous deed, which I will dispose of personally. Take these scrolls for your troubles.|SCVR:01500|INTV|SCVR:15IX2bk_landdeed_hhrd|INTV:|SCVR:24JX3HH_ReplaceDocs|INTV:2|BNAM:Journal HH_ReplaceDocs 100  Player->RemoveItem bk_landdeed_hhrd 1  Player->AddItem sc_tranasasspelltwist 3  Player->AddItem sc_blackstorm 3  ModPCFacRep 5 "Hlaalu"  ModDisposition 15

[MOD-INF]: ID=3625318113213323028(Topic:alteration spells)
  morrowind.esm------------------>|DATA|ONAM:melvure rindu|NAME:There are many common variants of alteration spells, not to mention the countless custom versions created by ambitious spellcasters. But here is a list of the most basic spells, representing all the fundamental classes of spell effects produced by this college: water breathing, buoyancy, water walking, shield, fire shield, shock shield, frost shield, burden, feather, jump, slowfall, levitate, lock, and open.|BNAM:;mage; sorcerer; healer; pilgrim; nightblade; witchhunter; spellsword;
  The Levitation Act - Addon.ESP->|DATA|ONAM:melvure rindu|NAME:There are many common variants of alteration spells, not to mention the countless custom versions created by ambitious spellcasters. But here is a list of the most basic spells, representing all the fundamental classes of spell effects produced by this college: water breathing, buoyancy, water walking, shield, fire shield, shock shield, frost shield, burden, feather, jump, slowfall, lock, open and the outlawed levitate.|BNAM:;mage; sorcerer; healer; pilgrim; nightblade; witchhunter; spellsword;

[MOD-INF]: ID=6220231571311115105(Topic:erroneous documents)
  morrowind.esm------------------>|DATA|ONAM:odral helvi|NAME:I will take your word that you put the deed in the right place. This is the erroneous deed, which I will dispose of personally. Take these scrolls for your troubles.|SCVR:01500|INTV|SCVR:15IX2bk_landdeed_hhrd|INTV:|SCVR:23sX0replacedDocs|INTV|BNAM:Journal HH_ReplaceDocs 100  Player->RemoveItem bk_landdeed_hhrd 1  Player->AddItem sc_uthshandofheaven 2  Player->AddItem sc_tranasasspelltwist 2  Player->AddItem sc_blackstorm 2  ModPCFacRep 5 "Hlaalu"  ModDisposition 15
  The Levitation Act - Addon.ESP->|DATA|ONAM:odral helvi|NAME:I will take your word that you put the deed in the right place. This is the erroneous deed, which I will dispose of personally. Take these scrolls for your troubles.|SCVR:01500|INTV|SCVR:15IX2bk_landdeed_hhrd|INTV:|SCVR:23sX0replacedDocs|INTV|BNAM:Journal HH_ReplaceDocs 100  Player->RemoveItem bk_landdeed_hhrd 1  Player->AddItem sc_tranasasspelltwist 3  Player->AddItem sc_blackstorm 3  ModPCFacRep 5 "Hlaalu"  ModDisposition 15

[MOD-INF]: ID=20323186801043114507(Topic:alteration spells)
  morrowind.esm------------------>|DATA|ONAM:eraamion|NAME:There are many common variants of alteration spells, not to mention the countless custom versions created by ambitious spellcasters. But here is a list of the most basic spells, representing all the fundamental classes of spell effects produced by this college: water breathing, buoyancy, water walking, shield, fire shield, shock shield, frost shield, burden, feather, jump, slowfall, levitate, lock, and open.|BNAM:;mage; sorcerer; healer; pilgrim; nightblade; witchhunter; spellsword;
  The Levitation Act - Addon.ESP->|DATA|ONAM:eraamion|NAME:There are many common variants of alteration spells, not to mention the countless custom versions created by ambitious spellcasters. But here is a list of the most basic spells, representing all the fundamental classes of spell effects produced by this college: water breathing, buoyancy, water walking, shield, fire shield, shock shield, frost shield, burden, feather, jump, slowfall, lock, open and the outlawed levitate.|BNAM:;mage; sorcerer; healer; pilgrim; nightblade; witchhunter; spellsword;

[MOD-INF]: ID=25862186752560517334(Topic:alteration spells)
  morrowind.esm------------------>|DATA|ONAM:strillian macro|NAME:There are many common variants of alteration spells, not to mention the countless custom versions created by ambitious spellcasters. But here is a list of the most basic spells, representing all the fundamental classes of spell effects produced by this college: water breathing, buoyancy, water walking, shield, fire shield, shock shield, frost shield, burden, feather, jump, slowfall, levitate, lock, and open.|BNAM:;mage; sorcerer; healer; pilgrim; nightblade; witchhunter; spellsword;
  The Levitation Act - Addon.ESP->|DATA|ONAM:strillian macro|NAME:There are many common variants of alteration spells, not to mention the countless custom versions created by ambitious spellcasters. But here is a list of the most basic spells, representing all the fundamental classes of spell effects produced by this college: water breathing, buoyancy, water walking, shield, fire shield, shock shield, frost shield, burden, feather, jump, slowfall, lock, open and the outlawed levitate.|BNAM:;mage; sorcerer; healer; pilgrim; nightblade; witchhunter; spellsword;

[MOD-INF]: ID=28932123412019617459(Topic:alteration potions)
  morrowind.esm------------------>|DATA|ONAM:tendris vedran|NAME:Alteration potions provide beneficial magical effects from the domain of the Arcane College of Alteration. Alteration potions include: burden, feather, and levitate.|BNAM:;alchemist; apothecary; healer; trader;
  The Levitation Act - Addon.ESP->|DATA|ONAM:tendris vedran|NAME:Alteration potions provide beneficial magical effects from the domain of the Arcane College of Alteration. Alteration potions include: burden, feather, and levitate. The latter was recently banned in the Empire, but of course some organizations hostile to Imperial rule refuse to cooperate.|BNAM:;alchemist; apothecary; healer; trader;

[MOD-INF]: ID=29205239722286525466(Topic:alteration potions)
  morrowind.esm------------------>|DATA|ONAM:ygfa|NAME:Alteration potions provide beneficial magical effects from the domain of the Arcane College of Alteration. Alteration potions include: burden, feather, and levitate.|BNAM:;alchemist; apothecary; healer; trader;
  The Levitation Act - Addon.ESP->|DATA|ONAM:ygfa|NAME:Alteration potions provide beneficial magical effects from the domain of the Arcane College of Alteration. Alteration potions include: burden, feather, and levitate. The latter was recently banned in the Empire, but of course some organizations hostile to Imperial rule refuse to cooperate.|BNAM:;alchemist; apothecary; healer; trader;
