The Raven.esp: DUP-INF DUP-REC MENUMOD MISSVER MOD-INF MOD-IID NUMRECS OVR-REC
    [NUMRECS]: number of records in TES3.HEDR (286) != Actual count (209)
    [MENUMOD] Scripts not checking menumode:
	SCPT(Sorkvild_death)
    [OVR-REC] Overridden Records:
	From Master         Type    Name
	morrowind.esm       DIAL    dagon fel
	morrowind.esm       DIAL    dwemer ruins
	morrowind.esm       DIAL    errand
	morrowind.esm       DIAL    intimidate fail
	morrowind.esm       DIAL    intimidate success
	morrowind.esm       DIAL    masque of clavicus vile
	morrowind.esm       DIAL    sorkvild the raven
	morrowind.esm       DIAL    thief
	morrowind.esm       NPC_    gilse darethi
	morrowind.esm       NPC_    hlora long-leg
	morrowind.esm       NPC_    minedhel
	morrowind.esm       NPC_    sorkvild the raven
	tribunal.esm        DIAL    attack
	tribunal.esm        DIAL    background
	tribunal.esm        DIAL    greeting 1
	tribunal.esm        DIAL    greeting 7
	tribunal.esm        DIAL    hello
	tribunal.esm        DIAL    hit
	tribunal.esm        DIAL    idle
	tribunal.esm        DIAL    latest rumors
	tribunal.esm        DIAL    little advice
	tribunal.esm        DIAL    little secret
	tribunal.esm        DIAL    my trade
	tribunal.esm        DIAL    services
	tribunal.esm        DIAL    specific place

[MOD-INF]: ID=23616259493678069(Topic:masque of clavicus vile)
  morrowind.esm->|DATA|ONAM:sorkvild the raven|NAME:I've heard of such a thing. No doubt it exists. But I have no idea where it might be.
  The Raven.esp->|DATA|ONAM:sorkvild the raven|NAME:Clavicus Vile was the most vain of the Daedra Gods, and forged a masque that suited to his own personality.|SCVR:04JX0Sorka4_4|INTV

[DUP-INF]: ID=24065140972752714(Topic:specific place)
  |DATA|ANAM:Dren Plantation|NAME:This is Orvas Dren's Plantation. All the work -- netch processing, storage, shipping -- is handled in the western part of the compound. The guardhouse is in the northeast, and Orvas Dren's villa is in the southeast corner.|SCVR:0BLX0Dren Plantation, Dren's Villa|INTV:|SCVR:1CsX0NoLore|INTV:

[MOD-INF]: ID=51221362149622068(Persuasion:intimidate fail)
  morrowind.esm->|DATA|ONAM:ghost_npc_ane teria|NAME:Speak with disrespect to the spirits, and you will regret it.
  The Raven.esp->|DATA|ONAM|NAME:If Sorkvild wanted to lean on me, he should have sent a proper thug.|SCVR:04JX0Sorka2_2|INTV: 

[MOD-INF]: ID=119818862849716705(Topic:dagon fel)
  morrowind.esm->|DATA|ONAM:sorkvild the raven|NAME:The locals haven't shown an appreciation of my unique talents.
  The Raven.esp->|DATA|ONAM:gilse darethi|NAME:I can't stand the place. Full of brash, noisy Nords who spend their time drinking and fighting.

[MOD-INF]: ID=119818862849716705(Topic:dagon fel)
  morrowind.esm->|DATA|ONAM:sorkvild the raven|NAME:The locals haven't shown an appreciation of my unique talents.
  The Raven.esp->|DATA|ONAM:gilse darethi|NAME:I can't stand the place. Full of brash, noisy Nords who spend their time drinking and fighting.
[MOD-IID]: ID=494522521206245424
  The Raven.esp->The locals haven't shown an appreciation of my unique talents.

[DUP-INF]: ID=134017307252221609(Topic:dwemer ruins)
  |DATA|ONAM:baladas demnevanni|NAME:There are many scattered across Vvardenfell. There is one on the coast northwest of here.

[DUP-INF]: ID=289151215526575827(Voice:hello)
  |DATA|ONAM:clendil|SNAM:vo\w\m\Hlo_WM088.mp3|NAME:I'm listening.|BNAM:;clendil

[DUP-INF]: ID=1246294513112414596(Voice:hello)
  |DATA|ONAM:clendil|SNAM:vo\w\m\Hlo_WM088.mp3|NAME:I'm listening.|SCVR:01630|INTV:|BNAM:;clendil  ForceGreeting

[DUP-INF]: ID=1884812464213920678(Voice:attack)
  |DATA|ONAM:clasomo|SNAM:Vo\v\CrAtk_vIM005.mp3|NAME:Die!

[MOD-INF]: ID=2026931390522213661(Topic:sorkvild the raven)
  morrowind.esm->|DATA|ONAM:sorkvild the raven|NAME:Speaking.
  The Raven.esp->|DATA|ONAM|NAME:Are you suggesting what I think your suggesting?|SCVR:04JX0Sorka2_2|INTV: 

[MOD-INF]: ID=2267528022103868317(Persuasion:intimidate success)
  morrowind.esm->|DATA|ONAM:cunius pelelius|NAME:Alright, alright. I'll tell you this because I trust you. Take this key. There's a record book in Odral's Helvi chest on the second floor. Stendar have mercy on me if anyone finds out about this.|SCVR:03sX0givenKey|INTV:|SCVR:34JX3HR_CalderaCorrupt|INTV: |BNAM:Player->AddItem key_odral_helvi 1  Set givenKey to 1  Journal HR_CalderaCorrupt 30
  The Raven.esp->|DATA|ONAM|NAME:Alright %PCRace, alright. It's not like this post is worth risking my skin for. My reports go through Sorkvild, whatever you say.|SCVR:04JX0Sorka2_2|INTV: |BNAM:Journal Sorka2_2 20

[DUP-INF]: ID=2749959601208931994(Voice:thief)
  |DATA|ONAM:calvario

[DUP-INF]: ID=3076022391730410549(Topic:sorkvild the raven)
  |DATA|ONAM:radd hard-heart|NAME:The Dunmer despise necromancy. I can't say I like it much myself. We must prove to the Dunmer of Vvardenfell that the Imperial Legion is the first to root out necromancers wherever they try to hide. Find Sorkvild the Raven near Dagon Fel and kill him.|SCVR:34JX3IL_GiantNetch|INTV:d|BNAM:Journal IL_Necromancer 10
