The Hostiles.esp: DUP-REC OVR-REC
    [OVR-REC] Overridden Records:
	From Master         Type    Name
	morrowind.esm       LEVC    ex_ascadianisles_lev+0
	morrowind.esm       LEVC    ex_ascadianisles_lev+2
	morrowind.esm       LEVC    ex_ascadianisles_lev-1
	morrowind.esm       LEVC    ex_ascadianisles_sleep
	morrowind.esm       LEVC    ex_azurascoast_lev+0
	morrowind.esm       LEVC    ex_azurascoast_lev+2
	morrowind.esm       LEVC    ex_azurascoast_lev-1
	morrowind.esm       LEVC    ex_azurascoast_sleep
	morrowind.esm       LEVC    ex_bittercoast_lev+0
	morrowind.esm       LEVC    ex_bittercoast_lev+2
	morrowind.esm       LEVC    ex_bittercoast_lev-1
	morrowind.esm       LEVC    ex_bittercoast_sleep
	morrowind.esm       LEVC    ex_grazelands_lev+0
	morrowind.esm       LEVC    ex_grazelands_lev+2
	morrowind.esm       LEVC    ex_grazelands_lev-1
	morrowind.esm       LEVC    ex_grazelands_sleep
	morrowind.esm       LEVC    ex_molagmar_lev+0
	morrowind.esm       LEVC    ex_molagmar_lev+2
	morrowind.esm       LEVC    ex_molagmar_lev-1
	morrowind.esm       LEVC    ex_molagmar_sleep
	morrowind.esm       LEVC    ex_redmtn_all_lev+0
	morrowind.esm       LEVC    ex_redmtn_all_lev+2
	morrowind.esm       LEVC    ex_redmtn_all_lev-2
	morrowind.esm       LEVC    ex_redmtn_all_sleep
	morrowind.esm       LEVC    ex_sheogorad_lev+0
	morrowind.esm       LEVC    ex_sheogorad_lev+2
	morrowind.esm       LEVC    ex_sheogorad_lev-1
	morrowind.esm       LEVC    ex_sheogorad_sleep
	morrowind.esm       LEVC    ex_shore_all_lev+0
	morrowind.esm       LEVC    ex_shore_all_lev+2
	morrowind.esm       LEVC    ex_shore_mudcrab
	morrowind.esm       LEVC    ex_westgash_lev+0
	morrowind.esm       LEVC    ex_westgash_lev+2
	morrowind.esm       LEVC    ex_westgash_lev-1
	morrowind.esm       LEVC    ex_westgash_sleep
	morrowind.esm       LEVC    ex_wild_all_lev+0
	morrowind.esm       LEVC    ex_wild_all_lev+2
	morrowind.esm       LEVC    ex_wild_all_lev-1
	morrowind.esm       LEVC    ex_wild_all_sleep
	morrowind.esm       LEVC    ex_wild_rat_lev+0
	morrowind.esm       LEVC    ex_wild_rat_lev+2
	morrowind.esm       LEVC    ex_wild_rat_lev-2
	morrowind.esm       LEVC    in_cave_nix_lev+0
	morrowind.esm       LEVC    in_cave_nix_lev+2
	morrowind.esm       LEVC    in_dwe_all_lev+0
	morrowind.esm       LEVC    in_dwe_all_lev+2
	morrowind.esm       LEVC    in_dwe_all_lev-2
	morrowind.esm       LEVC    in_dwe_cent_lev+0
	morrowind.esm       LEVC    in_dwe_cent_lev+2
	morrowind.esm       LEVC    in_dwe_cent_lev-2
	morrowind.esm       LEVC    in_tomb_all_lev+0
	morrowind.esm       LEVC    in_tomb_all_lev+2
	morrowind.esm       LEVC    in_tomb_all_lev-2
	morrowind.esm       LEVC    in_tomb_skele_lev+0
	morrowind.esm       LEVC    in_tomb_skele_lev+2
	morrowind.esm       LEVC    in_tomb_skele_lev-2
	morrowind.esm       LEVI    random_de_robe
