The Publicans (2).ESP: DUP-REC MENUMOD MISSVER OVR-REC
    [MENUMOD] Scripts not checking menumode:
	SCPT(Pub_AldVelothi_Outpost)
	SCPT(Pub_Aldruhn_Council)
	SCPT(Pub_DagonFel_End)
	SCPT(Pub_Gnisis_Madach)
	SCPT(Pub_Khuul_Thongar)
	SCPT(Pub_MolagMar_Hostel)
	SCPT(Pub_MolagMar_Pilgrim)
	SCPT(Pub_Suran_Desele)
	SCPT(Pub_Suran_Trade)
	SCPT(Pub_TelAruhn_Plot)
    [OVR-REC] Overridden Records:
	From Master         Type    Name
	morrowind.esm       NPC_    ashumanu eraishah
	morrowind.esm       NPC_    darvam hlaren
	morrowind.esm       NPC_    drarayne girith
	morrowind.esm       NPC_    fenas madach
	morrowind.esm       NPC_    helviane desele
	morrowind.esm       NPC_    hjotra the peacock
	morrowind.esm       NPC_    orns omaren
	morrowind.esm       NPC_    selkirnemus
	morrowind.esm       NPC_    thongar
	morrowind.esm       NPC_    trivura arenim
	tribunal.esm        DIAL    beds
	tribunal.esm        DIAL    greeting 1
	tribunal.esm        DIAL    greeting 5
