The_Fires_of_Orc.ESP: DUP-REC MISSVER OVR-REC
    [OVR-REC] Overridden Records:
	From Master         Type    Name
	bloodmoon.esm       DIAL    orders
	morrowind.esm       DIAL    help me
	morrowind.esm       NPC_    bumbub gro-murgol
	morrowind.esm       NPC_    durz gro-olor
	morrowind.esm       NPC_    gashna gro-mogduk
	morrowind.esm       NPC_    grat gra-sharolg
	morrowind.esm       NPC_    ienaso adren
	morrowind.esm       NPC_    kharzug gra-gat
	morrowind.esm       NPC_    lambug gra-lurn
	morrowind.esm       NPC_    lurog gro-khagdum
	morrowind.esm       NPC_    ogrumbu gro-bugarn
	morrowind.esm       NPC_    snaglak gro-yak
	morrowind.esm       NPC_    umug gro-mashnar
	morrowind.esm       NPC_    urzul gra-agum
	morrowind.esm       NPC_    yam gro-muzgur
	tribunal.esm        DIAL    favor
	tribunal.esm        DIAL    greeting 1
