TheBlackMill1.2FMN.esp: AUTOSPL DUP-REC GETSND MENUMOD MISSVER MOD-INF OVR-REC
    [AUTOSPL] Auto-calced Spells:
	0bmwaitressparalysis           Paralysis
	flameignis                     Flame
	poisonmist                     Flame
    [GETSND] GetSoundPlaying possibly used to detect events:
	SCPT(bell1sound)
    [MENUMOD] Scripts not checking menumode:
	SCPT(Harpsichord_Act)
	SCPT(_TK_mannequin)
	SCPT(a000000Ignisswit2)
	SCPT(a00000Ignisdoor)
	SCPT(a0000TakeCalcinator)
	SCPT(a00TBMStart)
	SCPT(a00bmHlaOadMillDoorScript)
	SCPT(a00noopendoor)
	SCPT(a0bmAngelBeltScript)
	SCPT(a0bmDetectWearingSheepHelm)
	SCPT(a0bmMouseFlee)
	SCPT(a0bmNMRScript)
	SCPT(a0bmNellScript)
	SCPT(a0bmSheepHelmWearing)
	SCPT(a0bmTBMTravelAmuletScript)
	SCPT(a0bm_AmraBar)
	SCPT(a0bm_QuistnixBar)
	SCPT(aaIgniscryst)
	SCPT(aaIgnisfiredoor)
	SCPT(aaIgnisring1)
	SCPT(aaIgnisring2)
	SCPT(aaIgnisring3)
	SCPT(aaIgnisring4)
	SCPT(aaaIgnisroom)
	SCPT(aaaaaIgnisbell)
	SCPT(aaaaaIgnisbutdoc)
	SCPT(aaaaaIgnisbutone)
	SCPT(aaaaaIgniscofflida)
	SCPT(aaaaaIgnisdemonroar)
	SCPT(aaaaaIgnisdoorbut)
	SCPT(aaaaaIgnisknardoc)
	SCPT(aaaaaIgnislavasafe)
	SCPT(aaaaaIgnisminionde)
	SCPT(aaaaaIgnisrebis)
	SCPT(aaaaaIgnisronore)
	SCPT(aaaaaIgnistafalcand)
	SCPT(aaaaaIgniswearingring)
	SCPT(aaaaaIgniswrongbut)
	SCPT(aaaaaaIgnisdemona)
	SCPT(aaaaaaIgnisenddoor)
	SCPT(aaaaaaIgnisgo)
	SCPT(aaaaaaIgnismista)
	SCPT(aaaaaacoffinlid)
	SCPT(aaaaaacoffinunique)
	SCPT(aaaaaaerbeg)
	SCPT(aaaaaaerbuta)
	SCPT(aaaaaaerbutb)
	SCPT(aaaaaaerbutc)
	SCPT(aaaaaaerdoorstonea)
	SCPT(aaaaaaerdoorstoneb)
	SCPT(aaaaaaergirl)
	SCPT(aaaaaaerlighton)
	SCPT(aaaaaaermumm)
	SCPT(aaaaaaershrinebuto)
	SCPT(aaaaaaershrinqu)
	SCPT(aaaaaaertommy)
	SCPT(aaaaaaheartcleav)
	SCPT(aaaaagemini)
	SCPT(aaaaagoblinpita)
	SCPT(aaaaaguardoutside)
	SCPT(aaaaaigchanba)
	SCPT(aaaaaignbaract)
	SCPT(aaaaaignbaracti)
	SCPT(aaaaaignchapuz)
	SCPT(aaaaaignurnatro)
	SCPT(aaaaaquabig)
	SCPT(aaaaaquatemqu)
	SCPT(aaaaaquatendo)
	SCPT(aaaacatacomb)
	SCPT(aaaacatcorpa)
	SCPT(aaaacatcorpb)
	SCPT(aaaadarkwolfcoast)
	SCPT(aaaadarkwolfcoastgreeting)
	SCPT(aaaadarkwolfisle)
	SCPT(aaaaddterra)
	SCPT(aaaahasibenable)
	SCPT(aaaalastcitydoor)
	SCPT(aaaaquabowlrotate)
	SCPT(aaaaquadoorcheck)
	SCPT(aaaaquadoortr)
	SCPT(aaaaquaendsc)
	SCPT(aaaaquagembla)
	SCPT(aaaaquakeya)
	SCPT(aaaaquanohitme)
	SCPT(aaaaquatendsma)
	SCPT(aaaaquefinalchaos)
	SCPT(aaacandalfrat)
	SCPT(aaacatdoa)
	SCPT(aaacatdob)
	SCPT(aaacatdoc)
	SCPT(aaacatdod)
	SCPT(aaacatdoe)
	SCPT(aaacatdof)
	SCPT(aaacatdog)
	SCPT(aaacathstadidoor)
	SCPT(aaacatserpdo)
	SCPT(aaacorruptedmin)
	SCPT(aaadrsoph)
	SCPT(aaaercatdoor)
	SCPT(aaaerforcefield)
	SCPT(aaaig1)
	SCPT(aaaig2)
	SCPT(aaaig3)
	SCPT(aaaig4)
	SCPT(aaaigp1frig)
	SCPT(aaaigp2)
	SCPT(aaaigp3hum)
	SCPT(aaaigp4cal)
	SCPT(aaaigp5)
	SCPT(aaaigp5sic)
	SCPT(aaaigp6)
	SCPT(aaaigp7)
	SCPT(aaaltaer)
	SCPT(aaaltarIgnis)
	SCPT(aaaltaraer)
	SCPT(aaaltaraquaa)
	SCPT(aaaltarterra)
	SCPT(aaaltarterraf)
	SCPT(aaaltarterram)
	SCPT(aaamaxhunt)
	SCPT(aaamradead)
	SCPT(aaanavreliac)
	SCPT(aaargorhelmet)
	SCPT(aaarotatedoor)
	SCPT(aaastonemf)
	SCPT(aaaterraboom)
	SCPT(aaaterraringop)
	SCPT(aabetelgeuzeb)
	SCPT(aabmWarriersRestDoor)
	SCPT(aacalcinator)
	SCPT(aacaldbuta)
	SCPT(aacaldcart)
	SCPT(aacathbodydoor)
	SCPT(aacathstone)
	SCPT(aacatquestdo)
	SCPT(aacattomkey)
	SCPT(aadoorlock)
	SCPT(aadooversdoor)
	SCPT(aaeyeshideout)
	SCPT(aagoblincrate)
	SCPT(aahasibnodeath)
	SCPT(aahasibpaper)
	SCPT(aaignshrkeyd)
	SCPT(aaironhead)
	SCPT(aakruimlghoul)
	SCPT(aakruimlout)
	SCPT(aamagicwall)
	SCPT(aaoldminedoor)
	SCPT(aaordinastand)
	SCPT(aaordinunder)
	SCPT(aapendulanoharm)
	SCPT(aaquarcryst)
	SCPT(aashadegraft)
	SCPT(aashaderobe)
	SCPT(aashrinelock)
	SCPT(aaslaughtalt)
	SCPT(aastaticdoor)
	SCPT(aasunsew1)
	SCPT(aasunsew2)
	SCPT(aasunsew3)
	SCPT(aasunsew4)
	SCPT(aasunsew5)
	SCPT(aatbmdoor)
	SCPT(aaterracryst)
	SCPT(aaterrahorswit)
	SCPT(aaterrashrido)
	SCPT(aathepittrap)
	SCPT(aatowerbutto)
	SCPT(aatowerdoora)
	SCPT(aatowerghoula)
	SCPT(aatowerhiddoor)
	SCPT(aaundergrdoor)
	SCPT(aaundermech)
	SCPT(aaundhiddend)
	SCPT(aebonymilldoor)
	SCPT(aerlevitate)
	SCPT(aschockcoll)
	SCPT(aterrabookpick)
	SCPT(bell1sound)
    [DUP-REC] Duplicate Records:
	From Master         Type    Name
	morrowind.esm       LTEX    rock_coastal
	morrowind.esm       LTEX    sand
	tribunal.esm        LTEX    ai_grass_cobbles
	tribunal.esm        LTEX    ai_grass_rocky
    [OVR-REC] Overridden Records:
	From Master         Type    Name
	bloodmoon.esm       DIAL    service refusal
	bloodmoon.esm       LTEX    sand_02
	bloodmoon.esm       LTEX    wg_road
	morrowind.esm       DIAL    greeting 2
	morrowind.esm       LAND    (-10, 3)
	morrowind.esm       LAND    (-8, -1)
	morrowind.esm       LAND    (-8, 0)
	morrowind.esm       LAND    (-9, 2)
	morrowind.esm       LAND    (-9, 3)
	morrowind.esm       LTEX    ac_darkstone01
	morrowind.esm       LTEX    ac_roundstone
	morrowind.esm       LTEX    daedric stone
	morrowind.esm       LTEX    daedric_scrubruins
	morrowind.esm       LTEX    ma_sulphur_rock09
	morrowind.esm       LTEX    tx_ai_mudflats_01.tga
	morrowind.esm       LTEX    tx_bc_dirt.tga
	morrowind.esm       LTEX    tx_bc_moss.tga
	morrowind.esm       LTEX    tx_bc_muck_01.tga
	morrowind.esm       LTEX    tx_bc_mud.tga
	morrowind.esm       LTEX    tx_bc_rock_01.tga
	morrowind.esm       LTEX    tx_bc_rockyscrub.tga
	morrowind.esm       LTEX    tx_bc_undergrowth.tga
	morrowind.esm       LTEX    tx_land_darkstone01.tga
	morrowind.esm       LTEX    tx_rocky_mt.tga
	morrowind.esm       LTEX    wg_cobblestones
	morrowind.esm       LTEX    wg_mainroad_01
	morrowind.esm       NPC_    tavynu tedran
	tribunal.esm        DIAL    greeting 1
	tribunal.esm        DIAL    latest rumors
	tribunal.esm        DIAL    my trade
	tribunal.esm        LTEX    ai_dirtroad
	tribunal.esm        LTEX    ai_grass
	tribunal.esm        LTEX    ai_grass_02
	tribunal.esm        LTEX    ai_grass_dirt
	tribunal.esm        LTEX    tx_ai_mainroad_01.tga

[MOD-INF]: ID=242672632452579098(Greeting:greeting 2)
  morrowind.esm---------->|DATA|NAME:Cover yourself! Are you mad? Have you no decency?|SCVR:01425|INTV:|SCVR:1ARX0Khajiit|INTV|SCVR:2ARX0Argonian|INTV|SCVR:37XX0crassius curio|INTV:|SCVR:4CsX0nolore|INTV:
  TheBlackMill1.2FMN.esp->|DATA|NAME:Cover yourself! Are you mad? Have you no decency?|SCVR:01425|INTV:|SCVR:1ARX0Khajiit|INTV|SCVR:2ARX0Argonian|INTV|SCVR:37XX0crassius curio|INTV:|SCVR:4CsX0NoLore|INTV:
