TLAD Full - Still - Necro Colors.esp: DUP-REC MISSVER OVR-REC
    [OVR-REC] Overridden Records:
	From Master         Type    Name
	bloodmoon.esm       LIGH    act_bm_firelake00
	bloodmoon.esm       LIGH    blue ice ref 512
	bloodmoon.esm       LIGH    blue_256_deed pulse
	bloodmoon.esm       LIGH    bm_firepit_uni
	bloodmoon.esm       LIGH    bm_ic_big
	bloodmoon.esm       LIGH    bm_ic_big_2
	bloodmoon.esm       LIGH    bm_ic_big_3
	bloodmoon.esm       LIGH    bm_ic_brownish
	bloodmoon.esm       LIGH    bm_ic_green
	bloodmoon.esm       LIGH    bm_ic_med_green_02
	bloodmoon.esm       LIGH    bm_ic_med_yellow
	bloodmoon.esm       LIGH    bm_ic_med_yellow_dark
	bloodmoon.esm       LIGH    bm_ic_med_yellow_dark2
	bloodmoon.esm       LIGH    bm_ic_small_bright
	bloodmoon.esm       LIGH    bm_ic_small_dark
	bloodmoon.esm       LIGH    bm_ic_small_green
	bloodmoon.esm       LIGH    bm_ka_bluefire
	bloodmoon.esm       LIGH    bm_ka_bluefire_small
	bloodmoon.esm       LIGH    bm_ka_glo1
	bloodmoon.esm       LIGH    bm_ka_glo1_bright
	bloodmoon.esm       LIGH    bm_ka_glo2
	bloodmoon.esm       LIGH    bm_ka_glo2_5
	bloodmoon.esm       LIGH    bm_ka_glo2_5_green
	bloodmoon.esm       LIGH    bm_ka_glo3
	bloodmoon.esm       LIGH    bm_ka_glo4
	bloodmoon.esm       LIGH    bm_ka_glo_dark
	bloodmoon.esm       LIGH    bm_ka_green_big
	bloodmoon.esm       LIGH    bm_light_penumbra1
	bloodmoon.esm       LIGH    bm_water glo
	bloodmoon.esm       LIGH    colony cave bue1024
	bloodmoon.esm       LIGH    colony orange
	bloodmoon.esm       LIGH    colony red lg
	bloodmoon.esm       LIGH    colony red med
	bloodmoon.esm       LIGH    colony red sm
	bloodmoon.esm       LIGH    colony red sm2
	bloodmoon.esm       LIGH    colony_torch_1
	bloodmoon.esm       LIGH    colony_torch_2
	bloodmoon.esm       LIGH    colony_torch_3
	bloodmoon.esm       LIGH    furn_de_firepit_f_128
	bloodmoon.esm       LIGH    glacier light
	bloodmoon.esm       LIGH    glacier light 1024
	bloodmoon.esm       LIGH    glacier light 512
	bloodmoon.esm       LIGH    light_bm_tomb
	bloodmoon.esm       LIGH    light_bm_tomb_wind
	bloodmoon.esm       LIGH    light_com_candle_01
	bloodmoon.esm       LIGH    light_com_candle_01_64
	bloodmoon.esm       LIGH    light_com_candle_05_64
	bloodmoon.esm       LIGH    light_com_candle_09_128
	bloodmoon.esm       LIGH    light_com_candle_09_off
	bloodmoon.esm       LIGH    light_com_lamp_01
	bloodmoon.esm       LIGH    light_com_lamp_01_175
	bloodmoon.esm       LIGH    light_com_lamp_01_77
	bloodmoon.esm       LIGH    light_com_lantern_01
	bloodmoon.esm       LIGH    light_com_lantern_01_128
	bloodmoon.esm       LIGH    light_com_lantern_01_256
	bloodmoon.esm       LIGH    light_com_lantern_02_256
	bloodmoon.esm       LIGH    light_com_lantern_bm_unique
	bloodmoon.esm       LIGH    light_com_lantern_sweetie1
	bloodmoon.esm       LIGH    light_com_lantern_sweetie2
	bloodmoon.esm       LIGH    light_com_lantern_sweetie3
	bloodmoon.esm       LIGH    light_com_sconce_01
	bloodmoon.esm       LIGH    light_com_wall_01
	bloodmoon.esm       LIGH    light_dae_brazier00
	bloodmoon.esm       LIGH    light_de_lantern_01white
	bloodmoon.esm       LIGH    light_fire_nosmoke_256
	bloodmoon.esm       LIGH    light_logpile_177
	bloodmoon.esm       LIGH    solstheim red sm2
	bloodmoon.esm       LIGH    z
	morrowind.esm       LIGH    akul_glow_1024
	morrowind.esm       LIGH    amber
	morrowind.esm       LIGH    aqua_1024_01
	morrowind.esm       LIGH    aqua_256_01
	morrowind.esm       LIGH    aqua_512_01
	morrowind.esm       LIGH    bc mushroom 128
	morrowind.esm       LIGH    bc mushroom 177
	morrowind.esm       LIGH    bc mushroom 256
	morrowind.esm       LIGH    bc mushroom 64
	morrowind.esm       LIGH    blue candle bulb
	morrowind.esm       LIGH    blue candle bulb_128
	morrowind.esm       LIGH    blue candle bulb_256
	morrowind.esm       LIGH    blue candle bulb_512
	morrowind.esm       LIGH    blue candle bulb_670
	morrowind.esm       LIGH    blue coast ref 1024
	morrowind.esm       LIGH    blue coast ref 512
	morrowind.esm       LIGH    blue light
	morrowind.esm       LIGH    blue water ref
	morrowind.esm       LIGH    blue water ref 128
	morrowind.esm       LIGH    blue water ref 256_ripple
	morrowind.esm       LIGH    blue water ref 512
	morrowind.esm       LIGH    blue water ref 512_ripple
	morrowind.esm       LIGH    blue water ref 768
	morrowind.esm       LIGH    blue_128_01
	morrowind.esm       LIGH    blue_128_pulse
	morrowind.esm       LIGH    blue_256_ci_01
	morrowind.esm       LIGH    blue_256_pulse
	morrowind.esm       LIGH    blue_256_pulse_512
	morrowind.esm       LIGH    blue_512_01
	morrowind.esm       LIGH    blue_night_lite_1024
	morrowind.esm       LIGH    dark_128
	morrowind.esm       LIGH    dark_128_d_01
	morrowind.esm       LIGH    dark_177
	morrowind.esm       LIGH    dark_256
	morrowind.esm       LIGH    dark_256_01
	morrowind.esm       LIGH    dark_256_d_01
	morrowind.esm       LIGH    dark_512_01
	morrowind.esm       LIGH    dark_512_d_01
	morrowind.esm       LIGH    dark_64
	morrowind.esm       LIGH    dark_64_01
	morrowind.esm       LIGH    dark_64_01_d
	morrowind.esm       LIGH    dark_720
	morrowind.esm       LIGH    dark_768
	morrowind.esm       LIGH    dark_77
	morrowind.esm       LIGH    ebony light
	morrowind.esm       LIGH    eggsack_glow_256
	morrowind.esm       LIGH    emerald light
	morrowind.esm       LIGH    flame light
	morrowind.esm       LIGH    flame light_64
	morrowind.esm       LIGH    flame light_blue_128
	morrowind.esm       LIGH    flame light_blue_64
	morrowind.esm       LIGH    furn_de_firepit_f
	morrowind.esm       LIGH    furn_de_firepit_f_01
	morrowind.esm       LIGH    furn_de_firepit_f_01_400
	morrowind.esm       LIGH    furn_de_firepit_f_200
	morrowind.esm       LIGH    furn_de_firepit_f_323
	morrowind.esm       LIGH    furn_de_firepit_f_400
	morrowind.esm       LIGH    glowing lichen light 256
	morrowind.esm       LIGH    glowing lichen light 512
	morrowind.esm       LIGH    green light_128
	morrowind.esm       LIGH    green_spulse_128
	morrowind.esm       LIGH    green_spulse_64
	morrowind.esm       LIGH    lava_light_1024
	morrowind.esm       LIGH    lava_light_2048
	morrowind.esm       LIGH    lava_light_300
	morrowind.esm       LIGH    lava_light_300_01
	morrowind.esm       LIGH    lava_light_4096
	morrowind.esm       LIGH    lava_light_500
	morrowind.esm       LIGH    lava_light_700
	morrowind.esm       LIGH    lava_light_flicker
	morrowind.esm       LIGH    light_6th_brazier
	morrowind.esm       LIGH    light_6th_brazier_01
	morrowind.esm       LIGH    light_6th_brazier_02
	morrowind.esm       LIGH    light_6th_brazier_400
	morrowind.esm       LIGH    light_6th_candle_01
	morrowind.esm       LIGH    light_6th_candle_01_77
	morrowind.esm       LIGH    light_6th_candle_02
	morrowind.esm       LIGH    light_6th_candle_02_64
	morrowind.esm       LIGH    light_6th_candle_02_77
	morrowind.esm       LIGH    light_6th_candle_03
	morrowind.esm       LIGH    light_6th_candle_04
	morrowind.esm       LIGH    light_6th_candle_05
	morrowind.esm       LIGH    light_6th_candle_06
	morrowind.esm       LIGH    light_6th_candle_06_64
	morrowind.esm       LIGH    light_ashl_lantern_01
	morrowind.esm       LIGH    light_ashl_lantern_01_512
	morrowind.esm       LIGH    light_ashl_lantern_02
	morrowind.esm       LIGH    light_ashl_lantern_02_256
	morrowind.esm       LIGH    light_ashl_lantern_02_512
	morrowind.esm       LIGH    light_ashl_lantern_03
	morrowind.esm       LIGH    light_ashl_lantern_03_128
	morrowind.esm       LIGH    light_ashl_lantern_03_300
	morrowind.esm       LIGH    light_ashl_lantern_03_512
	morrowind.esm       LIGH    light_ashl_lantern_04
	morrowind.esm       LIGH    light_ashl_lantern_04_128
	morrowind.esm       LIGH    light_ashl_lantern_04_512
	morrowind.esm       LIGH    light_ashl_lantern_05
	morrowind.esm       LIGH    light_ashl_lantern_06
	morrowind.esm       LIGH    light_ashl_lantern_06_512
	morrowind.esm       LIGH    light_ashl_lantern_07
	morrowind.esm       LIGH    light_ashl_lantern_07_512
	morrowind.esm       LIGH    light_com_candle_01_off
	morrowind.esm       LIGH    light_com_candle_02
	morrowind.esm       LIGH    light_com_candle_02_64
	morrowind.esm       LIGH    light_com_candle_03
	morrowind.esm       LIGH    light_com_candle_03_64
	morrowind.esm       LIGH    light_com_candle_04
	morrowind.esm       LIGH    light_com_candle_04_64
	morrowind.esm       LIGH    light_com_candle_05
	morrowind.esm       LIGH    light_com_candle_05_off
	morrowind.esm       LIGH    light_com_candle_06
	morrowind.esm       LIGH    light_com_candle_06_64
	morrowind.esm       LIGH    light_com_candle_07
	morrowind.esm       LIGH    light_com_candle_07_128
	morrowind.esm       LIGH    light_com_candle_07_157
	morrowind.esm       LIGH    light_com_candle_07_64
	morrowind.esm       LIGH    light_com_candle_07_77
	morrowind.esm       LIGH    light_com_candle_08
	morrowind.esm       LIGH    light_com_candle_08_64
	morrowind.esm       LIGH    light_com_candle_09
	morrowind.esm       LIGH    light_com_candle_09_64
	morrowind.esm       LIGH    light_com_candle_10
	morrowind.esm       LIGH    light_com_candle_10_64
	morrowind.esm       LIGH    light_com_candle_10_off
	morrowind.esm       LIGH    light_com_candle_11
	morrowind.esm       LIGH    light_com_candle_11_01
	morrowind.esm       LIGH    light_com_candle_11_256
	morrowind.esm       LIGH    light_com_candle_11_77
	morrowind.esm       LIGH    light_com_candle_12
	morrowind.esm       LIGH    light_com_candle_12_77
	morrowind.esm       LIGH    light_com_candle_12_off
	morrowind.esm       LIGH    light_com_candle_13
	morrowind.esm       LIGH    light_com_candle_13_128
	morrowind.esm       LIGH    light_com_candle_13_77
	morrowind.esm       LIGH    light_com_candle_14
	morrowind.esm       LIGH    light_com_candle_14_77
	morrowind.esm       LIGH    light_com_candle_15
	morrowind.esm       LIGH    light_com_candle_16
	morrowind.esm       LIGH    light_com_candle_16_77
	morrowind.esm       LIGH    light_com_chandelier_01
	morrowind.esm       LIGH    light_com_chandelier_01_128
	morrowind.esm       LIGH    light_com_chandelier_01_177
	morrowind.esm       LIGH    light_com_chandelier_01_l
	morrowind.esm       LIGH    light_com_chandelier_01_l_177
	morrowind.esm       LIGH    light_com_chandelier_01a
	morrowind.esm       LIGH    light_com_chandelier_02
	morrowind.esm       LIGH    light_com_chandelier_03
	morrowind.esm       LIGH    light_com_chandelier_03_01
	morrowind.esm       LIGH    light_com_chandelier_03_128
	morrowind.esm       LIGH    light_com_chandelier_03_l
	morrowind.esm       LIGH    light_com_chandelier_04
	morrowind.esm       LIGH    light_com_chandelier_04_128
	morrowind.esm       LIGH    light_com_dae_cursed_candle_10
	morrowind.esm       LIGH    light_com_lamp_01_177
	morrowind.esm       LIGH    light_com_lamp_02
	morrowind.esm       LIGH    light_com_lamp_02_128
	morrowind.esm       LIGH    light_com_lamp_02_177
	morrowind.esm       LIGH    light_com_lantern_01_77
	morrowind.esm       LIGH    light_com_lantern_01_off
	morrowind.esm       LIGH    light_com_lantern_01_s
	morrowind.esm       LIGH    light_com_lantern_02
	morrowind.esm       LIGH    light_com_lantern_02_128
	morrowind.esm       LIGH    light_com_lantern_02_128_off
	morrowind.esm       LIGH    light_com_lantern_02_177
	morrowind.esm       LIGH    light_com_lantern_02_177_boat01
	morrowind.esm       LIGH    light_com_lantern_02_200_boat
	morrowind.esm       LIGH    light_com_lantern_02_64
	morrowind.esm       LIGH    light_com_lantern_02_inf
	morrowind.esm       LIGH    light_com_lantern_02_off
	morrowind.esm       LIGH    light_com_redware_lamp
	morrowind.esm       LIGH    light_com_rm_chandelier_05
	morrowind.esm       LIGH    light_com_rm_chandelier_05_128
	morrowind.esm       LIGH    light_com_rm_chandelier_05_177
	morrowind.esm       LIGH    light_com_rm_chandelier_05_l
	morrowind.esm       LIGH    light_com_rm_chandelier_05_l_01
	morrowind.esm       LIGH    light_com_rm_chandelier_05_l_02
	morrowind.esm       LIGH    light_com_rm_chandelier_06
	morrowind.esm       LIGH    light_com_sconce_01_200
	morrowind.esm       LIGH    light_com_sconce_01_77
	morrowind.esm       LIGH    light_com_sconce_02
	morrowind.esm       LIGH    light_com_sconce_02_128
	morrowind.esm       LIGH    light_com_sconce_02_77
	morrowind.esm       LIGH    light_com_torch_01
	morrowind.esm       LIGH    light_com_torch_01_128
	morrowind.esm       LIGH    light_com_torch_01_200
	morrowind.esm       LIGH    light_com_torch_01_77
	morrowind.esm       LIGH    light_com_torch_01_off
	morrowind.esm       LIGH    light_com_torch_02
	morrowind.esm       LIGH    light_com_torch_burnedout_01
	morrowind.esm       LIGH    light_dae_brazier_320
	morrowind.esm       LIGH    light_dae_censer
	morrowind.esm       LIGH    light_de_buglamp_01
	morrowind.esm       LIGH    light_de_buglamp_01_64
	morrowind.esm       LIGH    light_de_buglamp_01_off
	morrowind.esm       LIGH    light_de_candle_01
	morrowind.esm       LIGH    light_de_candle_01_64
	morrowind.esm       LIGH    light_de_candle_02
	morrowind.esm       LIGH    light_de_candle_02_64
	morrowind.esm       LIGH    light_de_candle_03
	morrowind.esm       LIGH    light_de_candle_03_64
	morrowind.esm       LIGH    light_de_candle_04
	morrowind.esm       LIGH    light_de_candle_04_64
	morrowind.esm       LIGH    light_de_candle_05
	morrowind.esm       LIGH    light_de_candle_05_64
	morrowind.esm       LIGH    light_de_candle_05_77
	morrowind.esm       LIGH    light_de_candle_06
	morrowind.esm       LIGH    light_de_candle_06_64
	morrowind.esm       LIGH    light_de_candle_06_off
	morrowind.esm       LIGH    light_de_candle_07
	morrowind.esm       LIGH    light_de_candle_07_64
	morrowind.esm       LIGH    light_de_candle_08
	morrowind.esm       LIGH    light_de_candle_08_64
	morrowind.esm       LIGH    light_de_candle_09
	morrowind.esm       LIGH    light_de_candle_09_64
	morrowind.esm       LIGH    light_de_candle_09_94
	morrowind.esm       LIGH    light_de_candle_10
	morrowind.esm       LIGH    light_de_candle_10_64
	morrowind.esm       LIGH    light_de_candle_11
	morrowind.esm       LIGH    light_de_candle_11_64
	morrowind.esm       LIGH    light_de_candle_11_off
	morrowind.esm       LIGH    light_de_candle_12
	morrowind.esm       LIGH    light_de_candle_128_off
	morrowind.esm       LIGH    light_de_candle_12_64
	morrowind.esm       LIGH    light_de_candle_13
	morrowind.esm       LIGH    light_de_candle_13_64
	morrowind.esm       LIGH    light_de_candle_13_off
	morrowind.esm       LIGH    light_de_candle_14
	morrowind.esm       LIGH    light_de_candle_14_64
	morrowind.esm       LIGH    light_de_candle_15
	morrowind.esm       LIGH    light_de_candle_15_64
	morrowind.esm       LIGH    light_de_candle_15_off
	morrowind.esm       LIGH    light_de_candle_16
	morrowind.esm       LIGH    light_de_candle_16_64
	morrowind.esm       LIGH    light_de_candle_17
	morrowind.esm       LIGH    light_de_candle_17_64
	morrowind.esm       LIGH    light_de_candle_18
	morrowind.esm       LIGH    light_de_candle_18_64
	morrowind.esm       LIGH    light_de_candle_19
	morrowind.esm       LIGH    light_de_candle_19_256
	morrowind.esm       LIGH    light_de_candle_19_64
	morrowind.esm       LIGH    light_de_candle_20
	morrowind.esm       LIGH    light_de_candle_21
	morrowind.esm       LIGH    light_de_candle_22
	morrowind.esm       LIGH    light_de_candle_23
	morrowind.esm       LIGH    light_de_candle_23_177
	morrowind.esm       LIGH    light_de_candle_24
	morrowind.esm       LIGH    light_de_candle_24_64
	morrowind.esm       LIGH    light_de_candle_24_static
	morrowind.esm       LIGH    light_de_candle_25
	morrowind.esm       LIGH    light_de_candle_26
	morrowind.esm       LIGH    light_de_candle_blue_01
	morrowind.esm       LIGH    light_de_candle_blue_01_64
	morrowind.esm       LIGH    light_de_candle_blue_01_off
	morrowind.esm       LIGH    light_de_candle_blue_02
	morrowind.esm       LIGH    light_de_candle_blue_02_100
	morrowind.esm       LIGH    light_de_candle_blue_02_64
	morrowind.esm       LIGH    light_de_candle_green_01
	morrowind.esm       LIGH    light_de_candle_green_01_64
	morrowind.esm       LIGH    light_de_candle_green_01_off
	morrowind.esm       LIGH    light_de_candle_ivory_01
	morrowind.esm       LIGH    light_de_candle_ivory_01_128
	morrowind.esm       LIGH    light_de_candle_ivory_01_64
	morrowind.esm       LIGH    light_de_candle_ivory_01_off
	morrowind.esm       LIGH    light_de_candle_ivory_64
	morrowind.esm       LIGH    light_de_candle_ivory_dead
	morrowind.esm       LIGH    light_de_candle_red_01
	morrowind.esm       LIGH    light_de_candle_red_01_64
	morrowind.esm       LIGH    light_de_candle_red_02
	morrowind.esm       LIGH    light_de_candle_red_02_64
	morrowind.esm       LIGH    light_de_lamp_01
	morrowind.esm       LIGH    light_de_lamp_01_128
	morrowind.esm       LIGH    light_de_lamp_01_177
	morrowind.esm       LIGH    light_de_lamp_01_200
	morrowind.esm       LIGH    light_de_lamp_01_256
	morrowind.esm       LIGH    light_de_lamp_01_512
	morrowind.esm       LIGH    light_de_lamp_01_64
	morrowind.esm       LIGH    light_de_lamp_01_77
	morrowind.esm       LIGH    light_de_lamp_02
	morrowind.esm       LIGH    light_de_lamp_02_128
	morrowind.esm       LIGH    light_de_lamp_02_177
	morrowind.esm       LIGH    light_de_lamp_02_256
	morrowind.esm       LIGH    light_de_lamp_02_77
	morrowind.esm       LIGH    light_de_lamp_02_blue
	morrowind.esm       LIGH    light_de_lamp_02_blue_128
	morrowind.esm       LIGH    light_de_lamp_03
	morrowind.esm       LIGH    light_de_lamp_03_128
	morrowind.esm       LIGH    light_de_lamp_03_256
	morrowind.esm       LIGH    light_de_lamp_03_512
	morrowind.esm       LIGH    light_de_lamp_03_512_red
	morrowind.esm       LIGH    light_de_lamp_03_64
	morrowind.esm       LIGH    light_de_lamp_03_77
	morrowind.esm       LIGH    light_de_lamp_03_red
	morrowind.esm       LIGH    light_de_lamp_04
	morrowind.esm       LIGH    light_de_lamp_04_128
	morrowind.esm       LIGH    light_de_lamp_04_256
	morrowind.esm       LIGH    light_de_lamp_05
	morrowind.esm       LIGH    light_de_lamp_05_128
	morrowind.esm       LIGH    light_de_lamp_05_177
	morrowind.esm       LIGH    light_de_lamp_05_256
	morrowind.esm       LIGH    light_de_lamp_05_77
	morrowind.esm       LIGH    light_de_lamp_06
	morrowind.esm       LIGH    light_de_lamp_06_128
	morrowind.esm       LIGH    light_de_lamp_06_177
	morrowind.esm       LIGH    light_de_lamp_06_256
	morrowind.esm       LIGH    light_de_lamp_06_64
	morrowind.esm       LIGH    light_de_lamp_06_77
	morrowind.esm       LIGH    light_de_lamp_07_blue
	morrowind.esm       LIGH    light_de_lamp_07_blue_177
	morrowind.esm       LIGH    light_de_lamp_07_blue_256
	morrowind.esm       LIGH    light_de_lamp_07_blue_77
	morrowind.esm       LIGH    light_de_lamp_08_red
	morrowind.esm       LIGH    light_de_lamp_09_red
	morrowind.esm       LIGH    light_de_lantern_01
	morrowind.esm       LIGH    light_de_lantern_01_128
	morrowind.esm       LIGH    light_de_lantern_01_177
	morrowind.esm       LIGH    light_de_lantern_01_77
	morrowind.esm       LIGH    light_de_lantern_01_off
	morrowind.esm       LIGH    light_de_lantern_02
	morrowind.esm       LIGH    light_de_lantern_02-128
	morrowind.esm       LIGH    light_de_lantern_02-177
	morrowind.esm       LIGH    light_de_lantern_02_128
	morrowind.esm       LIGH    light_de_lantern_02_256_blue
	morrowind.esm       LIGH    light_de_lantern_02_256_blue_s
	morrowind.esm       LIGH    light_de_lantern_02_256_off
	morrowind.esm       LIGH    light_de_lantern_02_blue
	morrowind.esm       LIGH    light_de_lantern_03
	morrowind.esm       LIGH    light_de_lantern_03_128
	morrowind.esm       LIGH    light_de_lantern_03_200
	morrowind.esm       LIGH    light_de_lantern_03_200_r
	morrowind.esm       LIGH    light_de_lantern_03_64
	morrowind.esm       LIGH    light_de_lantern_03_77
	morrowind.esm       LIGH    light_de_lantern_03_s_256
	morrowind.esm       LIGH    light_de_lantern_03_sway
	morrowind.esm       LIGH    light_de_lantern_04
	morrowind.esm       LIGH    light_de_lantern_04_128
	morrowind.esm       LIGH    light_de_lantern_04_157
	morrowind.esm       LIGH    light_de_lantern_04_177
	morrowind.esm       LIGH    light_de_lantern_04_177_s
	morrowind.esm       LIGH    light_de_lantern_04_77
	morrowind.esm       LIGH    light_de_lantern_04_sway
	morrowind.esm       LIGH    light_de_lantern_04_swayoff
	morrowind.esm       LIGH    light_de_lantern_05
	morrowind.esm       LIGH    light_de_lantern_05_128
	morrowind.esm       LIGH    light_de_lantern_05_128_carry
	morrowind.esm       LIGH    light_de_lantern_05_128_s
	morrowind.esm       LIGH    light_de_lantern_05_200
	morrowind.esm       LIGH    light_de_lantern_05_200_s
	morrowind.esm       LIGH    light_de_lantern_05_carry
	morrowind.esm       LIGH    light_de_lantern_05_s
	morrowind.esm       LIGH    light_de_lantern_05_ship
	morrowind.esm       LIGH    light_de_lantern_05_sway
	morrowind.esm       LIGH    light_de_lantern_06
	morrowind.esm       LIGH    light_de_lantern_06_128
	morrowind.esm       LIGH    light_de_lantern_06_177
	morrowind.esm       LIGH    light_de_lantern_06_256
	morrowind.esm       LIGH    light_de_lantern_06_64
	morrowind.esm       LIGH    light_de_lantern_06a
	morrowind.esm       LIGH    light_de_lantern_07
	morrowind.esm       LIGH    light_de_lantern_07_128
	morrowind.esm       LIGH    light_de_lantern_07_warm
	morrowind.esm       LIGH    light_de_lantern_08
	morrowind.esm       LIGH    light_de_lantern_08_128
	morrowind.esm       LIGH    light_de_lantern_08_128_01
	morrowind.esm       LIGH    light_de_lantern_08_177_01
	morrowind.esm       LIGH    light_de_lantern_08_77
	morrowind.esm       LIGH    light_de_lantern_09
	morrowind.esm       LIGH    light_de_lantern_09_128
	morrowind.esm       LIGH    light_de_lantern_09_128_01
	morrowind.esm       LIGH    light_de_lantern_09_177
	morrowind.esm       LIGH    light_de_lantern_09_sway
	morrowind.esm       LIGH    light_de_lantern_10
	morrowind.esm       LIGH    light_de_lantern_10_01
	morrowind.esm       LIGH    light_de_lantern_10_128
	morrowind.esm       LIGH    light_de_lantern_10_128_static
	morrowind.esm       LIGH    light_de_lantern_10_177_static
	morrowind.esm       LIGH    light_de_lantern_10_static
	morrowind.esm       LIGH    light_de_lantern_11
	morrowind.esm       LIGH    light_de_lantern_12
	morrowind.esm       LIGH    light_de_lantern_12_128
	morrowind.esm       LIGH    light_de_lantern_12_312
	morrowind.esm       LIGH    light_de_lantern_13
	morrowind.esm       LIGH    light_de_lantern_13_128
	morrowind.esm       LIGH    light_de_lantern_13_128_r
	morrowind.esm       LIGH    light_de_lantern_13_300
	morrowind.esm       LIGH    light_de_lantern_14
	morrowind.esm       LIGH    light_de_lantern_14_static
	morrowind.esm       LIGH    light_de_paper_lantern_01
	morrowind.esm       LIGH    light_de_paper_lantern_01_128
	morrowind.esm       LIGH    light_de_paper_lantern_01_200
	morrowind.esm       LIGH    light_de_paper_lantern_02
	morrowind.esm       LIGH    light_de_paper_lantern_03
	morrowind.esm       LIGH    light_de_paper_lantern_04
	morrowind.esm       LIGH    light_de_paper_lantern_04_128
	morrowind.esm       LIGH    light_de_paper_lantern_04_177
	morrowind.esm       LIGH    light_de_paper_lantern_128_01
	morrowind.esm       LIGH    light_de_paper_lantern_177
	morrowind.esm       LIGH    light_de_paper_lantern_64_01
	morrowind.esm       LIGH    light_de_streetlight_01
	morrowind.esm       LIGH    light_de_streetlight_01_128
	morrowind.esm       LIGH    light_de_streetlight_01_177
	morrowind.esm       LIGH    light_de_streetlight_01_223
	morrowind.esm       LIGH    light_de_streetlight_01_223_s
	morrowind.esm       LIGH    light_de_streetlight_01_hold_a
	morrowind.esm       LIGH    light_de_streetlight_01_hold_b
	morrowind.esm       LIGH    light_dwrv_neon00
	morrowind.esm       LIGH    light_dwrv_neon01
	morrowind.esm       LIGH    light_dwrv_neon02
	morrowind.esm       LIGH    light_dwrv_neonbroke00
	morrowind.esm       LIGH    light_dwrv_neonbroke01
	morrowind.esm       LIGH    light_dwrv_neonbroke02
	morrowind.esm       LIGH    light_dwrv_neonbroke03
	morrowind.esm       LIGH    light_fire
	morrowind.esm       LIGH    light_fire_300
	morrowind.esm       LIGH    light_fire_400
	morrowind.esm       LIGH    light_fire_nosmoke
	morrowind.esm       LIGH    light_fire_nosmoke_128
	morrowind.esm       LIGH    light_fire_nosmoke_177
	morrowind.esm       LIGH    light_fire_nosmoke_400
	morrowind.esm       LIGH    light_fire_small
	morrowind.esm       LIGH    light_flame_1024
	morrowind.esm       LIGH    light_flame_1024_01
	morrowind.esm       LIGH    light_flame_800
	morrowind.esm       LIGH    light_glowing_lichen_256_d
	morrowind.esm       LIGH    light_glowing_lichen_512_d
	morrowind.esm       LIGH    light_h_pcfort__01
	morrowind.esm       LIGH    light_h_pcfort__01-2
	morrowind.esm       LIGH    light_h_pcfort__01-3
	morrowind.esm       LIGH    light_lava
	morrowind.esm       LIGH    light_logpile
	morrowind.esm       LIGH    light_logpile10
	morrowind.esm       LIGH    light_logpile_128
	morrowind.esm       LIGH    light_marker_lampcolor_01
	morrowind.esm       LIGH    light_pitfire00
	morrowind.esm       LIGH    light_pitfire01
	morrowind.esm       LIGH    light_sconce00
	morrowind.esm       LIGH    light_sconce00_128
	morrowind.esm       LIGH    light_sconce00_200
	morrowind.esm       LIGH    light_sconce00_256
	morrowind.esm       LIGH    light_sconce10
	morrowind.esm       LIGH    light_sconce10_128
	morrowind.esm       LIGH    light_sconce10_200
	morrowind.esm       LIGH    light_sconce10_256
	morrowind.esm       LIGH    light_spear_skull00
	morrowind.esm       LIGH    light_tikilamp
	morrowind.esm       LIGH    light_tikilamp_128
	morrowind.esm       LIGH    light_tikilamp_177
	morrowind.esm       LIGH    light_tikilamp_256
	morrowind.esm       LIGH    light_tikitorch00
	morrowind.esm       LIGH    light_tikitorch002
	morrowind.esm       LIGH    light_tikitorch003
	morrowind.esm       LIGH    light_tikitorch00_256
	morrowind.esm       LIGH    light_tikitorch00_320_ffd
	morrowind.esm       LIGH    light_tikitorch01
	morrowind.esm       LIGH    light_tikitorch128
	morrowind.esm       LIGH    light_tikitorch256
	morrowind.esm       LIGH    light_tikitorch_1024
	morrowind.esm       LIGH    light_tikitorch_177
	morrowind.esm       LIGH    light_tikitorch_1radius
	morrowind.esm       LIGH    light_tikitorch_512
	morrowind.esm       LIGH    light_torch_01
	morrowind.esm       LIGH    light_torch_01_128
	morrowind.esm       LIGH    light_torch_01_256
	morrowind.esm       LIGH    light_torch_01_320
	morrowind.esm       LIGH    light_velothi_brazier
	morrowind.esm       LIGH    light_velothi_brazier_128
	morrowind.esm       LIGH    light_velothi_brazier_177
	morrowind.esm       LIGH    light_velothi_brazier_77
	morrowind.esm       LIGH    light_vivec
	morrowind.esm       LIGH    orange light
	morrowind.esm       LIGH    orange_256_ci_01
	morrowind.esm       LIGH    puke water ref 256
	morrowind.esm       LIGH    puke water ref 512
	morrowind.esm       LIGH    purp_01_128_pulse
	morrowind.esm       LIGH    puzzle canal glow
	morrowind.esm       LIGH    red_1024_01
	morrowind.esm       LIGH    red_128
	morrowind.esm       LIGH    red_128_01_flickering
	morrowind.esm       LIGH    red_128_pulse
	morrowind.esm       LIGH    red_256
	morrowind.esm       LIGH    red_256_pulse
	morrowind.esm       LIGH    red_32
	morrowind.esm       LIGH    red_512_01
	morrowind.esm       LIGH    red_600_01
	morrowind.esm       LIGH    red_600_01_f
	morrowind.esm       LIGH    red_64
	morrowind.esm       LIGH    small blue light
	morrowind.esm       LIGH    torch
	morrowind.esm       LIGH    torch_128
	morrowind.esm       LIGH    torch_128_off
	morrowind.esm       LIGH    torch_157
	morrowind.esm       LIGH    torch_256
	morrowind.esm       LIGH    torch_64
	morrowind.esm       LIGH    torch_77
	morrowind.esm       LIGH    torch_infinite_time
	morrowind.esm       LIGH    torch_infinite_time_unique
	morrowind.esm       LIGH    white_1024_01
	morrowind.esm       LIGH    white_128_01
	tribunal.esm        LIGH    adamantium
	tribunal.esm        LIGH    blade light
	tribunal.esm        LIGH    blue candle bulb_177
	tribunal.esm        LIGH    blue water ref 256
	tribunal.esm        LIGH    dwe_pulse_bamz
	tribunal.esm        LIGH    green light_256
	tribunal.esm        LIGH    green_spulse_256
	tribunal.esm        LIGH    light_bar1_unique
	tribunal.esm        LIGH    light_bar2_unique
	tribunal.esm        LIGH    light_bar3_unique
	tribunal.esm        LIGH    light_bar4_unique
	tribunal.esm        LIGH    light_bar5_unique
	tribunal.esm        LIGH    light_bar6_unique
	tribunal.esm        LIGH    light_bar7_unique
	tribunal.esm        LIGH    light_bar8_unique
	tribunal.esm        LIGH    light_com_candle_10_128
	tribunal.esm        LIGH    light_com_torch_01_256
	tribunal.esm        LIGH    light_com_torch_01_uni
	tribunal.esm        LIGH    light_com_torch_burnedout_uni
	tribunal.esm        LIGH    light_logpile_uni
	tribunal.esm        LIGH    light_mh_rope_lantern
	tribunal.esm        LIGH    light_mh_streetlamp_01
	tribunal.esm        LIGH    light_mh_streetlamp_01_550
	tribunal.esm        LIGH    light_mh_streetlamp_01_750
	tribunal.esm        LIGH    light_om_brazier
	tribunal.esm        LIGH    light_om_censure
	tribunal.esm        LIGH    light_sotha_fire_unique1
	tribunal.esm        LIGH    light_sotha_fire_unique2
	tribunal.esm        LIGH    light_sotha_fire_unique3
	tribunal.esm        LIGH    light_sotha_lantern
	tribunal.esm        LIGH    light_sotha_sparks
	tribunal.esm        LIGH    light_sotha_sparks_hi
	tribunal.esm        LIGH    light_tikitorch00_uni
	tribunal.esm        LIGH    mh_ignatius light
	tribunal.esm        LIGH    sewers
