TOTSP TD Content Integration - Spiders.esp: DUP-REC MASTERS MISSVER OVR-REC
    MASTERS: out of sync with the masters installed in your Data Files directory:
	Tamriel_Data.esm             8787443 (plugin)   11064795 (installed size)
    [DUP-REC] Duplicate Records:
	From Master         Type    Name
	bloodmoon.esm       LEVC    bm_ex_hirforest_60
	bloodmoon.esm       LEVC    bm_ex_isinplains_60
	bloodmoon.esm       LEVC    bm_ex_moemountains_60
	bloodmoon.esm       LEVC    bm_in_nordburial
    [OVR-REC] Overridden Records:
	From Master         Type    Name
	bloodmoon.esm       CONT    bm_nordictomb_01
	bloodmoon.esm       LEVC    bm_ex_felcoast
	bloodmoon.esm       LEVC    bm_ex_felcoast_40
	bloodmoon.esm       LEVC    bm_ex_felcoast_60
	bloodmoon.esm       LEVC    bm_ex_hirforest
	bloodmoon.esm       LEVC    bm_ex_hirforest_40
	bloodmoon.esm       LEVC    bm_ex_horker_h20
	bloodmoon.esm       LEVC    bm_ex_isinplains
	bloodmoon.esm       LEVC    bm_ex_isinplains_40
	bloodmoon.esm       LEVC    bm_ex_moemountains
	bloodmoon.esm       LEVC    bm_ex_moemountains_40
	bloodmoon.esm       LEVC    bm_in_nordburial_40
	bloodmoon.esm       LEVC    bm_in_nordburial_60
	bloodmoon.esm       LEVI    bm_chest_loot_01
	bloodmoon.esm       LEVI    bm_random_nordhuntweap
	bloodmoon.esm       LEVI    bm_random_nordsilver
	bloodmoon.esm       LEVI    bm_randomweapon_berserker
	bloodmoon.esm       LEVI    bm_randomwpn_smugglers
