Tower of Bronze Wolf_eng.ESP: DUP-REC MENUMOD MISSAUT MISSDSC MISSVER OVR-REC
    [MENUMOD] Scripts not checking menumode:
	SCPT(sm_01_night_window)
	SCPT(sm_SkeletonRespawner)
	SCPT(sm_b01_night_window)
	SCPT(sm_b02_night_window)
	SCPT(sm_b03_night_window)
	SCPT(sm_b04_night_window)
	SCPT(sm_b05_night_window)
	SCPT(sm_b06_night_window)
	SCPT(sm_b07_night_window)
	SCPT(sm_b08_night_window)
	SCPT(sm_b09_night_window)
	SCPT(sm_b0_night_window)
	SCPT(sm_b10_night_window)
	SCPT(sm_b11_night_window)
	SCPT(sm_b12_night_window)
	SCPT(sm_b13_night_window)
	SCPT(sm_b14_night_window)
	SCPT(sm_b15_night_window)
	SCPT(sm_b16_night_window)
	SCPT(sm_energ_roof)
	SCPT(sm_night_window)
    [DUP-REC] Duplicate Records:
	From Master         Type    Name
	bloodmoon.esm       BOOK    bk_mixedunittactics
	bloodmoon.esm       CONT    com_sack_01_ingred
	bloodmoon.esm       MISC    misc_com_bottle_05
	bloodmoon.esm       MISC    misc_com_bottle_06
	bloodmoon.esm       MISC    misc_com_bottle_08
	morrowind.esm       APPA    apparatus_g_mortar_01
	morrowind.esm       BOOK    bk_changedones
	morrowind.esm       BOOK    bk_darkestdarkness
	morrowind.esm       BOOK    bk_fellowshiptemple
	morrowind.esm       BOOK    bk_fivesongsofkingwulfharth
	morrowind.esm       BOOK    bk_frontierconquestaccommodat
	morrowind.esm       BOOK    bk_mysticism
	morrowind.esm       BOOK    bk_nerevarmoonandstar
	morrowind.esm       BOOK    bk_oldways
	morrowind.esm       BOOK    bk_overviewofgodsandworship
	morrowind.esm       BOOK    bk_pilgrimspath
	morrowind.esm       BOOK    bk_progressoftruth
	morrowind.esm       BOOK    bk_realbarenziah4
	morrowind.esm       BOOK    bk_realbarenziah5
	morrowind.esm       CONT    flora_bc_mushroom_03
	morrowind.esm       CONT    flora_bc_mushroom_08
	morrowind.esm       MISC    misc_dwrv_artifact20
	morrowind.esm       MISC    misc_dwrv_artifact60
	morrowind.esm       MISC    misc_dwrv_goblet10
	morrowind.esm       MISC    misc_dwrv_mug00
	morrowind.esm       STAT    ex_de_oar
	morrowind.esm       STAT    ex_de_rowboat
	morrowind.esm       STAT    furn_anvil00
	morrowind.esm       STAT    furn_de_pathspear_01
	morrowind.esm       STAT    furn_de_r_shelf_01
	morrowind.esm       STAT    furn_de_r_table_07
	morrowind.esm       STAT    furn_de_r_table_09
	morrowind.esm       STAT    in_mud_rock_03
	morrowind.esm       STAT    in_mud_rock_21
	morrowind.esm       STAT    in_mud_rock_26
	morrowind.esm       STAT    in_mud_rock_28
	morrowind.esm       STAT    in_mudcave_21_1
	morrowind.esm       STAT    in_mudcave_form20
	morrowind.esm       STAT    in_mudcave_stal20
	tribunal.esm        ACTI    in_om_waterfall_small
	tribunal.esm        BOOK    bk_arcturianheresy
	tribunal.esm        BOOK    bk_easternprovincesimpartial
	tribunal.esm        BOOK    bk_graspingfortune
	tribunal.esm        BOOK    bk_legionsofthedead
	tribunal.esm        BOOK    bk_mysteriousakavir
	tribunal.esm        BOOK    bk_tamrielicreligions
    [OVR-REC] Overridden Records:
	From Master         Type    Name
	morrowind.esm       CREA    skeleton
	morrowind.esm       CREA    skeleton hero dead
	morrowind.esm       PGRD    west gash region
