TR_ThirrValley_v0094.ESP: AUTOSPL DUP-REC FOGBUG MENUMOD MISSAUT MISSDSC MISSVER NUMRECS OVR-REC
    [AUTOSPL] Auto-calced Spells:
	tr_m7_othrano_staff_satarat_spl Satarat's Bloodstorm
	tr_m7_tv4_mhas_heal            Mhas' Heal
    [NUMRECS]: number of records in TES3.HEDR (1121) != Actual count (954)
    [FOGBUG]: Cells with zero fog density setting:
	Holamyn Kor, Hall of Farmers and Laborers
    [MENUMOD] Scripts not checking menumode:
	SCPT(TR_m7_Othrano_Staff_Satarat_Sc)
	SCPT(TR_m7_TV1_Cave_1_RocksSc)
	SCPT(TR_m7_TV4_Grotto_Underwater_Trap)
    [DUP-REC] Duplicate Records:
	From Master         Type    Name
	morrowind.esm       LTEX    ac_darkgravel
	morrowind.esm       LTEX    ac_darkstone01
	morrowind.esm       LTEX    ac_darkstone02
	morrowind.esm       LTEX    ac_darkstone_grass
	morrowind.esm       LTEX    ac_dirt_01
	morrowind.esm       LTEX    ac_dirt_grass_01
	morrowind.esm       LTEX    ac_dirt_grass_02
	morrowind.esm       LTEX    ac_dirtroad_01
	morrowind.esm       LTEX    ac_roundstone
	morrowind.esm       LTEX    ac_scrubplain_01
	morrowind.esm       LTEX    ac_scrubplain_02
	morrowind.esm       LTEX    ai_clover
	morrowind.esm       LTEX    ai_dirt
	morrowind.esm       LTEX    ai_dirtroad
	morrowind.esm       LTEX    ai_grass
	morrowind.esm       LTEX    ai_grass_02
	morrowind.esm       LTEX    ai_grass_cobbles
	morrowind.esm       LTEX    ai_grass_dirt
	morrowind.esm       LTEX    ai_grass_rocky
	morrowind.esm       LTEX    ai_mudflats_01.tga
	morrowind.esm       LTEX    ai_tilled_dirt
	morrowind.esm       LTEX    al_ash_01
	morrowind.esm       LTEX    al_ash_02
	morrowind.esm       LTEX    al_ash_03
	morrowind.esm       LTEX    al_ash_04
	morrowind.esm       LTEX    al_road_01
	morrowind.esm       LTEX    daedric stone
	morrowind.esm       LTEX    daedric_scrubruins
	morrowind.esm       LTEX    gl_dirt_01
	morrowind.esm       LTEX    gl_dirt_02
	morrowind.esm       LTEX    gl_dirt_grass_01
	morrowind.esm       LTEX    gl_dirt_grass_02
	morrowind.esm       LTEX    gl_dirtroad
	morrowind.esm       LTEX    gl_grass_01
	morrowind.esm       LTEX    gl_grass_02
	morrowind.esm       LTEX    gl_grass_03
	morrowind.esm       LTEX    gl_grass_04
	morrowind.esm       LTEX    gl_grass_05
	morrowind.esm       LTEX    gl_rock_01
	morrowind.esm       LTEX    gl_rock_02
	morrowind.esm       LTEX    lavacrust01.tga
	morrowind.esm       LTEX    lavacrust02.tga
	morrowind.esm       LTEX    ma_crackedearth
	morrowind.esm       LTEX    ma_lava
	morrowind.esm       LTEX    ma_lava02
	morrowind.esm       LTEX    ma_lava03
	morrowind.esm       LTEX    ma_lava04
	morrowind.esm       LTEX    ma_lava05
	morrowind.esm       LTEX    ma_lava06
	morrowind.esm       LTEX    ma_lavacrust.tga
	morrowind.esm       LTEX    ma_lavaflow
	morrowind.esm       LTEX    ma_lavaridge
	morrowind.esm       LTEX    ma_lavarock
	morrowind.esm       LTEX    ma_rock04
	morrowind.esm       LTEX    ma_sandstone02
	morrowind.esm       LTEX    ma_sulphur_rock01
	morrowind.esm       LTEX    ma_sulphur_rock02
	morrowind.esm       LTEX    ma_sulphur_rock03
	morrowind.esm       LTEX    ma_sulphur_rock05
	morrowind.esm       LTEX    ma_sulphur_rock06
	morrowind.esm       LTEX    ma_sulphur_rock07
	morrowind.esm       LTEX    ma_sulphur_rock08
	morrowind.esm       LTEX    ma_sulphur_rock09
	morrowind.esm       LTEX    rm_grayrock
	morrowind.esm       LTEX    rm_redrock
	morrowind.esm       LTEX    rm_rock_01
	morrowind.esm       LTEX    rm_rock_02
	morrowind.esm       LTEX    rm_rock_03
	morrowind.esm       LTEX    rm_whiterock
	morrowind.esm       LTEX    road dirt
	morrowind.esm       LTEX    rock_coastal
	morrowind.esm       LTEX    sand
	morrowind.esm       LTEX    sand_02
	morrowind.esm       LTEX    scrub plain
	morrowind.esm       LTEX    tx_ai_mainroad_01.tga
	morrowind.esm       LTEX    tx_ai_mudflats_01.tga
	morrowind.esm       LTEX    tx_bc_bank.tga
	morrowind.esm       LTEX    tx_bc_dirt.tga
	morrowind.esm       LTEX    tx_bc_grass.tga
	morrowind.esm       LTEX    tx_bc_mainroad_01.tga
	morrowind.esm       LTEX    tx_bc_moss.tga
	morrowind.esm       LTEX    tx_bc_muck.tga
	morrowind.esm       LTEX    tx_bc_muck_01.tga
	morrowind.esm       LTEX    tx_bc_mud.tga
	morrowind.esm       LTEX    tx_bc_rock_01.tga
	morrowind.esm       LTEX    tx_bc_rock_02.tga
	morrowind.esm       LTEX    tx_bc_rock_03.tga
	morrowind.esm       LTEX    tx_bc_rock_04.tga
	morrowind.esm       LTEX    tx_bc_rockyscrub.tga
	morrowind.esm       LTEX    tx_bc_scrub.tga
	morrowind.esm       LTEX    tx_bc_undergrowth.tga
	morrowind.esm       LTEX    tx_land_darkstone01.tga
	morrowind.esm       LTEX    tx_land_darkstone02.tga
	morrowind.esm       LTEX    tx_rm_grayrock_01.tga
	morrowind.esm       LTEX    tx_rock_wg_01.tga
	morrowind.esm       LTEX    tx_rocky_mt.tga
	morrowind.esm       LTEX    tx_rockyscrub_01.tga
	morrowind.esm       LTEX    wg_cobblestones
	morrowind.esm       LTEX    wg_dirtroad_01
	morrowind.esm       LTEX    wg_dirtscrub
	morrowind.esm       LTEX    wg_mainroad_01
	morrowind.esm       LTEX    wg_road
	morrowind.esm       LTEX    wg_rock
	morrowind.esm       LTEX    wg_rockydirt
	morrowind.esm       LTEX    wg_rockyscrub
	morrowind.esm       LTEX    wg_scrub plain
	tamriel_data.esm    CONT    t_mw_flora_spinyllor01
	tamriel_data.esm    CONT    t_mw_florajs_brlhydnm01
	tamriel_data.esm    CONT    t_mw_florajs_brlhydnm06
	tamriel_data.esm    CONT    t_mw_floraow_shlffung01
	tamriel_data.esm    CONT    t_mw_floraow_shlffung02
	tamriel_data.esm    CONT    t_mw_floraow_shlffung03
	tamriel_data.esm    CONT    t_mw_floraow_shlffung04
	tamriel_data.esm    CONT    t_mw_florass_rougecam01
	tamriel_data.esm    LEVC    t_mw_rlvl_thirrrivercoast+0
	tamriel_data.esm    STAT    t_aid_playerhomemarker
	tamriel_data.esm    STAT    t_mw_floraow_ovarysprout_03
	tamriel_data.esm    STAT    t_mw_floraow_ovarysprout_04
	tamriel_data.esm    STAT    t_mw_floraow_ovarysprout_05
    [OVR-REC] Overridden Records:
	From Master         Type    Name
	bloodmoon.esm       LTEX    tx_bm_cobblestone_01.dds
	bloodmoon.esm       LTEX    tx_bm_dirt_01.dds
	bloodmoon.esm       LTEX    tx_bm_dirt_snow_01.dds
	bloodmoon.esm       LTEX    tx_bm_grass_01.dds
	bloodmoon.esm       LTEX    tx_bm_grass_02.dds
	bloodmoon.esm       LTEX    tx_bm_grass_03.dds
	bloodmoon.esm       LTEX    tx_bm_grass_dirt_01.dds
	bloodmoon.esm       LTEX    tx_bm_grass_snow_01.dds
	bloodmoon.esm       LTEX    tx_bm_grass_snow_02.dds
	bloodmoon.esm       LTEX    tx_bm_grass_snow_02a.dds
	bloodmoon.esm       LTEX    tx_bm_grass_snow_03.dds
	bloodmoon.esm       LTEX    tx_bm_ice_01.dds
	bloodmoon.esm       LTEX    tx_bm_ice_02.dds
	bloodmoon.esm       LTEX    tx_bm_ice_03.dds
	bloodmoon.esm       LTEX    tx_bm_ice_04.dds
	bloodmoon.esm       LTEX    tx_bm_ice_05.dds
	bloodmoon.esm       LTEX    tx_bm_ice_06.dds
	bloodmoon.esm       LTEX    tx_bm_pine_needles_01.dds
	bloodmoon.esm       LTEX    tx_bm_rock_01.dds
	bloodmoon.esm       LTEX    tx_bm_rock_02.dds
	bloodmoon.esm       LTEX    tx_bm_rock_03.dds
	bloodmoon.esm       LTEX    tx_bm_rock_dirt_01.dds
	bloodmoon.esm       LTEX    tx_bm_rock_snow_01.dds
	bloodmoon.esm       LTEX    tx_bm_rock_snow_01a.dds
	bloodmoon.esm       LTEX    tx_bm_rock_snow_02.dds
	bloodmoon.esm       LTEX    tx_bm_rock_snow_02a.dds
	bloodmoon.esm       LTEX    tx_bm_rock_snow_03.dds
	bloodmoon.esm       LTEX    tx_bm_snow_01.dds
	bloodmoon.esm       LTEX    tx_bm_snow_02.dds
	bloodmoon.esm       LTEX    tx_bm_snow_03.dds
	bloodmoon.esm       LTEX    tx_bm_snow_04.dds
	bloodmoon.esm       LTEX    tx_bm_snow_05.dds
	bloodmoon.esm       LTEX    tx_bm_snow_ice_01.dds
	bloodmoon.esm       LTEX    tx_bm_snow_rock_01.dds
	morrowind.esm       LTEX    tx_lavacrust00.tga
	tamriel_data.esm    LTEX    t_ayl_dngruin_txfloor_01
	tamriel_data.esm    LTEX    t_cyr_terrdirtch_01
	tamriel_data.esm    LTEX    t_cyr_terrdirtgc_01
	tamriel_data.esm    LTEX    t_cyr_terrdirtkp_01
	tamriel_data.esm    LTEX    t_cyr_terrfarmlandch_01
	tamriel_data.esm    LTEX    t_cyr_terrfarmlandgc_01
	tamriel_data.esm    LTEX    t_cyr_terrgrasskp_01
	tamriel_data.esm    LTEX    t_cyr_terrgrassrockch_02
	tamriel_data.esm    LTEX    t_cyr_terrgravelch_01
	tamriel_data.esm    LTEX    t_cyr_terrroaddirtch_01
	tamriel_data.esm    LTEX    t_de_setind_txcobblestone_01
	tamriel_data.esm    LTEX    t_de_setind_txcobblestone_02
	tamriel_data.esm    LTEX    t_de_setind_txornatefloor_01
	tamriel_data.esm    LTEX    t_de_setnecrom_txcobblestone_01
	tamriel_data.esm    LTEX    t_de_setnecrom_txfloor_01
	tamriel_data.esm    LTEX    t_de_setnecrom_txfloor_02
	tamriel_data.esm    LTEX    t_glb_terrwater_01
	tamriel_data.esm    LTEX    t_imp_dngcolbarrow_txfloor_01
	tamriel_data.esm    LTEX    t_imp_dngruincyr_txfloor_01
	tamriel_data.esm    LTEX    t_imp_dngruincyr_txfloor_02
	tamriel_data.esm    LTEX    t_imp_highway_txroaddry_01a
	tamriel_data.esm    LTEX    t_imp_highway_txroaddry_01b
	tamriel_data.esm    LTEX    t_imp_highway_txroadgrs_01a
	tamriel_data.esm    LTEX    t_imp_highway_txroadlvs_02b
	tamriel_data.esm    LTEX    t_imp_highway_txroadsnw_02b
	tamriel_data.esm    LTEX    t_imp_setch_txcobblestone_01
	tamriel_data.esm    LTEX    t_mw_terrcloverat
	tamriel_data.esm    LTEX    t_mw_terrcobblestoneat
	tamriel_data.esm    LTEX    t_mw_terrcrackedearth_01
	tamriel_data.esm    LTEX    t_mw_terrdaestoneat
	tamriel_data.esm    LTEX    t_mw_terrdaestonesh
	tamriel_data.esm    LTEX    t_mw_terrdirtgrassat
	tamriel_data.esm    LTEX    t_mw_terrdirtmudsh
	tamriel_data.esm    LTEX    t_mw_terrdirtow_01
	tamriel_data.esm    LTEX    t_mw_terrdirtrocksh
	tamriel_data.esm    LTEX    t_mw_terrdirtrocktv
	tamriel_data.esm    LTEX    t_mw_terrdirtrr
	tamriel_data.esm    LTEX    t_mw_terrdirtrr_02
	tamriel_data.esm    LTEX    t_mw_terrdirtscrubow_01
	tamriel_data.esm    LTEX    t_mw_terrdirtsh_01
	tamriel_data.esm    LTEX    t_mw_terrdirtsh_02
	tamriel_data.esm    LTEX    t_mw_terrdirttv
	tamriel_data.esm    LTEX    t_mw_terrgrass_01
	tamriel_data.esm    LTEX    t_mw_terrgrassalma_01
	tamriel_data.esm    LTEX    t_mw_terrgrassat
	tamriel_data.esm    LTEX    t_mw_terrgrasscm_01
	tamriel_data.esm    LTEX    t_mw_terrgrassdirttv
	tamriel_data.esm    LTEX    t_mw_terrgrassgl_01
	tamriel_data.esm    LTEX    t_mw_terrgrassmosstv
	tamriel_data.esm    LTEX    t_mw_terrgrassrr_01
	tamriel_data.esm    LTEX    t_mw_terrgrasstv
	tamriel_data.esm    LTEX    t_mw_terrgravelvm_01
	tamriel_data.esm    LTEX    t_mw_terrmosscm_01
	tamriel_data.esm    LTEX    t_mw_terrroaddirt_01
	tamriel_data.esm    LTEX    t_mw_terrroadrr_01
	tamriel_data.esm    LTEX    t_mw_terrroadsh_01
	tamriel_data.esm    LTEX    t_mw_terrroadtv
	tamriel_data.esm    LTEX    t_mw_terrrockaj_01
	tamriel_data.esm    LTEX    t_mw_terrrockaj_02
	tamriel_data.esm    LTEX    t_mw_terrrockbrown_01
	tamriel_data.esm    LTEX    t_mw_terrrockgrassrr_01
	tamriel_data.esm    LTEX    t_mw_terrrockmosstv
	tamriel_data.esm    LTEX    t_mw_terrrockow_01
	tamriel_data.esm    LTEX    t_mw_terrrockow_02
	tamriel_data.esm    LTEX    t_mw_terrrockrr_01
	tamriel_data.esm    LTEX    t_mw_terrrockrr_02
	tamriel_data.esm    LTEX    t_mw_terrrockrr_03
	tamriel_data.esm    LTEX    t_mw_terrrockrr_04
	tamriel_data.esm    LTEX    t_mw_terrrocksh_01
	tamriel_data.esm    LTEX    t_mw_terrrocksh_01b
	tamriel_data.esm    LTEX    t_mw_terrrocksh_02
	tamriel_data.esm    LTEX    t_mw_terrrocksh_02b
	tamriel_data.esm    LTEX    t_mw_terrrocksh_03
	tamriel_data.esm    LTEX    t_mw_terrrocksh_03b
	tamriel_data.esm    LTEX    t_mw_terrrocktv
	tamriel_data.esm    LTEX    t_mw_terrscrubow_01
	tamriel_data.esm    LTEX    t_mw_terrscrubow_01b
	tamriel_data.esm    LTEX    t_mw_terrscrubow_01c
	tamriel_data.esm    LTEX    t_mw_terrscrubow_02
	tamriel_data.esm    LTEX    t_mw_terrscrubow_03
	tamriel_data.esm    LTEX    t_mw_terrscrubow_04
	tamriel_data.esm    LTEX    t_mw_terrscrubow_04b
	tamriel_data.esm    LTEX    t_mw_terrscrubrr
	tamriel_data.esm    LTEX    t_mw_terrscrubrr_02
	tamriel_data.esm    LTEX    t_mw_terrscrubsh
	tamriel_data.esm    LTEX    t_mw_terrscrubsnow_01
	tamriel_data.esm    LTEX    t_nor_dngbarrowfort_txfloor_01
	tamriel_data.esm    LTEX    t_sky_terrfarmland_01
	tamriel_data.esm    LTEX    t_sky_terrgrasshf_02
	tamriel_data.esm    LTEX    t_sky_terrgrasshf_03
	tamriel_data.esm    LTEX    t_sky_terrgrasshf_04
	tamriel_data.esm    LTEX    t_sky_terrgravel_01
	tamriel_data.esm    LTEX    t_sky_terrrockem_01
	tamriel_data.esm    LTEX    t_sky_terrrocksnwre_02
	tamriel_data.esm    LTEX    t_sky_terrseaweed_01
	tamriel_data.esm    LTEX    t_sky_terrseaweed_02
	tamriel_data.esm    LTEX    t_sky_terrseaweed_03
