True Lights and Darkness PS TWEAKS.ESP: DUP-REC MISSVER OVR-REC
    [OVR-REC] Overridden Records:
	From Master         Type    Name
	bloodmoon.esm       LIGH    light_com_lantern_01
	bloodmoon.esm       LIGH    light_com_lantern_01_128
	bloodmoon.esm       LIGH    light_com_lantern_01_256
	bloodmoon.esm       LIGH    light_com_lantern_02_256
	bloodmoon.esm       LIGH    light_com_lantern_bm_unique
	bloodmoon.esm       LIGH    light_com_lantern_sweetie1
	bloodmoon.esm       LIGH    light_com_lantern_sweetie2
	bloodmoon.esm       LIGH    light_com_lantern_sweetie3
	morrowind.esm       LIGH    light_com_candle_07_64
	morrowind.esm       LIGH    light_com_lantern_01_77
	morrowind.esm       LIGH    light_com_lantern_01_off
	morrowind.esm       LIGH    light_com_lantern_01_s
	morrowind.esm       LIGH    light_com_lantern_02
	morrowind.esm       LIGH    light_com_lantern_02_128
	morrowind.esm       LIGH    light_com_lantern_02_128_off
	morrowind.esm       LIGH    light_com_lantern_02_177
	morrowind.esm       LIGH    light_com_lantern_02_177_boat01
	morrowind.esm       LIGH    light_com_lantern_02_200_boat
	morrowind.esm       LIGH    light_com_lantern_02_64
	morrowind.esm       LIGH    light_com_lantern_02_inf
	morrowind.esm       LIGH    light_com_lantern_02_off
	morrowind.esm       LIGH    light_com_torch_01
	morrowind.esm       LIGH    light_com_torch_01_128
	morrowind.esm       LIGH    light_com_torch_01_200
	morrowind.esm       LIGH    light_com_torch_01_77
	morrowind.esm       LIGH    light_com_torch_01_off
	morrowind.esm       LIGH    light_com_torch_02
	morrowind.esm       LIGH    light_de_lamp_05
	morrowind.esm       LIGH    light_de_lamp_05_128
	morrowind.esm       LIGH    light_de_lantern_07
	morrowind.esm       LIGH    light_de_lantern_07_128
	morrowind.esm       LIGH    torch
	morrowind.esm       LIGH    torch_128
	morrowind.esm       LIGH    torch_128_off
	morrowind.esm       LIGH    torch_157
	morrowind.esm       LIGH    torch_256
	morrowind.esm       LIGH    torch_64
	morrowind.esm       LIGH    torch_77
	morrowind.esm       LIGH    torch_infinite_time
	morrowind.esm       LIGH    torch_infinite_time_unique
	tribunal.esm        LIGH    light_com_torch_01_256
