True Skyrimized Torches.esp: DUP-REC MISSVER OVR-REC
    [OVR-REC] Overridden Records:
	From Master         Type    Name
	bloodmoon.esm       LIGH    light_com_candle_01
	bloodmoon.esm       LIGH    light_com_candle_01_64
	bloodmoon.esm       LIGH    light_com_candle_05_64
	bloodmoon.esm       LIGH    light_com_candle_09_128
	bloodmoon.esm       LIGH    light_com_candle_09_off
	bloodmoon.esm       LIGH    light_com_lantern_01
	bloodmoon.esm       LIGH    light_com_lantern_01_128
	bloodmoon.esm       LIGH    light_com_lantern_01_256
	bloodmoon.esm       LIGH    light_com_lantern_02_256
	bloodmoon.esm       LIGH    light_com_lantern_bm_unique
	bloodmoon.esm       LIGH    light_de_lantern_01white
	morrowind.esm       LIGH    light_com_candle_01_off
	morrowind.esm       LIGH    light_com_candle_02
	morrowind.esm       LIGH    light_com_candle_02_64
	morrowind.esm       LIGH    light_com_candle_03
	morrowind.esm       LIGH    light_com_candle_03_64
	morrowind.esm       LIGH    light_com_candle_05
	morrowind.esm       LIGH    light_com_candle_05_off
	morrowind.esm       LIGH    light_com_candle_08
	morrowind.esm       LIGH    light_com_candle_08_64
	morrowind.esm       LIGH    light_com_candle_09
	morrowind.esm       LIGH    light_com_candle_09_64
	morrowind.esm       LIGH    light_com_candle_10
	morrowind.esm       LIGH    light_com_candle_10_64
	morrowind.esm       LIGH    light_com_candle_10_off
	morrowind.esm       LIGH    light_com_candle_12
	morrowind.esm       LIGH    light_com_candle_12_77
	morrowind.esm       LIGH    light_com_candle_12_off
	morrowind.esm       LIGH    light_com_candle_14
	morrowind.esm       LIGH    light_com_candle_14_77
	morrowind.esm       LIGH    light_com_candle_15
	morrowind.esm       LIGH    light_com_candle_16
	morrowind.esm       LIGH    light_com_candle_16_77
	morrowind.esm       LIGH    light_com_dae_cursed_candle_10
	morrowind.esm       LIGH    light_com_lantern_01_77
	morrowind.esm       LIGH    light_com_lantern_01_off
	morrowind.esm       LIGH    light_com_lantern_02
	morrowind.esm       LIGH    light_com_lantern_02_128
	morrowind.esm       LIGH    light_com_lantern_02_128_off
	morrowind.esm       LIGH    light_com_lantern_02_177
	morrowind.esm       LIGH    light_com_lantern_02_64
	morrowind.esm       LIGH    light_com_lantern_02_inf
	morrowind.esm       LIGH    light_com_lantern_02_off
	morrowind.esm       LIGH    light_com_redware_lamp
	morrowind.esm       LIGH    light_com_torch_01
	morrowind.esm       LIGH    light_com_torch_01_128
	morrowind.esm       LIGH    light_com_torch_01_200
	morrowind.esm       LIGH    light_com_torch_01_77
	morrowind.esm       LIGH    light_com_torch_01_off
	morrowind.esm       LIGH    light_com_torch_02
	morrowind.esm       LIGH    light_com_torch_burnedout_01
	morrowind.esm       LIGH    light_de_buglamp_01
	morrowind.esm       LIGH    light_de_buglamp_01_64
	morrowind.esm       LIGH    light_de_buglamp_01_off
	morrowind.esm       LIGH    light_de_candle_03
	morrowind.esm       LIGH    light_de_candle_03_64
	morrowind.esm       LIGH    light_de_candle_05
	morrowind.esm       LIGH    light_de_candle_05_64
	morrowind.esm       LIGH    light_de_candle_05_77
	morrowind.esm       LIGH    light_de_candle_06
	morrowind.esm       LIGH    light_de_candle_06_64
	morrowind.esm       LIGH    light_de_candle_06_off
	morrowind.esm       LIGH    light_de_candle_10
	morrowind.esm       LIGH    light_de_candle_10_64
	morrowind.esm       LIGH    light_de_candle_11
	morrowind.esm       LIGH    light_de_candle_11_64
	morrowind.esm       LIGH    light_de_candle_11_off
	morrowind.esm       LIGH    light_de_candle_12
	morrowind.esm       LIGH    light_de_candle_128_off
	morrowind.esm       LIGH    light_de_candle_12_64
	morrowind.esm       LIGH    light_de_candle_13
	morrowind.esm       LIGH    light_de_candle_13_64
	morrowind.esm       LIGH    light_de_candle_13_off
	morrowind.esm       LIGH    light_de_candle_14
	morrowind.esm       LIGH    light_de_candle_14_64
	morrowind.esm       LIGH    light_de_candle_15
	morrowind.esm       LIGH    light_de_candle_15_64
	morrowind.esm       LIGH    light_de_candle_15_off
	morrowind.esm       LIGH    light_de_candle_16
	morrowind.esm       LIGH    light_de_candle_16_64
	morrowind.esm       LIGH    light_de_candle_17
	morrowind.esm       LIGH    light_de_candle_17_64
	morrowind.esm       LIGH    light_de_candle_18
	morrowind.esm       LIGH    light_de_candle_18_64
	morrowind.esm       LIGH    light_de_candle_19
	morrowind.esm       LIGH    light_de_candle_19_256
	morrowind.esm       LIGH    light_de_candle_19_64
	morrowind.esm       LIGH    light_de_candle_20
	morrowind.esm       LIGH    light_de_candle_21
	morrowind.esm       LIGH    light_de_candle_22
	morrowind.esm       LIGH    light_de_candle_23
	morrowind.esm       LIGH    light_de_candle_23_177
	morrowind.esm       LIGH    light_de_candle_24
	morrowind.esm       LIGH    light_de_candle_24_64
	morrowind.esm       LIGH    light_de_candle_25
	morrowind.esm       LIGH    light_de_candle_26
	morrowind.esm       LIGH    light_de_candle_blue_01
	morrowind.esm       LIGH    light_de_candle_blue_01_64
	morrowind.esm       LIGH    light_de_candle_blue_01_off
	morrowind.esm       LIGH    light_de_candle_blue_02
	morrowind.esm       LIGH    light_de_candle_blue_02_100
	morrowind.esm       LIGH    light_de_candle_blue_02_64
	morrowind.esm       LIGH    light_de_candle_green_01
	morrowind.esm       LIGH    light_de_candle_green_01_64
	morrowind.esm       LIGH    light_de_candle_green_01_off
	morrowind.esm       LIGH    light_de_candle_ivory_01
	morrowind.esm       LIGH    light_de_candle_ivory_01_128
	morrowind.esm       LIGH    light_de_candle_ivory_01_64
	morrowind.esm       LIGH    light_de_candle_ivory_01_off
	morrowind.esm       LIGH    light_de_candle_ivory_64
	morrowind.esm       LIGH    light_de_candle_ivory_dead
	morrowind.esm       LIGH    light_de_candle_red_01
	morrowind.esm       LIGH    light_de_candle_red_01_64
	morrowind.esm       LIGH    light_de_candle_red_02
	morrowind.esm       LIGH    light_de_candle_red_02_64
	morrowind.esm       LIGH    light_de_lantern_01
	morrowind.esm       LIGH    light_de_lantern_01_128
	morrowind.esm       LIGH    light_de_lantern_01_177
	morrowind.esm       LIGH    light_de_lantern_01_77
	morrowind.esm       LIGH    light_de_lantern_01_off
	morrowind.esm       LIGH    light_de_lantern_02
	morrowind.esm       LIGH    light_de_lantern_02-128
	morrowind.esm       LIGH    light_de_lantern_02-177
	morrowind.esm       LIGH    light_de_lantern_02_128
	morrowind.esm       LIGH    light_de_lantern_02_256_blue
	morrowind.esm       LIGH    light_de_lantern_02_256_off
	morrowind.esm       LIGH    light_de_lantern_02_blue
	morrowind.esm       LIGH    light_de_lantern_05
	morrowind.esm       LIGH    light_de_lantern_05_128_carry
	morrowind.esm       LIGH    light_de_lantern_05_200
	morrowind.esm       LIGH    light_de_lantern_05_carry
	morrowind.esm       LIGH    light_de_lantern_06
	morrowind.esm       LIGH    light_de_lantern_06_128
	morrowind.esm       LIGH    light_de_lantern_06_177
	morrowind.esm       LIGH    light_de_lantern_06_256
	morrowind.esm       LIGH    light_de_lantern_06_64
	morrowind.esm       LIGH    light_de_lantern_06a
	morrowind.esm       LIGH    light_de_lantern_07
	morrowind.esm       LIGH    light_de_lantern_07_128
	morrowind.esm       LIGH    light_de_lantern_07_warm
	morrowind.esm       LIGH    light_de_lantern_10
	morrowind.esm       LIGH    light_de_lantern_10_128
	morrowind.esm       LIGH    light_de_lantern_11
	morrowind.esm       LIGH    light_de_lantern_14
	morrowind.esm       LIGH    torch
	morrowind.esm       LIGH    torch_128
	morrowind.esm       LIGH    torch_128_off
	morrowind.esm       LIGH    torch_157
	morrowind.esm       LIGH    torch_256
	morrowind.esm       LIGH    torch_64
	morrowind.esm       LIGH    torch_77
	morrowind.esm       LIGH    torch_infinite_time
	morrowind.esm       LIGH    torch_infinite_time_unique
	tribunal.esm        LIGH    light_com_candle_10_128
	tribunal.esm        LIGH    light_com_torch_01_256
