tw_csw_shoppe.esp: DUP-REC MASTERS MISSDSC MISSVER OVR-REC
    MASTERS: out of sync with the masters installed in your Data Files directory:
	tw_cloud_storage.esm          742671 (plugin)     742844 (installed size)
    [OVR-REC] Overridden Records:
	From Master         Type    Name
	tw_cloud_storage.esm    MISC    tw_apparatus_01_misc
	tw_cloud_storage.esm    MISC    tw_apparatus_02_misc
	tw_cloud_storage.esm    MISC    tw_apparatus_03_misc
	tw_cloud_storage.esm    MISC    tw_apparatus_04_misc
	tw_cloud_storage.esm    MISC    tw_armour_01_misc
	tw_cloud_storage.esm    MISC    tw_armour_02_misc
	tw_cloud_storage.esm    MISC    tw_armour_03_misc
	tw_cloud_storage.esm    MISC    tw_armour_04_misc
	tw_cloud_storage.esm    MISC    tw_armour_05_misc
	tw_cloud_storage.esm    MISC    tw_armour_06_misc
	tw_cloud_storage.esm    MISC    tw_armour_07_misc
	tw_cloud_storage.esm    MISC    tw_armour_08_misc
	tw_cloud_storage.esm    MISC    tw_books_01_misc
	tw_cloud_storage.esm    MISC    tw_books_02_misc
	tw_cloud_storage.esm    MISC    tw_books_03_misc
	tw_cloud_storage.esm    MISC    tw_books_04_misc
	tw_cloud_storage.esm    MISC    tw_books_05_misc
	tw_cloud_storage.esm    MISC    tw_books_06_misc
	tw_cloud_storage.esm    MISC    tw_cloths_01_misc
	tw_cloud_storage.esm    MISC    tw_cloths_02_misc
	tw_cloud_storage.esm    MISC    tw_cloths_03_misc
	tw_cloud_storage.esm    MISC    tw_cloths_04_misc
	tw_cloud_storage.esm    MISC    tw_cloths_05_misc
	tw_cloud_storage.esm    MISC    tw_ingred_01_misc
	tw_cloud_storage.esm    MISC    tw_ingred_02_misc
	tw_cloud_storage.esm    MISC    tw_ingred_03_misc
	tw_cloud_storage.esm    MISC    tw_ingred_04_misc
	tw_cloud_storage.esm    MISC    tw_keys_01_misc
	tw_cloud_storage.esm    MISC    tw_keys_02_misc
	tw_cloud_storage.esm    MISC    tw_potions_01_misc
	tw_cloud_storage.esm    MISC    tw_potions_02_misc
	tw_cloud_storage.esm    MISC    tw_potions_03_misc
	tw_cloud_storage.esm    MISC    tw_potions_04_misc
	tw_cloud_storage.esm    MISC    tw_potions_05_misc
	tw_cloud_storage.esm    MISC    tw_potions_06_misc
	tw_cloud_storage.esm    MISC    tw_scroll_01_misc
	tw_cloud_storage.esm    MISC    tw_scroll_02_misc
	tw_cloud_storage.esm    MISC    tw_scroll_03_misc
	tw_cloud_storage.esm    MISC    tw_scroll_04_misc
	tw_cloud_storage.esm    MISC    tw_scroll_05_misc
	tw_cloud_storage.esm    MISC    tw_scroll_06_misc
	tw_cloud_storage.esm    MISC    tw_soulgems_01_misc
	tw_cloud_storage.esm    MISC    tw_soulgems_02_misc
	tw_cloud_storage.esm    MISC    tw_soulgems_03_misc
	tw_cloud_storage.esm    MISC    tw_soulgems_04_misc
	tw_cloud_storage.esm    MISC    tw_soulgems_05_misc
	tw_cloud_storage.esm    MISC    tw_store01_misc
	tw_cloud_storage.esm    MISC    tw_store02_misc
	tw_cloud_storage.esm    MISC    tw_store03_misc
	tw_cloud_storage.esm    MISC    tw_store04_misc
	tw_cloud_storage.esm    MISC    tw_store05_misc
	tw_cloud_storage.esm    MISC    tw_tools_01_misc
	tw_cloud_storage.esm    MISC    tw_tools_02_misc
	tw_cloud_storage.esm    MISC    tw_weapons_01_misc
	tw_cloud_storage.esm    MISC    tw_weapons_02_misc
	tw_cloud_storage.esm    MISC    tw_weapons_03_misc
