tw_siltstrider_vivec.esp: DUP-REC MASTERS MISSAUT MISSDSC MISSVER OVR-REC
    MASTERS: out of sync with the masters installed in your Data Files directory:
	OAAB_Data.esm                1124372 (plugin)    1567893 (installed size)
    [DUP-REC] Duplicate Records:
	From Master         Type    Name
	tribunal.esm        LTEX    rock_coastal
    [OVR-REC] Overridden Records:
	From Master         Type    Name
	bloodmoon.esm       CONT    com_basket_01_food
	bloodmoon.esm       LTEX    sand_02
	morrowind.esm       CONT    barrel_01_empty
	morrowind.esm       CONT    crate_01_eggs
	morrowind.esm       CONT    flora_bc_mushroom_02
	morrowind.esm       CONT    flora_bc_mushroom_08
	morrowind.esm       LAND    (3, -9)
	morrowind.esm       LIGH    light_com_lantern_02
	morrowind.esm       LIGH    light_de_lantern_05
	tribunal.esm        LTEX    ai_grass
	tribunal.esm        LTEX    ai_grass_02
	tribunal.esm        LTEX    ai_grass_cobbles
	tribunal.esm        LTEX    ai_grass_dirt
	tribunal.esm        LTEX    tx_ai_mainroad_01.tga
