Ugarte.esp: DUP-REC JUNKCEL MISSDSC MISSVER OVR-REC
    [JUNKCEL] Junk Cells:                        Flags
	Ashlands Region (0, 3)                   0x02
	Ashlands Region (0, 5)                   0x02
	Ashlands Region (1, 1)                   0x02
	Ashlands Region (5, 1)                   0x02
	Ashlands Region (5, 2)                   0x02
    [DUP-REC] Duplicate Records:
	From Master         Type    Name
	tribunal.esm        LTEX    rock_coastal
    [OVR-REC] Overridden Records:
	From Master         Type    Name
	bloodmoon.esm       LTEX    ac_darkgravel
	bloodmoon.esm       LTEX    rm_rock_03
	bloodmoon.esm       LTEX    tx_bc_rock_03.tga
	bloodmoon.esm       LTEX    tx_bm_rock_01.dds
	bloodmoon.esm       LTEX    tx_bm_rock_dirt_01.dds
	morrowind.esm       LAND    (0, 3)
	morrowind.esm       LAND    (0, 4)
	morrowind.esm       LAND    (0, 5)
	morrowind.esm       LAND    (1, 1)
	morrowind.esm       LAND    (1, 2)
	morrowind.esm       LAND    (1, 3)
	morrowind.esm       LAND    (1, 4)
	morrowind.esm       LAND    (2, 1)
	morrowind.esm       LAND    (2, 2)
	morrowind.esm       LAND    (2, 3)
	morrowind.esm       LAND    (2, 4)
	morrowind.esm       LAND    (3, 1)
	morrowind.esm       LAND    (3, 2)
	morrowind.esm       LAND    (3, 3)
	morrowind.esm       LAND    (3, 4)
	morrowind.esm       LAND    (4, 1)
	morrowind.esm       LAND    (4, 2)
	morrowind.esm       LAND    (4, 3)
	morrowind.esm       LAND    (4, 4)
	morrowind.esm       LAND    (5, 1)
	morrowind.esm       LAND    (5, 2)
	morrowind.esm       LAND    (5, 3)
	morrowind.esm       LAND    (5, 4)
	morrowind.esm       LTEX    ac_darkstone02
	morrowind.esm       LTEX    ac_darkstone_grass
	morrowind.esm       LTEX    ac_dirt_01
	morrowind.esm       LTEX    ac_dirt_grass_01
	morrowind.esm       LTEX    ac_dirt_grass_02
	morrowind.esm       LTEX    ac_dirtroad_01
	morrowind.esm       LTEX    ac_scrubplain_02
	morrowind.esm       LTEX    ai_mudflats_01.tga
	morrowind.esm       LTEX    al_ash_01
	morrowind.esm       LTEX    al_ash_02
	morrowind.esm       LTEX    al_ash_03
	morrowind.esm       LTEX    al_ash_04
	morrowind.esm       LTEX    al_road_01
	morrowind.esm       LTEX    daedric stone
	morrowind.esm       LTEX    gl_dirt_01
	morrowind.esm       LTEX    gl_dirt_02
	morrowind.esm       LTEX    gl_dirt_grass_01
	morrowind.esm       LTEX    gl_dirtroad
	morrowind.esm       LTEX    gl_grass_01
	morrowind.esm       LTEX    gl_grass_02
	morrowind.esm       LTEX    gl_grass_03
	morrowind.esm       LTEX    gl_grass_04
	morrowind.esm       LTEX    gl_grass_05
	morrowind.esm       LTEX    lavacrust01.tga
	morrowind.esm       LTEX    lavacrust02.tga
	morrowind.esm       LTEX    ma_crackedearth
	morrowind.esm       LTEX    ma_lava
	morrowind.esm       LTEX    ma_lava02
	morrowind.esm       LTEX    ma_lava03
	morrowind.esm       LTEX    ma_lava04
	morrowind.esm       LTEX    ma_lava05
	morrowind.esm       LTEX    ma_lava06
	morrowind.esm       LTEX    ma_lavacrust.tga
	morrowind.esm       LTEX    ma_lavaflow
	morrowind.esm       LTEX    ma_lavaridge
	morrowind.esm       LTEX    ma_lavarock
	morrowind.esm       LTEX    ma_rock04
	morrowind.esm       LTEX    ma_sandstone02
	morrowind.esm       LTEX    ma_sulphur_rock01
	morrowind.esm       LTEX    ma_sulphur_rock02
	morrowind.esm       LTEX    ma_sulphur_rock03
	morrowind.esm       LTEX    ma_sulphur_rock05
	morrowind.esm       LTEX    ma_sulphur_rock06
	morrowind.esm       LTEX    ma_sulphur_rock07
	morrowind.esm       LTEX    ma_sulphur_rock08
	morrowind.esm       LTEX    ma_sulphur_rock09
	morrowind.esm       LTEX    rm_redrock
	morrowind.esm       LTEX    rm_rock_02
	morrowind.esm       LTEX    rm_whiterock
	morrowind.esm       LTEX    road dirt
	morrowind.esm       LTEX    scrub plain
	morrowind.esm       LTEX    tx_ai_mudflats_01.tga
	morrowind.esm       LTEX    tx_bc_bank.tga
	morrowind.esm       LTEX    tx_bc_dirt.tga
	morrowind.esm       LTEX    tx_bc_grass.tga
	morrowind.esm       LTEX    tx_bc_mainroad_01.tga
	morrowind.esm       LTEX    tx_bc_moss.tga
	morrowind.esm       LTEX    tx_bc_muck.tga
	morrowind.esm       LTEX    tx_bc_mud.tga
	morrowind.esm       LTEX    tx_bc_rock_01.tga
	morrowind.esm       LTEX    tx_bc_rock_02.tga
	morrowind.esm       LTEX    tx_land_darkstone01.tga
	morrowind.esm       LTEX    tx_land_darkstone02.tga
	morrowind.esm       LTEX    tx_lavacrust00.tga
	morrowind.esm       LTEX    tx_rm_grayrock_01.tga
	morrowind.esm       LTEX    tx_rocky_mt.tga
	morrowind.esm       LTEX    tx_rockyscrub_01.tga
	morrowind.esm       LTEX    wg_dirtroad_01
	morrowind.esm       LTEX    wg_dirtscrub
	morrowind.esm       LTEX    wg_rockydirt
	morrowind.esm       PGRD    ashlands region
	morrowind.esm       PGRD    ghostgate
	tribunal.esm        LTEX    ai_dirt
	tribunal.esm        LTEX    ai_dirtroad
	tribunal.esm        LTEX    ai_grass_dirt
	tribunal.esm        LTEX    rm_grayrock
	tribunal.esm        LTEX    rm_rock_01
	tribunal.esm        LTEX    tx_ai_mainroad_01.tga
