UL_3.5_RoHT_1.52_Add-on.esp: DUP-REC MENUMOD MISSVER OVR-REC
    [MENUMOD] Scripts not checking menumode:
	SCPT(BKU_LibraryGlobal_I)
	SCPT(BKU_LibraryGlobal_RoHT)
	SCPT(RoHT_AJ_door_Script)
	SCPT(RoHT_AJ_house_Script)
	SCPT(RoHT_Ajira_Report1)
	SCPT(RoHT_Ajira_Report2)
	SCPT(RoHT_Ajira_Report3)
	SCPT(SkinkSoul1)
	SCPT(SkinkSoul2)
	SCPT(Uvi_ConjCircle_Global)
	SCPT(Uvi_DeathMonitor1)
	SCPT(Uvi_FolmsGuest_Scr)
	SCPT(Uvi_FolmsUnWelcomeGuest_Scr)
	SCPT(Uvi_RoHT_TeleportTimer)
	SCPT(Uvi_RoHT_TeleportTimer2)
	SCPT(Uvi_TowerTravel_Belt)
	SCPT(Uvi_TowerTravel_Slippers)
    [OVR-REC] Overridden Records:
	From Master         Type    Name
	morrowind.esm       DIAL    alchemy
	morrowind.esm       DIAL    flowers
	morrowind.esm       DIAL    ingredients
	morrowind.esm       DIAL    local brews
	morrowind.esm       DIAL    mushrooms
	morrowind.esm       DIAL    potions
	morrowind.esm       DIAL    scrap metal
	morrowind.esm       DIAL    telvanni bug musk
	rise of house telvanni.esm    BOOK    roht_bk_welcome_note_02
	rise of house telvanni.esm    DIAL    edwinna elbert
	rise of house telvanni.esm    DIAL    greeting 5
	rise of house telvanni.esm    DIAL    house telvanni
	rise of house telvanni.esm    DIAL    mallam ryon
	tribunal.esm        DIAL    advancement
	tribunal.esm        DIAL    chores
	tribunal.esm        DIAL    little secret
	tribunal.esm        DIAL    staff of hasedoki
	tribunal.esm        DIAL    staff of magnus
	tribunal.esm        DIAL    warlock's ring
