VA_OrdReplace_closedhelm1.0.esp: DUP-REC MISSVER OVR-REC
    [OVR-REC] Overridden Records:
	From Master         Type    Name
	morrowind.esm       ARMO    indoril boots
	morrowind.esm       ARMO    indoril cuirass
	morrowind.esm       ARMO    indoril left gauntlet
	morrowind.esm       ARMO    indoril pauldron left
	morrowind.esm       ARMO    indoril pauldron right
	morrowind.esm       ARMO    indoril right gauntlet
	morrowind.esm       ARMO    indoril shield
	morrowind.esm       CLOT    expensive_pants_02
	morrowind.esm       CLOT    expensive_skirt_02
	morrowind.esm       CONT    de_r_chest_01_ord1
	morrowind.esm       NPC_    ordinator stationary
	morrowind.esm       NPC_    ordinator wander
	morrowind.esm       NPC_    ordinator wander_hp
	morrowind.esm       NPC_    ordinator wander_ilpe_1
	morrowind.esm       NPC_    ordinator wander_ilpe_2
	morrowind.esm       NPC_    ordinator_bal_ur
	morrowind.esm       NPC_    ordinator_high fane
	morrowind.esm       NPC_    ordinator_wander_hvault
	morrowind.esm       NPC_    ordinator_wander_tvault
	tribunal.esm        ARMO    indoril helmet
