Vivec Striderport.ESP: DUP-REC MASTERS MISSAUT MISSDSC MISSVER OVR-REC
    MASTERS: out of sync with the masters installed in your Data Files directory:
	Tamriel_Data.esm             8787443 (plugin)   11064795 (installed size)
	OAAB_Data.esm                1183353 (plugin)    1567893 (installed size)
    [DUP-REC] Duplicate Records:
	From Master         Type    Name
	tribunal.esm        LTEX    rock_coastal
    [OVR-REC] Overridden Records:
	From Master         Type    Name
	bloodmoon.esm       LTEX    sand_02
	morrowind.esm       LAND    (3, -9)
	morrowind.esm       LAND    (4, -9)
	morrowind.esm       LTEX    tx_ai_mudflats_01.tga
	morrowind.esm       NPC_    darvame hleran
	morrowind.esm       NPC_    dilami androm
	morrowind.esm       NPC_    folsi thendas
	morrowind.esm       NPC_    selvil sareloth
	tribunal.esm        LTEX    ai_dirtroad
	tribunal.esm        LTEX    ai_grass
	tribunal.esm        LTEX    ai_grass_02
	tribunal.esm        LTEX    ai_grass_cobbles
	tribunal.esm        LTEX    ai_grass_dirt
	tribunal.esm        LTEX    ai_grass_rocky
	tribunal.esm        LTEX    tx_ai_mainroad_01.tga
