Vivec - Plazas - Mixed Plus (Paper Map).ESP: DUP-REC JUNKCEL MASTERS MENUMOD MISSAUT MISSDSC MISSVER OVR-REC
    MASTERS: out of sync with the masters installed in your Data Files directory:
	Tamriel_Data.esm            10684550 (plugin)   11064795 (installed size)
	OAAB_Data.esm                1384891 (plugin)    1567893 (installed size)
    [MENUMOD] Scripts not checking menumode:
	SCPT(bolvynScript)
	SCPT(gardingScript)
	SCPT(varusVantiniusScript)
	SCPT(vivecArenaScript)
    [JUNKCEL] Junk Cells:                        Flags
	Bitter Coast Region (-12, 1)             0x02
	Bitter Coast Region (-12, 2)             0x02
	Bitter Coast Region (-12, 3)             0x02
	Bitter Coast Region (-13, 1)             0x02
	Bitter Coast Region (-13, 2)             0x02
	Bitter Coast Region (-13, 3)             0x02
	Bitter Coast Region (-13, 4)             0x02
	Bitter Coast Region (-14, 2)             0x02
	Bitter Coast Region (-14, 4)             0x02
	Bitter Coast Region (-14, 5)             0x02
	West Gash Region (-15, 7)                0x02
	West Gash Region (-16, 7)                0x02
	West Gash Region (-16, 8)                0x02
	Wilderness (-15, -8)                     0x02
	Wilderness (-19, 14)                     0x02
	Wilderness (-19, 15)                     0x02
	Wilderness (-20, 15)                     0x02
	Wilderness (-28, 24)                     0x02
	Wilderness (-29, 23)                     0x02
    [OVR-REC] Overridden Records:
	From Master         Type    Name
	morrowind.esm       PGRD    vivec, arena
	morrowind.esm       PGRD    vivec, foreign quarter
	morrowind.esm       PGRD    vivec, redoran
