Walkers of Morrowind.esp: DUP-REC JUNKCEL MISSVER OVR-REC
    [JUNKCEL] Junk Cells:                        Flags
	Ascadian Isles Region (-1, -4)           0x02
	Ascadian Isles Region (-1, -5)           0x02
	Ascadian Isles Region (-1, -6)           0x02
	Ascadian Isles Region (-1, -7)           0x02
	Ascadian Isles Region (-1, -8)           0x02
	Ascadian Isles Region (-2, -4)           0x02
	Ascadian Isles Region (-2, -5)           0x02
	Ascadian Isles Region (-2, -6)           0x02
	Ascadian Isles Region (-3, -5)           0x02
	Ascadian Isles Region (-3, -6)           0x02
	Ascadian Isles Region (-3, -7)           0x02
	Ascadian Isles Region (-4, -4)           0x02
	Ascadian Isles Region (-4, -5)           0x02
	Ascadian Isles Region (0, -4)            0x02
	Ascadian Isles Region (0, -9)            0x02
	Ascadian Isles Region (1, -10)           0x02
	Ascadian Isles Region (1, -12)           0x02
	Ascadian Isles Region (1, -4)            0x02
	Ascadian Isles Region (1, -9)            0x02
	Ascadian Isles Region (2, -14)           0x02
	Ascadian Isles Region (2, -4)            0x02
	Ascadian Isles Region (2, -5)            0x02
	Ascadian Isles Region (2, -8)            0x02
	Ascadian Isles Region (2, -9)            0x02
	Ascadian Isles Region (3, -5)            0x02
	Ascadian Isles Region (3, -6)            0x02
	Ascadian Isles Region (3, -8)            0x02
	Ascadian Isles Region (4, -5)            0x02
	Ascadian Isles Region (4, -6)            0x02
	Ascadian Isles Region (4, -8)            0x02
	Ascadian Isles Region (4, -9)            0x02
	Ascadian Isles Region (5, -6)            0x02
	Ascadian Isles Region (5, -8)            0x02
	Ascadian Isles Region (5, -9)            0x02
	Ascadian Isles Region (6, -10)           0x02
	Ascadian Isles Region (6, -11)           0x02
	Ascadian Isles Region (6, -12)           0x02
	Ascadian Isles Region (6, -8)            0x02
	Ashlands Region (-1, 13)                 0x02
	Ashlands Region (-1, 14)                 0x02
	Ashlands Region (-1, 15)                 0x02
	Ashlands Region (-1, 17)                 0x02
	Ashlands Region (-1, 5)                  0x02
	Ashlands Region (-2, 11)                 0x02
	Ashlands Region (-2, 12)                 0x02
	Ashlands Region (-2, 9)                  0x02
	Ashlands Region (-3, 10)                 0x02
	Ashlands Region (-3, 15)                 0x02
	Ashlands Region (-3, 16)                 0x02
	Ashlands Region (-3, 5)                  0x02
	Ashlands Region (-4, 10)                 0x02
	Ashlands Region (-4, 11)                 0x02
	Ashlands Region (-4, 12)                 0x02
	Ashlands Region (-4, 13)                 0x02
	Ashlands Region (-4, 14)                 0x02
	Ashlands Region (-4, 15)                 0x02
	Ashlands Region (-4, 16)                 0x02
	Ashlands Region (-4, 6)                  0x02
	Ashlands Region (-4, 7)                  0x02
	Ashlands Region (-5, 11)                 0x02
	Ashlands Region (-5, 12)                 0x02
	Ashlands Region (-5, 13)                 0x02
	Ashlands Region (-5, 14)                 0x02
	Ashlands Region (-5, 15)                 0x02
	Ashlands Region (-5, 16)                 0x02
	Ashlands Region (-5, 17)                 0x02
	Ashlands Region (-5, 8)                  0x02
	Ashlands Region (-6, 15)                 0x02
	Ashlands Region (-6, 16)                 0x02
	Ashlands Region (-6, 17)                 0x02
	Ashlands Region (0, -1)                  0x02
	Ashlands Region (0, 12)                  0x02
	Ashlands Region (0, 16)                  0x02
	Ashlands Region (0, 17)                  0x02
	Ashlands Region (0, 3)                   0x02
	Ashlands Region (0, 4)                   0x02
	Ashlands Region (0, 5)                   0x02
	Ashlands Region (0, 7)                   0x02
	Ashlands Region (0, 8)                   0x02
	Ashlands Region (1, -1)                  0x02
	Ashlands Region (1, 0)                   0x02
	Ashlands Region (1, 1)                   0x02
	Ashlands Region (1, 12)                  0x02
	Ashlands Region (1, 13)                  0x02
	Ashlands Region (1, 14)                  0x02
	Ashlands Region (1, 16)                  0x02
	Ashlands Region (1, 17)                  0x02
	Ashlands Region (1, 4)                   0x02
	Ashlands Region (2, 1)                   0x02
	Ashlands Region (2, 12)                  0x02
	Ashlands Region (2, 14)                  0x02
	Ashlands Region (2, 15)                  0x02
	Ashlands Region (2, 2)                   0x02
	Ashlands Region (3, 0)                   0x02
	Ashlands Region (3, 1)                   0x02
	Ashlands Region (3, 12)                  0x02
	Ashlands Region (3, 15)                  0x02
	Ashlands Region (3, 16)                  0x02
	Ashlands Region (3, 2)                   0x02
	Ashlands Region (4, 16)                  0x02
	Ashlands Region (4, 2)                   0x02
	Ashlands Region (4, 3)                   0x02
	Ashlands Region (5, 11)                  0x02
	Ashlands Region (5, 2)                   0x02
	Ashlands Region (5, 3)                   0x02
	Ashlands Region (5, 4)                   0x02
	Ashlands Region (5, 5)                   0x02
	Ashlands Region (6, 12)                  0x02
	Ashlands Region (6, 14)                  0x02
	Ashlands Region (6, 4)                   0x02
	Ashlands Region (6, 7)                   0x02
	Ashlands Region (7, 13)                  0x02
	Ashlands Region (7, 14)                  0x02
	Ashlands Region (7, 8)                   0x02
	Azura's Coast Region (11, -8)            0x02
	Azura's Coast Region (13, 9)             0x02
	Azura's Coast Region (15, -8)            0x02
	Azura's Coast Region (15, 2)             0x02
	Azura's Coast Region (16, -4)            0x02
	Azura's Coast Region (16, 5)             0x02
	Azura's Coast Region (17, -5)            0x02
	Azura's Coast Region (17, 0)             0x02
	Azura's Coast Region (18, -6)            0x02
	Azura's Coast Region (18, -8)            0x02
	Azura's Coast Region (19, 3)             0x02
	Bitter Coast Region (-1, -9)             0x02
	Bitter Coast Region (-2, -8)             0x02
	Bitter Coast Region (-3, -8)             0x02
	Bitter Coast Region (-4, -7)             0x02
	Bitter Coast Region (-5, -1)             0x02
	Bitter Coast Region (-5, -2)             0x02
	Bitter Coast Region (-5, -6)             0x02
	Bitter Coast Region (-5, 0)              0x02
	Bitter Coast Region (-5, 1)              0x02
	Bitter Coast Region (-5, 2)              0x02
	Bitter Coast Region (-6, -2)             0x02
	Bitter Coast Region (-6, -3)             0x02
	Bitter Coast Region (-6, -4)             0x02
	Bitter Coast Region (-6, -6)             0x02
	Bitter Coast Region (-6, 3)              0x02
	Bitter Coast Region (-7, -3)             0x02
	Bitter Coast Region (-7, 3)              0x02
	Bitter Coast Region (-7, 4)              0x02
	Bitter Coast Region (0, -10)             0x02
	Grazelands Region (10, 10)               0x02
	Grazelands Region (10, 12)               0x02
	Grazelands Region (10, 13)               0x02
	Grazelands Region (10, 15)               0x02
	Grazelands Region (10, 9)                0x02
	Grazelands Region (11, 13)               0x02
	Grazelands Region (11, 8)                0x02
	Grazelands Region (11, 9)                0x02
	Grazelands Region (12, 8)                0x02
	Grazelands Region (12, 9)                0x02
	Grazelands Region (13, 8)                0x02
	Grazelands Region (8, 10)                0x02
	Grazelands Region (8, 14)                0x02
	Grazelands Region (8, 16)                0x02
	Grazelands Region (8, 5)                 0x02
	Grazelands Region (9, 12)                0x02
	Grazelands Region (9, 13)                0x02
	Grazelands Region (9, 5)                 0x02
	Grazelands Region (9, 7)                 0x02
	Grazelands Region (9, 8)                 0x02
	Grazelands Region (9, 9)                 0x02
	Molag Mar Region (0, -2)                 0x02
	Molag Mar Region (1, -2)                 0x02
	Molag Mar Region (1, -3)                 0x02
	Molag Mar Region (10, -1)                0x02
	Molag Mar Region (10, -2)                0x02
	Molag Mar Region (10, -4)                0x02
	Molag Mar Region (10, -5)                0x02
	Molag Mar Region (10, -6)                0x02
	Molag Mar Region (10, 0)                 0x02
	Molag Mar Region (10, 2)                 0x02
	Molag Mar Region (10, 3)                 0x02
	Molag Mar Region (10, 4)                 0x02
	Molag Mar Region (11, -1)                0x02
	Molag Mar Region (11, -4)                0x02
	Molag Mar Region (11, 0)                 0x02
	Molag Mar Region (11, 1)                 0x02
	Molag Mar Region (11, 2)                 0x02
	Molag Mar Region (12, -1)                0x02
	Molag Mar Region (12, -2)                0x02
	Molag Mar Region (12, -3)                0x02
	Molag Mar Region (12, -4)                0x02
	Molag Mar Region (12, -6)                0x02
	Molag Mar Region (12, 0)                 0x02
	Molag Mar Region (12, 1)                 0x02
	Molag Mar Region (12, 2)                 0x02
	Molag Mar Region (13, -3)                0x02
	Molag Mar Region (13, -5)                0x02
	Molag Mar Region (13, -6)                0x02
	Molag Mar Region (13, 0)                 0x02
	Molag Mar Region (14, -3)                0x02
	Molag Mar Region (14, -5)                0x02
	Molag Mar Region (14, -6)                0x02
	Molag Mar Region (15, -5)                0x02
	Molag Mar Region (2, -2)                 0x02
	Molag Mar Region (3, -1)                 0x02
	Molag Mar Region (3, -2)                 0x02
	Molag Mar Region (3, -3)                 0x02
	Molag Mar Region (4, -1)                 0x02
	Molag Mar Region (4, -2)                 0x02
	Molag Mar Region (4, 0)                  0x02
	Molag Mar Region (5, -1)                 0x02
	Molag Mar Region (5, -2)                 0x02
	Molag Mar Region (5, 0)                  0x02
	Molag Mar Region (6, -3)                 0x02
	Molag Mar Region (6, -4)                 0x02
	Molag Mar Region (7, -1)                 0x02
	Molag Mar Region (7, -2)                 0x02
	Molag Mar Region (7, -3)                 0x02
	Molag Mar Region (7, -4)                 0x02
	Molag Mar Region (7, -5)                 0x02
	Molag Mar Region (7, -8)                 0x02
	Molag Mar Region (7, 0)                  0x02
	Molag Mar Region (7, 2)                  0x02
	Molag Mar Region (8, -1)                 0x02
	Molag Mar Region (8, -2)                 0x02
	Molag Mar Region (8, -3)                 0x02
	Molag Mar Region (8, -4)                 0x02
	Molag Mar Region (8, -5)                 0x02
	Molag Mar Region (8, -6)                 0x02
	Molag Mar Region (8, -8)                 0x02
	Molag Mar Region (8, 1)                  0x02
	Molag Mar Region (8, 2)                  0x02
	Molag Mar Region (8, 3)                  0x02
	Molag Mar Region (8, 4)                  0x02
	Molag Mar Region (9, -1)                 0x02
	Molag Mar Region (9, -2)                 0x02
	Molag Mar Region (9, -3)                 0x02
	Molag Mar Region (9, -5)                 0x02
	Molag Mar Region (9, -6)                 0x02
	Molag Mar Region (9, 0)                  0x02
	Molag Mar Region (9, 1)                  0x02
	Molag Mar Region (9, 2)                  0x02
	Molag Mar Region (9, 3)                  0x02
	Molag Mar Region (9, 4)                  0x02
	Red Mountain Region (-1, 10)             0x02
	Red Mountain Region (-1, 9)              0x02
	Red Mountain Region (-2, 10)             0x02
	Red Mountain Region (1, 10)              0x02
	Red Mountain Region (1, 7)               0x02
	Red Mountain Region (1, 8)               0x02
	Red Mountain Region (1, 9)               0x02
	Red Mountain Region (2, 11)              0x02
	Red Mountain Region (2, 9)               0x02
	Red Mountain Region (3, 11)              0x02
	Red Mountain Region (3, 8)               0x02
	Red Mountain Region (3, 9)               0x02
	Red Mountain Region (4, 10)              0x02
	Red Mountain Region (4, 11)              0x02
	Red Mountain Region (4, 8)               0x02
	Red Mountain Region (5, 10)              0x02
	Red Mountain Region (5, 8)               0x02
	Red Mountain Region (5, 9)               0x02
	Sheogorad (-1, 20)                       0x02
	Sheogorad (-2, 20)                       0x02
	Sheogorad (-2, 21)                       0x02
	Sheogorad (-3, 21)                       0x02
	Sheogorad (0, 20)                        0x02
	Sheogorad (2, 19)                        0x02
	Sheogorad (2, 21)                        0x02
	Sheogorad (3, 21)                        0x02
	Sheogorad (4, 19)                        0x02
	Sheogorad (4, 21)                        0x02
	Sheogorad (5, 19)                        0x02
	Sheogorad (5, 20)                        0x02
	Sheogorad (5, 21)                        0x02
	Sheogorad (6, 19)                        0x02
	Sheogorad (6, 20)                        0x02
	Sheogorad (7, 20)                        0x02
	Sheogorad (8, 20)                        0x02
	Sheogorad (8, 21)                        0x02
	West Gash Region (-1, -1)                0x02
	West Gash Region (-1, -2)                0x02
	West Gash Region (-10, 10)               0x02
	West Gash Region (-10, 12)               0x02
	West Gash Region (-10, 13)               0x02
	West Gash Region (-10, 14)               0x02
	West Gash Region (-11, 13)               0x02
	West Gash Region (-12, 11)               0x02
	West Gash Region (-12, 12)               0x02
	West Gash Region (-12, 13)               0x02
	West Gash Region (-12, 14)               0x02
	West Gash Region (-13, 12)               0x02
	West Gash Region (-13, 13)               0x02
	West Gash Region (-13, 14)               0x02
	West Gash Region (-2, -1)                0x02
	West Gash Region (-2, -3)                0x02
	West Gash Region (-2, 1)                 0x02
	West Gash Region (-3, 3)                 0x02
	West Gash Region (-3, 4)                 0x02
	West Gash Region (-4, 2)                 0x02
	West Gash Region (-4, 3)                 0x02
	West Gash Region (-4, 4)                 0x02
	West Gash Region (-5, 4)                 0x02
	West Gash Region (-5, 6)                 0x02
	West Gash Region (-5, 7)                 0x02
	West Gash Region (-6, 10)                0x02
	West Gash Region (-6, 4)                 0x02
	West Gash Region (-6, 5)                 0x02
	West Gash Region (-6, 6)                 0x02
	West Gash Region (-6, 7)                 0x02
	West Gash Region (-7, 10)                0x02
	West Gash Region (-7, 11)                0x02
	West Gash Region (-7, 14)                0x02
	West Gash Region (-7, 15)                0x02
	West Gash Region (-7, 17)                0x02
	West Gash Region (-7, 5)                 0x02
	West Gash Region (-7, 7)                 0x02
	West Gash Region (-7, 9)                 0x02
	West Gash Region (-8, 10)                0x02
	West Gash Region (-8, 11)                0x02
	West Gash Region (-8, 12)                0x02
	West Gash Region (-8, 13)                0x02
	West Gash Region (-8, 14)                0x02
	West Gash Region (-8, 15)                0x02
	West Gash Region (-8, 16)                0x02
	West Gash Region (-8, 7)                 0x02
	West Gash Region (-8, 8)                 0x02
	West Gash Region (-9, 10)                0x02
	West Gash Region (-9, 11)                0x02
	West Gash Region (-9, 13)                0x02
	West Gash Region (-9, 14)                0x02
	West Gash Region (-9, 15)                0x02
	West Gash Region (-9, 7)                 0x02
	West Gash Region (-9, 8)                 0x02
	West Gash Region (-9, 9)                 0x02
    [OVR-REC] Overridden Records:
	From Master         Type    Name
	morrowind.esm       NPC_    abibaal assillariran
	morrowind.esm       NPC_    ansu senatbael
	morrowind.esm       NPC_    antu assarrimisun
	morrowind.esm       NPC_    athanden girith
	morrowind.esm       NPC_    berapli ashumallit
	morrowind.esm       NPC_    bugharz gro-ular
	morrowind.esm       NPC_    dakin kuntarnammu
	morrowind.esm       NPC_    din
	morrowind.esm       NPC_    fjol
	morrowind.esm       NPC_    fonus rathryon
	morrowind.esm       NPC_    glob gra-ghasharzol
	morrowind.esm       NPC_    hibaddar ilath-pal
	morrowind.esm       NPC_    hlormar wine-sot
	morrowind.esm       NPC_    leles birian
	morrowind.esm       NPC_    mamaea ashun-idantus
	morrowind.esm       NPC_    mamaea ularshanentus
	morrowind.esm       NPC_    manirai mirshamammu
	morrowind.esm       NPC_    maurrie aurmine
	morrowind.esm       NPC_    mimanu zeba-adad
	morrowind.esm       NPC_    murzol gro-ulfimph
	morrowind.esm       NPC_    nels llendo
	morrowind.esm       NPC_    nevrasa dralor
	morrowind.esm       NPC_    nund assurnipilu
	morrowind.esm       NPC_    paur maston
	morrowind.esm       NPC_    pemenie
	morrowind.esm       NPC_    pilun ashapaladdon
	morrowind.esm       NPC_    raishi erarbadon
	morrowind.esm       NPC_    rasha
	morrowind.esm       NPC_    salmat elarrapal
	morrowind.esm       NPC_    salmus kaushmamanu
	morrowind.esm       NPC_    selk muddumummu
	morrowind.esm       NPC_    shali assannabalit
	morrowind.esm       NPC_    shanit ashar-don
	morrowind.esm       NPC_    shargon odin-ahhe
	morrowind.esm       NPC_    shinammu radansour
	morrowind.esm       NPC_    shishi yanumibaal
	morrowind.esm       NPC_    shullay malman-ammu
	morrowind.esm       NPC_    tinos drothan
	morrowind.esm       NPC_    tul
	morrowind.esm       NPC_    urzog gro-shadbuk
	morrowind.esm       NPC_    yassour hairshumusa
	morrowind.esm       NPC_    yenabi laserbillahemmi
	morrowind.esm       NPC_    zabi adidshina
	morrowind.esm       NPC_    zelaku assarrapanat
	morrowind.esm       PGRD    ald sotha
	morrowind.esm       PGRD    ald-ruhn
	morrowind.esm       PGRD    ascadian isles region
	morrowind.esm       PGRD    ashlands region
	morrowind.esm       PGRD    azura's coast region
	morrowind.esm       PGRD    bal isra
	morrowind.esm       PGRD    balmora
	morrowind.esm       PGRD    bitter coast region
	morrowind.esm       PGRD    buckmoth legion fort
	morrowind.esm       PGRD    caldera
	morrowind.esm       PGRD    gnisis
	morrowind.esm       PGRD    grazelands region
	morrowind.esm       PGRD    hla oad
	morrowind.esm       PGRD    khuul
	morrowind.esm       PGRD    kogoruhn
	morrowind.esm       PGRD    molag amur region
	morrowind.esm       PGRD    molag mar
	morrowind.esm       PGRD    moonmoth legion fort
	morrowind.esm       PGRD    pelagiad
	morrowind.esm       PGRD    red mountain region
	morrowind.esm       PGRD    sheogorad region
	morrowind.esm       PGRD    suran
	morrowind.esm       PGRD    urshilaku camp
	morrowind.esm       PGRD    uvirith's grave
	morrowind.esm       PGRD    vivec
	morrowind.esm       PGRD    vivec, hlaalu
	morrowind.esm       PGRD    west gash region
	morrowind.esm       PGRD    zainab camp
