Wares_lists_TD.ESP: DUP-REC MASTERS MISSVER OVR-REC
    MASTERS: out of sync with the masters installed in your Data Files directory:
	Tamriel_Data.esm            10684550 (plugin)   11064795 (installed size)
	Wares-base.esm                299850 (plugin)      82499 (installed size)
    [OVR-REC] Overridden Records:
	From Master         Type    Name
	morrowind.esm       FACT    imperial cult
	wares-base.esm      LEVI    aa_gear_arrow_best
	wares-base.esm      LEVI    aa_gear_arrow_cheap
	wares-base.esm      LEVI    aa_gear_ash_pants
	wares-base.esm      LEVI    aa_gear_ash_shirts
	wares-base.esm      LEVI    aa_gear_ax_best
	wares-base.esm      LEVI    aa_gear_ax_cheap
	wares-base.esm      LEVI    aa_gear_ax_cheap_ench
	wares-base.esm      LEVI    aa_gear_bl_best
	wares-base.esm      LEVI    aa_gear_bl_cheap
	wares-base.esm      LEVI    aa_gear_bl_cheap_ench
	wares-base.esm      LEVI    aa_gear_block_best
	wares-base.esm      LEVI    aa_gear_block_cheap
	wares-base.esm      LEVI    aa_gear_block_cheap_ench
	wares-base.esm      LEVI    aa_gear_boots_h_best
	wares-base.esm      LEVI    aa_gear_boots_h_cheap
	wares-base.esm      LEVI    aa_gear_boots_l_best
	wares-base.esm      LEVI    aa_gear_boots_l_cheap
	wares-base.esm      LEVI    aa_gear_boots_m_best
	wares-base.esm      LEVI    aa_gear_boots_m_cheap
	wares-base.esm      LEVI    aa_gear_bow_best
	wares-base.esm      LEVI    aa_gear_bow_cheap_ench
	wares-base.esm      LEVI    aa_gear_com_pants
	wares-base.esm      LEVI    aa_gear_com_robe
	wares-base.esm      LEVI    aa_gear_com_shirt
	wares-base.esm      LEVI    aa_gear_com_shirt_travel
	wares-base.esm      LEVI    aa_gear_com_shoes
	wares-base.esm      LEVI    aa_gear_com_skirts
	wares-base.esm      LEVI    aa_gear_com_skirts_commoner
	wares-base.esm      LEVI    aa_gear_cuir_h_best
	wares-base.esm      LEVI    aa_gear_cuir_h_cheap
	wares-base.esm      LEVI    aa_gear_cuir_l_best
	wares-base.esm      LEVI    aa_gear_cuir_l_cheap
	wares-base.esm      LEVI    aa_gear_cuir_m_best
	wares-base.esm      LEVI    aa_gear_cuir_m_cheap
	wares-base.esm      LEVI    aa_gear_exp_pants
	wares-base.esm      LEVI    aa_gear_exp_robes
	wares-base.esm      LEVI    aa_gear_exp_robes_nobe_f
	wares-base.esm      LEVI    aa_gear_exp_robes_nobe_m
	wares-base.esm      LEVI    aa_gear_exp_shirts
	wares-base.esm      LEVI    aa_gear_exp_shoes
	wares-base.esm      LEVI    aa_gear_exp_skirts
	wares-base.esm      LEVI    aa_gear_exp_skirts_noble
	wares-base.esm      LEVI    aa_gear_greav_h_best
	wares-base.esm      LEVI    aa_gear_greav_h_cheap
	wares-base.esm      LEVI    aa_gear_greav_l_best
	wares-base.esm      LEVI    aa_gear_greav_l_cheap
	wares-base.esm      LEVI    aa_gear_greav_m_best
	wares-base.esm      LEVI    aa_gear_greav_m_cheap
	wares-base.esm      LEVI    aa_gear_helm_h_best
	wares-base.esm      LEVI    aa_gear_helm_h_cheap
	wares-base.esm      LEVI    aa_gear_helm_l_best
	wares-base.esm      LEVI    aa_gear_helm_l_cheap
	wares-base.esm      LEVI    aa_gear_helm_m_best
	wares-base.esm      LEVI    aa_gear_helm_m_cheap
	wares-base.esm      LEVI    aa_gear_lb_best
	wares-base.esm      LEVI    aa_gear_lb_cheap
	wares-base.esm      LEVI    aa_gear_lb_cheap_ench
	wares-base.esm      LEVI    aa_gear_lpaul_h_best
	wares-base.esm      LEVI    aa_gear_lpaul_h_cheap
	wares-base.esm      LEVI    aa_gear_lpaul_l_best
	wares-base.esm      LEVI    aa_gear_lpaul_l_cheap
	wares-base.esm      LEVI    aa_gear_lpaul_m_best
	wares-base.esm      LEVI    aa_gear_lpaul_m_cheap
	wares-base.esm      LEVI    aa_gear_mrks_best
	wares-base.esm      LEVI    aa_gear_mrks_cheap
	wares-base.esm      LEVI    aa_gear_mrks_cheap_ench
	wares-base.esm      LEVI    aa_gear_rpaul_h_best
	wares-base.esm      LEVI    aa_gear_rpaul_h_cheap
	wares-base.esm      LEVI    aa_gear_rpaul_l_best
	wares-base.esm      LEVI    aa_gear_rpaul_l_cheap
	wares-base.esm      LEVI    aa_gear_rpaul_m_best
	wares-base.esm      LEVI    aa_gear_rpaul_m_cheap
	wares-base.esm      LEVI    aa_gear_sb_best
	wares-base.esm      LEVI    aa_gear_sb_cheap
	wares-base.esm      LEVI    aa_gear_sb_cheap_ench
	wares-base.esm      LEVI    aa_gear_spear_best
	wares-base.esm      LEVI    aa_gear_spear_cheap
	wares-base.esm      LEVI    aa_gear_spear_cheap_ench
	wares-base.esm      LEVI    aa_gear_sta_best
	wares-base.esm      LEVI    aa_gear_sta_cheap
	wares-base.esm      LEVI    aa_gear_sta_cheap_ench
	wares-base.esm      LEVI    aa_loot_alchie
	wares-base.esm      LEVI    aa_loot_barbarian
	wares-base.esm      LEVI    aa_loot_bard
	wares-base.esm      LEVI    aa_loot_clothier
	wares-base.esm      LEVI    aa_loot_common
	wares-base.esm      LEVI    aa_loot_cook
	wares-base.esm      LEVI    aa_loot_farmer
	wares-base.esm      LEVI    aa_loot_fisherman
	wares-base.esm      LEVI    aa_loot_gardener
	wares-base.esm      LEVI    aa_loot_mage
	wares-base.esm      LEVI    aa_loot_necro
	wares-base.esm      LEVI    aa_loot_priest
	wares-base.esm      LEVI    aa_loot_rogue
	wares-base.esm      LEVI    aa_loot_scarv
	wares-base.esm      LEVI    aa_loot_scout
	wares-base.esm      LEVI    aa_loot_scribe
	wares-base.esm      LEVI    aa_loot_smith
	wares-base.esm      LEVI    aa_loot_thief
	wares-base.esm      LEVI    aa_loot_warr
	wares-base.esm      LEVI    aa_race_dunmer
	wares-base.esm      LEVI    aa_race_imp
	wares-base.esm      LEVI    aa_race_khjt
	wares-base.esm      LEVI    aa_trader_bread
	wares-base.esm      LEVI    aa_trader_f_legion
	wares-base.esm      LEVI    aa_trader_f_redo
	wares-base.esm      LEVI    aa_trader_f_telv
	wares-base.esm      LEVI    aa_trader_f_temple
	wares-base.esm      LEVI    aa_trader_gems
