Wares_PC_npcs.esp: DUP-REC MASTERS MISSVER OVR-REC
    MASTERS: out of sync with the masters installed in your Data Files directory:
	Tamriel_Data.esm            10684550 (plugin)   11064795 (installed size)
	Wares-base.esm                299850 (plugin)      82499 (installed size)
    [OVR-REC] Overridden Records:
	From Master         Type    Name
	cyr_main.esm        NPC_    pc_1-str_mira
	cyr_main.esm        NPC_    pc_dead highwayman 01
	cyr_main.esm        NPC_    pc_dead highwayman 02
	cyr_main.esm        NPC_    pc_i1-str_adessatragia
	cyr_main.esm        NPC_    pc_i1-str_aenais
	cyr_main.esm        NPC_    pc_i1-str_aistillin
	cyr_main.esm        NPC_    pc_i1-str_an-amir
	cyr_main.esm        NPC_    pc_i1-str_aro abecinnus
	cyr_main.esm        NPC_    pc_i1-str_asharib
	cyr_main.esm        NPC_    pc_i1-str_astoriahelvor
	cyr_main.esm        NPC_    pc_i1-str_bernado
	cyr_main.esm        NPC_    pc_i1-str_bernd
	cyr_main.esm        NPC_    pc_i1-str_bjoern
	cyr_main.esm        NPC_    pc_i1-str_bodan
	cyr_main.esm        NPC_    pc_i1-str_calmanwe
	cyr_main.esm        NPC_    pc_i1-str_caspus
	cyr_main.esm        NPC_    pc_i1-str_charles
	cyr_main.esm        NPC_    pc_i1-str_cocious
	cyr_main.esm        NPC_    pc_i1-str_corella jacta
	cyr_main.esm        NPC_    pc_i1-str_dandre
	cyr_main.esm        NPC_    pc_i1-str_durar gro-bel
	cyr_main.esm        NPC_    pc_i1-str_edwyn
	cyr_main.esm        NPC_    pc_i1-str_eponis
	cyr_main.esm        NPC_    pc_i1-str_ereldor
	cyr_main.esm        NPC_    pc_i1-str_estarria
	cyr_main.esm        NPC_    pc_i1-str_fennias maxim
	cyr_main.esm        NPC_    pc_i1-str_frolix 
	cyr_main.esm        NPC_    pc_i1-str_gaius tragia
	cyr_main.esm        NPC_    pc_i1-str_gam-dar
	cyr_main.esm        NPC_    pc_i1-str_geval
	cyr_main.esm        NPC_    pc_i1-str_gracchus
	cyr_main.esm        NPC_    pc_i1-str_gree-dar
	cyr_main.esm        NPC_    pc_i1-str_haki
	cyr_main.esm        NPC_    pc_i1-str_henrietta
	cyr_main.esm        NPC_    pc_i1-str_hesta alleus
	cyr_main.esm        NPC_    pc_i1-str_iarnu
	cyr_main.esm        NPC_    pc_i1-str_irbrand
	cyr_main.esm        NPC_    pc_i1-str_jafan
	cyr_main.esm        NPC_    pc_i1-str_jibras
	cyr_main.esm        NPC_    pc_i1-str_joclyn
	cyr_main.esm        NPC_    pc_i1-str_jonuni
	cyr_main.esm        NPC_    pc_i1-str_josanthamaxim
	cyr_main.esm        NPC_    pc_i1-str_josette
	cyr_main.esm        NPC_    pc_i1-str_kjoric
	cyr_main.esm        NPC_    pc_i1-str_laurentina
	cyr_main.esm        NPC_    pc_i1-str_ledaia
	cyr_main.esm        NPC_    pc_i1-str_leonde esdrec
	cyr_main.esm        NPC_    pc_i1-str_llaldir
	cyr_main.esm        NPC_    pc_i1-str_llegin
	cyr_main.esm        NPC_    pc_i1-str_lucillaconina
	cyr_main.esm        NPC_    pc_i1-str_lysandra
	cyr_main.esm        NPC_    pc_i1-str_maellin
	cyr_main.esm        NPC_    pc_i1-str_malik
	cyr_main.esm        NPC_    pc_i1-str_maraquillan
	cyr_main.esm        NPC_    pc_i1-str_marinaalleus
	cyr_main.esm        NPC_    pc_i1-str_martina
	cyr_main.esm        NPC_    pc_i1-str_nelslellu
	cyr_main.esm        NPC_    pc_i1-str_nessaconina
	cyr_main.esm        NPC_    pc_i1-str_octavio
	cyr_main.esm        NPC_    pc_i1-str_ola clodius
	cyr_main.esm        NPC_    pc_i1-str_pella verus
	cyr_main.esm        NPC_    pc_i1-str_procis
	cyr_main.esm        NPC_    pc_i1-str_quintus
	cyr_main.esm        NPC_    pc_i1-str_reasaia
	cyr_main.esm        NPC_    pc_i1-str_s'dato
	cyr_main.esm        NPC_    pc_i1-str_salvan llethi
	cyr_main.esm        NPC_    pc_i1-str_seguri
	cyr_main.esm        NPC_    pc_i1-str_sergio
	cyr_main.esm        NPC_    pc_i1-str_severin
	cyr_main.esm        NPC_    pc_i1-str_sharli
	cyr_main.esm        NPC_    pc_i1-str_shra
	cyr_main.esm        NPC_    pc_i1-str_silvia
	cyr_main.esm        NPC_    pc_i1-str_sophiatragia
	cyr_main.esm        NPC_    pc_i1-str_sylori
	cyr_main.esm        NPC_    pc_i1-str_syro neminus
	cyr_main.esm        NPC_    pc_i1-str_tellius
	cyr_main.esm        NPC_    pc_i1-str_theseus
	cyr_main.esm        NPC_    pc_i1-str_tobba
	cyr_main.esm        NPC_    pc_i1-str_tynellion
	cyr_main.esm        NPC_    pc_i1-str_valdra
	cyr_main.esm        NPC_    pc_i1-str_vantus
	cyr_main.esm        NPC_    pc_i1-str_varian tragia
	cyr_main.esm        NPC_    pc_i1-str_vestus aeolus
	cyr_main.esm        NPC_    pc_i1-str_victus
	cyr_main.esm        NPC_    pc_i1-str_vilinahelvor
	cyr_main.esm        NPC_    pc_i1-str_volrine wael
	cyr_main.esm        NPC_    pc_m1-stirk_dead_guard
	cyr_main.esm        NPC_    pc_q1_str05_vilter
	cyr_main.esm        NPC_    pc_str_victusmerc
	cyr_main.esm        NPC_    pc_str_victusmerc_wandr
	cyr_main.esm        NPC_    pc_x0_vva_tituscorilex
	cyr_main.esm        NPC_    pc_x1-str_adraria
	cyr_main.esm        NPC_    pc_x1-str_anik
	cyr_main.esm        NPC_    pc_x1-str_ashamti
	cyr_main.esm        NPC_    pc_x1-str_baranch
	cyr_main.esm        NPC_    pc_x1-str_benedrin
	cyr_main.esm        NPC_    pc_x1-str_birdwhistles
	cyr_main.esm        NPC_    pc_x1-str_bureth
	cyr_main.esm        NPC_    pc_x1-str_dimas fellix
	cyr_main.esm        NPC_    pc_x1-str_durna
	cyr_main.esm        NPC_    pc_x1-str_earmionre
	cyr_main.esm        NPC_    pc_x1-str_fulvius
	cyr_main.esm        NPC_    pc_x1-str_haron
	cyr_main.esm        NPC_    pc_x1-str_jo'ra ra
	cyr_main.esm        NPC_    pc_x1-str_kayd
	cyr_main.esm        NPC_    pc_x1-str_marnicius
	cyr_main.esm        NPC_    pc_x1-str_muribus
	cyr_main.esm        NPC_    pc_x1-str_negdal
	cyr_main.esm        NPC_    pc_x1-str_quintex
	cyr_main.esm        NPC_    pc_x1-str_restia
	cyr_main.esm        NPC_    pc_x1-str_skjold
	cyr_main.esm        NPC_    pc_x1-str_ticerdo
	cyr_main.esm        NPC_    pc_x1-str_valanyra
	cyr_main.esm        NPC_    pc_x1-str_vilsa
