Wares_VV_containers.ESP: DUP-REC MASTERS MISSVER OVR-REC
    MASTERS: out of sync with the masters installed in your Data Files directory:
	Wares-base.esm                299850 (plugin)      82499 (installed size)
    [OVR-REC] Overridden Records:
	From Master         Type    Name
	bloodmoon.esm       CONT    barrel_01_arrows
	bloodmoon.esm       CONT    barrel_02_pants
	bloodmoon.esm       CONT    bm_chest_eddard_02
	bloodmoon.esm       CONT    bm_chest_eddard_03
	bloodmoon.esm       CONT    bm_chest_piratetreasure
	bloodmoon.esm       CONT    bm_cupboard_clothes
	bloodmoon.esm       CONT    bm_scroll_chest
	bloodmoon.esm       CONT    chest_small_01_ironarw
	bloodmoon.esm       CONT    com_chest_02_misc01
	bloodmoon.esm       CONT    com_chest_02_misc06
	bloodmoon.esm       CONT    com_chest_02_v_armor04
	bloodmoon.esm       CONT    com_chest_02_v_weapon08
	bloodmoon.esm       CONT    com_chest_bm_armor_01
	bloodmoon.esm       CONT    com_chest_bm_armor_02
	bloodmoon.esm       CONT    com_chest_gustav
	bloodmoon.esm       CONT    com_sack_01_colony
	bloodmoon.esm       CONT    com_sack_02_colony
	bloodmoon.esm       CONT    contain_bm_fakerock
	bloodmoon.esm       CONT    contain_corpse_fjalding
	bloodmoon.esm       CONT    contain_corpse_thief1
	bloodmoon.esm       CONT    contain_corpse_thief2
	bloodmoon.esm       CONT    crate_01_imp_weapons
	bloodmoon.esm       CONT    crate_01_iron_weapons2
	bloodmoon.esm       CONT    crate_01_steel_armor
	bloodmoon.esm       CONT    crate_01_vivec_fg
	bloodmoon.esm       CONT    de_drawers_02_fcommonde
	morrowind.esm       CONT    barrel_01_ashyams
	morrowind.esm       CONT    barrel_01_manicky
	morrowind.esm       CONT    barrel_01_moonsugar
	morrowind.esm       CONT    barrel_02_shoes
	morrowind.esm       CONT    barrel_ic25_jon_hawker
	morrowind.esm       CONT    barrel_pants
	morrowind.esm       CONT    barrel_shoes
	morrowind.esm       CONT    chargen_crate_01_misc01
	morrowind.esm       CONT    chest_andrano00
	morrowind.esm       CONT    chest_andrano01
	morrowind.esm       CONT    chest_goris
	morrowind.esm       CONT    chest_small_01_maren
	morrowind.esm       CONT    chest_small_01_miliehas
	morrowind.esm       CONT    chest_small_02_diamonds
	morrowind.esm       CONT    chest_small_02_ingfine4
	morrowind.esm       CONT    chest_small_02_nalcarya
	morrowind.esm       CONT    chest_small_dren
	morrowind.esm       CONT    chest_small_mororurg
	morrowind.esm       CONT    chest_small_mororurg2
	morrowind.esm       CONT    chest_tomb_andrano02
	morrowind.esm       CONT    chest_tomb_andrano03
	morrowind.esm       CONT    chest_tomb_gladroon
	morrowind.esm       CONT    chest_tomb_gladroon2
	morrowind.esm       CONT    chest_tomb_sandas
	morrowind.esm       CONT    com_basket_01_chpfood
	morrowind.esm       CONT    com_basket_01_falanaamo
	morrowind.esm       CONT    com_basket_arille's
	morrowind.esm       CONT    com_chest_01_alfhedil
	morrowind.esm       CONT    com_chest_01_arrows
	morrowind.esm       CONT    com_chest_01_misc01
	morrowind.esm       CONT    com_chest_01_misc02
	morrowind.esm       CONT    com_chest_01_misc03
	morrowind.esm       CONT    com_chest_02_imp_arms
	morrowind.esm       CONT    com_chest_02_lucretinau
	morrowind.esm       CONT    com_chest_02_misc05
	morrowind.esm       CONT    com_chest_02_misc07
	morrowind.esm       CONT    com_chest_02_misc10
	morrowind.esm       CONT    com_chest_02_v_armor01
	morrowind.esm       CONT    com_chest_02_v_armor02
	morrowind.esm       CONT    com_chest_02_v_armor03
	morrowind.esm       CONT    com_chest_02_v_armor05
	morrowind.esm       CONT    com_chest_02_v_armor06
	morrowind.esm       CONT    com_chest_02_v_armor08
	morrowind.esm       CONT    com_chest_02_v_armor10
	morrowind.esm       CONT    com_chest_02_v_armor11
	morrowind.esm       CONT    com_chest_02_v_clanler
	morrowind.esm       CONT    com_chest_02_v_fonas
	morrowind.esm       CONT    com_chest_02_v_shadbak
	morrowind.esm       CONT    com_chest_02_v_weapon01
	morrowind.esm       CONT    com_chest_02_v_weapon02
	morrowind.esm       CONT    com_chest_02_v_weapon03
	morrowind.esm       CONT    com_chest_02_v_weapon04
	morrowind.esm       CONT    com_chest_02_v_weapon06
	morrowind.esm       CONT    com_chest_02_v_weapon07
	morrowind.esm       CONT    com_chest_02_v_weapon09
	morrowind.esm       CONT    com_chest_02_weap_12_ir
	morrowind.esm       CONT    com_chest_02_weap_12_ot
	morrowind.esm       CONT    com_chest_11_clothing
	morrowind.esm       CONT    com_chest_11_pellecia a
	morrowind.esm       CONT    com_chest_11_tanarlervi
	morrowind.esm       CONT    com_closet_01_expclothe
	morrowind.esm       CONT    com_closet_01_fg
	morrowind.esm       CONT    com_closet_01_g1
	morrowind.esm       CONT    com_closet_01_jeanne
	morrowind.esm       CONT    com_closet_01_odralhelv
	morrowind.esm       CONT    com_drawers_01_expcloth
	morrowind.esm       CONT    com_drawers_01_g1
	morrowind.esm       CONT    com_hutch_01_g1
	morrowind.esm       CONT    contain_corpse_indie
	morrowind.esm       CONT    contain_corpse_nord
	morrowind.esm       CONT    contain_corpse_pop00
	morrowind.esm       CONT    contain_corpse_saloth00
	morrowind.esm       CONT    contain_corpse_saloth10
	morrowind.esm       CONT    contain_linus_iulus
	morrowind.esm       CONT    contain_releth_corpse00
	morrowind.esm       CONT    crate_01_anruin
	morrowind.esm       CONT    crate_01_armorbonemold_
	morrowind.esm       CONT    crate_01_armorchitin_me
	morrowind.esm       CONT    crate_01_eggs
	morrowind.esm       CONT    crate_01_eggs10
	morrowind.esm       CONT    crate_01_falanaamo
	morrowind.esm       CONT    crate_01_ghorak
	morrowind.esm       CONT    crate_01_ghorak2
	morrowind.esm       CONT    crate_01_greidil
	morrowind.esm       CONT    crate_01_imp_weaponsmul
	morrowind.esm       CONT    crate_01_medernulen1
	morrowind.esm       CONT    crate_01_medernulen2
	morrowind.esm       CONT    crate_01_misc01
	morrowind.esm       CONT    crate_01_silver_weapons
	morrowind.esm       CONT    crate_01_syloreia
	morrowind.esm       CONT    crate_01_syloreia2
	morrowind.esm       CONT    crate_01_v_ralentilvur
	morrowind.esm       CONT    crate_02_abebaal
	morrowind.esm       CONT    crate_02_balenandrano
	morrowind.esm       CONT    crate_02_lagius
	morrowind.esm       CONT    crate_02_thorek_longswo
	morrowind.esm       CONT    crate_02_thorek_shortsw
	morrowind.esm       CONT    de_drawers_02_fclothes9
	morrowind.esm       CONT    de_drawers_02_mcommonde
	morrowind.esm       CONT    de_drawers_02_miungei1
	morrowind.esm       CONT    de_drawers_02_navilies
	morrowind.esm       CONT    de_drawers_divayth00
	morrowind.esm       CONT    de_drawers_helvi
	morrowind.esm       CONT    de_p_chest_02_aldreday
	morrowind.esm       CONT    de_p_chest_02_aryne
	morrowind.esm       CONT    de_p_chest_02_arynioret
	morrowind.esm       CONT    de_p_chest_02_caius
	morrowind.esm       CONT    de_p_chest_02_darvan hl
	morrowind.esm       CONT    de_p_chest_02_dralor
	morrowind.esm       CONT    de_p_chest_02_helvi
	morrowind.esm       CONT    de_p_chest_02_meldor
	morrowind.esm       CONT    de_p_chest_02_tmguards
	morrowind.esm       CONT    de_p_chest_02_verethi
	morrowind.esm       CONT    de_p_chest_percius_02
	morrowind.esm       CONT    de_p_closet_02_de_robes
	morrowind.esm       CONT    de_p_closet_02_elegnan
	morrowind.esm       CONT    de_p_closet_02_fara
	morrowind.esm       CONT    de_p_closet_02_g1
	morrowind.esm       CONT    de_p_closet_02_mguild
	morrowind.esm       CONT    de_p_closet_02_mollimo
	morrowind.esm       CONT    de_p_closet_02_navilies
	morrowind.esm       CONT    de_p_closet_dren
	morrowind.esm       CONT    de_p_desk_01_bildren
	morrowind.esm       CONT    de_p_desk_hlevala
	morrowind.esm       CONT    de_p_desk_prison
	morrowind.esm       CONT    de_r_chest_01_cienne2
	morrowind.esm       CONT    de_r_chest_01_sm_gatewy
	morrowind.esm       CONT    de_r_chest_bolayn
	morrowind.esm       CONT    de_r_closet_01_arobar01
	morrowind.esm       CONT    de_r_closet_01_arobar02
	morrowind.esm       CONT    de_r_closet_01_bivalet1
	morrowind.esm       CONT    de_r_closet_01_g1
	morrowind.esm       CONT    de_r_closet_01_malpeni1
	morrowind.esm       CONT    de_r_closet_01_ondres n
	morrowind.esm       CONT    de_r_closet_01_tuveso1
	morrowind.esm       CONT    de_r_closet_bagarn
	morrowind.esm       CONT    de_r_drawers_01_malpen1
	morrowind.esm       CONT    de_r_drawers_01_mevure
	morrowind.esm       CONT    de_r_drawers_01_ondres 
	morrowind.esm       CONT    duke_wardrobe
	morrowind.esm       CONT    dwrv_chest00_areas
	morrowind.esm       CONT    dwrv_chest00_arenara1
	morrowind.esm       CONT    dwrv_chest00_arenara2
	morrowind.esm       CONT    dwrv_chest00_kjeld
	morrowind.esm       CONT    dwrv_chest00_kjeld2
	morrowind.esm       CONT    dwrv_closet_galmis
	morrowind.esm       CONT    dwrv_desk_tureynul
	morrowind.esm       CONT    redoran_treas_chest_02
	morrowind.esm       CONT    rufinus_alleius_chest
	morrowind.esm       CONT    sm_gateway chest
	tribunal.esm        CONT    chest_small_02_ingredie
	tribunal.esm        CONT    com_chest_02_v_armor07
	tribunal.esm        CONT    com_chest_02_v_armor09
	tribunal.esm        CONT    com_chest_02_v_indalen
	tribunal.esm        CONT    com_chest_02_v_sosia
	tribunal.esm        CONT    com_chest_02_v_weapon05
	tribunal.esm        CONT    crate_01_armornetch_mel
	tribunal.esm        CONT    crate_01_mevelfererus
	tribunal.esm        CONT    crate_andren_uni
	tribunal.esm        CONT    crate_malar_uni
