Way of the Necromancer.esp: DUP-REC MASTERS MENUMOD MISSVER OVR-REC
    MASTERS: out of sync with the masters installed in your Data Files directory:
	Wares-base.esm                 86397 (plugin)      82499 (installed size)
    [MENUMOD] Scripts not checking menumode:
	SCPT(WotN_Bonewolf_script)
	SCPT(WotN_GreatWalk_script)
	SCPT(WotN_Lord_script)
	SCPT(WotN_Necrostarter_script)
	SCPT(WotN_SkelArch_script)
	SCPT(WotN_SkelChamp_script)
	SCPT(WotN_SkelWar_script)
	SCPT(WotN_Skel_script)
	SCPT(WotN_Walker_script)
    [OVR-REC] Overridden Records:
	From Master         Type    Name
	morrowind.esm       CLAS    necromancer
	morrowind.esm       LEVI    random_book_wizard_evil
	tribunal.esm        DIAL    greeting 1
	wares-base.esm      LEVI    aa_loot_necro
	wares-base.esm      LEVI    aa_trader_illegal
