WEP - Name Patch.esp: DUP-REC MISSVER OVR-REC
    [OVR-REC] Overridden Records:
	From Master         Type    Name
	weapons expansion morrowind.esp    WEAP    _we_bonemold battle axe
	weapons expansion morrowind.esp    WEAP    _we_bonemold broadsword
	weapons expansion morrowind.esp    WEAP    _we_bonemold claymore
	weapons expansion morrowind.esp    WEAP    _we_bonemold club
	weapons expansion morrowind.esp    WEAP    _we_bonemold dagger
	weapons expansion morrowind.esp    WEAP    _we_bonemold dai-katana
	weapons expansion morrowind.esp    WEAP    _we_bonemold dart
	weapons expansion morrowind.esp    WEAP    _we_bonemold halberd
	weapons expansion morrowind.esp    WEAP    _we_bonemold katana
	weapons expansion morrowind.esp    WEAP    _we_bonemold longspear
	weapons expansion morrowind.esp    WEAP    _we_bonemold longsword
	weapons expansion morrowind.esp    WEAP    _we_bonemold mace
	weapons expansion morrowind.esp    WEAP    _we_bonemold saber
	weapons expansion morrowind.esp    WEAP    _we_bonemold shortsword
	weapons expansion morrowind.esp    WEAP    _we_bonemold spear
	weapons expansion morrowind.esp    WEAP    _we_bonemold staff
	weapons expansion morrowind.esp    WEAP    _we_bonemold tanto
	weapons expansion morrowind.esp    WEAP    _we_bonemold throwing knife
	weapons expansion morrowind.esp    WEAP    _we_bonemold throwing star
	weapons expansion morrowind.esp    WEAP    _we_bonemold wakizashi
	weapons expansion morrowind.esp    WEAP    _we_bonemold war axe
	weapons expansion morrowind.esp    WEAP    _we_bonemold warhammer
	weapons expansion morrowind.esp    WEAP    _we_chitin battle axe
	weapons expansion morrowind.esp    WEAP    _we_chitin bolt
	weapons expansion morrowind.esp    WEAP    _we_chitin broadsword
	weapons expansion morrowind.esp    WEAP    _we_chitin claymore
	weapons expansion morrowind.esp    WEAP    _we_chitin dai-katana
	weapons expansion morrowind.esp    WEAP    _we_chitin dart
	weapons expansion morrowind.esp    WEAP    _we_chitin greatmace
	weapons expansion morrowind.esp    WEAP    _we_chitin halberd
	weapons expansion morrowind.esp    WEAP    _we_chitin katana
	weapons expansion morrowind.esp    WEAP    _we_chitin longspear
	weapons expansion morrowind.esp    WEAP    _we_chitin longsword
	weapons expansion morrowind.esp    WEAP    _we_chitin mace
	weapons expansion morrowind.esp    WEAP    _we_chitin saber
	weapons expansion morrowind.esp    WEAP    _we_chitin sickle
	weapons expansion morrowind.esp    WEAP    _we_chitin staff
	weapons expansion morrowind.esp    WEAP    _we_chitin tanto
	weapons expansion morrowind.esp    WEAP    _we_chitin throwing knife
	weapons expansion morrowind.esp    WEAP    _we_chitin wakizashi
	weapons expansion morrowind.esp    WEAP    _we_corkbulb dart
	weapons expansion morrowind.esp    WEAP    _we_corkbulb staff
	weapons expansion morrowind.esp    WEAP    _we_daedric bolt
	weapons expansion morrowind.esp    WEAP    _we_daedric broadsword
	weapons expansion morrowind.esp    WEAP    _we_daedric halberd
	weapons expansion morrowind.esp    WEAP    _we_daedric saber
	weapons expansion morrowind.esp    WEAP    _we_daedric throwing knife
	weapons expansion morrowind.esp    WEAP    _we_daedric throwing star
	weapons expansion morrowind.esp    WEAP    _we_dreugh arrow
	weapons expansion morrowind.esp    WEAP    _we_dreugh battle axe
	weapons expansion morrowind.esp    WEAP    _we_dreugh bolt
	weapons expansion morrowind.esp    WEAP    _we_dreugh broadsword
	weapons expansion morrowind.esp    WEAP    _we_dreugh claymore
	weapons expansion morrowind.esp    WEAP    _we_dreugh dagger
	weapons expansion morrowind.esp    WEAP    _we_dreugh dai-katana
	weapons expansion morrowind.esp    WEAP    _we_dreugh dart
	weapons expansion morrowind.esp    WEAP    _we_dreugh greatmace
	weapons expansion morrowind.esp    WEAP    _we_dreugh halberd
	weapons expansion morrowind.esp    WEAP    _we_dreugh katana
	weapons expansion morrowind.esp    WEAP    _we_dreugh longspear
	weapons expansion morrowind.esp    WEAP    _we_dreugh longsword
	weapons expansion morrowind.esp    WEAP    _we_dreugh mace
	weapons expansion morrowind.esp    WEAP    _we_dreugh saber
	weapons expansion morrowind.esp    WEAP    _we_dreugh short bow
	weapons expansion morrowind.esp    WEAP    _we_dreugh shortsword
	weapons expansion morrowind.esp    WEAP    _we_dreugh spear
	weapons expansion morrowind.esp    WEAP    _we_dreugh tanto
	weapons expansion morrowind.esp    WEAP    _we_dreugh throwing knife
	weapons expansion morrowind.esp    WEAP    _we_dreugh throwing star
	weapons expansion morrowind.esp    WEAP    _we_dreugh wakizashi
	weapons expansion morrowind.esp    WEAP    _we_dreugh war axe
	weapons expansion morrowind.esp    WEAP    _we_dwemer arrow
	weapons expansion morrowind.esp    WEAP    _we_dwemer bolt
	weapons expansion morrowind.esp    WEAP    _we_dwemer broadsword
	weapons expansion morrowind.esp    WEAP    _we_dwemer club
	weapons expansion morrowind.esp    WEAP    _we_dwemer dagger
	weapons expansion morrowind.esp    WEAP    _we_dwemer dai-katana
	weapons expansion morrowind.esp    WEAP    _we_dwemer katana
	weapons expansion morrowind.esp    WEAP    _we_dwemer longsword
	weapons expansion morrowind.esp    WEAP    _we_dwemer saber
	weapons expansion morrowind.esp    WEAP    _we_dwemer staff
	weapons expansion morrowind.esp    WEAP    _we_dwemer tanto
	weapons expansion morrowind.esp    WEAP    _we_dwemer throwing knife
	weapons expansion morrowind.esp    WEAP    _we_dwemer throwing star
	weapons expansion morrowind.esp    WEAP    _we_dwemer wakizashi
	weapons expansion morrowind.esp    WEAP    _we_ebony battle axe
	weapons expansion morrowind.esp    WEAP    _we_ebony bolt
	weapons expansion morrowind.esp    WEAP    _we_ebony claymore
	weapons expansion morrowind.esp    WEAP    _we_ebony club
	weapons expansion morrowind.esp    WEAP    _we_ebony crossbow
	weapons expansion morrowind.esp    WEAP    _we_ebony dagger
	weapons expansion morrowind.esp    WEAP    _we_ebony dai-katana
	weapons expansion morrowind.esp    WEAP    _we_ebony halberd
	weapons expansion morrowind.esp    WEAP    _we_ebony katana
	weapons expansion morrowind.esp    WEAP    _we_ebony saber
	weapons expansion morrowind.esp    WEAP    _we_ebony spear
	weapons expansion morrowind.esp    WEAP    _we_ebony tanto
	weapons expansion morrowind.esp    WEAP    _we_ebony throwing knife
	weapons expansion morrowind.esp    WEAP    _we_ebony wakizashi
	weapons expansion morrowind.esp    WEAP    _we_ebony warhammer
	weapons expansion morrowind.esp    WEAP    _we_glass battle axe
	weapons expansion morrowind.esp    WEAP    _we_glass bolt
	weapons expansion morrowind.esp    WEAP    _we_glass broadsword
	weapons expansion morrowind.esp    WEAP    _we_glass club
	weapons expansion morrowind.esp    WEAP    _we_glass dai-katana
	weapons expansion morrowind.esp    WEAP    _we_glass dart
	weapons expansion morrowind.esp    WEAP    _we_glass katana
	weapons expansion morrowind.esp    WEAP    _we_glass longbow
	weapons expansion morrowind.esp    WEAP    _we_glass longspear
	weapons expansion morrowind.esp    WEAP    _we_glass mace
	weapons expansion morrowind.esp    WEAP    _we_glass saber
	weapons expansion morrowind.esp    WEAP    _we_glass shortsword
	weapons expansion morrowind.esp    WEAP    _we_glass spear
	weapons expansion morrowind.esp    WEAP    _we_glass tanto
	weapons expansion morrowind.esp    WEAP    _we_glass wakizashi
	weapons expansion morrowind.esp    WEAP    _we_glass warhammer
	weapons expansion morrowind.esp    WEAP    _we_imperial arrow
	weapons expansion morrowind.esp    WEAP    _we_imperial battle axe
	weapons expansion morrowind.esp    WEAP    _we_imperial bolt
	weapons expansion morrowind.esp    WEAP    _we_imperial claymore
	weapons expansion morrowind.esp    WEAP    _we_imperial club
	weapons expansion morrowind.esp    WEAP    _we_imperial crossbow
	weapons expansion morrowind.esp    WEAP    _we_imperial dagger
	weapons expansion morrowind.esp    WEAP    _we_imperial dai-katana
	weapons expansion morrowind.esp    WEAP    _we_imperial dart
	weapons expansion morrowind.esp    WEAP    _we_imperial halberd
	weapons expansion morrowind.esp    WEAP    _we_imperial katana
	weapons expansion morrowind.esp    WEAP    _we_imperial longspear
	weapons expansion morrowind.esp    WEAP    _we_imperial longsword
	weapons expansion morrowind.esp    WEAP    _we_imperial mace
	weapons expansion morrowind.esp    WEAP    _we_imperial odachi
	weapons expansion morrowind.esp    WEAP    _we_imperial saber
	weapons expansion morrowind.esp    WEAP    _we_imperial spear
	weapons expansion morrowind.esp    WEAP    _we_imperial staff
	weapons expansion morrowind.esp    WEAP    _we_imperial tanto
	weapons expansion morrowind.esp    WEAP    _we_imperial throwing knife
	weapons expansion morrowind.esp    WEAP    _we_imperial throwing star
	weapons expansion morrowind.esp    WEAP    _we_imperial wakizashi
	weapons expansion morrowind.esp    WEAP    _we_imperial war axe
	weapons expansion morrowind.esp    WEAP    _we_imperial warhammer
	weapons expansion morrowind.esp    WEAP    _we_iron dai-katana
	weapons expansion morrowind.esp    WEAP    _we_iron dart
	weapons expansion morrowind.esp    WEAP    _we_iron katana
	weapons expansion morrowind.esp    WEAP    _we_iron longspear
	weapons expansion morrowind.esp    WEAP    _we_iron staff
	weapons expansion morrowind.esp    WEAP    _we_iron throwing star
	weapons expansion morrowind.esp    WEAP    _we_iron throwing star 2
	weapons expansion morrowind.esp    WEAP    _we_nordic arrow
	weapons expansion morrowind.esp    WEAP    _we_nordic bolt
	weapons expansion morrowind.esp    WEAP    _we_nordic club
	weapons expansion morrowind.esp    WEAP    _we_nordic dagger
	weapons expansion morrowind.esp    WEAP    _we_nordic dai-katana
	weapons expansion morrowind.esp    WEAP    _we_nordic dart
	weapons expansion morrowind.esp    WEAP    _we_nordic halberd
	weapons expansion morrowind.esp    WEAP    _we_nordic katana
	weapons expansion morrowind.esp    WEAP    _we_nordic longspear
	weapons expansion morrowind.esp    WEAP    _we_nordic longsword
	weapons expansion morrowind.esp    WEAP    _we_nordic mace
	weapons expansion morrowind.esp    WEAP    _we_nordic saber
	weapons expansion morrowind.esp    WEAP    _we_nordic shortsword
	weapons expansion morrowind.esp    WEAP    _we_nordic spear
	weapons expansion morrowind.esp    WEAP    _we_nordic staff
	weapons expansion morrowind.esp    WEAP    _we_nordic tanto
	weapons expansion morrowind.esp    WEAP    _we_nordic throwing knife
	weapons expansion morrowind.esp    WEAP    _we_nordic throwing star
	weapons expansion morrowind.esp    WEAP    _we_nordic wakizashi
	weapons expansion morrowind.esp    WEAP    _we_nordic war axe
	weapons expansion morrowind.esp    WEAP    _we_nordic warhammer
	weapons expansion morrowind.esp    WEAP    _we_orcish arrow
	weapons expansion morrowind.esp    WEAP    _we_orcish broadsword
	weapons expansion morrowind.esp    WEAP    _we_orcish claymore
	weapons expansion morrowind.esp    WEAP    _we_orcish club
	weapons expansion morrowind.esp    WEAP    _we_orcish dagger
	weapons expansion morrowind.esp    WEAP    _we_orcish dai-katana
	weapons expansion morrowind.esp    WEAP    _we_orcish dart
	weapons expansion morrowind.esp    WEAP    _we_orcish halberd
	weapons expansion morrowind.esp    WEAP    _we_orcish katana
	weapons expansion morrowind.esp    WEAP    _we_orcish longspear
	weapons expansion morrowind.esp    WEAP    _we_orcish longsword
	weapons expansion morrowind.esp    WEAP    _we_orcish mace
	weapons expansion morrowind.esp    WEAP    _we_orcish saber
	weapons expansion morrowind.esp    WEAP    _we_orcish short bow
	weapons expansion morrowind.esp    WEAP    _we_orcish shortsword
	weapons expansion morrowind.esp    WEAP    _we_orcish spear
	weapons expansion morrowind.esp    WEAP    _we_orcish staff
	weapons expansion morrowind.esp    WEAP    _we_orcish tanto
	weapons expansion morrowind.esp    WEAP    _we_orcish throwing knife
	weapons expansion morrowind.esp    WEAP    _we_orcish throwing star
	weapons expansion morrowind.esp    WEAP    _we_orcish wakizashi
	weapons expansion morrowind.esp    WEAP    _we_orcish war axe
	weapons expansion morrowind.esp    WEAP    _we_silver battle axe
	weapons expansion morrowind.esp    WEAP    _we_silver broadsword
	weapons expansion morrowind.esp    WEAP    _we_silver club
	weapons expansion morrowind.esp    WEAP    _we_silver dai-katana
	weapons expansion morrowind.esp    WEAP    _we_silver halberd
	weapons expansion morrowind.esp    WEAP    _we_silver katana
	weapons expansion morrowind.esp    WEAP    _we_silver longspear
	weapons expansion morrowind.esp    WEAP    _we_silver mace
	weapons expansion morrowind.esp    WEAP    _we_silver saber
	weapons expansion morrowind.esp    WEAP    _we_silver tanto
	weapons expansion morrowind.esp    WEAP    _we_silver throwing knife
	weapons expansion morrowind.esp    WEAP    _we_silver wakizashi
	weapons expansion morrowind.esp    WEAP    _we_silver warhammer
	weapons expansion morrowind.esp    WEAP    _we_steel broadsword
	weapons expansion morrowind.esp    WEAP    _we_steel longspear
