ZZZ 2001 Lenivchick's Leveling.esp: DUP-REC MENUMOD MISSAUT MISSDSC MISSVER OVR-REC
    [MENUMOD] Scripts not checking menumode:
	SCPT(dny_Leveling_Decay)
	SCPT(dny_Leveling_OnAttrPointsGained)
	SCPT(dny_Leveling_WatchSkills)
    [OVR-REC] Overridden Records:
	From Master         Type    Name
	morrowind.esm       GMST    ilevelup01mult
	morrowind.esm       GMST    ilevelup02mult
	morrowind.esm       GMST    ilevelup03mult
	morrowind.esm       GMST    ilevelup04mult
	morrowind.esm       GMST    ilevelup05mult
	morrowind.esm       GMST    ilevelup06mult
	morrowind.esm       GMST    ilevelup07mult
	morrowind.esm       GMST    ilevelup08mult
	morrowind.esm       GMST    ilevelup09mult
	morrowind.esm       GMST    ilevelup10mult
	morrowind.esm       GMST    ileveluptotal
	morrowind.esm       SKIL    0
	morrowind.esm       SKIL    1
	morrowind.esm       SKIL    10
	morrowind.esm       SKIL    11
	morrowind.esm       SKIL    12
	morrowind.esm       SKIL    14
	morrowind.esm       SKIL    15
	morrowind.esm       SKIL    21
	morrowind.esm       SKIL    22
	morrowind.esm       SKIL    7
