ZZZ C000 Lenivchick's Furniture.esp: DUP-REC MENUMOD MISSAUT MISSDSC MISSVER OVR-REC
    [MENUMOD] Scripts not checking menumode:
	SCPT(dny_Furn_Chest2Item)
	SCPT(dny_Furn_Chest2Object)
	SCPT(dny_Furn_Sack1Item)
	SCPT(dny_Furn_Sack1Object)
	SCPT(dny_Furn_Sack2Item)
	SCPT(dny_Furn_Sack2Object)
    [OVR-REC] Overridden Records:
	From Master         Type    Name
	bloodmoon.esm       CONT    com_chest_02_lev_gold
	bloodmoon.esm       CONT    com_chest_02_misc01
	bloodmoon.esm       CONT    com_chest_02_misc06
	bloodmoon.esm       CONT    com_chest_02_pos
	bloodmoon.esm       CONT    com_chest_02_v_armor04
	bloodmoon.esm       CONT    com_chest_02_v_trader03
	bloodmoon.esm       CONT    com_chest_02_v_weapon08
	bloodmoon.esm       CONT    com_sack_01_chpfood5
	bloodmoon.esm       CONT    com_sack_01_ingred
	bloodmoon.esm       CONT    com_sack_02_chpfood3
	bloodmoon.esm       CONT    com_sack_02_ingred
	bloodmoon.esm       CONT    com_sack_03
	bloodmoon.esm       CONT    com_sack_03_ingredients
	morrowind.esm       CONT    com_chest_02
	morrowind.esm       CONT    com_chest_02_apparatus
	morrowind.esm       CONT    com_chest_02_bc1
	morrowind.esm       CONT    com_chest_02_bc2
	morrowind.esm       CONT    com_chest_02_darius_01
	morrowind.esm       CONT    com_chest_02_darius_02
	morrowind.esm       CONT    com_chest_02_darius_03
	morrowind.esm       CONT    com_chest_02_darius_04
	morrowind.esm       CONT    com_chest_02_de_arms
	morrowind.esm       CONT    com_chest_02_empty
	morrowind.esm       CONT    com_chest_02_fg_supply
	morrowind.esm       CONT    com_chest_02_galbedir
	morrowind.esm       CONT    com_chest_02_gold_25
	morrowind.esm       CONT    com_chest_02_gshipwreck
	morrowind.esm       CONT    com_chest_02_helvi
	morrowind.esm       CONT    com_chest_02_hhbt
	morrowind.esm       CONT    com_chest_02_imp_arms
	morrowind.esm       CONT    com_chest_02_j'zhirr
	morrowind.esm       CONT    com_chest_02_jzhirr
	morrowind.esm       CONT    com_chest_02_k01
	morrowind.esm       CONT    com_chest_02_k02
	morrowind.esm       CONT    com_chest_02_l_arm_01
	morrowind.esm       CONT    com_chest_02_l_weap_01
	morrowind.esm       CONT    com_chest_02_l_weap_02
	morrowind.esm       CONT    com_chest_02_lucretinau
	morrowind.esm       CONT    com_chest_02_mg_supply
	morrowind.esm       CONT    com_chest_02_misc05
	morrowind.esm       CONT    com_chest_02_misc07
	morrowind.esm       CONT    com_chest_02_misc09
	morrowind.esm       CONT    com_chest_02_misc10
	morrowind.esm       CONT    com_chest_02_pillows
	morrowind.esm       CONT    com_chest_02_pontanian
	morrowind.esm       CONT    com_chest_02_puzzlecana
	morrowind.esm       CONT    com_chest_02_ra'zhid
	morrowind.esm       CONT    com_chest_02_salynsaret
	morrowind.esm       CONT    com_chest_02_sud1
	morrowind.esm       CONT    com_chest_02_talosfd
	morrowind.esm       CONT    com_chest_02_tomb_comn
	morrowind.esm       CONT    com_chest_02_tomb_key 
	morrowind.esm       CONT    com_chest_02_tomb_rare
	morrowind.esm       CONT    com_chest_02_v_alusaron
	morrowind.esm       CONT    com_chest_02_v_armor01
	morrowind.esm       CONT    com_chest_02_v_armor02
	morrowind.esm       CONT    com_chest_02_v_armor03
	morrowind.esm       CONT    com_chest_02_v_armor05
	morrowind.esm       CONT    com_chest_02_v_armor06
	morrowind.esm       CONT    com_chest_02_v_armor08
	morrowind.esm       CONT    com_chest_02_v_armor10
	morrowind.esm       CONT    com_chest_02_v_armor11
	morrowind.esm       CONT    com_chest_02_v_clanler
	morrowind.esm       CONT    com_chest_02_v_fonas
	morrowind.esm       CONT    com_chest_02_v_saetring
	morrowind.esm       CONT    com_chest_02_v_shadbak
	morrowind.esm       CONT    com_chest_02_v_trader01
	morrowind.esm       CONT    com_chest_02_v_weapon01
	morrowind.esm       CONT    com_chest_02_v_weapon02
	morrowind.esm       CONT    com_chest_02_v_weapon03
	morrowind.esm       CONT    com_chest_02_v_weapon04
	morrowind.esm       CONT    com_chest_02_v_weapon06
	morrowind.esm       CONT    com_chest_02_v_weapon07
	morrowind.esm       CONT    com_chest_02_v_weapon09
	morrowind.esm       CONT    com_chest_02_valius
	morrowind.esm       CONT    com_chest_02_vault_01
	morrowind.esm       CONT    com_chest_02_vault_02
	morrowind.esm       CONT    com_chest_02_vault_03
	morrowind.esm       CONT    com_chest_02_vault_hlaa
	morrowind.esm       CONT    com_chest_02_vault_tel
	morrowind.esm       CONT    com_chest_02_vendu
	morrowind.esm       CONT    com_chest_02_w_ebony
	morrowind.esm       CONT    com_chest_02_weap_12_ir
	morrowind.esm       CONT    com_chest_02_weap_12_mi
	morrowind.esm       CONT    com_chest_02_weap_12_ot
	morrowind.esm       CONT    com_sack_01
	morrowind.esm       CONT    com_sack_01_moon sugar5
	morrowind.esm       CONT    com_sack_01_rnd_ingr_5
	morrowind.esm       CONT    com_sack_01_saltrice_5
	morrowind.esm       CONT    com_sack_02
	morrowind.esm       CONT    com_sack_02_gold_05
	morrowind.esm       CONT    com_sack_02_gold_100
	morrowind.esm       CONT    com_sack_02_msugar2
	morrowind.esm       CONT    com_sack_02_saltrice_10
	morrowind.esm       CONT    com_sack_02_thief
	morrowind.esm       CONT    com_sack_03_chpfood5
	morrowind.esm       CONT    com_sack_03_pos
	morrowind.esm       CONT    com_sack_03_saltrice_10
	morrowind.esm       CONT    com_sack_03_wickwheat
	morrowind.esm       LIGH    light_com_candle_01_off
	morrowind.esm       LIGH    light_com_candle_05_off
	morrowind.esm       LIGH    light_com_candle_07
	morrowind.esm       LIGH    light_com_candle_07_128
	morrowind.esm       LIGH    light_com_candle_07_157
	morrowind.esm       LIGH    light_com_candle_07_64
	morrowind.esm       LIGH    light_com_candle_07_77
	morrowind.esm       LIGH    light_de_lantern_03
	morrowind.esm       LIGH    light_de_lantern_03_128
	morrowind.esm       LIGH    light_de_lantern_03_200
	morrowind.esm       LIGH    light_de_lantern_03_200_r
	morrowind.esm       LIGH    light_de_lantern_03_64
	morrowind.esm       LIGH    light_de_lantern_03_77
	morrowind.esm       LIGH    light_de_lantern_03_s_256
	morrowind.esm       LIGH    light_de_lantern_03_sway
	morrowind.esm       LIGH    light_de_lantern_08
	morrowind.esm       LIGH    light_de_lantern_08_128
	morrowind.esm       LIGH    light_de_lantern_08_128_01
	morrowind.esm       LIGH    light_de_lantern_08_177_01
	morrowind.esm       LIGH    light_de_lantern_08_77
	tribunal.esm        CONT    com_chest_02_books
	tribunal.esm        CONT    com_chest_02_durgok
	tribunal.esm        CONT    com_chest_02_retene
	tribunal.esm        CONT    com_chest_02_thendas1
	tribunal.esm        CONT    com_chest_02_thendas2
	tribunal.esm        CONT    com_chest_02_v_armor07
	tribunal.esm        CONT    com_chest_02_v_armor09
	tribunal.esm        CONT    com_chest_02_v_indalen
	tribunal.esm        CONT    com_chest_02_v_sosia
	tribunal.esm        CONT    com_chest_02_v_trader02
	tribunal.esm        CONT    com_chest_02_v_weapon05
	tribunal.esm        CONT    com_sack_01_saltrice_10
	tribunal.esm        CONT    com_sack_02_pos
	tribunal.esm        LIGH    light_de_lantern_03_700_sway
