A Lovers Quarrel.ESP: DUP-REC MASTERS MENUMOD MISSVER OVR-REC
    MASTERS: out of sync with the masters installed in your Data Files directory:
	Tamriel_Data.esm            10684550 (plugin)   11064795 (installed size)
	TR_Mainland.esm            163703637 (plugin)  163244128 (installed size)
    [MENUMOD] Scripts not checking menumode:
	SCPT(Q_E_DisidentScript)
	SCPT(Q_E_IrvassaMove1)
	SCPT(Q_E_IrvassaMove2)
	SCPT(Q_E_IrvassaRevenge)
	SCPT(Q_E_IrvassaRevengeFix)
	SCPT(Q_E_IrvassaScript)
	SCPT(Q_E_NecromActivator)
	SCPT(Q_E_NecromBookScript)
	SCPT(Q_E_NecromNoteScript2)
	SCPT(Q_E_NecromTimer)
    [OVR-REC] Overridden Records:
	From Master         Type    Name
	tribunal.esm        DIAL    background
	tribunal.esm        DIAL    dissident priests
	tribunal.esm        DIAL    greeting 1
	tribunal.esm        DIAL    latest rumors
