abotBoats_4.esp: MASTERS MENUMOD MISSVER
    MASTERS: out of sync with the masters installed in your Data Files directory:
	Tamriel_Data.esm             8787443 (plugin)   11064795 (installed size)
	OAAB_Data.esm                1112047 (plugin)    1567893 (installed size)
    [MENUMOD] Scripts not checking menumode:
	SCPT(ab01boOnLoadScript)
	SCPT(ab01boScenic02bScript)
	SCPT(ab01bogBoatScript)
	SCPT(ab01bogConfigScript)
	SCPT(ab01bogDismount2Script)
	SCPT(ab01bogDismountHereScript)
	SCPT(ab01bogDismountScript)
	SCPT(ab01bogEndScript)
	SCPT(ab01bogWeatherChangeOffScript)
	SCPT(ab01bogWeatherChangeOnScript)
	SCPT(ab01bogWeatherTalk2Script)
	SCPT(ab01bogWeatherTalk3Script)
	SCPT(ab01bogWeatherTalkScript)
	SCPT(ab01gCRTTendTripScript)
	SCPT(mel_tpp_mainS)
