adamantiumarmor_.esp: DUP-REC MISSVER OVR-REC
    [DUP-REC] Duplicate Records:
	From Master         Type    Name
	tribunal.esm        BODY    a_adamantium_boot_a
	tribunal.esm        BODY    a_adamantium_boot_f
	tribunal.esm        BODY    a_adamantium_bracer_w
	tribunal.esm        BODY    a_adamantium_cl_pauldron
	tribunal.esm        BODY    a_adamantium_cuirass_c
	tribunal.esm        BODY    a_adamantium_greaves_g
	tribunal.esm        BODY    a_adamantium_greaves_k
	tribunal.esm        BODY    a_adamantium_greaves_ul
	tribunal.esm        BODY    a_adamantium_pauldron_fa
	tribunal.esm        BODY    a_adamantium_pauldron_ua
    [OVR-REC] Overridden Records:
	From Master         Type    Name
	morrowind.esm       CONT    de_p_chest_02_meldor
	tribunal.esm        ARMO    adamantium boots
	tribunal.esm        ARMO    adamantium_bracer_left
	tribunal.esm        ARMO    adamantium_bracer_right
	tribunal.esm        ARMO    adamantium_cuirass
	tribunal.esm        ARMO    adamantium_greaves
	tribunal.esm        ARMO    adamantium_pauldron_left
	tribunal.esm        ARMO    adamantium_pauldron_right
