Advanced Alchemy.esp: DUP-REC MENUMOD MISSVER NUMRECS OVR-REC
    [NUMRECS]: number of records in TES3.HEDR (72) != Actual count (71)
    [MENUMOD] Scripts not checking menumode:
	SCPT(DSC_AA__setup)
    [OVR-REC] Overridden Records:
	From Master         Type    Name
	bloodmoon.esm       APPA    apparatus_j_alembic_01
	bloodmoon.esm       APPA    apparatus_j_calcinator_01
	bloodmoon.esm       APPA    apparatus_j_mortar_01
	bloodmoon.esm       APPA    apparatus_j_retort_01
	morrowind.esm       APPA    apparatus_a_alembic_01
	morrowind.esm       APPA    apparatus_a_calcinator_01
	morrowind.esm       APPA    apparatus_a_mortar_01
	morrowind.esm       APPA    apparatus_a_retort_01
	morrowind.esm       APPA    apparatus_g_alembic_01
	morrowind.esm       APPA    apparatus_g_calcinator_01
	morrowind.esm       APPA    apparatus_g_mortar_01
	morrowind.esm       APPA    apparatus_g_retort_01
	morrowind.esm       APPA    apparatus_m_alembic_01
	morrowind.esm       APPA    apparatus_m_calcinator_01
	morrowind.esm       APPA    apparatus_m_mortar_01
	morrowind.esm       APPA    apparatus_m_retort_01
	morrowind.esm       APPA    apparatus_sm_alembic_01
	morrowind.esm       APPA    apparatus_sm_calcinator_01
	morrowind.esm       APPA    apparatus_sm_mortar_01
	morrowind.esm       APPA    apparatus_sm_retort_01
	morrowind.esm       GMST    fpotionstrengthmult
	morrowind.esm       GMST    fpotiont1durmult
	morrowind.esm       GMST    fpotiont1magmult
	morrowind.esm       GMST    ialchemymod
