Ahead of the Classes.ESP: DUP-REC MASTERS MENUMOD MISSVER OVR-REC
    MASTERS: out of sync with the masters installed in your Data Files directory:
	Tamriel_Data.esm            10684550 (plugin)   11064795 (installed size)
    [MENUMOD] Scripts not checking menumode:
	SCPT(aa_ca_addtopic)
	SCPT(aa_cl_check_diseased)
	SCPT(aa_cl_plague_book)
    [OVR-REC] Overridden Records:
	From Master         Type    Name
	bloodmoon.esm       CLAS    shaman
	morrowind.esm       CLAS    alchemist
	morrowind.esm       CLAS    apothecary
	morrowind.esm       CLAS    bookseller
	morrowind.esm       CLAS    buoyant armiger
	morrowind.esm       CLAS    champion
	morrowind.esm       CLAS    clothier
	morrowind.esm       CLAS    commoner
	morrowind.esm       CLAS    dreamers
	morrowind.esm       CLAS    drillmaster
	morrowind.esm       CLAS    enchanter
	morrowind.esm       CLAS    enforcer
	morrowind.esm       CLAS    farmer
	morrowind.esm       CLAS    guard
	morrowind.esm       CLAS    herder
	morrowind.esm       CLAS    hunter
	morrowind.esm       CLAS    mabrigash
	morrowind.esm       CLAS    master-at-arms
	morrowind.esm       CLAS    merchant
	morrowind.esm       CLAS    miner
	morrowind.esm       CLAS    necromancer
	morrowind.esm       CLAS    noble
	morrowind.esm       CLAS    ordinator
	morrowind.esm       CLAS    pauper
	morrowind.esm       CLAS    pawnbroker
	morrowind.esm       CLAS    priest
	morrowind.esm       CLAS    publican
	morrowind.esm       CLAS    savant
	morrowind.esm       CLAS    sharpshooter
	morrowind.esm       CLAS    slave
	morrowind.esm       CLAS    smith
	morrowind.esm       CLAS    smuggler
	morrowind.esm       CLAS    trader
	morrowind.esm       CLAS    warlock
	morrowind.esm       CLAS    wise woman
	morrowind.esm       CLAS    witch
	tamriel_data.esm    CLAS    t_glb_baker
	tamriel_data.esm    CLAS    t_glb_banker
	tamriel_data.esm    CLAS    t_glb_barrister
	tamriel_data.esm    CLAS    t_glb_cook
	tamriel_data.esm    CLAS    t_glb_courtesan
	tamriel_data.esm    CLAS    t_glb_dockworker
	tamriel_data.esm    CLAS    t_glb_fisherman
	tamriel_data.esm    CLAS    t_glb_sailor
	tamriel_data.esm    CLAS    t_glb_scribe
	tamriel_data.esm    CLAS    t_mw_catcatcher
	tamriel_data.esm    CLAS    t_sky_clever-man
	tamriel_data.esm    CLAS    t_sky_jarl
	tribunal.esm        CLAS    caretaker
	tribunal.esm        CLAS    gardener
	tribunal.esm        CLAS    journalist
	tribunal.esm        CLAS    king
