Ald Redaynia Extended.esp: DUP-REC JUNKCEL MENUMOD MISSVER OVR-REC
    [MENUMOD] Scripts not checking menumode:
	SCPT(1jw_Pub_AldRedaynia)
	SCPT(1jw_arr_ScaleScript010)
	SCPT(1jw_arr_colmaris_Door_lvll)
	SCPT(1jw_arr_docks_amb)
	SCPT(1jw_arr_wind1_amb)
    [JUNKCEL] Junk Cells:                        Flags
	Sheogorad (-3, 20)                       0x02
	Sheogorad (-3, 22)                       0x02
	Sheogorad (-4, 22)                       0x02
    [OVR-REC] Overridden Records:
	From Master         Type    Name
	bloodmoon.esm       DIAL    solstheim
	bloodmoon.esm       LTEX    ac_darkgravel
	bloodmoon.esm       LTEX    sand_02
	morrowind.esm       DIAL    ald redaynia
	morrowind.esm       LAND    (-3, 20)
	morrowind.esm       LAND    (-3, 21)
	morrowind.esm       LAND    (-3, 22)
	morrowind.esm       LAND    (-4, 20)
	morrowind.esm       LAND    (-4, 21)
	morrowind.esm       LAND    (-4, 22)
	morrowind.esm       LAND    (-5, 21)
	morrowind.esm       LTEX    ac_darkstone01
	morrowind.esm       LTEX    ac_darkstone02
	morrowind.esm       LTEX    ac_darkstone_grass
	morrowind.esm       LTEX    ac_dirt_grass_02
	morrowind.esm       LTEX    ac_dirtroad_01
	morrowind.esm       LTEX    tx_ai_mudflats_01.tga
	morrowind.esm       PGRD    ald redaynia
	tribunal.esm        DIAL    almalexia
	tribunal.esm        DIAL    beds
	tribunal.esm        DIAL    greeting 0
	tribunal.esm        DIAL    latest rumors
	tribunal.esm        DIAL    little advice
	tribunal.esm        DIAL    little secret
	tribunal.esm        DIAL    services
	tribunal.esm        DIAL    someone in particular
