Almighty Artifacts.ESP: DUP-REC GETSND MENUMOD MISSVER NUMRECS OVR-REC
    [NUMRECS]: number of records in TES3.HEDR (34) != Actual count (33)
    [GETSND] GetSoundPlaying possibly used to detect events:
	SCPT(dorMehrunesRazor)
    [MENUMOD] Scripts not checking menumode:
	SCPT(abDragonsBreath)
	SCPT(abPaladinsFortitude)
	SCPT(abRajhinsEscape)
	SCPT(dorMehrunesRazor)
    [OVR-REC] Overridden Records:
	From Master         Type    Name
	morrowind.esm       ARMO    dragonbone_cuirass_unique
	morrowind.esm       CLOT    ring_khajiit_unique
	morrowind.esm       ENCH    aura of khajiit
	morrowind.esm       ENCH    bitter mercy
	morrowind.esm       ENCH    chameleon dance
	morrowind.esm       ENCH    chrysamere_en
	morrowind.esm       ENCH    crescent moon
	morrowind.esm       ENCH    curse of scourge
	morrowind.esm       ENCH    dram's will
	morrowind.esm       ENCH    eleidon's grace
	morrowind.esm       ENCH    grip of death
	morrowind.esm       ENCH    hasedoki's hand
	morrowind.esm       ENCH    lord's praise
	morrowind.esm       ENCH    mace of molag bal_en
	morrowind.esm       ENCH    mehrune's razor_en
	morrowind.esm       ENCH    monarch's dirge
	morrowind.esm       ENCH    phynaster's barrier
	morrowind.esm       ENCH    spell breaker
	morrowind.esm       ENCH    umbra's hunger
	morrowind.esm       ENCH    vampire's touch
	morrowind.esm       ENCH    warlock's sphere
	morrowind.esm       ENCH    weight of the apostle
	morrowind.esm       ENCH    wind whisper
	morrowind.esm       ENCH    wrath of magnus
	morrowind.esm       WEAP    claymore_chrysamere_unique
	morrowind.esm       WEAP    mehrunes'_razor_unique
