AOF Potions Recolored Tribunal.esp: DUP-REC MISSAUT MISSDSC MISSVER OVR-REC
    [OVR-REC] Overridden Records:
	From Master         Type    Name
	morrowind.esm       ALCH    p_almsivi_intervention_s
	morrowind.esm       ALCH    p_burden_b
	morrowind.esm       ALCH    p_burden_c
	morrowind.esm       ALCH    p_burden_e
	morrowind.esm       ALCH    p_burden_q
	morrowind.esm       ALCH    p_burden_s
	morrowind.esm       ALCH    p_chameleon_b
	morrowind.esm       ALCH    p_chameleon_c
	morrowind.esm       ALCH    p_chameleon_e
	morrowind.esm       ALCH    p_chameleon_q
	morrowind.esm       ALCH    p_chameleon_s
	morrowind.esm       ALCH    p_cure_blight_s
	morrowind.esm       ALCH    p_cure_common_s
	morrowind.esm       ALCH    p_cure_common_unique
	morrowind.esm       ALCH    p_cure_paralyzation_s
	morrowind.esm       ALCH    p_cure_poison_s
	morrowind.esm       ALCH    p_detect_creatures_s
	morrowind.esm       ALCH    p_detect_enchantment_s
	morrowind.esm       ALCH    p_detect_key_s
	morrowind.esm       ALCH    p_disease_resistance_b
	morrowind.esm       ALCH    p_disease_resistance_c
	morrowind.esm       ALCH    p_disease_resistance_e
	morrowind.esm       ALCH    p_disease_resistance_q
	morrowind.esm       ALCH    p_disease_resistance_s
	morrowind.esm       ALCH    p_dispel_s
	morrowind.esm       ALCH    p_drain willpower_q
	morrowind.esm       ALCH    p_drain_agility_q
	morrowind.esm       ALCH    p_drain_endurance_q
	morrowind.esm       ALCH    p_drain_intelligence_q
	morrowind.esm       ALCH    p_drain_luck_q
	morrowind.esm       ALCH    p_drain_magicka_q
	morrowind.esm       ALCH    p_drain_personality_q
	morrowind.esm       ALCH    p_drain_speed_q
	morrowind.esm       ALCH    p_drain_strength_q
	morrowind.esm       ALCH    p_feather_b
	morrowind.esm       ALCH    p_feather_c
	morrowind.esm       ALCH    p_feather_e
	morrowind.esm       ALCH    p_feather_q
	morrowind.esm       ALCH    p_fire resistance_s
	morrowind.esm       ALCH    p_fire_resistance_b
	morrowind.esm       ALCH    p_fire_resistance_c
	morrowind.esm       ALCH    p_fire_resistance_e
	morrowind.esm       ALCH    p_fire_resistance_q
	morrowind.esm       ALCH    p_fire_shield_b
	morrowind.esm       ALCH    p_fire_shield_c
	morrowind.esm       ALCH    p_fire_shield_e
	morrowind.esm       ALCH    p_fire_shield_q
	morrowind.esm       ALCH    p_fire_shield_s
	morrowind.esm       ALCH    p_fortify_agility_b
	morrowind.esm       ALCH    p_fortify_agility_c
	morrowind.esm       ALCH    p_fortify_agility_e
	morrowind.esm       ALCH    p_fortify_agility_q
	morrowind.esm       ALCH    p_fortify_agility_s
	morrowind.esm       ALCH    p_fortify_attack_e
	morrowind.esm       ALCH    p_fortify_endurance_b
	morrowind.esm       ALCH    p_fortify_endurance_c
	morrowind.esm       ALCH    p_fortify_endurance_e
	morrowind.esm       ALCH    p_fortify_endurance_q
	morrowind.esm       ALCH    p_fortify_endurance_s
	morrowind.esm       ALCH    p_fortify_fatigue_b
	morrowind.esm       ALCH    p_fortify_fatigue_c
	morrowind.esm       ALCH    p_fortify_fatigue_e
	morrowind.esm       ALCH    p_fortify_fatigue_q
	morrowind.esm       ALCH    p_fortify_fatigue_s
	morrowind.esm       ALCH    p_fortify_health_b
	morrowind.esm       ALCH    p_fortify_health_c
	morrowind.esm       ALCH    p_fortify_health_e
	morrowind.esm       ALCH    p_fortify_health_q
	morrowind.esm       ALCH    p_fortify_health_s
	morrowind.esm       ALCH    p_fortify_intelligence_b
	morrowind.esm       ALCH    p_fortify_intelligence_c
	morrowind.esm       ALCH    p_fortify_intelligence_e
	morrowind.esm       ALCH    p_fortify_intelligence_q
	morrowind.esm       ALCH    p_fortify_intelligence_s
	morrowind.esm       ALCH    p_fortify_luck_b
	morrowind.esm       ALCH    p_fortify_luck_c
	morrowind.esm       ALCH    p_fortify_luck_e
	morrowind.esm       ALCH    p_fortify_luck_q
	morrowind.esm       ALCH    p_fortify_luck_s
	morrowind.esm       ALCH    p_fortify_magicka_b
	morrowind.esm       ALCH    p_fortify_magicka_c
	morrowind.esm       ALCH    p_fortify_magicka_e
	morrowind.esm       ALCH    p_fortify_magicka_q
	morrowind.esm       ALCH    p_fortify_magicka_s
	morrowind.esm       ALCH    p_fortify_personality_b
	morrowind.esm       ALCH    p_fortify_personality_c
	morrowind.esm       ALCH    p_fortify_personality_e
	morrowind.esm       ALCH    p_fortify_personality_q
	morrowind.esm       ALCH    p_fortify_personality_s
	morrowind.esm       ALCH    p_fortify_speed_b
	morrowind.esm       ALCH    p_fortify_speed_c
	morrowind.esm       ALCH    p_fortify_speed_e
	morrowind.esm       ALCH    p_fortify_speed_q
	morrowind.esm       ALCH    p_fortify_speed_s
	morrowind.esm       ALCH    p_fortify_strength_b
	morrowind.esm       ALCH    p_fortify_strength_c
	morrowind.esm       ALCH    p_fortify_strength_e
	morrowind.esm       ALCH    p_fortify_strength_q
	morrowind.esm       ALCH    p_fortify_strength_s
	morrowind.esm       ALCH    p_fortify_willpower_b
	morrowind.esm       ALCH    p_fortify_willpower_c
	morrowind.esm       ALCH    p_fortify_willpower_e
	morrowind.esm       ALCH    p_fortify_willpower_q
	morrowind.esm       ALCH    p_fortify_willpower_s
	morrowind.esm       ALCH    p_frost_resistance_b
	morrowind.esm       ALCH    p_frost_resistance_c
	morrowind.esm       ALCH    p_frost_resistance_e
	morrowind.esm       ALCH    p_frost_resistance_q
	morrowind.esm       ALCH    p_frost_resistance_s
	morrowind.esm       ALCH    p_frost_shield_b
	morrowind.esm       ALCH    p_frost_shield_c
	morrowind.esm       ALCH    p_frost_shield_e
	morrowind.esm       ALCH    p_frost_shield_q
	morrowind.esm       ALCH    p_frost_shield_s
	morrowind.esm       ALCH    p_heroism_s
	morrowind.esm       ALCH    p_invisibility_b
	morrowind.esm       ALCH    p_invisibility_c
	morrowind.esm       ALCH    p_invisibility_e
	morrowind.esm       ALCH    p_invisibility_q
	morrowind.esm       ALCH    p_invisibility_s
	morrowind.esm       ALCH    p_jump_b
	morrowind.esm       ALCH    p_jump_c
	morrowind.esm       ALCH    p_jump_e
	morrowind.esm       ALCH    p_jump_q
	morrowind.esm       ALCH    p_jump_s
	morrowind.esm       ALCH    p_levitation_b
	morrowind.esm       ALCH    p_levitation_c
	morrowind.esm       ALCH    p_levitation_e
	morrowind.esm       ALCH    p_levitation_q
	morrowind.esm       ALCH    p_levitation_s
	morrowind.esm       ALCH    p_light_b
	morrowind.esm       ALCH    p_light_c
	morrowind.esm       ALCH    p_light_e
	morrowind.esm       ALCH    p_light_q
	morrowind.esm       ALCH    p_light_s
	morrowind.esm       ALCH    p_lightning shield_b
	morrowind.esm       ALCH    p_lightning shield_c
	morrowind.esm       ALCH    p_lightning shield_e
	morrowind.esm       ALCH    p_lightning shield_q
	morrowind.esm       ALCH    p_lightning shield_s
	morrowind.esm       ALCH    p_lovepotion_unique
	morrowind.esm       ALCH    p_magicka_resistance_b
	morrowind.esm       ALCH    p_magicka_resistance_c
	morrowind.esm       ALCH    p_magicka_resistance_e
	morrowind.esm       ALCH    p_magicka_resistance_q
	morrowind.esm       ALCH    p_magicka_resistance_s
	morrowind.esm       ALCH    p_mark_s
	morrowind.esm       ALCH    p_night-eye_b
	morrowind.esm       ALCH    p_night-eye_c
	morrowind.esm       ALCH    p_night-eye_e
	morrowind.esm       ALCH    p_night-eye_q
	morrowind.esm       ALCH    p_night-eye_s
	morrowind.esm       ALCH    p_paralyze_b
	morrowind.esm       ALCH    p_paralyze_c
	morrowind.esm       ALCH    p_paralyze_e
	morrowind.esm       ALCH    p_paralyze_q
	morrowind.esm       ALCH    p_paralyze_s
	morrowind.esm       ALCH    p_poison_resistance_b
	morrowind.esm       ALCH    p_poison_resistance_c
	morrowind.esm       ALCH    p_poison_resistance_e
	morrowind.esm       ALCH    p_poison_resistance_q
	morrowind.esm       ALCH    p_poison_resistance_s
	morrowind.esm       ALCH    p_quarrablood_unique
	morrowind.esm       ALCH    p_recall_s
	morrowind.esm       ALCH    p_reflection_b
	morrowind.esm       ALCH    p_reflection_c
	morrowind.esm       ALCH    p_reflection_e
	morrowind.esm       ALCH    p_reflection_q
	morrowind.esm       ALCH    p_reflection_s
	morrowind.esm       ALCH    p_restore_agility_b
	morrowind.esm       ALCH    p_restore_agility_c
	morrowind.esm       ALCH    p_restore_agility_e
	morrowind.esm       ALCH    p_restore_agility_q
	morrowind.esm       ALCH    p_restore_agility_s
	morrowind.esm       ALCH    p_restore_endurance_b
	morrowind.esm       ALCH    p_restore_endurance_c
	morrowind.esm       ALCH    p_restore_endurance_e
	morrowind.esm       ALCH    p_restore_endurance_q
	morrowind.esm       ALCH    p_restore_endurance_s
	morrowind.esm       ALCH    p_restore_fatigue_b
	morrowind.esm       ALCH    p_restore_fatigue_c
	morrowind.esm       ALCH    p_restore_fatigue_e
	morrowind.esm       ALCH    p_restore_fatigue_q
	morrowind.esm       ALCH    p_restore_fatigue_s
	morrowind.esm       ALCH    p_restore_health_b
	morrowind.esm       ALCH    p_restore_health_c
	morrowind.esm       ALCH    p_restore_health_e
	morrowind.esm       ALCH    p_restore_health_q
	morrowind.esm       ALCH    p_restore_health_s
	morrowind.esm       ALCH    p_restore_intelligence_b
	morrowind.esm       ALCH    p_restore_intelligence_c
	morrowind.esm       ALCH    p_restore_intelligence_e
	morrowind.esm       ALCH    p_restore_intelligence_q
	morrowind.esm       ALCH    p_restore_intelligence_s
	morrowind.esm       ALCH    p_restore_luck_b
	morrowind.esm       ALCH    p_restore_luck_c
	morrowind.esm       ALCH    p_restore_luck_e
	morrowind.esm       ALCH    p_restore_luck_q
	morrowind.esm       ALCH    p_restore_luck_s
	morrowind.esm       ALCH    p_restore_magicka_b
	morrowind.esm       ALCH    p_restore_magicka_c
	morrowind.esm       ALCH    p_restore_magicka_e
	morrowind.esm       ALCH    p_restore_magicka_q
	morrowind.esm       ALCH    p_restore_magicka_s
	morrowind.esm       ALCH    p_restore_personality_b
	morrowind.esm       ALCH    p_restore_personality_c
	morrowind.esm       ALCH    p_restore_personality_e
	morrowind.esm       ALCH    p_restore_personality_q
	morrowind.esm       ALCH    p_restore_personality_s
	morrowind.esm       ALCH    p_restore_speed_b
	morrowind.esm       ALCH    p_restore_speed_c
	morrowind.esm       ALCH    p_restore_speed_e
	morrowind.esm       ALCH    p_restore_speed_q
	morrowind.esm       ALCH    p_restore_speed_s
	morrowind.esm       ALCH    p_restore_strength_b
	morrowind.esm       ALCH    p_restore_strength_c
	morrowind.esm       ALCH    p_restore_strength_e
	morrowind.esm       ALCH    p_restore_strength_q
	morrowind.esm       ALCH    p_restore_strength_s
	morrowind.esm       ALCH    p_restore_willpower_b
	morrowind.esm       ALCH    p_restore_willpower_c
	morrowind.esm       ALCH    p_restore_willpower_e
	morrowind.esm       ALCH    p_restore_willpower_q
	morrowind.esm       ALCH    p_restore_willpower_s
	morrowind.esm       ALCH    p_shock_resistance_b
	morrowind.esm       ALCH    p_shock_resistance_c
	morrowind.esm       ALCH    p_shock_resistance_e
	morrowind.esm       ALCH    p_shock_resistance_q
	morrowind.esm       ALCH    p_shock_resistance_s
	morrowind.esm       ALCH    p_silence_b
	morrowind.esm       ALCH    p_silence_c
	morrowind.esm       ALCH    p_silence_e
	morrowind.esm       ALCH    p_silence_q
	morrowind.esm       ALCH    p_silence_s
	morrowind.esm       ALCH    p_sinyaramen_unique
	morrowind.esm       ALCH    p_slowfall_s
	morrowind.esm       ALCH    p_spell_absorption_b
	morrowind.esm       ALCH    p_spell_absorption_c
	morrowind.esm       ALCH    p_spell_absorption_e
	morrowind.esm       ALCH    p_spell_absorption_q
	morrowind.esm       ALCH    p_spell_absorption_s
	morrowind.esm       ALCH    p_swift_swim_b
	morrowind.esm       ALCH    p_swift_swim_c
	morrowind.esm       ALCH    p_swift_swim_e
	morrowind.esm       ALCH    p_swift_swim_q
	morrowind.esm       ALCH    p_telekinesis_s
	morrowind.esm       ALCH    p_water_breathing_s
	morrowind.esm       ALCH    p_water_walking_s
