Area Effect Projectiles Integrated (PAR Edit).esp: DUP-REC MISSVER OVR-REC
    [OVR-REC] Overridden Records:
	From Master         Type    Name
	bloodmoon.esm       WEAP    bm_ebonyarrow_s
	bloodmoon.esm       WEAP    steel arrow_carnius
	morrowind.esm       CONT    com_chest_02_v_alusaron
	morrowind.esm       CONT    crate_02_thorek_shortsw
	morrowind.esm       CONT    de_p_chest_02_aryne
	morrowind.esm       CONT    de_r_closet_01_vari
	morrowind.esm       LEVI    l_m_wpn_missle_arrow
	morrowind.esm       LEVI    l_m_wpn_missle_bolt
	morrowind.esm       LEVI    random_loot_special_marksman
	morrowind.esm       NPC_    uulernil
	morrowind.esm       WEAP    arrow of wasting flame
	morrowind.esm       WEAP    arrow of wasting shard
	morrowind.esm       WEAP    arrow of wasting spark
	morrowind.esm       WEAP    arrow of wasting viper
	morrowind.esm       WEAP    cruel flame bolt
	morrowind.esm       WEAP    cruel flamearrow
	morrowind.esm       WEAP    cruel frostarrow
	morrowind.esm       WEAP    cruel shard bolt
	morrowind.esm       WEAP    cruel shardarrow
	morrowind.esm       WEAP    cruel spark bolt
	morrowind.esm       WEAP    cruel sparkarrow
	morrowind.esm       WEAP    cruel viper bolt
	morrowind.esm       WEAP    cruel viperarrow
	morrowind.esm       WEAP    dire flame bolt
	morrowind.esm       WEAP    dire flamearrow
	morrowind.esm       WEAP    dire frostarrow
	morrowind.esm       WEAP    dire shard bolt
	morrowind.esm       WEAP    dire shardarrow
	morrowind.esm       WEAP    dire spark bolt
	morrowind.esm       WEAP    dire sparkarrow
	morrowind.esm       WEAP    dire viper bolt
	morrowind.esm       WEAP    flame arrow
	morrowind.esm       WEAP    flame_bolt
	morrowind.esm       WEAP    grey shaft of holding
	morrowind.esm       WEAP    grey shaft of nonsense
	morrowind.esm       WEAP    grey shaft of unraveling
	morrowind.esm       WEAP    shard arrow
	morrowind.esm       WEAP    shard_bolt
	morrowind.esm       WEAP    spark arrow
	morrowind.esm       WEAP    spark_bolt
	morrowind.esm       WEAP    viper arrow
	morrowind.esm       WEAP    viper_bolt
	tribunal.esm        WEAP    dire viperarrow
	tribunal.esm        WEAP    ebony arrow_sadri
