ArtifactsOfLegend and Proper Rare Arms'N'Armor, The Mentor Update (experimental).ESP: AUTOSPL DUP-REC MISSAUT MISSDSC MISSVER OVR-REC
    [AUTOSPL] Auto-calced Spells:
	touched_from_the_grave         Curse Of Lord Brinne
    [DUP-REC] Duplicate Records:
	From Master         Type    Name
	morrowind.esm       ARMO    darksun_shield_unique
	morrowind.esm       ENCH    dragon aura
    [OVR-REC] Overridden Records:
	From Master         Type    Name
	bloodmoon.esm       ARMO    bm_ice_boots
	bloodmoon.esm       ARMO    bm_ice_cuirass
	bloodmoon.esm       ARMO    bm_ice_gauntletl
	bloodmoon.esm       ARMO    bm_ice_gauntletr
	bloodmoon.esm       ARMO    bm_ice_greaves
	bloodmoon.esm       ARMO    bm_ice_helmet
	bloodmoon.esm       ARMO    bm_ice_pauldronl
	bloodmoon.esm       ARMO    bm_ice_pauldronr
	bloodmoon.esm       ARMO    bm_ice_shield
	bloodmoon.esm       ARMO    bm_nordicmail_boots
	bloodmoon.esm       ARMO    bm_nordicmail_cuirass
	bloodmoon.esm       ARMO    bm_nordicmail_gauntletl
	bloodmoon.esm       ARMO    bm_nordicmail_gauntletr
	bloodmoon.esm       ARMO    bm_nordicmail_greaves
	bloodmoon.esm       ARMO    bm_nordicmail_helmet
	bloodmoon.esm       ARMO    bm_nordicmail_pauldronl
	bloodmoon.esm       ARMO    bm_nordicmail_pauldronr
	bloodmoon.esm       ARMO    bm_nordicmail_shield
	bloodmoon.esm       ARMO    templar_helmet_armor
	bloodmoon.esm       ENCH    bm_aesliip
	bloodmoon.esm       ENCH    bm_amulspd
	bloodmoon.esm       ENCH    bm_amulstr
	bloodmoon.esm       ENCH    bm_hunterspear
	bloodmoon.esm       ENCH    bm_icefire
	bloodmoon.esm       ENCH    bm_mace
	bloodmoon.esm       ENCH    snowprince_en
	bloodmoon.esm       WEAP    bm ice dagger
	bloodmoon.esm       WEAP    bm ice longsword
	bloodmoon.esm       WEAP    bm ice longsword_fg_unique
	bloodmoon.esm       WEAP    bm ice mace
	bloodmoon.esm       WEAP    bm ice war axe
	bloodmoon.esm       WEAP    bm_hunterspear_unique
	bloodmoon.esm       WEAP    daedric dagger
	bloodmoon.esm       WEAP    daedric mace
	bloodmoon.esm       WEAP    nordic claymore_stormfang
	bloodmoon.esm       WEAP    steel spear snow prince
	morrowind.esm       ARMO    azura's servant
	morrowind.esm       ARMO    bloodworm_helm_unique
	morrowind.esm       ARMO    boots of blinding speed[unique]
	morrowind.esm       ARMO    boots_apostle_unique
	morrowind.esm       ARMO    cuirass_savior_unique
	morrowind.esm       ARMO    daedric_boots
	morrowind.esm       ARMO    daedric_cuirass
	morrowind.esm       ARMO    daedric_cuirass_htab
	morrowind.esm       ARMO    daedric_fountain_helm
	morrowind.esm       ARMO    daedric_gauntlet_left
	morrowind.esm       ARMO    daedric_gauntlet_right
	morrowind.esm       ARMO    daedric_god_helm
	morrowind.esm       ARMO    daedric_greaves
	morrowind.esm       ARMO    daedric_greaves_htab
	morrowind.esm       ARMO    daedric_helm_clavicusvile
	morrowind.esm       ARMO    daedric_pauldron_left
	morrowind.esm       ARMO    daedric_pauldron_right
	morrowind.esm       ARMO    daedric_shield
	morrowind.esm       ARMO    daedric_terrifying_helm
	morrowind.esm       ARMO    daedric_towershield
	morrowind.esm       ARMO    dragonbone_cuirass_unique
	morrowind.esm       ARMO    dragonscale_cuirass
	morrowind.esm       ARMO    dragonscale_helm
	morrowind.esm       ARMO    dragonscale_towershield
	morrowind.esm       ARMO    ebon_plate_cuirass_unique
	morrowind.esm       ARMO    ebony_closed_helm_fghl
	morrowind.esm       ARMO    ebony_shield_auriel
	morrowind.esm       ARMO    gauntlet _horny_fist_l
	morrowind.esm       ARMO    gauntlet_fists_l_unique
	morrowind.esm       ARMO    gauntlet_fists_r_unique
	morrowind.esm       ARMO    gauntlet_horny_fist_r
	morrowind.esm       ARMO    helm_bearclaw_unique
	morrowind.esm       ARMO    imperial boots
	morrowind.esm       ARMO    imperial helmet armor
	morrowind.esm       ARMO    imperial left gauntlet
	morrowind.esm       ARMO    imperial left pauldron
	morrowind.esm       ARMO    imperial right gauntlet
	morrowind.esm       ARMO    imperial right pauldron
	morrowind.esm       ARMO    imperial shield
	morrowind.esm       ARMO    imperial_chain_coif_helm
	morrowind.esm       ARMO    imperial_greaves
	morrowind.esm       ARMO    imperial_helm_frald_uniq
	morrowind.esm       ARMO    indoril boots
	morrowind.esm       ARMO    indoril left gauntlet
	morrowind.esm       ARMO    indoril pauldron left
	morrowind.esm       ARMO    indoril pauldron right
	morrowind.esm       ARMO    indoril right gauntlet
	morrowind.esm       ARMO    indoril shield
	morrowind.esm       ARMO    lords_cuirass_unique
	morrowind.esm       ARMO    newtscale_cuirass
	morrowind.esm       ARMO    silver_cuirass
	morrowind.esm       ARMO    silver_helm
	morrowind.esm       ARMO    spell_breaker_unique
	morrowind.esm       ARMO    spirit of indoril
	morrowind.esm       ARMO    succour of indoril
	morrowind.esm       ARMO    templar boots
	morrowind.esm       ARMO    templar bracer left
	morrowind.esm       ARMO    templar bracer right
	morrowind.esm       ARMO    templar_greaves
	morrowind.esm       ARMO    templar_pauldron_left
	morrowind.esm       ARMO    templar_pauldron_right
	morrowind.esm       ARMO    tenpaceboots
	morrowind.esm       ARMO    wraithguard
	morrowind.esm       CONT    urn_ash_brinne00_unique
	morrowind.esm       CREA    bonelord
	morrowind.esm       ENCH    aura of khajiit
	morrowind.esm       ENCH    azura's ring
	morrowind.esm       ENCH    bitter mercy
	morrowind.esm       ENCH    blinding speed
	morrowind.esm       ENCH    bluebrand
	morrowind.esm       ENCH    chameleon dance
	morrowind.esm       ENCH    chrysamere_en
	morrowind.esm       ENCH    crescent moon
	morrowind.esm       ENCH    dagger_mtas
	morrowind.esm       ENCH    denstagmer's ward
	morrowind.esm       ENCH    dynamic horny fist_en
	morrowind.esm       ENCH    eleidon's grace
	morrowind.esm       ENCH    father's hand_en
	morrowind.esm       ENCH    god's fire_en
	morrowind.esm       ENCH    goldbrand
	morrowind.esm       ENCH    hasedoki's hand
	morrowind.esm       ENCH    haynekhtnamet's wrath
	morrowind.esm       ENCH    hircine's blessing
	morrowind.esm       ENCH    hortatorbelt_uniq
	morrowind.esm       ENCH    hortatorring_uniq
	morrowind.esm       ENCH    hortatorrobe_uniq
	morrowind.esm       ENCH    keening_en
	morrowind.esm       ENCH    lord's praise
	morrowind.esm       ENCH    mace of molag bal_en
	morrowind.esm       ENCH    magnus' wrath
	morrowind.esm       ENCH    masque of clavicus
	morrowind.esm       ENCH    mehrune's razor_en
	morrowind.esm       ENCH    monarch's dirge
	morrowind.esm       ENCH    moon_and_star_en
	morrowind.esm       ENCH    phynaster's barrier
	morrowind.esm       ENCH    spell breaker
	morrowind.esm       ENCH    stfelms_en
	morrowind.esm       ENCH    stllothis_en
	morrowind.esm       ENCH    sunder_rev2_en
	morrowind.esm       ENCH    the master's circle
	morrowind.esm       ENCH    umbra's hunger
	morrowind.esm       ENCH    vampire's kiss_en
	morrowind.esm       ENCH    warlock's sphere
	morrowind.esm       ENCH    weight of the apostle
	morrowind.esm       ENCH    wind whisper
	morrowind.esm       ENCH    wraithguard_en
	morrowind.esm       LOCK    skeleton_key
	morrowind.esm       WEAP    6th bell hammer
	morrowind.esm       WEAP    claymore_chrysamere_unique
	morrowind.esm       WEAP    claymore_iceblade_unique
	morrowind.esm       WEAP    cleaverstfelms
	morrowind.esm       WEAP    crosierstllothis
	morrowind.esm       WEAP    daedric arrow
	morrowind.esm       WEAP    daedric battle axe
	morrowind.esm       WEAP    daedric claymore
	morrowind.esm       WEAP    daedric club
	morrowind.esm       WEAP    daedric dagger_mtas
	morrowind.esm       WEAP    daedric dagger_soultrap
	morrowind.esm       WEAP    daedric dai-katana
	morrowind.esm       WEAP    daedric dart
	morrowind.esm       WEAP    daedric katana
	morrowind.esm       WEAP    daedric long bow
	morrowind.esm       WEAP    daedric longsword
	morrowind.esm       WEAP    daedric shortsword
	morrowind.esm       WEAP    daedric spear
	morrowind.esm       WEAP    daedric staff
	morrowind.esm       WEAP    daedric tanto
	morrowind.esm       WEAP    daedric wakizashi
	morrowind.esm       WEAP    daedric war axe
	morrowind.esm       WEAP    daedric warhammer
	morrowind.esm       WEAP    daedric warhammer_ttgd
	morrowind.esm       WEAP    daedric_crescent_unique
	morrowind.esm       WEAP    daedric_scourge_unique
	morrowind.esm       WEAP    dagger_fang_unique
	morrowind.esm       WEAP    dwarven_hammer_volendrung
	morrowind.esm       WEAP    ebony_bow_auriel
	morrowind.esm       WEAP    glass claymore_magebane
	morrowind.esm       WEAP    katana_bluebrand_unique
	morrowind.esm       WEAP    katana_goldbrand_unique
	morrowind.esm       WEAP    keening
	morrowind.esm       WEAP    longbow_shadows_unique
	morrowind.esm       WEAP    mace of molag bal_unique
	morrowind.esm       WEAP    mehrunes'_razor_unique
	morrowind.esm       WEAP    spear_mercy_unique
	morrowind.esm       WEAP    staff_hasedoki_unique
	morrowind.esm       WEAP    staff_magnus_unique
	morrowind.esm       WEAP    sunder
	morrowind.esm       WEAP    warhammer_crusher_unique
	tribunal.esm        ARMO    adamantium boots
	tribunal.esm        ARMO    adamantium_bracer_left
	tribunal.esm        ARMO    adamantium_bracer_right
	tribunal.esm        ARMO    adamantium_cuirass
	tribunal.esm        ARMO    adamantium_greaves
	tribunal.esm        ARMO    adamantium_helm
	tribunal.esm        ARMO    adamantium_pauldron_left
	tribunal.esm        ARMO    adamantium_pauldron_right
	tribunal.esm        ARMO    addamantium_helm
	tribunal.esm        ARMO    imperial_chain_greaves
	tribunal.esm        ARMO    imperial_chain_pauldron_left
	tribunal.esm        ARMO    imperial_chain_pauldron_right
	tribunal.esm        ARMO    imperial_studded_cuirass
	tribunal.esm        ARMO    indoril_almalexia_boots
	tribunal.esm        ARMO    indoril_almalexia_gauntlet_l
	tribunal.esm        ARMO    indoril_almalexia_gauntlet_r
	tribunal.esm        ARMO    indoril_almalexia_greaves
	tribunal.esm        ARMO    indoril_almalexia_pauldron_l
	tribunal.esm        ARMO    indoril_almalexia_pauldron_r
	tribunal.esm        ARMO    indoril_almalexia_shield
	tribunal.esm        ARMO    indoril_mh_guard_boots
	tribunal.esm        ARMO    indoril_mh_guard_gauntlet_l
	tribunal.esm        ARMO    indoril_mh_guard_gauntlet_r
	tribunal.esm        ARMO    indoril_mh_guard_greaves
	tribunal.esm        ARMO    indoril_mh_guard_pauldron_l
	tribunal.esm        ARMO    indoril_mh_guard_pauldron_r
	tribunal.esm        ARMO    indoril_mh_guard_shield
	tribunal.esm        ARMO    silver_helm_uvenim
	tribunal.esm        ARMO    towershield_eleidon_unique
	tribunal.esm        ENCH    bipolar blade_en
	tribunal.esm        ENCH    dagger_symmachus_en
	tribunal.esm        ENCH    nerevar_blade
	tribunal.esm        ENCH    stendarr_hammer_en
	tribunal.esm        WEAP    adamantium_axe
	tribunal.esm        WEAP    adamantium_claymore
	tribunal.esm        WEAP    adamantium_mace
	tribunal.esm        WEAP    adamantium_shortsword
	tribunal.esm        WEAP    adamantium_shortsword_db
	tribunal.esm        WEAP    adamantium_spear
	tribunal.esm        WEAP    bipolar blade
	tribunal.esm        WEAP    glass dagger_symmachus_unique
	tribunal.esm        WEAP    nerevarblade_01
	tribunal.esm        WEAP    stendar_hammer_unique
	tribunal.esm        WEAP    sword of almalexia
