Arukinn-style signposts for TR.ESP: DUP-REC MASTERS MISSVER NUMRECS OVR-REC
    MASTERS: out of sync with the masters installed in your Data Files directory:
	Tamriel_Data.esm             7344508 (plugin)   11064795 (installed size)
	TR_Mainland.esm            110316644 (plugin)  163244128 (installed size)
    [NUMRECS]: number of records in TES3.HEDR (94) != Actual count (91)
    [OVR-REC] Overridden Records:
	From Master         Type    Name
	tamriel_data.esm    ACTI    t_com_setmw_signakamora_01
	tamriel_data.esm    ACTI    t_com_setmw_signakamorab_01
	tamriel_data.esm    ACTI    t_com_setmw_signakamorae_01
	tamriel_data.esm    ACTI    t_com_setmw_signakamoram_01
	tamriel_data.esm    ACTI    t_com_setmw_signakamoran_01
	tamriel_data.esm    ACTI    t_com_setmw_signaldmarak_01
	tamriel_data.esm    ACTI    t_com_setmw_signwayadurinoua_01
	tamriel_data.esm    ACTI    t_com_setmw_signwayaegondopo_01
	tamriel_data.esm    ACTI    t_com_setmw_signwayaimrah_01
	tamriel_data.esm    ACTI    t_com_setmw_signwayalmalexia_01
	tamriel_data.esm    ACTI    t_com_setmw_signwayalmalexia_02
	tamriel_data.esm    ACTI    t_com_setmw_signwayalmalexii_01
	tamriel_data.esm    ACTI    t_com_setmw_signwayalmalexiw_01
	tamriel_data.esm    ACTI    t_com_setmw_signwayalmasthrr_01
	tamriel_data.esm    ACTI    t_com_setmw_signwayalmasthrr_02
	tamriel_data.esm    ACTI    t_com_setmw_signwayaltbosara_01
	tamriel_data.esm    ACTI    t_com_setmw_signwayaltbosara_02
	tamriel_data.esm    ACTI    t_com_setmw_signwayammar_01
	tamriel_data.esm    ACTI    t_com_setmw_signwayandothren_01
	tamriel_data.esm    ACTI    t_com_setmw_signwayarvud_01
	tamriel_data.esm    ACTI    t_com_setmw_signwayashamul_01
	tamriel_data.esm    ACTI    t_com_setmw_signwaybaanmalur_02
	tamriel_data.esm    ACTI    t_com_setmw_signwaybaloyra_01
	tamriel_data.esm    ACTI    t_com_setmw_signwaybodrem_01
	tamriel_data.esm    ACTI    t_com_setmw_signwayboelighth_01
	tamriel_data.esm    ACTI    t_com_setmw_signwaybosmora_01
	tamriel_data.esm    ACTI    t_com_setmw_signwaycormar_02
	tamriel_data.esm    ACTI    t_com_setmw_signwaydondril_01
	tamriel_data.esm    ACTI    t_com_setmw_signwaydondril_02
	tamriel_data.esm    ACTI    t_com_setmw_signwaydreynim_01
	tamriel_data.esm    ACTI    t_com_setmw_signwaydreynimsp_01
	tamriel_data.esm    ACTI    t_com_setmw_signwaydunakafel_01
	tamriel_data.esm    ACTI    t_com_setmw_signwayenamorday_01
	tamriel_data.esm    ACTI    t_com_setmw_signwayfelmsi_01
	tamriel_data.esm    ACTI    t_com_setmw_signwayfirewat_01
	tamriel_data.esm    ACTI    t_com_setmw_signwayfirewata_01
	tamriel_data.esm    ACTI    t_com_setmw_signwayfortancyl_01
	tamriel_data.esm    ACTI    t_com_setmw_signwayfortlute_01
	tamriel_data.esm    ACTI    t_com_setmw_signwayfortumber_01
	tamriel_data.esm    ACTI    t_com_setmw_signwayfortwindm_01
	tamriel_data.esm    ACTI    t_com_setmw_signwaygorneb_01
	tamriel_data.esm    ACTI    t_com_setmw_signwayhelnim_01
	tamriel_data.esm    ACTI    t_com_setmw_signwayhlabulor_02
	tamriel_data.esm    ACTI    t_com_setmw_signwayhlersis_01
	tamriel_data.esm    ACTI    t_com_setmw_signwayidvano_01
	tamriel_data.esm    ACTI    t_com_setmw_signwayildrim_01
	tamriel_data.esm    ACTI    t_com_setmw_signwaykartur_01
	tamriel_data.esm    ACTI    t_com_setmw_signwaykemelze_01
	tamriel_data.esm    ACTI    t_com_setmw_signwayknockerspass
	tamriel_data.esm    ACTI    t_com_setmw_signwaykogomar_02
	tamriel_data.esm    ACTI    t_com_setmw_signwaykogotel_01
	tamriel_data.esm    ACTI    t_com_setmw_signwaykogotel_02
	tamriel_data.esm    ACTI    t_com_setmw_signwaykragenmar_01
	tamriel_data.esm    ACTI    t_com_setmw_signwaykuhnmar_02
	tamriel_data.esm    ACTI    t_com_setmw_signwayllothanis_01
	tamriel_data.esm    ACTI    t_com_setmw_signwayllothanis_02
	tamriel_data.esm    ACTI    t_com_setmw_signwaymarketstr_01
	tamriel_data.esm    ACTI    t_com_setmw_signwaymarog_01
	tamriel_data.esm    ACTI    t_com_setmw_signwaymenaan_01
	tamriel_data.esm    ACTI    t_com_setmw_signwaymeralag_01
	tamriel_data.esm    ACTI    t_com_setmw_signwaynecrom_01
	tamriel_data.esm    ACTI    t_com_setmw_signwaynecrom_02
	tamriel_data.esm    ACTI    t_com_setmw_signwayoldebonh_01
	tamriel_data.esm    ACTI    t_com_setmw_signwayoldebonh_02
	tamriel_data.esm    ACTI    t_com_setmw_signwayothrensis_01
	tamriel_data.esm    ACTI    t_com_setmw_signwayquarryo_01
	tamriel_data.esm    ACTI    t_com_setmw_signwayquarryp_01
	tamriel_data.esm    ACTI    t_com_setmw_signwayranyonru_01
	tamriel_data.esm    ACTI    t_com_setmw_signwayranyonru_02
	tamriel_data.esm    ACTI    t_com_setmw_signwayranyonrue_01
	tamriel_data.esm    ACTI    t_com_setmw_signwayriftpass_02
	tamriel_data.esm    ACTI    t_com_setmw_signwayroadyr_01
	tamriel_data.esm    ACTI    t_com_setmw_signwayrothmine
	tamriel_data.esm    ACTI    t_com_setmw_signwaysailen_01
	tamriel_data.esm    ACTI    t_com_setmw_signwaysarvanni_01
	tamriel_data.esm    ACTI    t_com_setmw_signwayseitur_01
	tamriel_data.esm    ACTI    t_com_setmw_signwayserynthul_01
	tamriel_data.esm    ACTI    t_com_setmw_signwaytahvel_01
	tamriel_data.esm    ACTI    t_com_setmw_signwaytear_01
	tamriel_data.esm    ACTI    t_com_setmw_signwaytelmothri_01
	tamriel_data.esm    ACTI    t_com_setmw_signwaytelmothri_02
	tamriel_data.esm    ACTI    t_com_setmw_signwaytelmuthad_01
	tamriel_data.esm    ACTI    t_com_setmw_signwaytelouada_01
	tamriel_data.esm    ACTI    t_com_setmw_signwaytelouadaa_01
	tamriel_data.esm    ACTI    t_com_setmw_signwayteyn_01
	tamriel_data.esm    ACTI    t_com_setmw_signwaythalothe_01
	tamriel_data.esm    ACTI    t_com_setmw_signwaytheinnbet_01
	tamriel_data.esm    ACTI    t_com_setmw_signwaytomarilma_01
	tamriel_data.esm    ACTI    t_com_setmw_signwayverarchen_01
	tamriel_data.esm    ACTI    t_com_setmw_signwayvhul_01
	tamriel_data.esm    ACTI    t_com_setmw_signwayvhul_02
