Arvesa - An Armigers Tale.ESP: DUP-INF DUP-REC FOGBUG GETSND JUNKCEL MASTERS MENUMOD MISSVER OVR-REC
    MASTERS: out of sync with the masters installed in your Data Files directory:
	Tamriel_Data.esm            10684550 (plugin)   11064795 (installed size)
	OAAB_Data.esm                1384891 (plugin)    1567893 (installed size)
    [FOGBUG]: Cells with zero fog density setting:
	Mind of the Sleeper, Nightmare
    [GETSND] GetSoundPlaying possibly used to detect events:
	SCPT(OR_Ves_Knockout)
	SCPT(OR_VessScript)
    [MENUMOD] Scripts not checking menumode:
	SCPT(OR_Alno_Centurion)
	SCPT(OR_Ansi_DoorCheck)
	SCPT(OR_Ansi_GuardTrig)
	SCPT(OR_Ansi_KeyCheck)
	SCPT(OR_Ansi_LootBarrier)
	SCPT(OR_BrevelDayCount)
	SCPT(OR_Den_Barricade)
	SCPT(OR_DreamMain)
	SCPT(OR_DreamStart)
	SCPT(OR_Dream_Catcher1)
	SCPT(OR_Dream_Catcher2)
	SCPT(OR_Dream_HallSpook)
	SCPT(OR_Dreyns2)
	SCPT(OR_DreynsMain)
	SCPT(OR_Ervesa2)
	SCPT(OR_Ervesa3)
	SCPT(OR_ErvesaMain)
	SCPT(OR_FaralAppear)
	SCPT(OR_FaralTele1)
	SCPT(OR_FaralTele2)
	SCPT(OR_FuseFixedStatic)
	SCPT(OR_Guartoy)
	SCPT(OR_Llevena2)
	SCPT(OR_LlevenaMain)
	SCPT(OR_Naralos2)
	SCPT(OR_Odron2)
	SCPT(OR_Odron3)
	SCPT(OR_OdronMain)
	SCPT(OR_Runa)
	SCPT(OR_Runa2)
	SCPT(OR_Runeoff)
	SCPT(OR_SoundScaffolding)
	SCPT(OR_SudRel_ExtDoor)
	SCPT(OR_SudRel_PlatCheck)
	SCPT(OR_Sul_Check)
	SCPT(OR_Thiona)
	SCPT(OR_Thiona2)
	SCPT(OR_Tong_Ambush1)
	SCPT(OR_Tong_Ambush2)
	SCPT(OR_VeddDeadScript)
	SCPT(OR_VesAttrib)
	SCPT(OR_Ves_Level)
	SCPT(OR_Ves_Magicka)
	SCPT(OR_Ves_Sleep)
	SCPT(OR_Ves_StartScript)
	SCPT(OR_VessSkills)
    [JUNKCEL] Junk Cells:                        Flags
	Azura's Coast Region (13, -9)            0x02
    [OVR-REC] Overridden Records:
	From Master         Type    Name
	bloodmoon.esm       DIAL    flee
	morrowind.esm       DIAL    admire fail
	morrowind.esm       DIAL    admire success
	morrowind.esm       DIAL    ashlanders
	morrowind.esm       DIAL    balmora
	morrowind.esm       DIAL    bribe fail
	morrowind.esm       DIAL    bribe success
	morrowind.esm       DIAL    buoyant armigers
	morrowind.esm       DIAL    disturbing dreams
	morrowind.esm       DIAL    ghostgate
	morrowind.esm       DIAL    go free
	morrowind.esm       DIAL    hassour zainsubani
	morrowind.esm       DIAL    info refusal
	morrowind.esm       DIAL    intimidate success
	morrowind.esm       DIAL    mavon drenim
	morrowind.esm       DIAL    necromancers
	morrowind.esm       DIAL    ordinators
	morrowind.esm       DIAL    sharn gra-muzgob
	morrowind.esm       DIAL    sixth house
	morrowind.esm       DIAL    taunt fail
	morrowind.esm       DIAL    taunt success
	morrowind.esm       NPC_    abanji
	morrowind.esm       NPC_    ano andaram
	morrowind.esm       NPC_    baleni salavel
	morrowind.esm       NPC_    birer indaram
	morrowind.esm       NPC_    bolvus ieneth
	morrowind.esm       NPC_    drelyne llenim
	morrowind.esm       NPC_    dreyns nelas
	morrowind.esm       NPC_    enar dralor
	morrowind.esm       NPC_    ervesa romandas
	morrowind.esm       NPC_    galdal omayn
	morrowind.esm       NPC_    high-heart
	morrowind.esm       NPC_    khamuzi
	morrowind.esm       NPC_    llevena sendas
	morrowind.esm       NPC_    llondresa reloth
	morrowind.esm       NPC_    nireli farys
	morrowind.esm       NPC_    nord dancer girl
	morrowind.esm       NPC_    odron omoran
	morrowind.esm       NPC_    salyn sarethi
	morrowind.esm       NPC_    stream-murk
	morrowind.esm       NPC_    taves aralen
	morrowind.esm       NPC_    tern-feather
	morrowind.esm       NPC_    tidros indaram
	morrowind.esm       NPC_    tuvenie varam
	morrowind.esm       NPC_    ulms drathen
	morrowind.esm       PGRD    molag mar
	morrowind.esm       PGRD    molag mar, st. veloth's hostel
	morrowind.esm       PGRD    molag mar, the pilgrim's rest
	morrowind.esm       PGRD    molag mar, waistworks
	oaab_data.esm       DOOR    ab_door_portalfire
	tamriel_data.esm    DIAL    thief
	tribunal.esm        DIAL    attack
	tribunal.esm        DIAL    background
	tribunal.esm        DIAL    camonna tong
	tribunal.esm        DIAL    favor
	tribunal.esm        DIAL    greeting 0
	tribunal.esm        DIAL    greeting 1
	tribunal.esm        DIAL    greeting 5
	tribunal.esm        DIAL    hello
	tribunal.esm        DIAL    hit
	tribunal.esm        DIAL    idle
	tribunal.esm        DIAL    little advice
	tribunal.esm        DIAL    my trade

[DUP-INF]: ID=875317795149451008(Greeting:greeting 0)
  |DATA|FNAM:Royal Guard|NAME:Halt!  The King suspected you might try something treacherous with his champion. He cannot allow this to continue. By order of His Royal Highness King Hlaalu Helseth, Duke of Mournhold, you are ordered to accompany me to the prison until His Highness deems you fit to engage in the agreed-upon contest.|SCVR:02sX0KarrodCheapShot|INTV|SCVR:17XX0karrod|INTV|BNAM:Set KarrodCheapShot to 0  StartScript "GoToJailWhenDone"  Goodbye
