Ashlander Silt Skiff.ESP: DUP-REC MASTERS MENUMOD MISSVER OVR-REC
    MASTERS: out of sync with the masters installed in your Data Files directory:
	Wares-base.esm                299850 (plugin)      82499 (installed size)
    [MENUMOD] Scripts not checking menumode:
	SCPT(JXSiltSkiffScript01)
	SCPT(JXSiltSkiffScript04)
	SCPT(JXSiltSkiffScript07)
	SCPT(JXSiltSkiffScript10)
	SCPT(JXSiltSkiffScript13)
	SCPT(JXSiltSkiffScript16)
	SCPT(JXSiltSkiffScript19)
	SCPT(JXSiltSkiffScript22)
	SCPT(JXSiltSkiffScript25)
    [OVR-REC] Overridden Records:
	From Master         Type    Name
	morrowind.esm       DIAL    balur salvu
	morrowind.esm       DIAL    corky
	morrowind.esm       DIAL    dren plantation
	morrowind.esm       DIAL    suran
	tribunal.esm        DIAL    greeting 1
	tribunal.esm        DIAL    my trade
