Imperial Stables BCOM.ESP: DUP-REC MASTERS MISSAUT MISSDSC MISSVER OVR-REC
    MASTERS: out of sync with the masters installed in your Data Files directory:
	OAAB_Data.esm                1257273 (plugin)    1567893 (installed size)
	Wares-base.esm                131281 (plugin)      82499 (installed size)
	Tamriel_Data.esm             8787443 (plugin)   11064795 (installed size)
    [DUP-REC] Duplicate Records:
	From Master         Type    Name
	tribunal.esm        LTEX    ai_grass_cobbles
	tribunal.esm        LTEX    ai_grass_rocky
	tribunal.esm        LTEX    rm_rock_01
	tribunal.esm        LTEX    rock_coastal
    [OVR-REC] Overridden Records:
	From Master         Type    Name
	bloodmoon.esm       LTEX    ac_darkgravel
	bloodmoon.esm       LTEX    sand_02
	morrowind.esm       LAND    (-2, 5)
	morrowind.esm       LAND    (1, -13)
	morrowind.esm       LAND    (18, 3)
	morrowind.esm       LTEX    ac_darkstone01
	morrowind.esm       LTEX    ac_darkstone02
	morrowind.esm       LTEX    ac_darkstone_grass
	morrowind.esm       LTEX    ac_dirtroad_01
	morrowind.esm       LTEX    ac_roundstone
	morrowind.esm       LTEX    al_ash_01
	morrowind.esm       LTEX    al_road_01
	morrowind.esm       LTEX    rm_redrock
	morrowind.esm       LTEX    tx_ai_mudflats_01.tga
	tribunal.esm        LTEX    ai_grass
	tribunal.esm        LTEX    ai_grass_02
	tribunal.esm        LTEX    ai_grass_dirt
	tribunal.esm        LTEX    rm_grayrock
