Ingredients Galore v1.0.esp: DUP-REC MISSVER OVR-REC
    [OVR-REC] Overridden Records:
	From Master         Type    Name
	bloodmoon.esm       CONT    flora_bm_belladonna_01
	bloodmoon.esm       CONT    flora_bm_belladonna_02
	bloodmoon.esm       CONT    flora_bm_belladonna_03
	bloodmoon.esm       CONT    flora_bm_holly_01
	bloodmoon.esm       CONT    flora_bm_holly_02
	bloodmoon.esm       CONT    flora_bm_holly_04
	bloodmoon.esm       CONT    flora_bm_holly_05
	bloodmoon.esm       CONT    flora_bm_holly_06
	bloodmoon.esm       LEVI    random_bear_pelt
	bloodmoon.esm       LEVI    random_belladonna_spriggan
	bloodmoon.esm       LEVI    random_boar_leather
	bloodmoon.esm       LEVI    random_gravetar
	bloodmoon.esm       LEVI    random_heartwood
	bloodmoon.esm       LEVI    random_holly
	bloodmoon.esm       LEVI    random_horker_tusk
	bloodmoon.esm       LEVI    random_unripened_belladonna
	bloodmoon.esm       LEVI    random_wolf_pelt
	morrowind.esm       CONT    flora_black_lichen_01
	morrowind.esm       CONT    flora_black_lichen_02
	morrowind.esm       CONT    flora_comberry_01
	morrowind.esm       CONT    flora_corkbulb
	morrowind.esm       CONT    flora_fire_fern_01
	morrowind.esm       CONT    flora_fire_fern_02
	morrowind.esm       CONT    flora_fire_fern_03
	morrowind.esm       CONT    flora_gold_kanet_01
	morrowind.esm       CONT    flora_gold_kanet_02
	morrowind.esm       CONT    flora_green_lichen_01
	morrowind.esm       CONT    flora_green_lichen_02
	morrowind.esm       CONT    flora_hackle-lo_01
	morrowind.esm       CONT    flora_hackle-lo_02
	morrowind.esm       CONT    flora_kreshweed_01
	morrowind.esm       CONT    flora_kreshweed_02
	morrowind.esm       CONT    flora_kreshweed_03
	morrowind.esm       CONT    flora_marshmerrow_01
	morrowind.esm       CONT    flora_marshmerrow_02
	morrowind.esm       CONT    flora_marshmerrow_03
	morrowind.esm       CONT    flora_red_lichen_01
	morrowind.esm       CONT    flora_red_lichen_02
	morrowind.esm       CONT    flora_rm_scathecraw_01
	morrowind.esm       CONT    flora_rm_scathecraw_02
	morrowind.esm       CONT    flora_roobrush_02
	morrowind.esm       CONT    flora_saltrice_01
	morrowind.esm       CONT    flora_saltrice_02
	morrowind.esm       CONT    flora_willow_flower_01
	morrowind.esm       CONT    flora_willow_flower_02
	morrowind.esm       LEVI    random_alit_hide
	morrowind.esm       LEVI    random_ampoule_pod
	morrowind.esm       LEVI    random_ash_salts
	morrowind.esm       LEVI    random_ash_yam
	morrowind.esm       LEVI    random_bittergreen_petals
	morrowind.esm       LEVI    random_black_anther
	morrowind.esm       LEVI    random_black_lichen
	morrowind.esm       LEVI    random_bonemeal
	morrowind.esm       LEVI    random_bunglers_bane
	morrowind.esm       LEVI    random_coda_flower
	morrowind.esm       LEVI    random_comberry
	morrowind.esm       LEVI    random_corkbulb_root
	morrowind.esm       LEVI    random_corprus_weepings
	morrowind.esm       LEVI    random_crab_meat
	morrowind.esm       LEVI    random_daedra_heart
	morrowind.esm       LEVI    random_daedra_skin
	morrowind.esm       LEVI    random_diamond
	morrowind.esm       LEVI    random_dreugh_wax
	morrowind.esm       LEVI    random_ectoplasm
	morrowind.esm       LEVI    random_fire_petal
	morrowind.esm       LEVI    random_fire_salts
	morrowind.esm       LEVI    random_frost_salts
	morrowind.esm       LEVI    random_gem
	morrowind.esm       LEVI    random_gold_kanet
	morrowind.esm       LEVI    random_green_lichen
	morrowind.esm       LEVI    random_guar_hide
	morrowind.esm       LEVI    random_hackle-lo_leaf
	morrowind.esm       LEVI    random_heather
	morrowind.esm       LEVI    random_hound_meat
	morrowind.esm       LEVI    random_hypha_facia
	morrowind.esm       LEVI    random_kagouti_hide
	morrowind.esm       LEVI    random_kresh_fiber
	morrowind.esm       LEVI    random_kwama egg
	morrowind.esm       LEVI    random_kwama_cuttle
	morrowind.esm       LEVI    random_marshmerrow
	morrowind.esm       LEVI    random_moon_sugar
	morrowind.esm       LEVI    random_muck
	morrowind.esm       LEVI    random_netch_leather
	morrowind.esm       LEVI    random_pearl
	morrowind.esm       LEVI    random_racer_plumes
	morrowind.esm       LEVI    random_rat_meat
	morrowind.esm       LEVI    random_rawglass
	morrowind.esm       LEVI    random_red_lichen
	morrowind.esm       LEVI    random_roobrush
	morrowind.esm       LEVI    random_russula
	morrowind.esm       LEVI    random_saltrice
	morrowind.esm       LEVI    random_scales
	morrowind.esm       LEVI    random_scamp_skin
	morrowind.esm       LEVI    random_scathecraw
	morrowind.esm       LEVI    random_scrap_metal
	morrowind.esm       LEVI    random_scrib_jelly
	morrowind.esm       LEVI    random_shalk_resin
	morrowind.esm       LEVI    random_stoneflower_petals
	morrowind.esm       LEVI    random_trama_root
	morrowind.esm       LEVI    random_void_salts
	morrowind.esm       LEVI    random_wickwheat
	morrowind.esm       LEVI    random_willow_anther
	tribunal.esm        CONT    flora_plant_04
	tribunal.esm        CONT    flora_plant_05
	tribunal.esm        CONT    flora_plant_06
	tribunal.esm        CONT    flora_plant_07
	tribunal.esm        CONT    flora_sedge_01
	tribunal.esm        CONT    flora_sedge_02
	tribunal.esm        LEVI    random_bulbs
	tribunal.esm        LEVI    random_cabbage
	tribunal.esm        LEVI    random_golden_sedge
	tribunal.esm        LEVI    random_noble_sedge
	tribunal.esm        LEVI    random_spines
	tribunal.esm        LEVI    random_stalks
	tribunal.esm        LEVI    random_sweetpulp
	tribunal.esm        LEVI    random_timsa
