Izi cities -  Ebonheart_tweaked.esp: DUP-REC MENUMOD OVR-REC
    [MENUMOD] Scripts not checking menumode:
	SCPT(izi_default_all)
	SCPT(izi_fireplace01a)
	SCPT(izi_switchlantern01a)
    [DUP-REC] Duplicate Records:
	From Master         Type    Name
	tribunal.esm        LTEX    rock_coastal
    [OVR-REC] Overridden Records:
	From Master         Type    Name
	bloodmoon.esm       LTEX    sand_02
	morrowind.esm       DIAL    greeting 3
	morrowind.esm       LAND    (0, -13)
	morrowind.esm       LAND    (1, -12)
	morrowind.esm       LAND    (1, -13)
	morrowind.esm       LAND    (2, -12)
	morrowind.esm       LAND    (2, -13)
	morrowind.esm       LTEX    tx_ai_mudflats_01.tga
	morrowind.esm       NPC_    ano andaram
	morrowind.esm       NPC_    baleni salavel
	morrowind.esm       NPC_    gals arethi
	morrowind.esm       NPC_    llether vari
	morrowind.esm       NPC_    maline masolaude
	morrowind.esm       NPC_    nireli farys
	morrowind.esm       NPC_    pilus amatius
	morrowind.esm       NPC_    vevrana aryon
	morrowind.esm       PGRD    ebonheart
	tribunal.esm        LTEX    ai_clover
	tribunal.esm        LTEX    ai_dirtroad
	tribunal.esm        LTEX    ai_grass
	tribunal.esm        LTEX    ai_grass_02
	tribunal.esm        LTEX    ai_grass_cobbles
	tribunal.esm        LTEX    ai_grass_dirt
	tribunal.esm        LTEX    ai_grass_rocky
	tribunal.esm        LTEX    tx_ai_mainroad_01.tga
