PI_Temaris_2022-12-13.esp: DUP-REC JUNKCEL MASTERS MENUMOD MISSAUT MISSDSC MISSVER OVR-REC
    MASTERS: out of sync with the masters installed in your Data Files directory:
	Tamriel_Data.esm            10684550 (plugin)   11064795 (installed size)
    [MENUMOD] Scripts not checking menumode:
	SCPT(PI_Inn_TemWindsong)
    [JUNKCEL] Junk Cells:                        Flags
	Bitter Coast Region (-12, 1)             0x02
	Bitter Coast Region (-12, 2)             0x02
	Bitter Coast Region (-12, 3)             0x02
	Bitter Coast Region (-13, 1)             0x02
	Bitter Coast Region (-13, 2)             0x02
	Bitter Coast Region (-13, 3)             0x02
	Bitter Coast Region (-13, 4)             0x02
	Bitter Coast Region (-14, 2)             0x02
	Bitter Coast Region (-14, 4)             0x02
	Bitter Coast Region (-14, 5)             0x02
	West Gash Region (-15, 7)                0x02
	West Gash Region (-16, 7)                0x02
	West Gash Region (-16, 8)                0x02
	Wilderness (-15, -8)                     0x02
	Wilderness (-19, 14)                     0x02
	Wilderness (-19, 15)                     0x02
	Wilderness (-20, 15)                     0x02
	Wilderness (-28, 24)                     0x02
	Wilderness (-29, 23)                     0x02
    [DUP-REC] Duplicate Records:
	From Master         Type    Name
	morrowind.esm       LTEX    sand
	tamriel_data.esm    ACTI    t_com_setharbor_boatfisher_01
	tamriel_data.esm    ACTI    t_com_setharbor_boatfisher_02
	tamriel_data.esm    BOOK    t_bkgen_acountant_01
	tamriel_data.esm    STAT    t_imp_legioncyr_i_staircorner01
	tamriel_data.esm    STAT    t_imp_setmw_x_building_02
	tamriel_data.esm    STAT    t_imp_setmw_x_window_03
	tamriel_data.esm    WEAP    t_imp_legion_bolt_01
	tamriel_data.esm    WEAP    t_imp_legion_saber_01
    [OVR-REC] Overridden Records:
	From Master         Type    Name
	bloodmoon.esm       LTEX    sand_02
	pi_data.esm         LTEX    t_cnq_tm_terr_graveldirt
	pi_data.esm         LTEX    t_cnq_tm_terrdirt
	pi_data.esm         LTEX    t_cnq_tm_terrdirtgrass
	pi_data.esm         LTEX    t_cnq_tm_terrgrass
	pi_data.esm         LTEX    t_cnq_tm_terrgrassdirt
	pi_data.esm         LTEX    t_cnq_tm_terrgravel
	pi_data.esm         LTEX    t_cnq_tm_terrrock
	tamriel_data.esm    LTEX    t_cyr_terrdirtch_01
	tamriel_data.esm    LTEX    t_cyr_terrgrassdirtkp_01
	tamriel_data.esm    LTEX    t_cyr_terrgrasskp_01
	tamriel_data.esm    LTEX    t_cyr_terrgrasskp_02
	tamriel_data.esm    LTEX    t_imp_legioncyr_txfloor_01
	tamriel_data.esm    LTEX    t_imp_legioncyr_txfloor_02
	tamriel_data.esm    LTEX    t_mw_terrdirttv
	tamriel_data.esm    LTEX    t_mw_terrgrass_01
	tamriel_data.esm    LTEX    t_mw_terrgrassdirttv
	tamriel_data.esm    LTEX    t_mw_terrroadtv
	tamriel_data.esm    LTEX    t_mw_terrrocktv
	tamriel_data.esm    LTEX    t_mw_terrscrubrr
	tamriel_data.esm    LTEX    t_sky_terrseaweed_01
	tamriel_data.esm    LTEX    t_sky_terrseaweed_03
