Ports Of Vvardenfell LITE.esp: DUP-REC JUNKCEL MISSVER MOD-INF NUMRECS OVR-REC
    [NUMRECS]: number of records in TES3.HEDR (275) != Actual count (281)
    [JUNKCEL] Junk Cells:                        Flags
	Ascadian Isles Region (1, -12)           0x02
	Ashlands Region (-3, 11)                 0x02
	Azura's Coast Region (15, 7)             0x02
	Bitter Coast Region (-1, -10)            0x02
	Bitter Coast Region (-12, 1)             0x02
	Bitter Coast Region (-12, 2)             0x02
	Bitter Coast Region (-12, 3)             0x02
	Bitter Coast Region (-13, 1)             0x02
	Bitter Coast Region (-13, 2)             0x02
	Bitter Coast Region (-13, 3)             0x02
	Bitter Coast Region (-13, 4)             0x02
	Bitter Coast Region (-14, 2)             0x02
	Bitter Coast Region (-14, 4)             0x02
	Bitter Coast Region (-14, 5)             0x02
	West Gash Region (-15, 7)                0x02
	West Gash Region (-16, 7)                0x02
	West Gash Region (-16, 8)                0x02
	Wilderness (-15, -8)                     0x02
    [DUP-REC] Duplicate Records:
	From Master         Type    Name
	bloodmoon.esm       CONT    barrel_01
	bloodmoon.esm       CONT    barrel_01_arrows
	bloodmoon.esm       CONT    barrel_01_cheapfood5
	bloodmoon.esm       CONT    barrel_01_drinks
	bloodmoon.esm       CONT    barrel_01_pos
	bloodmoon.esm       CONT    barrel_02
	bloodmoon.esm       CONT    barrel_02_pants
	bloodmoon.esm       CONT    com_sack_01_chpfood5
	bloodmoon.esm       CONT    com_sack_01_ingred
	bloodmoon.esm       CONT    com_sack_02_ingred
	bloodmoon.esm       CONT    com_sack_03_ingredients
	bloodmoon.esm       CONT    crate_01_iron_weapons
	bloodmoon.esm       CONT    crate_02_food
	bloodmoon.esm       CONT    urn_03_food
	bloodmoon.esm       CONT    urn_05_food
	bloodmoon.esm       CONT    zzzzzz
	bloodmoon.esm       MISC    misc_com_basket_02
	bloodmoon.esm       MISC    misc_com_bottle_03
	bloodmoon.esm       MISC    misc_com_bottle_05
	bloodmoon.esm       MISC    misc_com_bottle_06
	bloodmoon.esm       MISC    misc_com_bottle_07
	bloodmoon.esm       MISC    misc_com_bottle_08
	bloodmoon.esm       MISC    misc_com_redware_flask
	morrowind.esm       BOOK    bk_guide_to_vvardenfell
	morrowind.esm       CONT    barrel_01_ashyams
	morrowind.esm       CONT    barrel_01_cheapfood20
	morrowind.esm       CONT    barrel_01_empty
	morrowind.esm       CONT    barrel_01_float_food20
	morrowind.esm       CONT    barrel_01_ingredients
	morrowind.esm       CONT    barrel_01_saltrice
	morrowind.esm       CONT    barrel_02_cheapfood5
	morrowind.esm       CONT    barrel_02_marshmerrow
	morrowind.esm       CONT    chest_small_01_gold_10
	morrowind.esm       CONT    chest_small_02_gold_10
	morrowind.esm       CONT    com_basket_01_chpfood
	morrowind.esm       CONT    com_chest_01_misc06
	morrowind.esm       CONT    com_chest_02_gold_25
	morrowind.esm       CONT    com_sack_02_saltrice_10
	morrowind.esm       CONT    com_sack_03_chpfood5
	morrowind.esm       CONT    crate_01_anis seloth
	morrowind.esm       CONT    crate_01_armor_chitin
	morrowind.esm       CONT    crate_01_eggs
	morrowind.esm       CONT    crate_01_empty
	morrowind.esm       CONT    crate_01_empty_float
	morrowind.esm       CONT    crate_02
	morrowind.esm       CONT    crate_02_bottle05_16
	morrowind.esm       CONT    crate_02_empty
	morrowind.esm       CONT    crate_02_imp_weapons
	morrowind.esm       CONT    crate_02_iron_weapons
	morrowind.esm       CONT    crate_02_random_pos
	morrowind.esm       CONT    crate_02_torch
	morrowind.esm       CONT    crate_bandit_01
	morrowind.esm       CONT    crate_smuggler_01
	morrowind.esm       CONT    de_p_chest_02
	morrowind.esm       CONT    pot_01
	morrowind.esm       CONT    sack_tomb_ingred
	morrowind.esm       CONT    urn_01_food
	morrowind.esm       CONT    urn_02_ingred
	morrowind.esm       CONT    urn_03
	morrowind.esm       CONT    urn_04
	morrowind.esm       CONT    urn_04_ingred
	morrowind.esm       CONT    urn_05_ingred
	morrowind.esm       LIGH    light_com_lantern_02
	morrowind.esm       LTEX    rm_rock_01
	morrowind.esm       LTEX    road dirt
	morrowind.esm       LTEX    rock_coastal
	morrowind.esm       LTEX    sand
	morrowind.esm       MISC    gold_001
	morrowind.esm       MISC    gold_005
	morrowind.esm       MISC    gold_010
	morrowind.esm       MISC    misc_clothbolt_01
	morrowind.esm       MISC    misc_clothbolt_02
	morrowind.esm       MISC    misc_clothbolt_03
	morrowind.esm       MISC    misc_com_bottle_14_float
	morrowind.esm       MISC    misc_com_bucket_boe_unib
	morrowind.esm       MISC    misc_com_metal_plate_07_uni1
	morrowind.esm       MISC    misc_de_fishing_pole
	morrowind.esm       MISC    misc_de_lute_01
	morrowind.esm       STAT    chargen_plank
	morrowind.esm       STAT    ex_de_oar
	tribunal.esm        BOOK    bk_anticipations
	tribunal.esm        CONT    chest_small_01_gold_25
	tribunal.esm        CONT    chest_small_01_gold_50
	tribunal.esm        CONT    com_basket_01_pos
	tribunal.esm        CONT    com_sack_01_saltrice_10
	tribunal.esm        CONT    urn_02_food
	tribunal.esm        CONT    urn_04_food
	tribunal.esm        MISC    misc_com_bottle_09
	tribunal.esm        MISC    misc_com_bottle_10
	tribunal.esm        MISC    misc_com_bottle_11
	tribunal.esm        MISC    misc_com_bottle_13
	tribunal.esm        MISC    misc_com_bottle_14
    [OVR-REC] Overridden Records:
	From Master         Type    Name
	bloodmoon.esm       INGR    ingred_bread_01
	bloodmoon.esm       LTEX    sand_02
	bloodmoon.esm       LTEX    wg_road
	bloodmoon.esm       NPC_    baro egnatius
	bloodmoon.esm       NPC_    basks_in_the_sun
	bloodmoon.esm       NPC_    elberoth
	bloodmoon.esm       NPC_    s'virr
	bloodmoon.esm       NPC_    veresa alver
	morrowind.esm       DIAL    destination
	morrowind.esm       INGR    food_kwama_egg_02
	morrowind.esm       INGR    ingred_comberry_01
	morrowind.esm       INGR    ingred_crab_meat_01
	morrowind.esm       INGR    ingred_fire_petal_01
	morrowind.esm       INGR    ingred_gold_kanet_01
	morrowind.esm       LAND    (-3, -2)
	morrowind.esm       LAND    (-3, -3)
	morrowind.esm       LAND    (-3, 11)
	morrowind.esm       LAND    (-3, 12)
	morrowind.esm       LAND    (-8, 16)
	morrowind.esm       LAND    (-9, 16)
	morrowind.esm       LAND    (1, -12)
	morrowind.esm       LAND    (12, -7)
	morrowind.esm       LAND    (12, -8)
	morrowind.esm       LAND    (2, -11)
	morrowind.esm       LAND    (2, -12)
	morrowind.esm       LAND    (3, -9)
	morrowind.esm       LAND    (4, -9)
	morrowind.esm       LAND    (6, -6)
	morrowind.esm       LAND    (6, -7)
	morrowind.esm       LTEX    ac_darkstone01
	morrowind.esm       LTEX    ac_darkstone02
	morrowind.esm       LTEX    ac_dirtroad_01
	morrowind.esm       LTEX    ac_roundstone
	morrowind.esm       LTEX    al_ash_01
	morrowind.esm       LTEX    al_ash_02
	morrowind.esm       LTEX    al_ash_03
	morrowind.esm       LTEX    al_ash_04
	morrowind.esm       LTEX    al_road_01
	morrowind.esm       LTEX    gl_dirtroad
	morrowind.esm       LTEX    ma_crackedearth
	morrowind.esm       LTEX    ma_lava03
	morrowind.esm       LTEX    ma_lava06
	morrowind.esm       LTEX    ma_lavaflow
	morrowind.esm       LTEX    ma_lavarock
	morrowind.esm       LTEX    ma_rock04
	morrowind.esm       LTEX    rm_whiterock
	morrowind.esm       LTEX    scrub plain
	morrowind.esm       LTEX    tx_ai_mudflats_01.tga
	morrowind.esm       LTEX    wg_cobblestones
	morrowind.esm       LTEX    wg_dirtroad_01
	morrowind.esm       LTEX    wg_dirtscrub
	morrowind.esm       LTEX    wg_mainroad_01
	morrowind.esm       LTEX    wg_rock
	morrowind.esm       LTEX    wg_rockydirt
	morrowind.esm       LTEX    wg_rockyscrub
	morrowind.esm       LTEX    wg_scrub plain
	morrowind.esm       NPC_    adondasi sadalvel
	morrowind.esm       NPC_    ano andaram
	morrowind.esm       NPC_    aren maren
	morrowind.esm       NPC_    baleni salavel
	morrowind.esm       NPC_    blatta hateria
	morrowind.esm       NPC_    dalse adren
	morrowind.esm       NPC_    daras aryon
	morrowind.esm       NPC_    darvame hleran
	morrowind.esm       NPC_    daynas darys
	morrowind.esm       NPC_    devas irano
	morrowind.esm       NPC_    dilami androm
	morrowind.esm       NPC_    fendryn drelvi
	morrowind.esm       NPC_    folsi thendas
	morrowind.esm       NPC_    gals arethi
	morrowind.esm       NPC_    haema farseer
	morrowind.esm       NPC_    navam veran
	morrowind.esm       NPC_    nevosi hlan
	morrowind.esm       NPC_    nireli farys
	morrowind.esm       NPC_    punibi yahaz
	morrowind.esm       NPC_    rindral dralor
	morrowind.esm       NPC_    sedyni veran
	morrowind.esm       NPC_    seldus nerendus
	morrowind.esm       NPC_    selvil sareloth
	morrowind.esm       NPC_    talmeni drethan
	morrowind.esm       NPC_    talsi uvayn
	morrowind.esm       NPC_    tonas telvani
	morrowind.esm       NPC_    valveli arelas
	morrowind.esm       NPC_    vevrana aryon
	morrowind.esm       PGRD    seyda neen
	tribunal.esm        LTEX    ai_clover
	tribunal.esm        LTEX    ai_dirt
	tribunal.esm        LTEX    ai_dirtroad
	tribunal.esm        LTEX    ai_grass
	tribunal.esm        LTEX    ai_grass_02
	tribunal.esm        LTEX    ai_grass_cobbles
	tribunal.esm        LTEX    ai_grass_dirt
	tribunal.esm        LTEX    ai_grass_rocky
	tribunal.esm        LTEX    rm_grayrock
	tribunal.esm        LTEX    tx_ai_mainroad_01.tga

[MOD-INF]: ID=642980566803164(Topic:destination)
  morrowind.esm----------------->|DATA|ONAM:dalse adren|NAME:I can carry you by gondola to the Foreign Quarter in the north, to the Temple district to the south, to Hlaalu Compound to the west, or to Telvanni Compound to the east.
  Ports Of Vvardenfell LITE.esp->|DATA|ONAM:dalse adren|NAME:Gondoliers throughout Vivce can transport you safely between the Arena, the Foreign Quarter, both Hlaalu and Telvanni cantons and also to the Temple district.

[MOD-INF]: ID=310903222489162613(Topic:destination)
  morrowind.esm----------------->|DATA|ONAM:aren maren|NAME:I can carry you by gondola to the Arena in the center of Vivec, or to the Foreign Quarter in the north, or to the Temple district to the south.
  Ports Of Vvardenfell LITE.esp->|DATA|ONAM:aren maren|NAME:Gondoliers throughout Vivce can transport you safely between the Arena, the Foreign Quarter, both Hlaalu and Telvanni cantons and also to the Temple district.

[MOD-INF]: ID=1242265292108723180(Topic:destination)
  morrowind.esm----------------->|DATA|ONAM:devas irano|NAME:I can carry you by gondola to the Arena in the center of Vivec, or to Hlaalu Compound to the west, or to Telvanni Compound to the east.
  Ports Of Vvardenfell LITE.esp->|DATA|ONAM:devas irano|NAME:Gondoliers throughout Vivce can transport you safely between the Arena, the Foreign Quarter, both Hlaalu and Telvanni cantons and also to the Temple district.

[MOD-INF]: ID=1731175992870511845(Topic:destination)
  morrowind.esm----------------->|DATA|ONAM:talsi uvayn|NAME:I can carry you by gondola to the Arena in the center of Vivec, or to the Foreign Quarter in the north, or to the Temple district to the south.
  Ports Of Vvardenfell LITE.esp->|DATA|ONAM:talsi uvayn|NAME:Gondoliers throughout Vivce can transport you safely between the Arena, the Foreign Quarter, both Hlaalu and Telvanni cantons and also to the Temple district.

[MOD-INF]: ID=2089112252714323557(Topic:destination)
  morrowind.esm----------------->|DATA|ONAM:fendryn drelvi|NAME:I can carry you by gondola to the Arena in the center of Vivec, or to Hlaalu Compound to the west, or to Telvanni Compound to the east.
  Ports Of Vvardenfell LITE.esp->|DATA|ONAM:fendryn drelvi|NAME:Gondoliers throughout Vivce can transport you safely between the Arena, the Foreign Quarter, both Hlaalu and Telvanni cantons and also to the Temple district.
