Price Balance Tamriel_Data - Clothing.ESP: DUP-REC MASTERS MISSAUT MISSDSC MISSVER OVR-REC
    MASTERS: out of sync with the masters installed in your Data Files directory:
	Tamriel_Data.esm            10684550 (plugin)   11064795 (installed size)
    [OVR-REC] Overridden Records:
	From Master         Type    Name
	tamriel_data.esm    CLOT    t_com_uni_blackkitering
	tamriel_data.esm    CLOT    t_com_uni_conjurersring
	tamriel_data.esm    CLOT    t_com_uni_malkavring
	tamriel_data.esm    CLOT    t_com_uni_regentrobe
	tamriel_data.esm    CLOT    t_com_uni_ringfangs
	tamriel_data.esm    CLOT    t_com_uni_ringlightingspeed
	tamriel_data.esm    CLOT    t_com_uni_ringofwarding
	tamriel_data.esm    CLOT    t_com_uni_ringstars
	tamriel_data.esm    CLOT    t_com_uni_silver_picks
	tamriel_data.esm    CLOT    t_com_uni_spelljewel
	tamriel_data.esm    CLOT    t_dae_uni_eidolonedge
	tamriel_data.esm    CLOT    t_dae_uni_occultistring
	tamriel_data.esm    CLOT    t_dae_uni_robeshroud
	tamriel_data.esm    CLOT    t_de_uni_apostatering
	tamriel_data.esm    CLOT    t_de_uni_belthangfire
	tamriel_data.esm    CLOT    t_de_uni_championring
	tamriel_data.esm    CLOT    t_de_uni_ringelfborn
	tamriel_data.esm    CLOT    t_de_uni_ringflesh
	tamriel_data.esm    CLOT    t_de_uni_seafarerring
	tamriel_data.esm    CLOT    t_imp_uni_crusaderring
	tamriel_data.esm    CLOT    t_imp_uni_guardianring
	tamriel_data.esm    CLOT    t_imp_uni_ring_respite
	tamriel_data.esm    CLOT    t_imp_uni_ringofsunfire
	tamriel_data.esm    CLOT    t_imp_uni_stoneseptimia_01
	tamriel_data.esm    CLOT    t_imp_uni_weatherwardcirclet
	tamriel_data.esm    CLOT    t_nor_uni_dragontorc
	tamriel_data.esm    CLOT    t_nor_uni_greeneryring
	tamriel_data.esm    CLOT    t_nor_uni_hjergelmir
	tamriel_data.esm    CLOT    t_nor_uni_ringbloodlust
	tamriel_data.esm    CLOT    t_nor_uni_ringhunt
	tamriel_data.esm    CLOT    t_nor_uni_ringinstinct
	tamriel_data.esm    CLOT    t_nor_uni_ringmoon
	tamriel_data.esm    CLOT    t_nor_uni_ringthunderblows
	tamriel_data.esm    CLOT    t_nor_uni_starfrost
	tamriel_data.esm    CLOT    t_nor_uni_wolfring
	tamriel_data.esm    CLOT    t_rea_uni_amulettengilswrath
	tamriel_data.esm    CLOT    t_rea_uni_nightstalkertalisman
	tamriel_data.esm    CLOT    t_vam_uni_amuletbats
