Wares-base_.esm: DUP-REC MISSVER OVR-REC
    [OVR-REC] Overridden Records:
	From Master         Type    Name
	morrowind.esm       CLAS    assassin service
	morrowind.esm       CREA    ascended_sleeper
	morrowind.esm       CREA    ash_ghoul
	morrowind.esm       CREA    dagoth aladus
	morrowind.esm       CREA    dagoth araynys
	morrowind.esm       CREA    dagoth baler
	morrowind.esm       CREA    dagoth daynil
	morrowind.esm       CREA    dagoth delnus
	morrowind.esm       CREA    dagoth drals
	morrowind.esm       CREA    dagoth draven
	morrowind.esm       CREA    dagoth elam
	morrowind.esm       CREA    dagoth fals
	morrowind.esm       CREA    dagoth fandril
	morrowind.esm       CREA    dagoth felmis
	morrowind.esm       CREA    dagoth fervas
	morrowind.esm       CREA    dagoth galmis
	morrowind.esm       CREA    dagoth gilvoth
	morrowind.esm       CREA    dagoth goral
	morrowind.esm       CREA    dagoth ienas
	morrowind.esm       CREA    dagoth irvyn
	morrowind.esm       CREA    dagoth malan
	morrowind.esm       CREA    dagoth molos
	morrowind.esm       CREA    dagoth odros
	morrowind.esm       CREA    dagoth rather
	morrowind.esm       CREA    dagoth reler
	morrowind.esm       CREA    dagoth tanis
	morrowind.esm       CREA    dagoth tureynul
	morrowind.esm       CREA    dagoth ulen
	morrowind.esm       CREA    dagoth uthol
	morrowind.esm       CREA    dagoth uvil
	morrowind.esm       CREA    dagoth vaner
	morrowind.esm       CREA    dagoth vemyn
	morrowind.esm       CREA    dagoth_hlevul
	morrowind.esm       CREA    dagoth_ur_1
	morrowind.esm       CREA    dagoth_ur_2
	tribunal.esm        CREA    dagoth endus
	tribunal.esm        CREA    dagoth gares
