Wares_SHOTN_npcs_purist.esp: DUP-REC MASTERS MISSVER OVR-REC
    MASTERS: out of sync with the masters installed in your Data Files directory:
	Tamriel_Data.esm            10684550 (plugin)   11064795 (installed size)
	Sky_Main.esm                32173816 (plugin)   31708555 (installed size)
	Wares-base.esm                299850 (plugin)      82499 (installed size)
    [OVR-REC] Overridden Records:
	From Master         Type    Name
	sky_main.esm        NPC_    sky_ire_bai_caebhir
	sky_main.esm        NPC_    sky_ire_bai_dheorsa
	sky_main.esm        NPC_    sky_ire_bai_paedrach
	sky_main.esm        NPC_    sky_ire_bc_aisnach
	sky_main.esm        NPC_    sky_ire_bc_bairlah
	sky_main.esm        NPC_    sky_ire_bc_baon
	sky_main.esm        NPC_    sky_ire_bc_bornaid
	sky_main.esm        NPC_    sky_ire_bc_caotir
	sky_main.esm        NPC_    sky_ire_bc_eabhar
	sky_main.esm        NPC_    sky_ire_bc_eofrah
	sky_main.esm        NPC_    sky_ire_bc_farwain
	sky_main.esm        NPC_    sky_ire_bc_lothraic
	sky_main.esm        NPC_    sky_ire_bc_muirach
	sky_main.esm        NPC_    sky_ire_bc_taramach
	sky_main.esm        NPC_    sky_ire_dh_aenli
	sky_main.esm        NPC_    sky_ire_dh_argir
	sky_main.esm        NPC_    sky_ire_dh_arianrha
	sky_main.esm        NPC_    sky_ire_dh_arnir
	sky_main.esm        NPC_    sky_ire_dh_belica
	sky_main.esm        NPC_    sky_ire_dh_bjoral
	sky_main.esm        NPC_    sky_ire_dh_bornac
	sky_main.esm        NPC_    sky_ire_dh_cathova
	sky_main.esm        NPC_    sky_ire_dh_cergat
	sky_main.esm        NPC_    sky_ire_dh_cnorg
	sky_main.esm        NPC_    sky_ire_dh_cuistha
	sky_main.esm        NPC_    sky_ire_dh_d_aflaech
	sky_main.esm        NPC_    sky_ire_dh_d_laghic
	sky_main.esm        NPC_    sky_ire_dh_d_reachman1
	sky_main.esm        NPC_    sky_ire_dh_d_reachman2
	sky_main.esm        NPC_    sky_ire_dh_d_reachman3
	sky_main.esm        NPC_    sky_ire_dh_d_reachman4
	sky_main.esm        NPC_    sky_ire_dh_daelor
	sky_main.esm        NPC_    sky_ire_dh_derech
	sky_main.esm        NPC_    sky_ire_dh_duron
	sky_main.esm        NPC_    sky_ire_dh_eidean
	sky_main.esm        NPC_    sky_ire_dh_fardor
	sky_main.esm        NPC_    sky_ire_dh_fasska
	sky_main.esm        NPC_    sky_ire_dh_galach
	sky_main.esm        NPC_    sky_ire_dh_gardir
	sky_main.esm        NPC_    sky_ire_dh_gulaer
	sky_main.esm        NPC_    sky_ire_dh_haddr
	sky_main.esm        NPC_    sky_ire_dh_hantha
	sky_main.esm        NPC_    sky_ire_dh_harog
	sky_main.esm        NPC_    sky_ire_dh_hjadir
	sky_main.esm        NPC_    sky_ire_dh_hlogdir
	sky_main.esm        NPC_    sky_ire_dh_imraic
	sky_main.esm        NPC_    sky_ire_dh_izradi
	sky_main.esm        NPC_    sky_ire_dh_karjar
	sky_main.esm        NPC_    sky_ire_dh_lachan
	sky_main.esm        NPC_    sky_ire_dh_laomain
	sky_main.esm        NPC_    sky_ire_dh_lazob
	sky_main.esm        NPC_    sky_ire_dh_pergd
	sky_main.esm        NPC_    sky_ire_dh_plilav
	sky_main.esm        NPC_    sky_ire_dh_rorad
	sky_main.esm        NPC_    sky_ire_dh_roshan
	sky_main.esm        NPC_    sky_ire_dh_sahba
	sky_main.esm        NPC_    sky_ire_dh_saorkar
	sky_main.esm        NPC_    sky_ire_dh_scorach
	sky_main.esm        NPC_    sky_ire_dh_sorkir
	sky_main.esm        NPC_    sky_ire_dh_sternal
	sky_main.esm        NPC_    sky_ire_dh_toruk
	sky_main.esm        NPC_    sky_ire_dh_tuard
	sky_main.esm        NPC_    sky_ire_dh_ullacah
	sky_main.esm        NPC_    sky_ire_dh_vernoren
	sky_main.esm        NPC_    sky_ire_ds_cerad
	sky_main.esm        NPC_    sky_ire_dse_bravna
	sky_main.esm        NPC_    sky_ire_dse_d_ajora
	sky_main.esm        NPC_    sky_ire_dse_dunard
	sky_main.esm        NPC_    sky_ire_dse_erkild
	sky_main.esm        NPC_    sky_ire_dse_gadel
	sky_main.esm        NPC_    sky_ire_dse_gyldi
	sky_main.esm        NPC_    sky_ire_dse_harens
	sky_main.esm        NPC_    sky_ire_dse_hergda
	sky_main.esm        NPC_    sky_ire_dse_hod
	sky_main.esm        NPC_    sky_ire_dse_hodric
	sky_main.esm        NPC_    sky_ire_dse_hrazir
	sky_main.esm        NPC_    sky_ire_dse_jamela
	sky_main.esm        NPC_    sky_ire_dse_jorm
	sky_main.esm        NPC_    sky_ire_dse_jugoi
	sky_main.esm        NPC_    sky_ire_dse_jytia
	sky_main.esm        NPC_    sky_ire_dse_kyngild
	sky_main.esm        NPC_    sky_ire_dse_lovir
	sky_main.esm        NPC_    sky_ire_dse_lugin
	sky_main.esm        NPC_    sky_ire_dse_nogri
	sky_main.esm        NPC_    sky_ire_dse_rona
	sky_main.esm        NPC_    sky_ire_dse_selenya
	sky_main.esm        NPC_    sky_ire_dse_skalgrim
	sky_main.esm        NPC_    sky_ire_dse_swims
	sky_main.esm        NPC_    sky_ire_dse_tamvi
	sky_main.esm        NPC_    sky_ire_dse_thanik
	sky_main.esm        NPC_    sky_ire_dse_torben
	sky_main.esm        NPC_    sky_ire_dse_torvayn
	sky_main.esm        NPC_    sky_ire_dse_tubohk
	sky_main.esm        NPC_    sky_ire_dse_urjia
	sky_main.esm        NPC_    sky_ire_dse_vofrod
	sky_main.esm        NPC_    sky_ire_dse_yette
	sky_main.esm        NPC_    sky_ire_dsw_aelyga
	sky_main.esm        NPC_    sky_ire_dsw_alen
	sky_main.esm        NPC_    sky_ire_dsw_anisin
	sky_main.esm        NPC_    sky_ire_dsw_asgir
	sky_main.esm        NPC_    sky_ire_dsw_azkol
	sky_main.esm        NPC_    sky_ire_dsw_balgor
	sky_main.esm        NPC_    sky_ire_dsw_basir
	sky_main.esm        NPC_    sky_ire_dsw_berid
	sky_main.esm        NPC_    sky_ire_dsw_berwa
	sky_main.esm        NPC_    sky_ire_dsw_biled
	sky_main.esm        NPC_    sky_ire_dsw_bireene
	sky_main.esm        NPC_    sky_ire_dsw_bresiele
	sky_main.esm        NPC_    sky_ire_dsw_calina
	sky_main.esm        NPC_    sky_ire_dsw_camaron
	sky_main.esm        NPC_    sky_ire_dsw_cirada
	sky_main.esm        NPC_    sky_ire_dsw_cirhethel
	sky_main.esm        NPC_    sky_ire_dsw_crendal
	sky_main.esm        NPC_    sky_ire_dsw_d_sarud
	sky_main.esm        NPC_    sky_ire_dsw_erkad
	sky_main.esm        NPC_    sky_ire_dsw_eugien
	sky_main.esm        NPC_    sky_ire_dsw_freko
	sky_main.esm        NPC_    sky_ire_dsw_frithil
	sky_main.esm        NPC_    sky_ire_dsw_gana
	sky_main.esm        NPC_    sky_ire_dsw_gralo
	sky_main.esm        NPC_    sky_ire_dsw_gules
	sky_main.esm        NPC_    sky_ire_dsw_harkel
	sky_main.esm        NPC_    sky_ire_dsw_herard
	sky_main.esm        NPC_    sky_ire_dsw_herizar
	sky_main.esm        NPC_    sky_ire_dsw_herla
	sky_main.esm        NPC_    sky_ire_dsw_hestulla
	sky_main.esm        NPC_    sky_ire_dsw_hidesstars
	sky_main.esm        NPC_    sky_ire_dsw_hjerolf
	sky_main.esm        NPC_    sky_ire_dsw_iara
	sky_main.esm        NPC_    sky_ire_dsw_iman
	sky_main.esm        NPC_    sky_ire_dsw_iniel
	sky_main.esm        NPC_    sky_ire_dsw_ira
	sky_main.esm        NPC_    sky_ire_dsw_jana
	sky_main.esm        NPC_    sky_ire_dsw_jarliah
	sky_main.esm        NPC_    sky_ire_dsw_jarzo
	sky_main.esm        NPC_    sky_ire_dsw_jazma
	sky_main.esm        NPC_    sky_ire_dsw_karli
	sky_main.esm        NPC_    sky_ire_dsw_kelabi
	sky_main.esm        NPC_    sky_ire_dsw_kera
	sky_main.esm        NPC_    sky_ire_dsw_kjetil
	sky_main.esm        NPC_    sky_ire_dsw_laron
	sky_main.esm        NPC_    sky_ire_dsw_lekana
	sky_main.esm        NPC_    sky_ire_dsw_manda
	sky_main.esm        NPC_    sky_ire_dsw_nadira
	sky_main.esm        NPC_    sky_ire_dsw_nicene
	sky_main.esm        NPC_    sky_ire_dsw_njod
	sky_main.esm        NPC_    sky_ire_dsw_ondel
	sky_main.esm        NPC_    sky_ire_dsw_ovlac
	sky_main.esm        NPC_    sky_ire_dsw_parek
	sky_main.esm        NPC_    sky_ire_dsw_rakor
	sky_main.esm        NPC_    sky_ire_dsw_relane
	sky_main.esm        NPC_    sky_ire_dsw_rilera
	sky_main.esm        NPC_    sky_ire_dsw_rilgor
	sky_main.esm        NPC_    sky_ire_dsw_rina
	sky_main.esm        NPC_    sky_ire_dsw_rithar
	sky_main.esm        NPC_    sky_ire_dsw_rowahn
	sky_main.esm        NPC_    sky_ire_dsw_ruoch
	sky_main.esm        NPC_    sky_ire_dsw_semaruc
	sky_main.esm        NPC_    sky_ire_dsw_shokotul
	sky_main.esm        NPC_    sky_ire_dsw_surhana
	sky_main.esm        NPC_    sky_ire_dsw_tamisa
	sky_main.esm        NPC_    sky_ire_dsw_therla
	sky_main.esm        NPC_    sky_ire_dsw_tirru
	sky_main.esm        NPC_    sky_ire_dsw_turwal
	sky_main.esm        NPC_    sky_ire_dsw_tyvela
	sky_main.esm        NPC_    sky_ire_dsw_ugol
	sky_main.esm        NPC_    sky_ire_dsw_unadi
	sky_main.esm        NPC_    sky_ire_dsw_uthariel
	sky_main.esm        NPC_    sky_ire_dsw_velgor
	sky_main.esm        NPC_    sky_ire_dsw_vemad
	sky_main.esm        NPC_    sky_ire_dsw_yaghoub
	sky_main.esm        NPC_    sky_ire_dsw_yanna
	sky_main.esm        NPC_    sky_ire_dsw_ysabeth
	sky_main.esm        NPC_    sky_ire_dsw_yshild
	sky_main.esm        NPC_    sky_ire_dsw_zamya
	sky_main.esm        NPC_    sky_ire_dsw_zoal
	sky_main.esm        NPC_    sky_ire_gp_betri
	sky_main.esm        NPC_    sky_ire_gp_fjolsa
	sky_main.esm        NPC_    sky_ire_gp_hrondal
	sky_main.esm        NPC_    sky_ire_gp_hurfrid
	sky_main.esm        NPC_    sky_ire_gp_jerick
	sky_main.esm        NPC_    sky_ire_gp_lorwedh
	sky_main.esm        NPC_    sky_ire_ha_aynoc
	sky_main.esm        NPC_    sky_ire_ha_ceadach
	sky_main.esm        NPC_    sky_ire_ha_cerise
	sky_main.esm        NPC_    sky_ire_ha_commo
	sky_main.esm        NPC_    sky_ire_ha_corthac
	sky_main.esm        NPC_    sky_ire_ha_dhunchadh
	sky_main.esm        NPC_    sky_ire_ha_dralen
	sky_main.esm        NPC_    sky_ire_ha_eodor
	sky_main.esm        NPC_    sky_ire_ha_jhorcian
	sky_main.esm        NPC_    sky_ire_ha_lathova
	sky_main.esm        NPC_    sky_ire_ha_muirah
	sky_main.esm        NPC_    sky_ire_ha_torgar
	sky_main.esm        NPC_    sky_ire_ha_unahon
	sky_main.esm        NPC_    sky_ire_ha_weslay
	sky_main.esm        NPC_    sky_ire_ha_yaga
	sky_main.esm        NPC_    sky_ire_kg_alnar
	sky_main.esm        NPC_    sky_ire_kg_anjot
	sky_main.esm        NPC_    sky_ire_kg_arigil
	sky_main.esm        NPC_    sky_ire_kg_bjornir
	sky_main.esm        NPC_    sky_ire_kg_borhul
	sky_main.esm        NPC_    sky_ire_kg_duanoc
	sky_main.esm        NPC_    sky_ire_kg_gaevi
	sky_main.esm        NPC_    sky_ire_kg_hjordis
	sky_main.esm        NPC_    sky_ire_kg_hjorid
	sky_main.esm        NPC_    sky_ire_kg_jander
	sky_main.esm        NPC_    sky_ire_kg_jenel
	sky_main.esm        NPC_    sky_ire_kg_jorri
	sky_main.esm        NPC_    sky_ire_kg_lajre
	sky_main.esm        NPC_    sky_ire_kg_nogrev
	sky_main.esm        NPC_    sky_ire_kg_vorulf
	sky_main.esm        NPC_    sky_ire_kg_ywain
	sky_main.esm        NPC_    sky_ire_kw_abelle
	sky_main.esm        NPC_    sky_ire_kw_achcean
	sky_main.esm        NPC_    sky_ire_kw_aelfi
	sky_main.esm        NPC_    sky_ire_kw_agerete
	sky_main.esm        NPC_    sky_ire_kw_agmarrod
	sky_main.esm        NPC_    sky_ire_kw_agni
	sky_main.esm        NPC_    sky_ire_kw_ah-jeh
	sky_main.esm        NPC_    sky_ire_kw_albon
	sky_main.esm        NPC_    sky_ire_kw_alfhed
	sky_main.esm        NPC_    sky_ire_kw_algrid
	sky_main.esm        NPC_    sky_ire_kw_anna
	sky_main.esm        NPC_    sky_ire_kw_aodril
	sky_main.esm        NPC_    sky_ire_kw_astrid
	sky_main.esm        NPC_    sky_ire_kw_bairlan
	sky_main.esm        NPC_    sky_ire_kw_belav
	sky_main.esm        NPC_    sky_ire_kw_berryi
	sky_main.esm        NPC_    sky_ire_kw_bomir
	sky_main.esm        NPC_    sky_ire_kw_borgol
	sky_main.esm        NPC_    sky_ire_kw_breda
	sky_main.esm        NPC_    sky_ire_kw_brognar
	sky_main.esm        NPC_    sky_ire_kw_buluk
	sky_main.esm        NPC_    sky_ire_kw_camba
	sky_main.esm        NPC_    sky_ire_kw_caninetta
	sky_main.esm        NPC_    sky_ire_kw_cedha
	sky_main.esm        NPC_    sky_ire_kw_cevdovdn
	sky_main.esm        NPC_    sky_ire_kw_ciron
	sky_main.esm        NPC_    sky_ire_kw_cravvoka
	sky_main.esm        NPC_    sky_ire_kw_currod
	sky_main.esm        NPC_    sky_ire_kw_dalla
	sky_main.esm        NPC_    sky_ire_kw_dari
	sky_main.esm        NPC_    sky_ire_kw_darysa
	sky_main.esm        NPC_    sky_ire_kw_deran
	sky_main.esm        NPC_    sky_ire_kw_dolgoth
	sky_main.esm        NPC_    sky_ire_kw_dorolf
	sky_main.esm        NPC_    sky_ire_kw_dunwora
	sky_main.esm        NPC_    sky_ire_kw_eancor
	sky_main.esm        NPC_    sky_ire_kw_edonach
	sky_main.esm        NPC_    sky_ire_kw_elara
	sky_main.esm        NPC_    sky_ire_kw_eobni
	sky_main.esm        NPC_    sky_ire_kw_eoferic
	sky_main.esm        NPC_    sky_ire_kw_ergel
	sky_main.esm        NPC_    sky_ire_kw_eumand
	sky_main.esm        NPC_    sky_ire_kw_euwan
	sky_main.esm        NPC_    sky_ire_kw_fawazh
	sky_main.esm        NPC_    sky_ire_kw_fayuin
	sky_main.esm        NPC_    sky_ire_kw_fiochar
	sky_main.esm        NPC_    sky_ire_kw_frolna
	sky_main.esm        NPC_    sky_ire_kw_gaegela
	sky_main.esm        NPC_    sky_ire_kw_ghorub
	sky_main.esm        NPC_    sky_ire_kw_gilderay
	sky_main.esm        NPC_    sky_ire_kw_golalondel
	sky_main.esm        NPC_    sky_ire_kw_gorod
	sky_main.esm        NPC_    sky_ire_kw_gredna
	sky_main.esm        NPC_    sky_ire_kw_gripa
	sky_main.esm        NPC_    sky_ire_kw_grodna
	sky_main.esm        NPC_    sky_ire_kw_grodo
	sky_main.esm        NPC_    sky_ire_kw_groga
	sky_main.esm        NPC_    sky_ire_kw_groggo
	sky_main.esm        NPC_    sky_ire_kw_harjar
	sky_main.esm        NPC_    sky_ire_kw_hermod
	sky_main.esm        NPC_    sky_ire_kw_hilnir
	sky_main.esm        NPC_    sky_ire_kw_hothar
	sky_main.esm        NPC_    sky_ire_kw_idah
	sky_main.esm        NPC_    sky_ire_kw_idna
	sky_main.esm        NPC_    sky_ire_kw_iertus
	sky_main.esm        NPC_    sky_ire_kw_igni
	sky_main.esm        NPC_    sky_ire_kw_inor
	sky_main.esm        NPC_    sky_ire_kw_iolingil
	sky_main.esm        NPC_    sky_ire_kw_ioni
	sky_main.esm        NPC_    sky_ire_kw_irlov
	sky_main.esm        NPC_    sky_ire_kw_isa
	sky_main.esm        NPC_    sky_ire_kw_jadiri
	sky_main.esm        NPC_    sky_ire_kw_jagak
	sky_main.esm        NPC_    sky_ire_kw_jaroy
	sky_main.esm        NPC_    sky_ire_kw_jauffre
	sky_main.esm        NPC_    sky_ire_kw_jenofa
	sky_main.esm        NPC_    sky_ire_kw_jenova
	sky_main.esm        NPC_    sky_ire_kw_jolnor
	sky_main.esm        NPC_    sky_ire_kw_jori
	sky_main.esm        NPC_    sky_ire_kw_jorna
	sky_main.esm        NPC_    sky_ire_kw_jorwan
	sky_main.esm        NPC_    sky_ire_kw_jovhavg
	sky_main.esm        NPC_    sky_ire_kw_jovor
	sky_main.esm        NPC_    sky_ire_kw_julas
	sky_main.esm        NPC_    sky_ire_kw_kagum
	sky_main.esm        NPC_    sky_ire_kw_kanet
	sky_main.esm        NPC_    sky_ire_kw_kanlynn
	sky_main.esm        NPC_    sky_ire_kw_karg
	sky_main.esm        NPC_    sky_ire_kw_kem
	sky_main.esm        NPC_    sky_ire_kw_kenha
	sky_main.esm        NPC_    sky_ire_kw_kilna
	sky_main.esm        NPC_    sky_ire_kw_kordo
	sky_main.esm        NPC_    sky_ire_kw_korid
	sky_main.esm        NPC_    sky_ire_kw_kylo
	sky_main.esm        NPC_    sky_ire_kw_landok
	sky_main.esm        NPC_    sky_ire_kw_lasheda
	sky_main.esm        NPC_    sky_ire_kw_lelena
	sky_main.esm        NPC_    sky_ire_kw_leofric
	sky_main.esm        NPC_    sky_ire_kw_lisgrid
	sky_main.esm        NPC_    sky_ire_kw_lucian
	sky_main.esm        NPC_    sky_ire_kw_mabon
	sky_main.esm        NPC_    sky_ire_kw_majarsi
	sky_main.esm        NPC_    sky_ire_kw_meli
	sky_main.esm        NPC_    sky_ire_kw_minleen
	sky_main.esm        NPC_    sky_ire_kw_mogol
	sky_main.esm        NPC_    sky_ire_kw_morhrig
	sky_main.esm        NPC_    sky_ire_kw_muirn
	sky_main.esm        NPC_    sky_ire_kw_muladansa
	sky_main.esm        NPC_    sky_ire_kw_muuraline
	sky_main.esm        NPC_    sky_ire_kw_naggak
	sky_main.esm        NPC_    sky_ire_kw_naighad
	sky_main.esm        NPC_    sky_ire_kw_nirya
	sky_main.esm        NPC_    sky_ire_kw_njolf
	sky_main.esm        NPC_    sky_ire_kw_njora
	sky_main.esm        NPC_    sky_ire_kw_nodd
	sky_main.esm        NPC_    sky_ire_kw_odica
	sky_main.esm        NPC_    sky_ire_kw_olvus
	sky_main.esm        NPC_    sky_ire_kw_paleen
	sky_main.esm        NPC_    sky_ire_kw_pelbelle
	sky_main.esm        NPC_    sky_ire_kw_pellatia
	sky_main.esm        NPC_    sky_ire_kw_rana
	sky_main.esm        NPC_    sky_ire_kw_ranus
	sky_main.esm        NPC_    sky_ire_kw_romondor
	sky_main.esm        NPC_    sky_ire_kw_rosleen
	sky_main.esm        NPC_    sky_ire_kw_rusonia
	sky_main.esm        NPC_    sky_ire_kw_samine
	sky_main.esm        NPC_    sky_ire_kw_shaydyn
	sky_main.esm        NPC_    sky_ire_kw_sjoor
	sky_main.esm        NPC_    sky_ire_kw_skug
	sky_main.esm        NPC_    sky_ire_kw_sovni
	sky_main.esm        NPC_    sky_ire_kw_tandera
	sky_main.esm        NPC_    sky_ire_kw_tarod
	sky_main.esm        NPC_    sky_ire_kw_tenebe
	sky_main.esm        NPC_    sky_ire_kw_tenocah
	sky_main.esm        NPC_    sky_ire_kw_tevol
	sky_main.esm        NPC_    sky_ire_kw_throld
	sky_main.esm        NPC_    sky_ire_kw_tivela
	sky_main.esm        NPC_    sky_ire_kw_torvov
	sky_main.esm        NPC_    sky_ire_kw_varnand
	sky_main.esm        NPC_    sky_ire_kw_veria
	sky_main.esm        NPC_    sky_ire_kw_virno
	sky_main.esm        NPC_    sky_ire_kw_vissrod
	sky_main.esm        NPC_    sky_ire_kw_vodocabor
	sky_main.esm        NPC_    sky_ire_kw_vodocor
	sky_main.esm        NPC_    sky_ire_kw_vrol
	sky_main.esm        NPC_    sky_ire_kw_waydon
	sky_main.esm        NPC_    sky_ire_kw_winah
	sky_main.esm        NPC_    sky_ire_kw_xander
	sky_main.esm        NPC_    sky_ire_kw_yeonor
	sky_main.esm        NPC_    sky_ire_kw_ygnir
	sky_main.esm        NPC_    sky_ire_kw_yngnir
	sky_main.esm        NPC_    sky_ire_kw_yola
	sky_main.esm        NPC_    sky_ire_kw_yorahga
	sky_main.esm        NPC_    sky_ire_lh_abeldan
	sky_main.esm        NPC_    sky_ire_lh_agrid
	sky_main.esm        NPC_    sky_ire_lh_bjorn
	sky_main.esm        NPC_    sky_ire_lh_gira
	sky_main.esm        NPC_    sky_ire_lh_gula
	sky_main.esm        NPC_    sky_ire_lh_halgar
	sky_main.esm        NPC_    sky_ire_lh_hallan
	sky_main.esm        NPC_    sky_ire_lh_harimal
	sky_main.esm        NPC_    sky_ire_lh_hegard
	sky_main.esm        NPC_    sky_ire_lh_hjorda
	sky_main.esm        NPC_    sky_ire_lh_hylda
	sky_main.esm        NPC_    sky_ire_lh_ignar
	sky_main.esm        NPC_    sky_ire_lh_jdurahn
	sky_main.esm        NPC_    sky_ire_lh_karlak
	sky_main.esm        NPC_    sky_ire_lh_larina
	sky_main.esm        NPC_    sky_ire_lh_odvir
	sky_main.esm        NPC_    sky_ire_lh_rhorlod
	sky_main.esm        NPC_    sky_ire_lh_rorag
	sky_main.esm        NPC_    sky_ire_lh_saldor
	sky_main.esm        NPC_    sky_ire_lh_sava
	sky_main.esm        NPC_    sky_ire_lh_sjorsten
	sky_main.esm        NPC_    sky_ire_lh_taviah
	sky_main.esm        NPC_    sky_ire_lh_thoran
	sky_main.esm        NPC_    sky_ire_lh_vidrad
	sky_main.esm        NPC_    sky_ire_lh_yerod
	sky_main.esm        NPC_    sky_ire_mai_aelga
	sky_main.esm        NPC_    sky_ire_mai_alythe
	sky_main.esm        NPC_    sky_ire_mai_brieda
	sky_main.esm        NPC_    sky_ire_mai_durran
	sky_main.esm        NPC_    sky_ire_mai_eldarn
	sky_main.esm        NPC_    sky_ire_mai_gaelyga
	sky_main.esm        NPC_    sky_ire_mai_hylche
	sky_main.esm        NPC_    sky_ire_mdk_ygni
	sky_main.esm        NPC_    sky_ire_mer_berdac
	sky_main.esm        NPC_    sky_ire_mer_corvach
	sky_main.esm        NPC_    sky_ire_mer_dirrech
	sky_main.esm        NPC_    sky_ire_mer_hwanin
	sky_main.esm        NPC_    sky_ire_mer_meirach
	sky_main.esm        NPC_    sky_ire_mer_meirpha
	sky_main.esm        NPC_    sky_ire_mer_osberith
	sky_main.esm        NPC_    sky_ire_mer_rhuma
	sky_main.esm        NPC_    sky_ire_mer_runeva
	sky_main.esm        NPC_    sky_ire_nar_agli
	sky_main.esm        NPC_    sky_ire_nar_ashaka
	sky_main.esm        NPC_    sky_ire_nar_rugdugbash
	sky_main.esm        NPC_    sky_ire_nar_vusha
	sky_main.esm        NPC_    sky_ire_sh_helette
	sky_main.esm        NPC_    sky_ire_sh_lynfid
	sky_main.esm        NPC_    sky_ire_th_geriod
	sky_main.esm        NPC_    sky_ire_th_paratius
	sky_main.esm        NPC_    sky_ire_vf_adok
	sky_main.esm        NPC_    sky_ire_vf_anir
	sky_main.esm        NPC_    sky_ire_vf_arrobo
	sky_main.esm        NPC_    sky_ire_vf_azob
	sky_main.esm        NPC_    sky_ire_vf_bazuk
	sky_main.esm        NPC_    sky_ire_vf_borid
	sky_main.esm        NPC_    sky_ire_vf_d_bloodless
	sky_main.esm        NPC_    sky_ire_vf_d_bracal
	sky_main.esm        NPC_    sky_ire_vf_edmond
	sky_main.esm        NPC_    sky_ire_vf_grok
	sky_main.esm        NPC_    sky_ire_vf_haaki
	sky_main.esm        NPC_    sky_ire_vf_hoota
	sky_main.esm        NPC_    sky_ire_vf_hyyle
	sky_main.esm        NPC_    sky_ire_vf_julna
	sky_main.esm        NPC_    sky_ire_vf_korgo
	sky_main.esm        NPC_    sky_ire_vf_larga
	sky_main.esm        NPC_    sky_ire_vf_lorhaic
	sky_main.esm        NPC_    sky_ire_vf_muchartach
	sky_main.esm        NPC_    sky_ire_vf_olchohar
	sky_main.esm        NPC_    sky_ire_vf_olla
	sky_main.esm        NPC_    sky_ire_vf_qajan
	sky_main.esm        NPC_    sky_ire_vf_ragmak
	sky_main.esm        NPC_    sky_ire_vf_rurine
	sky_main.esm        NPC_    sky_ire_vf_taifa
	sky_main.esm        NPC_    sky_ire_vf_yggrald
	sky_main.esm        NPC_    sky_ire_vf_yogo
	sky_main.esm        NPC_    sky_ire_vs_orodir
	sky_main.esm        NPC_    sky_ire_vs_rogrid
	sky_main.esm        NPC_    sky_ire_vs_sorri
	sky_main.esm        NPC_    sky_merc_dsw_zanarhi
	sky_main.esm        NPC_    sky_merc_kw_rismund
	sky_main.esm        NPC_    sky_qre_bai1_karra
	sky_main.esm        NPC_    sky_qre_bai1_seonach
	sky_main.esm        NPC_    sky_qre_bm1_delpha
	sky_main.esm        NPC_    sky_qre_bm1_nulnea
	sky_main.esm        NPC_    sky_qre_bm2_eoghran
	sky_main.esm        NPC_    sky_qre_bm2_salgaic
	sky_main.esm        NPC_    sky_qre_bm4_aifu
	sky_main.esm        NPC_    sky_qre_bm4_brun
	sky_main.esm        NPC_    sky_qre_bm4_poch
	sky_main.esm        NPC_    sky_qre_bm_aomala
	sky_main.esm        NPC_    sky_qre_bm_fhegain
	sky_main.esm        NPC_    sky_qre_bm_vesmorah
	sky_main.esm        NPC_    sky_qre_ck1_cenenci
	sky_main.esm        NPC_    sky_qre_ck1_cenencicatt
	sky_main.esm        NPC_    sky_qre_ck1_daenorcattl
	sky_main.esm        NPC_    sky_qre_ck1_kenba
	sky_main.esm        NPC_    sky_qre_ck1_kenbacattle
	sky_main.esm        NPC_    sky_qre_ck1_kovdovde
	sky_main.esm        NPC_    sky_qre_ck1_kovdovdecat
	sky_main.esm        NPC_    sky_qre_ck_erdelan
	sky_main.esm        NPC_    sky_qre_ck_tamarik
	sky_main.esm        NPC_    sky_qre_dh1_kjalmar
	sky_main.esm        NPC_    sky_qre_dh2_wilbur
	sky_main.esm        NPC_    sky_qre_dh4_larrik
	sky_main.esm        NPC_    sky_qre_dh5_d_deadhero
	sky_main.esm        NPC_    sky_qre_ds_gorelius
	sky_main.esm        NPC_    sky_qre_dsb1_cacitus
	sky_main.esm        NPC_    sky_qre_dsb2_cegoraec
	sky_main.esm        NPC_    sky_qre_dsb2_cegorapr
	sky_main.esm        NPC_    sky_qre_dsb3_lovi
	sky_main.esm        NPC_    sky_qre_dsb3_lovipr
	sky_main.esm        NPC_    sky_qre_dsb4_iztara
	sky_main.esm        NPC_    sky_qre_dsb4_thug1
	sky_main.esm        NPC_    sky_qre_dsb4_thug2
	sky_main.esm        NPC_    sky_qre_dsb4_thug3
	sky_main.esm        NPC_    sky_qre_dsb5_bogakh
	sky_main.esm        NPC_    sky_qre_dsb5_orc1
	sky_main.esm        NPC_    sky_qre_dsb5_orc2
	sky_main.esm        NPC_    sky_qre_dse1_balimor
	sky_main.esm        NPC_    sky_qre_dse1_cypriana
	sky_main.esm        NPC_    sky_qre_dse1_erdwyn
	sky_main.esm        NPC_    sky_qre_dse1_erken
	sky_main.esm        NPC_    sky_qre_dse1_freydis
	sky_main.esm        NPC_    sky_qre_dse1_gurna
	sky_main.esm        NPC_    sky_qre_dse1_helle
	sky_main.esm        NPC_    sky_qre_dse1_inghild
	sky_main.esm        NPC_    sky_qre_dse1_jadiir
	sky_main.esm        NPC_    sky_qre_dse1_jodarus
	sky_main.esm        NPC_    sky_qre_dse1_kjarne
	sky_main.esm        NPC_    sky_qre_dse1_lurohk
	sky_main.esm        NPC_    sky_qre_dse1_medelyn
	sky_main.esm        NPC_    sky_qre_dse1_morga
	sky_main.esm        NPC_    sky_qre_dse1_orcath
	sky_main.esm        NPC_    sky_qre_dse1_tanyin
	sky_main.esm        NPC_    sky_qre_dse1_tidi
	sky_main.esm        NPC_    sky_qre_dse1_ulfkeld
	sky_main.esm        NPC_    sky_qre_dse1_yael
	sky_main.esm        NPC_    sky_qre_dse1_yeradon
	sky_main.esm        NPC_    sky_qre_dse2_aygme
	sky_main.esm        NPC_    sky_qre_dse2_gurskar
	sky_main.esm        NPC_    sky_qre_dse3_kyra
	sky_main.esm        NPC_    sky_qre_dse3_kyrajail
	sky_main.esm        NPC_    sky_qre_dse3_razhab
	sky_main.esm        NPC_    sky_qre_dse3_razhabjai
	sky_main.esm        NPC_    sky_qre_dse4_biran
	sky_main.esm        NPC_    sky_qre_dse4_corridan
	sky_main.esm        NPC_    sky_qre_dse4_dushin
	sky_main.esm        NPC_    sky_qre_dse4_edric
	sky_main.esm        NPC_    sky_qre_dse4_glaz
	sky_main.esm        NPC_    sky_qre_dse4_golgir
	sky_main.esm        NPC_    sky_qre_dse4_grypma
	sky_main.esm        NPC_    sky_qre_dse4_lilda
	sky_main.esm        NPC_    sky_qre_dse4_odessa
	sky_main.esm        NPC_    sky_qre_dse4_olibheron
	sky_main.esm        NPC_    sky_qre_dse4_orgak
	sky_main.esm        NPC_    sky_qre_dse4_skeigr
	sky_main.esm        NPC_    sky_qre_dse4_tergba
	sky_main.esm        NPC_    sky_qre_dse4_tomac
	sky_main.esm        NPC_    sky_qre_dse5_brielle
	sky_main.esm        NPC_    sky_qre_dse5_nazn
	sky_main.esm        NPC_    sky_qre_dse_brokk
	sky_main.esm        NPC_    sky_qre_dse_friga
	sky_main.esm        NPC_    sky_qre_dse_ildgar
	sky_main.esm        NPC_    sky_qre_dse_jona
	sky_main.esm        NPC_    sky_qre_dse_leivar
	sky_main.esm        NPC_    sky_qre_dse_malrec
	sky_main.esm        NPC_    sky_qre_dse_rekir
	sky_main.esm        NPC_    sky_qre_dse_secucius
	sky_main.esm        NPC_    sky_qre_dse_vaultguard
	sky_main.esm        NPC_    sky_qre_dse_vilferd
	sky_main.esm        NPC_    sky_qre_dsmg2_aeinu
	sky_main.esm        NPC_    sky_qre_dsmg3_duncan
	sky_main.esm        NPC_    sky_qre_dsmg3_orguz
	sky_main.esm        NPC_    sky_qre_dsmg4_tsrazami
	sky_main.esm        NPC_    sky_qre_dsmg5_direnni
	sky_main.esm        NPC_    sky_qre_dsmg_eranthos
	sky_main.esm        NPC_    sky_qre_dsmg_harelia
	sky_main.esm        NPC_    sky_qre_dstg2_drazar
	sky_main.esm        NPC_    sky_qre_dstg2_drazinn
	sky_main.esm        NPC_    sky_qre_dstg2_ilera
	sky_main.esm        NPC_    sky_qre_dstg2_jriinn
	sky_main.esm        NPC_    sky_qre_dstg2_jrizar
	sky_main.esm        NPC_    sky_qre_dstg3_adivor
	sky_main.esm        NPC_    sky_qre_dstg3_eskar
	sky_main.esm        NPC_    sky_qre_dstg3_horkal
	sky_main.esm        NPC_    sky_qre_dstg3_jzarr
	sky_main.esm        NPC_    sky_qre_dstg3_kili
	sky_main.esm        NPC_    sky_qre_dstg3_olik
	sky_main.esm        NPC_    sky_qre_dstg5_guthring
	sky_main.esm        NPC_    sky_qre_dstg6_razin
	sky_main.esm        NPC_    sky_qre_dstg7_cael
	sky_main.esm        NPC_    sky_qre_dstg_anbod
	sky_main.esm        NPC_    sky_qre_dstg_cael
	sky_main.esm        NPC_    sky_qre_dsw1_d_mesara
	sky_main.esm        NPC_    sky_qre_dsw1_mesara
	sky_main.esm        NPC_    sky_qre_dsw1_nahassar
	sky_main.esm        NPC_    sky_qre_dsw2_azarg
	sky_main.esm        NPC_    sky_qre_dsw2_igatal
	sky_main.esm        NPC_    sky_qre_dsw2_lurog
	sky_main.esm        NPC_    sky_qre_dsw2_selim
	sky_main.esm        NPC_    sky_qre_dsw2_sharga
	sky_main.esm        NPC_    sky_qre_dsw3_morasdan
	sky_main.esm        NPC_    sky_qre_dsw3_sorl
	sky_main.esm        NPC_    sky_qre_dsw4_alek
	sky_main.esm        NPC_    sky_qre_dsw4_rhalan
	sky_main.esm        NPC_    sky_qre_dsw4_rhalanpr
	sky_main.esm        NPC_    sky_qre_dsw_alaktol
	sky_main.esm        NPC_    sky_qre_dsw_davanna
	sky_main.esm        NPC_    sky_qre_dsw_jahsul
	sky_main.esm        NPC_    sky_qre_dsw_mashana
	sky_main.esm        NPC_    sky_qre_dsw_nari
	sky_main.esm        NPC_    sky_qre_dsw_rellus
	sky_main.esm        NPC_    sky_qre_dsw_sahmar
	sky_main.esm        NPC_    sky_qre_ha1_brutan
	sky_main.esm        NPC_    sky_qre_ha1_feradin
	sky_main.esm        NPC_    sky_qre_ha1_hasalo
	sky_main.esm        NPC_    sky_qre_ha1_merro
	sky_main.esm        NPC_    sky_qre_ha1_riente
	sky_main.esm        NPC_    sky_qre_ha1_rilor
	sky_main.esm        NPC_    sky_qre_ha1_thoromir
	sky_main.esm        NPC_    sky_qre_ha1_verina
	sky_main.esm        NPC_    sky_qre_ha2_lathurna
	sky_main.esm        NPC_    sky_qre_ha3_dovoc
	sky_main.esm        NPC_    sky_qre_ha_farkon
	sky_main.esm        NPC_    sky_qre_kg1_erond
	sky_main.esm        NPC_    sky_qre_kg1_nauk
	sky_main.esm        NPC_    sky_qre_kg2_barjorg1
	sky_main.esm        NPC_    sky_qre_kg2_barjorg2
	sky_main.esm        NPC_    sky_qre_kg2_grandr
	sky_main.esm        NPC_    sky_qre_kg2_ingori
	sky_main.esm        NPC_    sky_qre_kg3_jolna
	sky_main.esm        NPC_    sky_qre_kg5_norjor
	sky_main.esm        NPC_    sky_qre_kg5_sviir
	sky_main.esm        NPC_    sky_qre_kg_daenor
	sky_main.esm        NPC_    sky_qre_kg_gorvrda
	sky_main.esm        NPC_    sky_qre_kg_uolgo
	sky_main.esm        NPC_    sky_qre_kw2_carincia
	sky_main.esm        NPC_    sky_qre_kw2_dadadar
	sky_main.esm        NPC_    sky_qre_kw3_fanamair
	sky_main.esm        NPC_    sky_qre_kw3_wrislay
	sky_main.esm        NPC_    sky_qre_kw4_d_odric
	sky_main.esm        NPC_    sky_qre_kw4_tabica
	sky_main.esm        NPC_    sky_qre_kw6_bjorlan
	sky_main.esm        NPC_    sky_qre_kw6_halvir
	sky_main.esm        NPC_    sky_qre_kw7_ahknir
	sky_main.esm        NPC_    sky_qre_kw7_jazavirr
	sky_main.esm        NPC_    sky_qre_kw8_braljor
	sky_main.esm        NPC_    sky_qre_kw_aladoer
	sky_main.esm        NPC_    sky_qre_kw_alrod
	sky_main.esm        NPC_    sky_qre_kw_brgnir
	sky_main.esm        NPC_    sky_qre_kw_davanna
	sky_main.esm        NPC_    sky_qre_kw_dovica
	sky_main.esm        NPC_    sky_qre_kw_fomir
	sky_main.esm        NPC_    sky_qre_kw_rakan
	sky_main.esm        NPC_    sky_qre_kwb01_hjalmar
	sky_main.esm        NPC_    sky_qre_kwb01_hlerja
	sky_main.esm        NPC_    sky_qre_kwb01_kargil
	sky_main.esm        NPC_    sky_qre_kwb01_ljokar
	sky_main.esm        NPC_    sky_qre_kwb01_rolaf
	sky_main.esm        NPC_    sky_qre_kwb01_torsten
	sky_main.esm        NPC_    sky_qre_kwb01_yrdan
	sky_main.esm        NPC_    sky_qre_kwb02_dovicapr
	sky_main.esm        NPC_    sky_qre_kwb03_d_uldar
	sky_main.esm        NPC_    sky_qre_kwb04_meshif
	sky_main.esm        NPC_    sky_qre_kwb04_tharag
	sky_main.esm        NPC_    sky_qre_kwb05_emfrid
	sky_main.esm        NPC_    sky_qre_kwb05_emfridpr
	sky_main.esm        NPC_    sky_qre_kwb06_beloth
	sky_main.esm        NPC_    sky_qre_kwb06_fenand
	sky_main.esm        NPC_    sky_qre_kwb06_hefel
	sky_main.esm        NPC_    sky_qre_kwb06_herkja
	sky_main.esm        NPC_    sky_qre_kwb06_jahirr
	sky_main.esm        NPC_    sky_qre_kwb06_maniel
	sky_main.esm        NPC_    sky_qre_kwb06_ralena
	sky_main.esm        NPC_    sky_qre_kwb06_serod
	sky_main.esm        NPC_    sky_qre_kwb07_azzam
	sky_main.esm        NPC_    sky_qre_kwb09_birca
	sky_main.esm        NPC_    sky_qre_kwb09_bvohann
	sky_main.esm        NPC_    sky_qre_kwb09_faolach
	sky_main.esm        NPC_    sky_qre_kwb09_holo
	sky_main.esm        NPC_    sky_qre_kwb09_jaghren
	sky_main.esm        NPC_    sky_qre_kwb10_derad
	sky_main.esm        NPC_    sky_qre_kwb10_firid
	sky_main.esm        NPC_    sky_qre_kwb10_haral
	sky_main.esm        NPC_    sky_qre_kwb10_isjan
	sky_main.esm        NPC_    sky_qre_kwb10_izazar
	sky_main.esm        NPC_    sky_qre_kwb10_mazzir
	sky_main.esm        NPC_    sky_qre_kwb10_ramina
	sky_main.esm        NPC_    sky_qre_kwb10_sulo
	sky_main.esm        NPC_    sky_qre_kwb10_yanafa
	sky_main.esm        NPC_    sky_qre_kwfg1_haldine
	sky_main.esm        NPC_    sky_qre_kwfg2_largnok
	sky_main.esm        NPC_    sky_qre_kwfg2_mucouk
	sky_main.esm        NPC_    sky_qre_kwfg3_d_caravn
	sky_main.esm        NPC_    sky_qre_kwfg3_ildos
	sky_main.esm        NPC_    sky_qre_kwfg3_manthar
	sky_main.esm        NPC_    sky_qre_kwfg3_ramheim
	sky_main.esm        NPC_    sky_qre_kwfg3_solkir
	sky_main.esm        NPC_    sky_qre_kwfg4_frinad
	sky_main.esm        NPC_    sky_qre_kwfg_geod
	sky_main.esm        NPC_    sky_qre_kwfg_rolic
	sky_main.esm        NPC_    sky_qre_kwmg3_franco
	sky_main.esm        NPC_    sky_qre_kwmg3_rissoc
	sky_main.esm        NPC_    sky_qre_kwmg4_d_ravos
	sky_main.esm        NPC_    sky_qre_kwmg4_havild
	sky_main.esm        NPC_    sky_qre_kwmg5_irgas_01
	sky_main.esm        NPC_    sky_qre_kwmg5_irgas_02
	sky_main.esm        NPC_    sky_qre_kwmg5_marcur_01
	sky_main.esm        NPC_    sky_qre_kwmg5_marcur_02
	sky_main.esm        NPC_    sky_qre_kwmg6_azra
	sky_main.esm        NPC_    sky_qre_kwmg6_daracam
	sky_main.esm        NPC_    sky_qre_kwmg6_llothae
	sky_main.esm        NPC_    sky_qre_kwmg6_mayra
	sky_main.esm        NPC_    sky_qre_kwmg6_nerus
	sky_main.esm        NPC_    sky_qre_kwmg6_qadarri
	sky_main.esm        NPC_    sky_qre_kwmg6_reesha
	sky_main.esm        NPC_    sky_qre_kwmg6_riloch
	sky_main.esm        NPC_    sky_qre_kwmg6_saeti
	sky_main.esm        NPC_    sky_qre_kwmg6_saram
	sky_main.esm        NPC_    sky_qre_kwmg6_tareesh
	sky_main.esm        NPC_    sky_qre_kwmg6_uthore
	sky_main.esm        NPC_    sky_qre_kwmg_jitavarad
	sky_main.esm        NPC_    sky_qre_kwmg_nistamal
	sky_main.esm        NPC_    sky_qre_kwmg_ravos
	sky_main.esm        NPC_    sky_qre_kwmg_rulat
	sky_main.esm        NPC_    sky_qre_kwtg1_caponicus
	sky_main.esm        NPC_    sky_qre_kwtg2_driziiri
	sky_main.esm        NPC_    sky_qre_kwtg2_tiesbark
	sky_main.esm        NPC_    sky_qre_kwtg3_corelyn
	sky_main.esm        NPC_    sky_qre_kwtg3_corjail
	sky_main.esm        NPC_    sky_qre_kwtg4_jean
	sky_main.esm        NPC_    sky_qre_kwtg5_lyanne
	sky_main.esm        NPC_    sky_qre_kwtg5_odjor
	sky_main.esm        NPC_    sky_qre_kwtg5_rianard
	sky_main.esm        NPC_    sky_qre_kwtg6_bridnar
	sky_main.esm        NPC_    sky_qre_kwtg7_shog
	sky_main.esm        NPC_    sky_qre_kwtg_erald
	sky_main.esm        NPC_    sky_qre_kwtg_jdiir
	sky_main.esm        NPC_    sky_qre_kwtg_kanah
	sky_main.esm        NPC_    sky_qre_kwtg_lorvacah
	sky_main.esm        NPC_    sky_qre_mai1_callach
	sky_main.esm        NPC_    sky_qre_mai4_gylghi
	sky_main.esm        NPC_    sky_qre_mai_bandit1
	sky_main.esm        NPC_    sky_qre_mai_bandit2
	sky_main.esm        NPC_    sky_qre_mai_bandit3
	sky_main.esm        NPC_    sky_qre_mai_caoimhe
	sky_main.esm        NPC_    sky_qre_mai_conall
	sky_main.esm        NPC_    sky_qre_mai_d_conall
	sky_main.esm        NPC_    sky_qre_mai_lisva
	sky_main.esm        NPC_    sky_qre_mai_makova
	sky_main.esm        NPC_    sky_qre_nar1_orbukz
	sky_main.esm        NPC_    sky_qre_nar1_yatur
	sky_main.esm        NPC_    sky_qre_nar2_bedli
	sky_main.esm        NPC_    sky_qre_nar2_chief
	sky_main.esm        NPC_    sky_qre_nar_yarok
	sky_main.esm        NPC_    sky_qre_th_veros
	sky_main.esm        NPC_    sky_qre_ura1_nagra
	sky_main.esm        NPC_    sky_qre_ura1_urok
	sky_main.esm        NPC_    sky_qre_vf1_asfil
	sky_main.esm        NPC_    sky_qre_vf1_d_reedik
	sky_main.esm        NPC_    sky_qre_vf1_d_yoigillo
	sky_main.esm        NPC_    sky_qre_vf1_nelisse
	sky_main.esm        NPC_    sky_qre_vf1_varino
	sky_main.esm        NPC_    sky_qre_vf2_drydo
	sky_main.esm        NPC_    sky_qre_vf2_horgor
	sky_main.esm        NPC_    sky_qre_vf2_jurgar
	sky_main.esm        NPC_    sky_qre_vf2_kenovi
	sky_main.esm        NPC_    sky_qre_vf2_kovko
	sky_main.esm        NPC_    sky_qre_vf2_lorja
	sky_main.esm        NPC_    sky_qre_vf2_ordolf
	sky_main.esm        NPC_    sky_qre_vf2_rhorca
	sky_main.esm        NPC_    sky_qre_vf2_vireo
	sky_main.esm        NPC_    sky_xre_bai_greogi
	sky_main.esm        NPC_    sky_xre_bai_olathar
	sky_main.esm        NPC_    sky_xre_bai_unothach
	sky_main.esm        NPC_    sky_xre_dh_baltach
	sky_main.esm        NPC_    sky_xre_dh_cerya
	sky_main.esm        NPC_    sky_xre_dh_coric
	sky_main.esm        NPC_    sky_xre_dh_d_merchant
	sky_main.esm        NPC_    sky_xre_dh_dughlan
	sky_main.esm        NPC_    sky_xre_dh_hadrich
	sky_main.esm        NPC_    sky_xre_dh_kaim
	sky_main.esm        NPC_    sky_xre_dh_narja
	sky_main.esm        NPC_    sky_xre_dh_olev
	sky_main.esm        NPC_    sky_xre_dh_scirmadach
	sky_main.esm        NPC_    sky_xre_dh_skygg
	sky_main.esm        NPC_    sky_xre_dh_skyra
	sky_main.esm        NPC_    sky_xre_dh_terigh
	sky_main.esm        NPC_    sky_xre_dh_tholgrim
	sky_main.esm        NPC_    sky_xre_dh_vasnirr
	sky_main.esm        NPC_    sky_xre_dh_ygred
	sky_main.esm        NPC_    sky_xre_dh_yoreld
	sky_main.esm        NPC_    sky_xre_dh_yrcha
	sky_main.esm        NPC_    sky_xre_dse_arvund
	sky_main.esm        NPC_    sky_xre_dse_gnewach
	sky_main.esm        NPC_    sky_xre_dse_herlof
	sky_main.esm        NPC_    sky_xre_dse_kithiri
	sky_main.esm        NPC_    sky_xre_dse_rabi
	sky_main.esm        NPC_    sky_xre_dse_tuskfaced
	sky_main.esm        NPC_    sky_xre_dsw_arhad
	sky_main.esm        NPC_    sky_xre_dsw_eldara
	sky_main.esm        NPC_    sky_xre_dsw_farsad
	sky_main.esm        NPC_    sky_xre_dsw_izora
	sky_main.esm        NPC_    sky_xre_dsw_jerard
	sky_main.esm        NPC_    sky_xre_dsw_kathloc
	sky_main.esm        NPC_    sky_xre_dsw_tivara
	sky_main.esm        NPC_    sky_xre_dsw_ywelac
	sky_main.esm        NPC_    sky_xre_gp_morven
	sky_main.esm        NPC_    sky_xre_ha_ceanag
	sky_main.esm        NPC_    sky_xre_ha_gorag
	sky_main.esm        NPC_    sky_xre_ha_grogok
	sky_main.esm        NPC_    sky_xre_ha_hathric
	sky_main.esm        NPC_    sky_xre_ha_nadd
	sky_main.esm        NPC_    sky_xre_ha_tanlam
	sky_main.esm        NPC_    sky_xre_kg_carnas
	sky_main.esm        NPC_    sky_xre_kg_garonk
	sky_main.esm        NPC_    sky_xre_kg_karrus
	sky_main.esm        NPC_    sky_xre_kg_todwen
	sky_main.esm        NPC_    sky_xre_kg_varna
	sky_main.esm        NPC_    sky_xre_kg_wornir
	sky_main.esm        NPC_    sky_xre_kg_yuana
	sky_main.esm        NPC_    sky_xre_kw_alon
	sky_main.esm        NPC_    sky_xre_kw_aurius
	sky_main.esm        NPC_    sky_xre_kw_baorimac
	sky_main.esm        NPC_    sky_xre_kw_bronding
	sky_main.esm        NPC_    sky_xre_kw_clecola
	sky_main.esm        NPC_    sky_xre_kw_corrick
	sky_main.esm        NPC_    sky_xre_kw_dalanor
	sky_main.esm        NPC_    sky_xre_kw_dratvko
	sky_main.esm        NPC_    sky_xre_kw_egondir
	sky_main.esm        NPC_    sky_xre_kw_firroc
	sky_main.esm        NPC_    sky_xre_kw_flinjar
	sky_main.esm        NPC_    sky_xre_kw_gofrod
	sky_main.esm        NPC_    sky_xre_kw_gok
	sky_main.esm        NPC_    sky_xre_kw_hjanir
	sky_main.esm        NPC_    sky_xre_kw_ibbo
	sky_main.esm        NPC_    sky_xre_kw_iuleus
	sky_main.esm        NPC_    sky_xre_kw_jembika
	sky_main.esm        NPC_    sky_xre_kw_jurgak
	sky_main.esm        NPC_    sky_xre_kw_kohana
	sky_main.esm        NPC_    sky_xre_kw_lari
	sky_main.esm        NPC_    sky_xre_kw_lesleen
	sky_main.esm        NPC_    sky_xre_kw_mariand
	sky_main.esm        NPC_    sky_xre_kw_mjorno
	sky_main.esm        NPC_    sky_xre_kw_odavus
	sky_main.esm        NPC_    sky_xre_kw_pirom
	sky_main.esm        NPC_    sky_xre_kw_ranash
	sky_main.esm        NPC_    sky_xre_kw_ricord
	sky_main.esm        NPC_    sky_xre_kw_rithwen
	sky_main.esm        NPC_    sky_xre_kw_sanald
	sky_main.esm        NPC_    sky_xre_kw_sara-yi
	sky_main.esm        NPC_    sky_xre_kw_sjorod
	sky_main.esm        NPC_    sky_xre_kw_smarg
	sky_main.esm        NPC_    sky_xre_kw_unnoronil
	sky_main.esm        NPC_    sky_xre_kw_vernina
	sky_main.esm        NPC_    sky_xre_kw_vralov
	sky_main.esm        NPC_    sky_xre_kw_yagwhan
	sky_main.esm        NPC_    sky_xre_lh_argok
	sky_main.esm        NPC_    sky_xre_lh_grundar
	sky_main.esm        NPC_    sky_xre_lh_ygrod
	sky_main.esm        NPC_    sky_xre_mai_afraech
	sky_main.esm        NPC_    sky_xre_mai_fierann
	sky_main.esm        NPC_    sky_xre_mai_oddl
	sky_main.esm        NPC_    sky_xre_mdk_bjarek
	sky_main.esm        NPC_    sky_xre_mdk_orlund
	sky_main.esm        NPC_    sky_xre_mer_crosain
	sky_main.esm        NPC_    sky_xre_mer_rathain
	sky_main.esm        NPC_    sky_xre_mer_shamrig
	sky_main.esm        NPC_    sky_xre_mer_tearlach
	sky_main.esm        NPC_    sky_xre_mer_uildean
	sky_main.esm        NPC_    sky_xre_nar_grubok
	sky_main.esm        NPC_    sky_xre_vf_albarn
	sky_main.esm        NPC_    sky_xre_vf_albec
	sky_main.esm        NPC_    sky_xre_vf_bugdul
	sky_main.esm        NPC_    sky_xre_vf_burdok
	sky_main.esm        NPC_    sky_xre_vf_d_hunter
	sky_main.esm        NPC_    sky_xre_vf_durak
	sky_main.esm        NPC_    sky_xre_vf_fyrse
	sky_main.esm        NPC_    sky_xre_vf_heremod
	sky_main.esm        NPC_    sky_xre_vf_jharoc
	sky_main.esm        NPC_    sky_xre_vf_jovodii
	sky_main.esm        NPC_    sky_xre_vf_keirth
	sky_main.esm        NPC_    sky_xre_vf_mucri
	sky_main.esm        NPC_    sky_xre_vf_rana
	sky_main.esm        NPC_    sky_xre_vf_shakh
	sky_main.esm        NPC_    sky_xre_vf_shumba
	sky_main.esm        NPC_    sky_xre_vf_sigruf
	sky_main.esm        NPC_    sky_xre_vf_tamnar
	sky_main.esm        NPC_    sky_xre_vf_valund
	sky_main.esm        NPC_    sky_xre_vf_vighren
	sky_main.esm        NPC_    sky_xre_vf_ylbent
	sky_main.esm        NPC_    sky_xvv_df_jurid
