Welcome_to_the_Arena_v6.7_OV.esp: DUP-REC GETSND MENUMOD MISSVER MOD-INF OVR-REC
    [GETSND] GetSoundPlaying possibly used to detect events:
	SCPT(Arena_Practive_dummy_script)
    [MENUMOD] Scripts not checking menumode:
	SCPT(Arena_Bolvyn_Dead_Check_Script)
	SCPT(Arena_Challenged_dead_script)
	SCPT(Arena_Challenged_equip_script)
	SCPT(Arena_Challenged_script)
	SCPT(Arena_Champ_Team_M_Script)
	SCPT(Arena_Champ_Team_R_Script)
	SCPT(Arena_Champ_Team_Script)
	SCPT(Arena_Champion_Script)
	SCPT(Arena_Champion_mage_Script)
	SCPT(Arena_Champion_range_Script)
	SCPT(Arena_FinalBattle_music_script)
	SCPT(Arena_Fix_compan_A_script)
	SCPT(Arena_Fix_compan_D_script)
	SCPT(Arena_Fix_compan_F_script)
	SCPT(Arena_Fix_compan_H_script)
	SCPT(Arena_Fix_compan_VA_script)
	SCPT(Arena_Fix_compan_VI_script)
	SCPT(Arena_Garding_dead_check_Script)
	SCPT(Arena_Leaving_check_script)
	SCPT(Arena_Mages_Spells_Script)
	SCPT(Arena_Mods_dead_check_Script)
	SCPT(Arena_Monster_Script)
	SCPT(Arena_Monster_check_script)
	SCPT(Arena_Pit_door)
	SCPT(Arena_PlaceChampions_script)
	SCPT(Arena_PlaceChamps_team2_script)
	SCPT(Arena_PlaceChamps_team_script)
	SCPT(Arena_PlaceFighters_R_script)
	SCPT(Arena_PlaceFighters_script)
	SCPT(Arena_PlaceMonsters_script)
	SCPT(Arena_Rainment_script)
	SCPT(Arena_Rothis_dead_check_Script)
	SCPT(Arena_Shirt_script)
	SCPT(Arena_Smith_Script)
	SCPT(Arena_Teleport_Golam)
	SCPT(Arena_Trebon_Dead_Check_Script)
	SCPT(Arena_Upgrade_Ababae)
	SCPT(Arena_Upgrade_Domas)
	SCPT(Arena_Upgrade_Fadali)
	SCPT(Arena_Upgrade_Hjotra)
	SCPT(Arena_Upgrade_Varnand)
	SCPT(Arena_Upgrade_Vinvanil)
	SCPT(Arena_Vatini_Dead_Check_Script)
	SCPT(Arena_assasin_Script)
	SCPT(Arena_bet_BlueFighter_Script)
	SCPT(Arena_bet_RedFighter_Script)
	SCPT(Arena_compan_hands)
	SCPT(Arena_compan_no_range)
	SCPT(Arena_compan_no_spell)
	SCPT(Arena_compan_reset)
	SCPT(Arena_compan_use_spell)
	SCPT(Arena_copy_explosion_Script)
	SCPT(Arena_cuirass_change_Script)
	SCPT(Arena_disable_golam)
	SCPT(Arena_double_fighter_1)
	SCPT(Arena_double_fighter_10)
	SCPT(Arena_double_fighter_11)
	SCPT(Arena_double_fighter_12)
	SCPT(Arena_double_fighter_2)
	SCPT(Arena_double_fighter_3)
	SCPT(Arena_double_fighter_4)
	SCPT(Arena_double_fighter_5)
	SCPT(Arena_double_fighter_6)
	SCPT(Arena_double_fighter_7)
	SCPT(Arena_double_fighter_8)
	SCPT(Arena_double_fighter_9)
	SCPT(Arena_fan_script)
	SCPT(Arena_fight_champ_Script)
	SCPT(Arena_fight_copy_script)
	SCPT(Arena_fight_ranger_RV_Script)
	SCPT(Arena_fight_ranger_R_Script)
	SCPT(Arena_fight_ranger_Script)
	SCPT(Arena_fighter_A_Script)
	SCPT(Arena_fighter_H_Script)
	SCPT(Arena_fighter_RD_Script)
	SCPT(Arena_fighter_RF_Script)
	SCPT(Arena_fighter_R_Script)
	SCPT(Arena_fighter_Script)
	SCPT(Arena_fighter_V_Script)
	SCPT(Arena_fighter_ill_Script)
	SCPT(Arena_no_company_r_script)
	SCPT(Arena_no_company_script)
	SCPT(Arena_no_fan_script)
	SCPT(Arena_options_armor_script)
	SCPT(Arena_options_diff_script)
	SCPT(Arena_options_fps2_script)
	SCPT(Arena_options_fps_script)
	SCPT(Arena_options_menu_script)
	SCPT(Arena_options_music_script)
	SCPT(Arena_options_stone_script)
	SCPT(Arena_questionhealth)
	SCPT(Arena_sound_crowd01)
	SCPT(Arena_sound_crowd02)
	SCPT(Arena_spikes_colission)
	SCPT(Arena_spikes_damage)
	SCPT(Arena_wait_monster)
	SCPT(Arena_wait_week)
	SCPT(arena_invisiblewall_script)
	SCPT(vivecArenaScript)
    [OVR-REC] Overridden Records:
	From Master         Type    Name
	bloodmoon.esm       DIAL    service refusal
	morrowind.esm       DIAL    arena
	morrowind.esm       NPC_    morusu varen
	morrowind.esm       NPC_    snat gro-ushug
	morrowind.esm       NPC_    tanusea veloth
	morrowind.esm       NPC_    vilyn rervam
	tribunal.esm        DIAL    attack
	tribunal.esm        DIAL    background
	tribunal.esm        DIAL    greeting 1
	tribunal.esm        DIAL    greeting 9
	tribunal.esm        DIAL    hello
	tribunal.esm        DIAL    hit

[MOD-INF]: ID=15738326681536917819(Topic:arena)
  morrowind.esm-------------------->|DATA|ANAM:Vivec|NAME:The Arena Compound lies between the Redoran compound on the west and the Telvanni compound on the east. The Arena is the site of public entertainments and combat sports. The comfortable domed Arena has seating for hundreds of spectators; beneath the Arena are dressing and storage rooms for entertainers and training rooms and animal pens for the combat competitors.|SCVR:0CsX0NoLore|INTV:
  Welcome_to_the_Arena_v6.7_OV.esp->|DATA|ANAM:Vivec|NAME:The Arena Compound lies between the Redoran compound on the west and the Telvanni compound on the east. The Arena is the site of public entertainments and combat sports. The comfortable domed Arena has seating for hundreds of spectators; beneath the Arena are dressing and storage rooms for entertainers and training rooms and animal pens for the combat competitors. If you are interested to become an Arena combatant, you should talk to one of the Arena masters in their bloodworks.|SCVR:0CsX0NoLore|INTV:|SCVR:17XX0arena master|INTV:|BNAM:AddTopic "-Challenge"  Journal  ARENA_Faction 10
