Welcome Home_.esp: DUP-INF DUP-REC MASTERS MENUMOD MISSAUT MISSDSC MISSVER OVR-REC
    MASTERS: out of sync with the masters installed in your Data Files directory:
	Tamriel_Data.esm             8787443 (plugin)   11064795 (installed size)
	OAAB_Data.esm                1207137 (plugin)    1567893 (installed size)
    [MENUMOD] Scripts not checking menumode:
	SCPT(sl_ald_lock)
	SCPT(sl_aru_lock)
	SCPT(sl_bal_lock)
	SCPT(sl_bra_lock)
	SCPT(sl_cal_lock)
	SCPT(sl_dag_lock)
	SCPT(sl_deruster_script)
	SCPT(sl_ebo_lock)
	SCPT(sl_fro_lock)
	SCPT(sl_gna_lock)
	SCPT(sl_gni_lock)
	SCPT(sl_hla_lock)
	SCPT(sl_khu_lock)
	SCPT(sl_maa_lock)
	SCPT(sl_mol_lock)
	SCPT(sl_morf_lock)
	SCPT(sl_morm_lock)
	SCPT(sl_mou_lock)
	SCPT(sl_pel_lock)
	SCPT(sl_sad_lock)
	SCPT(sl_seyda_lock)
	SCPT(sl_ska_lock)
	SCPT(sl_sur_lock)
	SCPT(sl_tv_lock)
	SCPT(sl_urs_lock)
	SCPT(sl_vel_lock)
	SCPT(sl_viv2_lock)
	SCPT(sl_viv_lock)
	SCPT(sl_vos_lock)
    [DUP-REC] Duplicate Records:
	From Master         Type    Name
	morrowind.esm       DOOR    ex_common_door_01
    [OVR-REC] Overridden Records:
	From Master         Type    Name
	morrowind.esm       PGRD    balmora
	morrowind.esm       PGRD    caldera
	morrowind.esm       PGRD    dagon fel
	morrowind.esm       PGRD    gnisis
	morrowind.esm       PGRD    molag mar
	morrowind.esm       PGRD    pelagiad
	morrowind.esm       PGRD    sadrith mora
	morrowind.esm       PGRD    urshilaku camp
	solstheim tomb of the snow prince.esm    PGRD    solstheim, hirstaang forest
	tribunal.esm        DIAL    latest rumors
	tribunal.esm        DIAL    my trade
	tribunal.esm        DIAL    someone in particular

[DUP-INF]: ID=128279104427445(Topic:latest rumors)
  |DATA|ONAM:denegor|NAME:Oh yeah, sure. Heard ya the f-f-first time.

[DUP-INF]: ID=646119943318678334(Topic:someone in particular)
  |DATA|ONAM:denegor|NAME:Oh yeah, sure. Heard ya the f-f-first time.

[DUP-INF]: ID=10924273023043113826(Topic:my trade)
  |DATA|ONAM:erich the unworthy|NAME:I'm a lover and a killer. What more is there in life?
