WoRR.ESP: DUP-REC MISSAUT MISSDSC MISSVER OVR-REC
    [DUP-REC] Duplicate Records:
	From Master         Type    Name
	bloodmoon.esm       WEAP    bm_arrow_riekling_uni
	bloodmoon.esm       WEAP    bm_ebonyarrow_s
	bloodmoon.esm       WEAP    silver arrow
	bloodmoon.esm       WEAP    silver arrow_thirsk_0
	bloodmoon.esm       WEAP    silver arrow_thirsk_1
	bloodmoon.esm       WEAP    silver arrow_thirsk_2
	bloodmoon.esm       WEAP    silver arrow_thirsk_3
	bloodmoon.esm       WEAP    silver arrow_thirsk_4
	bloodmoon.esm       WEAP    silver arrow_thirsk_5
	bloodmoon.esm       WEAP    silver arrow_thirsk_6
	bloodmoon.esm       WEAP    silver arrow_thirsk_7
	bloodmoon.esm       WEAP    silver arrow_thirsk_8
	bloodmoon.esm       WEAP    silver arrow_thirsk_9
	bloodmoon.esm       WEAP    silver bolt
	bloodmoon.esm       WEAP    silver dart
	bloodmoon.esm       WEAP    silver throwing star
	bloodmoon.esm       WEAP    steel arrow_carnius
	bloodmoon.esm       WEAP    steel longbow_carnius
	morrowind.esm       WEAP    arrow of wasting flame
	morrowind.esm       WEAP    arrow of wasting shard
	morrowind.esm       WEAP    arrow of wasting spark
	morrowind.esm       WEAP    arrow of wasting viper
	morrowind.esm       WEAP    azura_star_unique
	morrowind.esm       WEAP    bonemold arrow
	morrowind.esm       WEAP    bonemold bolt
	morrowind.esm       WEAP    bonemold long bow
	morrowind.esm       WEAP    chitin arrow
	morrowind.esm       WEAP    chitin short bow
	morrowind.esm       WEAP    chitin throwing star
	morrowind.esm       WEAP    corkbulb arrow
	morrowind.esm       WEAP    corkbulb bolt
	morrowind.esm       WEAP    daedric arrow
	morrowind.esm       WEAP    daedric dart
	morrowind.esm       WEAP    daedric long bow
	morrowind.esm       WEAP    demon longbow
	morrowind.esm       WEAP    devil longbow
	morrowind.esm       WEAP    dire flame bolt
	morrowind.esm       WEAP    dire flamearrow
	morrowind.esm       WEAP    dire frostarrow
	morrowind.esm       WEAP    dire shard bolt
	morrowind.esm       WEAP    dire shardarrow
	morrowind.esm       WEAP    dire spark bolt
	morrowind.esm       WEAP    dire sparkarrow
	morrowind.esm       WEAP    dire viper bolt
	morrowind.esm       WEAP    dwarven crossbow
	morrowind.esm       WEAP    ebony arrow
	morrowind.esm       WEAP    ebony dart
	morrowind.esm       WEAP    ebony throwing star
	morrowind.esm       WEAP    ebony_bow_auriel
	morrowind.esm       WEAP    fiend longbow
	morrowind.esm       WEAP    firebite star
	morrowind.esm       WEAP    flame arrow
	morrowind.esm       WEAP    flame_bolt
	morrowind.esm       WEAP    flamestar
	morrowind.esm       WEAP    flying viper
	morrowind.esm       WEAP    glass arrow
	morrowind.esm       WEAP    glass throwing knife
	morrowind.esm       WEAP    glass throwing star
	morrowind.esm       WEAP    grey shaft of holding
	morrowind.esm       WEAP    grey shaft of nonsense
	morrowind.esm       WEAP    grey shaft of unraveling
	morrowind.esm       WEAP    iron arrow
	morrowind.esm       WEAP    iron bolt
	morrowind.esm       WEAP    iron throwing knife
	morrowind.esm       WEAP    iron_arrow_uniq_judgement
	morrowind.esm       WEAP    long bow
	morrowind.esm       WEAP    longbow_shadows_unique
	morrowind.esm       WEAP    magic_bolt
	morrowind.esm       WEAP    orcish bolt
	morrowind.esm       WEAP    shard arrow
	morrowind.esm       WEAP    shard_bolt
	morrowind.esm       WEAP    shardstar
	morrowind.esm       WEAP    shield_bolt
	morrowind.esm       WEAP    shock_bolt
	morrowind.esm       WEAP    short bow
	morrowind.esm       WEAP    shortbow of sanguine sureflight
	morrowind.esm       WEAP    spark arrow
	morrowind.esm       WEAP    spark_bolt
	morrowind.esm       WEAP    sparkstar
	morrowind.esm       WEAP    steel arrow
	morrowind.esm       WEAP    steel bolt
	morrowind.esm       WEAP    steel crossbow
	morrowind.esm       WEAP    steel dart
	morrowind.esm       WEAP    steel longbow
	morrowind.esm       WEAP    steel throwing star
	morrowind.esm       WEAP    vfx_alterationbolt
	morrowind.esm       WEAP    vfx_conjurebolt
	morrowind.esm       WEAP    vfx_defaultbolt
	morrowind.esm       WEAP    vfx_destructbolt
	morrowind.esm       WEAP    vfx_frostbolt
	morrowind.esm       WEAP    vfx_illusionbolt
	morrowind.esm       WEAP    vfx_multiple2
	morrowind.esm       WEAP    vfx_multiple3
	morrowind.esm       WEAP    vfx_multiple4
	morrowind.esm       WEAP    vfx_multiple5
	morrowind.esm       WEAP    vfx_multiple6
	morrowind.esm       WEAP    vfx_multiple7
	morrowind.esm       WEAP    vfx_multiple8
	morrowind.esm       WEAP    vfx_mysticismbolt
	morrowind.esm       WEAP    vfx_poisonbolt
	morrowind.esm       WEAP    vfx_restorebolt
	morrowind.esm       WEAP    viper arrow
	morrowind.esm       WEAP    viper_bolt
	morrowind.esm       WEAP    viperstar
	tribunal.esm        WEAP    dire viperarrow
	tribunal.esm        WEAP    ebony dart_db_unique
	tribunal.esm        WEAP    ebony_bow_auriel_x
	tribunal.esm        WEAP    longbow_shadows_unique_x
    [OVR-REC] Overridden Records:
	From Master         Type    Name
	bloodmoon.esm       ENCH    bm_arrowslay_en
	bloodmoon.esm       ENCH    tracker longsword
	bloodmoon.esm       WEAP    bm frostgore
	bloodmoon.esm       WEAP    bm huntsman axe
	bloodmoon.esm       WEAP    bm huntsman crossbow
	bloodmoon.esm       WEAP    bm huntsman longsword
	bloodmoon.esm       WEAP    bm huntsman spear
	bloodmoon.esm       WEAP    bm huntsman war axe
	bloodmoon.esm       WEAP    bm huntsmanbolt
	bloodmoon.esm       WEAP    bm ice dagger
	bloodmoon.esm       WEAP    bm ice longsword
	bloodmoon.esm       WEAP    bm ice longsword_fg_unique
	bloodmoon.esm       WEAP    bm ice mace
	bloodmoon.esm       WEAP    bm ice war axe
	bloodmoon.esm       WEAP    bm nord leg
	bloodmoon.esm       WEAP    bm nordic pick
	bloodmoon.esm       WEAP    bm nordic silver axe
	bloodmoon.esm       WEAP    bm nordic silver axe_ber
	bloodmoon.esm       WEAP    bm nordic silver axe_spurius
	bloodmoon.esm       WEAP    bm nordic silver battleaxe
	bloodmoon.esm       WEAP    bm nordic silver battleaxe_ber
	bloodmoon.esm       WEAP    bm nordic silver claymore
	bloodmoon.esm       WEAP    bm nordic silver claymore_ber
	bloodmoon.esm       WEAP    bm nordic silver dagger
	bloodmoon.esm       WEAP    bm nordic silver longsword
	bloodmoon.esm       WEAP    bm nordic silver longsword_ber
	bloodmoon.esm       WEAP    bm nordic silver longsword_cft
	bloodmoon.esm       WEAP    bm nordic silver mace
	bloodmoon.esm       WEAP    bm nordic silver shortsword
	bloodmoon.esm       WEAP    bm nordic_longsword_tracker
	bloodmoon.esm       WEAP    bm reaver battle axe
	bloodmoon.esm       WEAP    bm riekling lance
	bloodmoon.esm       WEAP    bm riekling sword
	bloodmoon.esm       WEAP    bm riekling sword_rusted
	bloodmoon.esm       WEAP    bm silver dagger wolfender
	bloodmoon.esm       WEAP    bm winterwound dagger
	bloodmoon.esm       WEAP    bm_axe_heartfang_unique
	bloodmoon.esm       WEAP    bm_dagger_wolfgiver
	bloodmoon.esm       WEAP    bm_ebony_staff_necro
	bloodmoon.esm       WEAP    bm_ebonylongsword_s
	bloodmoon.esm       WEAP    bm_hunter_battleaxe_unique
	bloodmoon.esm       WEAP    bm_hunterspear_unique
	bloodmoon.esm       WEAP    bm_ice_minion_lance
	bloodmoon.esm       WEAP    bm_mace_aevar_uni
	bloodmoon.esm       WEAP    bm_nordic_silver_lgswd_bloodska
	bloodmoon.esm       WEAP    bm_saber_seasplitter
	bloodmoon.esm       WEAP    daedric dagger
	bloodmoon.esm       WEAP    daedric mace
	bloodmoon.esm       WEAP    imperial shortsword severio
	bloodmoon.esm       WEAP    lucky_break
	bloodmoon.esm       WEAP    miner's pick
	bloodmoon.esm       WEAP    nordic claymore_stormfang
	bloodmoon.esm       WEAP    silver axe of paralysis
	bloodmoon.esm       WEAP    silver claymore
	bloodmoon.esm       WEAP    silver dagger
	bloodmoon.esm       WEAP    silver dagger_hanin cursed
	bloodmoon.esm       WEAP    silver flameaxe
	bloodmoon.esm       WEAP    silver flameblade
	bloodmoon.esm       WEAP    silver flameskewer
	bloodmoon.esm       WEAP    silver flameslayer
	bloodmoon.esm       WEAP    silver flamesword
	bloodmoon.esm       WEAP    silver longsword
	bloodmoon.esm       WEAP    silver shardaxe
	bloodmoon.esm       WEAP    silver shardblade
	bloodmoon.esm       WEAP    silver shardskewer
	bloodmoon.esm       WEAP    silver shardslayer
	bloodmoon.esm       WEAP    silver shardsword
	bloodmoon.esm       WEAP    silver shortsword
	bloodmoon.esm       WEAP    silver sparkaxe
	bloodmoon.esm       WEAP    silver sparkblade
	bloodmoon.esm       WEAP    silver sparkskewer
	bloodmoon.esm       WEAP    silver sparkslayer
	bloodmoon.esm       WEAP    silver sparksword
	bloodmoon.esm       WEAP    silver spear
	bloodmoon.esm       WEAP    silver staff of chastening
	bloodmoon.esm       WEAP    silver staff of hunger
	bloodmoon.esm       WEAP    silver staff of paralysis
	bloodmoon.esm       WEAP    silver staff of peace
	bloodmoon.esm       WEAP    silver staff of reckoning
	bloodmoon.esm       WEAP    silver staff of shaming
	bloodmoon.esm       WEAP    silver staff of war
	bloodmoon.esm       WEAP    silver sword of paralysis
	bloodmoon.esm       WEAP    silver viperaxe
	bloodmoon.esm       WEAP    silver viperblade
	bloodmoon.esm       WEAP    silver viperskewer
	bloodmoon.esm       WEAP    silver viperslayer
	bloodmoon.esm       WEAP    silver vipersword
	bloodmoon.esm       WEAP    silver_staff_dawn_uniq
	bloodmoon.esm       WEAP    solvistapp
	bloodmoon.esm       WEAP    steel saber_elberoth
	bloodmoon.esm       WEAP    steel spear snow prince
	bloodmoon.esm       WEAP    warhammer_rammekald_unique
	morrowind.esm       GMST    fhandtohandreach
	morrowind.esm       WEAP    6th bell hammer
	morrowind.esm       WEAP    airan_ahhe's_spirit_spear_uniq
	morrowind.esm       WEAP    ane_teria_mace_unique
	morrowind.esm       WEAP    axe_queen_of_bats_unique
	morrowind.esm       WEAP    banhammer_unique
	morrowind.esm       WEAP    battle axe of wounds
	morrowind.esm       WEAP    boethiah's walking stick
	morrowind.esm       WEAP    bonebiter_bow_unique
	morrowind.esm       WEAP    bound_battle_axe
	morrowind.esm       WEAP    bound_dagger
	morrowind.esm       WEAP    bound_longbow
	morrowind.esm       WEAP    bound_longsword
	morrowind.esm       WEAP    bound_mace
	morrowind.esm       WEAP    bound_spear
	morrowind.esm       WEAP    chargen dagger
	morrowind.esm       WEAP    chitin club
	morrowind.esm       WEAP    chitin dagger
	morrowind.esm       WEAP    chitin shortsword
	morrowind.esm       WEAP    chitin spear
	morrowind.esm       WEAP    chitin war axe
	morrowind.esm       WEAP    claymore_agustas
	morrowind.esm       WEAP    claymore_chrysamere_unique
	morrowind.esm       WEAP    claymore_iceblade_unique
	morrowind.esm       WEAP    cleaverstfelms
	morrowind.esm       WEAP    cloudcleaver_unique
	morrowind.esm       WEAP    clutterbane
	morrowind.esm       WEAP    conoon_chodala_axe_unique
	morrowind.esm       WEAP    crosierstllothis
	morrowind.esm       WEAP    cruel flame bolt
	morrowind.esm       WEAP    cruel flamearrow
	morrowind.esm       WEAP    cruel flameblade
	morrowind.esm       WEAP    cruel flamestar
	morrowind.esm       WEAP    cruel flamesword
	morrowind.esm       WEAP    cruel frostarrow
	morrowind.esm       WEAP    cruel shard bolt
	morrowind.esm       WEAP    cruel shardarrow
	morrowind.esm       WEAP    cruel shardblade
	morrowind.esm       WEAP    cruel shardstar
	morrowind.esm       WEAP    cruel shardsword
	morrowind.esm       WEAP    cruel spark bolt
	morrowind.esm       WEAP    cruel sparkarrow
	morrowind.esm       WEAP    cruel sparkblade
	morrowind.esm       WEAP    cruel sparkstar
	morrowind.esm       WEAP    cruel sparksword
	morrowind.esm       WEAP    cruel viper bolt
	morrowind.esm       WEAP    cruel viperarrow
	morrowind.esm       WEAP    cruel viperblade
	morrowind.esm       WEAP    cruel viperstar
	morrowind.esm       WEAP    cruel vipersword
	morrowind.esm       WEAP    daedric battle axe
	morrowind.esm       WEAP    daedric claymore
	morrowind.esm       WEAP    daedric club
	morrowind.esm       WEAP    daedric dagger_mtas
	morrowind.esm       WEAP    daedric dagger_soultrap
	morrowind.esm       WEAP    daedric dai-katana
	morrowind.esm       WEAP    daedric katana
	morrowind.esm       WEAP    daedric longsword
	morrowind.esm       WEAP    daedric shortsword
	morrowind.esm       WEAP    daedric spear
	morrowind.esm       WEAP    daedric staff
	morrowind.esm       WEAP    daedric tanto
	morrowind.esm       WEAP    daedric wakizashi
	morrowind.esm       WEAP    daedric wakizashi_hhst
	morrowind.esm       WEAP    daedric war axe
	morrowind.esm       WEAP    daedric warhammer
	morrowind.esm       WEAP    daedric warhammer_ttgd
	morrowind.esm       WEAP    daedric_club_tgdc
	morrowind.esm       WEAP    daedric_crescent_unique
	morrowind.esm       WEAP    daedric_scourge_unique
	morrowind.esm       WEAP    dagger of judgement
	morrowind.esm       WEAP    dagger_fang_unique
	morrowind.esm       WEAP    dagoth dagger
	morrowind.esm       WEAP    dart_uniq_judgement
	morrowind.esm       WEAP    daunting mace
	morrowind.esm       WEAP    demon katana
	morrowind.esm       WEAP    demon mace
	morrowind.esm       WEAP    demon tanto
	morrowind.esm       WEAP    devil katana
	morrowind.esm       WEAP    devil spear
	morrowind.esm       WEAP    devil tanto
	morrowind.esm       WEAP    devil_tanto_tgamg
	morrowind.esm       WEAP    dire flameblade
	morrowind.esm       WEAP    dire flamesword
	morrowind.esm       WEAP    dire shardblade
	morrowind.esm       WEAP    dire shardsword
	morrowind.esm       WEAP    dire sparkblade
	morrowind.esm       WEAP    dire sparksword
	morrowind.esm       WEAP    dire viperblade
	morrowind.esm       WEAP    dire vipersword
	morrowind.esm       WEAP    divine judgement silver staff
	morrowind.esm       WEAP    dreugh club
	morrowind.esm       WEAP    dreugh staff
	morrowind.esm       WEAP    dwarven axe_soultrap
	morrowind.esm       WEAP    dwarven battle axe
	morrowind.esm       WEAP    dwarven claymore
	morrowind.esm       WEAP    dwarven halberd
	morrowind.esm       WEAP    dwarven halberd_soultrap
	morrowind.esm       WEAP    dwarven mace
	morrowind.esm       WEAP    dwarven shortsword
	morrowind.esm       WEAP    dwarven spear
	morrowind.esm       WEAP    dwarven war axe
	morrowind.esm       WEAP    dwarven war axe_redas
	morrowind.esm       WEAP    dwarven warhammer
	morrowind.esm       WEAP    dwarven_hammer_volendrung
	morrowind.esm       WEAP    dwe_jinksword_curse_unique
	morrowind.esm       WEAP    dwemer jinksword
	morrowind.esm       WEAP    ebony broadsword
	morrowind.esm       WEAP    ebony broadsword_dae_cursed
	morrowind.esm       WEAP    ebony longsword
	morrowind.esm       WEAP    ebony mace
	morrowind.esm       WEAP    ebony shortsword
	morrowind.esm       WEAP    ebony spear
	morrowind.esm       WEAP    ebony spear_hrce_unique
	morrowind.esm       WEAP    ebony staff
	morrowind.esm       WEAP    ebony staff caper
	morrowind.esm       WEAP    ebony war axe
	morrowind.esm       WEAP    ebony wizard's staff
	morrowind.esm       WEAP    ebony_dagger_mehrunes
	morrowind.esm       WEAP    ebony_staff_tges
	morrowind.esm       WEAP    ebony_staff_trebonius
	morrowind.esm       WEAP    erur_dan_spear_unique
	morrowind.esm       WEAP    false_sunder
	morrowind.esm       WEAP    fiend battle axe
	morrowind.esm       WEAP    fiend katana
	morrowind.esm       WEAP    fiend spear
	morrowind.esm       WEAP    fiend spear_dae_cursed
	morrowind.esm       WEAP    fiend tanto
	morrowind.esm       WEAP    firebite club
	morrowind.esm       WEAP    firebite dagger
	morrowind.esm       WEAP    firebite sword
	morrowind.esm       WEAP    firebite war axe
	morrowind.esm       WEAP    fireblade
	morrowind.esm       WEAP    foeburner
	morrowind.esm       WEAP    fork_horripilation_unique
	morrowind.esm       WEAP    fury
	morrowind.esm       WEAP    gavel of the ordinator
	morrowind.esm       WEAP    glass claymore
	morrowind.esm       WEAP    glass claymore_magebane
	morrowind.esm       WEAP    glass dagger
	morrowind.esm       WEAP    glass dagger_dae_cursed
	morrowind.esm       WEAP    glass firesword
	morrowind.esm       WEAP    glass frostsword
	morrowind.esm       WEAP    glass halberd
	morrowind.esm       WEAP    glass jinkblade
	morrowind.esm       WEAP    glass longsword
	morrowind.esm       WEAP    glass netch dagger
	morrowind.esm       WEAP    glass poisonsword
	morrowind.esm       WEAP    glass staff
	morrowind.esm       WEAP    glass stormblade
	morrowind.esm       WEAP    glass stormsword
	morrowind.esm       WEAP    glass war axe
	morrowind.esm       WEAP    glass_dagger_enamor
	morrowind.esm       WEAP    greed
	morrowind.esm       WEAP    herder_crook
	morrowind.esm       WEAP    icebreaker
	morrowind.esm       WEAP    icicle
	morrowind.esm       WEAP    imperial broadsword
	morrowind.esm       WEAP    imperial netch blade
	morrowind.esm       WEAP    iron battle axe
	morrowind.esm       WEAP    iron claymore
	morrowind.esm       WEAP    iron club
	morrowind.esm       WEAP    iron dagger
	morrowind.esm       WEAP    iron dagger_telasero_unique
	morrowind.esm       WEAP    iron flameblade
	morrowind.esm       WEAP    iron flamecleaver
	morrowind.esm       WEAP    iron flamemace
	morrowind.esm       WEAP    iron flamemauler
	morrowind.esm       WEAP    iron flameskewer
	morrowind.esm       WEAP    iron flameslayer
	morrowind.esm       WEAP    iron flamesword
	morrowind.esm       WEAP    iron fork
	morrowind.esm       WEAP    iron halberd
	morrowind.esm       WEAP    iron long spear
	morrowind.esm       WEAP    iron longsword
	morrowind.esm       WEAP    iron saber
	morrowind.esm       WEAP    iron shardaxe
	morrowind.esm       WEAP    iron shardblade
	morrowind.esm       WEAP    iron shardcleaver
	morrowind.esm       WEAP    iron shardmace
	morrowind.esm       WEAP    iron shardmauler
	morrowind.esm       WEAP    iron shardskewer
	morrowind.esm       WEAP    iron shardslayer
	morrowind.esm       WEAP    iron shardsword
	morrowind.esm       WEAP    iron shortsword
	morrowind.esm       WEAP    iron sparkaxe
	morrowind.esm       WEAP    iron sparkblade
	morrowind.esm       WEAP    iron sparkcleaver
	morrowind.esm       WEAP    iron sparkmace
	morrowind.esm       WEAP    iron sparkmauler
	morrowind.esm       WEAP    iron sparkskewer
	morrowind.esm       WEAP    iron sparkslayer
	morrowind.esm       WEAP    iron sparksword
	morrowind.esm       WEAP    iron spear
	morrowind.esm       WEAP    iron spider dagger
	morrowind.esm       WEAP    iron tanto
	morrowind.esm       WEAP    iron viperaxe
	morrowind.esm       WEAP    iron viperblade
	morrowind.esm       WEAP    iron vipercleaver
	morrowind.esm       WEAP    iron vipermauler
	morrowind.esm       WEAP    iron viperskewer
	morrowind.esm       WEAP    iron viperslayer
	morrowind.esm       WEAP    iron vipersword
	morrowind.esm       WEAP    iron wakizashi
	morrowind.esm       WEAP    iron war axe
	morrowind.esm       WEAP    iron warhammer
	morrowind.esm       WEAP    karpal's friend
	morrowind.esm       WEAP    katana_bluebrand_unique
	morrowind.esm       WEAP    katana_goldbrand_unique
	morrowind.esm       WEAP    keening
	morrowind.esm       WEAP    last rites
	morrowind.esm       WEAP    last wish
	morrowind.esm       WEAP    light staff
	morrowind.esm       WEAP    lightofday_unique
	morrowind.esm       WEAP    lugrub's axe
	morrowind.esm       WEAP    mace of molag bal_unique
	morrowind.esm       WEAP    mehrunes'_razor_unique
	morrowind.esm       WEAP    mephala's teacher
	morrowind.esm       WEAP    merisan club
	morrowind.esm       WEAP    nordic battle axe
	morrowind.esm       WEAP    nordic broadsword
	morrowind.esm       WEAP    nordic claymore
	morrowind.esm       WEAP    orcish battle axe
	morrowind.esm       WEAP    orcish warhammer
	morrowind.esm       WEAP    peacemaker
	morrowind.esm       WEAP    racerbeak
	morrowind.esm       WEAP    rusty_dagger_unique
	morrowind.esm       WEAP    saint's black sword
	morrowind.esm       WEAP    shockbite battle axe
	morrowind.esm       WEAP    shockbite halberd
	morrowind.esm       WEAP    shockbite mace
	morrowind.esm       WEAP    shockbite war axe
	morrowind.esm       WEAP    shockbite warhammer
	morrowind.esm       WEAP    snowy crown
	morrowind.esm       WEAP    spear_mercy_unique
	morrowind.esm       WEAP    spear_of_light
	morrowind.esm       WEAP    spiderbite
	morrowind.esm       WEAP    spiked club
	morrowind.esm       WEAP    spirit-eater
	morrowind.esm       WEAP    staff of the forefathers
	morrowind.esm       WEAP    staff_hasedoki_unique
	morrowind.esm       WEAP    staff_magnus_unique
	morrowind.esm       WEAP    staff_of_llevule
	morrowind.esm       WEAP    steel axe
	morrowind.esm       WEAP    steel blade of heaven
	morrowind.esm       WEAP    steel broadsword of hewing
	morrowind.esm       WEAP    steel claymore
	morrowind.esm       WEAP    steel claymore of hewing
	morrowind.esm       WEAP    steel club
	morrowind.esm       WEAP    steel dagger
	morrowind.esm       WEAP    steel dagger of swiftblade
	morrowind.esm       WEAP    steel dai-katana
	morrowind.esm       WEAP    steel firesword
	morrowind.esm       WEAP    steel flameaxe
	morrowind.esm       WEAP    steel flameblade
	morrowind.esm       WEAP    steel flamecleaver
	morrowind.esm       WEAP    steel flamemace
	morrowind.esm       WEAP    steel flamemauler
	morrowind.esm       WEAP    steel flamescythe
	morrowind.esm       WEAP    steel flameskewer
	morrowind.esm       WEAP    steel flameslayer
	morrowind.esm       WEAP    steel flamesword
	morrowind.esm       WEAP    steel frostsword
	morrowind.esm       WEAP    steel halberd
	morrowind.esm       WEAP    steel jinkblade
	morrowind.esm       WEAP    steel jinkblade of the aegis
	morrowind.esm       WEAP    steel jinksword
	morrowind.esm       WEAP    steel katana
	morrowind.esm       WEAP    steel longsword
	morrowind.esm       WEAP    steel poisonsword
	morrowind.esm       WEAP    steel saber
	morrowind.esm       WEAP    steel shardaxe
	morrowind.esm       WEAP    steel shardblade
	morrowind.esm       WEAP    steel shardcleaver
	morrowind.esm       WEAP    steel shardmace
	morrowind.esm       WEAP    steel shardmauler
	morrowind.esm       WEAP    steel shardscythe
	morrowind.esm       WEAP    steel shardskewer
	morrowind.esm       WEAP    steel shardslayer
	morrowind.esm       WEAP    steel shardsword
	morrowind.esm       WEAP    steel shortsword
	morrowind.esm       WEAP    steel sparkaxe
	morrowind.esm       WEAP    steel sparkblade
	morrowind.esm       WEAP    steel sparkcleaver
	morrowind.esm       WEAP    steel sparkmace
	morrowind.esm       WEAP    steel sparkmauler
	morrowind.esm       WEAP    steel sparkscythe
	morrowind.esm       WEAP    steel sparkskewer
	morrowind.esm       WEAP    steel sparkslayer
	morrowind.esm       WEAP    steel sparksword
	morrowind.esm       WEAP    steel spear
	morrowind.esm       WEAP    steel spear of impaling thrust
	morrowind.esm       WEAP    steel spider blade
	morrowind.esm       WEAP    steel staff
	morrowind.esm       WEAP    steel staff of chastening
	morrowind.esm       WEAP    steel staff of divine judgement
	morrowind.esm       WEAP    steel staff of peace
	morrowind.esm       WEAP    steel staff of shaming
	morrowind.esm       WEAP    steel staff of the ancestors
	morrowind.esm       WEAP    steel staff of war
	morrowind.esm       WEAP    steel stormsword
	morrowind.esm       WEAP    steel tanto
	morrowind.esm       WEAP    steel throwing knife
	morrowind.esm       WEAP    steel viperaxe
	morrowind.esm       WEAP    steel viperblade
	morrowind.esm       WEAP    steel vipercleaver
	morrowind.esm       WEAP    steel vipermace
	morrowind.esm       WEAP    steel vipermauler
	morrowind.esm       WEAP    steel viperscythe
	morrowind.esm       WEAP    steel viperskewer
	morrowind.esm       WEAP    steel viperslayer
	morrowind.esm       WEAP    steel vipersword
	morrowind.esm       WEAP    steel wakizashi
	morrowind.esm       WEAP    steel war axe
	morrowind.esm       WEAP    steel war axe of deep biting
	morrowind.esm       WEAP    steel warhammer of smiting
	morrowind.esm       WEAP    steelstaffancestors_ttsa
	morrowind.esm       WEAP    stormblade
	morrowind.esm       WEAP    stormkiss
	morrowind.esm       WEAP    sunder
	morrowind.esm       WEAP    sunder_fake
	morrowind.esm       WEAP    sword of white woe
	morrowind.esm       WEAP    throwing knife of sureflight
	morrowind.esm       WEAP    war axe of wounds
	morrowind.esm       WEAP    war_axe_airan_ammu
	morrowind.esm       WEAP    warhammer of wounds
	morrowind.esm       WEAP    warhammer_crusher_unique
	morrowind.esm       WEAP    water spear
	morrowind.esm       WEAP    we_hellfirestaff
	morrowind.esm       WEAP    we_illkurok
	morrowind.esm       WEAP    we_shimsil
	morrowind.esm       WEAP    we_stormforge
	morrowind.esm       WEAP    we_temreki
	morrowind.esm       WEAP    widowmaker_unique
	morrowind.esm       WEAP    wild flameblade
	morrowind.esm       WEAP    wild flamesword
	morrowind.esm       WEAP    wild shardblade
	morrowind.esm       WEAP    wild shardsword
	morrowind.esm       WEAP    wild sparkblade
	morrowind.esm       WEAP    wild sparksword
	morrowind.esm       WEAP    wild viperblade
	morrowind.esm       WEAP    wild vipersword
	morrowind.esm       WEAP    wind of ahaz
	morrowind.esm       WEAP    wooden staff
	morrowind.esm       WEAP    wooden staff of chastening
	morrowind.esm       WEAP    wooden staff of divine
	morrowind.esm       WEAP    wooden staff of peace
	morrowind.esm       WEAP    wooden staff of shaming
	morrowind.esm       WEAP    wooden staff of war
	tribunal.esm        ENCH    black_dart_en
	tribunal.esm        ENCH    bleeder_dart_en
	tribunal.esm        ENCH    carmine_dart_en
	tribunal.esm        ENCH    ebony_arrow_sadri_en
	tribunal.esm        WEAP    adamantium_axe
	tribunal.esm        WEAP    adamantium_claymore
	tribunal.esm        WEAP    adamantium_mace
	tribunal.esm        WEAP    adamantium_shortsword
	tribunal.esm        WEAP    adamantium_shortsword_db
	tribunal.esm        WEAP    adamantium_spear
	tribunal.esm        WEAP    bipolar blade
	tribunal.esm        WEAP    bipolar blade_x
	tribunal.esm        WEAP    black dart
	tribunal.esm        WEAP    bladepiece_01
	tribunal.esm        WEAP    bleeder dart
	tribunal.esm        WEAP    carmine dart
	tribunal.esm        WEAP    centurion_projectile_dart
	tribunal.esm        WEAP    centurion_projectile_dart_shock
	tribunal.esm        WEAP    claymore_chrysamere_unique_x
	tribunal.esm        WEAP    claymore_iceblade_unique_x
	tribunal.esm        WEAP    daedric dagger_bar
	tribunal.esm        WEAP    daedric warhammer_ttgd_x
	tribunal.esm        WEAP    dagger_fang_unique_x
	tribunal.esm        WEAP    dwarven mace_salandas
	tribunal.esm        WEAP    ebony arrow_sadri
	tribunal.esm        WEAP    ebony scimitar
	tribunal.esm        WEAP    ebony scimitar_her
	tribunal.esm        WEAP    ebony shortsword_soscean
	tribunal.esm        WEAP    ebony spear_blessed_unique
	tribunal.esm        WEAP    ebony war axe_elanande
	tribunal.esm        WEAP    fine black dart
	tribunal.esm        WEAP    fine bleeder dart
	tribunal.esm        WEAP    fine carmine dart
	tribunal.esm        WEAP    fine spring dart
	tribunal.esm        WEAP    glass dagger_symmachus_unique
	tribunal.esm        WEAP    glass dagger_symmachus_unique_x
	tribunal.esm        WEAP    goblin_club
	tribunal.esm        WEAP    goblin_sword
	tribunal.esm        WEAP    gravedigger
	tribunal.esm        WEAP    her dart
	tribunal.esm        WEAP    imperial shortsword
	tribunal.esm        WEAP    iron broadsword
	tribunal.esm        WEAP    iron mace
	tribunal.esm        WEAP    katana_goldbrand_unique_x
	tribunal.esm        WEAP    king's_oath
	tribunal.esm        WEAP    king's_oath_pc
	tribunal.esm        WEAP    longsword_umbra_unique
	tribunal.esm        WEAP    longsword_umbra_unique_x
	tribunal.esm        WEAP    mace of molag bal_unique_x
	tribunal.esm        WEAP    mace of slurring
	tribunal.esm        WEAP    mace of slurring_x
	tribunal.esm        WEAP    nerevarblade_01
	tribunal.esm        WEAP    nerevarblade_01_flame
	tribunal.esm        WEAP    silver dagger_droth_unique
	tribunal.esm        WEAP    silver dagger_droth_unique_a
	tribunal.esm        WEAP    silver dagger_iryon_unique
	tribunal.esm        WEAP    silver dagger_othril_unique
	tribunal.esm        WEAP    silver dagger_rathalas_unique
	tribunal.esm        WEAP    silver spear_uvenim
	tribunal.esm        WEAP    silver staff
	tribunal.esm        WEAP    silver war axe
	tribunal.esm        WEAP    spear_mercy_unique_x
	tribunal.esm        WEAP    spite_dart
	tribunal.esm        WEAP    spring dart
	tribunal.esm        WEAP    staff_hasedoki_unique_x
	tribunal.esm        WEAP    staff_magnus_unique_x
	tribunal.esm        WEAP    steel battle axe
	tribunal.esm        WEAP    steel broadsword
	tribunal.esm        WEAP    steel mace
	tribunal.esm        WEAP    steel warhammer
	tribunal.esm        WEAP    stendar_hammer_unique
	tribunal.esm        WEAP    stendar_hammer_unique_x
	tribunal.esm        WEAP    sword of almalexia
	tribunal.esm        WEAP    warhammer_crusher_unique_x
