Cait's Critters Unleashed - TribBlood.esp: DUP-REC JUNKCEL MASTERS MISSAUT MISSDSC MISSVER OVR-REC
    MASTERS: out of sync with the masters installed in your Data Files directory:
	OAAB_Data.esm                1269934 (plugin)    1567893 (installed size)
	Tamriel_Data.esm             8787443 (plugin)   11064795 (installed size)
    [JUNKCEL] Junk Cells:                        Flags
	Ascadian Isles Region (6, -8)            0x02
	Ashlands Region (-1, 6)                  0x02
	Ashlands Region (-1, 7)                  0x02
	Ashlands Region (-3, 18)                 0x02
	Ashlands Region (1, 4)                   0x02
	Ashlands Region (3, 4)                   0x02
	Azura's Coast Region (14, 6)             0x02
	Azura's Coast Region (15, -14)           0x02
	Azura's Coast Region (15, 6)             0x02
	Azura's Coast Region (17, 3)             0x02
	Azura's Coast Region (17, 6)             0x02
	Azura's Coast Region (18, 2)             0x02
	Azura's Coast Region (18, 5)             0x02
	Azura's Coast Region (19, 3)             0x02
	Grazelands Region (11, 15)               0x02
	Grazelands Region (9, 13)                0x02
	Red Mountain Region (2, 5)               0x02
	Red Mountain Region (3, 5)               0x02
	West Gash Region (-10, 10)               0x02
	West Gash Region (-10, 12)               0x02
	West Gash Region (-11, 12)               0x02
	West Gash Region (-12, 10)               0x02
	West Gash Region (-12, 12)               0x02
	West Gash Region (-13, 12)               0x02
	West Gash Region (-3, -1)                0x02
	West Gash Region (-8, 16)                0x02
    [DUP-REC] Duplicate Records:
	From Master         Type    Name
	tribunal.esm        LTEX    rock_coastal
    [OVR-REC] Overridden Records:
	From Master         Type    Name
	bloodmoon.esm       LTEX    sand_02
	morrowind.esm       LAND    (1, -5)
	morrowind.esm       LAND    (2, -5)
	morrowind.esm       LAND    (2, -7)
	morrowind.esm       LTEX    ai_mudflats_01.tga
	morrowind.esm       LTEX    scrub plain
	morrowind.esm       LTEX    tx_ai_mudflats_01.tga
	morrowind.esm       LTEX    tx_bc_muck.tga
	morrowind.esm       LTEX    tx_bc_muck_01.tga
	morrowind.esm       LTEX    tx_bc_mud.tga
	morrowind.esm       LTEX    tx_rock_wg_01.tga
	morrowind.esm       LTEX    tx_rockyscrub_01.tga
	morrowind.esm       LTEX    wg_dirtroad_01
	morrowind.esm       LTEX    wg_rock
	morrowind.esm       LTEX    wg_rockydirt
	morrowind.esm       LTEX    wg_rockyscrub
	morrowind.esm       LTEX    wg_scrub plain
	morrowind.esm       PGRD    gnisis
	tribunal.esm        LTEX    ai_clover
	tribunal.esm        LTEX    ai_dirt
	tribunal.esm        LTEX    ai_dirtroad
	tribunal.esm        LTEX    ai_grass
	tribunal.esm        LTEX    ai_grass_02
	tribunal.esm        LTEX    ai_grass_cobbles
	tribunal.esm        LTEX    ai_grass_dirt
	tribunal.esm        LTEX    ai_tilled_dirt
