Caldera Priory.ESP: DUP-REC MASTERS MENUMOD MISSAUT MISSDSC MISSVER OVR-REC
    MASTERS: out of sync with the masters installed in your Data Files directory:
	Tamriel_Data.esm            10684550 (plugin)   11064795 (installed size)
    [MENUMOD] Scripts not checking menumode:
	SCPT(SLF_CP_Hotd_mu_scr)
	SCPT(SLF_CP_Music_S)
	SCPT(SLF_CP_blackenedheart_scr)
	SCPT(SLF_CP_blocked_door_priory)
	SCPT(SLF_CP_bossarea_music_script)
	SCPT(SLF_CP_calderapriory_addtopic)
	SCPT(SLF_CP_chalda_shenk_script)
	SCPT(SLF_CP_chalda_yard_01_script)
	SCPT(SLF_CP_demuscaelian_yard_script)
	SCPT(SLF_CP_destr_wrldst)
	SCPT(SLF_CP_disableRocks)
	SCPT(SLF_CP_disablepriorydoors)
	SCPT(SLF_CP_dungeon_music_script)
	SCPT(SLF_CP_enable_priory_objects)
	SCPT(SLF_CP_hotd_skel_scr)
	SCPT(SLF_CP_killgoat_scr)
	SCPT(SLF_CP_portal_lights_disable)
	SCPT(SLF_CP_reforgeSKArmor_scr)
	SCPT(SLF_CP_restore_priory)
	SCPT(SLF_CP_restore_priory_objects)
	SCPT(SLF_CP_skarmorscraps_scr)
	SCPT(SLF_CP_startup)
	SCPT(SLF_CP_treeofdust_script)
	SCPT(SLF_CP_upperfloors_music_script)
	SCPT(slf_cp_butchersound_s)
    [OVR-REC] Overridden Records:
	From Master         Type    Name
	bloodmoon.esm       LTEX    wg_road
	morrowind.esm       LAND    (-2, 3)
	morrowind.esm       LAND    (-3, 3)
	morrowind.esm       LTEX    tx_rock_wg_01.tga
	morrowind.esm       LTEX    wg_cobblestones
	morrowind.esm       LTEX    wg_dirtroad_01
	morrowind.esm       LTEX    wg_dirtscrub
	morrowind.esm       LTEX    wg_mainroad_01
	morrowind.esm       LTEX    wg_rock
	morrowind.esm       LTEX    wg_rockydirt
	morrowind.esm       LTEX    wg_rockyscrub
	morrowind.esm       LTEX    wg_scrub plain
	tribunal.esm        DIAL    greeting 5
