Carelessly_Crazy_Caldera_Community (2).ESP: DUP-REC MENUMOD MISSAUT MISSDSC MISSVER OVR-REC
    [MENUMOD] Scripts not checking menumode:
	SCPT(RMSurvey)
    [DUP-REC] Duplicate Records:
	From Master         Type    Name
	tribunal.esm        LTEX    rm_grayrock
    [OVR-REC] Overridden Records:
	From Master         Type    Name
	bloodmoon.esm       DIAL    orders
	bloodmoon.esm       LTEX    wg_road
	morrowind.esm       DIAL    alms for the poor
	morrowind.esm       DIAL    dreugh wax
	morrowind.esm       DIAL    jobs
	morrowind.esm       DIAL    pemenie the trader
	morrowind.esm       LAND    (-1, 2)
	morrowind.esm       LAND    (-2, 2)
	morrowind.esm       LIGH    light_com_candle_03_64
	morrowind.esm       LTEX    rm_redrock
	morrowind.esm       LTEX    tx_rockyscrub_01.tga
	morrowind.esm       LTEX    wg_cobblestones
	morrowind.esm       LTEX    wg_dirtroad_01
	morrowind.esm       LTEX    wg_dirtscrub
	morrowind.esm       LTEX    wg_mainroad_01
	morrowind.esm       LTEX    wg_rock
	morrowind.esm       LTEX    wg_rockydirt
	morrowind.esm       LTEX    wg_rockyscrub
	morrowind.esm       LTEX    wg_scrub plain
	morrowind.esm       NPC_    imperial guard
	morrowind.esm       PGRD    caldera
	tribunal.esm        DIAL    background
	tribunal.esm        DIAL    greeting 0
	tribunal.esm        DIAL    greeting 5
	tribunal.esm        LTEX    rm_rock_01
