City of Balmora (3).ESP: DUP-INF DUP-REC FOGBUG GETSND JUNKCEL MASTERS MENUMOD MISSAUT MISSDSC MISSVER MOD-INF OVR-REC
    MASTERS: out of sync with the masters installed in your Data Files directory:
	Tribunal.esm                 3894522 (plugin)    4565686 (installed size)
	Bloodmoon.esm                9317106 (plugin)    9631798 (installed size)
    [FOGBUG]: Cells with zero fog density setting:
	Balmora, Pierlette Stoine´s House
    [GETSND] GetSoundPlaying possibly used to detect events:
	SCPT(GongHit)
    [MENUMOD] Scripts not checking menumode:
	SCPT(CoB_100ChestLock)
	SCPT(CoB_AmuletBrightballScript)
	SCPT(CoB_BelwenNoteScript)
	SCPT(CoB_Belwen_Script)
	SCPT(CoB_CT_02_AttackScript)
	SCPT(CoB_CT_03_QuestScript)
	SCPT(CoB_CT_GuardScript)
	SCPT(CoB_DaynarRingTeleport)
	SCPT(CoB_DemoChoiceMessage)
	SCPT(CoB_EmeliaAleftScript)
	SCPT(CoB_EmeliaLleranScript)
	SCPT(CoB_EmeliaReturnHome)
	SCPT(CoB_EmusetRingScript)
	SCPT(CoB_Estirdar_ForceGreet)
	SCPT(CoB_GHG05_WaitAWeek)
	SCPT(CoB_GHG_03BosmerScript)
	SCPT(CoB_GHG_03NordScript)
	SCPT(CoB_GHG_03_NightDutyScript)
	SCPT(CoB_GHG_MiloTeleport)
	SCPT(CoB_GHG_redwarepotScript)
	SCPT(CoB_GalmesSealScript)
	SCPT(CoB_GnisisFire)
	SCPT(CoB_HeatseekerScript)
	SCPT(CoB_HenrikScript)
	SCPT(CoB_JupiterFuryScript)
	SCPT(CoB_KoalCaveFire)
	SCPT(CoB_KummuFire)
	SCPT(CoB_LadiaScript)
	SCPT(CoB_MashaScript)
	SCPT(CoB_PalaceFire)
	SCPT(CoB_PrideFire)
	SCPT(CoB_PustiuScript)
	SCPT(CoB_PuzzleCanalFire)
	SCPT(CoB_RCT05_MashaTeleport)
	SCPT(CoB_RCT06_AttackEn)
	SCPT(CoB_RCT06_HideoutAttack)
	SCPT(CoB_RCT07_StateCheck)
	SCPT(CoB_RCT09_AfterDuelScript)
	SCPT(CoB_RCT09_TempleGone)
	SCPT(CoB_RCTS01_WaitAWeek)
	SCPT(CoB_RCT_DestroyBoulderScript)
	SCPT(CoB_RCT_DestroyMarker)
	SCPT(CoB_RCT_Duel2Script)
	SCPT(CoB_RCT_Duel3Script)
	SCPT(CoB_RCT_DuelScript)
	SCPT(CoB_RCT_Fight)
	SCPT(CoB_RCT_FinalStateScript)
	SCPT(CoB_RCT_FinalState_FinalChecks)
	SCPT(CoB_RCT_GnisisDestroy)
	SCPT(CoB_RCT_KoalCaveDestroy)
	SCPT(CoB_RCT_KummuDestroy)
	SCPT(CoB_RCT_PalaceDestroy)
	SCPT(CoB_RCT_PrideDestroy)
	SCPT(CoB_RCT_PuzzleCanalDestroy)
	SCPT(CoB_RCT_ShrineCounter)
	SCPT(CoB_RCT_StopMoonDestroy)
	SCPT(CoB_RCT_TimeClockScript)
	SCPT(CoB_RingIcyMaskScript)
	SCPT(CoB_SharliScript)
	SCPT(CoB_StopMoonFire)
	SCPT(CoB_Thadas_Timer)
	SCPT(CoB_UrsineScript)
	SCPT(CoB_UrsineTeleport)
	SCPT(CoB_UvooLlarenOriginal)
	SCPT(CoB_UvooLlarenScript)
	SCPT(CoB_WaterJewelScript)
	SCPT(CoB_WhiteOrbScript)
	SCPT(CoB_YMG_Letter3Script)
	SCPT(CoB_YMG_MessengerScript)
	SCPT(CoB_YMG_Olivia)
	SCPT(CoB_YMG_S03Script)
	SCPT(CoB_YMG_VoleneDeath)
	SCPT(CoB_YMG_VoleneDeathMarker)
	SCPT(CoB_loaddoor_nouseScript)
	SCPT(CoB_teashipment02)
	SCPT(RCT_WarningScript)
	SCPT(YMG_06_Teleport01Amulet)
	SCPT(YMG_DeathState)
	SCPT(YMG_DeathStateCounter)
	SCPT(YMG_ThadasDeath)
	SCPT(dragonbone_rug_script)
	SCPT(script_jar_rotate)
	SCPT(shrineGhostgate)
	SCPT(shrineGnisis)
	SCPT(shrineGnisisRealMask)
	SCPT(shrineKoalCave)
	SCPT(shrineKummu)
	SCPT(shrineMaarGan)
	SCPT(shrineMountKand)
	SCPT(shrinePalace)
	SCPT(shrinePuzzleCanal)
	SCPT(shrinePuzzleCanal_m)
	SCPT(shrineStopMoon)
	SCPT(vivecArenaScript)
    [JUNKCEL] Junk Cells:                        Flags
	Ascadian Isles Region (-2, -6)           0x02
	Ascadian Isles Region (-4, -4)           0x02
	Ascadian Isles Region (0, -6)            0x02
	Ashlands Region (1, 3)                   0x02
	Bitter Coast Region (-10, -2)            0x02
	Bitter Coast Region (-10, -3)            0x02
	Bitter Coast Region (-10, -6)            0x02
	Bitter Coast Region (-10, -7)            0x02
	Bitter Coast Region (-10, -9)            0x02
	Bitter Coast Region (-12, 1)             0x02
	Bitter Coast Region (-12, 2)             0x02
	Bitter Coast Region (-12, 3)             0x02
	Bitter Coast Region (-13, 1)             0x02
	Bitter Coast Region (-13, 2)             0x02
	Bitter Coast Region (-13, 3)             0x02
	Bitter Coast Region (-13, 4)             0x02
	Bitter Coast Region (-14, 2)             0x02
	Bitter Coast Region (-14, 4)             0x02
	Bitter Coast Region (-14, 5)             0x02
	Bitter Coast Region (-5, -2)             0x02
	Bitter Coast Region (-6, -7)             0x02
	Bitter Coast Region (-7, -8)             0x02
	Bitter Coast Region (-8, -3)             0x02
	Bitter Coast Region (-8, -4)             0x02
	Bitter Coast Region (-8, -8)             0x02
	Bitter Coast Region (-9, -3)             0x02
	Bitter Coast Region (-9, -8)             0x02
	Molag Mar Region (0, -3)                 0x02
	Molag Mar Region (10, -4)                0x02
	West Gash Region (-13, 13)               0x02
	West Gash Region (-15, 7)                0x02
	West Gash Region (-16, 7)                0x02
	West Gash Region (-16, 8)                0x02
	Wilderness (-19, 14)                     0x02
	Wilderness (-19, 15)                     0x02
	Wilderness (-20, 15)                     0x02
	Wilderness (-28, 24)                     0x02
	Wilderness (-29, 23)                     0x02
    [DUP-REC] Duplicate Records:
	From Master         Type    Name
	morrowind.esm       LTEX    ac_darkgravel
	morrowind.esm       LTEX    ac_darkstone01
	morrowind.esm       LTEX    ac_darkstone02
	morrowind.esm       LTEX    ac_darkstone_grass
	morrowind.esm       LTEX    ac_dirt_01
	morrowind.esm       LTEX    ac_dirt_grass_01
	morrowind.esm       LTEX    ac_dirt_grass_02
	morrowind.esm       LTEX    ac_dirtroad_01
	morrowind.esm       LTEX    ac_roundstone
	morrowind.esm       LTEX    ac_scrubplain_01
	morrowind.esm       LTEX    ac_scrubplain_02
	morrowind.esm       LTEX    ai_clover
	morrowind.esm       LTEX    ai_dirt
	morrowind.esm       LTEX    ai_dirtroad
	morrowind.esm       LTEX    ai_grass
	morrowind.esm       LTEX    ai_grass_02
	morrowind.esm       LTEX    ai_grass_cobbles
	morrowind.esm       LTEX    ai_grass_dirt
	morrowind.esm       LTEX    ai_grass_rocky
	morrowind.esm       LTEX    ai_mudflats_01.tga
	morrowind.esm       LTEX    ai_tilled_dirt
	morrowind.esm       LTEX    al_ash_01
	morrowind.esm       LTEX    al_ash_02
	morrowind.esm       LTEX    al_ash_03
	morrowind.esm       LTEX    al_ash_04
	morrowind.esm       LTEX    al_road_01
	morrowind.esm       LTEX    daedric_scrubruins
	morrowind.esm       LTEX    gl_dirt_01
	morrowind.esm       LTEX    gl_dirt_02
	morrowind.esm       LTEX    gl_dirt_grass_01
	morrowind.esm       LTEX    gl_dirt_grass_02
	morrowind.esm       LTEX    gl_dirtroad
	morrowind.esm       LTEX    gl_grass_01
	morrowind.esm       LTEX    gl_grass_02
	morrowind.esm       LTEX    gl_grass_03
	morrowind.esm       LTEX    gl_grass_04
	morrowind.esm       LTEX    gl_grass_05
	morrowind.esm       LTEX    gl_rock_01
	morrowind.esm       LTEX    gl_rock_02
	morrowind.esm       LTEX    ma_crackedearth
	morrowind.esm       LTEX    ma_lava06
	morrowind.esm       LTEX    ma_rock04
	morrowind.esm       LTEX    ma_sandstone02
	morrowind.esm       LTEX    rm_grayrock
	morrowind.esm       LTEX    rm_redrock
	morrowind.esm       LTEX    rm_rock_01
	morrowind.esm       LTEX    rm_rock_02
	morrowind.esm       LTEX    rm_rock_03
	morrowind.esm       LTEX    rm_whiterock
	morrowind.esm       LTEX    road dirt
	morrowind.esm       LTEX    rock_coastal
	morrowind.esm       LTEX    sand
	morrowind.esm       LTEX    sand_02
	morrowind.esm       LTEX    scrub plain
	morrowind.esm       LTEX    tx_ai_mudflats_01.tga
	morrowind.esm       LTEX    tx_land_darkstone01.tga
	morrowind.esm       LTEX    tx_land_darkstone02.tga
	morrowind.esm       LTEX    tx_rm_grayrock_01.tga
	morrowind.esm       LTEX    tx_rock_wg_01.tga
	morrowind.esm       LTEX    tx_rocky_mt.tga
	morrowind.esm       LTEX    tx_rockyscrub_01.tga
	morrowind.esm       LTEX    wg_cobblestones
	morrowind.esm       LTEX    wg_dirtroad_01
	morrowind.esm       LTEX    wg_dirtscrub
	morrowind.esm       LTEX    wg_road
	morrowind.esm       LTEX    wg_rock
	morrowind.esm       LTEX    wg_rockydirt
	morrowind.esm       LTEX    wg_rockyscrub
	morrowind.esm       LTEX    wg_scrub plain
	morrowind.esm       STAT    ex_v_vivecstatue_01
	morrowind.esm       STAT    ex_v_vivecstatue_02
	morrowind.esm       STAT    ex_vivec_prisonmoon_01
	morrowind.esm       STAT    in_mud_rock_27
    [OVR-REC] Overridden Records:
	From Master         Type    Name
	bloodmoon.esm       DIAL    service refusal
	bloodmoon.esm       LTEX    tx_bc_rock_03.tga
	morrowind.esm       CONT    flora_comberry_01
	morrowind.esm       CONT    flora_gold_kanet_01
	morrowind.esm       CONT    flora_stoneflower_01
	morrowind.esm       DIAL    altmer
	morrowind.esm       DIAL    assantus hansar
	morrowind.esm       DIAL    cleaver of st. felms
	morrowind.esm       DIAL    crosier of st. llothis
	morrowind.esm       DIAL    dragons
	morrowind.esm       DIAL    food and drink
	morrowind.esm       DIAL    lost kogoruhn
	morrowind.esm       DIAL    make amends
	morrowind.esm       DIAL    questions
	morrowind.esm       DIAL    requirements
	morrowind.esm       FACT    camonna tong
	morrowind.esm       FACT    morag tong
	morrowind.esm       FACT    temple
	morrowind.esm       LAND    (-1, -1)
	morrowind.esm       LAND    (-1, -2)
	morrowind.esm       LAND    (-1, -3)
	morrowind.esm       LAND    (-1, -4)
	morrowind.esm       LAND    (-1, -7)
	morrowind.esm       LAND    (-10, -2)
	morrowind.esm       LAND    (-10, -3)
	morrowind.esm       LAND    (-10, -4)
	morrowind.esm       LAND    (-10, -5)
	morrowind.esm       LAND    (-10, -6)
	morrowind.esm       LAND    (-10, -7)
	morrowind.esm       LAND    (-10, -9)
	morrowind.esm       LAND    (-12, 10)
	morrowind.esm       LAND    (-12, 9)
	morrowind.esm       LAND    (-13, 12)
	morrowind.esm       LAND    (-13, 13)
	morrowind.esm       LAND    (-2, -1)
	morrowind.esm       LAND    (-2, -2)
	morrowind.esm       LAND    (-2, -3)
	morrowind.esm       LAND    (-2, -4)
	morrowind.esm       LAND    (-2, -6)
	morrowind.esm       LAND    (-2, -7)
	morrowind.esm       LAND    (-3, -1)
	morrowind.esm       LAND    (-3, -2)
	morrowind.esm       LAND    (-3, -3)
	morrowind.esm       LAND    (-3, -4)
	morrowind.esm       LAND    (-3, -6)
	morrowind.esm       LAND    (-4, -1)
	morrowind.esm       LAND    (-4, -2)
	morrowind.esm       LAND    (-4, -3)
	morrowind.esm       LAND    (-4, -4)
	morrowind.esm       LAND    (-4, -6)
	morrowind.esm       LAND    (-4, -7)
	morrowind.esm       LAND    (-4, 2)
	morrowind.esm       LAND    (-5, -2)
	morrowind.esm       LAND    (-5, -5)
	morrowind.esm       LAND    (-5, -6)
	morrowind.esm       LAND    (-5, -7)
	morrowind.esm       LAND    (-5, 2)
	morrowind.esm       LAND    (-6, -5)
	morrowind.esm       LAND    (-6, -6)
	morrowind.esm       LAND    (-6, 5)
	morrowind.esm       LAND    (-7, -5)
	morrowind.esm       LAND    (-7, -7)
	morrowind.esm       LAND    (-7, -8)
	morrowind.esm       LAND    (-7, 5)
	morrowind.esm       LAND    (-8, -3)
	morrowind.esm       LAND    (-8, -4)
	morrowind.esm       LAND    (-8, -5)
	morrowind.esm       LAND    (-8, -6)
	morrowind.esm       LAND    (-8, -7)
	morrowind.esm       LAND    (-8, -8)
	morrowind.esm       LAND    (-8, 2)
	morrowind.esm       LAND    (-8, 3)
	morrowind.esm       LAND    (-8, 5)
	morrowind.esm       LAND    (-9, -3)
	morrowind.esm       LAND    (-9, -4)
	morrowind.esm       LAND    (-9, -5)
	morrowind.esm       LAND    (-9, -6)
	morrowind.esm       LAND    (-9, -7)
	morrowind.esm       LAND    (-9, -8)
	morrowind.esm       LAND    (0, -3)
	morrowind.esm       LAND    (0, -4)
	morrowind.esm       LAND    (0, -5)
	morrowind.esm       LAND    (0, -6)
	morrowind.esm       LAND    (0, 1)
	morrowind.esm       LAND    (1, -10)
	morrowind.esm       LAND    (1, -4)
	morrowind.esm       LAND    (2, -10)
	morrowind.esm       LAND    (2, -9)
	morrowind.esm       LAND    (4, -5)
	morrowind.esm       LAND    (4, -6)
	morrowind.esm       LAND    (4, -9)
	morrowind.esm       LAND    (5, -7)
	morrowind.esm       LAND    (5, -8)
	morrowind.esm       LAND    (5, -9)
	morrowind.esm       LAND    (6, -6)
	morrowind.esm       LAND    (6, -7)
	morrowind.esm       LAND    (6, -8)
	morrowind.esm       LAND    (6, -9)
	morrowind.esm       LAND    (7, -6)
	morrowind.esm       LAND    (7, -7)
	morrowind.esm       LTEX    daedric stone
	morrowind.esm       LTEX    lavacrust02.tga
	morrowind.esm       LTEX    ma_lava
	morrowind.esm       LTEX    ma_lava03
	morrowind.esm       LTEX    ma_lavaflow
	morrowind.esm       LTEX    ma_sulphur_rock01
	morrowind.esm       LTEX    ma_sulphur_rock02
	morrowind.esm       LTEX    ma_sulphur_rock03
	morrowind.esm       LTEX    ma_sulphur_rock05
	morrowind.esm       LTEX    ma_sulphur_rock06
	morrowind.esm       LTEX    ma_sulphur_rock07
	morrowind.esm       LTEX    ma_sulphur_rock08
	morrowind.esm       LTEX    ma_sulphur_rock09
	morrowind.esm       LTEX    tx_bc_bank.tga
	morrowind.esm       LTEX    tx_bc_dirt.tga
	morrowind.esm       LTEX    tx_bc_grass.tga
	morrowind.esm       LTEX    tx_bc_mainroad_01.tga
	morrowind.esm       LTEX    tx_bc_moss.tga
	morrowind.esm       LTEX    tx_bc_muck.tga
	morrowind.esm       LTEX    tx_bc_muck_01.tga
	morrowind.esm       LTEX    tx_bc_mud.tga
	morrowind.esm       LTEX    tx_bc_rock_01.tga
	morrowind.esm       LTEX    tx_bc_rock_02.tga
	morrowind.esm       LTEX    tx_bc_rock_04.tga
	morrowind.esm       LTEX    tx_bc_rockyscrub.tga
	morrowind.esm       LTEX    tx_bc_scrub.tga
	morrowind.esm       LTEX    tx_bc_undergrowth.tga
	morrowind.esm       LTEX    tx_lavacrust00.tga
	morrowind.esm       LTEX    wg_mainroad_01
	morrowind.esm       NPC_    adondasi sadalvel
	morrowind.esm       NPC_    bervaso thenim
	morrowind.esm       NPC_    danso indules
	morrowind.esm       NPC_    darvame hleran
	morrowind.esm       NPC_    dilami androm
	morrowind.esm       NPC_    dileno lloran
	morrowind.esm       NPC_    dralval andrano
	morrowind.esm       NPC_    endryn llethan
	morrowind.esm       NPC_    eris telas
	morrowind.esm       NPC_    feldrelo sadri
	morrowind.esm       NPC_    hlaalu guard_outside
	morrowind.esm       NPC_    ilen faveran
	morrowind.esm       NPC_    llandris thirandus
	morrowind.esm       NPC_    llarara omayn
	morrowind.esm       NPC_    llathyno hlaalu
	morrowind.esm       NPC_    nilvyn drothan
	morrowind.esm       NPC_    ordinator_high fane
	morrowind.esm       NPC_    saras orelu
	morrowind.esm       NPC_    selvil sareloth
	morrowind.esm       NPC_    telis salvani
	morrowind.esm       NPC_    tharer rotheloth
	morrowind.esm       NPC_    tuls valen
	morrowind.esm       NPC_    uvoo llaren
	morrowind.esm       PGRD    suran
	tribunal.esm        DIAL    advancement
	tribunal.esm        DIAL    background
	tribunal.esm        DIAL    dissident priests
	tribunal.esm        DIAL    duties
	tribunal.esm        DIAL    ebony mail
	tribunal.esm        DIAL    greeting 0
	tribunal.esm        DIAL    greeting 1
	tribunal.esm        DIAL    greeting 5
	tribunal.esm        DIAL    hello
	tribunal.esm        DIAL    hh_crassius
	tribunal.esm        DIAL    services
	tribunal.esm        LTEX    tx_ai_mainroad_01.tga
	tribunal.esm        PGRD    mournhold, great bazaar

[DUP-INF]: ID=11288457349239882(Topic:questions)
  |DATA|NAME:You are curious... what really happened at Red Mountain? what really happened to the Dwemer? what was the Dwemer's sin? what is it like to be a god? do I remember being mortal? how do I feel about the people of Morrowind?|SCVR:04JX3B8_MeetVivec|INTV:2|BNAM:;Vivec; Journal "B8_MeetVivec" = 50;

[MOD-INF]: ID=19314305732467947(Topic:altmer)
  morrowind.esm----------->|DATA|ANAM:Balmora|NAME:The only Altmer here in Balmora are Culumaire at the Lucky Lockup, Estirdalin at the Guild of Mages, Imare at the Hlaalu Council Manor, Nalcarya the Alchemist, and Hecerinde and Tyermaillin who both have residences here.|SCVR:07XX0caius cosades|INTV|SCVR:1CsX0NoLore|INTV:|SCVR:34JX3TG_BalmoraDefenses|INTV: |SCVR:44JX4TG_BalmoraDefenses|INTV:d|BNAM:Journal TG_BalmoraDefenses 20
  City of Balmora (3).ESP->|DATA|ANAM:Balmora|NAME:The only Altmer here in Balmora are Culumaire at the Lucky Lockup, Tununrene and Elaninde both publicians at the market, Estirdalin at the Guild of Mages, Qalquar at the Odai Crossing Inn, Nalcar the sorceress roams in the poor district, Imare at the Hlaalu Council Manor, Nalcarya the Alchemist, and Hecerinde and Tyermaillin who both have residences here.|SCVR:07XX0caius cosades|INTV|SCVR:1CsX0NoLore|INTV:|SCVR:34JX3TG_BalmoraDefenses|INTV: |SCVR:44JX4TG_BalmoraDefenses|INTV:d|BNAM:Journal TG_BalmoraDefenses 20

[MOD-INF]: ID=78232102502120445(Greeting:greeting 1)
  tribunal.esm------------>|DATA|ONAM:tholer saryoni|NAME:Please leave. These are my private quarters.|BNAM:; Tholer Saryoni;
  City of Balmora (3).ESP->|DATA|ONAM:tholer saryoni|NAME:Please leave. These are my private quarters.|SCVR:04JX4RCT_08|INTV: |BNAM:; Tholer Saryoni;

[DUP-INF]: ID=210385542530924589(Topic:duties)
  |DATA|ONAM:neminda|NAME:I cannot give you duties unless you join House Redoran.|SCVR:01460|INTV:

[MOD-INF]: ID=238503076378412623(Topic:services)
  morrowind.esm----------->|DATA|ANAM:Balmora|NAME|INTV|SCVR:1BLX0Balmora, Council Club|INTV|SCVR:2CsX0nolore|INTV:|BNAM:;Balmora
  City of Balmora (3).ESP->|DATA|ANAM:Balmora|NAME|INTV|SCVR:1BLX0Balmora, Council Club|INTV|SCVR:2CsX0NoLore|INTV:|BNAM:;Balmora

[DUP-INF]: ID=291042261518712192(Voice:hello)
  |DATA|SCVR:03sX0nohello|INTV:

[DUP-INF]: ID=824626281811019302(Topic:advancement)
  |DATA|ONAM:Lalatia Varian|NAME:Congratulations, %PCName. You have been promoted to %NextPCRank.|SCVR:01020|INTV|BNAM:PCRaiseRank  Goodbye

[DUP-INF]: ID=832320766971630749(Topic:advancement)
  |DATA|ONAM:nileno dorvayn|DNAM:Hlaalu|NAME:No one doubts your ability to handle business, but you simply don't have enough experience yet.|SCVR:01020|INTV

[DUP-INF]: ID=1288227500790714973(Greeting:greeting 5)
  |DATA|ONAM:gindrala hleran|NAME:Pardon me. But there's a very strange man in my house, and he won't leave. Will you go get him out of there, please?|SCVR:04JX3A2_2_6thHouse|INTV:2|SCVR:16DX0dreamer_02|INTV:

[MOD-INF]: ID=1495617480136786398(Topic:ebony mail)
  tribunal.esm------------>|DATA|ONAM:tholer saryoni|DNAM:Temple|NAME:Ah, keep the Ebony Mail, %PCName. Treat it well and do good deeds when you wear it. You are the new %NextPCRank. I have long wanted to retire from the politics of the Temple and write another book of sermons.|SCVR:01500|INTV|SCVR:15IX2ebon_plate_cuirass_unique|INTV:|BNAM:Journal TT_Assarnibibi 110  PCRaiseRank Temple  ModPCFacRep 10 "Temple"  ModDisposition 20  Player->ModReputation 3
  City of Balmora (3).ESP->|DATA|ONAM:tholer saryoni|DNAM:Temple|NAME:Ah, keep the Ebony Mail, %PCName. Treat it well and do good deeds when you wear it. You are the new %NextPCRank. I have long wanted to retire from the politics of the Temple and write another book of sermons.|SCVR:01500|INTV|SCVR:15IX2ebon_plate_cuirass_unique|INTV:|BNAM:Journal TT_Assarnibibi 110  PCRaiseRank Temple  ModPCFacRep 10 "Temple"  ModDisposition 20  Player->ModReputation 3    If( GetJournalIndex RCT_01 >= 100 )  Journal RCT_Warning 200  PCExpell "Redchurch Temple"  Set RCT_Allow to -1  endif

[DUP-INF]: ID=1923313321114742548(Topic:advancement)
  |DATA|FNAM:Mages Guild|DNAM:Mages Guild|NAME:You want to speak with me about advancement? Am I ready for the next rank, %PCRank?

[DUP-INF]: ID=2329523291386410325(Topic:cleaver of st. felms)
  |DATA|ONAM:uvoo llaren|NAME:Are you the one who claims to be the Nerevarine? You should speak with Archcanon Saryoni. Before these rumors are put to rest, I cannot give you duties.|SCVR:34JX3A2_6_Incarnate|INTV:2|SCVR:44JX4B8_MeetVivec|INTV:2

[DUP-INF]: ID=2583529070786213408(Topic:background)
  |DATA|ONAM:vonos veri|NAME:I am %name, I serve Almalexia as one of Her Hands.

[DUP-INF]: ID=2797025664259225507(Persuasion:service refusal)
  |DATA|CNAM:Wise Woman Service|NAME:I'm not going to buy that Skooma from you. Get rid of it and then we can trade.|SCVR:0ARX0Khajiit|INTV:|SCVR:15IX2potion_skooma_01|INTV:

[DUP-INF]: ID=2820158182898026047(Greeting:greeting 0)
  |DATA|ONAM:Rat_pack_rerlas|NAME:Squeak!|SCVR:01500|INTV|BNAM:AIFollow "player" 0 0 0 0

[DUP-INF]: ID=2850113976518827084(Topic:crosier of st. llothis)
  |DATA|ONAM:uvoo llaren|NAME:The former captain of the Buoyant Armigers, Voruse Bethrimo, fought against the terrible creatures of Dagoth Ur, but was slain while protecting those under his command as they retreated. He carried the Crosier of St. Llothis, a holy artifact which is now in the hands of our enemies. You may wait until you are stronger to take this last quest, but I ask you to go to the depths of Red Mountain and retrieve the sacred Crosier of St. Llothis.|BNAM:Journal TT_LlothisCrosier 10

[DUP-INF]: ID=3266896602387426065(Topic:food and drink)
  |DATA|ONAM:sendus sathis|NAME:I have what I need, thank you.|SCVR:34JX3TT_SupplyMonk|INTV:2

[DUP-INF]: ID=3922260952221617242(Topic:crosier of st. llothis)
  |DATA|ONAM:uvoo llaren|NAME:Are you the one who claims to be the Nerevarine? You should speak with Archcanon Saryoni. Before these rumors are put to rest, I cannot give you duties.|SCVR:34JX3A2_6_Incarnate|INTV:2|SCVR:44JX4B8_MeetVivec|INTV:2

[MOD-INF]: ID=10918318802949715055(Topic:dissident priests)
  morrowind.esm----------->|DATA|FNAM:Imperial Legion|NAME:I know there's been a lot of talk about it for a long time, but now the Temple Priests and Ordinators are really going after heretics, especially Dissident Priests.|SCVR:0CsX0nolore|INTV:2|SCVR:14JX4B8_MeetVivec|INTV:
  City of Balmora (3).ESP->|DATA|FNAM:Imperial Legion|NAME:I know there's been a lot of talk about it for a long time, but now the Temple Priests and Ordinators are really going after heretics, especially Dissident Priests.|SCVR:0CsX0NoLore|INTV:2|SCVR:14JX4B8_MeetVivec|INTV:

[DUP-INF]: ID=12361209572170722792(Topic:lost kogoruhn)
  |DATA|ONAM:uvoo llaren|NAME:Are you the one who claims to be the Nerevarine? You should speak with Archcanon Saryoni. Before these rumors are put to rest, I cannot give you duties.|SCVR:34JX3A2_6_Incarnate|INTV:2|SCVR:44JX4B8_MeetVivec|INTV:2

[DUP-INF]: ID=17937179782332230459(Topic:duties)
  |DATA|ONAM:neminda|NAME:You have broken the noble's code and have been expelled. Until you make amends, I cannot discuss duties with you.|SCVR:01390|INTV

[DUP-INF]: ID=19675226202170518327(Topic:lost kogoruhn)
  |DATA|ONAM:uvoo llaren|DNAM:Temple|NAME:As %PCRank, you may take the Hair Shirt of St. Aralor for safekeeping.|SCVR:34JX3TT_HairShirt|INTV:d|BNAM:Journal TT_HairShirt 110  RemoveItem Expensive_Shirt_Hair 1  Player->AddItem Expensive_Shirt_Hair 1

[DUP-INF]: ID=24018213601959512201(Topic:lost kogoruhn)
  |DATA|ONAM:uvoo llaren|NAME:You have been expelled from the Temple.|SCVR:01390|INTV

[DUP-INF]: ID=27047142271220331569(Topic:duties)
  |DATA|ONAM:tharer rotheloth|NAME:A villager in Tel Mora has fallen ill, but there is no Temple in Tel Mora where she can go for healing. Go to Tel Mora and cure Lette.
