Clean SCastle_LoKKen_Patch.ESP: DUP-REC JUNKCEL MASTERS MISSVER OVR-REC
    MASTERS: out of sync with the masters installed in your Data Files directory:
	Tamriel_Data.esm             8787443 (plugin)   11064795 (installed size)
	Solstheim Tomb of The Snow Prince.esm   10509876 (plugin)   10637543 (installed size)
    [JUNKCEL] Junk Cells:                        Flags
	Felsaad Coast Region (-10, 31)           0x02
	Felsaad Coast Region (-10, 32)           0x02
	Felsaad Coast Region (-11, 32)           0x02
    [DUP-REC] Duplicate Records:
	From Master         Type    Name
	bloodmoon.esm       LTEX    ac_darkgravel
    [OVR-REC] Overridden Records:
	From Master         Type    Name
	bloodmoon.esm       LTEX    sand_02
	bloodmoon.esm       LTEX    tx_bm_grass_snow_02a.dds
	bloodmoon.esm       LTEX    tx_bm_rock_03.dds
	bloodmoon.esm       LTEX    tx_bm_rock_snow_01.dds
	bloodmoon.esm       LTEX    tx_bm_rock_snow_03.dds
	bloodmoon.esm       LTEX    tx_bm_snow_02.dds
	bloodmoon.esm       LTEX    tx_bm_snow_03.dds
	morrowind.esm       LTEX    tx_bc_bank.tga
	solstheim tomb of the snow prince.esm    LAND    (-10, 31)
	solstheim tomb of the snow prince.esm    LAND    (-10, 32)
	solstheim tomb of the snow prince.esm    LAND    (-11, 32)
	solstheim tomb of the snow prince.esm    LAND    (-9, 31)
	tribunal.esm        DIAL    greeting 0
