Complete Armor Joints.esp: DUP-REC MISSVER NUMRECS OVR-REC
    [NUMRECS]: number of records in TES3.HEDR (54) != Actual count (53)
    [OVR-REC] Overridden Records:
	From Master         Type    Name
	morrowind.esm       ARMO    bonemold_armun-an_pauldron_l
	morrowind.esm       ARMO    bonemold_armun-an_pauldron_r
	morrowind.esm       ARMO    bonemold_gah-julan_pauldron_l
	morrowind.esm       ARMO    bonemold_gah-julan_pauldron_r
	morrowind.esm       ARMO    chitin pauldron - left
	morrowind.esm       ARMO    chitin pauldron - right
	morrowind.esm       ARMO    daedric_greaves
	morrowind.esm       ARMO    daedric_greaves_htab
	morrowind.esm       ARMO    daedric_pauldron_left
	morrowind.esm       ARMO    daedric_pauldron_right
	morrowind.esm       ARMO    dwemer_greaves
	morrowind.esm       ARMO    dwemer_pauldron_left
	morrowind.esm       ARMO    dwemer_pauldron_right
	morrowind.esm       ARMO    netch_leather_greaves
	morrowind.esm       ARMO    orcish_pauldron_left
	morrowind.esm       ARMO    orcish_pauldron_right
	morrowind.esm       ARMO    templar_pauldron_left
	morrowind.esm       ARMO    templar_pauldron_right
	tribunal.esm        ARMO    chitin greaves
	tribunal.esm        ARMO    netch_leather_pauldron_left
	tribunal.esm        ARMO    netch_leather_pauldron_right
