Concept art Gnisis - Lightweight (3).ESP: DUP-INF DUP-REC MASTERS MENUMOD MISSAUT MISSDSC MISSVER OVR-REC
    MASTERS: out of sync with the masters installed in your Data Files directory:
	Tamriel_Data.esm             7824672 (plugin)   11064795 (installed size)
    [MENUMOD] Scripts not checking menumode:
	SCPT(AA_Sermon_DF)
	SCPT(AA_Sermon_DN)
	SCPT(AA_Sermon_RD)
	SCPT(AA_Sermon_VC)
	SCPT(AA_SilenceBeneath)
	SCPT(AM_Reader1_DF)
	SCPT(AM_Reader1_DN)
	SCPT(AM_Reader1_RD)
	SCPT(AM_Reader1_VC)
	SCPT(CR_Small_Water_Spout)
	SCPT(StopSermon)
	SCPT(cr_athasodoor)
	SCPT(cr_athnote)
	SCPT(cr_catanius_house_door)
	SCPT(cr_home_door)
	SCPT(cr_lootfind)
	SCPT(cr_templedoor)
	SCPT(cr_thesaril_spear)
	SCPT(cr_thesarildead)
    [OVR-REC] Overridden Records:
	From Master         Type    Name
	bloodmoon.esm       LTEX    sand_02
	morrowind.esm       DIAL    darius
	morrowind.esm       LAND    (-11, 10)
	morrowind.esm       LAND    (-11, 11)
	morrowind.esm       LTEX    scrub plain
	morrowind.esm       LTEX    tx_rock_wg_01.tga
	morrowind.esm       LTEX    tx_rockyscrub_01.tga
	morrowind.esm       LTEX    wg_dirtroad_01
	morrowind.esm       LTEX    wg_dirtscrub
	morrowind.esm       LTEX    wg_rock
	morrowind.esm       LTEX    wg_rockydirt
	morrowind.esm       LTEX    wg_rockyscrub
	morrowind.esm       LTEX    wg_scrub plain
	morrowind.esm       PGRD    gnisis
	morrowind.esm       PGRD    gnisis, fort darius
	morrowind.esm       PGRD    gnisis, temple
	morrowind.esm       PGRD    west gash region
	tribunal.esm        DIAL    background
	tribunal.esm        DIAL    greeting 1

[DUP-INF]: ID=920322872619313117(Topic:darius)
  |DATA|ONAM:baladas demnevanni|NAME:He plays his role in town, and best keep his hands out of my business.
