JMK - Outer Realm.esp: DUP-INF DUP-REC JUNKCEL MENUMOD MISSVER OVR-REC
    [MENUMOD] Scripts not checking menumode:
	SCPT(JMKObli-Butler1SCPT)
	SCPT(JMKObli-ChalClanFeer)
	SCPT(JMKObli-ChalDremora)
	SCPT(JMKObli-ChalFirey)
	SCPT(JMKObli-ChalScamp)
	SCPT(JMKObli-ChallyChilly)
	SCPT(JMKObli-ChallyOonga)
	SCPT(JMKObli-ChalnjOggers)
	SCPT(JMKObli-Daydroff)
	SCPT(JMKObli-ExtMessge)
	SCPT(JMKObli-GoldenSChal)
	SCPT(JMKObli-StormyCSCPT)
	SCPT(JMKObli-WingedTChal)
	SCPT(JMKObliCrysZap)
	SCPT(JMKOuRe1stBoutSCPT)
	SCPT(JMKOuRe2ndBoutSCPT)
	SCPT(JMKOuRe3rdBoutSCPT)
	SCPT(JMKOuRe4thBoutSCPT)
	SCPT(JMKOuRe5thBoutSCPT)
	SCPT(JMKOuRe6thBoutSCPT)
	SCPT(JMKOuRe7PalNoDoor)
	SCPT(JMKOuRe7thBoutSCPT)
	SCPT(JMKOuReASlowSlider)
	SCPT(JMKOuReAltmerGladi)
	SCPT(JMKOuReArenaArchaSCPT)
	SCPT(JMKOuReArenaDremoSCPT)
	SCPT(JMKOuReArenaGBoneWSCPT)
	SCPT(JMKOuReArenaGoldySCPT)
	SCPT(JMKOuReArenaLichSCPT)
	SCPT(JMKOuReArenaOgrimSCPT)
	SCPT(JMKOuReArenaSkelliSCPT)
	SCPT(JMKOuReArenaSphereSCPT)
	SCPT(JMKOuReArenaSteamy)
	SCPT(JMKOuReArenaTelSCPT)
	SCPT(JMKOuReAshesDetect)
	SCPT(JMKOuReAstridGateSCPT)
	SCPT(JMKOuReAstridSCPT)
	SCPT(JMKOuReBCrysGloveS)
	SCPT(JMKOuReBombSCPT)
	SCPT(JMKOuReBoostyOrbSCPT)
	SCPT(JMKOuReBrentonSCPT)
	SCPT(JMKOuReBrosamanPSCPT)
	SCPT(JMKOuReBuilderDude2SCPT)
	SCPT(JMKOuReBuilderDudeSCPT)
	SCPT(JMKOuReCanyonTelSCPT)
	SCPT(JMKOuReChallengeDoorSCPT)
	SCPT(JMKOuReClattyPoSCPT)
	SCPT(JMKOuReContestRose)
	SCPT(JMKOuReCustLeqSCPT)
	SCPT(JMKOuReDContestNPC1)
	SCPT(JMKOuReDContestNPC2)
	SCPT(JMKOuReDContestNPC3)
	SCPT(JMKOuReDContestNPC4)
	SCPT(JMKOuReDecPlazaTelSCPT)
	SCPT(JMKOuReDunmerGladi)
	SCPT(JMKOuReFarosusGangSCPT)
	SCPT(JMKOuReFedanyaPSCPT)
	SCPT(JMKOuReFirminSCPT)
	SCPT(JMKOuReFlargGhostSCPT)
	SCPT(JMKOuReFlargGrvPSCPT)
	SCPT(JMKOuReFrozIsleTelSCPT)
	SCPT(JMKOuReGirlPaintingSCPT)
	SCPT(JMKOuReGoldenQSCPT)
	SCPT(JMKOuReGrandiPSCPT)
	SCPT(JMKOuReGraveSCPT)
	SCPT(JMKOuReHeifmorPSCPT)
	SCPT(JMKOuReHomeDoorSCPT)
	SCPT(JMKOuReHoneyBSCPT)
	SCPT(JMKOuReIceCrystalSCPT)
	SCPT(JMKOuReIcePortalSCPT)
	SCPT(JMKOuReImperialGladi)
	SCPT(JMKOuReInitPorty)
	SCPT(JMKOuReKanunTelSCPT)
	SCPT(JMKOuReKaranitTSCPT)
	SCPT(JMKOuReKuriDoorSCPT)
	SCPT(JMKOuReKurigalzuKeySCPT)
	SCPT(JMKOuReKurigalzuNPC)
	SCPT(JMKOuReLiftButtonSCPT)
	SCPT(JMKOuReMarshBSCPT)
	SCPT(JMKOuReMoonSBarrel)
	SCPT(JMKOuReMystyGTelSCPT)
	SCPT(JMKOuReNBShrineOrdin)
	SCPT(JMKOuReNBShrineScaff1)
	SCPT(JMKOuReNBShrineWorkas)
	SCPT(JMKOuReNDSBasinSCPT)
	SCPT(JMKOuReNShrnWorshSCPT)
	SCPT(JMKOuReNemissusSCPT)
	SCPT(JMKOuReNewBigShrineP1)
	SCPT(JMKOuReNewBigShrineP2)
	SCPT(JMKOuReNewBigShrineP3)
	SCPT(JMKOuReNewBigShrineP4)
	SCPT(JMKOuReNewBigShrineP5)
	SCPT(JMKOuReNosyGuardSCPT)
	SCPT(JMKOuReOlandril2SCPT)
	SCPT(JMKOuReOlandrilsSCPT)
	SCPT(JMKOuRePGFountains)
	SCPT(JMKOuRePalSTelSCPT)
	SCPT(JMKOuRePalaceDaeGuards)
	SCPT(JMKOuRePanielSCPT)
	SCPT(JMKOuRePildroginSPCT)
	SCPT(JMKOuRePlamiethSCPT)
	SCPT(JMKOuRePlanishSCPT)
	SCPT(JMKOuRePlonkPile)
	SCPT(JMKOuRePoCrAcSCPT)
	SCPT(JMKOuReRelemurHalvusSCPT)
	SCPT(JMKOuReRoxBoxSCPT)
	SCPT(JMKOuReRoxBucBroom)
	SCPT(JMKOuReSangStatty)
	SCPT(JMKOuReSangStatty2)
	SCPT(JMKOuReSangWhore1SCPT)
	SCPT(JMKOuReSangWhore2SCPT)
	SCPT(JMKOuReSanguineSCPT)
	SCPT(JMKOuReShrineDoorSCPT)
	SCPT(JMKOuReShrineMarkerRose)
	SCPT(JMKOuReShrnGrdsSCPT)
	SCPT(JMKOuReSlimeBSCPT)
	SCPT(JMKOuReSlimeDeposits)
	SCPT(JMKOuReSlimyBarL)
	SCPT(JMKOuReSpiddalSCPT)
	SCPT(JMKOuReStellianSCPT)
	SCPT(JMKOuReSusItemz1SCPT)
	SCPT(JMKOuReSusItemz2SCPT)
	SCPT(JMKOuReSusItemz3SCPT)
	SCPT(JMKOuReTMILiftButSCPT)
	SCPT(JMKOuReTMIPortalSCPT)
	SCPT(JMKOuReTMIPortalUSCPT)
	SCPT(JMKOuReTempleTelSCPT)
	SCPT(JMKOuReThroneRDoorSCPT)
	SCPT(JMKOuReTraitorSCPT)
	SCPT(JMKOuReTyraMoistSCPT)
	SCPT(JMKOuReVGBoatGuy)
	SCPT(JMKOuReVosDunmer)
	SCPT(JMKOuReWShippas)
	SCPT(JMKOuReYelonooreSCPT)
	SCPT(JMKOuReZadPortal7)
	SCPT(JMKOuReZappoTraitorRing)
    [JUNKCEL] Junk Cells:                        Flags
	Bitter Coast Region (-8, -1)             0x02
	Grazelands Region (8, 6)                 0x02
    [OVR-REC] Overridden Records:
	From Master         Type    Name
	morrowind.esm       LAND    (-8, -1)
	morrowind.esm       LAND    (-8, -2)
	morrowind.esm       LAND    (8, 6)
	morrowind.esm       LAND    (8, 7)
	morrowind.esm       LAND    (8, 8)
	morrowind.esm       LTEX    daedric stone
	morrowind.esm       LTEX    daedric_scrubruins
	morrowind.esm       LTEX    gl_dirt_02
	morrowind.esm       LTEX    gl_grass_03
	morrowind.esm       LTEX    gl_grass_04
	morrowind.esm       LTEX    gl_grass_05
	morrowind.esm       LTEX    gl_rock_01
	morrowind.esm       LTEX    gl_rock_02
	morrowind.esm       LTEX    tx_bc_moss.tga
	morrowind.esm       LTEX    tx_bc_muck_01.tga
	morrowind.esm       LTEX    tx_bc_mud.tga
	morrowind.esm       LTEX    tx_bc_rock_01.tga
	morrowind.esm       LTEX    tx_bc_rockyscrub.tga
	morrowind.esm       LTEX    tx_bc_undergrowth.tga
	morrowind.esm       PGRD    bitter coast region
	morrowind.esm       PGRD    grazelands region
	tribunal.esm        DIAL    greeting 1
	tribunal.esm        DIAL    greeting 5
	tribunal.esm        LTEX    rm_grayrock
	tribunal.esm        LTEX    rm_rock_01

[DUP-INF]: ID=668019621477231887(Greeting:greeting 1)
  |DATA|ONAM:lassnr|NAME:Please leave me be, %PCRace.  I don't mean to be rude, but I've suffered the loss of my son, and don't want company right now.|SCVR:04JX0BM_Tymvaul|INTV:|SCVR:16DX0tymvaul|INTV|BNAM:Goodbye

[DUP-INF]: ID=15915300003183010736(Greeting:greeting 1)
  |DATA|ONAM:erich the unworthy|NAME:You again.  What do you want?|SCVR:04JX3BM_Missionary|INTV:|SCVR:11633|INTV|SCVR:21440|INTV|SCVR:34JX4BM_Missionary|INTV:2

[DUP-INF]: ID=24786224653246720171(Greeting:greeting 5)
  |DATA|ONAM:habasi|DNAM:Thieves Guild|NAME:It is important we defend the South Wall. Who is the master of security, %PCRank?|SCVR:04JX3TG_BalmoraDefenses|INTV: |SCVR:14JX4TG_BalmoraDefenses|INTV:d

[DUP-INF]: ID=31075139872650523872(Greeting:greeting 5)
  |DATA|ONAM:big helende|DNAM:Thieves Guild|NAME:You were to deliver that potion recipe to Tusamircil.|SCVR:04JX3TG_CookbookAlchemy|INTV: |SCVR:14JX4TG_CookbookAlchemy|INTV:d
