JMK-Hidden House.esp: MENUMOD MISSVER
    [MENUMOD] Scripts not checking menumode:
	SCPT(jmk_hh_Ald-ruhnT)
	SCPT(jmk_hh_AzuraShrine)
	SCPT(jmk_hh_Balmora)
	SCPT(jmk_hh_Basement)
	SCPT(jmk_hh_CastleKar)
	SCPT(jmk_hh_Firsko)
	SCPT(jmk_hh_GnisisT)
	SCPT(jmk_hh_Godzreech)
	SCPT(jmk_hh_HseEntrant)
	SCPT(jmk_hh_KhuulT)
	SCPT(jmk_hh_MoTempleCourt)
	SCPT(jmk_hh_MolagMaaaar)
	SCPT(jmk_hh_MuddySeller)
	SCPT(jmk_hh_RaveRox)
	SCPT(jmk_hh_Rofferan)
	SCPT(jmk_hh_RoylePaliss)
	SCPT(jmk_hh_SadrithM)
	SCPT(jmk_hh_Skaaly)
	SCPT(jmk_hh_SpookyGate)
	SCPT(jmk_hh_TelBranny)
	SCPT(jmk_hh_TellyVos)
	SCPT(jmk_hh_UvirithG)
	SCPT(jmk_hh_Vivvy)
	SCPT(jmk_hh_YouCreep)
	SCPT(jmk_hiho_OthaBless)
	SCPT(jmk_hiho_battle)
	SCPT(jmk_hiho_healer)
