yarrb.esp: DUP-REC MISSAUT MISSDSC MISSVER OVR-REC
    [OVR-REC] Overridden Records:
	From Master         Type    Name
	morrowind.esm       GMST    fbargainofferbase
	morrowind.esm       GMST    fbargainoffermulti
	morrowind.esm       GMST    fbartergoldresetdelay
	morrowind.esm       GMST    fcrimegolddiscountmult
	morrowind.esm       GMST    fcrimestealing
	morrowind.esm       GMST    fencumberedmoveeffect
	morrowind.esm       GMST    ffatigueattackbase
	morrowind.esm       GMST    ffatigueblockbase
	morrowind.esm       GMST    ffatiguejumpbase
	morrowind.esm       GMST    ffatiguerunbase
	morrowind.esm       GMST    ffatiguerunmult
	morrowind.esm       GMST    ffatiguesneakbase
	morrowind.esm       GMST    ffatiguesneakmult
	morrowind.esm       GMST    ffatiguespellbase
	morrowind.esm       GMST    ffatiguespellcostmult
	morrowind.esm       GMST    ffatigueswimrunbase
	morrowind.esm       GMST    ffatigueswimwalkbase
	morrowind.esm       GMST    fholdbreathtime
	morrowind.esm       GMST    fjumpmovebase
	morrowind.esm       GMST    fjumpmovemult
	morrowind.esm       GMST    fmagesguildtravel
	morrowind.esm       GMST    fmaxwalkspeed
	morrowind.esm       GMST    fmaxwalkspeedcreature
	morrowind.esm       GMST    fminwalkspeed
	morrowind.esm       GMST    fminwalkspeedcreature
	morrowind.esm       GMST    fperdierollmult
	morrowind.esm       GMST    fprojectilemaxspeed
	morrowind.esm       GMST    fprojectileminspeed
	morrowind.esm       GMST    fweaponfatiguemult
	morrowind.esm       GMST    ialchemymod
	morrowind.esm       GMST    ibarterfaildisposition
	morrowind.esm       GMST    ibartersuccessdisposition
	morrowind.esm       GMST    icrimeattack
	morrowind.esm       GMST    icrimekilling
	morrowind.esm       GMST    icrimepickpocket
	morrowind.esm       GMST    icrimethreshold
	morrowind.esm       GMST    icrimetresspass
	morrowind.esm       GMST    igreetdistancemultiplier
	morrowind.esm       GMST    ilevelup01mult
	morrowind.esm       GMST    ilevelup02mult
	morrowind.esm       GMST    ilevelup03mult
	morrowind.esm       GMST    ilevelup04mult
	morrowind.esm       GMST    ilevelup05mult
	morrowind.esm       GMST    ilevelup06mult
	morrowind.esm       GMST    ilevelup07mult
	morrowind.esm       GMST    ilevelup08mult
	morrowind.esm       GMST    ilevelup09mult
	morrowind.esm       GMST    ilevelup10mult
	morrowind.esm       GMST    iperminchance
	morrowind.esm       GMST    iperminchange
	morrowind.esm       SKIL    16
	morrowind.esm       SKIL    18
	morrowind.esm       SKIL    19
	morrowind.esm       SKIL    20
	morrowind.esm       SKIL    22
	morrowind.esm       SKIL    24
	morrowind.esm       SKIL    25
	morrowind.esm       SKIL    26
	morrowind.esm       SKIL    3
	morrowind.esm       SKIL    4
	morrowind.esm       SKIL    5
	morrowind.esm       SKIL    6
	morrowind.esm       SKIL    7
	morrowind.esm       SKIL    8
	morrowind.esm       SKIL    9
