EBQ_Artifact (Restored daedric shrine).esp: DUP-INF DUP-REC EVLGMST MENUMOD MISSVER OVR-REC
    [EVLGMST] Tribunal(11) Bloodmoon(61):
	BM fcombatdistancewerewolfmod
	BM ffleedistance
	BM fwerewolfacrobatics
	BM fwerewolfagility
	BM fwerewolfalchemy
	BM fwerewolfalteration
	BM fwerewolfarmorer
	BM fwerewolfathletics
	BM fwerewolfaxe
	BM fwerewolfblock
	BM fwerewolfbluntweapon
	BM fwerewolfconjuration
	BM fwerewolfdestruction
	BM fwerewolfenchant
	BM fwerewolfendurance
	BM fwerewolffatigue
	BM fwerewolfhandtohand
	BM fwerewolfhealth
	BM fwerewolfheavyarmor
	BM fwerewolfillusion
	BM fwerewolfintellegence
	BM fwerewolflightarmor
	BM fwerewolflongblade
	BM fwerewolfluck
	BM fwerewolfmagicka
	BM fwerewolfmarksman
	BM fwerewolfmediumarmor
	BM fwerewolfmerchantile
	BM fwerewolfmysticism
	BM fwerewolfpersonality
	BM fwerewolfrestoration
	BM fwerewolfrunmult
	BM fwerewolfsecurity
	BM fwerewolfshortblade
	BM fwerewolfsilverweapondamagemult
	BM fwerewolfsneak
	BM fwerewolfspear
	BM fwerewolfspeechcraft
	BM fwerewolfspeed
	BM fwerewolfstrength
	BM fwerewolfunarmored
	BM fwerewolfwillpower
	BM iwerewolfbounty
	BM iwerewolffightmod
	BM iwerewolffleemod
	BM iwerewolfleveltoattack
	BM seditnote
	BM seffectsummoncreature01
	BM seffectsummoncreature02
	BM seffectsummoncreature03
	BM seffectsummoncreature04
	BM seffectsummoncreature05
	BM smagiccreature01id
	BM smagiccreature02id
	BM smagiccreature03id
	BM smagiccreature04id
	BM smagiccreature05id
	BM swerewolfalarmmessage
	BM swerewolfpopup
	BM swerewolfrefusal
	BM swerewolfrestmessage
	TB scompanionshare
	TB scompanionwarningbuttonone
	TB scompanionwarningbuttontwo
	TB scompanionwarningmessage
	TB sdeletenote
	TB seffectsummonfabricant
	TB slevitatedisabled
	TB smagicfabricantid
	TB smaxsale
	TB sprofitvalue
	TB steleportdisabled
    [MENUMOD] Scripts not checking menumode:
	SCPT(EBQhelmScript)
    [DUP-REC] Duplicate Records:
	From Master         Type    Name
	bloodmoon.esm       STAT    ex_dae_ruin_03
	tribunal.esm        GMST    fdifficultymult
	tribunal.esm        GMST    fnpchealthbarfade
	tribunal.esm        GMST    fnpchealthbartime
	tribunal.esm        GMST    s3dhardware
	tribunal.esm        GMST    s3dsoftware
	tribunal.esm        GMST    sauto_run
	tribunal.esm        GMST    screateclassmenuwarning
	tribunal.esm        GMST    sdifficulty
	tribunal.esm        GMST    seasy
	tribunal.esm        GMST    shard
	tribunal.esm        GMST    smaximumsavegamemessage
	tribunal.esm        GMST    ssavegamenomemory
    [OVR-REC] Overridden Records:
	From Master         Type    Name
	tribunal.esm        DIAL    greeting 1
	tribunal.esm        DIAL    latest rumors
	tribunal.esm        GMST    fcombatdistancewerewolfmod
	tribunal.esm        GMST    ffleedistance
	tribunal.esm        GMST    fwerewolfacrobatics
	tribunal.esm        GMST    fwerewolfagility
	tribunal.esm        GMST    fwerewolfalchemy
	tribunal.esm        GMST    fwerewolfalteration
	tribunal.esm        GMST    fwerewolfarmorer
	tribunal.esm        GMST    fwerewolfathletics
	tribunal.esm        GMST    fwerewolfaxe
	tribunal.esm        GMST    fwerewolfblock
	tribunal.esm        GMST    fwerewolfbluntweapon
	tribunal.esm        GMST    fwerewolfconjuration
	tribunal.esm        GMST    fwerewolfdestruction
	tribunal.esm        GMST    fwerewolfenchant
	tribunal.esm        GMST    fwerewolfendurance
	tribunal.esm        GMST    fwerewolffatigue
	tribunal.esm        GMST    fwerewolfhandtohand
	tribunal.esm        GMST    fwerewolfhealth
	tribunal.esm        GMST    fwerewolfheavyarmor
	tribunal.esm        GMST    fwerewolfillusion
	tribunal.esm        GMST    fwerewolfintellegence
	tribunal.esm        GMST    fwerewolflightarmor
	tribunal.esm        GMST    fwerewolflongblade
	tribunal.esm        GMST    fwerewolfluck
	tribunal.esm        GMST    fwerewolfmagicka
	tribunal.esm        GMST    fwerewolfmarksman
	tribunal.esm        GMST    fwerewolfmediumarmor
	tribunal.esm        GMST    fwerewolfmerchantile
	tribunal.esm        GMST    fwerewolfmysticism
	tribunal.esm        GMST    fwerewolfpersonality
	tribunal.esm        GMST    fwerewolfrestoration
	tribunal.esm        GMST    fwerewolfrunmult
	tribunal.esm        GMST    fwerewolfsecurity
	tribunal.esm        GMST    fwerewolfshortblade
	tribunal.esm        GMST    fwerewolfsilverweapondamagemult
	tribunal.esm        GMST    fwerewolfsneak
	tribunal.esm        GMST    fwerewolfspear
	tribunal.esm        GMST    fwerewolfspeechcraft
	tribunal.esm        GMST    fwerewolfspeed
	tribunal.esm        GMST    fwerewolfstrength
	tribunal.esm        GMST    fwerewolfunarmored
	tribunal.esm        GMST    fwerewolfwillpower
	tribunal.esm        GMST    iwerewolfbounty
	tribunal.esm        GMST    iwerewolffightmod
	tribunal.esm        GMST    iwerewolffleemod
	tribunal.esm        GMST    iwerewolfleveltoattack
	tribunal.esm        GMST    scompanionshare
	tribunal.esm        GMST    scompanionwarningbuttonone
	tribunal.esm        GMST    scompanionwarningbuttontwo
	tribunal.esm        GMST    scompanionwarningmessage
	tribunal.esm        GMST    sdeletenote
	tribunal.esm        GMST    seditnote
	tribunal.esm        GMST    seffectsummoncreature01
	tribunal.esm        GMST    seffectsummoncreature02
	tribunal.esm        GMST    seffectsummoncreature03
	tribunal.esm        GMST    seffectsummoncreature04
	tribunal.esm        GMST    seffectsummoncreature05
	tribunal.esm        GMST    seffectsummonfabricant
	tribunal.esm        GMST    slevitatedisabled
	tribunal.esm        GMST    smagiccreature01id
	tribunal.esm        GMST    smagiccreature02id
	tribunal.esm        GMST    smagiccreature03id
	tribunal.esm        GMST    smagiccreature04id
	tribunal.esm        GMST    smagiccreature05id
	tribunal.esm        GMST    smagicfabricantid
	tribunal.esm        GMST    smaxsale
	tribunal.esm        GMST    sprofitvalue
	tribunal.esm        GMST    steleportdisabled
	tribunal.esm        GMST    swerewolfalarmmessage
	tribunal.esm        GMST    swerewolfpopup
	tribunal.esm        GMST    swerewolfrefusal
	tribunal.esm        GMST    swerewolfrestmessage

[DUP-INF]: ID=257271491726010965(Greeting:greeting 1)
  |DATA|ONAM:vorar helas|NAME:You must be the one Relam Arinith sent.|SCVR:04JX0MV_SlaveMule|INTV:f

[DUP-INF]: ID=260292633129096524(Topic:latest rumors)
  |DATA|NAME:Kirginia is back in Dagon Fel. And when you see Kirginia, you know there's smuggling going on.|SCVR:02sX4Random100|INTV:2|SCVR:16DX0Kirginia|INTV:|SCVR:2CsX0NoLore|INTV:

[DUP-INF]: ID=1506124848231934131(Greeting:greeting 1)
  |DATA|ONAM:jeanne|NAME:Hey! You shouldn't be back there. That's my private room.|SCVR:04JX0EB_Bone|INTV:2|BNAM:Journal EB_Bone 55

[DUP-INF]: ID=31548130972094426071(Topic:latest rumors)
  |DATA|FNAM|NAME:I hear there's a secret organization called the Twin Lamps. It helps runaway slaves escape. It's against the law to aid runaway slaves. But I think slavery is wrong, and I can understand why these Abolitionists would be willing to break the law.|SCVR:0CsX0NoLore|INTV:|BNAM:;default
