Elven Armor and Weapons.ESP: DUP-REC MASTERS MISSAUT MISSDSC MISSVER OVR-REC
    MASTERS: out of sync with the masters installed in your Data Files directory:
	Morrowind.esm               79764287 (plugin)   79837557 (installed size)
	Tribunal.esm                 6616539 (plugin)    4565686 (installed size)
	Bloodmoon.esm               11799703 (plugin)    9631798 (installed size)
    [OVR-REC] Overridden Records:
	From Master         Type    Name
	morrowind.esm       LEVI    l_m_armor_boots
	morrowind.esm       LEVI    l_m_armor_bracers
	morrowind.esm       LEVI    l_m_armor_cuirass
	morrowind.esm       LEVI    l_m_armor_helmet
	morrowind.esm       LEVI    l_m_armor_shields
	morrowind.esm       LEVI    l_m_enchantitem_hlaalu_rank6
	morrowind.esm       LEVI    l_m_enchantitem_redoran_rank8
	morrowind.esm       LEVI    l_m_enchantitem_telvanni_rank8
	morrowind.esm       LEVI    l_m_wpn_melee_axe
	morrowind.esm       LEVI    l_m_wpn_melee_blunt
	morrowind.esm       LEVI    l_m_wpn_melee_long blade
	morrowind.esm       LEVI    l_m_wpn_melee_short blade
	morrowind.esm       LEVI    l_m_wpn_melee_spear
	morrowind.esm       LEVI    l_m_wpn_missle_arrow
	morrowind.esm       LEVI    l_n_armor_boots
	morrowind.esm       LEVI    l_n_armor_bracers
	morrowind.esm       LEVI    l_n_armor_cuirass
	morrowind.esm       LEVI    l_n_armor_greaves
	morrowind.esm       LEVI    l_n_armor_helmet
	morrowind.esm       LEVI    l_n_armor_pauldron
	morrowind.esm       LEVI    l_n_armor_shields
	morrowind.esm       LEVI    l_n_wpn_melee_axe
	morrowind.esm       LEVI    l_n_wpn_melee_blunt
	morrowind.esm       LEVI    l_n_wpn_melee_long blade
	morrowind.esm       LEVI    l_n_wpn_melee_short blade
	morrowind.esm       LEVI    l_n_wpn_melee_spear
	morrowind.esm       LEVI    l_n_wpn_missle_arrow
	morrowind.esm       LEVI    l_n_wpn_missle_bow
	morrowind.esm       LEVI    l_n_wpn_missle_thrown
	morrowind.esm       LEVI    random excellent melee weapon
	morrowind.esm       LEVI    random_golden_saint_shield
	morrowind.esm       LEVI    random_golden_saint_weapon
	morrowind.esm       NPC_    aengoth
	morrowind.esm       NPC_    anirne
	morrowind.esm       NPC_    berengeval
	morrowind.esm       NPC_    cun
	morrowind.esm       NPC_    elphiron
	morrowind.esm       NPC_    fainertil
	morrowind.esm       NPC_    fiiriel
	morrowind.esm       NPC_    meryaran
	morrowind.esm       NPC_    mollimo of cloudrest
	morrowind.esm       NPC_    nathien
	morrowind.esm       NPC_    rimintil
	morrowind.esm       NPC_    sanyon
	morrowind.esm       NPC_    siltalaure
	morrowind.esm       NPC_    thoromlallor
	tribunal.esm        NPC_    anrel
	tribunal.esm        NPC_    armion
