Endless.ESP: DUP-REC MENUMOD MISSAUT MISSDSC MISSVER OVR-REC
    [MENUMOD] Scripts not checking menumode:
	SCPT(db_cavedoor10_3)
	SCPT(db_door1)
	SCPT(db_exitdoor1)
	SCPT(db_trapdoor1)
	SCPT(ratscale2)
	SCPT(teleportpetal)
	SCPT(teleportwall2)
	SCPT(teleportwall3)
    [DUP-REC] Duplicate Records:
	From Master         Type    Name
	bloodmoon.esm       DOOR    in_v_s_trapdoor_01
	morrowind.esm       ACTI    akhul_steam
	morrowind.esm       CONT    flora_bc_mushroom_01
	morrowind.esm       CONT    flora_bc_mushroom_02
	morrowind.esm       CONT    flora_bc_mushroom_03
	morrowind.esm       CONT    flora_bc_mushroom_05
	morrowind.esm       CONT    flora_bc_mushroom_07
	morrowind.esm       CONT    flora_bc_mushroom_08
	morrowind.esm       CONT    flora_black_anther_01
	morrowind.esm       MISC    gold_010
	morrowind.esm       STAT    collision wall - inviso!!
	morrowind.esm       STAT    ex_v_foundation_02
	morrowind.esm       STAT    ex_v_foundation_03
	morrowind.esm       STAT    flora_bc_grass_01
	morrowind.esm       STAT    furn_com_rm_bookshelf_02
	morrowind.esm       STAT    furn_planter_04
	morrowind.esm       STAT    in_cavern_roots00
	morrowind.esm       STAT    in_lavaboulder01
	morrowind.esm       STAT    in_lavaboulder03
	morrowind.esm       STAT    in_lavaboulder05
	morrowind.esm       STAT    in_lavacave2_s_end
	morrowind.esm       STAT    in_t_crystal_02
	morrowind.esm       STAT    in_v_s_int_entrance_01
	morrowind.esm       STAT    in_velothi_platform_01
	morrowind.esm       STAT    in_velothilarge_4way_01
	morrowind.esm       STAT    in_velothilarge_hall_01
	morrowind.esm       STAT    in_velothismall_dj_01
	morrowind.esm       STAT    terrain_bc_scum_02
	morrowind.esm       STAT    terrain_rock_bc_16
	morrowind.esm       STAT    terrain_rock_bc_17
	morrowind.esm       STAT    terrain_rock_bc_18
	tribunal.esm        DOOR    door_cavern_doors10
	tribunal.esm        DOOR    ex_cave_door_01
	tribunal.esm        DOOR    ex_velothi_loaddoor_01
	tribunal.esm        DOOR    in_velothismall_ndoor_01
	tribunal.esm        MISC    misc_com_bottle_11
	tribunal.esm        STAT    in_vs_pitfloor_01
    [OVR-REC] Overridden Records:
	From Master         Type    Name
	morrowind.esm       CONT    contain_corpse10
	morrowind.esm       STAT    in_velothismall_hall_04
