ETD_v1.3.ESP: DUP-REC MENUMOD MISSVER NUMRECS OVR-REC
    [NUMRECS]: number of records in TES3.HEDR (69) != Actual count (67)
    [MENUMOD] Scripts not checking menumode:
	SCPT(ETD_AttackVoice_ArgonianF)
	SCPT(ETD_AttackVoice_ArgonianM)
	SCPT(ETD_AttackVoice_BretonF)
	SCPT(ETD_AttackVoice_BretonM)
	SCPT(ETD_AttackVoice_DarkElfF)
	SCPT(ETD_AttackVoice_DarkElfM)
	SCPT(ETD_AttackVoice_DarkElfMO)
	SCPT(ETD_AttackVoice_HighElfF)
	SCPT(ETD_AttackVoice_HighElfM)
	SCPT(ETD_AttackVoice_ImperialF)
	SCPT(ETD_AttackVoice_ImperialM)
	SCPT(ETD_AttackVoice_KhajiitF)
	SCPT(ETD_AttackVoice_KhajiitM)
	SCPT(ETD_AttackVoice_NordF)
	SCPT(ETD_AttackVoice_NordM)
	SCPT(ETD_AttackVoice_OrcF)
	SCPT(ETD_AttackVoice_OrcM)
	SCPT(ETD_AttackVoice_RedguardF)
	SCPT(ETD_AttackVoice_RedguardM)
	SCPT(ETD_AttackVoice_WoofElfF)
	SCPT(ETD_AttackVoice_WoofElfM)
    [OVR-REC] Overridden Records:
	From Master         Type    Name
	tribunal.esm        DIAL    attack
	tribunal.esm        DIAL    hit
