Exterminate all the Brutes.ESP: DUP-REC MISSVER OVR-REC
    [OVR-REC] Overridden Records:
	From Master         Type    Name
	morrowind.esm       NPC_    dreamer
	morrowind.esm       NPC_    dreamer worker
	morrowind.esm       NPC_    dreamer_02
	morrowind.esm       NPC_    dreamer_04
	morrowind.esm       NPC_    dreamer_05
	morrowind.esm       NPC_    dreamer_06
	morrowind.esm       NPC_    dreamer_f_01
	morrowind.esm       NPC_    dreamer_ranged
	morrowind.esm       NPC_    dreamer_talker
	morrowind.esm       NPC_    dreamer_talker01
	morrowind.esm       NPC_    dreamer_talker02
	morrowind.esm       NPC_    dreamer_talker03
	morrowind.esm       NPC_    dreamer_talker04
	morrowind.esm       NPC_    dreamer_talker05
	morrowind.esm       NPC_    dreamer_talker06
	morrowind.esm       NPC_    dreamer_talker07
	morrowind.esm       NPC_    dreamer_talker08
	morrowind.esm       NPC_    dreamer_talker09
	morrowind.esm       NPC_    dreamer_talker10
	morrowind.esm       NPC_    dreamer_talker11
	morrowind.esm       NPC_    dreamer_talker12
	tribunal.esm        DIAL    auriel's bow
