F&F_no_city_exterior.ESP: DUP-REC MASTERS MISSAUT MISSDSC MISSVER OVR-REC
    MASTERS: out of sync with the masters installed in your Data Files directory:
	Wares-base.esm                265873 (plugin)      82499 (installed size)
	F&F_base.esm                 6799646 (plugin)    6799389 (installed size)
    [OVR-REC] Overridden Records:
	From Master         Type    Name
	f&f_base.esm        LEVC    _aa_ex_town_dagon_fel
	f&f_base.esm        LEVC    _aa_ex_town_ebonheart
	f&f_base.esm        LEVC    _aa_ex_town_gnisis
	f&f_base.esm        LEVC    _aa_ex_town_hlaalu_poor
	f&f_base.esm        LEVC    _aa_ex_town_hlaalu_rich
	f&f_base.esm        LEVC    _aa_ex_town_imperial
	f&f_base.esm        LEVC    _aa_ex_town_indoril
	f&f_base.esm        LEVC    _aa_ex_town_indoril_poor
	f&f_base.esm        LEVC    _aa_ex_town_maar_gan
	f&f_base.esm        LEVC    _aa_ex_town_mournhold
	f&f_base.esm        LEVC    _aa_ex_town_necrom
	f&f_base.esm        LEVC    _aa_ex_town_redoran_poor
	f&f_base.esm        LEVC    _aa_ex_town_redoran_rich
	f&f_base.esm        LEVC    _aa_ex_town_seyda_neen
	f&f_base.esm        LEVC    _aa_ex_town_tel_mora
	f&f_base.esm        LEVC    _aa_ex_town_telvanni
	f&f_base.esm        LEVC    _aa_ex_town_telvanni_poor_tr
	f&f_base.esm        LEVC    _aa_ex_town_telvanni_tr
