F&F_no_city_interiors (2).ESP: DUP-REC MASTERS MISSAUT MISSDSC MISSVER OVR-REC
    MASTERS: out of sync with the masters installed in your Data Files directory:
	Wares-base.esm                299850 (plugin)      82499 (installed size)
	F&F_base.esm                 6543380 (plugin)    6799389 (installed size)
    [OVR-REC] Overridden Records:
	From Master         Type    Name
	f&f_base.esm        LEVC    _aa_in_alchemist
	f&f_base.esm        LEVC    _aa_in_bookseller
	f&f_base.esm        LEVC    _aa_in_clothier
	f&f_base.esm        LEVC    _aa_in_council_ebonheart
	f&f_base.esm        LEVC    _aa_in_council_hlaalu
	f&f_base.esm        LEVC    _aa_in_council_redoran
	f&f_base.esm        LEVC    _aa_in_daedric_ruin
	f&f_base.esm        LEVC    _aa_in_dunmer_temple
	f&f_base.esm        LEVC    _aa_in_imperial_fort
	f&f_base.esm        LEVC    _aa_in_library
	f&f_base.esm        LEVC    _aa_in_mages_guild
	f&f_base.esm        LEVC    _aa_in_molagmar_gg
	f&f_base.esm        LEVC    _aa_in_morag_tong
	f&f_base.esm        LEVC    _aa_in_mournhold_museum
	f&f_base.esm        LEVC    _aa_in_shrine_malacath
	f&f_base.esm        LEVC    _aa_in_smith
	f&f_base.esm        LEVC    _aa_in_tavern_dagon_fel
	f&f_base.esm        LEVC    _aa_in_tavern_deseles
	f&f_base.esm        LEVC    _aa_in_tavern_ebonheart
	f&f_base.esm        LEVC    _aa_in_tavern_gnisis
	f&f_base.esm        LEVC    _aa_in_tavern_hlaalu
	f&f_base.esm        LEVC    _aa_in_tavern_hlaalu_p
	f&f_base.esm        LEVC    _aa_in_tavern_imperial
	f&f_base.esm        LEVC    _aa_in_tavern_imperial_p
	f&f_base.esm        LEVC    _aa_in_tavern_mournhold
	f&f_base.esm        LEVC    _aa_in_tavern_redoran
	f&f_base.esm        LEVC    _aa_in_tavern_redoran_p
	f&f_base.esm        LEVC    _aa_in_tavern_tel_branora
	f&f_base.esm        LEVC    _aa_in_tavern_tel_mora
	f&f_base.esm        LEVC    _aa_in_tavern_telvanni
	f&f_base.esm        LEVC    _aa_in_tavern_vivec
	f&f_base.esm        LEVC    _aa_in_temple
	f&f_base.esm        LEVC    _aa_in_thiefguids
	f&f_base.esm        LEVC    _aa_in_traders_tel_mora
	f&f_base.esm        LEVC    _aa_in_trders
	f&f_base.esm        LEVC    _aa_in_vivec
