Fadathram.ESP: DUP-REC MENUMOD MISSAUT MISSDSC MISSVER OVR-REC
    [MENUMOD] Scripts not checking menumode:
	SCPT(sch_fad_Zabamat)
	SCPT(sch_fad_badstatue01)
	SCPT(sch_fad_badstatue02)
	SCPT(sch_fad_badstatue03)
	SCPT(sch_fad_badstatue04)
	SCPT(sch_fad_badstatue05)
	SCPT(sch_fad_badstatue06)
	SCPT(sch_fad_badstatue07)
	SCPT(sch_fad_badstatue08)
	SCPT(sch_fad_cultist_0)
	SCPT(sch_fad_cultist_01)
	SCPT(sch_fad_cultist_02)
	SCPT(sch_fad_dagothfad01)
	SCPT(sch_fad_markssleepersummon)
	SCPT(sch_fad_plagueoth_01)
	SCPT(sch_fence_01script)
	SCPT(sch_fence_02script)
	SCPT(sch_fence_03script)
	SCPT(sch_fence_04script)
	SCPT(sch_fence_05script)
    [OVR-REC] Overridden Records:
	From Master         Type    Name
	tribunal.esm        DIAL    greeting 1
