Forgotten Legend.ESP: DUP-REC MENUMOD MISSAUT MISSDSC MISSVER OVR-REC
    [MENUMOD] Scripts not checking menumode:
	SCPT(ChK_antirep)
	SCPT(Chk_BrotherWentHomeInitialDisable)
	SCPT(Chk_CheckReturnBrothersScript)
	SCPT(Chk_DalinScript)
	SCPT(Chk_NorvayneBodyScript)
	SCPT(Chk_TohanScript)
	SCPT(chk_ShrineDoorScript)
    [OVR-REC] Overridden Records:
	From Master         Type    Name
	morrowind.esm       NPC_    ernard genis
	morrowind.esm       NPC_    hlar
	morrowind.esm       NPC_    hyring
	morrowind.esm       NPC_    jathlanie
	morrowind.esm       NPC_    rithrannir
	morrowind.esm       NPC_    torline
	morrowind.esm       PGRD    onnissiralis, shrine
	tribunal.esm        DIAL    greeting 5
	tribunal.esm        DIAL    latest rumors
