Fortified Molag Mar.ESP: DUP-INF DUP-REC MASTERS MENUMOD MISSAUT MISSDSC MISSVER OVR-REC
    MASTERS: out of sync with the masters installed in your Data Files directory:
	Tamriel_Data.esm             7344508 (plugin)   11064795 (installed size)
    [MENUMOD] Scripts not checking menumode:
	SCPT(FMM_DisableTeleport)
	SCPT(FMM_EnableTeleport)
    [OVR-REC] Overridden Records:
	From Master         Type    Name
	bloodmoon.esm       LTEX    ac_darkgravel
	bloodmoon.esm       LTEX    sand_02
	morrowind.esm       DIAL    seven graces
	morrowind.esm       LAND    (12, -7)
	morrowind.esm       LAND    (12, -8)
	morrowind.esm       LAND    (12, -9)
	morrowind.esm       LAND    (13, -7)
	morrowind.esm       LAND    (13, -8)
	morrowind.esm       LAND    (13, -9)
	morrowind.esm       LAND    (14, -8)
	morrowind.esm       LTEX    ac_darkstone01
	morrowind.esm       LTEX    ac_darkstone02
	morrowind.esm       LTEX    ac_darkstone_grass
	morrowind.esm       LTEX    ac_dirt_01
	morrowind.esm       LTEX    ac_dirt_grass_01
	morrowind.esm       LTEX    ac_dirt_grass_02
	morrowind.esm       LTEX    ac_scrubplain_01
	morrowind.esm       LTEX    ma_crackedearth
	morrowind.esm       LTEX    ma_lava02
	morrowind.esm       LTEX    ma_lava03
	morrowind.esm       LTEX    ma_lava05
	morrowind.esm       LTEX    ma_lava06
	morrowind.esm       LTEX    ma_lavaflow
	morrowind.esm       LTEX    ma_lavarock
	morrowind.esm       LTEX    ma_rock04
	morrowind.esm       LTEX    ma_sulphur_rock01
	morrowind.esm       LTEX    ma_sulphur_rock02
	morrowind.esm       LTEX    ma_sulphur_rock03
	morrowind.esm       LTEX    wg_scrub plain
	morrowind.esm       NPC_    ano andaram
	morrowind.esm       NPC_    baleni salavel
	morrowind.esm       NPC_    nireli farys
	morrowind.esm       PGRD    molag mar
	morrowind.esm       PGRD    molag mar, underworks
	morrowind.esm       PGRD    molag mar, waistworks
	tribunal.esm        DIAL    attack
	tribunal.esm        DIAL    duties
	tribunal.esm        DIAL    greeting 1
	tribunal.esm        DIAL    hit
	tribunal.esm        DIAL    latest rumors
	tribunal.esm        DIAL    little secret
	tribunal.esm        DIAL    my trade
	tribunal.esm        LTEX    rm_grayrock
	tribunal.esm        LTEX    rm_rock_01

[DUP-INF]: ID=27578249051902727234(Topic:little secret)
  |DATA|ONAM:bashag gro-snagdu|NAME:You thinking about looking around for Dwemer sites? Well, it's your funeral. There's a well-known one called Mzahnch, on an island a ways east of Vivec. You don't look ready for that kind of excitement, but, heck, you don't try, you'll never learn, right?|SCVR:01064|INTV
