Sage_Shrine.ESP: DUP-REC MASTERS MENUMOD MISSAUT MISSDSC MISSVER
    MASTERS: out of sync with the masters installed in your Data Files directory:
	OAAB_Data.esm                1157489 (plugin)    1567893 (installed size)
    [MENUMOD] Scripts not checking menumode:
	SCPT(shrineSage)
    [DUP-REC] Duplicate Records:
	From Master         Type    Name
	morrowind.esm       BOOK    bookskill_enchant5
	morrowind.esm       CONT    flora_bc_fern_01
	morrowind.esm       CONT    flora_stoneflower_01
	morrowind.esm       CONT    flora_stoneflower_02
	morrowind.esm       INGR    ingred_bc_coda_flower
	morrowind.esm       MISC    misc_com_redware_platter
	morrowind.esm       STAT    ex_t_rock_coastal_03
	morrowind.esm       STAT    flora_bc_grass_01
	morrowind.esm       STAT    flora_bc_moss_01
	morrowind.esm       STAT    flora_bc_moss_02
	morrowind.esm       STAT    flora_bc_moss_03
	morrowind.esm       STAT    flora_bc_moss_17
	morrowind.esm       STAT    flora_bc_moss_18
	morrowind.esm       STAT    flora_bc_moss_20
	morrowind.esm       STAT    flora_bc_moss_21
	morrowind.esm       STAT    furn_de_r_bench_02
	morrowind.esm       STAT    furn_mist256
	oaab_data.esm       CONT    ab_f_bluekanet_01
	oaab_data.esm       MISC    ab_misc_reedpen
	oaab_data.esm       STAT    ab_flora_goldreed03
	oaab_data.esm       STAT    ab_flora_goldreedgroup01
	oaab_data.esm       STAT    ab_flora_lichenhang00
	oaab_data.esm       STAT    ab_furn_candlewaxblue01
	oaab_data.esm       STAT    ab_furn_candlewaxblue04
	oaab_data.esm       STAT    ab_furn_comincense01
