Shinies_TR.ESP: DUP-REC MASTERS MENUMOD MISSVER OVR-REC
    MASTERS: out of sync with the masters installed in your Data Files directory:
	Tribunal.esm                 4565578 (plugin)    4565686 (installed size)
	Bloodmoon.esm                9631726 (plugin)    9631798 (installed size)
	Tamriel_Data.esm             8787443 (plugin)   11064795 (installed size)
	OAAB_Data.esm                1103268 (plugin)    1567893 (installed size)
	TR_Mainland.esm            131136864 (plugin)  163244128 (installed size)
	Wares-base.esm                102158 (plugin)      82499 (installed size)
    [MENUMOD] Scripts not checking menumode:
	SCPT(openclose)
    [OVR-REC] Overridden Records:
	From Master         Type    Name
	morrowind.esm       LEVI    random_diamond
	morrowind.esm       LEVI    random_gem
	morrowind.esm       LEVI    random_pearl
	morrowind.esm       LEVI    random_rawglass
	tribunal.esm        INGR    ingred_russula_01
	wares-base.esm      LEVI    aa_loot_enchant
	wares-base.esm      LEVI    aa_loot_necro
	wares-base.esm      LEVI    aa_loot_rogue
	wares-base.esm      LEVI    aa_loot_sorc
	wares-base.esm      LEVI    aa_loot_witch
	wares-base.esm      LEVI    aa_trader_gems
	wares-base.esm      LEVI    aa_trader_ingred00
