Short_Trip_Short_Trip_You_Decide_v1.0.esp: DUP-REC MISSVER OVR-REC
    [OVR-REC] Overridden Records:
	From Master         Type    Name
	morrowind.esm       NPC_    adondasi sadalvel
	morrowind.esm       NPC_    ano andaram
	morrowind.esm       NPC_    aren maren
	morrowind.esm       NPC_    baleni salavel
	morrowind.esm       NPC_    daras aryon
	morrowind.esm       NPC_    darvame hleran
	morrowind.esm       NPC_    daynas darys
	morrowind.esm       NPC_    devas irano
	morrowind.esm       NPC_    dilami androm
	morrowind.esm       NPC_    fendryn drelvi
	morrowind.esm       NPC_    folsi thendas
	morrowind.esm       NPC_    gals arethi
	morrowind.esm       NPC_    haema farseer
	morrowind.esm       NPC_    navam veran
	morrowind.esm       NPC_    nevosi hlan
	morrowind.esm       NPC_    nireli farys
	morrowind.esm       NPC_    punibi yahaz
	morrowind.esm       NPC_    rindral dralor
	morrowind.esm       NPC_    sedyni veran
	morrowind.esm       NPC_    seldus nerendus
	morrowind.esm       NPC_    selvil sareloth
	morrowind.esm       NPC_    talmeni drethan
	morrowind.esm       NPC_    talsi uvayn
	morrowind.esm       NPC_    tonas telvani
	morrowind.esm       NPC_    valveli arelas
