Slower Swing Speed165.esp: DUP-REC MISSVER OVR-REC
    [OVR-REC] Overridden Records:
	From Master         Type    Name
	bloodmoon.esm       WEAP    bm ice longsword
	bloodmoon.esm       WEAP    bm ice longsword_fg_unique
	bloodmoon.esm       WEAP    bm nordic silver battleaxe
	bloodmoon.esm       WEAP    bm nordic silver battleaxe_ber
	bloodmoon.esm       WEAP    bm nordic silver claymore
	bloodmoon.esm       WEAP    bm nordic silver claymore_ber
	bloodmoon.esm       WEAP    bm reaver battle axe
	bloodmoon.esm       WEAP    bm_axe_heartfang_unique
	bloodmoon.esm       WEAP    bm_hunter_battleaxe_unique
	bloodmoon.esm       WEAP    bm_mace_aevar_uni
	bloodmoon.esm       WEAP    nordic claymore_stormfang
	bloodmoon.esm       WEAP    silver claymore
	bloodmoon.esm       WEAP    silver flameslayer
	bloodmoon.esm       WEAP    silver shardslayer
	bloodmoon.esm       WEAP    silver sparkslayer
	bloodmoon.esm       WEAP    silver viperslayer
	bloodmoon.esm       WEAP    warhammer_rammekald_unique
	morrowind.esm       WEAP    6th bell hammer
	morrowind.esm       WEAP    battle axe of wounds
	morrowind.esm       WEAP    bound_battle_axe
	morrowind.esm       WEAP    claymore_agustas
	morrowind.esm       WEAP    claymore_chrysamere_unique
	morrowind.esm       WEAP    claymore_iceblade_unique
	morrowind.esm       WEAP    cloudcleaver_unique
	morrowind.esm       WEAP    daedric battle axe
	morrowind.esm       WEAP    daedric claymore
	morrowind.esm       WEAP    daedric dai-katana
	morrowind.esm       WEAP    daedric katana
	morrowind.esm       WEAP    daedric longsword
	morrowind.esm       WEAP    daedric war axe
	morrowind.esm       WEAP    daedric warhammer
	morrowind.esm       WEAP    daedric warhammer_ttgd
	morrowind.esm       WEAP    daedric_crescent_unique
	morrowind.esm       WEAP    dwarven axe_soultrap
	morrowind.esm       WEAP    dwarven battle axe
	morrowind.esm       WEAP    dwarven claymore
	morrowind.esm       WEAP    dwarven warhammer
	morrowind.esm       WEAP    fiend battle axe
	morrowind.esm       WEAP    foeburner
	morrowind.esm       WEAP    fury
	morrowind.esm       WEAP    glass claymore
	morrowind.esm       WEAP    glass claymore_magebane
	morrowind.esm       WEAP    iron battle axe
	morrowind.esm       WEAP    iron claymore
	morrowind.esm       WEAP    iron flameslayer
	morrowind.esm       WEAP    iron shardaxe
	morrowind.esm       WEAP    iron shardslayer
	morrowind.esm       WEAP    iron sparkslayer
	morrowind.esm       WEAP    iron viperslayer
	morrowind.esm       WEAP    iron warhammer
	morrowind.esm       WEAP    katana_bluebrand_unique
	morrowind.esm       WEAP    katana_goldbrand_unique
	morrowind.esm       WEAP    last rites
	morrowind.esm       WEAP    nordic battle axe
	morrowind.esm       WEAP    nordic claymore
	morrowind.esm       WEAP    orcish battle axe
	morrowind.esm       WEAP    orcish warhammer
	morrowind.esm       WEAP    shockbite battle axe
	morrowind.esm       WEAP    shockbite warhammer
	morrowind.esm       WEAP    steel claymore
	morrowind.esm       WEAP    steel claymore of hewing
	morrowind.esm       WEAP    steel dai-katana
	morrowind.esm       WEAP    steel flamescythe
	morrowind.esm       WEAP    steel flameslayer
	morrowind.esm       WEAP    steel shardscythe
	morrowind.esm       WEAP    steel shardslayer
	morrowind.esm       WEAP    steel sparkscythe
	morrowind.esm       WEAP    steel sparkslayer
	morrowind.esm       WEAP    steel viperscythe
	morrowind.esm       WEAP    steel viperslayer
	morrowind.esm       WEAP    steel warhammer of smiting
	morrowind.esm       WEAP    stormkiss
	morrowind.esm       WEAP    warhammer of wounds
	morrowind.esm       WEAP    we_temreki
	morrowind.esm       WEAP    widowmaker_unique
	tribunal.esm        WEAP    adamantium_axe
	tribunal.esm        WEAP    adamantium_claymore
	tribunal.esm        WEAP    bipolar blade
	tribunal.esm        WEAP    bipolar blade_x
	tribunal.esm        WEAP    claymore_chrysamere_unique_x
	tribunal.esm        WEAP    claymore_iceblade_unique_x
	tribunal.esm        WEAP    daedric warhammer_ttgd_x
	tribunal.esm        WEAP    gravedigger
	tribunal.esm        WEAP    katana_goldbrand_unique_x
	tribunal.esm        WEAP    king's_oath
	tribunal.esm        WEAP    king's_oath_pc
	tribunal.esm        WEAP    longsword_umbra_unique_x
	tribunal.esm        WEAP    steel battle axe
	tribunal.esm        WEAP    steel warhammer
	tribunal.esm        WEAP    stendar_hammer_unique
	tribunal.esm        WEAP    stendar_hammer_unique_x
