Spire of Scars.ESP: DUP-REC JUNKCEL MISSAUT MISSDSC MISSVER OVR-REC SCRDOOR
    [SCRDOOR] Bethesda doors that have had scripts attached to them:
	door_load_darkness00                 passageScript
    [JUNKCEL] Junk Cells:                        Flags
	Bitter Coast Region (-9, -3)             0x02
    [DUP-REC] Duplicate Records:
	From Master         Type    Name
	bloodmoon.esm       STAT    ex_dae_pillar_01
	bloodmoon.esm       STAT    ex_dae_pillar_02
	bloodmoon.esm       STAT    ex_dae_wall_512_01
	bloodmoon.esm       STAT    ex_dae_wall_512_07
	bloodmoon.esm       STAT    in_dae_connect_lcave
	bloodmoon.esm       STAT    in_dae_platform_512_01
	bloodmoon.esm       STAT    in_dae_room_l_floor_01
	morrowind.esm       STAT    ex_dae_buttress_ruin_01
	morrowind.esm       STAT    ex_dae_door_static_oval
	morrowind.esm       STAT    ex_dae_pillar_02_ruin
	morrowind.esm       STAT    ex_dae_wall_512_02
	morrowind.esm       STAT    ex_dae_wall_512_03
	morrowind.esm       STAT    ex_dae_wall_512_05
	morrowind.esm       STAT    ex_dae_wall_512_09
	morrowind.esm       STAT    furn_banner_temple_01_indoors
	morrowind.esm       STAT    in_dae_doorjamb_01
	morrowind.esm       STAT    in_dae_hall_l_4way_02
	morrowind.esm       STAT    in_dae_hall_l_endcap_01
	morrowind.esm       STAT    in_dae_hall_l_entry_01
	morrowind.esm       STAT    in_dae_hall_ruin_l_02
	morrowind.esm       STAT    in_dae_room_l_corner_01
	morrowind.esm       STAT    in_dae_room_l_corner_02
	morrowind.esm       STAT    in_dae_room_r_corner_01
	morrowind.esm       STAT    in_dae_room_r_corner_02
	morrowind.esm       STAT    in_dae_room_ruin_roof_03
	morrowind.esm       STAT    in_dae_room_ruin_side_01
	morrowind.esm       STAT    in_moldcave2_s_end
	tribunal.esm        ACTI    ex_vivec_waterfall_03
	tribunal.esm        STAT    ex_dae_ruin_platform_01
	tribunal.esm        STAT    ex_vivec_p_water_01
	tribunal.esm        STAT    in_dae_room_l_side_01
    [OVR-REC] Overridden Records:
	From Master         Type    Name
	morrowind.esm       CONT    dwrv_chest00_kjeld
	morrowind.esm       CONT    test_crate_all_armor
	morrowind.esm       CREA    dremora
	morrowind.esm       CREA    dremora_lord
	morrowind.esm       NPC_    arethan mandas
	morrowind.esm       NPC_    bolvyn venim
	morrowind.esm       NPC_    cinda
	morrowind.esm       NPC_    galos farethi
	morrowind.esm       NPC_    gordol
	morrowind.esm       NPC_    mastrius
	morrowind.esm       NPC_    seanwen
	morrowind.esm       NPC_    siri
	morrowind.esm       NPC_    vedam dren
	tribunal.esm        DOOR    door_load_darkness00
	tribunal.esm        NPC_    gaenor_b
