ST_Alchemy_Balance_Sri_1.4.esp: DUP-REC MISSVER MOD-INF OVR-REC
    [OVR-REC] Overridden Records:
	From Master         Type    Name
	bloodmoon.esm       INGR    ingred_belladonna_01
	bloodmoon.esm       INGR    ingred_emerald_01
	bloodmoon.esm       INGR    ingred_eyeball
	bloodmoon.esm       INGR    ingred_gravetar_01
	bloodmoon.esm       INGR    ingred_holly_01
	bloodmoon.esm       INGR    ingred_horker_tusk_01
	bloodmoon.esm       INGR    ingred_human_meat_01
	bloodmoon.esm       INGR    ingred_saltrice_01
	bloodmoon.esm       INGR    ingred_snowbear_pelt_unique
	bloodmoon.esm       INGR    ingred_snowwolf_pelt_unique
	bloodmoon.esm       INGR    ingred_wolf_pelt
	bloodmoon.esm       INGR    ingred_wolfsbane_01
	morrowind.esm       ALCH    p_fortify_intelligence_b
	morrowind.esm       ALCH    p_fortify_intelligence_c
	morrowind.esm       ALCH    p_fortify_intelligence_e
	morrowind.esm       ALCH    p_fortify_intelligence_q
	morrowind.esm       ALCH    p_fortify_intelligence_s
	morrowind.esm       CREA    ascended_sleeper
	morrowind.esm       DIAL    restore health potions
	morrowind.esm       INGR    food_kwama_egg_01
	morrowind.esm       INGR    ingred_6th_corprusmeat_01
	morrowind.esm       INGR    ingred_6th_corprusmeat_02
	morrowind.esm       INGR    ingred_6th_corprusmeat_03
	morrowind.esm       INGR    ingred_6th_corprusmeat_04
	morrowind.esm       INGR    ingred_6th_corprusmeat_05
	morrowind.esm       INGR    ingred_6th_corprusmeat_06
	morrowind.esm       INGR    ingred_6th_corprusmeat_07
	morrowind.esm       INGR    ingred_alit_hide_01
	morrowind.esm       INGR    ingred_ash_salts_01
	morrowind.esm       INGR    ingred_bc_coda_flower
	morrowind.esm       INGR    ingred_bc_hypha_facia
	morrowind.esm       INGR    ingred_bc_spore_pod
	morrowind.esm       INGR    ingred_black_anther_01
	morrowind.esm       INGR    ingred_bonemeal_01
	morrowind.esm       INGR    ingred_bread_01_uni2
	morrowind.esm       INGR    ingred_bread_01_uni3
	morrowind.esm       INGR    ingred_chokeweed_01
	morrowind.esm       INGR    ingred_comberry_01
	morrowind.esm       INGR    ingred_coprinus_01
	morrowind.esm       INGR    ingred_corkbulb_root_01
	morrowind.esm       INGR    ingred_corprus_weepings_01
	morrowind.esm       INGR    ingred_crab_meat_01
	morrowind.esm       INGR    ingred_daedra_skin_01
	morrowind.esm       INGR    ingred_daedras_heart_01
	morrowind.esm       INGR    ingred_diamond_01
	morrowind.esm       INGR    ingred_dreugh_wax_01
	morrowind.esm       INGR    ingred_ectoplasm_01
	morrowind.esm       INGR    ingred_fire_petal_01
	morrowind.esm       INGR    ingred_fire_salts_01
	morrowind.esm       INGR    ingred_frost_salts_01
	morrowind.esm       INGR    ingred_ghoul_heart_01
	morrowind.esm       INGR    ingred_gold_kanet_01
	morrowind.esm       INGR    ingred_gravedust_01
	morrowind.esm       INGR    ingred_hackle-lo_leaf_01
	morrowind.esm       INGR    ingred_hound_meat_01
	morrowind.esm       INGR    ingred_kagouti_hide_01
	morrowind.esm       INGR    ingred_pearl_01
	morrowind.esm       INGR    ingred_racer_plumes_01
	morrowind.esm       INGR    ingred_rat_meat_01
	morrowind.esm       INGR    ingred_raw_ebony_01
	morrowind.esm       INGR    ingred_red_lichen_01
	morrowind.esm       INGR    ingred_resin_01
	morrowind.esm       INGR    ingred_roobrush_01
	morrowind.esm       INGR    ingred_ruby_01
	morrowind.esm       INGR    ingred_scales_01
	morrowind.esm       INGR    ingred_scamp_skin_01
	morrowind.esm       INGR    ingred_scrap_metal_01
	morrowind.esm       INGR    ingred_scrib_jelly_01
	morrowind.esm       INGR    ingred_scrib_jelly_02
	morrowind.esm       INGR    ingred_scrib_jerky_01
	morrowind.esm       INGR    ingred_shalk_resin_01
	morrowind.esm       INGR    ingred_sload_soap_01
	morrowind.esm       INGR    ingred_trama_root_01
	morrowind.esm       INGR    ingred_vampire_dust_01
	morrowind.esm       INGR    ingred_void_salts_01
	morrowind.esm       INGR    ingred_wickwheat_01
	morrowind.esm       INGR    ingred_willow_anther_01
	tribunal.esm        BOOK    bk_alchemistsformulary
	tribunal.esm        INGR    ingred_golden_sedge_01
	tribunal.esm        INGR    ingred_meadow_rye_01
	tribunal.esm        INGR    ingred_nirthfly_stalks_01
	tribunal.esm        INGR    ingred_russula_01
	tribunal.esm        INGR    ingred_timsa-come-by_01

[MOD-INF]: ID=1695926712626822942(Topic:restore health potions)
  morrowind.esm------------------>|DATA|ONAM:Synnolian Tunifus|NAME:To make a Restore Health potion, combine two ore more of the following cheap and common ingredients in the mortar and pestle: marshmerrow, wickwheat, corkbulb root, and saltrice. It isn't easy, of course. If you aren't very skilled, you will often ruin the ingredients and fail to make the potion. But with practice and training, you'll improve. And a complete set of alchemical apparatus can improve your success rate.
  ST_Alchemy_Balance_Sri_1.4.esp->|DATA|ONAM:Synnolian Tunifus|NAME:To make a Restore Health potion, combine two ore more of the following cheap and common ingredients in the mortar and pestle: marshmerrow, spore pod, corkbulb root, and saltrice. It isn't easy, of course. If you aren't very skilled, you will often ruin the ingredients and fail to make the potion. But with practice and training, you'll improve. And a complete set of alchemical apparatus can improve your success rate.
