ST_Books_Wares_OAAB.ESP: DUP-REC MASTERS MENUMOD MISSDSC MISSVER OVR-REC
    MASTERS: out of sync with the masters installed in your Data Files directory:
	Wares-base.esm                131281 (plugin)      82499 (installed size)
	OAAB_Data.esm                1314087 (plugin)    1567893 (installed size)
    [MENUMOD] Scripts not checking menumode:
	SCPT(BB_Grimoire_Global)
    [OVR-REC] Overridden Records:
	From Master         Type    Name
	wares-base.esm      LEVI    aa_loot_alchie
	wares-base.esm      LEVI    aa_loot_bard
	wares-base.esm      LEVI    aa_loot_common
	wares-base.esm      LEVI    aa_loot_cook
	wares-base.esm      LEVI    aa_loot_drunk
	wares-base.esm      LEVI    aa_loot_enchant
	wares-base.esm      LEVI    aa_loot_gardener
	wares-base.esm      LEVI    aa_loot_heal
	wares-base.esm      LEVI    aa_loot_hunt
	wares-base.esm      LEVI    aa_loot_pilgrim
	wares-base.esm      LEVI    aa_loot_scarv
	wares-base.esm      LEVI    aa_loot_scout
	wares-base.esm      LEVI    aa_loot_scribe
	wares-base.esm      LEVI    aa_loot_smith
	wares-base.esm      LEVI    aa_loot_sorc
	wares-base.esm      LEVI    aa_loot_travel
	wares-base.esm      LEVI    aa_loot_warlk
	wares-base.esm      LEVI    aa_loot_whuntr
	wares-base.esm      LEVI    aa_race_dunmer
	wares-base.esm      LEVI    aa_race_nord
	wares-base.esm      LEVI    aa_skill_alch_major
	wares-base.esm      LEVI    aa_trader_books
	wares-base.esm      LEVI    aa_trader_enchanted
	wares-base.esm      LEVI    aa_trader_guide
