Staff_Agency_FF.ESP: DUP-REC MASTERS MISSAUT MISSDSC MISSVER OVR-REC
    MASTERS: out of sync with the masters installed in your Data Files directory:
	Wares-base.esm                265838 (plugin)      82499 (installed size)
    [OVR-REC] Overridden Records:
	From Master         Type    Name
	f&f_base.esm        LEVC    _aa_fisherman_all
	f&f_base.esm        LEVC    _aa_mage_all
	f&f_base.esm        LEVC    aa_agent_all
	f&f_base.esm        LEVC    aa_alchemist_all
	f&f_base.esm        LEVC    aa_bard_all
	f&f_base.esm        LEVC    aa_commoner_all
	f&f_base.esm        LEVC    aa_cook_all
	f&f_base.esm        LEVC    aa_farmer_all
	f&f_base.esm        LEVC    aa_gardener_all
	f&f_base.esm        LEVC    aa_hunter_all
	f&f_base.esm        LEVC    aa_in_thieves
	f&f_base.esm        LEVC    aa_l_peddlars
	f&f_base.esm        LEVC    aa_merchants
	f&f_base.esm        LEVC    aa_miner_all
	f&f_base.esm        LEVC    aa_monk_all
	f&f_base.esm        LEVC    aa_pilgrims
	f&f_base.esm        LEVC    aa_sailors
	f&f_base.esm        LEVC    aa_scout_all
	f&f_base.esm        LEVC    aa_smith_all
	f&f_base.esm        LEVC    aa_tailor_all
	f&f_base.esm        LEVC    aa_warrior_all
