Stirk_pirate_quest.ESP: DUP-REC MASTERS MENUMOD MISSAUT MISSDSC MISSVER OVR-REC
    MASTERS: out of sync with the masters installed in your Data Files directory:
	Tamriel_Data.esm             8787443 (plugin)   11064795 (installed size)
    [MENUMOD] Scripts not checking menumode:
	SCPT(IarnusDead)
    [OVR-REC] Overridden Records:
	From Master         Type    Name
	cyr_main.esm        NPC_    pc_i1-str_bodan
	cyr_main.esm        NPC_    pc_i1-str_durar gro-bel
	cyr_main.esm        NPC_    pc_i1-str_iarnu
	cyr_main.esm        NPC_    pc_i1-str_llegin
	cyr_main.esm        NPC_    pc_i1-str_nelslellu
	cyr_main.esm        NPC_    pc_i1-str_shra
	cyr_main.esm        NPC_    pc_i1-str_tellius
	cyr_main.esm        NPC_    pc_i1-str_tobba
	cyr_main.esm        NPC_    pc_x1-str_benedrin
	cyr_main.esm        NPC_    pc_x1-str_birdwhistles
	cyr_main.esm        NPC_    pc_x1-str_bureth
	cyr_main.esm        NPC_    pc_x1-str_dimas fellix
	cyr_main.esm        NPC_    pc_x1-str_durna
	cyr_main.esm        NPC_    pc_x1-str_marnicius
	tribunal.esm        DIAL    greeting 5
