SU - V Diseases and Bloatspores.ESP: DUP-REC JUNKCEL MISSAUT MISSDSC MISSVER OVR-REC
    [JUNKCEL] Junk Cells:                        Flags
	Ashlands Region (0, 0)                   0x02
    [OVR-REC] Overridden Records:
	From Master         Type    Name
	morrowind.esm       LEVC    ex_ascadianisles_lev+0
	morrowind.esm       LEVC    ex_ascadianisles_lev+2
	morrowind.esm       LEVC    ex_ascadianisles_lev-1
	morrowind.esm       LEVC    ex_ascadianisles_sleep
	morrowind.esm       LEVC    ex_azurascoast_lev+0
	morrowind.esm       LEVC    ex_azurascoast_lev+2
	morrowind.esm       LEVC    ex_azurascoast_lev-1
	morrowind.esm       LEVC    ex_azurascoast_sleep
	morrowind.esm       LEVC    ex_bittercoast_lev+0
	morrowind.esm       LEVC    ex_bittercoast_lev+2
	morrowind.esm       LEVC    ex_bittercoast_lev-1
	morrowind.esm       LEVC    ex_bittercoast_sleep
	morrowind.esm       LEVC    ex_grazelands_lev+0
	morrowind.esm       LEVC    ex_grazelands_lev+2
	morrowind.esm       LEVC    ex_grazelands_lev-1
	morrowind.esm       LEVC    ex_grazelands_sleep
	morrowind.esm       LEVC    ex_molagmar_lev+0
	morrowind.esm       LEVC    ex_molagmar_lev+2
	morrowind.esm       LEVC    ex_molagmar_lev-1
	morrowind.esm       LEVC    ex_molagmar_sleep
	morrowind.esm       LEVC    ex_sheogorad_lev+0
	morrowind.esm       LEVC    ex_sheogorad_lev+2
	morrowind.esm       LEVC    ex_sheogorad_lev-1
	morrowind.esm       LEVC    ex_sheogorad_sleep
	morrowind.esm       LEVC    ex_westgash_lev+0
	morrowind.esm       LEVC    ex_westgash_lev+2
	morrowind.esm       LEVC    ex_westgash_lev-1
	morrowind.esm       LEVC    ex_westgash_sleep
	morrowind.esm       LEVC    ex_wild_all_lev+0
	morrowind.esm       LEVC    ex_wild_all_lev+2
	morrowind.esm       LEVC    ex_wild_all_lev-1
	morrowind.esm       LEVC    ex_wild_all_sleep
	morrowind.esm       LEVC    ex_wild_rat_lev+0
	morrowind.esm       LEVC    ex_wild_rat_lev+2
	morrowind.esm       LEVC    ex_wild_rat_lev-2
	morrowind.esm       LEVC    h2o_all_lev+0
	morrowind.esm       LEVC    h2o_all_lev+2
	morrowind.esm       LEVC    h2o_all_lev-2
	morrowind.esm       LEVC    h2o_slaughterfish
	morrowind.esm       LEVC    in_cave_alit_lev+0
	morrowind.esm       LEVC    in_cave_alit_lev+2
	morrowind.esm       LEVC    in_cave_alit_lev-1
	morrowind.esm       LEVC    in_cave_all_lev+0
	morrowind.esm       LEVC    in_cave_all_lev+2
	morrowind.esm       LEVC    in_cave_all_lev-1
	morrowind.esm       LEVC    in_cave_nix_lev+0
	morrowind.esm       LEVC    in_cave_nix_lev+2
	morrowind.esm       LEVC    in_cave_nix_lev-1
	morrowind.esm       LEVC    in_tomb_all_lev+0
	morrowind.esm       LEVC    in_tomb_all_lev+2
	morrowind.esm       LEVC    in_tomb_all_lev-2
	morrowind.esm       LEVC    in_tomb_bone_lev+0
	morrowind.esm       LEVC    in_tomb_bone_lev+2
	morrowind.esm       LEVC    in_tomb_bone_lev-2
	morrowind.esm       LEVC    in_tomb_skele_lev+0
	morrowind.esm       LEVC    in_tomb_skele_lev+2
	morrowind.esm       LEVC    in_tomb_skele_lev-2
	tribunal.esm        LEVC    in_tomb_all_lev_trib
