Vality's Balmora Addon.esp: DUP-REC MISSDSC MISSVER OVR-REC
    [DUP-REC] Duplicate Records:
	From Master         Type    Name
	tribunal.esm        LTEX    rm_rock_01
	tribunal.esm        LTEX    rock_coastal
    [OVR-REC] Overridden Records:
	From Master         Type    Name
	bloodmoon.esm       LTEX    tx_bc_rock_03.tga
	bloodmoon.esm       LTEX    tx_bm_cobblestone_01.dds
	bloodmoon.esm       LTEX    wg_road
	morrowind.esm       LAND    (-2, -2)
	morrowind.esm       LAND    (-3, -2)
	morrowind.esm       LAND    (-3, -3)
	morrowind.esm       LAND    (-4, -2)
	morrowind.esm       LTEX    al_road_01
	morrowind.esm       LTEX    scrub plain
	morrowind.esm       LTEX    tx_bc_bank.tga
	morrowind.esm       LTEX    tx_bc_dirt.tga
	morrowind.esm       LTEX    tx_bc_grass.tga
	morrowind.esm       LTEX    tx_bc_mainroad_01.tga
	morrowind.esm       LTEX    tx_bc_moss.tga
	morrowind.esm       LTEX    tx_bc_muck.tga
	morrowind.esm       LTEX    tx_bc_muck_01.tga
	morrowind.esm       LTEX    tx_bc_mud.tga
	morrowind.esm       LTEX    tx_bc_rock_01.tga
	morrowind.esm       LTEX    tx_bc_rock_02.tga
	morrowind.esm       LTEX    tx_bc_rock_04.tga
	morrowind.esm       LTEX    tx_bc_rockyscrub.tga
	morrowind.esm       LTEX    tx_bc_scrub.tga
	morrowind.esm       LTEX    tx_bc_undergrowth.tga
	morrowind.esm       LTEX    tx_rock_wg_01.tga
	morrowind.esm       LTEX    wg_cobblestones
	morrowind.esm       LTEX    wg_dirtroad_01
	morrowind.esm       LTEX    wg_dirtscrub
	morrowind.esm       LTEX    wg_mainroad_01
	morrowind.esm       LTEX    wg_rock
	morrowind.esm       LTEX    wg_rockydirt
	morrowind.esm       LTEX    wg_rockyscrub
	morrowind.esm       LTEX    wg_scrub plain
	morrowind.esm       PGRD    ashlands region
	tribunal.esm        LTEX    ai_clover
	tribunal.esm        LTEX    ai_dirt
	tribunal.esm        LTEX    ai_dirtroad
	tribunal.esm        LTEX    ai_grass
	tribunal.esm        LTEX    ai_grass_02
	tribunal.esm        LTEX    ai_grass_dirt
	tribunal.esm        LTEX    rm_grayrock
