vampiresdontsuck.ESP: DUP-REC EVLGMST MISSAUT MISSDSC MISSVER OVR-REC
    [EVLGMST] Tribunal(11) Bloodmoon(61):
	BM fcombatdistancewerewolfmod
	BM ffleedistance
	BM fwerewolfacrobatics
	BM fwerewolfagility
	BM fwerewolfalchemy
	BM fwerewolfalteration
	BM fwerewolfarmorer
	BM fwerewolfathletics
	BM fwerewolfaxe
	BM fwerewolfblock
	BM fwerewolfbluntweapon
	BM fwerewolfconjuration
	BM fwerewolfdestruction
	BM fwerewolfenchant
	BM fwerewolfendurance
	BM fwerewolffatigue
	BM fwerewolfhandtohand
	BM fwerewolfhealth
	BM fwerewolfheavyarmor
	BM fwerewolfillusion
	BM fwerewolfintellegence
	BM fwerewolflightarmor
	BM fwerewolflongblade
	BM fwerewolfluck
	BM fwerewolfmagicka
	BM fwerewolfmarksman
	BM fwerewolfmediumarmor
	BM fwerewolfmerchantile
	BM fwerewolfmysticism
	BM fwerewolfpersonality
	BM fwerewolfrestoration
	BM fwerewolfrunmult
	BM fwerewolfsecurity
	BM fwerewolfshortblade
	BM fwerewolfsilverweapondamagemult
	BM fwerewolfsneak
	BM fwerewolfspear
	BM fwerewolfspeechcraft
	BM fwerewolfspeed
	BM fwerewolfstrength
	BM fwerewolfunarmored
	BM fwerewolfwillpower
	BM iwerewolfbounty
	BM iwerewolffightmod
	BM iwerewolffleemod
	BM iwerewolfleveltoattack
	BM seditnote
	BM seffectsummoncreature01
	BM seffectsummoncreature02
	BM seffectsummoncreature03
	BM seffectsummoncreature04
	BM seffectsummoncreature05
	BM smagiccreature01id
	BM smagiccreature02id
	BM smagiccreature03id
	BM smagiccreature04id
	BM smagiccreature05id
	BM swerewolfalarmmessage
	BM swerewolfpopup
	BM swerewolfrefusal
	BM swerewolfrestmessage
	TB scompanionshare
	TB scompanionwarningbuttonone
	TB scompanionwarningbuttontwo
	TB scompanionwarningmessage
	TB sdeletenote
	TB seffectsummonfabricant
	TB slevitatedisabled
	TB smagicfabricantid
	TB smaxsale
	TB sprofitvalue
	TB steleportdisabled
    [OVR-REC] Overridden Records:
	From Master         Type    Name
	morrowind.esm       NPC_    aleri duro
	morrowind.esm       NPC_    ano dran
	morrowind.esm       NPC_    areas
	morrowind.esm       NPC_    arenara
	morrowind.esm       NPC_    aundae vampire 1
	morrowind.esm       NPC_    aundae vampire 2
	morrowind.esm       NPC_    aundae vampire 3
	morrowind.esm       NPC_    aundae vampire 4
	morrowind.esm       NPC_    berne vampire 1
	morrowind.esm       NPC_    berne vampire 2
	morrowind.esm       NPC_    berne vampire 3
	morrowind.esm       NPC_    berne vampire 4
	morrowind.esm       NPC_    berne vampire 5
	morrowind.esm       NPC_    calvario
	morrowind.esm       NPC_    chulz
	morrowind.esm       NPC_    clasomo
	morrowind.esm       NPC_    dhaunayne aundae
	morrowind.esm       NPC_    dinere hlen
	morrowind.esm       NPC_    eloe
	morrowind.esm       NPC_    estalenya
	morrowind.esm       NPC_    fammana
	morrowind.esm       NPC_    garalo andalas
	morrowind.esm       NPC_    gergio
	morrowind.esm       NPC_    germia
	morrowind.esm       NPC_    gerrilgor
	morrowind.esm       NPC_    igna
	morrowind.esm       NPC_    ildogesto
	morrowind.esm       NPC_    iroroon
	morrowind.esm       NPC_    jeanciele macile
	morrowind.esm       NPC_    knurguri
	morrowind.esm       NPC_    leone
	morrowind.esm       NPC_    lorurmend
	morrowind.esm       NPC_    mirkrand
	morrowind.esm       NPC_    moranarg
	morrowind.esm       NPC_    morn gra-khatub
	morrowind.esm       NPC_    mororurg
	morrowind.esm       NPC_    ninimilk addinibi
	morrowind.esm       NPC_    nush
	morrowind.esm       NPC_    pelf
	morrowind.esm       NPC_    peregrina cnisia
	morrowind.esm       NPC_    pustula baenius
	morrowind.esm       NPC_    quarra vampire 1
	morrowind.esm       NPC_    quarra vampire 2
	morrowind.esm       NPC_    quarra vampire 3
	morrowind.esm       NPC_    quarra vampire 4
	morrowind.esm       NPC_    quarra vampire 5
	morrowind.esm       NPC_    rangela
	morrowind.esm       NPC_    raxle berne
	morrowind.esm       NPC_    reberio
	morrowind.esm       NPC_    silasson
	morrowind.esm       NPC_    siri
	morrowind.esm       NPC_    tarerane
	morrowind.esm       NPC_    tragrim
	morrowind.esm       NPC_    varnis stieve
	morrowind.esm       NPC_    velis thirothan
	morrowind.esm       NPC_    volrina quarra
	morrowind.esm       NPC_    waylas
	tribunal.esm        GMST    fcombatdistancewerewolfmod
	tribunal.esm        GMST    ffleedistance
	tribunal.esm        GMST    fwerewolfacrobatics
	tribunal.esm        GMST    fwerewolfagility
	tribunal.esm        GMST    fwerewolfalchemy
	tribunal.esm        GMST    fwerewolfalteration
	tribunal.esm        GMST    fwerewolfarmorer
	tribunal.esm        GMST    fwerewolfathletics
	tribunal.esm        GMST    fwerewolfaxe
	tribunal.esm        GMST    fwerewolfblock
	tribunal.esm        GMST    fwerewolfbluntweapon
	tribunal.esm        GMST    fwerewolfconjuration
	tribunal.esm        GMST    fwerewolfdestruction
	tribunal.esm        GMST    fwerewolfenchant
	tribunal.esm        GMST    fwerewolfendurance
	tribunal.esm        GMST    fwerewolffatigue
	tribunal.esm        GMST    fwerewolfhandtohand
	tribunal.esm        GMST    fwerewolfhealth
	tribunal.esm        GMST    fwerewolfheavyarmor
	tribunal.esm        GMST    fwerewolfillusion
	tribunal.esm        GMST    fwerewolfintellegence
	tribunal.esm        GMST    fwerewolflightarmor
	tribunal.esm        GMST    fwerewolflongblade
	tribunal.esm        GMST    fwerewolfluck
	tribunal.esm        GMST    fwerewolfmagicka
	tribunal.esm        GMST    fwerewolfmarksman
	tribunal.esm        GMST    fwerewolfmediumarmor
	tribunal.esm        GMST    fwerewolfmerchantile
	tribunal.esm        GMST    fwerewolfmysticism
	tribunal.esm        GMST    fwerewolfpersonality
	tribunal.esm        GMST    fwerewolfrestoration
	tribunal.esm        GMST    fwerewolfrunmult
	tribunal.esm        GMST    fwerewolfsecurity
	tribunal.esm        GMST    fwerewolfshortblade
	tribunal.esm        GMST    fwerewolfsilverweapondamagemult
	tribunal.esm        GMST    fwerewolfsneak
	tribunal.esm        GMST    fwerewolfspear
	tribunal.esm        GMST    fwerewolfspeechcraft
	tribunal.esm        GMST    fwerewolfspeed
	tribunal.esm        GMST    fwerewolfstrength
	tribunal.esm        GMST    fwerewolfunarmored
	tribunal.esm        GMST    fwerewolfwillpower
	tribunal.esm        GMST    iwerewolfbounty
	tribunal.esm        GMST    iwerewolffightmod
	tribunal.esm        GMST    iwerewolffleemod
	tribunal.esm        GMST    iwerewolfleveltoattack
	tribunal.esm        GMST    scompanionshare
	tribunal.esm        GMST    scompanionwarningbuttonone
	tribunal.esm        GMST    scompanionwarningbuttontwo
	tribunal.esm        GMST    scompanionwarningmessage
	tribunal.esm        GMST    sdeletenote
	tribunal.esm        GMST    seditnote
	tribunal.esm        GMST    seffectsummoncreature01
	tribunal.esm        GMST    seffectsummoncreature02
	tribunal.esm        GMST    seffectsummoncreature03
	tribunal.esm        GMST    seffectsummoncreature04
	tribunal.esm        GMST    seffectsummoncreature05
	tribunal.esm        GMST    seffectsummonfabricant
	tribunal.esm        GMST    slevitatedisabled
	tribunal.esm        GMST    smagiccreature01id
	tribunal.esm        GMST    smagiccreature02id
	tribunal.esm        GMST    smagiccreature03id
	tribunal.esm        GMST    smagiccreature04id
	tribunal.esm        GMST    smagiccreature05id
	tribunal.esm        GMST    smagicfabricantid
	tribunal.esm        GMST    smaxsale
	tribunal.esm        GMST    sprofitvalue
	tribunal.esm        GMST    steleportdisabled
	tribunal.esm        GMST    swerewolfalarmmessage
	tribunal.esm        GMST    swerewolfpopup
	tribunal.esm        GMST    swerewolfrefusal
	tribunal.esm        GMST    swerewolfrestmessage
