VariousGmst+Tweaks.esp: DUP-REC MISSAUT MISSDSC MISSVER OVR-REC
    [OVR-REC] Overridden Records:
	From Master         Type    Name
	morrowind.esm       GMST    fairangemeleeweaponmult
	morrowind.esm       GMST    fathleticsrunbonus
	morrowind.esm       GMST    fbartergoldresetdelay
	morrowind.esm       GMST    fbaserunmultiplier
	morrowind.esm       GMST    fbribe1000mod
	morrowind.esm       GMST    fbribe100mod
	morrowind.esm       GMST    fbribe10mod
	morrowind.esm       GMST    fcombatanglexy
	morrowind.esm       GMST    fcombatarmorminmult
	morrowind.esm       GMST    fcombatblockleftangle
	morrowind.esm       GMST    fcombatblockrightangle
	morrowind.esm       GMST    fcombatcriticalstrikemult
	morrowind.esm       GMST    fcombatdelaycreature
	morrowind.esm       GMST    fcombatdelaynpc
	morrowind.esm       GMST    fcombatkodamagemult
	morrowind.esm       GMST    fcorpsecleardelay
	morrowind.esm       GMST    fcorpserespawndelay
	morrowind.esm       GMST    fdispcrimemod
	morrowind.esm       GMST    fdispdiseasemod
	morrowind.esm       GMST    fdispfactionmod
	morrowind.esm       GMST    fdisppersonalitymult
	morrowind.esm       GMST    fdispracemod
	morrowind.esm       GMST    fdispweapondrawn
	morrowind.esm       GMST    felementalshieldmult
	morrowind.esm       GMST    fenchantmentvaluemult
	morrowind.esm       GMST    fencumberedmoveeffect
	morrowind.esm       GMST    ffallacrobase
	morrowind.esm       GMST    ffallacromult
	morrowind.esm       GMST    ffalldamagedistancemin
	morrowind.esm       GMST    ffalldistancemult
	morrowind.esm       GMST    ffatiguebase
	morrowind.esm       GMST    ffatiguejumpbase
	morrowind.esm       GMST    ffatiguerunbase
	morrowind.esm       GMST    ffatiguerunmult
	morrowind.esm       GMST    ffatiguespellbase
	morrowind.esm       GMST    fhandtohandhealthper
	morrowind.esm       GMST    fhandtohandreach
	morrowind.esm       GMST    fholdbreathtime
	morrowind.esm       GMST    fjumpacrobaticsbase
	morrowind.esm       GMST    fjumpacromultiplier
	morrowind.esm       GMST    fjumpencumbrancebase
	morrowind.esm       GMST    fjumpencumbrancemultiplier
	morrowind.esm       GMST    fjumprunmultiplier
	morrowind.esm       GMST    fknockdownmult
	morrowind.esm       GMST    fmagiccreaturecastdelay
	morrowind.esm       GMST    fmagicstarticonblink
	morrowind.esm       GMST    fmaxwalkspeed
	morrowind.esm       GMST    fminwalkspeed
	morrowind.esm       GMST    fnpcbasemagickamult
	morrowind.esm       GMST    fperdierollmult
	morrowind.esm       GMST    fprojectilemaxspeed
	morrowind.esm       GMST    fprojectileminspeed
	morrowind.esm       GMST    fprojectilethrownstorechance
	morrowind.esm       GMST    fsneaknoviewmult
	morrowind.esm       GMST    fsneakspeedmultiplier
	morrowind.esm       GMST    fsneakviewmult
	morrowind.esm       GMST    fsuffocationdamage
	morrowind.esm       GMST    fswimrunathleticsmult
	morrowind.esm       GMST    fswimwalkathleticsmult
	morrowind.esm       GMST    fswingblockmult
	morrowind.esm       GMST    ftargetspellmaxspeed
	morrowind.esm       GMST    fthrownweaponmaxspeed
	morrowind.esm       GMST    fthrownweaponminspeed
	morrowind.esm       GMST    i1stpersonsneakdelta
	morrowind.esm       GMST    iblockmaxchance
	morrowind.esm       GMST    iblockminchance
	morrowind.esm       GMST    icrimeattack
	morrowind.esm       GMST    icrimekilling
	morrowind.esm       GMST    icrimethreshold
	morrowind.esm       GMST    icrimethresholdmultiplier
	morrowind.esm       GMST    icrimetresspass
	morrowind.esm       GMST    igreetdistancemultiplier
	morrowind.esm       GMST    iknockdownoddsbase
	morrowind.esm       GMST    iknockdownoddsmult
	morrowind.esm       GMST    imonthstorespawn
	morrowind.esm       GMST    iperminchance
	morrowind.esm       GMST    iperminchange
	morrowind.esm       GMST    isoulamountforconstanteffect
	morrowind.esm       GMST    smagicskillfail
	morrowind.esm       GMST    srestillegal
	morrowind.esm       MISC    gold_001
	morrowind.esm       MISC    gold_005
	morrowind.esm       MISC    gold_010
	morrowind.esm       MISC    gold_025
	morrowind.esm       MISC    gold_100
	morrowind.esm       MISC    gold_dae_cursed_001
	morrowind.esm       MISC    gold_dae_cursed_005
	tribunal.esm        GMST    fnpchealthbarfade
	tribunal.esm        GMST    fnpchealthbartime
