Vassir-Didanat Nerfed.ESP: DUP-REC MISSVER MOD-INF NUMRECS OVR-REC
    [NUMRECS]: number of records in TES3.HEDR (8) != Actual count (7)
    [OVR-REC] Overridden Records:
	From Master         Type    Name
	morrowind.esm       DIAL    vassir didanat mine

[MOD-INF]: ID=31882766643491381(Topic:vassir didanat mine)
  morrowind.esm------------->|DATA|NAME:I like to keep a distance from my enemies as well. Please take this Daedric Longbow with my gratitude.|SCVR:01500|INTV|BNAM:Player->AddItem "daedric long bow" 1
  Vassir-Didanat Nerfed.ESP->|DATA|NAME:I like to keep a distance from my enemies as well. Please take this Fiend Longbow with my gratitude.|SCVR:01500|INTV|BNAM:Player->AddItem "fiend longbow" 1

[MOD-INF]: ID=238932080655311548(Topic:vassir didanat mine)
  morrowind.esm------------->|DATA|NAME:Hm. A blunt weapon... I do have this Daedric Staff. Perhaps not quite what you were looking for, but it is of the highest quality.|SCVR:01500|INTV|BNAM:Player->AddItem "daedric staff" 1
  Vassir-Didanat Nerfed.ESP->|DATA|NAME:Hm. A blunt weapon... I do have this Ebony Mace. Perhaps not quite what you were looking for, but it is of the highest quality.|SCVR:01500|INTV|BNAM:Player->AddItem "ebony mace" 1

[MOD-INF]: ID=307422442440019203(Topic:vassir didanat mine)
  morrowind.esm------------->|DATA|NAME:It just so happens that I have a Daedric Spear. No finer spear may be found in all of Vvardenfell, I assure you.|SCVR:01500|INTV|BNAM:Player->AddItem "daedric spear" 1
  Vassir-Didanat Nerfed.ESP->|DATA|NAME:It just so happens that I have an Ebony Spear. No finer spear may be found in all of Vvardenfell, I assure you.|SCVR:01500|INTV|BNAM:Player->AddItem "ebony spear" 1

[MOD-INF]: ID=1637516755341926555(Topic:vassir didanat mine)
  morrowind.esm------------->|DATA|NAME:Very well. I believe this Daedric Battle Axe will be of some use to you.|SCVR:01500|INTV|BNAM:Player->AddItem "daedric battle axe" 1
  Vassir-Didanat Nerfed.ESP->|DATA|NAME:Very well. I believe this Ebony War Axe will be of some use to you.|SCVR:01500|INTV|BNAM:Player->AddItem "ebony war axe" 1

[MOD-INF]: ID=10599176632402013147(Topic:vassir didanat mine)
  morrowind.esm------------->|DATA|NAME:I have a Daedric Wakizashi. Rumored to be an Akaviri original. Take it with my gratitude.|SCVR:01500|INTV|BNAM:Player->AddItem "daedric wakizashi" 1
  Vassir-Didanat Nerfed.ESP->|DATA|NAME:I have a Ebony Shortsword. Rumored to be an Akaviri original. Take it with my gratitude.|SCVR:01500|INTV|BNAM:Player->AddItem "ebony shortsword" 1

[MOD-INF]: ID=14569272131398421066(Topic:vassir didanat mine)
  morrowind.esm------------->|DATA|NAME:I have just the thing for you. A Daedric Katana. It is rumored to be of Akaviri manufacture.|SCVR:01500|INTV|BNAM:Player->AddItem "daedric katana" 1
  Vassir-Didanat Nerfed.ESP->|DATA|NAME:I have just the thing for you. An Ebony Broadsword. It is rumored to be of Akaviri manufacture.|SCVR:01500|INTV|BNAM:Player->AddItem "ebony broadsword" 1
