Vivec Lighthouse Questline.esp: DUP-REC MASTERS MENUMOD MISSVER OVR-REC
    MASTERS: out of sync with the masters installed in your Data Files directory:
	Tamriel_Data.esm            10684550 (plugin)   11064795 (installed size)
	OAAB_Data.esm                1384891 (plugin)    1567893 (installed size)
    [MENUMOD] Scripts not checking menumode:
	SCPT(Lighthouse_ArasNote_Sc)
	SCPT(Lighthouse_ClRacer_Sc)
	SCPT(Lighthouse_FireLog_Sc)
	SCPT(Lighthouse_Fire_Sc)
	SCPT(Lighthouse_FoodCr1_Sc)
	SCPT(Lighthouse_FoodCr2_Sc)
	SCPT(Lighthouse_NPC_ArasFavel_Sc)
	SCPT(Lighthouse_NPC_BolaynGho_Sc)
	SCPT(Lighthouse_NPC_Bolayn_Sc)
	SCPT(Lighthouse_NextDay_Sc)
	SCPT(Lighthouse_PileLogAdd_Sc)
	SCPT(Lighthouse_PileLog_Sc)
	SCPT(Lighthouse_RainToggle_Sc)
	SCPT(Lighthouse_Rowboat1_Sc)
	SCPT(Lighthouse_Rowboat2_Sc)
    [OVR-REC] Overridden Records:
	From Master         Type    Name
	tribunal.esm        DIAL    greeting 1
	tribunal.esm        DIAL    greeting 5
	tribunal.esm        DIAL    latest rumors
