Vivec - God the City_.esp: DUP-REC MASTERS MENUMOD MISSAUT MISSDSC MISSVER MOD-INF OVR-REC
    MASTERS: out of sync with the masters installed in your Data Files directory:
	OAAB_Data.esm                1384891 (plugin)    1567893 (installed size)
	Tamriel_Data.esm            10684550 (plugin)   11064795 (installed size)
    [MENUMOD] Scripts not checking menumode:
	SCPT(vivecArenaScript)
    [OVR-REC] Overridden Records:
	From Master         Type    Name
	dr_data.esm         ACTI    dr_tbl_enchanter_01
	dr_data.esm         MISC    dr_misc_toy_guar_01
	dr_data.esm         MISC    dr_misc_toy_netch_01
	morrowind.esm       ACTI    furn_bannerd_alchemy_v_j
	morrowind.esm       ACTI    furn_bannerd_alchemy_v_mg
	morrowind.esm       ACTI    furn_bannerd_clothing_v_tdh
	morrowind.esm       ACTI    furn_bannerd_goods_glass
	morrowind.esm       ACTI    furn_bannerd_goods_potter
	morrowind.esm       ACTI    furn_bannerd_goods_v_bfm
	morrowind.esm       ACTI    furn_bannerd_goods_v_flh
	morrowind.esm       ACTI    furn_bannerd_goods_v_tmh
	morrowind.esm       BOOK    bk_guide_to_vivec
	morrowind.esm       NPC_    emelia duronia
	morrowind.esm       NPC_    erranil
	morrowind.esm       NPC_    iniel
	morrowind.esm       NPC_    jeanne
	morrowind.esm       NPC_    masalinie merian
	morrowind.esm       NPC_    mevure hlen
	morrowind.esm       NPC_    moroni uvelas
	morrowind.esm       NPC_    sevyni saryon
	morrowind.esm       NPC_    trebonius artorius
	morrowind.esm       PGRD    vivec, agrippina herennia: clothier
	morrowind.esm       PGRD    vivec, alusaron: smith
	morrowind.esm       PGRD    vivec, arena pit
	morrowind.esm       PGRD    vivec, arena storage
	morrowind.esm       PGRD    vivec, arena underworks
	morrowind.esm       PGRD    vivec, aurane frernis: apothecary
	morrowind.esm       PGRD    vivec, black shalk cornerclub
	morrowind.esm       PGRD    vivec, curio manor
	morrowind.esm       PGRD    vivec, elven nations cornerclub
	morrowind.esm       PGRD    vivec, foreign quarter canalworks
	morrowind.esm       PGRD    vivec, foreign quarter plaza
	morrowind.esm       PGRD    vivec, foreign quarter underworks
	morrowind.esm       PGRD    vivec, foreign quarter upper waistworks
	morrowind.esm       PGRD    vivec, guild of mages
	morrowind.esm       PGRD    vivec, hall of wisdom
	morrowind.esm       PGRD    vivec, hlaalu ancestral vaults
	morrowind.esm       PGRD    vivec, hlaalu canalworks
	morrowind.esm       PGRD    vivec, hlaalu prison cells
	morrowind.esm       PGRD    vivec, hlaalu records
	morrowind.esm       PGRD    vivec, hlaalu temple
	morrowind.esm       PGRD    vivec, hlaalu treasury
	morrowind.esm       PGRD    vivec, hlaalu underworks
	morrowind.esm       PGRD    vivec, hlaalu vaults
	morrowind.esm       PGRD    vivec, jeanne: trader
	morrowind.esm       PGRD    vivec, jobasha's rare books
	morrowind.esm       PGRD    vivec, library of vivec
	morrowind.esm       PGRD    vivec, miun-gei: enchanter
	morrowind.esm       PGRD    vivec, no name club
	morrowind.esm       PGRD    vivec, ralen tilvur: smith
	morrowind.esm       PGRD    vivec, redoran ancestral vaults
	morrowind.esm       PGRD    vivec, redoran canalworks
	morrowind.esm       PGRD    vivec, redoran plaza
	morrowind.esm       PGRD    vivec, redoran prison cells
	morrowind.esm       PGRD    vivec, redoran records
	morrowind.esm       PGRD    vivec, redoran scout & drillmaster
	morrowind.esm       PGRD    vivec, redoran temple shrine
	morrowind.esm       PGRD    vivec, redoran underworks
	morrowind.esm       PGRD    vivec, redoran vaults
	morrowind.esm       PGRD    vivec, st. delyn canalworks
	morrowind.esm       PGRD    vivec, st. delyn glassworker's hall
	morrowind.esm       PGRD    vivec, st. delyn plaza
	morrowind.esm       PGRD    vivec, st. delyn potter's hall
	morrowind.esm       PGRD    vivec, st. delyn underworks
	morrowind.esm       PGRD    vivec, st. olms brewers and fishmongers hall
	morrowind.esm       PGRD    vivec, st. olms canalworks
	morrowind.esm       PGRD    vivec, st. olms farmers and laborers hall
	morrowind.esm       PGRD    vivec, st. olms tailors and dyers hall
	morrowind.esm       PGRD    vivec, st. olms tanners and miners hall
	morrowind.esm       PGRD    vivec, st. olms temple
	morrowind.esm       PGRD    vivec, st. olms underworks
	morrowind.esm       PGRD    vivec, telvanni alchemist
	morrowind.esm       PGRD    vivec, telvanni apothecary
	morrowind.esm       PGRD    vivec, telvanni canalworks
	morrowind.esm       PGRD    vivec, telvanni monster lab
	morrowind.esm       PGRD    vivec, telvanni prison cells
	morrowind.esm       PGRD    vivec, telvanni sorcerer
	morrowind.esm       PGRD    vivec, telvanni tower
	morrowind.esm       PGRD    vivec, telvanni underworks
	morrowind.esm       PGRD    vivec, telvanni vault
	morrowind.esm       PGRD    vivec, the abbey of st. delyn the wise
	morrowind.esm       PGRD    vivec, the flowers of gold
	morrowind.esm       PGRD    vivec, the lizard's head
	tribunal.esm        CONT    chest_small_02_rndgold
	tribunal.esm        DIAL    greeting 5

[MOD-INF]: ID=252108991767214832(Greeting:greeting 5)
  morrowind.esm------------->|DATA|ONAM:mehra milo|NAME:Yes, I'm Mehra Milo. Caius sent you? Follow me into the back of the library. We can't talk here.|SCVR:14JX3A1_V_VivecInformants|INTV|BNAM:AiTravel, -6, 1734, -114  Journal, "A1_10_MehraMilo", 10  Goodbye
  Vivec - God the City_.esp->|DATA|ONAM:mehra milo|NAME:Yes, I'm Mehra Milo. Caius sent you? Follow me into the back of the library. We can't talk here.|SCVR:14JX3A1_V_VivecInformants|INTV|BNAM:AiTravel, -996.74, -374.46, 130,-98.95  Journal, "A1_10_MehraMilo", 10  Goodbye
