Vivec City.esp: DUP-REC MASTERS MISSAUT MISSDSC MISSVER OVR-REC
    MASTERS: out of sync with the masters installed in your Data Files directory:
	Morrowind.esm               79764287 (plugin)   79837557 (installed size)
	Tribunal.esm                 6616539 (plugin)    4565686 (installed size)
	Bloodmoon.esm               11799703 (plugin)    9631798 (installed size)
	Tamriel_Data.esm             8631283 (plugin)   11064795 (installed size)
	OAAB_Data.esm                1257273 (plugin)    1567893 (installed size)
    [DUP-REC] Duplicate Records:
	From Master         Type    Name
	tribunal.esm        LTEX    rock_coastal
    [OVR-REC] Overridden Records:
	From Master         Type    Name
	bloodmoon.esm       LTEX    sand_02
	morrowind.esm       LAND    (3, -10)
	morrowind.esm       LAND    (3, -9)
	morrowind.esm       LAND    (4, -10)
	morrowind.esm       LAND    (4, -9)
	morrowind.esm       LTEX    tx_ai_mudflats_01.tga
	morrowind.esm       LTEX    tx_bc_grass.tga
	morrowind.esm       LTEX    tx_bc_mainroad_01.tga
	morrowind.esm       NPC_    aren maren
	morrowind.esm       NPC_    baleni salavel
	morrowind.esm       NPC_    dalse adren
	morrowind.esm       NPC_    darvame hleran
	morrowind.esm       NPC_    devas irano
	morrowind.esm       NPC_    dilami androm
	morrowind.esm       NPC_    fendryn drelvi
	morrowind.esm       NPC_    folsi thendas
	morrowind.esm       NPC_    nevosi hlan
	morrowind.esm       NPC_    nireli farys
	morrowind.esm       NPC_    rindral dralor
	morrowind.esm       NPC_    selvil sareloth
	morrowind.esm       NPC_    talsi uvayn
	morrowind.esm       PGRD    vivec
	morrowind.esm       PGRD    vivec, arena
	morrowind.esm       PGRD    vivec, foreign quarter
	morrowind.esm       PGRD    vivec, hlaalu
	morrowind.esm       PGRD    vivec, st. delyn
	morrowind.esm       PGRD    vivec, st. olms
	morrowind.esm       PGRD    vivec, telvanni
	morrowind.esm       PGRD    vivec, temple
	tribunal.esm        LTEX    ai_clover
	tribunal.esm        LTEX    ai_dirt
	tribunal.esm        LTEX    ai_dirtroad
	tribunal.esm        LTEX    ai_grass
	tribunal.esm        LTEX    ai_grass_02
	tribunal.esm        LTEX    ai_grass_cobbles
	tribunal.esm        LTEX    ai_grass_dirt
	tribunal.esm        LTEX    ai_grass_rocky
	tribunal.esm        LTEX    ai_tilled_dirt
	tribunal.esm        LTEX    tx_ai_mainroad_01.tga
