Vurt's Grazelands Unique Trees.ESP: DUP-REC JUNKCEL MISSAUT MISSVER OVR-REC
    [JUNKCEL] Junk Cells:                        Flags
	Azura's Coast Region (10, 17)            0x02
	Azura's Coast Region (11, 17)            0x02
	Azura's Coast Region (12, 14)            0x06
	Azura's Coast Region (13, 5)             0x02
	Azura's Coast Region (14, 11)            0x02
	Azura's Coast Region (14, 12)            0x02
	Azura's Coast Region (15, 11)            0x02
	Azura's Coast Region (15, 7)             0x02
	Azura's Coast Region (15, 9)             0x02
	Grazelands Region (10, 7)                0x02
	Grazelands Region (11, 5)                0x02
	Grazelands Region (13, 6)                0x02
	Grazelands Region (13, 7)                0x02
	Sheogorad (7, 16)                        0x02
	Sheogorad (8, 17)                        0x02
    [OVR-REC] Overridden Records:
	From Master         Type    Name
	bloodmoon.esm       LTEX    ac_darkgravel
	bloodmoon.esm       LTEX    sand_02
	morrowind.esm       LAND    (10, 7)
	morrowind.esm       LAND    (14, 11)
	morrowind.esm       LAND    (15, 11)
	morrowind.esm       LAND    (8, 7)
	morrowind.esm       LAND    (9, 7)
	morrowind.esm       LTEX    ac_darkstone01
	morrowind.esm       LTEX    ac_darkstone02
	morrowind.esm       LTEX    ac_darkstone_grass
	morrowind.esm       LTEX    ac_dirt_grass_01
	morrowind.esm       LTEX    daedric stone
	morrowind.esm       LTEX    daedric_scrubruins
	morrowind.esm       LTEX    gl_dirt_02
	morrowind.esm       LTEX    gl_dirt_grass_02
	morrowind.esm       LTEX    gl_dirtroad
	morrowind.esm       LTEX    gl_grass_03
	morrowind.esm       LTEX    gl_grass_04
	morrowind.esm       LTEX    gl_grass_05
	morrowind.esm       LTEX    gl_rock_01
	morrowind.esm       LTEX    gl_rock_02
	morrowind.esm       LTEX    tx_ai_mudflats_01.tga
	morrowind.esm       LTEX    wg_scrub plain
	tribunal.esm        LTEX    rm_grayrock
	tribunal.esm        LTEX    rm_rock_01
