TDlists.ESP: DUP-REC MASTERS MISSAUT MISSDSC MISSVER OVR-REC
    MASTERS: out of sync with the masters installed in your Data Files directory:
	Tamriel_Data.esm             8787443 (plugin)   11064795 (installed size)
    [OVR-REC] Overridden Records:
	From Master         Type    Name
	bloodmoon.esm       CREA    bm_frost_boar
	bloodmoon.esm       CREA    bm_horker
	bloodmoon.esm       CREA    bm_horker_dead
	bloodmoon.esm       CREA    bm_horker_large
	bloodmoon.esm       CREA    bm_horker_swim_unique
	bloodmoon.esm       CREA    bm_riekling_mounted
	bloodmoon.esm       CREA    bm_udyrfrykte
	bloodmoon.esm       LEVI    bm_imperial guard random weapon
	bloodmoon.esm       LEVI    bm_random_nordhuntweap
	bloodmoon.esm       LEVI    bm_random_nordsilver
	bloodmoon.esm       LEVI    bm_random_reaver_helm
	bloodmoon.esm       LEVI    bm_randomboots_smugglers
	bloodmoon.esm       LEVI    bm_randomgreaves_smugglers
	bloodmoon.esm       LEVI    bm_randomhelmet_smugglers
	bloodmoon.esm       LEVI    bm_randomleft_smugglers
	bloodmoon.esm       LEVI    bm_randomright_smugglers
	bloodmoon.esm       LEVI    bm_randomwpn_smugglers
	bloodmoon.esm       LEVI    random_drinks_nord
	morrowind.esm       CREA    alit
	morrowind.esm       CREA    alit_blighted
	morrowind.esm       CREA    alit_diseased
	morrowind.esm       CREA    cliff racer
	morrowind.esm       CREA    cliff racer_blighted
	morrowind.esm       CREA    cliff racer_diseased
	morrowind.esm       CREA    guar
	morrowind.esm       CREA    guar_feral
	morrowind.esm       CREA    guar_llovyn_unique
	morrowind.esm       CREA    guar_pack
	morrowind.esm       CREA    guar_pack_tarvyn_unique
	morrowind.esm       CREA    guar_white_unique
	morrowind.esm       CREA    kagouti
	morrowind.esm       CREA    kagouti_blighted
	morrowind.esm       CREA    kagouti_diseased
	morrowind.esm       CREA    kagouti_hrk
	morrowind.esm       CREA    kagouti_mating
	morrowind.esm       CREA    kwama forager
	morrowind.esm       CREA    kwama forager blighted
	morrowind.esm       CREA    kwama forager_tb
	morrowind.esm       CREA    kwama queen_abaesen
	morrowind.esm       CREA    kwama queen_ahanibi
	morrowind.esm       CREA    kwama queen_akimaes
	morrowind.esm       CREA    kwama queen_eluba
	morrowind.esm       CREA    kwama queen_eretammus
	morrowind.esm       CREA    kwama queen_gnisis
	morrowind.esm       CREA    kwama queen_hairat
	morrowind.esm       CREA    kwama queen_hhem
	morrowind.esm       CREA    kwama queen_madas
	morrowind.esm       CREA    kwama queen_maesa
	morrowind.esm       CREA    kwama queen_matus
	morrowind.esm       CREA    kwama queen_mudan
	morrowind.esm       CREA    kwama queen_mudan_c
	morrowind.esm       CREA    kwama queen_panabanit
	morrowind.esm       CREA    kwama queen_sarimisun
	morrowind.esm       CREA    kwama queen_shurdan
	morrowind.esm       CREA    kwama queen_shurdan_c
	morrowind.esm       CREA    kwama queen_sinamusa
	morrowind.esm       CREA    kwama queen_zalkin
	morrowind.esm       CREA    kwama warrior
	morrowind.esm       CREA    kwama warrior blighted
	morrowind.esm       CREA    kwama warrior shurdan
	morrowind.esm       CREA    kwama worker
	morrowind.esm       CREA    kwama worker blighted
	morrowind.esm       CREA    kwama worker diseased
	morrowind.esm       CREA    kwama worker entrance
	morrowind.esm       LEVC    ex_azurascoast_lev+0
	morrowind.esm       LEVC    ex_azurascoast_lev+2
	morrowind.esm       LEVC    ex_azurascoast_lev-1
	morrowind.esm       LEVC    ex_azurascoast_sleep
	morrowind.esm       LEVC    ex_bittercoast_lev+0
	morrowind.esm       LEVC    ex_bittercoast_lev+2
	morrowind.esm       LEVC    ex_bittercoast_lev-1
	morrowind.esm       LEVC    ex_bittercoast_sleep
	morrowind.esm       LEVC    ex_grazelands_lev+0
	morrowind.esm       LEVC    ex_grazelands_lev+2
	morrowind.esm       LEVC    ex_grazelands_lev-1
	morrowind.esm       LEVC    ex_grazelands_sleep
	morrowind.esm       LEVC    ex_molagmar_lev+0
	morrowind.esm       LEVC    ex_molagmar_lev+2
	morrowind.esm       LEVC    ex_molagmar_lev-1
	morrowind.esm       LEVC    ex_molagmar_sleep
	morrowind.esm       LEVC    ex_sheogorad_lev+0
	morrowind.esm       LEVC    ex_sheogorad_lev+2
	morrowind.esm       LEVC    ex_sheogorad_lev-1
	morrowind.esm       LEVC    ex_sheogorad_sleep
	morrowind.esm       LEVC    ex_shore_all_lev+0
	morrowind.esm       LEVC    ex_shore_all_lev+2
	morrowind.esm       LEVC    ex_shore_all_lev-2
	morrowind.esm       LEVC    ex_westgash_lev+0
	morrowind.esm       LEVC    ex_westgash_lev+2
	morrowind.esm       LEVC    ex_westgash_lev-1
	morrowind.esm       LEVC    ex_westgash_sleep
	morrowind.esm       LEVC    ex_wild_all_lev+0
	morrowind.esm       LEVC    ex_wild_all_lev+2
	morrowind.esm       LEVC    ex_wild_all_lev-1
	morrowind.esm       LEVC    ex_wild_all_sleep
	morrowind.esm       LEVC    in_cave_all_lev+0
	morrowind.esm       LEVC    in_cave_all_lev+2
	morrowind.esm       LEVC    in_cave_all_lev-1
	morrowind.esm       LEVC    in_dae_all_lev+0
	morrowind.esm       LEVC    in_dae_all_lev+2
	morrowind.esm       LEVC    in_dae_all_lev-2
	morrowind.esm       LEVC    in_dae_clanfear_lev+0
	morrowind.esm       LEVC    in_dae_clanfear_lev+2
	morrowind.esm       LEVC    in_dae_clanfear_lev-2
	morrowind.esm       LEVC    in_dwe_all_lev+0
	morrowind.esm       LEVC    in_dwe_all_lev+2
	morrowind.esm       LEVC    in_dwe_all_lev-2
	morrowind.esm       LEVC    in_tomb_all_lev+0
	morrowind.esm       LEVC    in_tomb_all_lev+2
	morrowind.esm       LEVC    in_tomb_all_lev-2
	morrowind.esm       LEVC    in_tomb_bone_lev+0
	morrowind.esm       LEVC    in_tomb_bone_lev+2
	morrowind.esm       LEVC    in_tomb_bone_lev-2
	morrowind.esm       LEVC    in_tomb_skele_lev+0
	morrowind.esm       LEVC    in_tomb_skele_lev+2
	morrowind.esm       LEVC    in_tomb_skele_lev-2
	morrowind.esm       LEVI    l_m_potion
	morrowind.esm       LEVI    l_m_wpn_melee_axe
	morrowind.esm       LEVI    l_m_wpn_melee_blunt
	morrowind.esm       LEVI    l_m_wpn_melee_long blade
	morrowind.esm       LEVI    l_m_wpn_melee_short blade
	morrowind.esm       LEVI    l_m_wpn_melee_spear
	morrowind.esm       LEVI    l_m_wpn_missle_arrow
	morrowind.esm       LEVI    l_m_wpn_missle_bolt
	morrowind.esm       LEVI    l_n_armor_boots
	morrowind.esm       LEVI    l_n_armor_bracers
	morrowind.esm       LEVI    l_n_armor_cuirass
	morrowind.esm       LEVI    l_n_armor_gauntlet
	morrowind.esm       LEVI    l_n_armor_greaves
	morrowind.esm       LEVI    l_n_armor_helmet
	morrowind.esm       LEVI    l_n_armor_pauldron
	morrowind.esm       LEVI    l_n_armor_shields
	morrowind.esm       LEVI    l_n_wpn_melee_axe
	morrowind.esm       LEVI    l_n_wpn_melee_blunt
	morrowind.esm       LEVI    l_n_wpn_melee_long blade
	morrowind.esm       LEVI    l_n_wpn_melee_short blade
	morrowind.esm       LEVI    l_n_wpn_melee_spear
	morrowind.esm       LEVI    l_n_wpn_missle_arrow
	morrowind.esm       LEVI    l_n_wpn_missle_bolt
	morrowind.esm       LEVI    l_n_wpn_missle_bow
	morrowind.esm       LEVI    l_n_wpn_missle_thrown
	morrowind.esm       LEVI    l_n_wpn_missle_xbow
	morrowind.esm       LEVI    random ashlander weapon
	morrowind.esm       LEVI    random ebony weapon
	morrowind.esm       LEVI    random orcish armor
	morrowind.esm       LEVI    random_armor_bonemold
	morrowind.esm       LEVI    random_armor_chitin
	morrowind.esm       LEVI    random_armor_glass
	morrowind.esm       LEVI    random_armor_iron
	morrowind.esm       LEVI    random_armor_netch_leather
	morrowind.esm       LEVI    random_armor_steel
	morrowind.esm       LEVI    random_book_dunmer
	morrowind.esm       LEVI    random_book_imperial_dunmer
	morrowind.esm       LEVI    random_book_imperial_hlaalu
	morrowind.esm       LEVI    random_book_wizard_all
	morrowind.esm       LEVI    random_book_wizard_evil
	morrowind.esm       LEVI    random_de_blueware_01
	morrowind.esm       LEVI    random_de_cheapfood_01_nc
	morrowind.esm       LEVI    random_de_cheapfood_01_ne
	morrowind.esm       LEVI    random_de_pants
	morrowind.esm       LEVI    random_de_pos_01
	morrowind.esm       LEVI    random_de_pos_01_nc
	morrowind.esm       LEVI    random_de_robe
	morrowind.esm       LEVI    random_de_shirt
	morrowind.esm       LEVI    random_de_shoes_common
	morrowind.esm       LEVI    random_de_weapon
	morrowind.esm       LEVI    random_drinks_01
	morrowind.esm       LEVI    random_dwemer_armor
	morrowind.esm       LEVI    random_dwemer_weapon
	morrowind.esm       LEVI    random_food
	morrowind.esm       LEVI    random_gem
	morrowind.esm       LEVI    random_glass_weapon
	morrowind.esm       LEVI    random_golden_saint_shield
	morrowind.esm       LEVI    random_golden_saint_weapon
	morrowind.esm       LEVI    random_imp_armor
	morrowind.esm       LEVI    random_imp_weapon
	morrowind.esm       LEVI    random_ingredient
	morrowind.esm       LEVI    random_iron_weapon
	morrowind.esm       LEVI    random_loot_special_marksman
	morrowind.esm       LEVI    random_nordic_weapons
	morrowind.esm       LEVI    random_orcish_weapons
	morrowind.esm       LEVI    random_pos
	morrowind.esm       LEVI    random_scroll_all
	morrowind.esm       LEVI    random_silver_weapon
	morrowind.esm       LEVI    random_steel_weapon
	morrowind.esm       LEVI    random_weapon_melee_basic
	tamriel_data.esm    CREA    t_glb_und_lichgr_01
	tamriel_data.esm    CREA    t_glb_und_lichpl_01
	tamriel_data.esm    CREA    t_mw_fau_guards_01
	tamriel_data.esm    CREA    t_mw_fau_guarfrds_01
	tamriel_data.esm    CREA    t_mw_fau_guarhrn_01
	tamriel_data.esm    CREA    t_mw_fau_guarpackstray
	tamriel_data.esm    CREA    t_mw_fau_kagrn_01
	tamriel_data.esm    CREA    t_mw_fau_kwafrgds_01
	tamriel_data.esm    CREA    t_mw_fau_kwaqnds_01
	tamriel_data.esm    CREA    t_mw_fau_kwawrds_01
	tamriel_data.esm    CREA    t_sky_fau_boar_01
	tamriel_data.esm    CREA    t_sky_fau_boards_01
	tamriel_data.esm    CREA    t_sky_fau_horker_01
	tamriel_data.esm    CREA    t_sky_fau_horkerds_01
	tamriel_data.esm    CREA    t_sky_und_lichfr_01
	tamriel_data.esm    CREA    t_sky_und_lichfr_02
	tamriel_data.esm    CREA    t_sky_und_lichfr_03
	tamriel_data.esm    CREA    t_sky_und_lichfr_04
	tribunal.esm        CREA    lich
	tribunal.esm        CREA    lich_barilzar
	tribunal.esm        CREA    lich_profane_unique
	tribunal.esm        CREA    lich_relvel
	tribunal.esm        LEVC    in_tomb_all_lev_trib
