Tel Yana - The Aura Construct.ESP: DUP-INF DUP-REC FOGBUG JUNKCEL MASTERS MISSDSC MISSVER OVR-REC
    MASTERS: out of sync with the masters installed in your Data Files directory:
	Morrowind.esm               80640776 (plugin)   79837557 (installed size)
    [FOGBUG]: Cells with zero fog density setting:
	Ancestors Past
	Tel Yana, Waterway
    [JUNKCEL] Junk Cells:                        Flags
	Azura's Coast Region (10, 17)            0x02
	Azura's Coast Region (10, 18)            0x02
	Azura's Coast Region (9, 17)             0x02
	Azura's Coast Region (9, 18)             0x02
	Bitter Coast Region (-12, 1)             0x02
	Bitter Coast Region (-12, 2)             0x02
	Bitter Coast Region (-12, 3)             0x02
	Bitter Coast Region (-13, 1)             0x02
	Bitter Coast Region (-13, 2)             0x02
	Bitter Coast Region (-13, 3)             0x02
	Bitter Coast Region (-13, 4)             0x02
	Bitter Coast Region (-14, 2)             0x02
	Bitter Coast Region (-14, 4)             0x02
	Bitter Coast Region (-14, 5)             0x02
	Grazelands Region (10, 11)               0x02
	Grazelands Region (10, 12)               0x02
	Grazelands Region (9, 11)                0x02
	Grazelands Region (9, 12)                0x02
	Sheogorad (6, 19)                        0x02
	Sheogorad (6, 25)                        0x02
	Sheogorad (9, 20)                        0x02
	West Gash Region (-15, 7)                0x02
	West Gash Region (-16, 7)                0x02
	West Gash Region (-16, 8)                0x02
	Wilderness (-15, -8)                     0x02
    [DUP-REC] Duplicate Records:
	From Master         Type    Name
	bloodmoon.esm       CONT    com_sack_01_chpfood5
	bloodmoon.esm       CONT    com_sack_02_chpfood3
	bloodmoon.esm       CONT    com_sack_03
	bloodmoon.esm       INGR    ingred_bread_01
	bloodmoon.esm       MISC    misc_com_bottle_04
	bloodmoon.esm       MISC    misc_com_bottle_05
	bloodmoon.esm       MISC    misc_com_bottle_07
	bloodmoon.esm       MISC    misc_com_bottle_08
	bloodmoon.esm       MISC    misc_com_bottle_12
	bloodmoon.esm       MISC    misc_com_bucket_01
	bloodmoon.esm       MISC    misc_com_tankard_01
	bloodmoon.esm       MISC    misc_com_wood_bowl_02
	bloodmoon.esm       MISC    misc_com_wood_knife
	bloodmoon.esm       MISC    misc_de_drum_01
	morrowind.esm       ALCH    potion_comberry_brandy_01
	morrowind.esm       ALCH    potion_comberry_wine_01
	morrowind.esm       ALCH    potion_cyro_brandy_01
	morrowind.esm       ALCH    potion_cyro_whiskey_01
	morrowind.esm       ALCH    potion_local_liquor_01
	morrowind.esm       APPA    apparatus_a_mortar_01
	morrowind.esm       CONT    barrel_01_empty
	morrowind.esm       CONT    com_basket_01_chpfood5
	morrowind.esm       CONT    com_basket_01_empty
	morrowind.esm       CONT    com_sack_01
	morrowind.esm       CONT    com_sack_02_gold_05
	morrowind.esm       CONT    com_sack_03_chpfood5
	morrowind.esm       CONT    crate_01_empty
	morrowind.esm       CONT    urn_05
	morrowind.esm       INGR    ingred_human_meat_01
	morrowind.esm       LTEX    sand
	morrowind.esm       MISC    misc_com_wood_bowl_04
	morrowind.esm       MISC    misc_de_cloth10
	morrowind.esm       MISC    misc_de_cloth11
	morrowind.esm       MISC    misc_de_drum_02
	morrowind.esm       MISC    misc_de_lute_01
	morrowind.esm       STAT    ex_t_housepod_01
	morrowind.esm       STAT    in_dae_rubble_01a
	tribunal.esm        ALCH    potion_local_brew_01
	tribunal.esm        DOOR    ex_cave_door_01
	tribunal.esm        DOOR    ex_de_ship_cabindoor
	tribunal.esm        ENCH    viper_enu
	tribunal.esm        MISC    misc_com_bottle_10
	tribunal.esm        MISC    misc_com_bottle_13
	tribunal.esm        MISC    misc_com_bottle_14
	tribunal.esm        MISC    misc_com_bottle_15
    [OVR-REC] Overridden Records:
	From Master         Type    Name
	bloodmoon.esm       LTEX    ac_darkgravel
	bloodmoon.esm       LTEX    sand_02
	morrowind.esm       CREA    centurion_spider_nchur
	morrowind.esm       LAND    (18, 3)
	morrowind.esm       LAND    (18, 4)
	morrowind.esm       LAND    (6, 26)
	morrowind.esm       LTEX    ac_darkstone01
	morrowind.esm       LTEX    ac_darkstone02
	morrowind.esm       LTEX    ac_darkstone_grass
	morrowind.esm       LTEX    ac_dirt_01
	morrowind.esm       LTEX    ac_dirt_grass_01
	morrowind.esm       LTEX    ac_dirt_grass_02
	morrowind.esm       LTEX    ac_dirtroad_01
	morrowind.esm       LTEX    ac_roundstone
	morrowind.esm       LTEX    ac_scrubplain_01
	morrowind.esm       LTEX    ac_scrubplain_02
	morrowind.esm       LTEX    tx_ai_mudflats_01.tga
	morrowind.esm       LTEX    wg_scrub plain
	tribunal.esm        CREA    centurion_spider
	tribunal.esm        DIAL    greeting 5

[DUP-INF]: ID=3375742770827395(Greeting:greeting 5)
  |DATA|ONAM:omesu hlarys|NAME:I don't get paid to answer questions.|BNAM:goodbye

[DUP-INF]: ID=10846297472227562(Greeting:greeting 5)
  |DATA|ONAM:ronerelie philulanie|NAME:You can look, but don't touch. Yes, it's all Dwarf-make. And it belongs to Master Aryon. So keep your hands to yourself.|BNAM:goodbye

[DUP-INF]: ID=19115280293018318990(Greeting:greeting 5)
  |DATA|ONAM:hloris farano|NAME:Welcome to the Sadrith Mora Temple. No... we are not Telvanni wizards. Look, I wear the vestments of the Temple. Though I understand your confusion. It is rather dark in here. And cramped. And it certainly doesn't look like a Temple, does it? But we do offers the standard Temple services here.|SCVR:01630|INTV:
