Temple Master (2).ESP: DUP-REC MENUMOD MISSVER OVR-REC
    [MENUMOD] Scripts not checking menumode:
	SCPT(mdTemp_Ulms_s)
	SCPT(mdTemp_expansionWait_s)
	SCPT(mdTemp_expansion_s)
	SCPT(mdTemp_healerPotionWait_s)
	SCPT(mdTemp_hostelWait2_s)
	SCPT(mdTemp_hostelWait_s)
	SCPT(mdTemp_hostel_s)
	SCPT(mdTemp_hostellerSovor_s)
	SCPT(mdTemp_investmentsRUN_s)
	SCPT(mdTemp_investments_s)
	SCPT(mdTemp_pilgrimSpawnerRelic_s)
	SCPT(mdTemp_pilgrimSpawnerShrine_s)
	SCPT(mdTemp_pilgrim_s)
	SCPT(mdTemp_relicWait_s)
	SCPT(mdTemp_shrineElynu_s)
	SCPT(mdTemp_shrineWait_s)
	SCPT(mdTemp_shrine_s)
    [OVR-REC] Overridden Records:
	From Master         Type    Name
	bloodmoon.esm       DIAL    orders
	morrowind.esm       DIAL    avon oran
	morrowind.esm       DIAL    fields of kummu
	morrowind.esm       DIAL    potions
	morrowind.esm       DIAL    suran
	morrowind.esm       NPC_    elynu saren
	morrowind.esm       PGRD    suran, suran temple
	tribunal.esm        DIAL    advancement
	tribunal.esm        DIAL    background
	tribunal.esm        DIAL    duties
	tribunal.esm        DIAL    greeting 1
