The Hostiles for Bloodmoon.esp: DUP-REC OVR-REC
    [OVR-REC] Overridden Records:
	From Master         Type    Name
	bloodmoon.esm       LEVC    bm_ex_felcoast_60
	bloodmoon.esm       LEVC    bm_ex_felcoast_sleep
	bloodmoon.esm       LEVC    bm_ex_hirforest
	bloodmoon.esm       LEVC    bm_ex_hirforest_40
	bloodmoon.esm       LEVC    bm_ex_hirforest_60
	bloodmoon.esm       LEVC    bm_ex_hirforest_sleep
	bloodmoon.esm       LEVC    bm_ex_isinplains
	bloodmoon.esm       LEVC    bm_ex_isinplains_40
	bloodmoon.esm       LEVC    bm_ex_isinplains_60
	bloodmoon.esm       LEVC    bm_ex_isinplains_sleep
	bloodmoon.esm       LEVC    bm_ex_moemountains
	bloodmoon.esm       LEVC    bm_ex_moemountains_40
	bloodmoon.esm       LEVC    bm_ex_moemountains_60
	bloodmoon.esm       LEVC    bm_ex_moemountains_sleep
	bloodmoon.esm       LEVC    bm_ex_reaver_archers
	bloodmoon.esm       LEVC    bm_ex_smugglers
	bloodmoon.esm       LEVC    bm_in_berserker_40
	bloodmoon.esm       LEVC    bm_in_berserker_60
	bloodmoon.esm       LEVC    bm_in_nordburial
	bloodmoon.esm       LEVC    bm_in_nordburial_40
	bloodmoon.esm       LEVC    bm_in_nordburial_60
