The Great Scathes.ESP: DUP-REC MISSAUT MISSDSC MISSVER OVR-REC
    [DUP-REC] Duplicate Records:
	From Master         Type    Name
	tribunal.esm        LTEX    rm_rock_01
	tribunal.esm        LTEX    rock_coastal
    [OVR-REC] Overridden Records:
	From Master         Type    Name
	bloodmoon.esm       LTEX    ac_darkgravel
	bloodmoon.esm       LTEX    sand_02
	morrowind.esm       LAND    (10, -2)
	morrowind.esm       LAND    (10, 2)
	morrowind.esm       LAND    (10, 3)
	morrowind.esm       LAND    (11, 2)
	morrowind.esm       LAND    (11, 3)
	morrowind.esm       LAND    (12, 0)
	morrowind.esm       LAND    (13, 0)
	morrowind.esm       LAND    (13, 1)
	morrowind.esm       LAND    (14, -1)
	morrowind.esm       LAND    (14, -7)
	morrowind.esm       LAND    (14, -8)
	morrowind.esm       LAND    (14, 0)
	morrowind.esm       LAND    (14, 1)
	morrowind.esm       LAND    (15, -1)
	morrowind.esm       LAND    (15, -7)
	morrowind.esm       LAND    (15, -8)
	morrowind.esm       LAND    (15, 0)
	morrowind.esm       LAND    (2, -2)
	morrowind.esm       LAND    (3, -2)
	morrowind.esm       LAND    (3, -3)
	morrowind.esm       LAND    (4, -2)
	morrowind.esm       LAND    (4, -3)
	morrowind.esm       LAND    (5, -2)
	morrowind.esm       LAND    (5, -3)
	morrowind.esm       LAND    (6, -3)
	morrowind.esm       LAND    (7, -1)
	morrowind.esm       LAND    (7, -2)
	morrowind.esm       LAND    (7, -4)
	morrowind.esm       LAND    (7, -5)
	morrowind.esm       LAND    (7, -8)
	morrowind.esm       LAND    (7, -9)
	morrowind.esm       LAND    (7, 0)
	morrowind.esm       LAND    (8, -1)
	morrowind.esm       LAND    (8, -2)
	morrowind.esm       LAND    (8, -4)
	morrowind.esm       LAND    (8, -6)
	morrowind.esm       LAND    (8, -7)
	morrowind.esm       LAND    (8, -8)
	morrowind.esm       LAND    (8, -9)
	morrowind.esm       LAND    (9, -1)
	morrowind.esm       LAND    (9, -2)
	morrowind.esm       LAND    (9, 0)
	morrowind.esm       LTEX    ac_darkstone01
	morrowind.esm       LTEX    ac_darkstone02
	morrowind.esm       LTEX    ai_mudflats_01.tga
	morrowind.esm       LTEX    al_ash_01
	morrowind.esm       LTEX    daedric stone
	morrowind.esm       LTEX    daedric_scrubruins
	morrowind.esm       LTEX    lavacrust02.tga
	morrowind.esm       LTEX    ma_crackedearth
	morrowind.esm       LTEX    ma_lava
	morrowind.esm       LTEX    ma_lava02
	morrowind.esm       LTEX    ma_lava03
	morrowind.esm       LTEX    ma_lava04
	morrowind.esm       LTEX    ma_lava05
	morrowind.esm       LTEX    ma_lava06
	morrowind.esm       LTEX    ma_lavacrust.tga
	morrowind.esm       LTEX    ma_lavaflow
	morrowind.esm       LTEX    ma_lavarock
	morrowind.esm       LTEX    ma_rock04
	morrowind.esm       LTEX    ma_sulphur_rock01
	morrowind.esm       LTEX    ma_sulphur_rock02
	morrowind.esm       LTEX    ma_sulphur_rock03
	morrowind.esm       LTEX    ma_sulphur_rock05
	morrowind.esm       LTEX    ma_sulphur_rock06
	morrowind.esm       LTEX    ma_sulphur_rock07
	morrowind.esm       LTEX    ma_sulphur_rock08
	morrowind.esm       LTEX    ma_sulphur_rock09
	morrowind.esm       LTEX    rm_rock_02
	morrowind.esm       LTEX    tx_ai_mudflats_01.tga
	morrowind.esm       LTEX    tx_land_darkstone01.tga
	tribunal.esm        LTEX    ai_dirt
	tribunal.esm        LTEX    rm_grayrock
