The Rise of the Tribe Unmourned.esp: DUP-REC MENUMOD MISSVER OVR-REC
    [MENUMOD] Scripts not checking menumode:
	SCPT(CS_AnteNoRunScript)
	SCPT(CS_AzariaScript1)
	SCPT(CS_AzariaScript2)
	SCPT(CS_AzariaScript3)
	SCPT(CS_AzariaScript4)
	SCPT(CS_AzariaScript5)
	SCPT(CS_AzariaScript6)
	SCPT(CS_AzariaScript7)
	SCPT(CS_BladesDoorScript)
	SCPT(CS_BthCaveInScript)
	SCPT(CS_BthHoleNoWalkScript)
	SCPT(CS_BthHoleWalkScript)
	SCPT(CS_BthanchendMusicScript1)
	SCPT(CS_BthanchendMusicScript2)
	SCPT(CS_ColossusDoorScript)
	SCPT(CS_ColossusNoRunScript)
	SCPT(CS_ColossusScript)
	SCPT(CS_CtulacScript)
	SCPT(CS_DipsScript)
	SCPT(CS_DresAmbScript)
	SCPT(CS_DresChestScript)
	SCPT(CS_DresNPCScript)
	SCPT(CS_EnchantedDoorScript)
	SCPT(CS_EnterSHBase)
	SCPT(CS_FBDoorScript)
	SCPT(CS_FakeAntedateScript)
	SCPT(CS_FourthToolScript)
	SCPT(CS_HlarenScript)
	SCPT(CS_JacyinthScript1)
	SCPT(CS_JacyinthScript2)
	SCPT(CS_JacyinthScript3)
	SCPT(CS_JacyinthScript4)
	SCPT(CS_JacyinthWait01)
	SCPT(CS_JacyinthWait02)
	SCPT(CS_JacyinthWait03)
	SCPT(CS_KalDoorScript)
	SCPT(CS_KalOutpost)
	SCPT(CS_KalorterScript)
	SCPT(CS_KhakurtDoorScript)
	SCPT(CS_NulfagaOutpost)
	SCPT(CS_NulfagaScript)
	SCPT(CS_PastScript1)
	SCPT(CS_PastScript2)
	SCPT(CS_PastScript3)
	SCPT(CS_PastScript4)
	SCPT(CS_PastScript5)
	SCPT(CS_PastScript6)
	SCPT(CS_PoisonScript1)
	SCPT(CS_PoisonScript2)
	SCPT(CS_PortalScript1)
	SCPT(CS_PortalScript2)
	SCPT(CS_RTUStart)
	SCPT(CS_RithleenDoorScript)
	SCPT(CS_RithleenOutpost)
	SCPT(CS_RithleenScript)
	SCPT(CS_SHPassword)
	SCPT(CS_ShrineDiscover)
	SCPT(CS_SpymasterDoor)
	SCPT(CS_TeroisScript1)
	SCPT(CS_TeroisScript2)
	SCPT(CS_VedranScript1)
	SCPT(CS_VedranScript2)
	SCPT(CS_VedranScript3)
	SCPT(CS_VuhonDoorScript)
	SCPT(CS_VuhonOutpost1)
	SCPT(CS_VuhonOutpost2)
	SCPT(CS_VuhonScript1)
	SCPT(CS_VuhonScript2)
	SCPT(CS_VuhonScript3)
	SCPT(CS_YakovDoorScript)
	SCPT(CS_YazzuratDoorScript)
	SCPT(CS_ZohraDoorScript)
	SCPT(CS_ZohraScript)
	SCPT(CS_ZuraScript)
    [DUP-REC] Duplicate Records:
	From Master         Type    Name
	tribunal.esm        LTEX    rock_coastal
    [OVR-REC] Overridden Records:
	From Master         Type    Name
	bloodmoon.esm       DIAL    blades
	bloodmoon.esm       DIAL    flee
	bloodmoon.esm       LTEX    sand_02
	morrowind.esm       DIAL    altmer
	morrowind.esm       DIAL    blades trainers
	morrowind.esm       DIAL    caius cosades
	morrowind.esm       DIAL    discuss
	morrowind.esm       DIAL    sixth house
	morrowind.esm       LAND    (16, 9)
	morrowind.esm       LAND    (2, -13)
	morrowind.esm       LAND    (2, -14)
	morrowind.esm       LAND    (3, -13)
	morrowind.esm       LAND    (3, -14)
	morrowind.esm       LTEX    ac_darkstone01
	morrowind.esm       LTEX    ac_darkstone02
	morrowind.esm       LTEX    ac_darkstone_grass
	morrowind.esm       LTEX    tx_ai_mudflats_01.tga
	morrowind.esm       LTEX    wg_scrub plain
	morrowind.esm       NPC_    brerayne raloran
	morrowind.esm       NPC_    dranas sarathram
	morrowind.esm       NPC_    fendel hlaren
	morrowind.esm       NPC_    ilden mirel
	morrowind.esm       NPC_    kalorter
	morrowind.esm       NPC_    vedran balen
	morrowind.esm       NPC_    yakov
	morrowind.esm       PGRD    ashlands region
	morrowind.esm       PGRD    bal fell
	morrowind.esm       PGRD    bthanchend
	tribunal.esm        DIAL    attack
	tribunal.esm        DIAL    background
	tribunal.esm        DIAL    greeting 0
	tribunal.esm        DIAL    greeting 5
	tribunal.esm        DIAL    hello
	tribunal.esm        DIAL    hit
	tribunal.esm        DIAL    idle
	tribunal.esm        DIAL    little secret
	tribunal.esm        DIAL    nerevarine
	tribunal.esm        DIAL    services
	tribunal.esm        DIAL    someone in particular
	tribunal.esm        LTEX    ai_clover
	tribunal.esm        LTEX    ai_dirt
	tribunal.esm        LTEX    ai_dirtroad
	tribunal.esm        LTEX    ai_grass
	tribunal.esm        LTEX    ai_grass_02
	tribunal.esm        LTEX    ai_grass_cobbles
	tribunal.esm        LTEX    ai_grass_dirt
	tribunal.esm        LTEX    ai_grass_rocky
