The_Maniac_s_Mansion.esp: DUP-INF DUP-REC MASTERS MENUMOD MISSVER OVR-REC
    MASTERS: out of sync with the masters installed in your Data Files directory:
	OAAB_Data.esm                1269934 (plugin)    1567893 (installed size)
    [MENUMOD] Scripts not checking menumode:
	SCPT(NV_AddTopic_Cell)
	SCPT(NV_Amulet_Island_Script)
	SCPT(NV_Jiira_Script)
	SCPT(NV_MM_Buttons_01)
	SCPT(NV_MM_Buttons_02)
	SCPT(NV_MM_Buttons_03)
	SCPT(NV_MM_Buttons_04)
	SCPT(NV_MM_Buttons_05)
	SCPT(NV_MM_SecretWall)
	SCPT(NV_Portal_Island_Script)
	SCPT(NV_R_Cell_Door_Script)
	SCPT(NV_R_House_Door_Script)
	SCPT(NV_Rongil_Script)
	SCPT(NV_Sotha_Steam)
	SCPT(NV_TeleportSet_Book)
    [OVR-REC] Overridden Records:
	From Master         Type    Name
	tribunal.esm        DIAL    greeting 1

[DUP-INF]: ID=533715946135262563(Greeting:greeting 1)
  |DATA|ONAM:bm_bathmar|NAME:[Bathmar plays his lute and sings the praises of the new chieftain of Thirsk] In the cave she met the beast, and cut quite short its evil feast! And when the Udyrfrykte did fall, the chieftain came and claimed her hall! The danger gone the mead did flow, and everyone at Thirsk did know, that %PCName would rule great Thirsk until the end of time!|SCVR:01440|INTV:

[DUP-INF]: ID=30285135411208018450(Greeting:greeting 1)
  |DATA|ONAM:bm_bergljot|NAME:All hail the new sheeftain of Thirshk! *burp!* Becaushe of you, the mead hall ish open again! Here'sh to your health! *burp!*
