the_watchman.ESP: DUP-INF DUP-REC MASTERS MISSAUT MISSDSC MISSVER OVR-REC
    MASTERS: out of sync with the masters installed in your Data Files directory:
	OAAB_Data.esm                1102885 (plugin)    1567893 (installed size)
    [DUP-REC] Duplicate Records:
	From Master         Type    Name
	bloodmoon.esm       BOOK    bk_mixedunittactics
	bloodmoon.esm       MISC    misc_quill
	bloodmoon.esm       STAT    furn_de_rug_big_01
	morrowind.esm       BOOK    bk_mysticism
	morrowind.esm       BOOK    bk_specialfloraoftamriel
	morrowind.esm       BOOK    bk_truenoblescode
	morrowind.esm       BOOK    bk_words_of_the_wind
	morrowind.esm       BOOK    bookskill_hand to hand1
	morrowind.esm       BOOK    bookskill_hand to hand5
	morrowind.esm       BOOK    bookskill_light armor2
	morrowind.esm       BOOK    bookskill_medium armor2
	morrowind.esm       BOOK    bookskill_medium armor3
	morrowind.esm       MISC    misc_uni_pillow_02
	morrowind.esm       STAT    furn_de_ex_table_03
	morrowind.esm       STAT    furn_log_04
	morrowind.esm       STAT    furn_redoran_hearth_02
	morrowind.esm       STAT    furn_redoran_shelf2_01
	morrowind.esm       STAT    in_redoran_hut_01
	morrowind.esm       STAT    in_redoran_hut_bfloor_01
	morrowind.esm       STAT    in_redoran_hut_topfloor_01
	morrowind.esm       WEAP    steel spear
	oaab_data.esm       LIGH    ab_light_delantpapergrn01_256
	oaab_data.esm       MISC    ab_misc_bone
	oaab_data.esm       STAT    ab_furn_ropehang01
    [OVR-REC] Overridden Records:
	From Master         Type    Name
	tribunal.esm        DIAL    greeting 5

[DUP-INF]: ID=1288227500790714973(Greeting:greeting 5)
  |DATA|ONAM:gindrala hleran|NAME:Pardon me. But there's a very strange man in my house, and he won't leave. Will you go get him out of there, please?|SCVR:04JX3A2_2_6thHouse|INTV:2|SCVR:16DX0dreamer_02|INTV:
