TR_Firemoth_Vanilla_patch.esp: DUP-REC MASTERS MISSVER OVR-REC
    MASTERS: out of sync with the masters installed in your Data Files directory:
	Tamriel_Data.esm            10684550 (plugin)   11064795 (installed size)
	TR_Mainland.esm            163703637 (plugin)  163244128 (installed size)
    [DUP-REC] Duplicate Records:
	From Master         Type    Name
	tr_mainland.esm     LTEX    sand
    [OVR-REC] Overridden Records:
	From Master         Type    Name
	bloodmoon.esm       LTEX    sand_02
	bloodmoon.esm       LTEX    tx_bc_rock_03.tga
	morrowind.esm       LAND    (-5, -9)
	morrowind.esm       LAND    (-6, -10)
	morrowind.esm       LAND    (-6, -11)
	morrowind.esm       LAND    (-6, -8)
	morrowind.esm       LAND    (-6, -9)
	morrowind.esm       LAND    (-7, -10)
	morrowind.esm       LAND    (-7, -11)
	morrowind.esm       LAND    (-7, -8)
	morrowind.esm       LAND    (-7, -9)
	morrowind.esm       LAND    (-8, -10)
	morrowind.esm       LAND    (-8, -11)
	morrowind.esm       LAND    (-8, -8)
	morrowind.esm       LAND    (-8, -9)
	morrowind.esm       LAND    (-9, -10)
	morrowind.esm       LAND    (-9, -11)
	morrowind.esm       LAND    (-9, -12)
	morrowind.esm       LAND    (-9, -8)
	morrowind.esm       LAND    (-9, -9)
	tr_mainland.esm     LAND    (-6, -12)
	tr_mainland.esm     LAND    (-7, -12)
	tr_mainland.esm     LAND    (-8, -12)
	tr_mainland.esm     LTEX    al_ash_01
	tr_mainland.esm     LTEX    al_ash_02
	tr_mainland.esm     LTEX    al_ash_03
	tr_mainland.esm     LTEX    al_ash_04
	tr_mainland.esm     LTEX    al_road_01
	tr_mainland.esm     LTEX    ma_crackedearth
	tr_mainland.esm     LTEX    ma_lava02
	tr_mainland.esm     LTEX    ma_lava03
	tr_mainland.esm     LTEX    ma_lava04
	tr_mainland.esm     LTEX    ma_lava05
	tr_mainland.esm     LTEX    ma_lava06
	tr_mainland.esm     LTEX    ma_lavacrust.tga
	tr_mainland.esm     LTEX    ma_lavaflow
	tr_mainland.esm     LTEX    ma_lavaridge
	tr_mainland.esm     LTEX    ma_lavarock
	tr_mainland.esm     LTEX    ma_rock04
	tr_mainland.esm     LTEX    ma_sulphur_rock01
	tr_mainland.esm     LTEX    ma_sulphur_rock02
	tr_mainland.esm     LTEX    ma_sulphur_rock03
	tr_mainland.esm     LTEX    ma_sulphur_rock05
	tr_mainland.esm     LTEX    ma_sulphur_rock06
	tr_mainland.esm     LTEX    ma_sulphur_rock07
	tr_mainland.esm     LTEX    ma_sulphur_rock08
	tr_mainland.esm     LTEX    ma_sulphur_rock09
	tr_mainland.esm     LTEX    tx_bc_bank.tga
	tr_mainland.esm     LTEX    tx_bc_muck.tga
	tr_mainland.esm     LTEX    tx_bc_mud.tga
	tr_mainland.esm     LTEX    tx_bc_rock_01.tga
