TR_Firemoth.esm: DUP-REC JUNKCEL MASTERS MISSAUT MISSDSC MISSVER OVR-REC
    MASTERS: out of sync with the masters installed in your Data Files directory:
	Tamriel_Data.esm            10902394 (plugin)   11064795 (installed size)
    [JUNKCEL] Junk Cells:                        Flags
	Bitter Coast Region (-8, -8)             0x02
	Bitter Coast Region (-9, -8)             0x02
    [DUP-REC] Duplicate Records:
	From Master         Type    Name
	morrowind.esm       LTEX    rm_rock_01
	morrowind.esm       LTEX    road dirt
	morrowind.esm       LTEX    rock_coastal
	morrowind.esm       LTEX    sand
	tamriel_data.esm    ARMO    t_imp_navyoff_bracerl_01
	tamriel_data.esm    ARMO    t_imp_navyoff_helmet_01
	tamriel_data.esm    ARMO    t_imp_navyoff_pauldronl_01
	tamriel_data.esm    LTEX    t_mw_terrgrass_01
	tamriel_data.esm    STAT    t_imp_legionmw_x_towerbase
    [OVR-REC] Overridden Records:
	From Master         Type    Name
	bloodmoon.esm       LTEX    ac_darkgravel
	bloodmoon.esm       LTEX    rm_rock_03
	bloodmoon.esm       LTEX    sand_02
	bloodmoon.esm       LTEX    tx_bc_rock_03.tga
	bloodmoon.esm       LTEX    tx_bm_rock_02.dds
	bloodmoon.esm       LTEX    wg_road
	morrowind.esm       LAND    (-6, -10)
	morrowind.esm       LAND    (-6, -11)
	morrowind.esm       LAND    (-6, -12)
	morrowind.esm       LAND    (-6, -9)
	morrowind.esm       LAND    (-7, -10)
	morrowind.esm       LAND    (-7, -11)
	morrowind.esm       LAND    (-7, -12)
	morrowind.esm       LAND    (-7, -9)
	morrowind.esm       LAND    (-8, -10)
	morrowind.esm       LAND    (-8, -11)
	morrowind.esm       LAND    (-8, -12)
	morrowind.esm       LAND    (-8, -8)
	morrowind.esm       LAND    (-8, -9)
	morrowind.esm       LAND    (-9, -10)
	morrowind.esm       LAND    (-9, -11)
	morrowind.esm       LAND    (-9, -12)
	morrowind.esm       LAND    (-9, -8)
	morrowind.esm       LAND    (-9, -9)
	morrowind.esm       LTEX    ac_darkstone01
	morrowind.esm       LTEX    ac_darkstone02
	morrowind.esm       LTEX    ac_darkstone_grass
	morrowind.esm       LTEX    ac_dirt_01
	morrowind.esm       LTEX    ac_dirt_grass_01
	morrowind.esm       LTEX    ac_dirt_grass_02
	morrowind.esm       LTEX    ac_roundstone
	morrowind.esm       LTEX    ai_mudflats_01.tga
	morrowind.esm       LTEX    al_ash_01
	morrowind.esm       LTEX    al_ash_04
	morrowind.esm       LTEX    daedric stone
	morrowind.esm       LTEX    daedric_scrubruins
	morrowind.esm       LTEX    gl_rock_02
	morrowind.esm       LTEX    ma_crackedearth
	morrowind.esm       LTEX    ma_lava
	morrowind.esm       LTEX    ma_lava02
	morrowind.esm       LTEX    ma_lava03
	morrowind.esm       LTEX    ma_lava04
	morrowind.esm       LTEX    ma_lava05
	morrowind.esm       LTEX    ma_lava06
	morrowind.esm       LTEX    ma_lavacrust.tga
	morrowind.esm       LTEX    ma_lavaflow
	morrowind.esm       LTEX    ma_lavaridge
	morrowind.esm       LTEX    ma_lavarock
	morrowind.esm       LTEX    ma_rock04
	morrowind.esm       LTEX    ma_sandstone02
	morrowind.esm       LTEX    ma_sulphur_rock01
	morrowind.esm       LTEX    ma_sulphur_rock02
	morrowind.esm       LTEX    ma_sulphur_rock03
	morrowind.esm       LTEX    ma_sulphur_rock05
	morrowind.esm       LTEX    ma_sulphur_rock06
	morrowind.esm       LTEX    ma_sulphur_rock07
	morrowind.esm       LTEX    ma_sulphur_rock09
	morrowind.esm       LTEX    tx_ai_mudflats_01.tga
	morrowind.esm       LTEX    tx_bc_bank.tga
	morrowind.esm       LTEX    tx_bc_dirt.tga
	morrowind.esm       LTEX    tx_bc_grass.tga
	morrowind.esm       LTEX    tx_bc_mainroad_01.tga
	morrowind.esm       LTEX    tx_bc_moss.tga
	morrowind.esm       LTEX    tx_bc_muck.tga
	morrowind.esm       LTEX    tx_bc_muck_01.tga
	morrowind.esm       LTEX    tx_bc_mud.tga
	morrowind.esm       LTEX    tx_bc_rock_01.tga
	morrowind.esm       LTEX    tx_bc_rock_02.tga
	morrowind.esm       LTEX    tx_bc_rock_04.tga
	morrowind.esm       LTEX    tx_bc_rockyscrub.tga
	morrowind.esm       LTEX    tx_bc_undergrowth.tga
	morrowind.esm       LTEX    tx_rm_grayrock_01.tga
	morrowind.esm       LTEX    tx_rocky_mt.tga
	morrowind.esm       LTEX    tx_rockyscrub_01.tga
	morrowind.esm       LTEX    wg_cobblestones
	morrowind.esm       LTEX    wg_dirtscrub
	morrowind.esm       LTEX    wg_mainroad_01
	morrowind.esm       LTEX    wg_rock
	morrowind.esm       LTEX    wg_rockydirt
	morrowind.esm       LTEX    wg_rockyscrub
	morrowind.esm       LTEX    wg_scrub plain
	tamriel_data.esm    LTEX    t_cyr_terrmudrivergc_01
	tamriel_data.esm    LTEX    t_cyr_terrrockch_01
	tamriel_data.esm    LTEX    t_cyr_terrrockgc_01
	tamriel_data.esm    LTEX    t_de_setind_txcobblestone_02
	tamriel_data.esm    LTEX    t_glb_terrwater_01
	tamriel_data.esm    LTEX    t_imp_setgc_txfloor_01
	tamriel_data.esm    LTEX    t_mw_terrdirtgrassat
	tamriel_data.esm    LTEX    t_mw_terrdirtrocksh
	tamriel_data.esm    LTEX    t_mw_terrdirtrocktv
	tamriel_data.esm    LTEX    t_mw_terrdirtrr
	tamriel_data.esm    LTEX    t_mw_terrdirttv
	tamriel_data.esm    LTEX    t_mw_terrgrassalma_01
	tamriel_data.esm    LTEX    t_mw_terrgrassmosstv
	tamriel_data.esm    LTEX    t_mw_terrroadtv
	tamriel_data.esm    LTEX    t_mw_terrrockaj_01
	tamriel_data.esm    LTEX    t_mw_terrrockaj_02
	tamriel_data.esm    LTEX    t_mw_terrrockrr_01
	tamriel_data.esm    LTEX    t_mw_terrrockrr_02
	tamriel_data.esm    LTEX    t_mw_terrrockrr_03
	tamriel_data.esm    LTEX    t_mw_terrrocksh_01
	tamriel_data.esm    LTEX    t_mw_terrrocksh_02
	tamriel_data.esm    LTEX    t_mw_terrscrubrr
	tamriel_data.esm    LTEX    t_nor_set_txcobblestone_01
	tamriel_data.esm    LTEX    t_sky_terrdeadgrass_02
	tamriel_data.esm    LTEX    t_sky_terrdirtre_01
	tamriel_data.esm    LTEX    t_sky_terrdirtre_05
	tamriel_data.esm    LTEX    t_sky_terrdirtsnw_01
	tamriel_data.esm    LTEX    t_sky_terrdirtsnwre_01
	tamriel_data.esm    LTEX    t_sky_terrgrasssnwre_02
	tamriel_data.esm    LTEX    t_sky_terrrockem_01
	tamriel_data.esm    LTEX    t_sky_terrrocksnwre_02
	tamriel_data.esm    LTEX    t_sky_terrrocksnwre_03
	tamriel_data.esm    LTEX    t_sky_terrseaweed_02
	tamriel_data.esm    LTEX    t_sky_terrseaweed_03
	tamriel_data.esm    LTEX    t_sky_terrseaweedsnow_01
	tamriel_data.esm    LTEX    t_sky_terrseaweedsnow_02
	tribunal.esm        LTEX    ai_clover
	tribunal.esm        LTEX    ai_dirt
	tribunal.esm        LTEX    ai_dirtroad
	tribunal.esm        LTEX    ai_grass
	tribunal.esm        LTEX    ai_grass_02
	tribunal.esm        LTEX    ai_grass_cobbles
	tribunal.esm        LTEX    ai_grass_dirt
	tribunal.esm        LTEX    ai_grass_rocky
	tribunal.esm        LTEX    ai_tilled_dirt
	tribunal.esm        LTEX    rm_grayrock
