Trackless Grazeland.ESP: DUP-REC NUMRECS OVR-REC
    [NUMRECS]: number of records in TES3.HEDR (74) != Actual count (73)
    [DUP-REC] Duplicate Records:
	From Master         Type    Name
	morrowind.esm       LTEX    sand
	tribunal.esm        LTEX    rm_rock_01
    [OVR-REC] Overridden Records:
	From Master         Type    Name
	bloodmoon.esm       LTEX    sand_02
	morrowind.esm       LAND    (10, 10)
	morrowind.esm       LAND    (10, 11)
	morrowind.esm       LAND    (10, 12)
	morrowind.esm       LAND    (10, 13)
	morrowind.esm       LAND    (10, 15)
	morrowind.esm       LAND    (10, 16)
	morrowind.esm       LAND    (10, 8)
	morrowind.esm       LAND    (10, 9)
	morrowind.esm       LAND    (11, 12)
	morrowind.esm       LAND    (11, 13)
	morrowind.esm       LAND    (11, 16)
	morrowind.esm       LAND    (11, 8)
	morrowind.esm       LAND    (11, 9)
	morrowind.esm       LAND    (12, 8)
	morrowind.esm       LAND    (12, 9)
	morrowind.esm       LAND    (13, 8)
	morrowind.esm       LAND    (13, 9)
	morrowind.esm       LAND    (14, 8)
	morrowind.esm       LAND    (14, 9)
	morrowind.esm       LAND    (8, 10)
	morrowind.esm       LAND    (8, 11)
	morrowind.esm       LAND    (8, 12)
	morrowind.esm       LAND    (8, 13)
	morrowind.esm       LAND    (8, 14)
	morrowind.esm       LAND    (8, 15)
	morrowind.esm       LAND    (8, 16)
	morrowind.esm       LAND    (8, 5)
	morrowind.esm       LAND    (8, 8)
	morrowind.esm       LAND    (9, 10)
	morrowind.esm       LAND    (9, 11)
	morrowind.esm       LAND    (9, 12)
	morrowind.esm       LAND    (9, 13)
	morrowind.esm       LAND    (9, 14)
	morrowind.esm       LAND    (9, 15)
	morrowind.esm       LAND    (9, 16)
	morrowind.esm       LAND    (9, 5)
	morrowind.esm       LAND    (9, 6)
	morrowind.esm       LAND    (9, 7)
	morrowind.esm       LAND    (9, 8)
	morrowind.esm       LAND    (9, 9)
	morrowind.esm       LTEX    al_ash_04
	morrowind.esm       LTEX    daedric stone
	morrowind.esm       LTEX    daedric_scrubruins
	morrowind.esm       LTEX    gl_dirt_01
	morrowind.esm       LTEX    gl_dirt_02
	morrowind.esm       LTEX    gl_dirt_grass_01
	morrowind.esm       LTEX    gl_dirt_grass_02
	morrowind.esm       LTEX    gl_dirtroad
	morrowind.esm       LTEX    gl_grass_01
	morrowind.esm       LTEX    gl_grass_02
	morrowind.esm       LTEX    gl_grass_03
	morrowind.esm       LTEX    gl_grass_04
	morrowind.esm       LTEX    gl_grass_05
	morrowind.esm       LTEX    gl_rock_01
	morrowind.esm       LTEX    gl_rock_02
	morrowind.esm       LTEX    rm_rock_02
	morrowind.esm       LTEX    tx_ai_mudflats_01.tga
	tribunal.esm        LTEX    ai_grass_dirt
	tribunal.esm        LTEX    rm_grayrock
