TravelingMerchants_v2.2.esp: DUP-INF DUP-REC EXP-DEP GETSND JUNKCEL MENUMOD MISSVER NUMRECS OVR-REC
    [NUMRECS]: number of records in TES3.HEDR (773) != Actual count (701)
    [EXP-DEP] Expansion Dependency: Tribunal Functions:
	SCPT(_HB_SlaveTrader0)               placeitem
	SCPT(_HB_SlaveTrader1)               placeitem
	SCPT(_HB_SlaveTrader2)               placeitem
    [GETSND] GetSoundPlaying possibly used to detect events:
	SCPT(_HB_AbanTravel)
    [MENUMOD] Scripts not checking menumode:
	SCPT(_HB_Adros_GuarDefend)
	SCPT(_HB_Asharmat_GuarDefend)
	SCPT(_HB_BeastsAttack)
	SCPT(_HB_CaravanGuard_AI)
	SCPT(_HB_Caravan_GuarDefend)
	SCPT(_HB_ChangeSlaver)
	SCPT(_HB_Hamoubil_GuarDefend)
	SCPT(_HB_Manapli_GuarDefend)
	SCPT(_HB_NelsTravel)
	SCPT(_HB_Odril_GuarDefend)
	SCPT(_HB_Pithlin_GuarDefend)
	SCPT(_HB_SanScript)
	SCPT(_HB_SlaveGuard)
	SCPT(_HB_SlaveTrader)
	SCPT(_HB_TiberusFireScript)
	SCPT(_HB_Wishhearts_Lute)
	SCPT(_HB_treasure_Kollop)
    [JUNKCEL] Junk Cells:                        Flags
	Ascadian Isles Region (-1, -4)           0x02
	Bitter Coast Region (-1, -9)             0x02
	West Gash Region (-3, 1)                 0x02
	West Gash Region (-4, 2)                 0x02
    [DUP-REC] Duplicate Records:
	From Master         Type    Name
	morrowind.esm       LTEX    rock_coastal
	morrowind.esm       LTEX    sand
	tribunal.esm        LTEX    rm_grayrock
    [OVR-REC] Overridden Records:
	From Master         Type    Name
	bloodmoon.esm       LTEX    sand_02
	morrowind.esm       DIAL    ahemmusa
	morrowind.esm       DIAL    ahemmusa camp
	morrowind.esm       DIAL    caldera ebony mines
	morrowind.esm       DIAL    go free
	morrowind.esm       DIAL    grazelands
	morrowind.esm       DIAL    mathis dalobar
	morrowind.esm       DIAL    tel vos
	morrowind.esm       DIAL    urshilaku camp
	morrowind.esm       LAND    (0, -4)
	morrowind.esm       LAND    (5, -7)
	morrowind.esm       LTEX    rm_redrock
	morrowind.esm       LTEX    tx_ai_mudflats_01.tga
	morrowind.esm       LTEX    tx_bc_bank.tga
	morrowind.esm       LTEX    tx_bc_mud.tga
	morrowind.esm       PGRD    ascadian isles region
	morrowind.esm       PGRD    bitter coast region
	morrowind.esm       PGRD    moonmoth legion fort
	morrowind.esm       PGRD    seyda neen
	morrowind.esm       PGRD    suran
	morrowind.esm       PGRD    west gash region
	tribunal.esm        DIAL    compensation
	tribunal.esm        DIAL    greeting 5
	tribunal.esm        DIAL    greeting 7
	tribunal.esm        DIAL    my trade
	tribunal.esm        DIAL    travel together
	tribunal.esm        LTEX    ai_dirt
	tribunal.esm        LTEX    ai_dirtroad
	tribunal.esm        LTEX    ai_grass
	tribunal.esm        LTEX    ai_grass_02
	tribunal.esm        LTEX    ai_grass_cobbles
	tribunal.esm        LTEX    ai_grass_dirt
	tribunal.esm        LTEX    rm_rock_01

[DUP-INF]: ID=31740478173384819(Greeting:greeting 7)
  |DATA|RNAM:Khajiit|CNAM:Slave|NAME:What are you doing here? Can you let %Name go free?|SCVR:03sX0slaveStatus|INTV:

[DUP-INF]: ID=91948449399525979(Greeting:greeting 7)
  |DATA|RNAM:Khajiit|CNAM:Slave|NAME:What are you doing here? What can %Name do for you?

[DUP-INF]: ID=872375321543820321(Greeting:greeting 7)
  |DATA|CNAM:Slave|ANAM:Aharunartus|NAME:Do you have the key to these bracers? Will you let me go free?|SCVR:05IX2key_aharunartusslaves_01|INTV:

[DUP-INF]: ID=2674613355565124465(Greeting:greeting 7)
  |DATA|CNAM:Slave|NAME:What are you doing here? What can I do for you?

[DUP-INF]: ID=25082122392266923658(Greeting:greeting 7)
  |DATA|RNAM:Khajiit|NAME:What are you doing here? Would you let me go free?|SCVR:03sX0slaveStatus|INTV:
