tribunal npc rebalance.ESP: DUP-REC MISSAUT MISSDSC MISSVER OVR-REC
    [OVR-REC] Overridden Records:
	From Master         Type    Name
	tribunal.esm        NPC_    armion
	tribunal.esm        NPC_    asciene rane
	tribunal.esm        NPC_    bakh gro-sham
	tribunal.esm        NPC_    barenziah
	tribunal.esm        NPC_    bels uvenim
	tribunal.esm        NPC_    belwen
	tribunal.esm        NPC_    black dart adren
	tribunal.esm        NPC_    black dart draren
	tribunal.esm        NPC_    black dart gilur
	tribunal.esm        NPC_    black dart malar
	tribunal.esm        NPC_    black dart urvyn
	tribunal.esm        NPC_    catia sosia
	tribunal.esm        NPC_    crito olcinius
	tribunal.esm        NPC_    dandras vules
	tribunal.esm        NPC_    dovor oren
	tribunal.esm        NPC_    effe_tei
	tribunal.esm        NPC_    fedris hler
	tribunal.esm        NPC_    forstaag the sweltering
	tribunal.esm        NPC_    gavas drin
	tribunal.esm        NPC_    guard_helseth
	tribunal.esm        NPC_    guard_helseth_attack
	tribunal.esm        NPC_    guard_highord_attack
	tribunal.esm        NPC_    hession
	tribunal.esm        NPC_    hloggar the bloody
	tribunal.esm        NPC_    jeanne andre
	tribunal.esm        NPC_    king hlaalu helseth
	tribunal.esm        NPC_    nerile andaren
	tribunal.esm        NPC_    ordinator_mh_sadri
	tribunal.esm        NPC_    ordinator_mh_stationary
	tribunal.esm        NPC_    ordinator_mh_th_uni
	tribunal.esm        NPC_    ordinator_mournhold
	tribunal.esm        NPC_    plitinius mero
	tribunal.esm        NPC_    sanaso sarothran
	tribunal.esm        NPC_    shunari eye-fly
	tribunal.esm        NPC_    suldreni salandas
	tribunal.esm        NPC_    sunel hlas
	tribunal.esm        NPC_    tadera andules
	tribunal.esm        NPC_    ungeleb
	tribunal.esm        NPC_    yarnar
