tw_moonmoth_cottage.esp: DUP-REC MASTERS MENUMOD MISSDSC MISSVER OVR-REC
    MASTERS: out of sync with the masters installed in your Data Files directory:
	tw_cloud_storage.esm          742671 (plugin)     742844 (installed size)
    [MENUMOD] Scripts not checking menumode:
	SCPT(tw_toilet_script)
    [DUP-REC] Duplicate Records:
	From Master         Type    Name
	tribunal.esm        LTEX    rm_grayrock
    [OVR-REC] Overridden Records:
	From Master         Type    Name
	bloodmoon.esm       LTEX    wg_road
	morrowind.esm       CONT    flora_bc_mushroom_08
	morrowind.esm       LAND    (-1, -3)
	morrowind.esm       LAND    (-2, -2)
	morrowind.esm       LAND    (-2, -3)
	morrowind.esm       LTEX    ma_lavaflow
	morrowind.esm       LTEX    ma_rock04
	morrowind.esm       LTEX    wg_cobblestones
	morrowind.esm       LTEX    wg_dirtroad_01
	morrowind.esm       LTEX    wg_dirtscrub
	morrowind.esm       LTEX    wg_mainroad_01
	morrowind.esm       LTEX    wg_rock
	morrowind.esm       LTEX    wg_rockydirt
	morrowind.esm       LTEX    wg_rockyscrub
	morrowind.esm       LTEX    wg_scrub plain
	tribunal.esm        LTEX    rm_rock_01
	tw_cloud_storage.esm    MISC    wl_scales
