tw_onthemove.esp: DUP-REC MASTERS MISSAUT MISSDSC MISSVER
    MASTERS: out of sync with the masters installed in your Data Files directory:
	tw_cloud_storage.esm          747527 (plugin)     742844 (installed size)
    [DUP-REC] Duplicate Records:
	From Master         Type    Name
	on the move.esp     CONT    _at_chestc
	on the move.esp     CONT    _ser_chestsmall
	on the move.esp     CONT    _ser_clothingrobe
	on the move.esp     CONT    _ser_cuirasscont
	on the move.esp     CONT    _ser_dr_asrt_keyring_01
	on the move.esp     CONT    _ser_dr_con_toolbox_01
	on the move.esp     CONT    _ser_furn_spearholder
	on the move.esp     CONT    _ser_wl_scrollcase
	on the move.esp     STAT    _ser_dr_clothingiron_01
	on the move.esp     STAT    _ser_opened_chest
	on the move.esp     STAT    _ser_static_broadsword
	on the move.esp     STAT    _ser_static_helm
	on the move.esp     STAT    _ser_static_mace
	on the move.esp     STAT    _ser_static_shield
	on the move.esp     STAT    _ser_static_staff
	on the move.esp     STAT    _ser_static_wakizashi
	on the move.esp     STAT    _ser_staticrobe1
	on the move.esp     STAT    _ser_staticrobe2
	on the move.esp     STAT    _ser_staticrobe3
	on the move.esp     STAT    _ser_staticrobe4
	tw_cloud_storage.esm    ACTI    tw_armour_05_act
	tw_cloud_storage.esm    ACTI    tw_books_02_act
	tw_cloud_storage.esm    ACTI    tw_cloths_01_act
	tw_cloud_storage.esm    ACTI    tw_ingred_04_act
	tw_cloud_storage.esm    ACTI    tw_keys_02_act
	tw_cloud_storage.esm    ACTI    tw_misc01_act
	tw_cloud_storage.esm    ACTI    tw_potions_02_act
	tw_cloud_storage.esm    ACTI    tw_scroll_03_act
	tw_cloud_storage.esm    ACTI    tw_store03_act
	tw_cloud_storage.esm    ACTI    tw_tools_01_act
	tw_cloud_storage.esm    ACTI    tw_weapons_01_act
