tw_TheBanshee.esp: DUP-REC MISSAUT MISSDSC MISSVER OVR-REC
    [OVR-REC] Overridden Records:
	From Master         Type    Name
	bloodmoon.esm       LTEX    sand_02
	bloodmoon.esm       MISC    misc_hook
	morrowind.esm       LAND    (-12, 10)
	morrowind.esm       LAND    (-12, 11)
	morrowind.esm       LAND    (-13, 10)
	morrowind.esm       LTEX    scrub plain
	morrowind.esm       LTEX    tx_rock_wg_01.tga
	morrowind.esm       LTEX    tx_rockyscrub_01.tga
	morrowind.esm       LTEX    wg_dirtroad_01
	morrowind.esm       LTEX    wg_dirtscrub
	morrowind.esm       LTEX    wg_rock
	morrowind.esm       LTEX    wg_rockydirt
	morrowind.esm       LTEX    wg_rockyscrub
	morrowind.esm       LTEX    wg_scrub plain
	morrowind.esm       NPC_    talmeni drethan
	morrowind.esm       NPC_    valveli arelas
	morrowind.esm       PGRD    west gash region
	tribunal.esm        DIAL    greeting 9
