UCNature_.esm: DUP-REC JUNKCEL MISSAUT MISSDSC MISSVER OVR-REC
    [JUNKCEL] Junk Cells:                        Flags
	Ascadian Isles Region (-1, -5)           0x02
	Ascadian Isles Region (-1, -6)           0x02
	Ascadian Isles Region (-1, -7)           0x02
	Ascadian Isles Region (-1, -8)           0x02
	Ascadian Isles Region (-2, -4)           0x02
	Ascadian Isles Region (-2, -5)           0x02
	Ascadian Isles Region (-2, -6)           0x02
	Ascadian Isles Region (-3, -4)           0x02
	Ascadian Isles Region (-3, -5)           0x02
	Ascadian Isles Region (-3, -6)           0x02
	Ascadian Isles Region (-4, -4)           0x02
	Ascadian Isles Region (-4, -5)           0x02
	Ascadian Isles Region (0, -4)            0x02
	Ascadian Isles Region (0, -5)            0x02
	Ascadian Isles Region (0, -6)            0x02
	Ascadian Isles Region (1, -10)           0x02
	Ascadian Isles Region (1, -11)           0x02
	Ascadian Isles Region (1, -12)           0x02
	Ascadian Isles Region (1, -14)           0x02
	Ascadian Isles Region (1, -15)           0x02
	Ascadian Isles Region (1, -4)            0x02
	Ascadian Isles Region (1, -6)            0x02
	Ascadian Isles Region (1, -7)            0x02
	Ascadian Isles Region (1, -8)            0x02
	Ascadian Isles Region (1, -9)            0x02
	Ascadian Isles Region (2, -12)           0x02
	Ascadian Isles Region (2, -14)           0x02
	Ascadian Isles Region (2, -15)           0x02
	Ascadian Isles Region (2, -4)            0x02
	Ascadian Isles Region (2, -5)            0x02
	Ascadian Isles Region (2, -9)            0x02
	Ascadian Isles Region (3, -15)           0x02
	Ascadian Isles Region (3, -4)            0x02
	Ascadian Isles Region (3, -5)            0x02
	Ascadian Isles Region (3, -6)            0x02
	Ascadian Isles Region (3, -7)            0x02
	Ascadian Isles Region (3, -8)            0x02
	Ascadian Isles Region (4, -5)            0x02
	Ascadian Isles Region (4, -6)            0x02
	Ascadian Isles Region (4, -7)            0x02
	Ascadian Isles Region (4, -8)            0x02
	Ascadian Isles Region (4, -9)            0x02
	Ascadian Isles Region (5, -12)           0x02
	Ascadian Isles Region (5, -5)            0x02
	Ascadian Isles Region (5, -6)            0x02
	Ascadian Isles Region (5, -7)            0x02
	Ascadian Isles Region (5, -8)            0x02
	Ascadian Isles Region (5, -9)            0x02
	Ascadian Isles Region (6, -10)           0x02
	Ascadian Isles Region (6, -11)           0x02
	Ascadian Isles Region (6, -12)           0x02
	Ascadian Isles Region (6, -13)           0x02
	Ascadian Isles Region (6, -14)           0x02
	Ascadian Isles Region (6, -8)            0x02
	Ascadian Isles Region (7, -10)           0x02
	Ascadian Isles Region (7, -11)           0x02
	Ascadian Isles Region (7, -12)           0x02
	Ascadian Isles Region (7, -13)           0x02
	Ascadian Isles Region (7, -14)           0x02
	Ascadian Isles Region (8, -11)           0x02
	Ashlands Region (-1, 12)                 0x02
	Ashlands Region (-1, 13)                 0x02
	Ashlands Region (-1, 14)                 0x02
	Ashlands Region (-1, 15)                 0x02
	Ashlands Region (-1, 16)                 0x02
	Ashlands Region (-1, 17)                 0x02
	Ashlands Region (-1, 4)                  0x02
	Ashlands Region (-1, 5)                  0x02
	Ashlands Region (-1, 6)                  0x02
	Ashlands Region (-1, 7)                  0x02
	Ashlands Region (-1, 8)                  0x02
	Ashlands Region (-2, 11)                 0x02
	Ashlands Region (-2, 12)                 0x02
	Ashlands Region (-2, 13)                 0x02
	Ashlands Region (-2, 14)                 0x02
	Ashlands Region (-2, 16)                 0x02
	Ashlands Region (-2, 17)                 0x02
	Ashlands Region (-2, 18)                 0x02
	Ashlands Region (-2, 8)                  0x02
	Ashlands Region (-2, 9)                  0x02
	Ashlands Region (-3, 10)                 0x02
	Ashlands Region (-3, 11)                 0x02
	Ashlands Region (-3, 13)                 0x02
	Ashlands Region (-3, 14)                 0x02
	Ashlands Region (-3, 15)                 0x02
	Ashlands Region (-3, 16)                 0x02
	Ashlands Region (-3, 17)                 0x02
	Ashlands Region (-3, 18)                 0x02
	Ashlands Region (-3, 5)                  0x02
	Ashlands Region (-3, 7)                  0x02
	Ashlands Region (-3, 8)                  0x02
	Ashlands Region (-3, 9)                  0x02
	Ashlands Region (-4, 10)                 0x02
	Ashlands Region (-4, 11)                 0x02
	Ashlands Region (-4, 13)                 0x02
	Ashlands Region (-4, 14)                 0x02
	Ashlands Region (-4, 15)                 0x02
	Ashlands Region (-4, 16)                 0x02
	Ashlands Region (-4, 17)                 0x02
	Ashlands Region (-4, 7)                  0x02
	Ashlands Region (-4, 8)                  0x02
	Ashlands Region (-4, 9)                  0x02
	Ashlands Region (-5, 10)                 0x02
	Ashlands Region (-5, 11)                 0x02
	Ashlands Region (-5, 12)                 0x02
	Ashlands Region (-5, 13)                 0x02
	Ashlands Region (-5, 14)                 0x02
	Ashlands Region (-5, 15)                 0x02
	Ashlands Region (-5, 16)                 0x02
	Ashlands Region (-5, 17)                 0x02
	Ashlands Region (-6, 15)                 0x02
	Ashlands Region (-6, 16)                 0x02
	Ashlands Region (-6, 17)                 0x02
	Ashlands Region (0, -1)                  0x02
	Ashlands Region (0, 0)                   0x02
	Ashlands Region (0, 1)                   0x02
	Ashlands Region (0, 12)                  0x02
	Ashlands Region (0, 13)                  0x02
	Ashlands Region (0, 15)                  0x02
	Ashlands Region (0, 16)                  0x02
	Ashlands Region (0, 17)                  0x02
	Ashlands Region (0, 18)                  0x02
	Ashlands Region (0, 2)                   0x02
	Ashlands Region (0, 3)                   0x02
	Ashlands Region (0, 4)                   0x02
	Ashlands Region (0, 5)                   0x02
	Ashlands Region (0, 6)                   0x02
	Ashlands Region (0, 7)                   0x02
	Ashlands Region (0, 8)                   0x02
	Ashlands Region (1, -1)                  0x02
	Ashlands Region (1, 0)                   0x02
	Ashlands Region (1, 1)                   0x02
	Ashlands Region (1, 12)                  0x02
	Ashlands Region (1, 13)                  0x02
	Ashlands Region (1, 14)                  0x02
	Ashlands Region (1, 15)                  0x02
	Ashlands Region (1, 16)                  0x02
	Ashlands Region (1, 17)                  0x02
	Ashlands Region (1, 2)                   0x02
	Ashlands Region (1, 3)                   0x02
	Ashlands Region (1, 4)                   0x02
	Ashlands Region (2, 0)                   0x02
	Ashlands Region (2, 1)                   0x02
	Ashlands Region (2, 12)                  0x02
	Ashlands Region (2, 13)                  0x02
	Ashlands Region (2, 14)                  0x02
	Ashlands Region (2, 15)                  0x02
	Ashlands Region (2, 16)                  0x02
	Ashlands Region (2, 2)                   0x02
	Ashlands Region (2, 3)                   0x02
	Ashlands Region (3, 0)                   0x02
	Ashlands Region (3, 1)                   0x02
	Ashlands Region (3, 12)                  0x02
	Ashlands Region (3, 13)                  0x02
	Ashlands Region (3, 14)                  0x02
	Ashlands Region (3, 15)                  0x02
	Ashlands Region (3, 16)                  0x02
	Ashlands Region (3, 2)                   0x02
	Ashlands Region (3, 3)                   0x02
	Ashlands Region (3, 4)                   0x02
	Ashlands Region (4, 1)                   0x02
	Ashlands Region (4, 12)                  0x02
	Ashlands Region (4, 13)                  0x02
	Ashlands Region (4, 14)                  0x02
	Ashlands Region (4, 15)                  0x02
	Ashlands Region (4, 16)                  0x02
	Ashlands Region (4, 2)                   0x02
	Ashlands Region (4, 3)                   0x02
	Ashlands Region (4, 4)                   0x02
	Ashlands Region (4, 5)                   0x02
	Ashlands Region (5, 1)                   0x02
	Ashlands Region (5, 11)                  0x02
	Ashlands Region (5, 12)                  0x02
	Ashlands Region (5, 13)                  0x02
	Ashlands Region (5, 14)                  0x02
	Ashlands Region (5, 2)                   0x02
	Ashlands Region (5, 3)                   0x02
	Ashlands Region (5, 4)                   0x02
	Ashlands Region (5, 5)                   0x02
	Ashlands Region (5, 6)                   0x02
	Ashlands Region (5, 7)                   0x02
	Ashlands Region (6, 10)                  0x02
	Ashlands Region (6, 11)                  0x02
	Ashlands Region (6, 12)                  0x02
	Ashlands Region (6, 13)                  0x02
	Ashlands Region (6, 14)                  0x02
	Ashlands Region (6, 15)                  0x02
	Ashlands Region (6, 2)                   0x02
	Ashlands Region (6, 3)                   0x02
	Ashlands Region (6, 4)                   0x02
	Ashlands Region (6, 5)                   0x02
	Ashlands Region (6, 6)                   0x02
	Ashlands Region (6, 7)                   0x02
	Ashlands Region (6, 8)                   0x02
	Ashlands Region (6, 9)                   0x02
	Ashlands Region (7, 10)                  0x02
	Ashlands Region (7, 11)                  0x02
	Ashlands Region (7, 12)                  0x02
	Ashlands Region (7, 13)                  0x02
	Ashlands Region (7, 14)                  0x02
	Ashlands Region (7, 15)                  0x02
	Ashlands Region (7, 4)                   0x02
	Ashlands Region (7, 5)                   0x02
	Ashlands Region (7, 6)                   0x02
	Ashlands Region (7, 7)                   0x02
	Ashlands Region (7, 8)                   0x02
	Ashlands Region (7, 9)                   0x02
	Azura's Coast Region (10, -10)           0x02
	Azura's Coast Region (10, -11)           0x02
	Azura's Coast Region (10, -12)           0x02
	Azura's Coast Region (10, -8)            0x02
	Azura's Coast Region (10, -9)            0x02
	Azura's Coast Region (10, 17)            0x02
	Azura's Coast Region (10, 18)            0x02
	Azura's Coast Region (10, 19)            0x02
	Azura's Coast Region (10, 20)            0x02
	Azura's Coast Region (11, -10)           0x02
	Azura's Coast Region (11, -11)           0x02
	Azura's Coast Region (11, -12)           0x02
	Azura's Coast Region (11, -8)            0x02
	Azura's Coast Region (11, -9)            0x02
	Azura's Coast Region (11, 17)            0x02
	Azura's Coast Region (11, 18)            0x02
	Azura's Coast Region (11, 19)            0x02
	Azura's Coast Region (11, 4)             0x02
	Azura's Coast Region (12, -11)           0x02
	Azura's Coast Region (12, -12)           0x02
	Azura's Coast Region (12, -9)            0x02
	Azura's Coast Region (12, 14)            0x06
	Azura's Coast Region (12, 15)            0x02
	Azura's Coast Region (12, 17)            0x02
	Azura's Coast Region (12, 3)             0x02
	Azura's Coast Region (13, -10)           0x02
	Azura's Coast Region (13, -11)           0x02
	Azura's Coast Region (13, -12)           0x02
	Azura's Coast Region (13, -9)            0x02
	Azura's Coast Region (13, 13)            0x02
	Azura's Coast Region (13, 15)            0x02
	Azura's Coast Region (13, 2)             0x02
	Azura's Coast Region (13, 3)             0x02
	Azura's Coast Region (13, 4)             0x02
	Azura's Coast Region (13, 5)             0x02
	Azura's Coast Region (13, 9)             0x02
	Azura's Coast Region (14, -10)           0x02
	Azura's Coast Region (14, -11)           0x02
	Azura's Coast Region (14, -12)           0x02
	Azura's Coast Region (14, -14)           0x02
	Azura's Coast Region (14, -15)           0x02
	Azura's Coast Region (14, -8)            0x02
	Azura's Coast Region (14, -9)            0x02
	Azura's Coast Region (14, 1)             0x02
	Azura's Coast Region (14, 11)            0x02
	Azura's Coast Region (14, 12)            0x02
	Azura's Coast Region (14, 13)            0x02
	Azura's Coast Region (14, 14)            0x02
	Azura's Coast Region (14, 15)            0x02
	Azura's Coast Region (14, 2)             0x02
	Azura's Coast Region (14, 3)             0x02
	Azura's Coast Region (14, 4)             0x02
	Azura's Coast Region (14, 5)             0x02
	Azura's Coast Region (14, 6)             0x02
	Azura's Coast Region (14, 7)             0x02
	Azura's Coast Region (15, -10)           0x02
	Azura's Coast Region (15, -11)           0x02
	Azura's Coast Region (15, -12)           0x02
	Azura's Coast Region (15, -14)           0x02
	Azura's Coast Region (15, -15)           0x02
	Azura's Coast Region (15, -8)            0x02
	Azura's Coast Region (15, -9)            0x02
	Azura's Coast Region (15, 0)             0x02
	Azura's Coast Region (15, 10)            0x02
	Azura's Coast Region (15, 11)            0x02
	Azura's Coast Region (15, 12)            0x02
	Azura's Coast Region (15, 2)             0x02
	Azura's Coast Region (15, 3)             0x02
	Azura's Coast Region (15, 4)             0x02
	Azura's Coast Region (15, 6)             0x02
	Azura's Coast Region (15, 7)             0x02
	Azura's Coast Region (16, -1)            0x02
	Azura's Coast Region (16, -10)           0x02
	Azura's Coast Region (16, -13)           0x02
	Azura's Coast Region (16, -14)           0x02
	Azura's Coast Region (16, -15)           0x02
	Azura's Coast Region (16, -2)            0x02
	Azura's Coast Region (16, -3)            0x02
	Azura's Coast Region (16, -4)            0x02
	Azura's Coast Region (16, -5)            0x02
	Azura's Coast Region (16, -6)            0x02
	Azura's Coast Region (16, -7)            0x02
	Azura's Coast Region (16, -8)            0x02
	Azura's Coast Region (16, -9)            0x02
	Azura's Coast Region (16, 0)             0x02
	Azura's Coast Region (16, 1)             0x02
	Azura's Coast Region (16, 2)             0x02
	Azura's Coast Region (16, 3)             0x02
	Azura's Coast Region (16, 4)             0x02
	Azura's Coast Region (16, 5)             0x02
	Azura's Coast Region (16, 6)             0x02
	Azura's Coast Region (16, 7)             0x02
	Azura's Coast Region (16, 8)             0x02
	Azura's Coast Region (16, 9)             0x02
	Azura's Coast Region (17, -1)            0x02
	Azura's Coast Region (17, -10)           0x02
	Azura's Coast Region (17, -14)           0x02
	Azura's Coast Region (17, -2)            0x02
	Azura's Coast Region (17, -3)            0x02
	Azura's Coast Region (17, -4)            0x02
	Azura's Coast Region (17, -5)            0x02
	Azura's Coast Region (17, -7)            0x02
	Azura's Coast Region (17, -8)            0x02
	Azura's Coast Region (17, -9)            0x02
	Azura's Coast Region (17, 0)             0x02
	Azura's Coast Region (17, 1)             0x02
	Azura's Coast Region (17, 2)             0x02
	Azura's Coast Region (17, 3)             0x02
	Azura's Coast Region (17, 6)             0x02
	Azura's Coast Region (17, 7)             0x02
	Azura's Coast Region (17, 8)             0x02
	Azura's Coast Region (18, -1)            0x02
	Azura's Coast Region (18, -2)            0x02
	Azura's Coast Region (18, -3)            0x02
	Azura's Coast Region (18, -4)            0x02
	Azura's Coast Region (18, -5)            0x02
	Azura's Coast Region (18, -6)            0x02
	Azura's Coast Region (18, -7)            0x02
	Azura's Coast Region (18, -8)            0x02
	Azura's Coast Region (18, -9)            0x02
	Azura's Coast Region (18, 0)             0x02
	Azura's Coast Region (18, 1)             0x02
	Azura's Coast Region (18, 2)             0x02
	Azura's Coast Region (18, 5)             0x02
	Azura's Coast Region (18, 6)             0x02
	Azura's Coast Region (18, 7)             0x02
	Azura's Coast Region (19, -1)            0x02
	Azura's Coast Region (19, -2)            0x02
	Azura's Coast Region (19, -3)            0x02
	Azura's Coast Region (19, -5)            0x02
	Azura's Coast Region (19, -6)            0x02
	Azura's Coast Region (19, -7)            0x02
	Azura's Coast Region (19, 0)             0x02
	Azura's Coast Region (19, 1)             0x02
	Azura's Coast Region (19, 2)             0x02
	Azura's Coast Region (19, 3)             0x02
	Azura's Coast Region (19, 4)             0x02
	Azura's Coast Region (19, 5)             0x02
	Azura's Coast Region (19, 6)             0x02
	Azura's Coast Region (19, 7)             0x02
	Azura's Coast Region (20, -4)            0x02
	Azura's Coast Region (20, -7)            0x02
	Azura's Coast Region (20, -8)            0x02
	Azura's Coast Region (20, -9)            0x02
	Azura's Coast Region (20, 0)             0x02
	Azura's Coast Region (20, 1)             0x02
	Azura's Coast Region (20, 2)             0x02
	Azura's Coast Region (20, 3)             0x02
	Azura's Coast Region (20, 4)             0x02
	Azura's Coast Region (20, 5)             0x02
	Azura's Coast Region (20, 7)             0x02
	Azura's Coast Region (21, -11)           0x02
	Azura's Coast Region (21, -4)            0x02
	Azura's Coast Region (21, -8)            0x02
	Azura's Coast Region (21, 1)             0x02
	Azura's Coast Region (21, 2)             0x02
	Azura's Coast Region (8, -13)            0x02
	Azura's Coast Region (8, -9)             0x02
	Azura's Coast Region (9, -10)            0x02
	Azura's Coast Region (9, -13)            0x02
	Azura's Coast Region (9, -8)             0x02
	Azura's Coast Region (9, -9)             0x02
	Azura's Coast Region (9, 17)             0x02
	Azura's Coast Region (9, 18)             0x02
	Azura's Coast Region (9, 19)             0x02
	Bitter Coast Region (-1, -12)            0x02
	Bitter Coast Region (-10, 1)             0x02
	Bitter Coast Region (-10, 2)             0x02
	Bitter Coast Region (-10, 3)             0x02
	Bitter Coast Region (-12, 1)             0x02
	Bitter Coast Region (-12, 2)             0x02
	Bitter Coast Region (-12, 3)             0x02
	Bitter Coast Region (-13, 1)             0x02
	Bitter Coast Region (-13, 2)             0x02
	Bitter Coast Region (-13, 3)             0x02
	Bitter Coast Region (-13, 4)             0x02
	Bitter Coast Region (-14, 2)             0x02
	Bitter Coast Region (-14, 4)             0x02
	Bitter Coast Region (-14, 5)             0x02
	Bitter Coast Region (-2, -11)            0x02
	Bitter Coast Region (-2, -13)            0x02
	Bitter Coast Region (-2, -14)            0x02
	Bitter Coast Region (-2, -15)            0x02
	Bitter Coast Region (-3, -14)            0x02
	Bitter Coast Region (-4, -14)            0x02
	Bitter Coast Region (-4, -6)             0x02
	Bitter Coast Region (-4, -7)             0x02
	Bitter Coast Region (-5, -11)            0x02
	Bitter Coast Region (-5, -13)            0x02
	Bitter Coast Region (-5, -14)            0x02
	Bitter Coast Region (-5, -7)             0x02
	Bitter Coast Region (-6, -12)            0x02
	Bitter Coast Region (-6, -14)            0x02
	Bitter Coast Region (-6, -9)             0x02
	Bitter Coast Region (-7, -13)            0x02
	Bitter Coast Region (-7, -14)            0x02
	Bitter Coast Region (-7, -7)             0x02
	Bitter Coast Region (-8, -3)             0x02
	Bitter Coast Region (-8, -5)             0x02
	Bitter Coast Region (-9, -14)            0x02
	Bitter Coast Region (-9, -2)             0x02
	Bitter Coast Region (-9, -3)             0x02
	Bitter Coast Region (-9, -4)             0x02
	Bitter Coast Region (-9, 0)              0x02
	Bitter Coast Region (-9, 1)              0x02
	Bitter Coast Region (-9, 3)              0x02
	Bitter Coast Region (0, -13)             0x02
	Felsaad Coast Region (-17, 22)           0x02
	Felsaad Coast Region (-17, 25)           0x02
	Felsaad Coast Region (-18, 22)           0x02
	Felsaad Coast Region (-18, 23)           0x02
	Felsaad Coast Region (-18, 24)           0x02
	Felsaad Coast Region (-18, 25)           0x02
	Felsaad Coast Region (-18, 26)           0x02
	Felsaad Coast Region (-19, 22)           0x02
	Felsaad Coast Region (-19, 24)           0x02
	Felsaad Coast Region (-19, 25)           0x02
	Felsaad Coast Region (-19, 26)           0x02
	Felsaad Coast Region (-20, 24)           0x02
	Felsaad Coast Region (-20, 27)           0x02
	Felsaad Coast Region (-21, 24)           0x02
	Felsaad Coast Region (-21, 25)           0x02
	Felsaad Coast Region (-21, 26)           0x02
	Felsaad Coast Region (-21, 27)           0x02
	Grazelands Region (10, 15)               0x02
	Grazelands Region (10, 5)                0x02
	Grazelands Region (10, 6)                0x02
	Grazelands Region (10, 7)                0x02
	Grazelands Region (11, 10)               0x02
	Grazelands Region (11, 11)               0x02
	Grazelands Region (11, 5)                0x02
	Grazelands Region (11, 9)                0x02
	Grazelands Region (12, 5)                0x02
	Grazelands Region (13, 6)                0x02
	Grazelands Region (13, 7)                0x02
	Grazelands Region (8, 13)                0x02
	Grazelands Region (8, 14)                0x02
	Grazelands Region (8, 6)                 0x02
	Grazelands Region (8, 7)                 0x02
	Grazelands Region (9, 11)                0x02
	Grazelands Region (9, 9)                 0x02
	Hirstaang Forest Region (-18, 18)        0x02
	Hirstaang Forest Region (-19, 16)        0x02
	Hirstaang Forest Region (-19, 17)        0x02
	Hirstaang Forest Region (-19, 18)        0x02
	Hirstaang Forest Region (-20, 17)        0x02
	Hirstaang Forest Region (-21, 16)        0x02
	Hirstaang Forest Region (-21, 17)        0x02
	Hirstaang Forest Region (-21, 18)        0x02
	Hirstaang Forest Region (-22, 15)        0x02
	Hirstaang Forest Region (-22, 18)        0x02
	Hirstaang Forest Region (-22, 19)        0x02
	Hirstaang Forest Region (-23, 14)        0x02
	Hirstaang Forest Region (-23, 15)        0x02
	Hirstaang Forest Region (-23, 16)        0x02
	Hirstaang Forest Region (-23, 17)        0x02
	Hirstaang Forest Region (-23, 18)        0x02
	Hirstaang Forest Region (-23, 19)        0x02
	Hirstaang Forest Region (-24, 15)        0x02
	Hirstaang Forest Region (-24, 16)        0x02
	Hirstaang Forest Region (-24, 17)        0x02
	Hirstaang Forest Region (-24, 18)        0x02
	Hirstaang Forest Region (-24, 20)        0x02
	Hirstaang Forest Region (-25, 17)        0x02
	Hirstaang Forest Region (-25, 18)        0x02
	Hirstaang Forest Region (-25, 20)        0x02
	Hirstaang Forest Region (-26, 17)        0x02
	Hirstaang Forest Region (-26, 18)        0x02
	Hirstaang Forest Region (-26, 19)        0x02
	Hirstaang Forest Region (-26, 20)        0x02
	Hirstaang Forest Region (-27, 19)        0x02
	Isinfier Plains Region (-17, 21)         0x02
	Isinfier Plains Region (-18, 20)         0x02
	Isinfier Plains Region (-18, 21)         0x02
	Isinfier Plains Region (-19, 19)         0x02
	Isinfier Plains Region (-19, 20)         0x02
	Isinfier Plains Region (-19, 21)         0x02
	Isinfier Plains Region (-20, 19)         0x02
	Isinfier Plains Region (-20, 20)         0x02
	Isinfier Plains Region (-20, 21)         0x02
	Isinfier Plains Region (-20, 22)         0x02
	Isinfier Plains Region (-21, 19)         0x02
	Isinfier Plains Region (-21, 21)         0x02
	Isinfier Plains Region (-21, 22)         0x02
	Isinfier Plains Region (-22, 20)         0x02
	Isinfier Plains Region (-22, 21)         0x02
	Isinfier Plains Region (-22, 22)         0x02
	Isinfier Plains Region (-22, 23)         0x02
	Isinfier Plains Region (-22, 24)         0x02
	Isinfier Plains Region (-23, 21)         0x02
	Isinfier Plains Region (-23, 22)         0x02
	Isinfier Plains Region (-23, 24)         0x02
	Isinfier Plains Region (-24, 21)         0x02
	Isinfier Plains Region (-24, 22)         0x02
	Isinfier Plains Region (-24, 23)         0x02
	Isinfier Plains Region (-25, 21)         0x02
	Isinfier Plains Region (-25, 22)         0x02
	Isinfier Plains Region (-26, 21)         0x02
	Isinfier Plains Region (-26, 22)         0x02
	Isinfier Plains Region (-27, 21)         0x02
	Moesring Mountains Region (-22, 25)      0x02
	Moesring Mountains Region (-22, 26)      0x02
	Moesring Mountains Region (-22, 27)      0x02
	Moesring Mountains Region (-23, 25)      0x02
	Moesring Mountains Region (-23, 26)      0x02
	Moesring Mountains Region (-23, 27)      0x02
	Moesring Mountains Region (-24, 24)      0x02
	Moesring Mountains Region (-24, 27)      0x02
	Moesring Mountains Region (-25, 24)      0x02
	Moesring Mountains Region (-25, 25)      0x02
	Moesring Mountains Region (-26, 23)      0x02
	Moesring Mountains Region (-26, 24)      0x02
	Moesring Mountains Region (-26, 25)      0x02
	Moesring Mountains Region (-27, 23)      0x02
	Moesring Mountains Region (-27, 24)      0x02
	Moesring Mountains Region (-27, 25)      0x02
	Moesring Mountains Region (-27, 26)      0x02
	Moesring Mountains Region (-27, 27)      0x02
	Molag Mar Region (0, -2)                 0x02
	Molag Mar Region (0, -3)                 0x02
	Molag Mar Region (10, -1)                0x02
	Molag Mar Region (10, -2)                0x02
	Molag Mar Region (10, -4)                0x02
	Molag Mar Region (10, -5)                0x02
	Molag Mar Region (10, -6)                0x02
	Molag Mar Region (10, -7)                0x02
	Molag Mar Region (10, 0)                 0x02
	Molag Mar Region (10, 2)                 0x02
	Molag Mar Region (10, 4)                 0x02
	Molag Mar Region (11, -1)                0x02
	Molag Mar Region (11, -2)                0x02
	Molag Mar Region (11, -3)                0x02
	Molag Mar Region (11, -4)                0x02
	Molag Mar Region (11, -6)                0x02
	Molag Mar Region (11, 0)                 0x02
	Molag Mar Region (11, 1)                 0x02
	Molag Mar Region (11, 3)                 0x02
	Molag Mar Region (12, -1)                0x02
	Molag Mar Region (12, -2)                0x02
	Molag Mar Region (12, -3)                0x02
	Molag Mar Region (12, -4)                0x02
	Molag Mar Region (12, -5)                0x02
	Molag Mar Region (12, -6)                0x02
	Molag Mar Region (12, -7)                0x06
	Molag Mar Region (12, 1)                 0x02
	Molag Mar Region (12, 2)                 0x02
	Molag Mar Region (13, -2)                0x02
	Molag Mar Region (13, -3)                0x02
	Molag Mar Region (13, -4)                0x02
	Molag Mar Region (13, -5)                0x02
	Molag Mar Region (13, -6)                0x02
	Molag Mar Region (13, 0)                 0x02
	Molag Mar Region (13, 1)                 0x02
	Molag Mar Region (14, -1)                0x02
	Molag Mar Region (14, -2)                0x02
	Molag Mar Region (14, -3)                0x02
	Molag Mar Region (14, -5)                0x02
	Molag Mar Region (14, -6)                0x02
	Molag Mar Region (14, -7)                0x02
	Molag Mar Region (14, 0)                 0x02
	Molag Mar Region (15, -1)                0x02
	Molag Mar Region (15, -2)                0x02
	Molag Mar Region (15, -3)                0x02
	Molag Mar Region (15, -4)                0x02
	Molag Mar Region (15, -5)                0x02
	Molag Mar Region (15, -6)                0x02
	Molag Mar Region (15, -7)                0x02
	Molag Mar Region (2, -1)                 0x02
	Molag Mar Region (2, -2)                 0x02
	Molag Mar Region (2, -3)                 0x02
	Molag Mar Region (3, -1)                 0x02
	Molag Mar Region (3, -3)                 0x02
	Molag Mar Region (4, -2)                 0x02
	Molag Mar Region (4, -4)                 0x02
	Molag Mar Region (4, 0)                  0x02
	Molag Mar Region (5, -1)                 0x02
	Molag Mar Region (5, -3)                 0x02
	Molag Mar Region (5, -4)                 0x02
	Molag Mar Region (5, 0)                  0x02
	Molag Mar Region (6, -1)                 0x02
	Molag Mar Region (6, -2)                 0x02
	Molag Mar Region (6, -4)                 0x02
	Molag Mar Region (6, 0)                  0x02
	Molag Mar Region (6, 1)                  0x02
	Molag Mar Region (7, -1)                 0x02
	Molag Mar Region (7, -2)                 0x02
	Molag Mar Region (7, -4)                 0x02
	Molag Mar Region (7, -5)                 0x02
	Molag Mar Region (7, -6)                 0x02
	Molag Mar Region (7, -7)                 0x02
	Molag Mar Region (7, -8)                 0x02
	Molag Mar Region (7, 0)                  0x02
	Molag Mar Region (7, 1)                  0x02
	Molag Mar Region (7, 2)                  0x02
	Molag Mar Region (7, 3)                  0x02
	Molag Mar Region (8, -2)                 0x02
	Molag Mar Region (8, -3)                 0x02
	Molag Mar Region (8, -5)                 0x02
	Molag Mar Region (8, -7)                 0x02
	Molag Mar Region (8, -8)                 0x02
	Molag Mar Region (8, 0)                  0x02
	Molag Mar Region (8, 2)                  0x02
	Molag Mar Region (8, 3)                  0x02
	Molag Mar Region (9, -2)                 0x02
	Molag Mar Region (9, -5)                 0x02
	Molag Mar Region (9, -6)                 0x02
	Molag Mar Region (9, 0)                  0x02
	Molag Mar Region (9, 1)                  0x02
	Molag Mar Region (9, 2)                  0x02
	Molag Mar Region (9, 4)                  0x02
	Red Mountain Region (-1, 10)             0x02
	Red Mountain Region (-1, 11)             0x02
	Red Mountain Region (-1, 9)              0x02
	Red Mountain Region (-2, 10)             0x02
	Red Mountain Region (0, 11)              0x02
	Red Mountain Region (0, 9)               0x02
	Red Mountain Region (1, 10)              0x02
	Red Mountain Region (1, 11)              0x02
	Red Mountain Region (1, 5)               0x02
	Red Mountain Region (1, 6)               0x02
	Red Mountain Region (1, 7)               0x02
	Red Mountain Region (1, 8)               0x02
	Red Mountain Region (1, 9)               0x02
	Red Mountain Region (2, 10)              0x02
	Red Mountain Region (2, 11)              0x02
	Red Mountain Region (2, 5)               0x02
	Red Mountain Region (2, 6)               0x02
	Red Mountain Region (2, 7)               0x02
	Red Mountain Region (2, 9)               0x02
	Red Mountain Region (3, 10)              0x02
	Red Mountain Region (3, 11)              0x02
	Red Mountain Region (3, 5)               0x02
	Red Mountain Region (3, 6)               0x02
	Red Mountain Region (3, 8)               0x02
	Red Mountain Region (3, 9)               0x02
	Red Mountain Region (4, 10)              0x02
	Red Mountain Region (4, 11)              0x02
	Red Mountain Region (4, 6)               0x02
	Red Mountain Region (4, 7)               0x02
	Red Mountain Region (4, 8)               0x02
	Red Mountain Region (5, 10)              0x02
	Red Mountain Region (5, 8)               0x02
	Red Mountain Region (5, 9)               0x02
	Sheogorad (-1, 19)                       0x02
	Sheogorad (-1, 20)                       0x02
	Sheogorad (-1, 21)                       0x02
	Sheogorad (-1, 22)                       0x02
	Sheogorad (-2, 19)                       0x02
	Sheogorad (-2, 20)                       0x02
	Sheogorad (-2, 21)                       0x02
	Sheogorad (-2, 22)                       0x02
	Sheogorad (-2, 23)                       0x02
	Sheogorad (-2, 24)                       0x02
	Sheogorad (-3, 19)                       0x02
	Sheogorad (-3, 20)                       0x02
	Sheogorad (-3, 21)                       0x02
	Sheogorad (-3, 22)                       0x02
	Sheogorad (-4, 19)                       0x02
	Sheogorad (-4, 20)                       0x02
	Sheogorad (-4, 22)                       0x02
	Sheogorad (-5, 19)                       0x02
	Sheogorad (-5, 20)                       0x02
	Sheogorad (-5, 23)                       0x02
	Sheogorad (-5, 24)                       0x02
	Sheogorad (-6, 18)                       0x02
	Sheogorad (-6, 19)                       0x02
	Sheogorad (-6, 20)                       0x02
	Sheogorad (-6, 21)                       0x02
	Sheogorad (-7, 18)                       0x02
	Sheogorad (-7, 19)                       0x02
	Sheogorad (-7, 20)                       0x02
	Sheogorad (-7, 21)                       0x02
	Sheogorad (-8, 18)                       0x02
	Sheogorad (-8, 19)                       0x02
	Sheogorad (0, 19)                        0x02
	Sheogorad (0, 20)                        0x02
	Sheogorad (0, 21)                        0x02
	Sheogorad (0, 23)                        0x02
	Sheogorad (0, 24)                        0x02
	Sheogorad (1, 18)                        0x02
	Sheogorad (1, 19)                        0x02
	Sheogorad (1, 20)                        0x02
	Sheogorad (1, 22)                        0x02
	Sheogorad (1, 23)                        0x02
	Sheogorad (1, 24)                        0x02
	Sheogorad (11, 23)                       0x02
	Sheogorad (2, 17)                        0x02
	Sheogorad (2, 18)                        0x02
	Sheogorad (2, 19)                        0x02
	Sheogorad (2, 20)                        0x02
	Sheogorad (2, 21)                        0x02
	Sheogorad (2, 22)                        0x02
	Sheogorad (2, 23)                        0x02
	Sheogorad (2, 24)                        0x02
	Sheogorad (3, 17)                        0x02
	Sheogorad (3, 18)                        0x02
	Sheogorad (3, 19)                        0x02
	Sheogorad (3, 20)                        0x02
	Sheogorad (3, 21)                        0x02
	Sheogorad (3, 22)                        0x02
	Sheogorad (3, 23)                        0x02
	Sheogorad (3, 24)                        0x02
	Sheogorad (4, 17)                        0x02
	Sheogorad (4, 18)                        0x02
	Sheogorad (4, 19)                        0x02
	Sheogorad (4, 20)                        0x02
	Sheogorad (4, 21)                        0x02
	Sheogorad (4, 22)                        0x02
	Sheogorad (4, 23)                        0x02
	Sheogorad (5, 16)                        0x02
	Sheogorad (5, 17)                        0x02
	Sheogorad (5, 18)                        0x02
	Sheogorad (5, 19)                        0x02
	Sheogorad (5, 20)                        0x02
	Sheogorad (5, 21)                        0x02
	Sheogorad (5, 22)                        0x02
	Sheogorad (5, 23)                        0x02
	Sheogorad (5, 24)                        0x02
	Sheogorad (6, 16)                        0x02
	Sheogorad (6, 17)                        0x02
	Sheogorad (6, 19)                        0x02
	Sheogorad (6, 20)                        0x02
	Sheogorad (6, 22)                        0x02
	Sheogorad (6, 23)                        0x02
	Sheogorad (6, 24)                        0x02
	Sheogorad (6, 25)                        0x02
	Sheogorad (7, 16)                        0x02
	Sheogorad (7, 17)                        0x02
	Sheogorad (7, 18)                        0x02
	Sheogorad (7, 19)                        0x02
	Sheogorad (7, 20)                        0x02
	Sheogorad (7, 21)                        0x02
	Sheogorad (7, 23)                        0x02
	Sheogorad (7, 24)                        0x02
	Sheogorad (7, 25)                        0x02
	Sheogorad (8, 17)                        0x02
	Sheogorad (8, 18)                        0x02
	Sheogorad (8, 19)                        0x02
	Sheogorad (8, 20)                        0x02
	Sheogorad (8, 21)                        0x02
	Sheogorad (8, 22)                        0x02
	Sheogorad (8, 23)                        0x02
	Sheogorad (9, 20)                        0x02
	Sheogorad (9, 21)                        0x02
	West Gash Region (-1, -1)                0x02
	West Gash Region (-1, -2)                0x02
	West Gash Region (-1, 0)                 0x02
	West Gash Region (-1, 1)                 0x02
	West Gash Region (-1, 2)                 0x02
	West Gash Region (-1, 3)                 0x02
	West Gash Region (-10, 10)               0x02
	West Gash Region (-10, 12)               0x02
	West Gash Region (-10, 13)               0x02
	West Gash Region (-10, 14)               0x02
	West Gash Region (-10, 16)               0x02
	West Gash Region (-10, 17)               0x02
	West Gash Region (-10, 6)                0x02
	West Gash Region (-10, 7)                0x02
	West Gash Region (-10, 8)                0x02
	West Gash Region (-11, 12)               0x02
	West Gash Region (-11, 13)               0x02
	West Gash Region (-11, 14)               0x02
	West Gash Region (-11, 6)                0x02
	West Gash Region (-11, 7)                0x02
	West Gash Region (-11, 8)                0x02
	West Gash Region (-12, 10)               0x02
	West Gash Region (-12, 11)               0x02
	West Gash Region (-12, 12)               0x02
	West Gash Region (-12, 13)               0x02
	West Gash Region (-12, 14)               0x02
	West Gash Region (-12, 15)               0x02
	West Gash Region (-12, 6)                0x02
	West Gash Region (-12, 7)                0x02
	West Gash Region (-12, 8)                0x02
	West Gash Region (-12, 9)                0x02
	West Gash Region (-13, 10)               0x02
	West Gash Region (-13, 11)               0x02
	West Gash Region (-13, 12)               0x02
	West Gash Region (-13, 13)               0x02
	West Gash Region (-13, 14)               0x02
	West Gash Region (-13, 15)               0x02
	West Gash Region (-13, 16)               0x02
	West Gash Region (-13, 9)                0x02
	West Gash Region (-14, 11)               0x02
	West Gash Region (-14, 12)               0x02
	West Gash Region (-14, 13)               0x02
	West Gash Region (-14, 14)               0x02
	West Gash Region (-14, 15)               0x02
	West Gash Region (-14, 8)                0x02
	West Gash Region (-14, 9)                0x02
	West Gash Region (-15, 12)               0x02
	West Gash Region (-15, 13)               0x02
	West Gash Region (-15, 7)                0x02
	West Gash Region (-15, 8)                0x02
	West Gash Region (-16, 7)                0x02
	West Gash Region (-16, 8)                0x02
	West Gash Region (-2, -3)                0x02
	West Gash Region (-2, 0)                 0x02
	West Gash Region (-2, 3)                 0x02
	West Gash Region (-2, 4)                 0x02
	West Gash Region (-3, -1)                0x02
	West Gash Region (-3, 0)                 0x02
	West Gash Region (-3, 1)                 0x02
	West Gash Region (-3, 2)                 0x02
	West Gash Region (-3, 3)                 0x02
	West Gash Region (-3, 4)                 0x02
	West Gash Region (-4, 0)                 0x02
	West Gash Region (-4, 1)                 0x02
	West Gash Region (-4, 2)                 0x02
	West Gash Region (-4, 3)                 0x02
	West Gash Region (-4, 4)                 0x02
	West Gash Region (-4, 5)                 0x02
	West Gash Region (-5, 4)                 0x02
	West Gash Region (-5, 5)                 0x02
	West Gash Region (-5, 6)                 0x02
	West Gash Region (-6, 10)                0x02
	West Gash Region (-6, 12)                0x02
	West Gash Region (-6, 13)                0x02
	West Gash Region (-6, 14)                0x02
	West Gash Region (-6, 5)                 0x02
	West Gash Region (-6, 6)                 0x02
	West Gash Region (-6, 7)                 0x02
	West Gash Region (-6, 8)                 0x02
	West Gash Region (-6, 9)                 0x02
	West Gash Region (-7, 10)                0x02
	West Gash Region (-7, 11)                0x02
	West Gash Region (-7, 12)                0x02
	West Gash Region (-7, 13)                0x02
	West Gash Region (-7, 14)                0x02
	West Gash Region (-7, 15)                0x02
	West Gash Region (-7, 16)                0x02
	West Gash Region (-7, 17)                0x02
	West Gash Region (-7, 6)                 0x02
	West Gash Region (-7, 7)                 0x02
	West Gash Region (-7, 8)                 0x02
	West Gash Region (-7, 9)                 0x02
	West Gash Region (-8, 10)                0x02
	West Gash Region (-8, 11)                0x02
	West Gash Region (-8, 12)                0x02
	West Gash Region (-8, 13)                0x02
	West Gash Region (-8, 14)                0x02
	West Gash Region (-8, 15)                0x02
	West Gash Region (-8, 16)                0x02
	West Gash Region (-8, 17)                0x02
	West Gash Region (-8, 6)                 0x02
	West Gash Region (-8, 7)                 0x02
	West Gash Region (-8, 8)                 0x02
	West Gash Region (-8, 9)                 0x02
	West Gash Region (-9, 10)                0x02
	West Gash Region (-9, 11)                0x02
	West Gash Region (-9, 12)                0x02
	West Gash Region (-9, 13)                0x02
	West Gash Region (-9, 14)                0x02
	West Gash Region (-9, 15)                0x02
	West Gash Region (-9, 6)                 0x02
	West Gash Region (-9, 7)                 0x02
	West Gash Region (-9, 8)                 0x02
	West Gash Region (-9, 9)                 0x02
	Wilderness (-15, -8)                     0x02
	Wilderness (-19, 14)                     0x02
	Wilderness (-19, 15)                     0x02
	Wilderness (-20, 15)                     0x02
	Wilderness (-28, 24)                     0x02
	Wilderness (-29, 23)                     0x02
    [DUP-REC] Duplicate Records:
	From Master         Type    Name
	bloodmoon.esm       CONT    rock_ebony_01
	bloodmoon.esm       CONT    rock_ebony_07
	morrowind.esm       CONT    rock_diamond_01
	morrowind.esm       CONT    rock_diamond_02
	morrowind.esm       CONT    rock_diamond_03
	morrowind.esm       CONT    rock_diamond_04
	morrowind.esm       CONT    rock_diamond_05
	morrowind.esm       CONT    rock_diamond_06
	morrowind.esm       CONT    rock_diamond_07
	morrowind.esm       CONT    rock_ebony_02
	morrowind.esm       CONT    rock_ebony_03
	morrowind.esm       CONT    rock_ebony_04
	morrowind.esm       CONT    rock_ebony_05
	morrowind.esm       CONT    rock_ebony_06
	morrowind.esm       CONT    rock_glass_02
	morrowind.esm       CONT    rock_glass_03
	morrowind.esm       CONT    rock_glass_04
	morrowind.esm       CONT    rock_glass_05
	morrowind.esm       CONT    rock_glass_06
	morrowind.esm       CONT    rock_glass_07
	morrowind.esm       LTEX    ac_darkgravel
	morrowind.esm       LTEX    ac_darkstone01
	morrowind.esm       LTEX    ac_darkstone02
	morrowind.esm       LTEX    ac_darkstone_grass
	morrowind.esm       LTEX    ac_dirt_01
	morrowind.esm       LTEX    ac_dirt_grass_01
	morrowind.esm       LTEX    ac_dirt_grass_02
	morrowind.esm       LTEX    ac_dirtroad_01
	morrowind.esm       LTEX    ac_roundstone
	morrowind.esm       LTEX    ac_scrubplain_01
	morrowind.esm       LTEX    ac_scrubplain_02
	morrowind.esm       LTEX    ai_clover
	morrowind.esm       LTEX    ai_dirt
	morrowind.esm       LTEX    ai_dirtroad
	morrowind.esm       LTEX    ai_grass
	morrowind.esm       LTEX    ai_grass_02
	morrowind.esm       LTEX    ai_grass_cobbles
	morrowind.esm       LTEX    ai_grass_dirt
	morrowind.esm       LTEX    ai_grass_rocky
	morrowind.esm       LTEX    ai_mudflats_01.tga
	morrowind.esm       LTEX    ai_tilled_dirt
	morrowind.esm       LTEX    al_ash_01
	morrowind.esm       LTEX    al_ash_02
	morrowind.esm       LTEX    al_ash_03
	morrowind.esm       LTEX    al_ash_04
	morrowind.esm       LTEX    al_road_01
	morrowind.esm       LTEX    daedric stone
	morrowind.esm       LTEX    daedric_scrubruins
	morrowind.esm       LTEX    gl_dirt_01
	morrowind.esm       LTEX    gl_dirt_02
	morrowind.esm       LTEX    gl_dirt_grass_01
	morrowind.esm       LTEX    gl_dirt_grass_02
	morrowind.esm       LTEX    gl_dirtroad
	morrowind.esm       LTEX    gl_grass_01
	morrowind.esm       LTEX    gl_grass_02
	morrowind.esm       LTEX    gl_grass_03
	morrowind.esm       LTEX    gl_grass_04
	morrowind.esm       LTEX    gl_grass_05
	morrowind.esm       LTEX    gl_rock_01
	morrowind.esm       LTEX    gl_rock_02
	morrowind.esm       LTEX    lavacrust01.tga
	morrowind.esm       LTEX    lavacrust02.tga
	morrowind.esm       LTEX    ma_crackedearth
	morrowind.esm       LTEX    ma_lava
	morrowind.esm       LTEX    ma_lava02
	morrowind.esm       LTEX    ma_lava03
	morrowind.esm       LTEX    ma_lava04
	morrowind.esm       LTEX    ma_lava05
	morrowind.esm       LTEX    ma_lava06
	morrowind.esm       LTEX    ma_lavacrust.tga
	morrowind.esm       LTEX    ma_lavaflow
	morrowind.esm       LTEX    ma_lavaridge
	morrowind.esm       LTEX    ma_lavarock
	morrowind.esm       LTEX    ma_rock04
	morrowind.esm       LTEX    ma_sandstone02
	morrowind.esm       LTEX    ma_sulphur_rock01
	morrowind.esm       LTEX    ma_sulphur_rock02
	morrowind.esm       LTEX    ma_sulphur_rock03
	morrowind.esm       LTEX    ma_sulphur_rock05
	morrowind.esm       LTEX    ma_sulphur_rock06
	morrowind.esm       LTEX    ma_sulphur_rock07
	morrowind.esm       LTEX    ma_sulphur_rock08
	morrowind.esm       LTEX    ma_sulphur_rock09
	morrowind.esm       LTEX    rm_grayrock
	morrowind.esm       LTEX    rm_redrock
	morrowind.esm       LTEX    rm_rock_01
	morrowind.esm       LTEX    rm_rock_02
	morrowind.esm       LTEX    rm_rock_03
	morrowind.esm       LTEX    rm_whiterock
	morrowind.esm       LTEX    road dirt
	morrowind.esm       LTEX    rock_coastal
	morrowind.esm       LTEX    sand
	morrowind.esm       LTEX    sand_02
	morrowind.esm       LTEX    scrub plain
	morrowind.esm       LTEX    tx_ai_mainroad_01.tga
	morrowind.esm       LTEX    tx_ai_mudflats_01.tga
	morrowind.esm       LTEX    tx_bc_bank.tga
	morrowind.esm       LTEX    tx_bc_dirt.tga
	morrowind.esm       LTEX    tx_bc_grass.tga
	morrowind.esm       LTEX    tx_bc_mainroad_01.tga
	morrowind.esm       LTEX    tx_bc_moss.tga
	morrowind.esm       LTEX    tx_bc_muck.tga
	morrowind.esm       LTEX    tx_bc_muck_01.tga
	morrowind.esm       LTEX    tx_bc_mud.tga
	morrowind.esm       LTEX    tx_bc_rock_01.tga
	morrowind.esm       LTEX    tx_bc_rock_02.tga
	morrowind.esm       LTEX    tx_bc_rock_03.tga
	morrowind.esm       LTEX    tx_bc_rock_04.tga
	morrowind.esm       LTEX    tx_bc_rockyscrub.tga
	morrowind.esm       LTEX    tx_bc_scrub.tga
	morrowind.esm       LTEX    tx_bc_undergrowth.tga
	morrowind.esm       LTEX    tx_land_darkstone01.tga
	morrowind.esm       LTEX    tx_land_darkstone02.tga
	morrowind.esm       LTEX    tx_lavacrust00.tga
	morrowind.esm       LTEX    tx_rm_grayrock_01.tga
	morrowind.esm       LTEX    tx_rock_wg_01.tga
	morrowind.esm       LTEX    tx_rocky_mt.tga
	morrowind.esm       LTEX    tx_rockyscrub_01.tga
	morrowind.esm       LTEX    wg_cobblestones
	morrowind.esm       LTEX    wg_dirtroad_01
	morrowind.esm       LTEX    wg_dirtscrub
	morrowind.esm       LTEX    wg_mainroad_01
	morrowind.esm       LTEX    wg_road
	morrowind.esm       LTEX    wg_rock
	morrowind.esm       LTEX    wg_rockydirt
	morrowind.esm       LTEX    wg_rockyscrub
	morrowind.esm       LTEX    wg_scrub plain
    [OVR-REC] Overridden Records:
	From Master         Type    Name
	bloodmoon.esm       LAND    (-17, 21)
	bloodmoon.esm       LAND    (-17, 22)
	bloodmoon.esm       LAND    (-17, 24)
	bloodmoon.esm       LAND    (-17, 25)
	bloodmoon.esm       LAND    (-18, 18)
	bloodmoon.esm       LAND    (-18, 20)
	bloodmoon.esm       LAND    (-18, 21)
	bloodmoon.esm       LAND    (-18, 22)
	bloodmoon.esm       LAND    (-18, 23)
	bloodmoon.esm       LAND    (-18, 24)
	bloodmoon.esm       LAND    (-18, 25)
	bloodmoon.esm       LAND    (-18, 26)
	bloodmoon.esm       LAND    (-19, 16)
	bloodmoon.esm       LAND    (-19, 17)
	bloodmoon.esm       LAND    (-19, 18)
	bloodmoon.esm       LAND    (-19, 19)
	bloodmoon.esm       LAND    (-19, 20)
	bloodmoon.esm       LAND    (-19, 21)
	bloodmoon.esm       LAND    (-19, 22)
	bloodmoon.esm       LAND    (-19, 23)
	bloodmoon.esm       LAND    (-19, 24)
	bloodmoon.esm       LAND    (-19, 25)
	bloodmoon.esm       LAND    (-19, 26)
	bloodmoon.esm       LAND    (-20, 17)
	bloodmoon.esm       LAND    (-20, 18)
	bloodmoon.esm       LAND    (-20, 19)
	bloodmoon.esm       LAND    (-20, 20)
	bloodmoon.esm       LAND    (-20, 21)
	bloodmoon.esm       LAND    (-20, 22)
	bloodmoon.esm       LAND    (-20, 23)
	bloodmoon.esm       LAND    (-20, 24)
	bloodmoon.esm       LAND    (-20, 25)
	bloodmoon.esm       LAND    (-20, 26)
	bloodmoon.esm       LAND    (-20, 27)
	bloodmoon.esm       LAND    (-21, 16)
	bloodmoon.esm       LAND    (-21, 17)
	bloodmoon.esm       LAND    (-21, 18)
	bloodmoon.esm       LAND    (-21, 19)
	bloodmoon.esm       LAND    (-21, 20)
	bloodmoon.esm       LAND    (-21, 21)
	bloodmoon.esm       LAND    (-21, 22)
	bloodmoon.esm       LAND    (-21, 23)
	bloodmoon.esm       LAND    (-21, 24)
	bloodmoon.esm       LAND    (-21, 25)
	bloodmoon.esm       LAND    (-21, 26)
	bloodmoon.esm       LAND    (-21, 27)
	bloodmoon.esm       LAND    (-22, 15)
	bloodmoon.esm       LAND    (-22, 16)
	bloodmoon.esm       LAND    (-22, 17)
	bloodmoon.esm       LAND    (-22, 18)
	bloodmoon.esm       LAND    (-22, 19)
	bloodmoon.esm       LAND    (-22, 20)
	bloodmoon.esm       LAND    (-22, 21)
	bloodmoon.esm       LAND    (-22, 22)
	bloodmoon.esm       LAND    (-22, 23)
	bloodmoon.esm       LAND    (-22, 24)
	bloodmoon.esm       LAND    (-22, 25)
	bloodmoon.esm       LAND    (-22, 26)
	bloodmoon.esm       LAND    (-22, 27)
	bloodmoon.esm       LAND    (-23, 14)
	bloodmoon.esm       LAND    (-23, 15)
	bloodmoon.esm       LAND    (-23, 16)
	bloodmoon.esm       LAND    (-23, 17)
	bloodmoon.esm       LAND    (-23, 18)
	bloodmoon.esm       LAND    (-23, 19)
	bloodmoon.esm       LAND    (-23, 20)
	bloodmoon.esm       LAND    (-23, 21)
	bloodmoon.esm       LAND    (-23, 22)
	bloodmoon.esm       LAND    (-23, 23)
	bloodmoon.esm       LAND    (-23, 24)
	bloodmoon.esm       LAND    (-23, 25)
	bloodmoon.esm       LAND    (-23, 26)
	bloodmoon.esm       LAND    (-23, 27)
	bloodmoon.esm       LAND    (-24, 15)
	bloodmoon.esm       LAND    (-24, 16)
	bloodmoon.esm       LAND    (-24, 17)
	bloodmoon.esm       LAND    (-24, 18)
	bloodmoon.esm       LAND    (-24, 19)
	bloodmoon.esm       LAND    (-24, 20)
	bloodmoon.esm       LAND    (-24, 21)
	bloodmoon.esm       LAND    (-24, 22)
	bloodmoon.esm       LAND    (-24, 23)
	bloodmoon.esm       LAND    (-24, 24)
	bloodmoon.esm       LAND    (-24, 25)
	bloodmoon.esm       LAND    (-24, 26)
	bloodmoon.esm       LAND    (-24, 27)
	bloodmoon.esm       LAND    (-25, 17)
	bloodmoon.esm       LAND    (-25, 18)
	bloodmoon.esm       LAND    (-25, 19)
	bloodmoon.esm       LAND    (-25, 20)
	bloodmoon.esm       LAND    (-25, 21)
	bloodmoon.esm       LAND    (-25, 22)
	bloodmoon.esm       LAND    (-25, 23)
	bloodmoon.esm       LAND    (-25, 24)
	bloodmoon.esm       LAND    (-25, 25)
	bloodmoon.esm       LAND    (-25, 26)
	bloodmoon.esm       LAND    (-25, 27)
	bloodmoon.esm       LAND    (-26, 17)
	bloodmoon.esm       LAND    (-26, 18)
	bloodmoon.esm       LAND    (-26, 19)
	bloodmoon.esm       LAND    (-26, 20)
	bloodmoon.esm       LAND    (-26, 21)
	bloodmoon.esm       LAND    (-26, 22)
	bloodmoon.esm       LAND    (-26, 23)
	bloodmoon.esm       LAND    (-26, 24)
	bloodmoon.esm       LAND    (-26, 25)
	bloodmoon.esm       LAND    (-26, 26)
	bloodmoon.esm       LAND    (-26, 27)
	bloodmoon.esm       LAND    (-27, 19)
	bloodmoon.esm       LAND    (-27, 21)
	bloodmoon.esm       LAND    (-27, 22)
	bloodmoon.esm       LAND    (-27, 23)
	bloodmoon.esm       LAND    (-27, 24)
	bloodmoon.esm       LAND    (-27, 25)
	bloodmoon.esm       LAND    (-27, 26)
	bloodmoon.esm       LAND    (-27, 27)
	bloodmoon.esm       LTEX    tx_bm_cobblestone_01.dds
	bloodmoon.esm       LTEX    tx_bm_dirt_01.dds
	bloodmoon.esm       LTEX    tx_bm_dirt_snow_01.dds
	bloodmoon.esm       LTEX    tx_bm_grass_01.dds
	bloodmoon.esm       LTEX    tx_bm_grass_02.dds
	bloodmoon.esm       LTEX    tx_bm_grass_03.dds
	bloodmoon.esm       LTEX    tx_bm_grass_dirt_01.dds
	bloodmoon.esm       LTEX    tx_bm_grass_snow_01.dds
	bloodmoon.esm       LTEX    tx_bm_grass_snow_02.dds
	bloodmoon.esm       LTEX    tx_bm_grass_snow_02a.dds
	bloodmoon.esm       LTEX    tx_bm_grass_snow_03.dds
	bloodmoon.esm       LTEX    tx_bm_ice_01.dds
	bloodmoon.esm       LTEX    tx_bm_ice_02.dds
	bloodmoon.esm       LTEX    tx_bm_ice_03.dds
	bloodmoon.esm       LTEX    tx_bm_ice_04.dds
	bloodmoon.esm       LTEX    tx_bm_ice_05.dds
	bloodmoon.esm       LTEX    tx_bm_ice_06.dds
	bloodmoon.esm       LTEX    tx_bm_pine_needles_01.dds
	bloodmoon.esm       LTEX    tx_bm_rock_01.dds
	bloodmoon.esm       LTEX    tx_bm_rock_02.dds
	bloodmoon.esm       LTEX    tx_bm_rock_03.dds
	bloodmoon.esm       LTEX    tx_bm_rock_dirt_01.dds
	bloodmoon.esm       LTEX    tx_bm_rock_snow_01.dds
	bloodmoon.esm       LTEX    tx_bm_rock_snow_01a.dds
	bloodmoon.esm       LTEX    tx_bm_rock_snow_02.dds
	bloodmoon.esm       LTEX    tx_bm_rock_snow_02a.dds
	bloodmoon.esm       LTEX    tx_bm_rock_snow_03.dds
	bloodmoon.esm       LTEX    tx_bm_snow_01.dds
	bloodmoon.esm       LTEX    tx_bm_snow_02.dds
	bloodmoon.esm       LTEX    tx_bm_snow_03.dds
	bloodmoon.esm       LTEX    tx_bm_snow_04.dds
	bloodmoon.esm       LTEX    tx_bm_snow_05.dds
	bloodmoon.esm       LTEX    tx_bm_snow_ice_01.dds
	bloodmoon.esm       LTEX    tx_bm_snow_rock_01.dds
	morrowind.esm       ACTI    active_sign_ald-ruhn_01
	morrowind.esm       ACTI    active_sign_ald-ruhn_02
	morrowind.esm       ACTI    active_sign_ald-ruhnb_01
	morrowind.esm       ACTI    active_sign_ald-ruhnm_01
	morrowind.esm       ACTI    active_sign_aldvelothi_01
	morrowind.esm       ACTI    active_sign_balmora_01
	morrowind.esm       ACTI    active_sign_balmora_02
	morrowind.esm       ACTI    active_sign_buckmoth_01
	morrowind.esm       ACTI    active_sign_buckmoth_02
	morrowind.esm       ACTI    active_sign_buckmothb_01
	morrowind.esm       ACTI    active_sign_buckmothm_01
	morrowind.esm       ACTI    active_sign_cal_mine_02
	morrowind.esm       ACTI    active_sign_caldera_01
	morrowind.esm       ACTI    active_sign_caldera_02
	morrowind.esm       ACTI    active_sign_dagon_fel_01
	morrowind.esm       ACTI    active_sign_dagon_fell_01
	morrowind.esm       ACTI    active_sign_ebonheart_01
	morrowind.esm       ACTI    active_sign_ebonheart_02
	morrowind.esm       ACTI    active_sign_ghostgate_01
	morrowind.esm       ACTI    active_sign_gnaar _mok_01
	morrowind.esm       ACTI    active_sign_gnaar_mok_02
	morrowind.esm       ACTI    active_sign_gnisis_01
	morrowind.esm       ACTI    active_sign_guartrail_01
	morrowind.esm       ACTI    active_sign_hla_oad_01
	morrowind.esm       ACTI    active_sign_hla_oad_02
	morrowind.esm       ACTI    active_sign_khuul_01
	morrowind.esm       ACTI    active_sign_maar_gan_01
	morrowind.esm       ACTI    active_sign_maar_gan_02
	morrowind.esm       ACTI    active_sign_maar_ganb_02
	morrowind.esm       ACTI    active_sign_maar_ganm_02
	morrowind.esm       ACTI    active_sign_molag_mar_01
	morrowind.esm       ACTI    active_sign_moonmoth_01
	morrowind.esm       ACTI    active_sign_mt_a_01
	morrowind.esm       ACTI    active_sign_mt_kand_01
	morrowind.esm       ACTI    active_sign_pelagiad_01
	morrowind.esm       ACTI    active_sign_pelagiad_02
	morrowind.esm       ACTI    active_sign_pelagiadb_01
	morrowind.esm       ACTI    active_sign_pelagiadm_01
	morrowind.esm       ACTI    active_sign_seydaneen_01
	morrowind.esm       ACTI    active_sign_seydaneen_02
	morrowind.esm       ACTI    active_sign_suran_01
	morrowind.esm       ACTI    active_sign_tel_vos_01
	morrowind.esm       ACTI    active_sign_vivec_01
	morrowind.esm       ACTI    active_sign_vivec_02
	morrowind.esm       ACTI    active_sign_vos_01
	morrowind.esm       CONT    rock_glass_01
	morrowind.esm       LAND    (-1, -1)
	morrowind.esm       LAND    (-1, -10)
	morrowind.esm       LAND    (-1, -11)
	morrowind.esm       LAND    (-1, -2)
	morrowind.esm       LAND    (-1, -3)
	morrowind.esm       LAND    (-1, -4)
	morrowind.esm       LAND    (-1, -5)
	morrowind.esm       LAND    (-1, -6)
	morrowind.esm       LAND    (-1, -7)
	morrowind.esm       LAND    (-1, -8)
	morrowind.esm       LAND    (-1, -9)
	morrowind.esm       LAND    (-1, 0)
	morrowind.esm       LAND    (-1, 1)
	morrowind.esm       LAND    (-1, 10)
	morrowind.esm       LAND    (-1, 11)
	morrowind.esm       LAND    (-1, 12)
	morrowind.esm       LAND    (-1, 13)
	morrowind.esm       LAND    (-1, 14)
	morrowind.esm       LAND    (-1, 15)
	morrowind.esm       LAND    (-1, 16)
	morrowind.esm       LAND    (-1, 17)
	morrowind.esm       LAND    (-1, 18)
	morrowind.esm       LAND    (-1, 19)
	morrowind.esm       LAND    (-1, 2)
	morrowind.esm       LAND    (-1, 20)
	morrowind.esm       LAND    (-1, 21)
	morrowind.esm       LAND    (-1, 22)
	morrowind.esm       LAND    (-1, 3)
	morrowind.esm       LAND    (-1, 4)
	morrowind.esm       LAND    (-1, 5)
	morrowind.esm       LAND    (-1, 6)
	morrowind.esm       LAND    (-1, 7)
	morrowind.esm       LAND    (-1, 8)
	morrowind.esm       LAND    (-1, 9)
	morrowind.esm       LAND    (-10, 1)
	morrowind.esm       LAND    (-10, 10)
	morrowind.esm       LAND    (-10, 11)
	morrowind.esm       LAND    (-10, 12)
	morrowind.esm       LAND    (-10, 13)
	morrowind.esm       LAND    (-10, 14)
	morrowind.esm       LAND    (-10, 15)
	morrowind.esm       LAND    (-10, 16)
	morrowind.esm       LAND    (-10, 17)
	morrowind.esm       LAND    (-10, 2)
	morrowind.esm       LAND    (-10, 3)
	morrowind.esm       LAND    (-10, 6)
	morrowind.esm       LAND    (-10, 7)
	morrowind.esm       LAND    (-10, 8)
	morrowind.esm       LAND    (-10, 9)
	morrowind.esm       LAND    (-11, 10)
	morrowind.esm       LAND    (-11, 11)
	morrowind.esm       LAND    (-11, 12)
	morrowind.esm       LAND    (-11, 13)
	morrowind.esm       LAND    (-11, 14)
	morrowind.esm       LAND    (-11, 15)
	morrowind.esm       LAND    (-11, 6)
	morrowind.esm       LAND    (-11, 7)
	morrowind.esm       LAND    (-11, 8)
	morrowind.esm       LAND    (-11, 9)
	morrowind.esm       LAND    (-12, 10)
	morrowind.esm       LAND    (-12, 11)
	morrowind.esm       LAND    (-12, 12)
	morrowind.esm       LAND    (-12, 13)
	morrowind.esm       LAND    (-12, 14)
	morrowind.esm       LAND    (-12, 15)
	morrowind.esm       LAND    (-12, 6)
	morrowind.esm       LAND    (-12, 7)
	morrowind.esm       LAND    (-12, 8)
	morrowind.esm       LAND    (-12, 9)
	morrowind.esm       LAND    (-13, 10)
	morrowind.esm       LAND    (-13, 11)
	morrowind.esm       LAND    (-13, 12)
	morrowind.esm       LAND    (-13, 13)
	morrowind.esm       LAND    (-13, 14)
	morrowind.esm       LAND    (-13, 15)
	morrowind.esm       LAND    (-13, 16)
	morrowind.esm       LAND    (-13, 9)
	morrowind.esm       LAND    (-14, 11)
	morrowind.esm       LAND    (-14, 12)
	morrowind.esm       LAND    (-14, 13)
	morrowind.esm       LAND    (-14, 14)
	morrowind.esm       LAND    (-14, 15)
	morrowind.esm       LAND    (-14, 8)
	morrowind.esm       LAND    (-14, 9)
	morrowind.esm       LAND    (-15, 12)
	morrowind.esm       LAND    (-15, 13)
	morrowind.esm       LAND    (-15, 14)
	morrowind.esm       LAND    (-15, 8)
	morrowind.esm       LAND    (-2, -1)
	morrowind.esm       LAND    (-2, -10)
	morrowind.esm       LAND    (-2, -11)
	morrowind.esm       LAND    (-2, -13)
	morrowind.esm       LAND    (-2, -14)
	morrowind.esm       LAND    (-2, -15)
	morrowind.esm       LAND    (-2, -2)
	morrowind.esm       LAND    (-2, -3)
	morrowind.esm       LAND    (-2, -4)
	morrowind.esm       LAND    (-2, -5)
	morrowind.esm       LAND    (-2, -6)
	morrowind.esm       LAND    (-2, -7)
	morrowind.esm       LAND    (-2, -8)
	morrowind.esm       LAND    (-2, -9)
	morrowind.esm       LAND    (-2, 0)
	morrowind.esm       LAND    (-2, 1)
	morrowind.esm       LAND    (-2, 10)
	morrowind.esm       LAND    (-2, 11)
	morrowind.esm       LAND    (-2, 12)
	morrowind.esm       LAND    (-2, 13)
	morrowind.esm       LAND    (-2, 14)
	morrowind.esm       LAND    (-2, 15)
	morrowind.esm       LAND    (-2, 16)
	morrowind.esm       LAND    (-2, 17)
	morrowind.esm       LAND    (-2, 18)
	morrowind.esm       LAND    (-2, 19)
	morrowind.esm       LAND    (-2, 2)
	morrowind.esm       LAND    (-2, 20)
	morrowind.esm       LAND    (-2, 21)
	morrowind.esm       LAND    (-2, 22)
	morrowind.esm       LAND    (-2, 23)
	morrowind.esm       LAND    (-2, 24)
	morrowind.esm       LAND    (-2, 3)
	morrowind.esm       LAND    (-2, 4)
	morrowind.esm       LAND    (-2, 5)
	morrowind.esm       LAND    (-2, 6)
	morrowind.esm       LAND    (-2, 7)
	morrowind.esm       LAND    (-2, 8)
	morrowind.esm       LAND    (-2, 9)
	morrowind.esm       LAND    (-3, -1)
	morrowind.esm       LAND    (-3, -10)
	morrowind.esm       LAND    (-3, -14)
	morrowind.esm       LAND    (-3, -2)
	morrowind.esm       LAND    (-3, -3)
	morrowind.esm       LAND    (-3, -4)
	morrowind.esm       LAND    (-3, -5)
	morrowind.esm       LAND    (-3, -6)
	morrowind.esm       LAND    (-3, -7)
	morrowind.esm       LAND    (-3, -8)
	morrowind.esm       LAND    (-3, -9)
	morrowind.esm       LAND    (-3, 0)
	morrowind.esm       LAND    (-3, 1)
	morrowind.esm       LAND    (-3, 10)
	morrowind.esm       LAND    (-3, 11)
	morrowind.esm       LAND    (-3, 12)
	morrowind.esm       LAND    (-3, 13)
	morrowind.esm       LAND    (-3, 14)
	morrowind.esm       LAND    (-3, 15)
	morrowind.esm       LAND    (-3, 16)
	morrowind.esm       LAND    (-3, 17)
	morrowind.esm       LAND    (-3, 18)
	morrowind.esm       LAND    (-3, 19)
	morrowind.esm       LAND    (-3, 2)
	morrowind.esm       LAND    (-3, 20)
	morrowind.esm       LAND    (-3, 21)
	morrowind.esm       LAND    (-3, 22)
	morrowind.esm       LAND    (-3, 3)
	morrowind.esm       LAND    (-3, 4)
	morrowind.esm       LAND    (-3, 5)
	morrowind.esm       LAND    (-3, 6)
	morrowind.esm       LAND    (-3, 7)
	morrowind.esm       LAND    (-3, 8)
	morrowind.esm       LAND    (-3, 9)
	morrowind.esm       LAND    (-4, -1)
	morrowind.esm       LAND    (-4, -14)
	morrowind.esm       LAND    (-4, -2)
	morrowind.esm       LAND    (-4, -3)
	morrowind.esm       LAND    (-4, -4)
	morrowind.esm       LAND    (-4, -5)
	morrowind.esm       LAND    (-4, -6)
	morrowind.esm       LAND    (-4, -7)
	morrowind.esm       LAND    (-4, -8)
	morrowind.esm       LAND    (-4, -9)
	morrowind.esm       LAND    (-4, 0)
	morrowind.esm       LAND    (-4, 1)
	morrowind.esm       LAND    (-4, 10)
	morrowind.esm       LAND    (-4, 11)
	morrowind.esm       LAND    (-4, 12)
	morrowind.esm       LAND    (-4, 13)
	morrowind.esm       LAND    (-4, 14)
	morrowind.esm       LAND    (-4, 15)
	morrowind.esm       LAND    (-4, 16)
	morrowind.esm       LAND    (-4, 17)
	morrowind.esm       LAND    (-4, 18)
	morrowind.esm       LAND    (-4, 19)
	morrowind.esm       LAND    (-4, 2)
	morrowind.esm       LAND    (-4, 20)
	morrowind.esm       LAND    (-4, 21)
	morrowind.esm       LAND    (-4, 22)
	morrowind.esm       LAND    (-4, 3)
	morrowind.esm       LAND    (-4, 4)
	morrowind.esm       LAND    (-4, 5)
	morrowind.esm       LAND    (-4, 6)
	morrowind.esm       LAND    (-4, 7)
	morrowind.esm       LAND    (-4, 8)
	morrowind.esm       LAND    (-4, 9)
	morrowind.esm       LAND    (-5, -1)
	morrowind.esm       LAND    (-5, -10)
	morrowind.esm       LAND    (-5, -13)
	morrowind.esm       LAND    (-5, -14)
	morrowind.esm       LAND    (-5, -2)
	morrowind.esm       LAND    (-5, -3)
	morrowind.esm       LAND    (-5, -4)
	morrowind.esm       LAND    (-5, -5)
	morrowind.esm       LAND    (-5, -6)
	morrowind.esm       LAND    (-5, -7)
	morrowind.esm       LAND    (-5, -8)
	morrowind.esm       LAND    (-5, -9)
	morrowind.esm       LAND    (-5, 0)
	morrowind.esm       LAND    (-5, 1)
	morrowind.esm       LAND    (-5, 10)
	morrowind.esm       LAND    (-5, 11)
	morrowind.esm       LAND    (-5, 12)
	morrowind.esm       LAND    (-5, 13)
	morrowind.esm       LAND    (-5, 14)
	morrowind.esm       LAND    (-5, 15)
	morrowind.esm       LAND    (-5, 16)
	morrowind.esm       LAND    (-5, 17)
	morrowind.esm       LAND    (-5, 18)
	morrowind.esm       LAND    (-5, 19)
	morrowind.esm       LAND    (-5, 2)
	morrowind.esm       LAND    (-5, 20)
	morrowind.esm       LAND    (-5, 23)
	morrowind.esm       LAND    (-5, 24)
	morrowind.esm       LAND    (-5, 3)
	morrowind.esm       LAND    (-5, 4)
	morrowind.esm       LAND    (-5, 5)
	morrowind.esm       LAND    (-5, 6)
	morrowind.esm       LAND    (-5, 7)
	morrowind.esm       LAND    (-5, 8)
	morrowind.esm       LAND    (-5, 9)
	morrowind.esm       LAND    (-6, -1)
	morrowind.esm       LAND    (-6, -12)
	morrowind.esm       LAND    (-6, -14)
	morrowind.esm       LAND    (-6, -2)
	morrowind.esm       LAND    (-6, -3)
	morrowind.esm       LAND    (-6, -4)
	morrowind.esm       LAND    (-6, -5)
	morrowind.esm       LAND    (-6, -6)
	morrowind.esm       LAND    (-6, -7)
	morrowind.esm       LAND    (-6, -9)
	morrowind.esm       LAND    (-6, 0)
	morrowind.esm       LAND    (-6, 1)
	morrowind.esm       LAND    (-6, 10)
	morrowind.esm       LAND    (-6, 11)
	morrowind.esm       LAND    (-6, 12)
	morrowind.esm       LAND    (-6, 13)
	morrowind.esm       LAND    (-6, 14)
	morrowind.esm       LAND    (-6, 15)
	morrowind.esm       LAND    (-6, 16)
	morrowind.esm       LAND    (-6, 17)
	morrowind.esm       LAND    (-6, 18)
	morrowind.esm       LAND    (-6, 19)
	morrowind.esm       LAND    (-6, 2)
	morrowind.esm       LAND    (-6, 20)
	morrowind.esm       LAND    (-6, 21)
	morrowind.esm       LAND    (-6, 3)
	morrowind.esm       LAND    (-6, 4)
	morrowind.esm       LAND    (-6, 5)
	morrowind.esm       LAND    (-6, 6)
	morrowind.esm       LAND    (-6, 7)
	morrowind.esm       LAND    (-6, 8)
	morrowind.esm       LAND    (-6, 9)
	morrowind.esm       LAND    (-7, -1)
	morrowind.esm       LAND    (-7, -13)
	morrowind.esm       LAND    (-7, -14)
	morrowind.esm       LAND    (-7, -2)
	morrowind.esm       LAND    (-7, -3)
	morrowind.esm       LAND    (-7, -4)
	morrowind.esm       LAND    (-7, -5)
	morrowind.esm       LAND    (-7, -6)
	morrowind.esm       LAND    (-7, -7)
	morrowind.esm       LAND    (-7, 0)
	morrowind.esm       LAND    (-7, 1)
	morrowind.esm       LAND    (-7, 10)
	morrowind.esm       LAND    (-7, 11)
	morrowind.esm       LAND    (-7, 12)
	morrowind.esm       LAND    (-7, 13)
	morrowind.esm       LAND    (-7, 14)
	morrowind.esm       LAND    (-7, 15)
	morrowind.esm       LAND    (-7, 16)
	morrowind.esm       LAND    (-7, 17)
	morrowind.esm       LAND    (-7, 18)
	morrowind.esm       LAND    (-7, 19)
	morrowind.esm       LAND    (-7, 2)
	morrowind.esm       LAND    (-7, 20)
	morrowind.esm       LAND    (-7, 21)
	morrowind.esm       LAND    (-7, 3)
	morrowind.esm       LAND    (-7, 4)
	morrowind.esm       LAND    (-7, 5)
	morrowind.esm       LAND    (-7, 6)
	morrowind.esm       LAND    (-7, 7)
	morrowind.esm       LAND    (-7, 8)
	morrowind.esm       LAND    (-7, 9)
	morrowind.esm       LAND    (-8, -1)
	morrowind.esm       LAND    (-8, -2)
	morrowind.esm       LAND    (-8, -4)
	morrowind.esm       LAND    (-8, -5)
	morrowind.esm       LAND    (-8, 0)
	morrowind.esm       LAND    (-8, 1)
	morrowind.esm       LAND    (-8, 10)
	morrowind.esm       LAND    (-8, 11)
	morrowind.esm       LAND    (-8, 12)
	morrowind.esm       LAND    (-8, 13)
	morrowind.esm       LAND    (-8, 14)
	morrowind.esm       LAND    (-8, 15)
	morrowind.esm       LAND    (-8, 16)
	morrowind.esm       LAND    (-8, 17)
	morrowind.esm       LAND    (-8, 18)
	morrowind.esm       LAND    (-8, 19)
	morrowind.esm       LAND    (-8, 2)
	morrowind.esm       LAND    (-8, 3)
	morrowind.esm       LAND    (-8, 4)
	morrowind.esm       LAND    (-8, 5)
	morrowind.esm       LAND    (-8, 6)
	morrowind.esm       LAND    (-8, 7)
	morrowind.esm       LAND    (-8, 8)
	morrowind.esm       LAND    (-8, 9)
	morrowind.esm       LAND    (-9, -1)
	morrowind.esm       LAND    (-9, -14)
	morrowind.esm       LAND    (-9, -2)
	morrowind.esm       LAND    (-9, -3)
	morrowind.esm       LAND    (-9, -4)
	morrowind.esm       LAND    (-9, 0)
	morrowind.esm       LAND    (-9, 1)
	morrowind.esm       LAND    (-9, 10)
	morrowind.esm       LAND    (-9, 11)
	morrowind.esm       LAND    (-9, 12)
	morrowind.esm       LAND    (-9, 13)
	morrowind.esm       LAND    (-9, 14)
	morrowind.esm       LAND    (-9, 15)
	morrowind.esm       LAND    (-9, 16)
	morrowind.esm       LAND    (-9, 17)
	morrowind.esm       LAND    (-9, 2)
	morrowind.esm       LAND    (-9, 3)
	morrowind.esm       LAND    (-9, 4)
	morrowind.esm       LAND    (-9, 5)
	morrowind.esm       LAND    (-9, 6)
	morrowind.esm       LAND    (-9, 7)
	morrowind.esm       LAND    (-9, 8)
	morrowind.esm       LAND    (-9, 9)
	morrowind.esm       LAND    (0, -1)
	morrowind.esm       LAND    (0, -10)
	morrowind.esm       LAND    (0, -11)
	morrowind.esm       LAND    (0, -13)
	morrowind.esm       LAND    (0, -2)
	morrowind.esm       LAND    (0, -3)
	morrowind.esm       LAND    (0, -4)
	morrowind.esm       LAND    (0, -5)
	morrowind.esm       LAND    (0, -6)
	morrowind.esm       LAND    (0, -7)
	morrowind.esm       LAND    (0, -8)
	morrowind.esm       LAND    (0, -9)
	morrowind.esm       LAND    (0, 0)
	morrowind.esm       LAND    (0, 1)
	morrowind.esm       LAND    (0, 10)
	morrowind.esm       LAND    (0, 11)
	morrowind.esm       LAND    (0, 12)
	morrowind.esm       LAND    (0, 13)
	morrowind.esm       LAND    (0, 14)
	morrowind.esm       LAND    (0, 15)
	morrowind.esm       LAND    (0, 16)
	morrowind.esm       LAND    (0, 17)
	morrowind.esm       LAND    (0, 18)
	morrowind.esm       LAND    (0, 19)
	morrowind.esm       LAND    (0, 2)
	morrowind.esm       LAND    (0, 20)
	morrowind.esm       LAND    (0, 21)
	morrowind.esm       LAND    (0, 22)
	morrowind.esm       LAND    (0, 23)
	morrowind.esm       LAND    (0, 24)
	morrowind.esm       LAND    (0, 3)
	morrowind.esm       LAND    (0, 4)
	morrowind.esm       LAND    (0, 5)
	morrowind.esm       LAND    (0, 6)
	morrowind.esm       LAND    (0, 7)
	morrowind.esm       LAND    (0, 8)
	morrowind.esm       LAND    (0, 9)
	morrowind.esm       LAND    (1, -1)
	morrowind.esm       LAND    (1, -10)
	morrowind.esm       LAND    (1, -11)
	morrowind.esm       LAND    (1, -12)
	morrowind.esm       LAND    (1, -13)
	morrowind.esm       LAND    (1, -14)
	morrowind.esm       LAND    (1, -15)
	morrowind.esm       LAND    (1, -2)
	morrowind.esm       LAND    (1, -3)
	morrowind.esm       LAND    (1, -4)
	morrowind.esm       LAND    (1, -5)
	morrowind.esm       LAND    (1, -6)
	morrowind.esm       LAND    (1, -7)
	morrowind.esm       LAND    (1, -8)
	morrowind.esm       LAND    (1, -9)
	morrowind.esm       LAND    (1, 0)
	morrowind.esm       LAND    (1, 1)
	morrowind.esm       LAND    (1, 10)
	morrowind.esm       LAND    (1, 11)
	morrowind.esm       LAND    (1, 12)
	morrowind.esm       LAND    (1, 13)
	morrowind.esm       LAND    (1, 14)
	morrowind.esm       LAND    (1, 15)
	morrowind.esm       LAND    (1, 16)
	morrowind.esm       LAND    (1, 17)
	morrowind.esm       LAND    (1, 18)
	morrowind.esm       LAND    (1, 19)
	morrowind.esm       LAND    (1, 2)
	morrowind.esm       LAND    (1, 20)
	morrowind.esm       LAND    (1, 21)
	morrowind.esm       LAND    (1, 22)
	morrowind.esm       LAND    (1, 23)
	morrowind.esm       LAND    (1, 24)
	morrowind.esm       LAND    (1, 3)
	morrowind.esm       LAND    (1, 4)
	morrowind.esm       LAND    (1, 5)
	morrowind.esm       LAND    (1, 6)
	morrowind.esm       LAND    (1, 7)
	morrowind.esm       LAND    (1, 8)
	morrowind.esm       LAND    (1, 9)
	morrowind.esm       LAND    (10, -1)
	morrowind.esm       LAND    (10, -10)
	morrowind.esm       LAND    (10, -11)
	morrowind.esm       LAND    (10, -12)
	morrowind.esm       LAND    (10, -2)
	morrowind.esm       LAND    (10, -3)
	morrowind.esm       LAND    (10, -4)
	morrowind.esm       LAND    (10, -5)
	morrowind.esm       LAND    (10, -6)
	morrowind.esm       LAND    (10, -7)
	morrowind.esm       LAND    (10, -8)
	morrowind.esm       LAND    (10, -9)
	morrowind.esm       LAND    (10, 0)
	morrowind.esm       LAND    (10, 1)
	morrowind.esm       LAND    (10, 10)
	morrowind.esm       LAND    (10, 11)
	morrowind.esm       LAND    (10, 12)
	morrowind.esm       LAND    (10, 13)
	morrowind.esm       LAND    (10, 14)
	morrowind.esm       LAND    (10, 15)
	morrowind.esm       LAND    (10, 16)
	morrowind.esm       LAND    (10, 17)
	morrowind.esm       LAND    (10, 18)
	morrowind.esm       LAND    (10, 19)
	morrowind.esm       LAND    (10, 2)
	morrowind.esm       LAND    (10, 20)
	morrowind.esm       LAND    (10, 3)
	morrowind.esm       LAND    (10, 4)
	morrowind.esm       LAND    (10, 5)
	morrowind.esm       LAND    (10, 6)
	morrowind.esm       LAND    (10, 7)
	morrowind.esm       LAND    (10, 8)
	morrowind.esm       LAND    (10, 9)
	morrowind.esm       LAND    (11, -1)
	morrowind.esm       LAND    (11, -10)
	morrowind.esm       LAND    (11, -11)
	morrowind.esm       LAND    (11, -12)
	morrowind.esm       LAND    (11, -2)
	morrowind.esm       LAND    (11, -3)
	morrowind.esm       LAND    (11, -4)
	morrowind.esm       LAND    (11, -5)
	morrowind.esm       LAND    (11, -6)
	morrowind.esm       LAND    (11, -7)
	morrowind.esm       LAND    (11, -8)
	morrowind.esm       LAND    (11, -9)
	morrowind.esm       LAND    (11, 0)
	morrowind.esm       LAND    (11, 1)
	morrowind.esm       LAND    (11, 10)
	morrowind.esm       LAND    (11, 11)
	morrowind.esm       LAND    (11, 12)
	morrowind.esm       LAND    (11, 13)
	morrowind.esm       LAND    (11, 14)
	morrowind.esm       LAND    (11, 15)
	morrowind.esm       LAND    (11, 16)
	morrowind.esm       LAND    (11, 17)
	morrowind.esm       LAND    (11, 18)
	morrowind.esm       LAND    (11, 19)
	morrowind.esm       LAND    (11, 2)
	morrowind.esm       LAND    (11, 20)
	morrowind.esm       LAND    (11, 23)
	morrowind.esm       LAND    (11, 3)
	morrowind.esm       LAND    (11, 4)
	morrowind.esm       LAND    (11, 5)
	morrowind.esm       LAND    (11, 6)
	morrowind.esm       LAND    (11, 7)
	morrowind.esm       LAND    (11, 8)
	morrowind.esm       LAND    (11, 9)
	morrowind.esm       LAND    (12, -1)
	morrowind.esm       LAND    (12, -10)
	morrowind.esm       LAND    (12, -11)
	morrowind.esm       LAND    (12, -12)
	morrowind.esm       LAND    (12, -2)
	morrowind.esm       LAND    (12, -3)
	morrowind.esm       LAND    (12, -4)
	morrowind.esm       LAND    (12, -5)
	morrowind.esm       LAND    (12, -6)
	morrowind.esm       LAND    (12, -7)
	morrowind.esm       LAND    (12, -8)
	morrowind.esm       LAND    (12, -9)
	morrowind.esm       LAND    (12, 0)
	morrowind.esm       LAND    (12, 1)
	morrowind.esm       LAND    (12, 10)
	morrowind.esm       LAND    (12, 11)
	morrowind.esm       LAND    (12, 12)
	morrowind.esm       LAND    (12, 13)
	morrowind.esm       LAND    (12, 14)
	morrowind.esm       LAND    (12, 15)
	morrowind.esm       LAND    (12, 16)
	morrowind.esm       LAND    (12, 17)
	morrowind.esm       LAND    (12, 2)
	morrowind.esm       LAND    (12, 3)
	morrowind.esm       LAND    (12, 4)
	morrowind.esm       LAND    (12, 5)
	morrowind.esm       LAND    (12, 6)
	morrowind.esm       LAND    (12, 7)
	morrowind.esm       LAND    (12, 8)
	morrowind.esm       LAND    (12, 9)
	morrowind.esm       LAND    (13, -1)
	morrowind.esm       LAND    (13, -10)
	morrowind.esm       LAND    (13, -11)
	morrowind.esm       LAND    (13, -12)
	morrowind.esm       LAND    (13, -2)
	morrowind.esm       LAND    (13, -3)
	morrowind.esm       LAND    (13, -4)
	morrowind.esm       LAND    (13, -5)
	morrowind.esm       LAND    (13, -6)
	morrowind.esm       LAND    (13, -7)
	morrowind.esm       LAND    (13, -8)
	morrowind.esm       LAND    (13, -9)
	morrowind.esm       LAND    (13, 0)
	morrowind.esm       LAND    (13, 1)
	morrowind.esm       LAND    (13, 10)
	morrowind.esm       LAND    (13, 11)
	morrowind.esm       LAND    (13, 12)
	morrowind.esm       LAND    (13, 13)
	morrowind.esm       LAND    (13, 14)
	morrowind.esm       LAND    (13, 15)
	morrowind.esm       LAND    (13, 2)
	morrowind.esm       LAND    (13, 3)
	morrowind.esm       LAND    (13, 4)
	morrowind.esm       LAND    (13, 5)
	morrowind.esm       LAND    (13, 6)
	morrowind.esm       LAND    (13, 7)
	morrowind.esm       LAND    (13, 8)
	morrowind.esm       LAND    (13, 9)
	morrowind.esm       LAND    (14, -1)
	morrowind.esm       LAND    (14, -10)
	morrowind.esm       LAND    (14, -11)
	morrowind.esm       LAND    (14, -12)
	morrowind.esm       LAND    (14, -13)
	morrowind.esm       LAND    (14, -14)
	morrowind.esm       LAND    (14, -15)
	morrowind.esm       LAND    (14, -2)
	morrowind.esm       LAND    (14, -3)
	morrowind.esm       LAND    (14, -4)
	morrowind.esm       LAND    (14, -5)
	morrowind.esm       LAND    (14, -6)
	morrowind.esm       LAND    (14, -7)
	morrowind.esm       LAND    (14, -8)
	morrowind.esm       LAND    (14, -9)
	morrowind.esm       LAND    (14, 0)
	morrowind.esm       LAND    (14, 1)
	morrowind.esm       LAND    (14, 10)
	morrowind.esm       LAND    (14, 11)
	morrowind.esm       LAND    (14, 12)
	morrowind.esm       LAND    (14, 13)
	morrowind.esm       LAND    (14, 14)
	morrowind.esm       LAND    (14, 15)
	morrowind.esm       LAND    (14, 2)
	morrowind.esm       LAND    (14, 3)
	morrowind.esm       LAND    (14, 4)
	morrowind.esm       LAND    (14, 5)
	morrowind.esm       LAND    (14, 6)
	morrowind.esm       LAND    (14, 7)
	morrowind.esm       LAND    (14, 8)
	morrowind.esm       LAND    (14, 9)
	morrowind.esm       LAND    (15, -1)
	morrowind.esm       LAND    (15, -10)
	morrowind.esm       LAND    (15, -11)
	morrowind.esm       LAND    (15, -12)
	morrowind.esm       LAND    (15, -13)
	morrowind.esm       LAND    (15, -14)
	morrowind.esm       LAND    (15, -15)
	morrowind.esm       LAND    (15, -2)
	morrowind.esm       LAND    (15, -3)
	morrowind.esm       LAND    (15, -4)
	morrowind.esm       LAND    (15, -5)
	morrowind.esm       LAND    (15, -6)
	morrowind.esm       LAND    (15, -7)
	morrowind.esm       LAND    (15, -8)
	morrowind.esm       LAND    (15, -9)
	morrowind.esm       LAND    (15, 0)
	morrowind.esm       LAND    (15, 1)
	morrowind.esm       LAND    (15, 10)
	morrowind.esm       LAND    (15, 11)
	morrowind.esm       LAND    (15, 12)
	morrowind.esm       LAND    (15, 2)
	morrowind.esm       LAND    (15, 3)
	morrowind.esm       LAND    (15, 4)
	morrowind.esm       LAND    (15, 5)
	morrowind.esm       LAND    (15, 6)
	morrowind.esm       LAND    (15, 7)
	morrowind.esm       LAND    (15, 8)
	morrowind.esm       LAND    (15, 9)
	morrowind.esm       LAND    (16, -1)
	morrowind.esm       LAND    (16, -10)
	morrowind.esm       LAND    (16, -13)
	morrowind.esm       LAND    (16, -14)
	morrowind.esm       LAND    (16, -15)
	morrowind.esm       LAND    (16, -2)
	morrowind.esm       LAND    (16, -3)
	morrowind.esm       LAND    (16, -4)
	morrowind.esm       LAND    (16, -5)
	morrowind.esm       LAND    (16, -6)
	morrowind.esm       LAND    (16, -7)
	morrowind.esm       LAND    (16, -8)
	morrowind.esm       LAND    (16, -9)
	morrowind.esm       LAND    (16, 0)
	morrowind.esm       LAND    (16, 1)
	morrowind.esm       LAND    (16, 2)
	morrowind.esm       LAND    (16, 3)
	morrowind.esm       LAND    (16, 4)
	morrowind.esm       LAND    (16, 5)
	morrowind.esm       LAND    (16, 6)
	morrowind.esm       LAND    (16, 7)
	morrowind.esm       LAND    (16, 8)
	morrowind.esm       LAND    (16, 9)
	morrowind.esm       LAND    (17, -1)
	morrowind.esm       LAND    (17, -10)
	morrowind.esm       LAND    (17, -14)
	morrowind.esm       LAND    (17, -2)
	morrowind.esm       LAND    (17, -3)
	morrowind.esm       LAND    (17, -4)
	morrowind.esm       LAND    (17, -5)
	morrowind.esm       LAND    (17, -6)
	morrowind.esm       LAND    (17, -7)
	morrowind.esm       LAND    (17, -8)
	morrowind.esm       LAND    (17, -9)
	morrowind.esm       LAND    (17, 0)
	morrowind.esm       LAND    (17, 1)
	morrowind.esm       LAND    (17, 2)
	morrowind.esm       LAND    (17, 3)
	morrowind.esm       LAND    (17, 4)
	morrowind.esm       LAND    (17, 5)
	morrowind.esm       LAND    (17, 6)
	morrowind.esm       LAND    (17, 7)
	morrowind.esm       LAND    (17, 8)
	morrowind.esm       LAND    (18, -1)
	morrowind.esm       LAND    (18, -2)
	morrowind.esm       LAND    (18, -3)
	morrowind.esm       LAND    (18, -4)
	morrowind.esm       LAND    (18, -5)
	morrowind.esm       LAND    (18, -6)
	morrowind.esm       LAND    (18, -7)
	morrowind.esm       LAND    (18, -8)
	morrowind.esm       LAND    (18, -9)
	morrowind.esm       LAND    (18, 0)
	morrowind.esm       LAND    (18, 1)
	morrowind.esm       LAND    (18, 2)
	morrowind.esm       LAND    (18, 3)
	morrowind.esm       LAND    (18, 4)
	morrowind.esm       LAND    (18, 5)
	morrowind.esm       LAND    (18, 6)
	morrowind.esm       LAND    (18, 7)
	morrowind.esm       LAND    (19, -1)
	morrowind.esm       LAND    (19, -2)
	morrowind.esm       LAND    (19, -3)
	morrowind.esm       LAND    (19, -4)
	morrowind.esm       LAND    (19, -5)
	morrowind.esm       LAND    (19, -6)
	morrowind.esm       LAND    (19, -7)
	morrowind.esm       LAND    (19, -8)
	morrowind.esm       LAND    (19, 0)
	morrowind.esm       LAND    (19, 1)
	morrowind.esm       LAND    (19, 2)
	morrowind.esm       LAND    (19, 3)
	morrowind.esm       LAND    (19, 4)
	morrowind.esm       LAND    (19, 5)
	morrowind.esm       LAND    (19, 6)
	morrowind.esm       LAND    (19, 7)
	morrowind.esm       LAND    (2, -1)
	morrowind.esm       LAND    (2, -10)
	morrowind.esm       LAND    (2, -11)
	morrowind.esm       LAND    (2, -12)
	morrowind.esm       LAND    (2, -13)
	morrowind.esm       LAND    (2, -14)
	morrowind.esm       LAND    (2, -15)
	morrowind.esm       LAND    (2, -2)
	morrowind.esm       LAND    (2, -3)
	morrowind.esm       LAND    (2, -4)
	morrowind.esm       LAND    (2, -5)
	morrowind.esm       LAND    (2, -6)
	morrowind.esm       LAND    (2, -7)
	morrowind.esm       LAND    (2, -8)
	morrowind.esm       LAND    (2, -9)
	morrowind.esm       LAND    (2, 0)
	morrowind.esm       LAND    (2, 1)
	morrowind.esm       LAND    (2, 10)
	morrowind.esm       LAND    (2, 11)
	morrowind.esm       LAND    (2, 12)
	morrowind.esm       LAND    (2, 13)
	morrowind.esm       LAND    (2, 14)
	morrowind.esm       LAND    (2, 15)
	morrowind.esm       LAND    (2, 16)
	morrowind.esm       LAND    (2, 17)
	morrowind.esm       LAND    (2, 18)
	morrowind.esm       LAND    (2, 19)
	morrowind.esm       LAND    (2, 2)
	morrowind.esm       LAND    (2, 20)
	morrowind.esm       LAND    (2, 21)
	morrowind.esm       LAND    (2, 22)
	morrowind.esm       LAND    (2, 23)
	morrowind.esm       LAND    (2, 24)
	morrowind.esm       LAND    (2, 3)
	morrowind.esm       LAND    (2, 4)
	morrowind.esm       LAND    (2, 5)
	morrowind.esm       LAND    (2, 6)
	morrowind.esm       LAND    (2, 7)
	morrowind.esm       LAND    (2, 8)
	morrowind.esm       LAND    (2, 9)
	morrowind.esm       LAND    (20, -4)
	morrowind.esm       LAND    (20, -7)
	morrowind.esm       LAND    (20, -8)
	morrowind.esm       LAND    (20, -9)
	morrowind.esm       LAND    (20, 0)
	morrowind.esm       LAND    (20, 1)
	morrowind.esm       LAND    (20, 2)
	morrowind.esm       LAND    (20, 3)
	morrowind.esm       LAND    (20, 4)
	morrowind.esm       LAND    (20, 5)
	morrowind.esm       LAND    (20, 7)
	morrowind.esm       LAND    (21, -11)
	morrowind.esm       LAND    (21, -4)
	morrowind.esm       LAND    (21, -8)
	morrowind.esm       LAND    (21, 1)
	morrowind.esm       LAND    (21, 2)
	morrowind.esm       LAND    (3, -1)
	morrowind.esm       LAND    (3, -10)
	morrowind.esm       LAND    (3, -13)
	morrowind.esm       LAND    (3, -14)
	morrowind.esm       LAND    (3, -15)
	morrowind.esm       LAND    (3, -2)
	morrowind.esm       LAND    (3, -3)
	morrowind.esm       LAND    (3, -4)
	morrowind.esm       LAND    (3, -5)
	morrowind.esm       LAND    (3, -6)
	morrowind.esm       LAND    (3, -7)
	morrowind.esm       LAND    (3, -8)
	morrowind.esm       LAND    (3, -9)
	morrowind.esm       LAND    (3, 0)
	morrowind.esm       LAND    (3, 1)
	morrowind.esm       LAND    (3, 10)
	morrowind.esm       LAND    (3, 11)
	morrowind.esm       LAND    (3, 12)
	morrowind.esm       LAND    (3, 13)
	morrowind.esm       LAND    (3, 14)
	morrowind.esm       LAND    (3, 15)
	morrowind.esm       LAND    (3, 16)
	morrowind.esm       LAND    (3, 17)
	morrowind.esm       LAND    (3, 18)
	morrowind.esm       LAND    (3, 19)
	morrowind.esm       LAND    (3, 2)
	morrowind.esm       LAND    (3, 20)
	morrowind.esm       LAND    (3, 21)
	morrowind.esm       LAND    (3, 22)
	morrowind.esm       LAND    (3, 23)
	morrowind.esm       LAND    (3, 24)
	morrowind.esm       LAND    (3, 3)
	morrowind.esm       LAND    (3, 4)
	morrowind.esm       LAND    (3, 5)
	morrowind.esm       LAND    (3, 6)
	morrowind.esm       LAND    (3, 7)
	morrowind.esm       LAND    (3, 8)
	morrowind.esm       LAND    (3, 9)
	morrowind.esm       LAND    (4, -1)
	morrowind.esm       LAND    (4, -10)
	morrowind.esm       LAND    (4, -2)
	morrowind.esm       LAND    (4, -3)
	morrowind.esm       LAND    (4, -4)
	morrowind.esm       LAND    (4, -5)
	morrowind.esm       LAND    (4, -6)
	morrowind.esm       LAND    (4, -7)
	morrowind.esm       LAND    (4, -8)
	morrowind.esm       LAND    (4, -9)
	morrowind.esm       LAND    (4, 0)
	morrowind.esm       LAND    (4, 1)
	morrowind.esm       LAND    (4, 10)
	morrowind.esm       LAND    (4, 11)
	morrowind.esm       LAND    (4, 12)
	morrowind.esm       LAND    (4, 13)
	morrowind.esm       LAND    (4, 14)
	morrowind.esm       LAND    (4, 15)
	morrowind.esm       LAND    (4, 16)
	morrowind.esm       LAND    (4, 17)
	morrowind.esm       LAND    (4, 18)
	morrowind.esm       LAND    (4, 19)
	morrowind.esm       LAND    (4, 2)
	morrowind.esm       LAND    (4, 20)
	morrowind.esm       LAND    (4, 21)
	morrowind.esm       LAND    (4, 22)
	morrowind.esm       LAND    (4, 23)
	morrowind.esm       LAND    (4, 3)
	morrowind.esm       LAND    (4, 4)
	morrowind.esm       LAND    (4, 5)
	morrowind.esm       LAND    (4, 6)
	morrowind.esm       LAND    (4, 7)
	morrowind.esm       LAND    (4, 8)
	morrowind.esm       LAND    (4, 9)
	morrowind.esm       LAND    (5, -1)
	morrowind.esm       LAND    (5, -10)
	morrowind.esm       LAND    (5, -12)
	morrowind.esm       LAND    (5, -2)
	morrowind.esm       LAND    (5, -3)
	morrowind.esm       LAND    (5, -4)
	morrowind.esm       LAND    (5, -5)
	morrowind.esm       LAND    (5, -6)
	morrowind.esm       LAND    (5, -7)
	morrowind.esm       LAND    (5, -8)
	morrowind.esm       LAND    (5, -9)
	morrowind.esm       LAND    (5, 0)
	morrowind.esm       LAND    (5, 1)
	morrowind.esm       LAND    (5, 10)
	morrowind.esm       LAND    (5, 11)
	morrowind.esm       LAND    (5, 12)
	morrowind.esm       LAND    (5, 13)
	morrowind.esm       LAND    (5, 14)
	morrowind.esm       LAND    (5, 15)
	morrowind.esm       LAND    (5, 16)
	morrowind.esm       LAND    (5, 17)
	morrowind.esm       LAND    (5, 18)
	morrowind.esm       LAND    (5, 19)
	morrowind.esm       LAND    (5, 2)
	morrowind.esm       LAND    (5, 20)
	morrowind.esm       LAND    (5, 21)
	morrowind.esm       LAND    (5, 22)
	morrowind.esm       LAND    (5, 23)
	morrowind.esm       LAND    (5, 24)
	morrowind.esm       LAND    (5, 3)
	morrowind.esm       LAND    (5, 4)
	morrowind.esm       LAND    (5, 5)
	morrowind.esm       LAND    (5, 6)
	morrowind.esm       LAND    (5, 7)
	morrowind.esm       LAND    (5, 8)
	morrowind.esm       LAND    (5, 9)
	morrowind.esm       LAND    (6, -1)
	morrowind.esm       LAND    (6, -10)
	morrowind.esm       LAND    (6, -11)
	morrowind.esm       LAND    (6, -12)
	morrowind.esm       LAND    (6, -13)
	morrowind.esm       LAND    (6, -14)
	morrowind.esm       LAND    (6, -2)
	morrowind.esm       LAND    (6, -3)
	morrowind.esm       LAND    (6, -4)
	morrowind.esm       LAND    (6, -5)
	morrowind.esm       LAND    (6, -6)
	morrowind.esm       LAND    (6, -7)
	morrowind.esm       LAND    (6, -8)
	morrowind.esm       LAND    (6, -9)
	morrowind.esm       LAND    (6, 0)
	morrowind.esm       LAND    (6, 1)
	morrowind.esm       LAND    (6, 10)
	morrowind.esm       LAND    (6, 11)
	morrowind.esm       LAND    (6, 12)
	morrowind.esm       LAND    (6, 13)
	morrowind.esm       LAND    (6, 14)
	morrowind.esm       LAND    (6, 15)
	morrowind.esm       LAND    (6, 16)
	morrowind.esm       LAND    (6, 17)
	morrowind.esm       LAND    (6, 18)
	morrowind.esm       LAND    (6, 19)
	morrowind.esm       LAND    (6, 2)
	morrowind.esm       LAND    (6, 20)
	morrowind.esm       LAND    (6, 21)
	morrowind.esm       LAND    (6, 22)
	morrowind.esm       LAND    (6, 23)
	morrowind.esm       LAND    (6, 24)
	morrowind.esm       LAND    (6, 25)
	morrowind.esm       LAND    (6, 3)
	morrowind.esm       LAND    (6, 4)
	morrowind.esm       LAND    (6, 5)
	morrowind.esm       LAND    (6, 6)
	morrowind.esm       LAND    (6, 7)
	morrowind.esm       LAND    (6, 8)
	morrowind.esm       LAND    (6, 9)
	morrowind.esm       LAND    (7, -1)
	morrowind.esm       LAND    (7, -10)
	morrowind.esm       LAND    (7, -11)
	morrowind.esm       LAND    (7, -12)
	morrowind.esm       LAND    (7, -13)
	morrowind.esm       LAND    (7, -14)
	morrowind.esm       LAND    (7, -2)
	morrowind.esm       LAND    (7, -3)
	morrowind.esm       LAND    (7, -4)
	morrowind.esm       LAND    (7, -5)
	morrowind.esm       LAND    (7, -6)
	morrowind.esm       LAND    (7, -7)
	morrowind.esm       LAND    (7, -8)
	morrowind.esm       LAND    (7, -9)
	morrowind.esm       LAND    (7, 0)
	morrowind.esm       LAND    (7, 1)
	morrowind.esm       LAND    (7, 10)
	morrowind.esm       LAND    (7, 11)
	morrowind.esm       LAND    (7, 12)
	morrowind.esm       LAND    (7, 13)
	morrowind.esm       LAND    (7, 14)
	morrowind.esm       LAND    (7, 15)
	morrowind.esm       LAND    (7, 16)
	morrowind.esm       LAND    (7, 17)
	morrowind.esm       LAND    (7, 18)
	morrowind.esm       LAND    (7, 19)
	morrowind.esm       LAND    (7, 2)
	morrowind.esm       LAND    (7, 20)
	morrowind.esm       LAND    (7, 21)
	morrowind.esm       LAND    (7, 22)
	morrowind.esm       LAND    (7, 23)
	morrowind.esm       LAND    (7, 24)
	morrowind.esm       LAND    (7, 25)
	morrowind.esm       LAND    (7, 3)
	morrowind.esm       LAND    (7, 4)
	morrowind.esm       LAND    (7, 5)
	morrowind.esm       LAND    (7, 6)
	morrowind.esm       LAND    (7, 7)
	morrowind.esm       LAND    (7, 8)
	morrowind.esm       LAND    (7, 9)
	morrowind.esm       LAND    (8, -1)
	morrowind.esm       LAND    (8, -10)
	morrowind.esm       LAND    (8, -11)
	morrowind.esm       LAND    (8, -12)
	morrowind.esm       LAND    (8, -13)
	morrowind.esm       LAND    (8, -2)
	morrowind.esm       LAND    (8, -3)
	morrowind.esm       LAND    (8, -4)
	morrowind.esm       LAND    (8, -5)
	morrowind.esm       LAND    (8, -6)
	morrowind.esm       LAND    (8, -7)
	morrowind.esm       LAND    (8, -8)
	morrowind.esm       LAND    (8, -9)
	morrowind.esm       LAND    (8, 0)
	morrowind.esm       LAND    (8, 1)
	morrowind.esm       LAND    (8, 10)
	morrowind.esm       LAND    (8, 11)
	morrowind.esm       LAND    (8, 12)
	morrowind.esm       LAND    (8, 13)
	morrowind.esm       LAND    (8, 14)
	morrowind.esm       LAND    (8, 15)
	morrowind.esm       LAND    (8, 16)
	morrowind.esm       LAND    (8, 17)
	morrowind.esm       LAND    (8, 18)
	morrowind.esm       LAND    (8, 19)
	morrowind.esm       LAND    (8, 2)
	morrowind.esm       LAND    (8, 20)
	morrowind.esm       LAND    (8, 21)
	morrowind.esm       LAND    (8, 22)
	morrowind.esm       LAND    (8, 23)
	morrowind.esm       LAND    (8, 3)
	morrowind.esm       LAND    (8, 4)
	morrowind.esm       LAND    (8, 5)
	morrowind.esm       LAND    (8, 6)
	morrowind.esm       LAND    (8, 7)
	morrowind.esm       LAND    (8, 8)
	morrowind.esm       LAND    (8, 9)
	morrowind.esm       LAND    (9, -1)
	morrowind.esm       LAND    (9, -10)
	morrowind.esm       LAND    (9, -12)
	morrowind.esm       LAND    (9, -13)
	morrowind.esm       LAND    (9, -2)
	morrowind.esm       LAND    (9, -3)
	morrowind.esm       LAND    (9, -4)
	morrowind.esm       LAND    (9, -5)
	morrowind.esm       LAND    (9, -6)
	morrowind.esm       LAND    (9, -7)
	morrowind.esm       LAND    (9, -8)
	morrowind.esm       LAND    (9, -9)
	morrowind.esm       LAND    (9, 0)
	morrowind.esm       LAND    (9, 1)
	morrowind.esm       LAND    (9, 10)
	morrowind.esm       LAND    (9, 11)
	morrowind.esm       LAND    (9, 12)
	morrowind.esm       LAND    (9, 13)
	morrowind.esm       LAND    (9, 14)
	morrowind.esm       LAND    (9, 15)
	morrowind.esm       LAND    (9, 16)
	morrowind.esm       LAND    (9, 17)
	morrowind.esm       LAND    (9, 18)
	morrowind.esm       LAND    (9, 19)
	morrowind.esm       LAND    (9, 2)
	morrowind.esm       LAND    (9, 20)
	morrowind.esm       LAND    (9, 21)
	morrowind.esm       LAND    (9, 3)
	morrowind.esm       LAND    (9, 4)
	morrowind.esm       LAND    (9, 5)
	morrowind.esm       LAND    (9, 6)
	morrowind.esm       LAND    (9, 7)
	morrowind.esm       LAND    (9, 8)
	morrowind.esm       LAND    (9, 9)
	morrowind.esm       STAT    flora_tree_gl_01
	morrowind.esm       STAT    flora_tree_gl_02
	morrowind.esm       STAT    flora_tree_gl_03
	morrowind.esm       STAT    flora_tree_gl_04
	morrowind.esm       STAT    flora_tree_gl_05
	morrowind.esm       STAT    flora_tree_gl_06
	morrowind.esm       STAT    flora_tree_gl_07
	morrowind.esm       STAT    flora_tree_gl_08
	morrowind.esm       STAT    flora_tree_gl_09
	morrowind.esm       STAT    flora_tree_gl_10
	morrowind.esm       STAT    flora_tree_gl_11
	morrowind.esm       STAT    furn_com_fence_01
	morrowind.esm       STAT    furn_com_fence_03
