UL_3.5_TR_16.12_Add-on.esp: DUP-REC MASTERS MENUMOD MISSVER OVR-REC
    MASTERS: out of sync with the masters installed in your Data Files directory:
	Tamriel_Data.esm             7032034 (plugin)   11064795 (installed size)
	TR_Mainland.esm             95804442 (plugin)  163244128 (installed size)
    [MENUMOD] Scripts not checking menumode:
	SCPT(BKU_CompleteVolsTR)
	SCPT(BKU_LibraryGlobal_TR1)
	SCPT(BKU_LibraryGlobal_TR2)
	SCPT(BKU_LibraryGlobal_TR3)
	SCPT(BKU_LibraryGlobal_TR4)
	SCPT(BKU_LibraryGlobal_TR5)
	SCPT(BKU_LibraryGlobal_TR6)
	SCPT(BKU_LibraryGlobal_TR7)
	SCPT(BKU_LibraryGlobal_TR8)
	SCPT(BKU_LibraryGlobal_TR9)
	SCPT(UV_TR_DrathaDoor)
	SCPT(UV_TR_Funyam)
	SCPT(UV_TR_HelnimBuild)
	SCPT(UV_TR_HelnimTeleport)
	SCPT(UV_TR_Moth_KeyPlacer)
	SCPT(UV_TR_Tele_Broken)
	SCPT(UV_TR_Tele_Darys)
	SCPT(UV_TR_Tele_Helnim)
	SCPT(UV_TR_Tele_Mora1)
	SCPT(UV_TR_Tele_Mora2)
	SCPT(UV_TR_Tele_Mothrivra)
	SCPT(UV_TR_Tele_Standard)
	SCPT(UV_TR_Tele_Uvirith1)
	SCPT(UV_TR_Tele_Uvirith2)
	SCPT(UV_TR_Tele_Vaerin1)
	SCPT(UV_TR_Tele_Vaerin2)
	SCPT(UV_TR_UvirithBuild01)
	SCPT(UV_TR_UvirithBuild02)
	SCPT(UV_TR_VerenaScript)
	SCPT(UV_TR_v_manorbuild)
    [OVR-REC] Overridden Records:
	From Master         Type    Name
	morrowind.esm       DIAL    scamp
	tr_mainland.esm     DIAL    go free
	tr_mainland.esm     DIAL    mistress rathra
	tr_mainland.esm     DIAL    rilvin dral
	tribunal.esm        DIAL    greeting 1
