Unique Jewelry (Purist Version).ESP: DUP-REC MISSVER NUMRECS OVR-REC
    [NUMRECS]: number of records in TES3.HEDR (124) != Actual count (122)
    [OVR-REC] Overridden Records:
	From Master         Type    Name
	bloodmoon.esm       CLOT    expensive_ring_erna
	morrowind.esm       CLOT    adusamsi's_ring
	morrowind.esm       CLOT    amulet of balyna's antidote
	morrowind.esm       CLOT    amulet of balyna's soothing bal
	morrowind.esm       CLOT    amulet of far silence
	morrowind.esm       CLOT    amulet of frost
	morrowind.esm       CLOT    amulet of health
	morrowind.esm       CLOT    amulet of light
	morrowind.esm       CLOT    amulet of locking
	morrowind.esm       CLOT    amulet of mark
	morrowind.esm       CLOT    amulet of mighty blows
	morrowind.esm       CLOT    amulet of opening
	morrowind.esm       CLOT    amulet of recall
	morrowind.esm       CLOT    amulet of rest
	morrowind.esm       CLOT    amulet of shades
	morrowind.esm       CLOT    amulet of shield
	morrowind.esm       CLOT    amulet of silence
	morrowind.esm       CLOT    amulet of slowfalling
	morrowind.esm       CLOT    amulet of spell absorption
	morrowind.esm       CLOT    amulet of stamina
	morrowind.esm       CLOT    ancestor's ring
	morrowind.esm       CLOT    balm amulet
	morrowind.esm       CLOT    blind ring
	morrowind.esm       CLOT    bone charm
	morrowind.esm       CLOT    caliginy ring
	morrowind.esm       CLOT    chameleon ring
	morrowind.esm       CLOT    clench charm
	morrowind.esm       CLOT    common_ring_danar
	morrowind.esm       CLOT    crimson despair amulet
	morrowind.esm       CLOT    cruel flamebolt ring
	morrowind.esm       CLOT    cruel shardbolt ring
	morrowind.esm       CLOT    cruel sparkbolt ring
	morrowind.esm       CLOT    cruel viperbolt ring
	morrowind.esm       CLOT    crying ring
	morrowind.esm       CLOT    dire flamebolt ring
	morrowind.esm       CLOT    dire shardbolt ring
	morrowind.esm       CLOT    dire sparkbolt ring
	morrowind.esm       CLOT    dire viperbolt ring
	morrowind.esm       CLOT    distraction ring
	morrowind.esm       CLOT    doze charm
	morrowind.esm       CLOT    evil eye charm
	morrowind.esm       CLOT    expensive_ring_01_hrdt
	morrowind.esm       CLOT    eye-maze ring
	morrowind.esm       CLOT    feather ring
	morrowind.esm       CLOT    firestone
	morrowind.esm       CLOT    first barrier ring
	morrowind.esm       CLOT    flamebolt ring
	morrowind.esm       CLOT    fuddle charm
	morrowind.esm       CLOT    ghost charm
	morrowind.esm       CLOT    graveward amulet
	morrowind.esm       CLOT    gripes charm
	morrowind.esm       CLOT    hawkshaw ring
	morrowind.esm       CLOT    heartbite ring
	morrowind.esm       CLOT    heartstone
	morrowind.esm       CLOT    hex charm
	morrowind.esm       CLOT    hoptoad ring
	morrowind.esm       CLOT    juicedaw ring
	morrowind.esm       CLOT    life ring
	morrowind.esm       CLOT    lifestone
	morrowind.esm       CLOT    light amulet
	morrowind.esm       CLOT    light ring
	morrowind.esm       CLOT    mark_ring
	morrowind.esm       CLOT    mother's ring
	morrowind.esm       CLOT    murdrum ring
	morrowind.esm       CLOT    recall_ring
	morrowind.esm       CLOT    red despair amulet
	morrowind.esm       CLOT    ring of aversion
	morrowind.esm       CLOT    ring of exhaustion
	morrowind.esm       CLOT    ring of fire storm
	morrowind.esm       CLOT    ring of fireball
	morrowind.esm       CLOT    ring of fireballs
	morrowind.esm       CLOT    ring of firefist
	morrowind.esm       CLOT    ring of fleabite
	morrowind.esm       CLOT    ring of hornhand
	morrowind.esm       CLOT    ring of ice bolts
	morrowind.esm       CLOT    ring of ice storm
	morrowind.esm       CLOT    ring of icegrip
	morrowind.esm       CLOT    ring of ironhand
	morrowind.esm       CLOT    ring of knuckle luck
	morrowind.esm       CLOT    ring of lightning bolt
	morrowind.esm       CLOT    ring of lightning storm
	morrowind.esm       CLOT    ring of medusa's gaze
	morrowind.esm       CLOT    ring of night-eye
	morrowind.esm       CLOT    ring of nullification
	morrowind.esm       CLOT    ring of poisonblooms
	morrowind.esm       CLOT    ring of shadow form
	morrowind.esm       CLOT    ring of shockballs
	morrowind.esm       CLOT    ring of shocking touch
	morrowind.esm       CLOT    ring of sphere of negation
	morrowind.esm       CLOT    ring of stormhand
	morrowind.esm       CLOT    ring of tears
	morrowind.esm       CLOT    ring of telekinesis_unique
	morrowind.esm       CLOT    ring of the black hand
	morrowind.esm       CLOT    ring of toxic cloud
	morrowind.esm       CLOT    ring of transcendent wisdom
	morrowind.esm       CLOT    ring of transfiguring wisdom
	morrowind.esm       CLOT    ring of vampire's kiss
	morrowind.esm       CLOT    ring of wildfire
	morrowind.esm       CLOT    ring of wizard's fire
	morrowind.esm       CLOT    ring of wounds
	morrowind.esm       CLOT    sacrifice ring
	morrowind.esm       CLOT    second barrier ring
	morrowind.esm       CLOT    shadowmask ring
	morrowind.esm       CLOT    shadowweave ring
	morrowind.esm       CLOT    shame ring
	morrowind.esm       CLOT    shardbolt ring
	morrowind.esm       CLOT    silence charm
	morrowind.esm       CLOT    sleep amulet
	morrowind.esm       CLOT    soulpinch charm
	morrowind.esm       CLOT    sparkbolt ring
	morrowind.esm       CLOT    spirit charm
	morrowind.esm       CLOT    spiritstrike ring
	morrowind.esm       CLOT    stumble charm
	morrowind.esm       CLOT    summon ancestor amulet
	morrowind.esm       CLOT    third barrier ring
	morrowind.esm       CLOT    thunderfall
	morrowind.esm       CLOT    viperbolt ring
	morrowind.esm       CLOT    warden's ring
	morrowind.esm       CLOT    wild sty ring
	morrowind.esm       CLOT    witch charm
	morrowind.esm       CLOT    woe charm
	tribunal.esm        CLOT    amulet_salandas
