USaS_StoneFlowerIsland EDIT.ESP: DUP-REC JUNKCEL MISSVER OVR-REC SCRDOOR
    [SCRDOOR] Bethesda doors that have had scripts attached to them:
	chargen_shipdoor                     CharGenDoorExit
	in_impsmall_loaddoor_01              noPickUp
    [JUNKCEL] Junk Cells:                        Flags
	Azura's Coast Region (20, -12)           0x02
	Azura's Coast Region (23, -12)           0x02
    [DUP-REC] Duplicate Records:
	From Master         Type    Name
	bloodmoon.esm       ACTI    active_de_p_bed_14
	bloodmoon.esm       CONT    barrel_01_pos
	bloodmoon.esm       CONT    com_basket_01_food
	bloodmoon.esm       CONT    com_closet_01_mclothes
	bloodmoon.esm       CONT    com_cupboard_01_pos
	bloodmoon.esm       CONT    com_sack_01_ingred
	bloodmoon.esm       CONT    com_sack_02_chpfood3
	bloodmoon.esm       CONT    com_sack_03_ingredients
	bloodmoon.esm       DOOR    in_impsmall_trapdoor_01a
	bloodmoon.esm       LIGH    light_com_candle_01_64
	bloodmoon.esm       LIGH    light_com_candle_09_128
	bloodmoon.esm       LIGH    light_com_candle_09_off
	bloodmoon.esm       MISC    misc_com_bottle_01
	bloodmoon.esm       MISC    misc_com_bottle_04
	bloodmoon.esm       MISC    misc_com_bottle_05
	bloodmoon.esm       MISC    misc_com_bottle_06
	bloodmoon.esm       MISC    misc_com_bottle_08
	bloodmoon.esm       MISC    misc_com_broom_01
	bloodmoon.esm       MISC    misc_com_bucket_01
	bloodmoon.esm       MISC    misc_com_metal_plate_04
	bloodmoon.esm       MISC    misc_com_metal_plate_05
	bloodmoon.esm       MISC    misc_com_pitcher_metal_01
	bloodmoon.esm       MISC    misc_com_tankard_01
	bloodmoon.esm       MISC    misc_com_wood_cup_02
	bloodmoon.esm       MISC    misc_com_wood_fork
	bloodmoon.esm       MISC    misc_com_wood_knife
	bloodmoon.esm       MISC    misc_com_wood_spoon_01
	bloodmoon.esm       STAT    bm_ex_karstaag
	bloodmoon.esm       STAT    furn_de_p_shelf_02
	bloodmoon.esm       STAT    furn_rug_redwolf
	bloodmoon.esm       WEAP    silver spear
	morrowind.esm       ACTI    active_com_bed_02
	morrowind.esm       ACTI    active_com_bed_04
	morrowind.esm       ACTI    active_de_bar_door
	morrowind.esm       ARMO    indoril shield
	morrowind.esm       BOOK    bk_briefhistoryempire1
	morrowind.esm       BOOK    bk_briefhistoryempire2
	morrowind.esm       BOOK    bk_briefhistoryempire3
	morrowind.esm       BOOK    bk_briefhistoryempire4
	morrowind.esm       CLOT    common_belt_03
	morrowind.esm       CLOT    common_belt_04
	morrowind.esm       CLOT    common_belt_05
	morrowind.esm       CLOT    common_pants_01
	morrowind.esm       CLOT    common_pants_03
	morrowind.esm       CLOT    common_pants_04_b
	morrowind.esm       CLOT    common_robe_02_t
	morrowind.esm       CLOT    common_robe_05
	morrowind.esm       CLOT    expensive_amulet_02
	morrowind.esm       CLOT    expensive_amulet_03
	morrowind.esm       CLOT    expensive_robe_01
	morrowind.esm       CLOT    expensive_shirt_01_u
	morrowind.esm       CONT    barrel_01_empty
	morrowind.esm       CONT    barrel_02_cheapfood5
	morrowind.esm       CONT    chest_small_02_au_ag
	morrowind.esm       CONT    com_chest_02_empty
	morrowind.esm       CONT    com_chest_11_pos
	morrowind.esm       CONT    com_hutch_01_misc
	morrowind.esm       CONT    crate_01_empty
	morrowind.esm       CONT    flora_comberry_01
	morrowind.esm       DOOR    in_c_door_arched
	morrowind.esm       DOOR    in_c_door_wood_square
	morrowind.esm       DOOR    in_t_door_small
	morrowind.esm       INGR    ingred_pearl_01
	morrowind.esm       LTEX    rm_rock_01
	morrowind.esm       LTEX    road dirt
	morrowind.esm       LTEX    rock_coastal
	morrowind.esm       LTEX    sand
	morrowind.esm       MISC    misc_com_basket_01
	morrowind.esm       MISC    misc_com_metal_plate_07
	morrowind.esm       STAT    ex_hlaalu_wall_gate_03
	morrowind.esm       STAT    ex_imp_wall_01
	morrowind.esm       STAT    ex_imp_wall_arch_01
	morrowind.esm       STAT    ex_imp_wall_corner_01
	morrowind.esm       STAT    ex_imp_wall_stairs_02
	morrowind.esm       STAT    ex_redoran_steps_01
	morrowind.esm       STAT    ex_redwall_post_01
	morrowind.esm       STAT    ex_v_foundation_01
	morrowind.esm       STAT    furn_com_rm_bar_04
	morrowind.esm       STAT    furn_com_rm_barstool
	morrowind.esm       STAT    furn_de_cushion_square_01
	morrowind.esm       STAT    furn_de_overhang_06
	morrowind.esm       STAT    furn_de_r_table_09
	morrowind.esm       STAT    furn_de_rug_02
	morrowind.esm       STAT    furn_guarcart00
	morrowind.esm       STAT    furn_log_04
	morrowind.esm       STAT    in_c_djamb_plain_square
	morrowind.esm       STAT    in_c_djamb_rich_arched
	morrowind.esm       STAT    in_c_plain_r_cwin_rec_01
	morrowind.esm       STAT    in_c_plain_r_swin_bay_01
	morrowind.esm       STAT    in_c_plain_r_swin_rec_01
	morrowind.esm       STAT    in_c_plain_room_corner
	morrowind.esm       STAT    in_c_plain_room_side
	morrowind.esm       STAT    in_c_rich_r_cwin_rec_01
	morrowind.esm       STAT    in_c_rich_r_swin_rec_01
	morrowind.esm       STAT    in_c_rich_room_center
	morrowind.esm       STAT    in_c_stair_plain_tall_01
	morrowind.esm       STAT    in_hlaalu_platform_02
	morrowind.esm       STAT    in_t_s_plain_hall_plug
	morrowind.esm       STAT    in_velothismall_dome_01
	morrowind.esm       STAT    in_velothismall_fresco_01
	morrowind.esm       STAT    terrain_rocks_gl_03
	morrowind.esm       STAT    terrain_rocks_gl_04
	morrowind.esm       WEAP    keening
	morrowind.esm       WEAP    sunder
	tribunal.esm        ARMO    bonemold_shield
	tribunal.esm        CONT    flora_plant_03
	tribunal.esm        DOOR    door_cavern_doors10
	tribunal.esm        DOOR    door_dwrv_load00
	tribunal.esm        DOOR    ex_de_shack_door
	tribunal.esm        DOOR    ex_imp_loaddoor_02
	tribunal.esm        DOOR    ex_mh_door_01
	tribunal.esm        DOOR    ex_t_door_01
	tribunal.esm        DOOR    in_dae_door_01
	tribunal.esm        DOOR    in_impsmall_door_01
	tribunal.esm        DOOR    in_mh_door_01
	tribunal.esm        DOOR    in_velothismall_ndoor_01
	tribunal.esm        MISC    misc_com_bottle_10
	tribunal.esm        MISC    misc_com_bottle_14
	tribunal.esm        MISC    misc_com_bottle_15
	tribunal.esm        MISC    misc_uni_pillow_01
	tribunal.esm        STAT    furn_com_torch_ring_01
	tribunal.esm        STAT    furn_de_rug_big_06
	tribunal.esm        STAT    in_dwe_utilcorr00_exp
    [OVR-REC] Overridden Records:
	From Master         Type    Name
	bloodmoon.esm       ACTI    active_de_bedroll
	bloodmoon.esm       DOOR    in_impsmall_loaddoor_01
	morrowind.esm       CONT    kollop_02_pearl
	morrowind.esm       CONT    urn_02
	morrowind.esm       DOOR    chargen_shipdoor
	morrowind.esm       LAND    (20, -12)
	morrowind.esm       LAND    (21, -12)
	morrowind.esm       LAND    (22, -12)
	morrowind.esm       LAND    (23, -12)
	morrowind.esm       LTEX    ac_dirt_01
	morrowind.esm       LTEX    ac_dirtroad_01
	morrowind.esm       LTEX    al_road_01
	morrowind.esm       LTEX    gl_dirt_01
	morrowind.esm       LTEX    gl_dirt_02
	morrowind.esm       LTEX    gl_dirtroad
	morrowind.esm       LTEX    gl_grass_05
	morrowind.esm       LTEX    gl_rock_02
	morrowind.esm       LTEX    lavacrust01.tga
	morrowind.esm       LTEX    ma_lava02
	morrowind.esm       LTEX    ma_sulphur_rock05
	morrowind.esm       LTEX    tx_lavacrust00.tga
	morrowind.esm       LTEX    wg_cobblestones
	morrowind.esm       LTEX    wg_dirtroad_01
	morrowind.esm       LTEX    wg_dirtscrub
	tribunal.esm        ACTI    a_furn_de_table_8
	tribunal.esm        CREA    centurion_steam_exhibit
	tribunal.esm        LTEX    ai_dirt
	tribunal.esm        LTEX    ai_grass
	tribunal.esm        LTEX    ai_grass_02
	tribunal.esm        LTEX    ai_grass_cobbles
	tribunal.esm        LTEX    ai_grass_dirt
	tribunal.esm        LTEX    ai_grass_rocky
	tribunal.esm        LTEX    ai_tilled_dirt
	tribunal.esm        MISC    misc_de_bowl_bugdesign_01
