hw_Racials&Birthsigns.ESP: DUP-REC MISSVER OVR-REC
    [DUP-REC] Duplicate Records:
	From Master         Type    Name
	morrowind.esm       BSGN    warwyrd
    [OVR-REC] Overridden Records:
	From Master         Type    Name
	morrowind.esm       BSGN    beggar's nose
	morrowind.esm       BSGN    blessed touch sign
	morrowind.esm       BSGN    charioteer
	morrowind.esm       BSGN    elfborn
	morrowind.esm       BSGN    fay
	morrowind.esm       BSGN    hara
	morrowind.esm       BSGN    moonshadow sign
	morrowind.esm       BSGN    star-cursed
	morrowind.esm       BSGN    wombburned
	morrowind.esm       RACE    argonian
	morrowind.esm       RACE    breton
	morrowind.esm       RACE    high elf
	morrowind.esm       RACE    khajiit
	morrowind.esm       RACE    nord
	morrowind.esm       RACE    redguard
