OAABandoned Shack Mad Hermit.ESP: DUP-REC MASTERS MISSAUT MISSDSC MISSVER
    MASTERS: out of sync with the masters installed in your Data Files directory:
	OAAB_Data.esm                1106203 (plugin)    1567893 (installed size)
    [DUP-REC] Duplicate Records:
	From Master         Type    Name
	bloodmoon.esm       MISC    misc_com_bottle_05
	bloodmoon.esm       MISC    misc_com_bottle_08
	bloodmoon.esm       STAT    furn_de_p_shelf_02
	morrowind.esm       ACTI    active_de_bed_30
	morrowind.esm       ALCH    potion_skooma_01
	morrowind.esm       BOOK    bk_arcanarestored
	morrowind.esm       BOOK    bk_corpsepreperation1_c
	morrowind.esm       BOOK    bk_onoblivion
	morrowind.esm       BOOK    bookskill_hand to hand5
	morrowind.esm       CONT    com_chest_01
	morrowind.esm       CONT    com_chest_01_empty
	morrowind.esm       WEAP    iron dagger
	oaab_data.esm       MISC    ab_misc_inkvial
	oaab_data.esm       MISC    ab_misc_quilllizard
	oaab_data.esm       STAT    ab_furn_deplnbookshelf01
	oaab_data.esm       STAT    ab_furn_deplnscrollrack2
	oaab_data.esm       STAT    ab_furn_dnghook
	oaab_data.esm       STAT    ab_furn_ropehang01
	tribunal.esm        BOOK    bk_legionsofthedead
	tribunal.esm        CONT    chest_small_01_gold_50
	tribunal.esm        MISC    misc_com_bottle_09
	tribunal.esm        MISC    misc_com_bottle_13
	tribunal.esm        STAT    furn_de_rug_big_06
