OAAB - The Ashen Divide - Vurt's Trees.ESP: DUP-REC MASTERS MISSAUT MISSDSC MISSVER OVR-REC
    MASTERS: out of sync with the masters installed in your Data Files directory:
	OAAB_Data.esm                1314087 (plugin)    1567893 (installed size)
    [DUP-REC] Duplicate Records:
	From Master         Type    Name
	tribunal.esm        LTEX    rm_rock_01
	tribunal.esm        LTEX    rock_coastal
    [OVR-REC] Overridden Records:
	From Master         Type    Name
	bloodmoon.esm       LTEX    sand_02
	bloodmoon.esm       LTEX    tx_bc_rock_03.tga
	morrowind.esm       LAND    (-3, -7)
	morrowind.esm       LAND    (-4, -5)
	morrowind.esm       LAND    (-4, -6)
	morrowind.esm       LAND    (-4, -7)
	morrowind.esm       LAND    (-5, -5)
	morrowind.esm       LAND    (-5, -6)
	morrowind.esm       LAND    (-5, -7)
	morrowind.esm       LAND    (-6, -6)
	morrowind.esm       LTEX    al_ash_02
	morrowind.esm       LTEX    al_ash_03
	morrowind.esm       LTEX    al_ash_04
	morrowind.esm       LTEX    ma_rock04
	morrowind.esm       LTEX    tx_bc_dirt.tga
	morrowind.esm       LTEX    tx_bc_grass.tga
	morrowind.esm       LTEX    tx_bc_moss.tga
	morrowind.esm       LTEX    tx_bc_muck_01.tga
	morrowind.esm       LTEX    tx_bc_mud.tga
	morrowind.esm       LTEX    tx_bc_rock_01.tga
	morrowind.esm       LTEX    tx_bc_rockyscrub.tga
	morrowind.esm       LTEX    tx_bc_undergrowth.tga
	morrowind.esm       LTEX    wg_dirtscrub
	morrowind.esm       LTEX    wg_rock
	morrowind.esm       LTEX    wg_rockydirt
	morrowind.esm       LTEX    wg_rockyscrub
	morrowind.esm       PGRD    zainsipilu
	tribunal.esm        LTEX    ai_clover
	tribunal.esm        LTEX    ai_dirt
	tribunal.esm        LTEX    ai_dirtroad
	tribunal.esm        LTEX    ai_grass
	tribunal.esm        LTEX    ai_grass_02
	tribunal.esm        LTEX    ai_grass_dirt
	tribunal.esm        LTEX    ai_grass_rocky
	tribunal.esm        LTEX    rm_grayrock
