OAAB - Shipwrecks(2).ESP: DUP-REC MASTERS MENUMOD MISSAUT MISSDSC MISSVER OVR-REC
    MASTERS: out of sync with the masters installed in your Data Files directory:
	Tamriel_Data.esm             8787443 (plugin)   11064795 (installed size)
	OAAB_Data.esm                1384891 (plugin)    1567893 (installed size)
    [MENUMOD] Scripts not checking menumode:
	SCPT(cor_ship_bottles_01)
	SCPT(cor_ship_bottles_02)
	SCPT(cor_ship_bottles_03)
	SCPT(cor_ship_bottles_05)
	SCPT(cor_ship_bottles_06)
	SCPT(cor_ship_dreugh_dead)
	SCPT(cor_ship_dreugh_hide)
	SCPT(cor_ship_dreugh_spear)
	SCPT(cor_ship_hlaalu_box)
	SCPT(cor_ship_squid_hide)
	SCPT(cor_ship_squid_spear)
	SCPT(cor_ship_uncharted)
	SCPT(cor_ship_ylgor)
	SCPT(cor_sit_script)
    [DUP-REC] Duplicate Records:
	From Master         Type    Name
	tribunal.esm        LTEX    rm_rock_01
	tribunal.esm        LTEX    rock_coastal
    [OVR-REC] Overridden Records:
	From Master         Type    Name
	bloodmoon.esm       LTEX    ac_darkgravel
	bloodmoon.esm       LTEX    sand_02
	bloodmoon.esm       LTEX    tx_bc_rock_03.tga
	morrowind.esm       LAND    (-1, -11)
	morrowind.esm       LAND    (-1, 23)
	morrowind.esm       LAND    (-10, 1)
	morrowind.esm       LAND    (-13, 15)
	morrowind.esm       LAND    (-15, 14)
	morrowind.esm       LAND    (-2, -11)
	morrowind.esm       LAND    (-6, -7)
	morrowind.esm       LAND    (0, 22)
	morrowind.esm       LAND    (0, 23)
	morrowind.esm       LAND    (1, -6)
	morrowind.esm       LAND    (1, 22)
	morrowind.esm       LAND    (1, 23)
	morrowind.esm       LAND    (13, 15)
	morrowind.esm       LAND    (18, -1)
	morrowind.esm       LAND    (18, -2)
	morrowind.esm       LAND    (19, -1)
	morrowind.esm       LAND    (19, -2)
	morrowind.esm       LAND    (19, 6)
	morrowind.esm       LAND    (4, -15)
	morrowind.esm       LAND    (8, 20)
	morrowind.esm       LAND    (9, -11)
	morrowind.esm       LAND    (9, 20)
	morrowind.esm       LTEX    ac_darkstone01
	morrowind.esm       LTEX    ac_darkstone02
	morrowind.esm       LTEX    ac_darkstone_grass
	morrowind.esm       LTEX    ac_dirtroad_01
	morrowind.esm       LTEX    al_ash_02
	morrowind.esm       LTEX    al_ash_03
	morrowind.esm       LTEX    al_ash_04
	morrowind.esm       LTEX    scrub plain
	morrowind.esm       LTEX    tx_ai_mudflats_01.tga
	morrowind.esm       LTEX    tx_bc_grass.tga
	morrowind.esm       LTEX    tx_bc_moss.tga
	morrowind.esm       LTEX    tx_bc_muck_01.tga
	morrowind.esm       LTEX    tx_bc_mud.tga
	morrowind.esm       LTEX    tx_bc_rock_01.tga
	morrowind.esm       LTEX    tx_bc_rockyscrub.tga
	morrowind.esm       LTEX    tx_bc_scrub.tga
	morrowind.esm       LTEX    tx_bc_undergrowth.tga
	morrowind.esm       LTEX    wg_rock
	morrowind.esm       LTEX    wg_rockydirt
	morrowind.esm       LTEX    wg_scrub plain
	morrowind.esm       PGRD    ascadian isles region
	morrowind.esm       PGRD    azura's coast region
	morrowind.esm       PGRD    sheogorad region
	tribunal.esm        DIAL    background
	tribunal.esm        DIAL    greeting 1
	tribunal.esm        DIAL    latest rumors
	tribunal.esm        LTEX    ai_clover
	tribunal.esm        LTEX    ai_dirt
	tribunal.esm        LTEX    ai_grass
	tribunal.esm        LTEX    ai_grass_02
	tribunal.esm        LTEX    ai_grass_dirt
	tribunal.esm        LTEX    rm_grayrock
