Of Dungeons and Abodes.esp: DUP-REC MENUMOD MISSVER NUMRECS OVR-REC
    [NUMRECS]: number of records in TES3.HEDR (671) != Actual count (666)
    [MENUMOD] Scripts not checking menumode:
	SCPT(_DEG_ODAA010_ShackConstruction)
	SCPT(_DEG_ODAA011_HasistesScript)
	SCPT(_DEG_ODAA015_BalidelTopic)
	SCPT(_DEG_ODAA018_DoorChange02)
	SCPT(_DEG_ODAA01_DoorChange)
	SCPT(_DEG_ODAA026_DaviimirReturn)
	SCPT(_DEG_ODAA027_DaviimirRandom)
	SCPT(_DEG_ODAA028_DaviimirSetup)
	SCPT(_DEG_ODAA029_MerchantStart)
	SCPT(_DEG_ODAA02_DoorChange)
	SCPT(_DEG_ODAA031_SmokeEnable)
	SCPT(_DEG_ODAA033_ChestBOOK)
	SCPT(_DEG_ODAA034_ChestPlates)
	SCPT(_DEG_ODAA035_ChestEnchant)
	SCPT(_DEG_ODAA05_CreatureCount01)
	SCPT(_DEG_ODAA06_CorpseActivate01)
	SCPT(_DEG_ODAA07_PlayerDetect01)
	SCPT(_DEG_ODAA09_Timer01)
	SCPT(_DEG_ODAA12_PlayerDetect02)
	SCPT(_DEG_ODAA12_Timer02)
	SCPT(_DEG_ODAA13_BalidelEnable)
	SCPT(_DEG_ODAA13_CreatureCount02)
	SCPT(_DEG_ODAA14_BalidelSeyda)
	SCPT(_DEG_ODAA15_BalidelHla)
	SCPT(_DEG_ODAA16_BalidelGnaar)
	SCPT(_DEG_ODAA17_BalidelKhuul)
	SCPT(_DEG_ODAA18_Timer03)
	SCPT(_DEG_ODAA19_DoorChange03)
	SCPT(_DEG_ODAA20_Timer04)
	SCPT(_DEG_ODAA22_MagicLab01)
	SCPT(_DEG_ODAA23_MagicLab02)
	SCPT(_DEG_ODAA24_MagicLab03)
    [OVR-REC] Overridden Records:
	From Master         Type    Name
	tribunal.esm        DIAL    background
	tribunal.esm        DIAL    greeting 5
	tribunal.esm        DIAL    latest rumors
	tribunal.esm        DIAL    little secret
	tribunal.esm        DIAL    my trade
