Leafy morrowind wonky.esp: DUP-REC MISSAUT MISSDSC MISSVER OVR-REC
    [DUP-REC] Duplicate Records:
	From Master         Type    Name
	tribunal.esm        LTEX    rm_rock_01
	tribunal.esm        LTEX    rock_coastal
    [OVR-REC] Overridden Records:
	From Master         Type    Name
	bloodmoon.esm       LTEX    sand_02
	bloodmoon.esm       STAT    flora_root_wg_01
	bloodmoon.esm       STAT    flora_root_wg_03
	bloodmoon.esm       STAT    flora_trama_shrub_06
	morrowind.esm       ACTI    volcano_steam
	morrowind.esm       CONT    contain_trama_shrub_06
	morrowind.esm       CONT    tramaroot_06
	morrowind.esm       LAND    (-1, 10)
	morrowind.esm       LAND    (-1, 13)
	morrowind.esm       LAND    (-1, 18)
	morrowind.esm       LAND    (-1, 4)
	morrowind.esm       LAND    (-1, 5)
	morrowind.esm       LAND    (-1, 6)
	morrowind.esm       LAND    (-1, 7)
	morrowind.esm       LAND    (-1, 8)
	morrowind.esm       LAND    (-1, 9)
	morrowind.esm       LAND    (-2, 10)
	morrowind.esm       LAND    (-2, 13)
	morrowind.esm       LAND    (-2, 18)
	morrowind.esm       LAND    (-2, 9)
	morrowind.esm       LAND    (-3, 9)
	morrowind.esm       LAND    (-6, 16)
	morrowind.esm       LAND    (-6, 17)
	morrowind.esm       LAND    (-7, 17)
	morrowind.esm       LAND    (0, 10)
	morrowind.esm       LAND    (0, 11)
	morrowind.esm       LAND    (0, 2)
	morrowind.esm       LAND    (0, 4)
	morrowind.esm       LAND    (0, 5)
	morrowind.esm       LAND    (0, 6)
	morrowind.esm       LAND    (0, 7)
	morrowind.esm       LAND    (0, 8)
	morrowind.esm       LAND    (0, 9)
	morrowind.esm       LAND    (1, -1)
	morrowind.esm       LAND    (1, -2)
	morrowind.esm       LAND    (1, 10)
	morrowind.esm       LAND    (1, 2)
	morrowind.esm       LAND    (1, 3)
	morrowind.esm       LAND    (1, 4)
	morrowind.esm       LAND    (1, 5)
	morrowind.esm       LAND    (1, 6)
	morrowind.esm       LAND    (1, 7)
	morrowind.esm       LAND    (1, 8)
	morrowind.esm       LAND    (10, -6)
	morrowind.esm       LAND    (10, -7)
	morrowind.esm       LAND    (10, 0)
	morrowind.esm       LAND    (10, 1)
	morrowind.esm       LAND    (10, 2)
	morrowind.esm       LAND    (10, 3)
	morrowind.esm       LAND    (11, 0)
	morrowind.esm       LAND    (11, 1)
	morrowind.esm       LAND    (11, 2)
	morrowind.esm       LAND    (11, 3)
	morrowind.esm       LAND    (12, -1)
	morrowind.esm       LAND    (12, -2)
	morrowind.esm       LAND    (12, -5)
	morrowind.esm       LAND    (12, -6)
	morrowind.esm       LAND    (12, 0)
	morrowind.esm       LAND    (12, 2)
	morrowind.esm       LAND    (13, -1)
	morrowind.esm       LAND    (13, -2)
	morrowind.esm       LAND    (13, -3)
	morrowind.esm       LAND    (13, -5)
	morrowind.esm       LAND    (13, -6)
	morrowind.esm       LAND    (14, -3)
	morrowind.esm       LAND    (14, -6)
	morrowind.esm       LAND    (2, -1)
	morrowind.esm       LAND    (2, 2)
	morrowind.esm       LAND    (2, 4)
	morrowind.esm       LAND    (2, 6)
	morrowind.esm       LAND    (2, 7)
	morrowind.esm       LAND    (2, 8)
	morrowind.esm       LAND    (2, 9)
	morrowind.esm       LAND    (3, 0)
	morrowind.esm       LAND    (3, 6)
	morrowind.esm       LAND    (3, 9)
	morrowind.esm       LAND    (4, -7)
	morrowind.esm       LAND    (4, 7)
	morrowind.esm       LAND    (4, 9)
	morrowind.esm       LAND    (5, -1)
	morrowind.esm       LAND    (5, -8)
	morrowind.esm       LAND    (5, 0)
	morrowind.esm       LAND    (5, 4)
	morrowind.esm       LAND    (6, -1)
	morrowind.esm       LAND    (6, -10)
	morrowind.esm       LAND    (6, -3)
	morrowind.esm       LAND    (6, -4)
	morrowind.esm       LAND    (6, -8)
	morrowind.esm       LAND    (6, -9)
	morrowind.esm       LAND    (6, 0)
	morrowind.esm       LAND    (6, 1)
	morrowind.esm       LAND    (6, 20)
	morrowind.esm       LAND    (7, -3)
	morrowind.esm       LAND    (7, -4)
	morrowind.esm       LAND    (7, -5)
	morrowind.esm       LAND    (7, -6)
	morrowind.esm       LAND    (7, -7)
	morrowind.esm       LAND    (7, 0)
	morrowind.esm       LAND    (7, 2)
	morrowind.esm       LAND    (7, 20)
	morrowind.esm       LAND    (7, 3)
	morrowind.esm       LAND    (8, -1)
	morrowind.esm       LAND    (8, -3)
	morrowind.esm       LAND    (8, -4)
	morrowind.esm       LAND    (8, -5)
	morrowind.esm       LAND    (8, -6)
	morrowind.esm       LAND    (8, -7)
	morrowind.esm       LAND    (8, 1)
	morrowind.esm       LAND    (8, 2)
	morrowind.esm       LAND    (8, 4)
	morrowind.esm       LAND    (9, -3)
	morrowind.esm       LAND    (9, -4)
	morrowind.esm       LAND    (9, -5)
	morrowind.esm       LAND    (9, -6)
	morrowind.esm       LAND    (9, 0)
	morrowind.esm       LAND    (9, 1)
	morrowind.esm       LAND    (9, 2)
	morrowind.esm       LTEX    ac_darkstone01
	morrowind.esm       LTEX    ac_darkstone02
	morrowind.esm       LTEX    ac_darkstone_grass
	morrowind.esm       LTEX    ac_dirt_grass_02
	morrowind.esm       LTEX    ac_dirtroad_01
	morrowind.esm       LTEX    al_ash_01
	morrowind.esm       LTEX    al_ash_02
	morrowind.esm       LTEX    al_ash_03
	morrowind.esm       LTEX    al_ash_04
	morrowind.esm       LTEX    al_road_01
	morrowind.esm       LTEX    daedric stone
	morrowind.esm       LTEX    daedric_scrubruins
	morrowind.esm       LTEX    lavacrust01.tga
	morrowind.esm       LTEX    lavacrust02.tga
	morrowind.esm       LTEX    ma_crackedearth
	morrowind.esm       LTEX    ma_lava
	morrowind.esm       LTEX    ma_lava02
	morrowind.esm       LTEX    ma_lava03
	morrowind.esm       LTEX    ma_lava04
	morrowind.esm       LTEX    ma_lava05
	morrowind.esm       LTEX    ma_lava06
	morrowind.esm       LTEX    ma_lavacrust.tga
	morrowind.esm       LTEX    ma_lavaflow
	morrowind.esm       LTEX    ma_lavaridge
	morrowind.esm       LTEX    ma_lavarock
	morrowind.esm       LTEX    ma_rock04
	morrowind.esm       LTEX    ma_sulphur_rock01
	morrowind.esm       LTEX    ma_sulphur_rock02
	morrowind.esm       LTEX    ma_sulphur_rock03
	morrowind.esm       LTEX    ma_sulphur_rock05
	morrowind.esm       LTEX    ma_sulphur_rock06
	morrowind.esm       LTEX    ma_sulphur_rock07
	morrowind.esm       LTEX    ma_sulphur_rock08
	morrowind.esm       LTEX    ma_sulphur_rock09
	morrowind.esm       LTEX    rm_redrock
	morrowind.esm       LTEX    rm_rock_02
	morrowind.esm       LTEX    rm_whiterock
	morrowind.esm       LTEX    wg_rock
	morrowind.esm       LTEX    wg_rockydirt
	morrowind.esm       LTEX    wg_rockyscrub
	morrowind.esm       LTEX    wg_scrub plain
	morrowind.esm       REGN    ashlands region
	morrowind.esm       REGN    molag mar region
	morrowind.esm       STAT    flora_ashtree_01
	morrowind.esm       STAT    flora_ashtree_02
	morrowind.esm       STAT    flora_ashtree_03
	morrowind.esm       STAT    flora_ashtree_04
	morrowind.esm       STAT    flora_root_wg_02
	morrowind.esm       STAT    flora_root_wg_04
	morrowind.esm       STAT    flora_root_wg_05
	morrowind.esm       STAT    flora_root_wg_06
	morrowind.esm       STAT    flora_root_wg_07
	morrowind.esm       STAT    flora_root_wg_08
	morrowind.esm       STAT    flora_trama_shrub_01
	morrowind.esm       STAT    flora_trama_shrub_02
	morrowind.esm       STAT    flora_trama_shrub_04
	morrowind.esm       STAT    flora_trama_shrub_05
	morrowind.esm       STAT    terrain_ashland_rock_01
	morrowind.esm       STAT    terrain_ashland_rock_04
	morrowind.esm       STAT    terrain_ashland_rock_06
	morrowind.esm       STAT    terrain_ashland_rock_08
	morrowind.esm       STAT    terrain_ashland_rock_09
	morrowind.esm       STAT    terrain_ashland_rock_10
	morrowind.esm       STAT    terrain_ashland_rock_13
	morrowind.esm       STAT    terrain_ashland_rock_14
	morrowind.esm       STAT    terrain_cairn_al_01
	morrowind.esm       STAT    terrain_cairn_al_02
	morrowind.esm       STAT    terrain_cairn_al_03
	morrowind.esm       STAT    terrain_ma_rock13
	morrowind.esm       STAT    terrain_ma_rock22
	morrowind.esm       STAT    terrain_ma_rock32
	morrowind.esm       STAT    terrain_ma_rock62
	morrowind.esm       STAT    terrain_ma_rock_13
	morrowind.esm       STAT    terrain_rock_ma_01
	morrowind.esm       STAT    terrain_rock_ma_09
	morrowind.esm       STAT    terrain_rock_ma_10
	morrowind.esm       STAT    terrain_rock_ma_19
	morrowind.esm       STAT    terrain_rock_ma_43
	morrowind.esm       STAT    terrain_rock_ma_54
	morrowind.esm       STAT    terrain_rock_ma_56
	morrowind.esm       STAT    terrain_rock_ma_5a
	morrowind.esm       STAT    terrain_rock_ma_67
	morrowind.esm       STAT    terrain_rock_rm_01
	morrowind.esm       STAT    terrain_rock_rm_02
	morrowind.esm       STAT    terrain_rock_rm_03
	morrowind.esm       STAT    terrain_rock_rm_04
	morrowind.esm       STAT    terrain_rock_rm_06
	morrowind.esm       STAT    terrain_rock_rm_07
	morrowind.esm       STAT    terrain_rock_rm_08
	morrowind.esm       STAT    terrain_rock_rm_09
	morrowind.esm       STAT    terrain_rock_rm_10
	morrowind.esm       STAT    terrain_rock_rm_12
	tribunal.esm        LTEX    ai_dirt
	tribunal.esm        LTEX    ai_dirtroad
	tribunal.esm        LTEX    ai_grass
	tribunal.esm        LTEX    ai_grass_02
	tribunal.esm        LTEX    ai_grass_cobbles
	tribunal.esm        LTEX    ai_grass_dirt
	tribunal.esm        LTEX    ai_grass_rocky
	tribunal.esm        LTEX    ai_tilled_dirt
	tribunal.esm        LTEX    rm_grayrock
