LGNPC_Khuul.esp: DUP-REC MENUMOD OVR-REC
    [MENUMOD] Scripts not checking menumode:
	SCPT(lgnpc_kh_AshirDan_Script)
	SCPT(lgnpc_kh_BlerndtsRing_Script)
	SCPT(lgnpc_kh_Brurid_Script)
	SCPT(lgnpc_kh_Laterus_Script)
	SCPT(lgnpc_kh_NoLoreNPC)
    [OVR-REC] Overridden Records:
	From Master         Type    Name
	bloodmoon.esm       DIAL    blades
	bloodmoon.esm       DIAL    service refusal
	morrowind.esm       DIAL    ald velothi
	morrowind.esm       DIAL    asha-ahhe egg mine
	morrowind.esm       DIAL    destination
	morrowind.esm       DIAL    dreugh
	morrowind.esm       DIAL    dunmer
	morrowind.esm       DIAL    dwemer ruins
	morrowind.esm       DIAL    empire
	morrowind.esm       DIAL    imperial legion
	morrowind.esm       DIAL    join the imperial legion
	morrowind.esm       DIAL    khajiit
	morrowind.esm       DIAL    khuul
	morrowind.esm       DIAL    nord
	morrowind.esm       DIAL    silt strider
	morrowind.esm       DIAL    skyrim
	morrowind.esm       DIAL    telvanni bug musk
	tribunal.esm        DIAL    background
	tribunal.esm        DIAL    greeting 7
	tribunal.esm        DIAL    latest rumors
	tribunal.esm        DIAL    little advice
	tribunal.esm        DIAL    little secret
	tribunal.esm        DIAL    morrowind lore
	tribunal.esm        DIAL    my trade
	tribunal.esm        DIAL    nerevarine
	tribunal.esm        DIAL    services
	tribunal.esm        DIAL    someone in particular
	tribunal.esm        DIAL    specific place
