LGNPC_MaarGan.esp: DUP-REC MENUMOD OVR-REC
    [MENUMOD] Scripts not checking menumode:
	SCPT(lgnpc_mg_AndusTradehouse_Script)
	SCPT(lgnpc_mg_ShilipuranDoor_Script)
	SCPT(lgnpc_mg_ShilipuranTrigger)
    [OVR-REC] Overridden Records:
	From Master         Type    Name
	bloodmoon.esm       DIAL    greeting 4
	bloodmoon.esm       DIAL    service refusal
	morrowind.esm       DIAL    alit
	morrowind.esm       DIAL    armor types
	morrowind.esm       DIAL    armorer
	morrowind.esm       DIAL    ascadian isles
	morrowind.esm       DIAL    ashlands
	morrowind.esm       DIAL    atronachs
	morrowind.esm       DIAL    axes
	morrowind.esm       DIAL    azura's coast
	morrowind.esm       DIAL    bitter coast
	morrowind.esm       DIAL    blunt weapons
	morrowind.esm       DIAL    bosmer
	morrowind.esm       DIAL    breton
	morrowind.esm       DIAL    clannfear
	morrowind.esm       DIAL    cliff racer
	morrowind.esm       DIAL    daedra
	morrowind.esm       DIAL    daedroth
	morrowind.esm       DIAL    dunmer
	morrowind.esm       DIAL    food
	morrowind.esm       DIAL    fortune
	morrowind.esm       DIAL    geographic regions
	morrowind.esm       DIAL    ghostgate
	morrowind.esm       DIAL    golden saints
	morrowind.esm       DIAL    grazelands
	morrowind.esm       DIAL    guar
	morrowind.esm       DIAL    hunger
	morrowind.esm       DIAL    imperial
	morrowind.esm       DIAL    kagouti
	morrowind.esm       DIAL    kwama forager
	morrowind.esm       DIAL    long blades
	morrowind.esm       DIAL    maar gan
	morrowind.esm       DIAL    molag amur
	morrowind.esm       DIAL    necromancy
	morrowind.esm       DIAL    nix-hound
	morrowind.esm       DIAL    ogrim
	morrowind.esm       DIAL    orc
	morrowind.esm       DIAL    pearl
	morrowind.esm       DIAL    rat
	morrowind.esm       DIAL    red mountain
	morrowind.esm       DIAL    redguard
	morrowind.esm       DIAL    scamp
	morrowind.esm       DIAL    scrib
	morrowind.esm       DIAL    shalk
	morrowind.esm       DIAL    sheogorad
	morrowind.esm       DIAL    short blades
	morrowind.esm       DIAL    silt strider
	morrowind.esm       DIAL    spears
	morrowind.esm       DIAL    weapon types
	morrowind.esm       DIAL    west gash
	morrowind.esm       DIAL    winged twilight
	tribunal.esm        DIAL    background
	tribunal.esm        DIAL    beds
	tribunal.esm        DIAL    greeting 1
	tribunal.esm        DIAL    greeting 5
	tribunal.esm        DIAL    greeting 7
	tribunal.esm        DIAL    latest rumors
	tribunal.esm        DIAL    little advice
	tribunal.esm        DIAL    little secret
	tribunal.esm        DIAL    morrowind lore
	tribunal.esm        DIAL    my trade
	tribunal.esm        DIAL    services
	tribunal.esm        DIAL    someone in particular
	tribunal.esm        DIAL    specific place
