LGNPC_Aldruhn_suppl.esp: DUP-REC MENUMOD MISSVER OVR-REC
    [MENUMOD] Scripts not checking menumode:
	SCPT(lgnpc_ar_AldSkarInn_Script)
	SCPT(lgnpc_ar_Aldruhn_Script)
	SCPT(lgnpc_ar_DagothSoulScript)
	SCPT(lgnpc_ar_EyeOfMarusa_Script)
	SCPT(lgnpc_ar_GeehLaScript)
	SCPT(lgnpc_ar_IntaNews)
	SCPT(lgnpc_ar_Merthierry_Gni_Script)
	SCPT(lgnpc_ar_Merthierry_Vos_Script)
	SCPT(lgnpc_ar_NoLoreNPC)
	SCPT(lgnpc_ar_RemoveEyeOfMarusa)
	SCPT(lgnpc_ar_RingPerciusScript)
	SCPT(lgnpc_ar_SlaveCorpseScript)
	SCPT(lgnpc_ar_TsashiScript)
	SCPT(lgnpc_ar_WallPanel_Script)
	SCPT(lgnpc_ar_WallSafe_Script)
    [OVR-REC] Overridden Records:
	From Master         Type    Name
	bloodmoon.esm       DIAL    blades
	bloodmoon.esm       DIAL    imperial law
	bloodmoon.esm       DIAL    service refusal
	morrowind.esm       DIAL    abolitionists
	morrowind.esm       DIAL    aengoth the jeweler
	morrowind.esm       DIAL    affairs of honor
	morrowind.esm       DIAL    ald velothi
	morrowind.esm       DIAL    ald'ruhn
	morrowind.esm       DIAL    alms for the poor
	morrowind.esm       DIAL    altmer
	morrowind.esm       DIAL    argonian
	morrowind.esm       DIAL    arobar manor
	morrowind.esm       DIAL    ascadian isles
	morrowind.esm       DIAL    ascended sleeper
	morrowind.esm       DIAL    ash ghoul
	morrowind.esm       DIAL    ash slave
	morrowind.esm       DIAL    ash storm
	morrowind.esm       DIAL    ashlanders hate foreigners
	morrowind.esm       DIAL    ashlands
	morrowind.esm       DIAL    athyn sarethi
	morrowind.esm       DIAL    azura's coast
	morrowind.esm       DIAL    bad people
	morrowind.esm       DIAL    bitter coast
	morrowind.esm       DIAL    bivale teneran
	morrowind.esm       DIAL    bolvyn venim
	morrowind.esm       DIAL    bosmer
	morrowind.esm       DIAL    brara morvayn
	morrowind.esm       DIAL    braynas hlervu
	morrowind.esm       DIAL    breton
	morrowind.esm       DIAL    caldera
	morrowind.esm       DIAL    choosing a great house
	morrowind.esm       DIAL    corprus in ald'ruhn
	morrowind.esm       DIAL    cure skooma addict
	morrowind.esm       DIAL    dagoth ur
	morrowind.esm       DIAL    drinar varyon
	morrowind.esm       DIAL    dunmer
	morrowind.esm       DIAL    dwemer
	morrowind.esm       DIAL    enchantments
	morrowind.esm       DIAL    faith
	morrowind.esm       DIAL    fighters guild
	morrowind.esm       DIAL    foyada
	morrowind.esm       DIAL    foyada mamaea
	morrowind.esm       DIAL    garisa llethri
	morrowind.esm       DIAL    geographic regions
	morrowind.esm       DIAL    get cured
	morrowind.esm       DIAL    ghostfence
	morrowind.esm       DIAL    ghostgate
	morrowind.esm       DIAL    gnisis
	morrowind.esm       DIAL    grazelands
	morrowind.esm       DIAL    great houses
	morrowind.esm       DIAL    greef
	morrowind.esm       DIAL    greeting 6
	morrowind.esm       DIAL    guild guide
	morrowind.esm       DIAL    hassour zainsubani
	morrowind.esm       DIAL    hlaren ramoran
	morrowind.esm       DIAL    hortator's duty
	morrowind.esm       DIAL    house dres
	morrowind.esm       DIAL    house hlaalu
	morrowind.esm       DIAL    house redoran
	morrowind.esm       DIAL    house telvanni
	morrowind.esm       DIAL    house wars
	morrowind.esm       DIAL    ienas sarandas
	morrowind.esm       DIAL    imperial
	morrowind.esm       DIAL    imperial corruption
	morrowind.esm       DIAL    imperial cult
	morrowind.esm       DIAL    imperial legion
	morrowind.esm       DIAL    jobs
	morrowind.esm       DIAL    join the mages guild
	morrowind.esm       DIAL    khajiit
	morrowind.esm       DIAL    khuul
	morrowind.esm       DIAL    killing and murder
	morrowind.esm       DIAL    lirielle stoine
	morrowind.esm       DIAL    llethri manor
	morrowind.esm       DIAL    lost kogoruhn
	morrowind.esm       DIAL    maar gan
	morrowind.esm       DIAL    mages guild
	morrowind.esm       DIAL    make amends
	morrowind.esm       DIAL    mazte
	morrowind.esm       DIAL    miner arobar
	morrowind.esm       DIAL    molag amur
	morrowind.esm       DIAL    molag mar
	morrowind.esm       DIAL    morag tong
	morrowind.esm       DIAL    more blight storms
	morrowind.esm       DIAL    morvayn manor
	morrowind.esm       DIAL    necromancy
	morrowind.esm       DIAL    need wives
	morrowind.esm       DIAL    nord
	morrowind.esm       DIAL    oreyn bearclaw
	morrowind.esm       DIAL    orvas dren
	morrowind.esm       DIAL    peakstar
	morrowind.esm       DIAL    price on your head
	morrowind.esm       DIAL    red mountain
	morrowind.esm       DIAL    redguard
	morrowind.esm       DIAL    rules
	morrowind.esm       DIAL    sheogorad
	morrowind.esm       DIAL    silt strider
	morrowind.esm       DIAL    silt strider service
	morrowind.esm       DIAL    skar
	morrowind.esm       DIAL    slavery
	morrowind.esm       DIAL    sleepers
	morrowind.esm       DIAL    soul sickness
	morrowind.esm       DIAL    suran
	morrowind.esm       DIAL    tear
	morrowind.esm       DIAL    telvanni tower
	morrowind.esm       DIAL    temple
	morrowind.esm       DIAL    thieves guild
	morrowind.esm       DIAL    tongue-toad
	morrowind.esm       DIAL    troubles for house redoran
	morrowind.esm       DIAL    twin lamps
	morrowind.esm       DIAL    urshilaku camp
	morrowind.esm       DIAL    vampirism cure
	morrowind.esm       DIAL    varvur sarethi
	morrowind.esm       DIAL    venim manor
	morrowind.esm       DIAL    vos
	morrowind.esm       DIAL    vvardenfell
	morrowind.esm       DIAL    west gash
	tribunal.esm        DIAL    background
	tribunal.esm        DIAL    camonna tong
	tribunal.esm        DIAL    greeting 1
	tribunal.esm        DIAL    greeting 5
	tribunal.esm        DIAL    greeting 7
	tribunal.esm        DIAL    latest rumors
	tribunal.esm        DIAL    little advice
	tribunal.esm        DIAL    little secret
	tribunal.esm        DIAL    morrowind lore
	tribunal.esm        DIAL    my trade
	tribunal.esm        DIAL    nerevarine
	tribunal.esm        DIAL    services
	tribunal.esm        DIAL    someone in particular
	tribunal.esm        DIAL    specific place
	tribunal.esm        DIAL    travel together
