Local Lore - Silt Striders and Caravaners.ESP: DUP-INF DUP-REC MISSAUT MISSDSC MISSVER MOD-INF NUMRECS OVR-REC
    [NUMRECS]: number of records in TES3.HEDR (194) != Actual count (122)
    [OVR-REC] Overridden Records:
	From Master         Type    Name
	morrowind.esm       DIAL    mabrigash
	morrowind.esm       DIAL    silt strider
	tribunal.esm        DIAL    greeting 9

[DUP-INF]: ID=10933144210792822(Greeting:greeting 9)
  |DATA|ANAM:Ald-ruhn|NAME:I'm %name, %class. Welcome to Ald'ruhn, the district seat of House Redoran. Are you looking for someone in particular?|SCVR:01630|INTV:|SCVR:12sX4Random100|INTV

[MOD-INF]: ID=16032260275024476(Greeting:greeting 9)
  morrowind.esm--------------------------------->|DATA|ONAM:Adondasi Sadalvel|ANAM:Vivec|NAME:These are Vivec's docks, outlander. I'm the shipmaster, and I manage all the seagoing traffic here. Tell me your destination, if you're outward bound. Or if you're new to Vivec, I can steer you to the local services, or to a specific place in Vivec. If you're looking for someone in particular, I might be able to help.|SCVR:01630|INTV:
  Local Lore - Silt Striders and Caravaners.ESP->|DATA|ONAM:Adondasi Sadalvel|ANAM:Vivec|NAME:This is the silt strider port for the city of Vivec, outlander. I'm a caravaner, and I manage the silt strider port here. Tell me your destination, if you're looking for a ride. Or if you're new to Vivec, I can help you with local services, or any specific place in Vivec you're looking for. Or if you want someone in particular, maybe I know where to look.|SCVR:01630|INTV:

[DUP-INF]: ID=53117600474428084(Topic:mabrigash)
  |DATA|ONAM:assaba-bentus|NAME:What? You want me to go live with the witch-women? Do you think I am a fool like Jocien? Do you think I would fall for their charms?|SCVR:04JX0IL_RescueHermit|INTV|BNAM:Choice "Are you afraid of a few women?" 4 "Are you sure you can resist their charms?" 5 "Nevermind." 6

[DUP-INF]: ID=158151035130261577(Greeting:greeting 9)
  |DATA|ONAM:darvame hleran|ANAM:Seyda Neen|NAME:Good day, outlander. I'm the caravaner for Seyda Neen. Tell me your destination, and I'll tell you if I can help you.

[DUP-INF]: ID=202453533291798700(Greeting:greeting 9)
  |DATA|ONAM:daras aryon|ANAM:Maar Gan|NAME:This is the village of Maar Gan, outlander, in the Ashlands. I'm a caravaner, and I manage the silt strider port here. Tell me your destination, if you're looking for a ride. Or if you're new to Maar Gan, I can help you with local services, or any specific place in Maar Gan you're looking for. Or if you want someone in particular, maybe I know where to look.|SCVR:01630|INTV:

[DUP-INF]: ID=240685064921014667(Greeting:greeting 9)
  |DATA|ONAM:punibi yahaz|ANAM:Gnisis|NAME:This is the village of Gnisis, outlander, in the West Gash. I'm a caravaner, and I manage the silt strider port here. Tell me your destination, if you're looking for a ride. Or if you're new to Gnisis, I can help you with local services, or any specific place in Gnisis you're looking for. Or if you want someone in particular, maybe I know where to look.|SCVR:01630|INTV:

[DUP-INF]: ID=264426772322449180(Greeting:greeting 9)
  |DATA|ANAM:Vos|NAME:Yes? Are you looking for someone in particular?|SCVR:02sX4Random100|INTV:2

[DUP-INF]: ID=297702379936315197(Greeting:greeting 9)
  |DATA|ONAM:punibi yahaz|ANAM:Gnisis|NAME:Good day, outlander. I'm the caravaner here in Gnisis. Tell me your destination, and I'll tell you if I can help you.

[DUP-INF]: ID=300163321917712125(Greeting:greeting 9)
  |DATA|ONAM:darvame hleran|ANAM:Seyda Neen|NAME:This is the seaport village of Seyda Neen, outlander, in the Bitter Coast region. I'm a caravaner, and I manage the silt strider port here. Tell me your destination, if you're looking for a ride. Or if you're new to Seyda Neen, I can help you with local services, or any specific place in Seyda Neen you're looking for. Or if you want someone in particular, maybe I know where to look.|SCVR:01630|INTV:

[MOD-INF]: ID=301282770163852570(Greeting:greeting 9)
  morrowind.esm--------------------------------->|DATA|ONAM:seldus nerendus|NAME:These are the docks of Khuul, and I'm the shipmaster. I manage all the seagoing traffic here. Tell me your destination, if you're outward bound. Or if you're new to Khuul, I can steer you to the local services, or to a specific place in Khuul. If you're looking for someone in particular, I might be able to help.|SCVR:01630|INTV:
  Local Lore - Silt Striders and Caravaners.ESP->|DATA|ONAM:seldus nerendus|NAME:This is the strider port of Khuul, and I'm the local caravaner. Tell me your destination, if you're outward bound. Or if you're new to Khuul, I can steer you to the local services, or to a specific place in Khuul. If you're looking for someone in particular, I might be able to help.|SCVR:01630|INTV:

[DUP-INF]: ID=320311952228188890(Greeting:greeting 9)
  |DATA|ONAM:seldus nerendus|NAME:Good day, outlander. I'm Khuul's caravaner. Tell me your destination, and I'll tell you if I can help you.

[DUP-INF]: ID=556564682548813776(Greeting:greeting 9)
  |DATA|ONAM:navam veran|ANAM:Ald-ruhn|NAME:Good day, stranger. Welcome to Ald'ruhn. I'm the local caravaner, and I can tell you about silt strider travel if you'll tell me your destination. Are you new to Ald'ruhn, I would be happy to tell you about local services, or help you find someone in particular. Is there a specific place in Ald'ruhn you're looking for?|SCVR:01630|INTV:

[DUP-INF]: ID=576925922481230387(Topic:mabrigash)
  |DATA|ANAM:Erabenimsun Camp|NAME:The wise-woman who left us, and our rules. She steals a man's vital essence to make herself a powerful sorcerer. Her camp is to the west, along the lava. She has others with her and I would stay away. It'll be hard to find the camp in this landscape anyway.

[MOD-INF]: ID=1086792951001923252(Topic:silt strider)
  morrowind.esm--------------------------------->|DATA|ONAM:chargen captain|NAME:Silt striders carry passengers and cargo between settlements on Vvardenfell. Fares depend on distance to be traveled. Silt striders are giant insects. A compartment for passengers and cargo is hollowed from the creature's shell; the driver directs the beast by directly manipulating exposed organs and tissues. Silt striders travel between Ald'ruhn, Balmora, Seyda Neen, Suran, Gnisis, Molag Mar, Maar Gan, and North Landing near Vivec.
  Local Lore - Silt Striders and Caravaners.ESP->|DATA|ONAM:chargen captain|NAME:Silt striders carry passengers and cargo between settlements on Vvardenfell. Fares depend on distance to be traveled. Silt striders are giant insects. A compartment for passengers and cargo is hollowed from the creature's shell, the driver directs the beast by directly manipulating exposed organs and tissues. Silt striders travel between Ald'ruhn, Balmora, Seyda Neen, Suran, Gnisis, Molag Mar, Maar Gan, and North Landing near Vivec.

[DUP-INF]: ID=1121159352437325857(Greeting:greeting 9)
  |DATA|ONAM:folsi thendas|ANAM:Suran|NAME:Good day, outlander. I'm the caravaner for Suran. Tell me your destination, and I'll tell you if I can help you.

[MOD-INF]: ID=1346612322168014102(Greeting:greeting 9)
  morrowind.esm--------------------------------->|DATA|ONAM|NAME:Good day, outlander. I'm the caravaner for Molag Mar. Tell me your destination, and I'll tell you if I can help you.
  Local Lore - Silt Striders and Caravaners.ESP->|DATA|ONAM|NAME:Where can I take you, outlander? Do not fret about the weather, Vhul was once struck by lightning and didn't even flinch. So long as the caravaner has a gentle hand like mine your journey will be uneventful in a silt strider.|SCVR:01593|INTV

[MOD-INF]: ID=1647423652710419192(Greeting:greeting 9)
  morrowind.esm--------------------------------->|DATA|ONAM:navam veran|ANAM:Ald-ruhn|NAME:Good day, outlander. I'm the caravaner for Ald'ruhn. Planning a journey? What's your destination?
  Local Lore - Silt Striders and Caravaners.ESP->|DATA|ONAM:navam veran|ANAM:Ald-ruhn|NAME:Don't fret %PCrace, the storm won't affect your journey by more than a few minutes. Dust is named so for a reason. Where can I take you?|SCVR:01593|INTV

[DUP-INF]: ID=1882225093108915699(Greeting:greeting 9)
  |DATA|NAME:What do you want?|SCVR:03sX3NoLore|INTV:|BNAM:;added to prevent some bad no lore greetings.

[DUP-INF]: ID=2029221758321562073(Greeting:greeting 9)
  |DATA|ONAM|NAME:This is the village of Molag Mar, outlander, in the Molag Amur region. I'm a caravaner, and I manage the silt strider port here. Tell me your destination, if you're looking for a ride. Or if you're new to Molag Mar, I can help you with local services, or any specific place in Molag Mar you're looking for. Or if you want someone in particular, maybe I know where to look.|SCVR:01630|INTV:

[MOD-INF]: ID=2081356453141816051(Greeting:greeting 9)
  morrowind.esm--------------------------------->|DATA|ONAM:seldus nerendus|NAME:You looking for a ship? What's your destination?
  Local Lore - Silt Striders and Caravaners.ESP->|DATA|ONAM:seldus nerendus|NAME:Good day, stranger. I'm Khuul's caravaner, and this is Salt Leg. Tell me your destination, and we'll see what we can do for you.

[DUP-INF]: ID=2120145291414916687(Greeting:greeting 9)
  |DATA|ONAM:navam veran|ANAM:Ald-ruhn|NAME:This is Ald'ruhn, outlander. I'm a caravaner, and I can tell you about silt strider travel if you'll tell me your destination. And if you're new to Ald'ruhn, I can also tell you about local services, or help you find someone in particular. And if you're looking for a specific place in Ald'ruhn, go ahead and ask.|SCVR:01630|INTV:

[DUP-INF]: ID=2399686892009622600(Greeting:greeting 9)
  |DATA|ONAM:seldus nerendus|NAME:This is the village of Khuul, outlander. I'm a caravaner, and I manage the silt strider port here. Tell me your destination, if you're looking for a ride. Or if you're new to Khuul, I can direct you to the local services, such as they are. Or if you're looking for a specific place or someone in particular, maybe I can help.|SCVR:01630|INTV:

[DUP-INF]: ID=2792423678156007998(Greeting:greeting 9)
  |DATA|ONAM:daras aryon|ANAM:Maar Gan|NAME:Good day, outlander. I'm the caravaner here in Maar Gan. Tell me your destination, and I'll tell you if I can help you.

[DUP-INF]: ID=2899615293236502096(Greeting:greeting 9)
  |DATA|ONAM:Adondasi Sadalvel|ANAM:Vivec|NAME:Good day, stranger. I'm Vivec's shipmaster. Tell me your destination, and we'll see what we can do for you.

[DUP-INF]: ID=3180567311628915848(Greeting:greeting 9)
  |DATA|ONAM:selvil sareloth|ANAM:Balmora|NAME:This is the town of Balmora, outlander. I'm a caravaner, and I manage the silt strider port here. Tell me your destination, if you're looking for a ride. Or if you're new to Balmora, I can direct you to the local services, or to a specific place in Balmora. Or if you're looking for someone in particular, maybe I can help.|SCVR:01630|INTV:

[DUP-INF]: ID=14286161623040930788(Greeting:greeting 9)
  |DATA|ONAM:navam veran|ANAM:Ald-ruhn|NAME:Need a silt strider? What's your destination?

[DUP-INF]: ID=14547233552417125516(Greeting:greeting 9)
  |DATA|ONAM:folsi thendas|ANAM:Suran|NAME:This is the silt strider port for the town of Suran, outlander, in the Ascadian Isles region. I'm a caravaner, and I manage the silt strider port here. Tell me your destination, if you're looking for a ride. Or if you're new to Suran, I can help you with local services, or any specific place in Suran you're looking for. Or if you want someone in particular, maybe I know where to look.|SCVR:01630|INTV:

[DUP-INF]: ID=17322138931586317457(Greeting:greeting 9)
  |DATA|CNAM:Miner|ANAM:Abaelun Mine|NAME:You're in an diamond mine. Don't touch the diamonds, or the guards will kill you.

[DUP-INF]: ID=17544129772771618037(Greeting:greeting 9)
  |DATA|ANAM:Vivec|NAME:I'm %Name the gondolier. What is your destination? I can also help with local information. Do you need services? Are you looking for some specific place? Or for someone in particular?

[MOD-INF]: ID=19535169871985317815(Greeting:greeting 9)
  morrowind.esm--------------------------------->|DATA|ONAM:seldus nerendus|NAME:Good day, stranger. I'm Khuul's shipmaster. Tell me your destination, and we'll see what we can do for you.
  Local Lore - Silt Striders and Caravaners.ESP->|DATA|ONAM:seldus nerendus|NAME:Good day, stranger. I'm Khuul's caravaner. Tell me your destination, and we'll see what we can do for you.

[DUP-INF]: ID=20707138201364232320(Greeting:greeting 9)
  |DATA|ONAM:selvil sareloth|ANAM:Balmora|NAME:Good day, outlander. I'm Balmora's caravaner. Tell me your destination, and I'll tell you if I can help you.

[DUP-INF]: ID=21654267391564210808(Greeting:greeting 9)
  |DATA|ONAM|NAME:You looking for a silt strider? What's your destination?
