Luce's FCOT-OAAB NPC Distribution.ESP: DUP-REC MASTERS MISSAUT MISSDSC MISSVER OVR-REC
    MASTERS: out of sync with the masters installed in your Data Files directory:
	Tamriel_Data.esm             8787443 (plugin)   11064795 (installed size)
	OAAB_Data.esm                1257273 (plugin)    1567893 (installed size)
    [OVR-REC] Overridden Records:
	From Master         Type    Name
	morrowind.esm       NPC_    adanja
	morrowind.esm       NPC_    ahnassi
	morrowind.esm       NPC_    baadargo
	morrowind.esm       NPC_    dahleena
	morrowind.esm       NPC_    dro'sakhar
	morrowind.esm       NPC_    dro'tasarr
	morrowind.esm       NPC_    dro'zaymar
	morrowind.esm       NPC_    dro'zhirr
	morrowind.esm       NPC_    habasi
	morrowind.esm       NPC_    inorra
	morrowind.esm       NPC_    j'zhirr
	morrowind.esm       NPC_    jobasha
	morrowind.esm       NPC_    kiseena
	morrowind.esm       NPC_    ma'jidarr
	morrowind.esm       NPC_    ra'virr
	morrowind.esm       NPC_    ra'zhid
	morrowind.esm       NPC_    rabinna
	morrowind.esm       NPC_    ri'shajirr
	morrowind.esm       NPC_    thengil
	morrowind.esm       NPC_    tsajadhi
	morrowind.esm       NPC_    unjara
	morrowind.esm       NPC_    vanjirra
	morrowind.esm       NPC_    wadarkhu
