Key Replacer MW.esp: DUP-REC MISSVER NUMRECS OVR-REC
    [NUMRECS]: number of records in TES3.HEDR (394) != Actual count (322)
    [OVR-REC] Overridden Records:
	From Master         Type    Name
	morrowind.esm       MISC    key_abebaalslaves_01
	morrowind.esm       MISC    key_addamasartusslaves_01
	morrowind.esm       MISC    key_adibael
	morrowind.esm       MISC    key_aharunartusslaves_01
	morrowind.esm       MISC    key_ahnassi
	morrowind.esm       MISC    key_ald_redaynia
	morrowind.esm       MISC    key_aldruhn_underground
	morrowind.esm       MISC    key_aldsotha
	morrowind.esm       MISC    key_aleft_chest
	morrowind.esm       MISC    key_alvur
	morrowind.esm       MISC    key_andalen_chest
	morrowind.esm       MISC    key_andalen_tomb
	morrowind.esm       MISC    key_andas_tomb
	morrowind.esm       MISC    key_andavel_tomb
	morrowind.esm       MISC    key_andrethi_chest
	morrowind.esm       MISC    key_andules_chest
	morrowind.esm       MISC    key_anja
	morrowind.esm       MISC    key_aralen
	morrowind.esm       MISC    key_aran_tomb
	morrowind.esm       MISC    key_arano_chest
	morrowind.esm       MISC    key_arano_door
	morrowind.esm       MISC    key_archcanon_private
	morrowind.esm       MISC    key_arenim
	morrowind.esm       MISC    key_arenim_chest
	morrowind.esm       MISC    key_arkngthunch_chest
	morrowind.esm       MISC    key_armigers_stronghold
	morrowind.esm       MISC    key_arobarmanor_01
	morrowind.esm       MISC    key_arobarmanorguard_01
	morrowind.esm       MISC    key_arrile
	morrowind.esm       MISC    key_arvs-drelen_cell
	morrowind.esm       MISC    key_aryon_chest
	morrowind.esm       MISC    key_ashalmawia_prisoncell
	morrowind.esm       MISC    key_ashirbadon
	morrowind.esm       MISC    key_ashmelech
	morrowind.esm       MISC    key_ashmelech_chest
	morrowind.esm       MISC    key_ashurninibi
	morrowind.esm       MISC    key_ashurninibi_lost
	morrowind.esm       MISC    key_assarnud
	morrowind.esm       MISC    key_assarnudslaves_01
	morrowind.esm       MISC    key_assemanu_01
	morrowind.esm       MISC    key_assemanu_02
	morrowind.esm       MISC    key_assi
	morrowind.esm       MISC    key_assi_serimilk
	morrowind.esm       MISC    key_aurane1
	morrowind.esm       MISC    key_balmorag_tong_01
	morrowind.esm       MISC    key_balmorag_tong_02
	morrowind.esm       MISC    key_baram_tomb
	morrowind.esm       MISC    key_berandas
	morrowind.esm       MISC    key_bivaleteneran_01
	morrowind.esm       MISC    key_bolayn
	morrowind.esm       MISC    key_brallion
	morrowind.esm       MISC    key_brinne_chest
	morrowind.esm       MISC    key_bthanchend_chest
	morrowind.esm       MISC    key_bthuand
	morrowind.esm       MISC    key_cabin
	morrowind.esm       MISC    key_caius_cosades
	morrowind.esm       MISC    key_calderaslaves_01
	morrowind.esm       MISC    key_camp
	morrowind.esm       MISC    key_caryarel
	morrowind.esm       MISC    key_cell_buckmoth_01
	morrowind.esm       MISC    key_cell_ebonheart_01
	morrowind.esm       MISC    key_chest_aryniorethi_01
	morrowind.esm       MISC    key_chest_avonravel_01
	morrowind.esm       MISC    key_chest_brilnosullarys_01
	morrowind.esm       MISC    key_chest_coduscallonus_01
	morrowind.esm       MISC    key_chest_drinarvaryon_01
	morrowind.esm       MISC    key_ciennesintieve_01
	morrowind.esm       MISC    key_dareleth_tomb
	morrowind.esm       MISC    key_dawnvault
	morrowind.esm       MISC    key_desele
	morrowind.esm       MISC    key_divayth00
	morrowind.esm       MISC    key_divayth01
	morrowind.esm       MISC    key_divayth02
	morrowind.esm       MISC    key_divayth03
	morrowind.esm       MISC    key_divayth04
	morrowind.esm       MISC    key_divayth05
	morrowind.esm       MISC    key_divayth06
	morrowind.esm       MISC    key_divayth07
	morrowind.esm       MISC    key_divayth_fyr
	morrowind.esm       MISC    key_door_mudan00
	morrowind.esm       MISC    key_dralas_chest
	morrowind.esm       MISC    key_dralas_tomb
	morrowind.esm       MISC    key_dralor
	morrowind.esm       MISC    key_draramu
	morrowind.esm       MISC    key_drarayne_thelas
	morrowind.esm       MISC    key_dreloth_tomb
	morrowind.esm       MISC    key_dren_manor
	morrowind.esm       MISC    key_dren_storage
	morrowind.esm       MISC    key_drenplantationslaves_01
	morrowind.esm       MISC    key_dreynos
	morrowind.esm       MISC    key_dubdilla
	morrowind.esm       MISC    key_dulnea_ralaal
	morrowind.esm       MISC    key_dumbuk_strongbox
	morrowind.esm       MISC    key_dura_gra-bol
	morrowind.esm       MISC    key_duskvault
	morrowind.esm       MISC    key_ebon_tomb
	morrowind.esm       MISC    key_eldafire
	morrowind.esm       MISC    key_eldrar
	morrowind.esm       MISC    key_elmussadamori
	morrowind.esm       MISC    key_fadathram_tomb
	morrowind.esm       MISC    key_falaanamo
	morrowind.esm       MISC    key_falas tomb keepers
	morrowind.esm       MISC    key_falas tomb keepers_2
	morrowind.esm       MISC    key_falas_chest
	morrowind.esm       MISC    key_falas_tomb
	morrowind.esm       MISC    key_fals
	morrowind.esm       MISC    key_farusea_salas
	morrowind.esm       MISC    key_favel_chest
	morrowind.esm       MISC    key_fedar
	morrowind.esm       MISC    key_fetid_dreugh_grotto
	morrowind.esm       MISC    key_fg_nchur
	morrowind.esm       MISC    key_forge of rolamus
	morrowind.esm       MISC    key_fqt
	morrowind.esm       MISC    key_galmis
	morrowind.esm       MISC    key_galom_daeus
	morrowind.esm       MISC    key_gatewayinnslaves_01
	morrowind.esm       MISC    key_gen_tomb
	morrowind.esm       MISC    key_gimothran
	morrowind.esm       MISC    key_gimothran_chest
	morrowind.esm       MISC    key_gimothran_tomb
	morrowind.esm       MISC    key_gindrala
	morrowind.esm       MISC    key_gnisis_eggmine
	morrowind.esm       MISC    key_gro-bagrat
	morrowind.esm       MISC    key_gshipwreck
	morrowind.esm       MISC    key_habinbaesslaves_01
	morrowind.esm       MISC    key_hanarai_assutlanipal
	morrowind.esm       MISC    key_hasphat_antabolis
	morrowind.esm       MISC    key_hasphat_antabolis2
	morrowind.esm       MISC    key_helas_tomb
	morrowind.esm       MISC    key_helvi
	morrowind.esm       MISC    key_heran
	morrowind.esm       MISC    key_hinnabi
	morrowind.esm       MISC    key_hinnabislaves_01
	morrowind.esm       MISC    key_hlaalo_manor
	morrowind.esm       MISC    key_hlormarenslaves_01
	morrowind.esm       MISC    key_hodlismod
	morrowind.esm       MISC    key_huleen's_hut
	morrowind.esm       MISC    key_hvaults1
	morrowind.esm       MISC    key_hvaults2
	morrowind.esm       MISC    key_ibardad
	morrowind.esm       MISC    key_ibardad_tomb
	morrowind.esm       MISC    key_ienasa
	morrowind.esm       MISC    key_ienith_chest
	morrowind.esm       MISC    key_ienith_tomb
	morrowind.esm       MISC    key_impcomsecrdoor
	morrowind.esm       MISC    key_indalen_tomb
	morrowind.esm       MISC    key_indaren
	morrowind.esm       MISC    key_irgola
	morrowind.esm       MISC    key_itar
	morrowind.esm       MISC    key_ivrosa
	morrowind.esm       MISC    key_j'zhirr
	morrowind.esm       MISC    key_jeanne
	morrowind.esm       MISC    key_kagouti_colony
	morrowind.esm       MISC    key_keelraniur
	morrowind.esm       MISC    key_kind
	morrowind.esm       MISC    key_kogoruhn_sewer
	morrowind.esm       MISC    key_kudanatslaves_01
	morrowind.esm       MISC    key_lleran_tomb
	morrowind.esm       MISC    key_llervu
	morrowind.esm       MISC    key_llethervari_01
	morrowind.esm       MISC    key_llethri
	morrowind.esm       MISC    key_llethrimanor_01
	morrowind.esm       MISC    key_madach_room
	morrowind.esm       MISC    key_malpenixblonia_01
	morrowind.esm       MISC    key_maren_tomb
	morrowind.esm       MISC    key_marvani_tomb
	morrowind.esm       MISC    key_mebastien
	morrowind.esm       MISC    key_menta_na
	morrowind.esm       MISC    key_mette
	morrowind.esm       MISC    key_miles
	morrowind.esm       MISC    key_minabi
	morrowind.esm       MISC    key_minabislaves_01
	morrowind.esm       MISC    key_ministry_cells
	morrowind.esm       MISC    key_ministry_ext
	morrowind.esm       MISC    key_ministry_sectors
	morrowind.esm       MISC    key_miun_gei
	morrowind.esm       MISC    key_molagmarslaves_01
	morrowind.esm       MISC    key_morvaynmanor
	morrowind.esm       MISC    key_mudan_dragon
	morrowind.esm       MISC    key_murudius_01
	morrowind.esm       MISC    key_mzahnch_chest
	morrowind.esm       MISC    key_mzanchend_chest
	morrowind.esm       MISC    key_mzuleft
	morrowind.esm       MISC    key_nchardahrk
	morrowind.esm       MISC    key_nchardahrk_chest
	morrowind.esm       MISC    key_nchuleftingth
	morrowind.esm       MISC    key_nchuleftingth_chest
	morrowind.esm       MISC    key_nedhelas
	morrowind.esm       MISC    key_nelas_chest
	morrowind.esm       MISC    key_nelothtelnaga
	morrowind.esm       MISC    key_nelothtelnaga2
	morrowind.esm       MISC    key_nelothtelnaga3
	morrowind.esm       MISC    key_nelothtelnaga4
	morrowind.esm       MISC    key_nerano_chest
	morrowind.esm       MISC    key_neranomanor
	morrowind.esm       MISC    key_nileno_dorvayn
	morrowind.esm       MISC    key_norvayn_chest
	morrowind.esm       MISC    key_norvayn_tomb
	morrowind.esm       MISC    key_nund
	morrowind.esm       MISC    key_obscure_alit_warren
	morrowind.esm       MISC    key_odibaal
	morrowind.esm       MISC    key_odirniran
	morrowind.esm       MISC    key_odral_helvi
	morrowind.esm       MISC    key_odros
	morrowind.esm       MISC    key_olms_storage
	morrowind.esm       MISC    key_omalen_tomb
	morrowind.esm       MISC    key_omani_01
	morrowind.esm       MISC    key_omaren_chest
	morrowind.esm       MISC    key_orethi_tomb
	morrowind.esm       MISC    key_oritius
	morrowind.esm       MISC    key_orvas_dren
	morrowind.esm       MISC    key_othrelas_door
	morrowind.esm       MISC    key_palansour
	morrowind.esm       MISC    key_panatslaves_01
	morrowind.esm       MISC    key_pellecia aurrus
	morrowind.esm       MISC    key_persius mercius
	morrowind.esm       MISC    key_private quarters
	morrowind.esm       MISC    key_punsabanit
	morrowind.esm       MISC    key_ra'zhid
	morrowind.esm       MISC    key_ralen_hlaalo
	morrowind.esm       MISC    key_ravel_chest
	morrowind.esm       MISC    key_ravel_tomb
	morrowind.esm       MISC    key_raviro_tomb
	morrowind.esm       MISC    key_redoran_basic
	morrowind.esm       MISC    key_redoran_treasury
	morrowind.esm       MISC    key_relien_rirne
	morrowind.esm       MISC    key_rethandus_chest
	morrowind.esm       MISC    key_rethandus_tomb
	morrowind.esm       MISC    key_rothan_tomb
	morrowind.esm       MISC    key_rotheranslaves_01
	morrowind.esm       MISC    key_rothran
	morrowind.esm       MISC    key_rufinus_alleius
	morrowind.esm       MISC    key_rvaults1
	morrowind.esm       MISC    key_sadrithmoraslaves_01
	morrowind.esm       MISC    key_sadryon_tomb
	morrowind.esm       MISC    key_saetring
	morrowind.esm       MISC    key_salvel_chest
	morrowind.esm       MISC    key_salvel_tomb
	morrowind.esm       MISC    key_sandas
	morrowind.esm       MISC    key_sandas_tomb
	morrowind.esm       MISC    key_sarano_chest
	morrowind.esm       MISC    key_sarano_tomb
	morrowind.esm       MISC    key_saren_chest
	morrowind.esm       MISC    key_saren_tomb
	morrowind.esm       MISC    key_sarethi_tomb
	morrowind.esm       MISC    key_sarethimanor_01
	morrowind.esm       MISC    key_saryoni
	morrowind.esm       MISC    key_sarys_chest
	morrowind.esm       MISC    key_saturanslaves_01
	morrowind.esm       MISC    key_savel_tomb
	morrowind.esm       MISC    key_savilecagekey
	morrowind.esm       MISC    key_savilecagekey02
	morrowind.esm       MISC    key_senim_chest
	morrowind.esm       MISC    key_senim_tomb
	morrowind.esm       MISC    key_sethan
	morrowind.esm       MISC    key_shaadnius
	morrowind.esm       MISC    key_shaadniusslaves_01
	morrowind.esm       MISC    key_shashev
	morrowind.esm       MISC    key_shilipuran
	morrowind.esm       MISC    key_shipwreck9-11
	morrowind.esm       MISC    key_shushanslaves_01
	morrowind.esm       MISC    key_shushishi
	morrowind.esm       MISC    key_shushishislaves
	morrowind.esm       MISC    key_sinsibadonslaves_01
	morrowind.esm       MISC    key_sirilonwe
	morrowind.esm       MISC    key_skeleton
	morrowind.esm       MISC    key_slave_addamasartus
	morrowind.esm       MISC    key_sn_warehouse
	morrowind.esm       MISC    key_standard_01
	morrowind.esm       MISC    key_standard_01_darvam hlaren
	morrowind.esm       MISC    key_standard_01_hassour zainsub
	morrowind.esm       MISC    key_standard_01_pel_fort_prison
	morrowind.esm       MISC    key_standard_01_pel_guard_tower
	morrowind.esm       MISC    key_standard_darius_chest
	morrowind.esm       MISC    key_summoning_room
	morrowind.esm       MISC    key_suran_slave
	morrowind.esm       MISC    key_suranslaves_01
	morrowind.esm       MISC    key_table_mudan00
	morrowind.esm       MISC    key_tel_aruhn_slave1
	morrowind.esm       MISC    key_telaruhnslaves_01
	morrowind.esm       MISC    key_telbranoraslaves_01
	morrowind.esm       MISC    key_telbranoratower
	morrowind.esm       MISC    key_telvosjailslaves_01
	morrowind.esm       MISC    key_temple_01
	morrowind.esm       MISC    key_tgbt
	morrowind.esm       MISC    key_thalas_tomb
	morrowind.esm       MISC    key_tharys_chest
	morrowind.esm       MISC    key_thelas_chest
	morrowind.esm       MISC    key_thiralas_tomb
	morrowind.esm       MISC    key_thorek
	morrowind.esm       MISC    key_tukushapal_1
	morrowind.esm       MISC    key_tureynul
	morrowind.esm       MISC    key_tuvesobeleth_01
	morrowind.esm       MISC    key_tv_ct
	morrowind.esm       MISC    key_tvault
	morrowind.esm       MISC    key_ulvil
	morrowind.esm       MISC    key_vandus_tomb
	morrowind.esm       MISC    key_varoprivate
	morrowind.esm       MISC    key_varostorage
	morrowind.esm       MISC    key_venim
	morrowind.esm       MISC    key_venimmanor
	morrowind.esm       MISC    key_verelnim_tomb
	morrowind.esm       MISC    key_vivec_arena_cell
	morrowind.esm       MISC    key_vivec_hlaalu_cell
	morrowind.esm       MISC    key_vivec_redoran_cell
	morrowind.esm       MISC    key_vivec_secret
	morrowind.esm       MISC    key_vivec_telvanni_cell
	morrowind.esm       MISC    key_viveclizardheadslave_01
	morrowind.esm       MISC    key_vivectelvannislaves_01
	morrowind.esm       MISC    key_volrina_01
	morrowind.esm       MISC    key_vorarhelas
	morrowind.esm       MISC    key_widow_vabdas
	morrowind.esm       MISC    key_wormlord_tomb
	morrowind.esm       MISC    key_yagram
	morrowind.esm       MISC    key_yakanalitslaves_01
	morrowind.esm       MISC    key_yinglingbasement
	morrowind.esm       MISC    key_zainsipiluslaves_01
	morrowind.esm       MISC    key_zebabislaves_01
	morrowind.esm       MISC    mamaea cell key
	morrowind.esm       MISC    mamaea quarters key
	morrowind.esm       MISC    ministry_truth_ext
	morrowind.esm       MISC    misc_dwrv_ark_key00
