Dagoth Ur Rework.esp: DUP-REC JUNKCEL MISSDSC MISSVER OVR-REC
    [JUNKCEL] Junk Cells:                        Flags
	Red Mountain Region (-1, 10)             0x02
	Red Mountain Region (3, 6)               0x02
	Red Mountain Region (3, 9)               0x02
    [DUP-REC] Duplicate Records:
	From Master         Type    Name
	morrowind.esm       ACTI    blight cloud
	morrowind.esm       CONT    dwrv_chest10_rare
	morrowind.esm       CONT    dwrv_chest_small
	morrowind.esm       CREA    ascended_sleeper
	morrowind.esm       DOOR    door_dwrv_inner00
	tribunal.esm        DOOR    door_dwrv_load00
    [OVR-REC] Overridden Records:
	From Master         Type    Name
	morrowind.esm       CREA    ash_ghoul
	morrowind.esm       CREA    dagoth rather
	morrowind.esm       CREA    dagoth soler
	morrowind.esm       LAND    (1, 8)
	morrowind.esm       LAND    (2, 8)
	morrowind.esm       LAND    (2, 9)
	morrowind.esm       LAND    (3, 7)
	morrowind.esm       LAND    (3, 8)
	morrowind.esm       LTEX    daedric stone
	morrowind.esm       LTEX    ma_crackedearth
	morrowind.esm       LTEX    ma_lava04
	morrowind.esm       LTEX    ma_lava05
	morrowind.esm       LTEX    ma_lava06
	morrowind.esm       LTEX    ma_lavaflow
	morrowind.esm       LTEX    ma_lavarock
	morrowind.esm       LTEX    ma_rock04
	morrowind.esm       LTEX    rm_rock_02
	morrowind.esm       LTEX    rm_whiterock
	tribunal.esm        CREA    lich
	tribunal.esm        LTEX    rm_grayrock
	tribunal.esm        LTEX    rm_rock_01
