Deep Watch.ESP: DUP-INF DUP-REC MASTERS MENUMOD MISSAUT MISSDSC MISSVER OVR-REC
    MASTERS: out of sync with the masters installed in your Data Files directory:
	Bloodmoon.esm                9631289 (plugin)    9631798 (installed size)
    [MENUMOD] Scripts not checking menumode:
	SCPT(RMDW_spear_trap_keys)
	SCPT(RM_Balamus)
	SCPT(RM_DW_deadguy)
	SCPT(RM_DW_karodell)
	SCPT(RM_DW_spheres)
	SCPT(RM_DW_spheres1)
	SCPT(RM_DW_thug1)
	SCPT(RM_DW_thug2)
	SCPT(RM_Infusion)
	SCPT(RM_Steam_1)
	SCPT(RM_Ulfina)
	SCPT(RM_aetherium)
	SCPT(RM_assembly_gate)
	SCPT(RM_assy_cog)
	SCPT(RM_ball_spin)
	SCPT(RM_cc_collect)
	SCPT(RM_cc_collect1)
	SCPT(RM_cent_A)
	SCPT(RM_cent_B)
	SCPT(RM_charged_spider)
	SCPT(RM_cog_spin_anti)
	SCPT(RM_cog_spin_clock)
	SCPT(RM_cp_cA)
	SCPT(RM_cp_cB)
	SCPT(RM_cube_A)
	SCPT(RM_cube_B)
	SCPT(RM_cube_gate)
	SCPT(RM_enhance)
	SCPT(RM_golam_greet)
	SCPT(RM_lock_A)
	SCPT(RM_lock_B)
	SCPT(RM_panelcog)
	SCPT(RM_platform)
	SCPT(RM_port_turnA)
	SCPT(RM_port_turnB)
	SCPT(RM_secret)
	SCPT(RM_snd_Amb2)
	SCPT(RM_snd_Steam)
	SCPT(RM_snd_Steamdrip1)
	SCPT(RM_snd_dwemer3)
	SCPT(RM_snd_stranglers)
	SCPT(RM_snd_waterfall1)
	SCPT(RM_sphere_collect)
	SCPT(RM_spin)
	SCPT(RM_testring)
	SCPT(RM_titus)
	SCPT(RM_valve_A)
	SCPT(RM_valve_B)
	SCPT(RM_valve_C)
	SCPT(RM_whibble2_script)
	SCPT(RM_whibble_script)
	SCPT(Sound_Falmer_01)
	SCPT(test)
    [OVR-REC] Overridden Records:
	From Master         Type    Name
	morrowind.esm       DIAL    help me
	morrowind.esm       DIAL    potions
	morrowind.esm       DIAL    vampires
	morrowind.esm       NPC_    abishpulu shand
	morrowind.esm       NPC_    arenara
	tribunal.esm        ACTI    ex_waterfall_mist_01
	tribunal.esm        CREA    centurion_sphere
	tribunal.esm        CREA    centurion_steam_advance
	tribunal.esm        CREA    scrib
	tribunal.esm        CREA    winged twilight_summon
	tribunal.esm        DIAL    greeting 0
	tribunal.esm        DIAL    greeting 5
	tribunal.esm        DIAL    latest rumors

[DUP-INF]: ID=28134581168723745(Topic:vampires)
  |DATA|ONAM:kaushad|NAME:Vampires are monsters that feed on humanoid blood. Once they were human like you and me, but they get the blood disease from another vampire, and they become vampires themselves. That's why they still exist. Everyone hates them, yet no one wants to come near one. But doesn't prophecy say the Nerevarine has nothing to fear from disease? So you have nothing to worry about, I'm sure.|SCVR:04JX3B3_ZainabBride|INTV

[DUP-INF]: ID=1288227500790714973(Greeting:greeting 5)
  |DATA|ONAM:gindrala hleran|NAME:Pardon me. But there's a very strange man in my house, and he won't leave. Will you go get him out of there, please?|SCVR:04JX3A2_2_6thHouse|INTV:2|SCVR:16DX0dreamer_02|INTV:

[DUP-INF]: ID=1619018371671630615(Topic:help me)
  |DATA|ONAM:bugrol gro-bagul|NAME:Hey, you got my note, so go! Don't want to stay out here all day. No fun to sleep on rocks.|SCVR:04JX0MV_Bugrol|INTV

[DUP-INF]: ID=2024114207272511002(Topic:latest rumors)
  |DATA|ONAM:svenja_outside|NAME:Rumors? Are you mad? There's no time for such nonsense!

[DUP-INF]: ID=2820158182898026047(Greeting:greeting 0)
  |DATA|ONAM:Rat_pack_rerlas|NAME:Squeak!|SCVR:01500|INTV|BNAM:AIFollow "player" 0 0 0 0
