dh_thriftshop.esp: DUP-INF DUP-REC FOGBUG MENUMOD OVR-REC
    [FOGBUG]: Cells with zero fog density setting:
	Shadow's Thrift Shop
    [MENUMOD] Scripts not checking menumode:
	SCPT(dhscr_summonhammer_01)
	SCPT(dhscr_summonpick_01)
	SCPT(dhscr_summonprobe_01)
	SCPT(dhscr_thrift_shadow)
    [OVR-REC] Overridden Records:
	From Master         Type    Name
	morrowind.esm       DIAL    greeting 6
	morrowind.esm       LAND    (-5, -4)
	morrowind.esm       LTEX    tx_bc_grass.tga
	morrowind.esm       LTEX    tx_bc_moss.tga
	morrowind.esm       LTEX    tx_bc_muck_01.tga
	morrowind.esm       LTEX    tx_bc_rockyscrub.tga
	morrowind.esm       LTEX    tx_bc_undergrowth.tga
	morrowind.esm       LTEX    wg_rock
	morrowind.esm       LTEX    wg_rockydirt
	morrowind.esm       LTEX    wg_rockyscrub

[DUP-INF]: ID=210147641289913738(Greeting:greeting 6)
  |DATA|ONAM:tralas rendas|NAME:You have completed the Pilgrimage to the Shine of Maar Gan.|SCVR:34JX3TT_MaarGan|INTV:<

[DUP-INF]: ID=235016256970316832(Greeting:greeting 6)
  |DATA|ONAM:tralas rendas|NAME:You have done well, Outlander. Wisdom and praise be unto you. Culminate your pilgrimage by reading the inscription on the rock.|SCVR:34JX3TT_MaarGan|INTV
