DistinctSheogorad.esp: DUP-REC MASTERS MISSAUT MISSDSC MISSVER OVR-REC
    MASTERS: out of sync with the masters installed in your Data Files directory:
	Tamriel_Data.esm            10684550 (plugin)   11064795 (installed size)
    [DUP-REC] Duplicate Records:
	From Master         Type    Name
	morrowind.esm       LTEX    sand
	tamriel_data.esm    STAT    t_mw_terrrockac_caveentr_01b
	tamriel_data.esm    STAT    t_mw_terrrockac_menhir_01b
	tamriel_data.esm    STAT    t_mw_terrrockac_menhir_02b
    [OVR-REC] Overridden Records:
	From Master         Type    Name
	bloodmoon.esm       LTEX    ac_darkgravel
	bloodmoon.esm       LTEX    sand_02
	morrowind.esm       LAND    (-1, 20)
	morrowind.esm       LAND    (-1, 21)
	morrowind.esm       LAND    (-1, 22)
	morrowind.esm       LAND    (-1, 24)
	morrowind.esm       LAND    (-2, 20)
	morrowind.esm       LAND    (-2, 21)
	morrowind.esm       LAND    (-2, 23)
	morrowind.esm       LAND    (-2, 24)
	morrowind.esm       LAND    (-2, 25)
	morrowind.esm       LAND    (-3, 20)
	morrowind.esm       LAND    (-3, 21)
	morrowind.esm       LAND    (-3, 22)
	morrowind.esm       LAND    (-3, 23)
	morrowind.esm       LAND    (-3, 24)
	morrowind.esm       LAND    (-3, 25)
	morrowind.esm       LAND    (-4, 20)
	morrowind.esm       LAND    (-4, 21)
	morrowind.esm       LAND    (-4, 22)
	morrowind.esm       LAND    (-5, 21)
	morrowind.esm       LAND    (-5, 22)
	morrowind.esm       LAND    (0, 20)
	morrowind.esm       LAND    (0, 21)
	morrowind.esm       LAND    (0, 22)
	morrowind.esm       LAND    (0, 23)
	morrowind.esm       LAND    (0, 24)
	morrowind.esm       LAND    (1, 18)
	morrowind.esm       LAND    (1, 19)
	morrowind.esm       LAND    (1, 20)
	morrowind.esm       LAND    (1, 21)
	morrowind.esm       LAND    (1, 22)
	morrowind.esm       LAND    (1, 23)
	morrowind.esm       LAND    (1, 24)
	morrowind.esm       LAND    (10, 19)
	morrowind.esm       LAND    (10, 20)
	morrowind.esm       LAND    (2, 18)
	morrowind.esm       LAND    (2, 19)
	morrowind.esm       LAND    (2, 20)
	morrowind.esm       LAND    (2, 21)
	morrowind.esm       LAND    (2, 22)
	morrowind.esm       LAND    (2, 23)
	morrowind.esm       LAND    (2, 24)
	morrowind.esm       LAND    (3, 18)
	morrowind.esm       LAND    (3, 19)
	morrowind.esm       LAND    (3, 20)
	morrowind.esm       LAND    (3, 21)
	morrowind.esm       LAND    (3, 22)
	morrowind.esm       LAND    (3, 23)
	morrowind.esm       LAND    (3, 24)
	morrowind.esm       LAND    (4, 18)
	morrowind.esm       LAND    (4, 19)
	morrowind.esm       LAND    (4, 20)
	morrowind.esm       LAND    (4, 21)
	morrowind.esm       LAND    (4, 22)
	morrowind.esm       LAND    (4, 23)
	morrowind.esm       LAND    (4, 24)
	morrowind.esm       LAND    (5, 16)
	morrowind.esm       LAND    (5, 17)
	morrowind.esm       LAND    (5, 18)
	morrowind.esm       LAND    (5, 19)
	morrowind.esm       LAND    (5, 20)
	morrowind.esm       LAND    (5, 21)
	morrowind.esm       LAND    (5, 22)
	morrowind.esm       LAND    (5, 23)
	morrowind.esm       LAND    (5, 24)
	morrowind.esm       LAND    (6, 16)
	morrowind.esm       LAND    (6, 17)
	morrowind.esm       LAND    (6, 18)
	morrowind.esm       LAND    (6, 19)
	morrowind.esm       LAND    (6, 20)
	morrowind.esm       LAND    (6, 21)
	morrowind.esm       LAND    (6, 22)
	morrowind.esm       LAND    (6, 23)
	morrowind.esm       LAND    (6, 24)
	morrowind.esm       LAND    (6, 25)
	morrowind.esm       LAND    (7, 17)
	morrowind.esm       LAND    (7, 18)
	morrowind.esm       LAND    (7, 19)
	morrowind.esm       LAND    (7, 20)
	morrowind.esm       LAND    (7, 21)
	morrowind.esm       LAND    (7, 22)
	morrowind.esm       LAND    (7, 23)
	morrowind.esm       LAND    (7, 24)
	morrowind.esm       LAND    (8, 17)
	morrowind.esm       LAND    (8, 18)
	morrowind.esm       LAND    (8, 19)
	morrowind.esm       LAND    (8, 20)
	morrowind.esm       LAND    (8, 21)
	morrowind.esm       LAND    (8, 22)
	morrowind.esm       LAND    (8, 23)
	morrowind.esm       LAND    (9, 18)
	morrowind.esm       LAND    (9, 19)
	morrowind.esm       LAND    (9, 20)
	morrowind.esm       LAND    (9, 21)
	morrowind.esm       LTEX    ac_darkstone01
	morrowind.esm       LTEX    ac_darkstone02
	morrowind.esm       LTEX    ac_darkstone_grass
	morrowind.esm       LTEX    ac_dirt_01
	morrowind.esm       LTEX    ac_dirt_grass_01
	morrowind.esm       LTEX    ac_dirt_grass_02
	morrowind.esm       LTEX    ac_dirtroad_01
	morrowind.esm       LTEX    ac_scrubplain_01
	morrowind.esm       LTEX    ac_scrubplain_02
	morrowind.esm       LTEX    al_ash_01
	morrowind.esm       LTEX    al_ash_02
	morrowind.esm       LTEX    al_ash_04
	morrowind.esm       LTEX    al_road_01
	morrowind.esm       LTEX    daedric stone
	morrowind.esm       LTEX    daedric_scrubruins
	morrowind.esm       LTEX    ma_lava
	morrowind.esm       LTEX    ma_lava04
	morrowind.esm       LTEX    ma_lava05
	morrowind.esm       LTEX    ma_lava06
	morrowind.esm       LTEX    ma_lavaflow
	morrowind.esm       LTEX    ma_lavarock
	morrowind.esm       LTEX    ma_sulphur_rock01
	morrowind.esm       LTEX    scrub plain
	morrowind.esm       LTEX    tx_ai_mudflats_01.tga
	morrowind.esm       LTEX    tx_land_darkstone02.tga
	morrowind.esm       LTEX    wg_scrub plain
	morrowind.esm       REGN    sheogorad
	tamriel_data.esm    LTEX    t_mw_terrrockac_03
