Dura Gra-Bol's House Reclaimed (4).ESP: DUP-INF DUP-REC MASTERS MENUMOD MISSDSC MISSVER MOD-INF MOD-IID OVR-REC
    MASTERS: out of sync with the masters installed in your Data Files directory:
	Balmora_Seat of power.esm     720872 (plugin)     713991 (installed size)
    [MENUMOD] Scripts not checking menumode:
	SCPT(dgb_script_PCbloodbath)
	SCPT(dgb_script_bloodbath)
	SCPT(dgb_script_bloodbath_baashi)
	SCPT(dgb_script_cursed)
	SCPT(dgb_script_dura2)
	SCPT(dgb_script_endEnable)
	SCPT(dgb_script_endLeave)
	SCPT(dgb_script_forsale)
	SCPT(dgb_script_gemellus)
	SCPT(dgb_script_gemellus_leave)
	SCPT(dgb_script_house)
	SCPT(dgb_script_payment)
	SCPT(dgb_script_pre-house)
	SCPT(dgb_script_shipwrecked)
	SCPT(dgb_script_shipwrecked_dead)
	SCPT(dgb_script_smugglers)
	SCPT(dgb_script_underground)
    [OVR-REC] Overridden Records:
	From Master         Type    Name
	balmora_seat of power.esm    LTEX    tx_bc_grass.tga
	balmora_seat of power.esm    LTEX    tx_bc_moss.tga
	balmora_seat of power.esm    LTEX    tx_bc_muck_01.tga
	balmora_seat of power.esm    LTEX    tx_bc_rockyscrub.tga
	balmora_seat of power.esm    LTEX    tx_bc_undergrowth.tga
	morrowind.esm       DIAL    bad people
	morrowind.esm       DIAL    dura gra-bol
	morrowind.esm       DIAL    work
	morrowind.esm       LAND    (-7, -3)
	morrowind.esm       LAND    (-8, -2)
	morrowind.esm       LAND    (-8, -3)
	morrowind.esm       LTEX    daedric stone
	morrowind.esm       LTEX    daedric_scrubruins
	morrowind.esm       LTEX    tx_bc_bank.tga
	morrowind.esm       LTEX    tx_bc_dirt.tga
	morrowind.esm       LTEX    tx_bc_mainroad_01.tga
	morrowind.esm       LTEX    tx_bc_muck.tga
	morrowind.esm       LTEX    tx_bc_mud.tga
	morrowind.esm       LTEX    tx_bc_rock_01.tga
	morrowind.esm       NPC_    dura gra-bol
	tribunal.esm        DIAL    background
	tribunal.esm        DIAL    fg_orcbounty
	tribunal.esm        DIAL    greeting 1
	tribunal.esm        DIAL    greeting 5
	tribunal.esm        DIAL    larrius varro
	tribunal.esm        DIAL    my trade

[DUP-INF]: ID=22810386257729208(Topic:dura gra-bol)
  |DATA|ONAM:eydis fire-eye|DNAM:Fighters Guild|NAME:This Orc is an outlaw, living openly in a house here in Balmora. I have a contract here that says 250 septims are yours if you bring her to justice.|BNAM:Journal FG_OrcBounty 10

[DUP-INF]: ID=42482119487863166(Topic:bad people)
  |DATA|FNAM:Thieves Guild|DNAM:Thieves Guild|NAME:If the bad people you are looking for are Camonna Tong, and they're in Balmora, you'll find them at the Council Club cornerclub. That's the local Camonna Tong hangout. The Scout would be Vadusa Sathryon. Marasa Aren would be the Pawnbroker. The Thief would be Madrale Thirith. Sovor Trandrel is the Savant. Thanelen Velas would be the Smith.|SCVR:04JX3town_balmora|INTV|BNAM:;Thieves Guild; Journal town_balmora >= 20;   Journal town_balmora 29

[MOD-INF]: ID=56015168105932404(Topic:dura gra-bol)
  morrowind.esm-------------------------->|DATA|ONAM:dura gra-bol|NAME:Yeah, what? You're wasting my time.
  Dura Gra-Bol's House Reclaimed (4).ESP->|DATA|ONAM:dura gra-bol|NAME:Yeah, what? You're wasting my time.|SCVR:04JX0dgb_journal_varro|INTV: |BNAM:Choice "I'm here to collect the price on your head, outlaw." 1 "Just wanted to make sure." 2

[MOD-INF]: ID=56015168105932404(Topic:dura gra-bol)
  morrowind.esm-------------------------->|DATA|ONAM:dura gra-bol|NAME:Yeah, what? You're wasting my time.
  Dura Gra-Bol's House Reclaimed (4).ESP->|DATA|ONAM:dura gra-bol|NAME:Yeah, what? You're wasting my time.|SCVR:04JX0dgb_journal_varro|INTV: |BNAM:Choice "I'm here to collect the price on your head, outlaw." 1 "Just wanted to make sure." 2
[MOD-IID]: ID=321517638553229324
  Dura Gra-Bol's House Reclaimed (4).ESP->Yeah, what? You're wasting my time.

[MOD-INF]: ID=173965674313098995(Topic:dura gra-bol)
  morrowind.esm-------------------------->|DATA|ANAM:Balmora|NAME:He lives in town somewhere. Look around, you lazy fetcher.|SCVR:0CsX0nolore|INTV:
  Dura Gra-Bol's House Reclaimed (4).ESP->|DATA|ANAM:Balmora|NAME:She lives in town somewhere. Look around, you lazy fetcher.|SCVR:0CsX0NoLore|INTV:

[DUP-INF]: ID=707086312421931867(Topic:dura gra-bol)
  |DATA|ONAM:persius mercius|DNAM:Fighters Guild|NAME:You've already killed Dura gra-Bol. If you have questions about any other contract, ask them.|SCVR:56DX3dura gra-bol|INTV

[MOD-INF]: ID=1315817146980114093(Topic:dura gra-bol)
  morrowind.esm-------------------------->|DATA|ONAM:eydis fire-eye|DNAM:Fighters Guild|NAME:I heard that Dura gra-Bol is dead. Here's your 250 septims.|SCVR:34JX3FG_OrcBounty|INTV: |SCVR:56DX3dura gra-bol|INTV|BNAM:Journal FG_OrcBounty 100  Player->AddItem Gold_001 250  ModPCFacRep 5 "Fighters Guild"  ModDisposition 10
  Dura Gra-Bol's House Reclaimed (4).ESP->|DATA|ONAM:eydis fire-eye|DNAM:Fighters Guild|NAME:I heard that Dura gra-Bol is dead. Here's your 250 septims.|SCVR:34JX0FG_OrcBounty|INTV: |SCVR:44JX0dgb_journal_varro|INTV:|SCVR:56DX3dura gra-bol|INTV|BNAM:Journal FG_OrcBounty 100  Player->AddItem Gold_001 250  ModPCFacRep 5 "Fighters Guild"  ModDisposition 10

[DUP-INF]: ID=18053319961634615767(Topic:dura gra-bol)
  |DATA|ONAM:eydis fire-eye|DNAM:Fighters Guild|NAME:I don't have any more bounty contracts right now.|SCVR:34JX3FG_OrcBounty|INTV:d

[DUP-INF]: ID=26042105572811029665(Topic:dura gra-bol)
  |DATA|ONAM:eydis fire-eye|NAME:You've been expelled from the Fighters Guild. Until you make amends, I cannot discuss contracts with you.|SCVR:01390|INTV

[MOD-INF]: ID=26697146411173217957(Topic:dura gra-bol)
  morrowind.esm-------------------------->|DATA|ANAM:Balmora|NAME:I think he lives by the river, on the east side of town.|SCVR:0CsX0nolore|INTV:
  Dura Gra-Bol's House Reclaimed (4).ESP->|DATA|ANAM:Balmora|NAME:I think she lives by the river, on the east side of town.|SCVR:0CsX0NoLore|INTV:

[MOD-INF]: ID=27281154712155116942(Topic:dura gra-bol)
  morrowind.esm-------------------------->|DATA|ONAM:eydis fire-eye|NAME:You already killed Dura gra-Bol? Well, then, these 250 septims are yours.|SCVR:34JX0FG_OrcBounty|INTV:|SCVR:56DX3dura gra-bol|INTV|BNAM:Journal FG_OrcBounty 100  Player->AddItem Gold_001 250  ModPCFacRep 5 "Fighters Guild"  ModDisposition 10
  Dura Gra-Bol's House Reclaimed (4).ESP->|DATA|ONAM:eydis fire-eye|NAME:You already killed Dura gra-Bol? Well, then, these 250 septims are yours.|SCVR:34JX0FG_OrcBounty|INTV:|SCVR:44JX0dgb_journal_varro|INTV:|SCVR:56DX3dura gra-bol|INTV|BNAM:Journal FG_OrcBounty 100  Player->AddItem Gold_001 250  ModPCFacRep 5 "Fighters Guild"  ModDisposition 10
