RC_PCStartSpells2.ESP: AUTOSPL DUP-REC MISSVER OVR-REC
    [AUTOSPL] Auto-calced Spells:
	hearth heal                    Hearth Heal
	shield                         Shield
	water walking                  Water Walking
	bound dagger                   Bound Dagger
	summon ancestral ghost         Summon Ancestral Ghost
	exhausting touch               Exhausting Touch
	fire bite                      Fire Bite
	chameleon                      Chameleon
	sanctuary                      Sanctuary
	feet of notorgo                Feet of Notorgo
	detect_creature                Detect Creature
	tap energy                     Tap Energy
	rc_pcss_restfortifyfatigue     Stamina
	rc_pcss_restrestorehealth      Balm
	rc_pcss_mysttelekinesis        Reach
	rc_pcss_mystabsorbmagicka      Outlast
	rc_pcss_illsound               Bother
	rc_pcss_illchameleon           Hide
	rc_pcss_destfire               Ember
	rc_pcss_destdamagefatigue      Discourage
	rc_pcss_altswiftswim           Paddle
	rc_pcss_altlock                Barricade
	rc_pcss_conjsummghost          Conjure Spirit
    [OVR-REC] Overridden Records:
	From Master         Type    Name
	morrowind.esm       SPEL    bound dagger
	morrowind.esm       SPEL    chameleon
	morrowind.esm       SPEL    detect_creature
	morrowind.esm       SPEL    exhausting touch
	morrowind.esm       SPEL    feet of notorgo
	morrowind.esm       SPEL    fire bite
	morrowind.esm       SPEL    hearth heal
	morrowind.esm       SPEL    sanctuary
	morrowind.esm       SPEL    shield
	morrowind.esm       SPEL    summon ancestral ghost
	morrowind.esm       SPEL    tap energy
	morrowind.esm       SPEL    water walking
