Rebirth x Caldera Priory Patch.ESP: DUP-REC JUNKCEL MASTERS MISSAUT MISSDSC MISSVER OVR-REC
    MASTERS: out of sync with the masters installed in your Data Files directory:
	Tamriel_Data.esm            10684550 (plugin)   11064795 (installed size)
	OAAB_Data.esm                1569829 (plugin)    1567893 (installed size)
    [JUNKCEL] Junk Cells:                        Flags
	Ascadian Isles Region (-1, -4)           0x02
	Ascadian Isles Region (-1, -5)           0x02
	Ascadian Isles Region (-1, -6)           0x02
	Ascadian Isles Region (-1, -7)           0x02
	Ascadian Isles Region (-1, -8)           0x02
	Ascadian Isles Region (-2, -4)           0x02
	Ascadian Isles Region (-2, -5)           0x02
	Ascadian Isles Region (-2, -6)           0x02
	Ascadian Isles Region (-2, -7)           0x02
	Ascadian Isles Region (-3, -4)           0x02
	Ascadian Isles Region (-3, -5)           0x02
	Ascadian Isles Region (-3, -6)           0x02
	Ascadian Isles Region (-3, -7)           0x02
	Ascadian Isles Region (-4, -4)           0x02
	Ascadian Isles Region (-4, -5)           0x02
	Ascadian Isles Region (0, -4)            0x02
	Ascadian Isles Region (0, -5)            0x02
	Ascadian Isles Region (0, -6)            0x02
	Ascadian Isles Region (0, -9)            0x02
	Ascadian Isles Region (1, -10)           0x02
	Ascadian Isles Region (1, -11)           0x02
	Ascadian Isles Region (1, -12)           0x02
	Ascadian Isles Region (1, -14)           0x02
	Ascadian Isles Region (1, -4)            0x02
	Ascadian Isles Region (1, -6)            0x02
	Ascadian Isles Region (1, -7)            0x02
	Ascadian Isles Region (1, -8)            0x02
	Ascadian Isles Region (1, -9)            0x02
	Ascadian Isles Region (2, -12)           0x02
	Ascadian Isles Region (2, -14)           0x02
	Ascadian Isles Region (2, -4)            0x02
	Ascadian Isles Region (2, -5)            0x02
	Ascadian Isles Region (2, -9)            0x02
	Ascadian Isles Region (3, -15)           0x02
	Ascadian Isles Region (3, -4)            0x02
	Ascadian Isles Region (3, -5)            0x02
	Ascadian Isles Region (3, -6)            0x02
	Ascadian Isles Region (3, -7)            0x02
	Ascadian Isles Region (3, -8)            0x02
	Ascadian Isles Region (4, -15)           0x02
	Ascadian Isles Region (4, -5)            0x02
	Ascadian Isles Region (4, -6)            0x02
	Ascadian Isles Region (4, -7)            0x02
	Ascadian Isles Region (4, -8)            0x02
	Ascadian Isles Region (4, -9)            0x02
	Ascadian Isles Region (5, -13)           0x02
	Ascadian Isles Region (5, -5)            0x02
	Ascadian Isles Region (5, -6)            0x02
	Ascadian Isles Region (5, -7)            0x02
	Ascadian Isles Region (5, -8)            0x02
	Ascadian Isles Region (5, -9)            0x02
	Ascadian Isles Region (6, -10)           0x02
	Ascadian Isles Region (6, -11)           0x02
	Ascadian Isles Region (6, -12)           0x02
	Ascadian Isles Region (6, -13)           0x02
	Ascadian Isles Region (6, -14)           0x02
	Ascadian Isles Region (6, -8)            0x02
	Ascadian Isles Region (7, -11)           0x02
	Ascadian Isles Region (7, -12)           0x02
	Ascadian Isles Region (7, -13)           0x02
	Ascadian Isles Region (8, -11)           0x02
	Ashlands Region (-1, 4)                  0x02
	Ashlands Region (-1, 5)                  0x02
	Ashlands Region (-1, 6)                  0x02
	Ashlands Region (-1, 7)                  0x02
	Ashlands Region (-2, 18)                 0x02
	Ashlands Region (-2, 9)                  0x02
	Ashlands Region (-3, 10)                 0x02
	Ashlands Region (-3, 5)                  0x02
	Ashlands Region (-3, 7)                  0x02
	Ashlands Region (-4, 10)                 0x02
	Ashlands Region (-4, 6)                  0x02
	Ashlands Region (-4, 7)                  0x02
	Ashlands Region (-4, 8)                  0x02
	Ashlands Region (-4, 9)                  0x02
	Ashlands Region (-5, 10)                 0x02
	Ashlands Region (-5, 11)                 0x02
	Ashlands Region (-5, 13)                 0x02
	Ashlands Region (-5, 8)                  0x02
	Ashlands Region (-6, 16)                 0x02
	Ashlands Region (0, -1)                  0x02
	Ashlands Region (0, 1)                   0x02
	Ashlands Region (0, 12)                  0x02
	Ashlands Region (0, 13)                  0x02
	Ashlands Region (0, 17)                  0x02
	Ashlands Region (0, 2)                   0x02
	Ashlands Region (0, 3)                   0x02
	Ashlands Region (0, 4)                   0x02
	Ashlands Region (0, 5)                   0x02
	Ashlands Region (0, 6)                   0x02
	Ashlands Region (0, 7)                   0x02
	Ashlands Region (0, 8)                   0x02
	Ashlands Region (1, -1)                  0x02
	Ashlands Region (1, 13)                  0x02
	Ashlands Region (1, 17)                  0x02
	Ashlands Region (1, 3)                   0x02
	Ashlands Region (1, 4)                   0x02
	Ashlands Region (2, 14)                  0x02
	Ashlands Region (2, 3)                   0x02
	Ashlands Region (3, 2)                   0x02
	Ashlands Region (4, 12)                  0x02
	Ashlands Region (4, 13)                  0x02
	Ashlands Region (4, 4)                   0x02
	Ashlands Region (4, 5)                   0x02
	Ashlands Region (5, 12)                  0x02
	Ashlands Region (5, 13)                  0x02
	Ashlands Region (5, 14)                  0x02
	Ashlands Region (5, 2)                   0x02
	Ashlands Region (5, 3)                   0x02
	Ashlands Region (5, 6)                   0x02
	Ashlands Region (6, 13)                  0x02
	Ashlands Region (6, 3)                   0x02
	Ashlands Region (6, 4)                   0x02
	Ashlands Region (7, 15)                  0x02
	Azura's Coast Region (10, -8)            0x02
	Azura's Coast Region (10, -9)            0x02
	Azura's Coast Region (11, -10)           0x02
	Azura's Coast Region (11, -8)            0x02
	Azura's Coast Region (12, -11)           0x02
	Azura's Coast Region (12, -12)           0x02
	Azura's Coast Region (12, 14)            0x06
	Azura's Coast Region (12, 18)            0x02
	Azura's Coast Region (13, -10)           0x02
	Azura's Coast Region (13, -9)            0x02
	Azura's Coast Region (13, 10)            0x02
	Azura's Coast Region (13, 12)            0x02
	Azura's Coast Region (13, 13)            0x02
	Azura's Coast Region (13, 4)             0x02
	Azura's Coast Region (13, 5)             0x02
	Azura's Coast Region (14, -8)            0x02
	Azura's Coast Region (14, 1)             0x02
	Azura's Coast Region (14, 12)            0x02
	Azura's Coast Region (14, 2)             0x02
	Azura's Coast Region (14, 8)             0x02
	Azura's Coast Region (14, 9)             0x02
	Azura's Coast Region (15, -14)           0x02
	Azura's Coast Region (15, -15)           0x02
	Azura's Coast Region (15, -9)            0x02
	Azura's Coast Region (15, 0)             0x02
	Azura's Coast Region (15, 10)            0x02
	Azura's Coast Region (15, 2)             0x02
	Azura's Coast Region (15, 3)             0x02
	Azura's Coast Region (15, 4)             0x02
	Azura's Coast Region (15, 6)             0x02
	Azura's Coast Region (15, 9)             0x02
	Azura's Coast Region (16, -1)            0x02
	Azura's Coast Region (16, -8)            0x02
	Azura's Coast Region (16, 3)             0x02
	Azura's Coast Region (16, 4)             0x02
	Azura's Coast Region (17, -4)            0x02
	Azura's Coast Region (17, 0)             0x02
	Azura's Coast Region (17, 1)             0x02
	Azura's Coast Region (17, 2)             0x02
	Azura's Coast Region (17, 3)             0x02
	Azura's Coast Region (18, 1)             0x02
	Azura's Coast Region (18, 6)             0x02
	Azura's Coast Region (19, -9)            0x02
	Azura's Coast Region (19, 2)             0x02
	Azura's Coast Region (19, 3)             0x02
	Azura's Coast Region (19, 4)             0x02
	Azura's Coast Region (19, 5)             0x02
	Azura's Coast Region (21, -8)            0x02
	Azura's Coast Region (21, 4)             0x02
	Azura's Coast Region (8, -9)             0x02
	Azura's Coast Region (9, -8)             0x02
	Azura's Coast Region (9, 17)             0x02
	Azura's Coast Region (9, 18)             0x02
	Bitter Coast Region (-1, -11)            0x02
	Bitter Coast Region (-1, -9)             0x02
	Bitter Coast Region (-2, -11)            0x02
	Bitter Coast Region (-2, -8)             0x02
	Bitter Coast Region (-3, -10)            0x02
	Bitter Coast Region (-3, -8)             0x02
	Bitter Coast Region (-3, -9)             0x02
	Bitter Coast Region (-4, -1)             0x02
	Bitter Coast Region (-4, -6)             0x02
	Bitter Coast Region (-4, -7)             0x02
	Bitter Coast Region (-4, -8)             0x02
	Bitter Coast Region (-5, -1)             0x02
	Bitter Coast Region (-5, -2)             0x02
	Bitter Coast Region (-5, -3)             0x02
	Bitter Coast Region (-5, -6)             0x02
	Bitter Coast Region (-5, -7)             0x02
	Bitter Coast Region (-5, -9)             0x02
	Bitter Coast Region (-5, 0)              0x02
	Bitter Coast Region (-5, 2)              0x02
	Bitter Coast Region (-5, 3)              0x02
	Bitter Coast Region (-6, -2)             0x02
	Bitter Coast Region (-6, -3)             0x02
	Bitter Coast Region (-6, -4)             0x02
	Bitter Coast Region (-6, -6)             0x02
	Bitter Coast Region (-6, 3)              0x02
	Bitter Coast Region (-7, -1)             0x02
	Bitter Coast Region (-7, -5)             0x02
	Bitter Coast Region (-7, -6)             0x02
	Bitter Coast Region (-7, 0)              0x02
	Bitter Coast Region (-7, 1)              0x02
	Bitter Coast Region (-7, 3)              0x02
	Bitter Coast Region (-7, 4)              0x02
	Bitter Coast Region (-8, -1)             0x02
	Bitter Coast Region (-8, -3)             0x02
	Bitter Coast Region (-8, 0)              0x02
	Bitter Coast Region (-8, 4)              0x02
	Bitter Coast Region (-9, 0)              0x02
	Bitter Coast Region (0, -10)             0x02
	Bitter Coast Region (0, -11)             0x02
	Bitter Coast Region (0, -12)             0x02
	Grazelands Region (10, 10)               0x02
	Grazelands Region (10, 11)               0x02
	Grazelands Region (10, 12)               0x02
	Grazelands Region (10, 15)               0x02
	Grazelands Region (10, 8)                0x02
	Grazelands Region (10, 9)                0x02
	Grazelands Region (11, 10)               0x02
	Grazelands Region (11, 11)               0x02
	Grazelands Region (11, 13)               0x02
	Grazelands Region (11, 15)               0x02
	Grazelands Region (11, 6)                0x02
	Grazelands Region (11, 7)                0x02
	Grazelands Region (12, 10)               0x02
	Grazelands Region (12, 12)               0x02
	Grazelands Region (12, 7)                0x02
	Grazelands Region (12, 8)                0x02
	Grazelands Region (12, 9)                0x02
	Grazelands Region (8, 10)                0x02
	Grazelands Region (8, 13)                0x02
	Grazelands Region (8, 14)                0x02
	Grazelands Region (8, 16)                0x02
	Grazelands Region (8, 5)                 0x02
	Grazelands Region (8, 7)                 0x02
	Grazelands Region (8, 8)                 0x02
	Grazelands Region (8, 9)                 0x02
	Grazelands Region (9, 11)                0x02
	Grazelands Region (9, 14)                0x02
	Grazelands Region (9, 16)                0x02
	Grazelands Region (9, 5)                 0x02
	Grazelands Region (9, 7)                 0x02
	Grazelands Region (9, 8)                 0x02
	Molag Mar Region (0, -2)                 0x02
	Molag Mar Region (0, -3)                 0x02
	Molag Mar Region (1, -2)                 0x02
	Molag Mar Region (1, -3)                 0x02
	Molag Mar Region (10, -1)                0x02
	Molag Mar Region (10, -2)                0x02
	Molag Mar Region (10, -5)                0x02
	Molag Mar Region (10, -7)                0x02
	Molag Mar Region (10, 0)                 0x02
	Molag Mar Region (10, 2)                 0x02
	Molag Mar Region (10, 3)                 0x02
	Molag Mar Region (11, -1)                0x02
	Molag Mar Region (11, -3)                0x02
	Molag Mar Region (11, -4)                0x02
	Molag Mar Region (11, -6)                0x02
	Molag Mar Region (11, -7)                0x02
	Molag Mar Region (11, 0)                 0x02
	Molag Mar Region (11, 1)                 0x02
	Molag Mar Region (11, 2)                 0x02
	Molag Mar Region (11, 3)                 0x02
	Molag Mar Region (12, -4)                0x02
	Molag Mar Region (12, -5)                0x02
	Molag Mar Region (12, -6)                0x02
	Molag Mar Region (12, 0)                 0x02
	Molag Mar Region (13, -4)                0x02
	Molag Mar Region (13, -5)                0x02
	Molag Mar Region (13, -7)                0x02
	Molag Mar Region (13, 0)                 0x02
	Molag Mar Region (14, 0)                 0x02
	Molag Mar Region (15, -4)                0x02
	Molag Mar Region (15, -5)                0x02
	Molag Mar Region (2, -2)                 0x02
	Molag Mar Region (2, -3)                 0x02
	Molag Mar Region (3, -2)                 0x02
	Molag Mar Region (3, -3)                 0x02
	Molag Mar Region (4, -4)                 0x02
	Molag Mar Region (4, 0)                  0x02
	Molag Mar Region (5, -1)                 0x02
	Molag Mar Region (5, -3)                 0x02
	Molag Mar Region (5, -4)                 0x02
	Molag Mar Region (6, -1)                 0x02
	Molag Mar Region (6, -2)                 0x02
	Molag Mar Region (6, -3)                 0x02
	Molag Mar Region (6, -4)                 0x02
	Molag Mar Region (7, -1)                 0x02
	Molag Mar Region (7, -2)                 0x02
	Molag Mar Region (7, -3)                 0x02
	Molag Mar Region (7, -4)                 0x02
	Molag Mar Region (7, -5)                 0x02
	Molag Mar Region (7, -7)                 0x02
	Molag Mar Region (7, 0)                  0x02
	Molag Mar Region (7, 2)                  0x02
	Molag Mar Region (8, -1)                 0x02
	Molag Mar Region (8, -3)                 0x02
	Molag Mar Region (8, -5)                 0x02
	Molag Mar Region (8, -7)                 0x02
	Molag Mar Region (8, -8)                 0x02
	Molag Mar Region (8, 0)                  0x02
	Molag Mar Region (8, 1)                  0x02
	Molag Mar Region (8, 3)                  0x02
	Molag Mar Region (9, -1)                 0x02
	Molag Mar Region (9, -2)                 0x02
	Molag Mar Region (9, -3)                 0x02
	Molag Mar Region (9, -5)                 0x02
	Molag Mar Region (9, -6)                 0x02
	Molag Mar Region (9, 0)                  0x02
	Molag Mar Region (9, 2)                  0x02
	Molag Mar Region (9, 3)                  0x02
	Molag Mar Region (9, 4)                  0x02
	Red Mountain Region (-2, 10)             0x02
	Red Mountain Region (0, 9)               0x02
	Red Mountain Region (1, 10)              0x02
	Red Mountain Region (1, 11)              0x02
	Red Mountain Region (1, 5)               0x02
	Red Mountain Region (1, 6)               0x02
	Red Mountain Region (1, 8)               0x02
	Red Mountain Region (1, 9)               0x02
	Red Mountain Region (2, 10)              0x02
	Red Mountain Region (2, 11)              0x02
	Red Mountain Region (2, 5)               0x02
	Red Mountain Region (2, 6)               0x02
	Red Mountain Region (2, 7)               0x02
	Red Mountain Region (2, 9)               0x02
	Red Mountain Region (3, 6)               0x02
	Red Mountain Region (3, 9)               0x02
	Red Mountain Region (4, 11)              0x02
	Red Mountain Region (4, 8)               0x02
	Sheogorad (-1, 19)                       0x02
	Sheogorad (-1, 21)                       0x02
	Sheogorad (-2, 20)                       0x02
	Sheogorad (-2, 21)                       0x02
	Sheogorad (-2, 24)                       0x02
	Sheogorad (-3, 21)                       0x02
	Sheogorad (-3, 24)                       0x02
	Sheogorad (-4, 22)                       0x02
	Sheogorad (-7, 18)                       0x02
	Sheogorad (0, 20)                        0x02
	Sheogorad (0, 21)                        0x02
	Sheogorad (1, 19)                        0x02
	Sheogorad (1, 22)                        0x02
	Sheogorad (1, 23)                        0x02
	Sheogorad (2, 19)                        0x02
	Sheogorad (2, 21)                        0x02
	Sheogorad (2, 22)                        0x02
	Sheogorad (3, 17)                        0x02
	Sheogorad (3, 21)                        0x02
	Sheogorad (3, 23)                        0x02
	Sheogorad (3, 24)                        0x02
	Sheogorad (4, 18)                        0x02
	Sheogorad (4, 20)                        0x02
	Sheogorad (4, 23)                        0x02
	Sheogorad (5, 19)                        0x02
	Sheogorad (5, 20)                        0x02
	Sheogorad (5, 21)                        0x02
	Sheogorad (5, 22)                        0x02
	Sheogorad (5, 23)                        0x02
	Sheogorad (6, 20)                        0x02
	Sheogorad (6, 22)                        0x02
	Sheogorad (6, 23)                        0x02
	Sheogorad (7, 17)                        0x02
	Sheogorad (7, 19)                        0x02
	Sheogorad (7, 20)                        0x02
	Sheogorad (7, 21)                        0x02
	Sheogorad (7, 24)                        0x02
	Sheogorad (8, 17)                        0x02
	Sheogorad (8, 18)                        0x02
	Sheogorad (8, 19)                        0x02
	Sheogorad (8, 20)                        0x02
	Sheogorad (8, 21)                        0x02
	Sheogorad (8, 22)                        0x02
	Sheogorad (9, 20)                        0x02
	West Gash Region (-1, -1)                0x02
	West Gash Region (-1, -2)                0x02
	West Gash Region (-1, 0)                 0x02
	West Gash Region (-1, 2)                 0x02
	West Gash Region (-1, 3)                 0x02
	West Gash Region (-10, 10)               0x02
	West Gash Region (-10, 12)               0x02
	West Gash Region (-10, 14)               0x02
	West Gash Region (-10, 16)               0x02
	West Gash Region (-10, 8)                0x02
	West Gash Region (-11, 12)               0x02
	West Gash Region (-11, 13)               0x02
	West Gash Region (-11, 14)               0x02
	West Gash Region (-11, 16)               0x02
	West Gash Region (-12, 10)               0x02
	West Gash Region (-12, 11)               0x02
	West Gash Region (-12, 12)               0x02
	West Gash Region (-12, 13)               0x02
	West Gash Region (-12, 14)               0x02
	West Gash Region (-12, 9)                0x02
	West Gash Region (-13, 10)               0x02
	West Gash Region (-13, 11)               0x02
	West Gash Region (-13, 12)               0x02
	West Gash Region (-13, 13)               0x02
	West Gash Region (-13, 14)               0x02
	West Gash Region (-14, 12)               0x02
	West Gash Region (-14, 13)               0x02
	West Gash Region (-14, 14)               0x02
	West Gash Region (-2, -1)                0x02
	West Gash Region (-2, -3)                0x02
	West Gash Region (-2, 0)                 0x02
	West Gash Region (-2, 1)                 0x02
	West Gash Region (-2, 3)                 0x02
	West Gash Region (-2, 4)                 0x02
	West Gash Region (-3, -1)                0x02
	West Gash Region (-3, 0)                 0x02
	West Gash Region (-3, 1)                 0x02
	West Gash Region (-3, 2)                 0x02
	West Gash Region (-3, 4)                 0x02
	West Gash Region (-4, -3)                0x02
	West Gash Region (-4, 2)                 0x02
	West Gash Region (-4, 3)                 0x02
	West Gash Region (-4, 4)                 0x02
	West Gash Region (-5, 4)                 0x02
	West Gash Region (-5, 5)                 0x02
	West Gash Region (-5, 6)                 0x02
	West Gash Region (-5, 7)                 0x02
	West Gash Region (-6, 10)                0x02
	West Gash Region (-6, 11)                0x02
	West Gash Region (-6, 12)                0x02
	West Gash Region (-6, 13)                0x02
	West Gash Region (-6, 4)                 0x02
	West Gash Region (-6, 5)                 0x02
	West Gash Region (-6, 6)                 0x02
	West Gash Region (-6, 7)                 0x02
	West Gash Region (-6, 8)                 0x02
	West Gash Region (-6, 9)                 0x02
	West Gash Region (-7, 10)                0x02
	West Gash Region (-7, 11)                0x02
	West Gash Region (-7, 12)                0x02
	West Gash Region (-7, 13)                0x02
	West Gash Region (-7, 14)                0x02
	West Gash Region (-7, 15)                0x02
	West Gash Region (-7, 16)                0x02
	West Gash Region (-7, 17)                0x02
	West Gash Region (-7, 5)                 0x02
	West Gash Region (-7, 6)                 0x02
	West Gash Region (-7, 7)                 0x02
	West Gash Region (-7, 8)                 0x02
	West Gash Region (-7, 9)                 0x02
	West Gash Region (-8, 10)                0x02
	West Gash Region (-8, 12)                0x02
	West Gash Region (-8, 13)                0x02
	West Gash Region (-8, 14)                0x02
	West Gash Region (-8, 15)                0x02
	West Gash Region (-8, 16)                0x02
	West Gash Region (-8, 17)                0x02
	West Gash Region (-8, 5)                 0x02
	West Gash Region (-8, 7)                 0x02
	West Gash Region (-8, 8)                 0x02
	West Gash Region (-8, 9)                 0x02
	West Gash Region (-9, 10)                0x02
	West Gash Region (-9, 12)                0x02
	West Gash Region (-9, 14)                0x02
	West Gash Region (-9, 15)                0x02
	West Gash Region (-9, 7)                 0x02
	West Gash Region (-9, 8)                 0x02
	West Gash Region (-9, 9)                 0x02
    [OVR-REC] Overridden Records:
	From Master         Type    Name
	bloodmoon.esm       LTEX    tx_bc_rock_03.tga
	morrowind.esm       LAND    (-1, 2)
	morrowind.esm       LAND    (-1, 3)
	morrowind.esm       LAND    (-1, 4)
	morrowind.esm       LAND    (-2, 2)
	morrowind.esm       LAND    (-2, 3)
	morrowind.esm       LAND    (-2, 4)
	morrowind.esm       LAND    (-3, 2)
	morrowind.esm       LAND    (-3, 3)
	morrowind.esm       LAND    (-3, 4)
	morrowind.esm       LAND    (-4, 2)
	morrowind.esm       LAND    (-4, 3)
	morrowind.esm       LAND    (-4, 4)
	morrowind.esm       LTEX    al_ash_01
	morrowind.esm       LTEX    al_ash_02
	morrowind.esm       LTEX    al_ash_03
	morrowind.esm       LTEX    al_ash_04
	morrowind.esm       LTEX    daedric stone
	morrowind.esm       LTEX    rm_redrock
	morrowind.esm       LTEX    rm_rock_02
	morrowind.esm       LTEX    tx_bc_rockyscrub.tga
	morrowind.esm       LTEX    tx_rockyscrub_01.tga
	morrowind.esm       LTEX    wg_cobblestones
	morrowind.esm       LTEX    wg_dirtroad_01
	morrowind.esm       LTEX    wg_dirtscrub
	morrowind.esm       LTEX    wg_mainroad_01
	morrowind.esm       LTEX    wg_rock
	morrowind.esm       LTEX    wg_rockydirt
	morrowind.esm       LTEX    wg_rockyscrub
	morrowind.esm       LTEX    wg_scrub plain
	tribunal.esm        LTEX    ai_tilled_dirt
	tribunal.esm        LTEX    rm_grayrock
	tribunal.esm        LTEX    rm_rock_01
