ReclaimingHasimminus.esp: DUP-REC FOGBUG JUNKCEL MENUMOD MISSVER OVR-REC
    [FOGBUG]: Cells with zero fog density setting:
	Hasimminus, Llandris Sildreth's House
    [MENUMOD] Scripts not checking menumode:
	SCPT(NC_Scr_Redoran_Blade_Enable)
	SCPT(nc_6thhousedoor_scr)
	SCPT(nc_Rondach_scr)
	SCPT(nc_dagoth_un_scr)
	SCPT(nc_dagothinrus_scr)
	SCPT(nc_ebonyvein_scr)
	SCPT(nc_hlaalunpc_scr)
	SCPT(nc_minedoorswap_scr)
	SCPT(nc_rathis_scr)
	SCPT(nc_redoranblade_scr)
	SCPT(nc_redorannpc_scr)
	SCPT(nc_set_fight)
	SCPT(nc_settlementbuild_scr)
	SCPT(nc_supportbeam_scr)
	SCPT(nc_telvanninpc_scr)
	SCPT(nc_town_abandoned)
	SCPT(nc_town_hla)
	SCPT(nc_town_red)
	SCPT(nc_town_telv)
	SCPT(nc_zaril_rathis_scr)
    [JUNKCEL] Junk Cells:                        Flags
	Ashlands Region (0, 0)                   0x02
    [OVR-REC] Overridden Records:
	From Master         Type    Name
	bloodmoon.esm       LTEX    ac_darkgravel
	bloodmoon.esm       LTEX    rm_rock_03
	bloodmoon.esm       LTEX    sand_02
	morrowind.esm       LAND    (3, 10)
	morrowind.esm       LAND    (3, 11)
	morrowind.esm       LAND    (3, 9)
	morrowind.esm       LAND    (4, 10)
	morrowind.esm       LAND    (4, 11)
	morrowind.esm       LAND    (4, 8)
	morrowind.esm       LAND    (4, 9)
	morrowind.esm       LTEX    ac_dirt_01
	morrowind.esm       LTEX    ac_dirt_grass_01
	morrowind.esm       LTEX    ac_dirt_grass_02
	morrowind.esm       LTEX    ac_dirtroad_01
	morrowind.esm       LTEX    ac_scrubplain_01
	morrowind.esm       LTEX    ac_scrubplain_02
	morrowind.esm       LTEX    ai_mudflats_01.tga
	morrowind.esm       LTEX    al_ash_01
	morrowind.esm       LTEX    al_ash_02
	morrowind.esm       LTEX    al_ash_03
	morrowind.esm       LTEX    al_ash_04
	morrowind.esm       LTEX    al_road_01
	morrowind.esm       LTEX    daedric_scrubruins
	morrowind.esm       LTEX    gl_grass_05
	morrowind.esm       LTEX    gl_rock_01
	morrowind.esm       LTEX    gl_rock_02
	morrowind.esm       LTEX    ma_crackedearth
	morrowind.esm       LTEX    ma_lava
	morrowind.esm       LTEX    ma_lava02
	morrowind.esm       LTEX    ma_lava03
	morrowind.esm       LTEX    ma_lava04
	morrowind.esm       LTEX    ma_lava05
	morrowind.esm       LTEX    ma_lava06
	morrowind.esm       LTEX    ma_lavacrust.tga
	morrowind.esm       LTEX    ma_lavaflow
	morrowind.esm       LTEX    ma_lavarock
	morrowind.esm       LTEX    ma_rock04
	morrowind.esm       LTEX    ma_sulphur_rock01
	morrowind.esm       LTEX    ma_sulphur_rock02
	morrowind.esm       LTEX    ma_sulphur_rock03
	morrowind.esm       LTEX    ma_sulphur_rock05
	morrowind.esm       LTEX    ma_sulphur_rock06
	morrowind.esm       LTEX    ma_sulphur_rock07
	morrowind.esm       LTEX    ma_sulphur_rock08
	morrowind.esm       LTEX    ma_sulphur_rock09
	morrowind.esm       LTEX    rm_redrock
	morrowind.esm       LTEX    rm_rock_02
	morrowind.esm       LTEX    rm_whiterock
	morrowind.esm       LTEX    tx_ai_mudflats_01.tga
	morrowind.esm       LTEX    tx_bc_dirt.tga
	morrowind.esm       LTEX    wg_cobblestones
	morrowind.esm       LTEX    wg_rockydirt
	morrowind.esm       PGRD    ashlands region
	tribunal.esm        DIAL    background
	tribunal.esm        DIAL    business
	tribunal.esm        DIAL    chores
	tribunal.esm        DIAL    duties
	tribunal.esm        DIAL    greeting 1
	tribunal.esm        DIAL    greeting 5
	tribunal.esm        DIAL    latest rumors
	tribunal.esm        DIAL    little advice
	tribunal.esm        LTEX    rm_grayrock
	tribunal.esm        LTEX    rm_rock_01
	tribunal.esm        LTEX    tx_ai_mainroad_01.tga
