REEEE (2).ESP: DUP-REC MISSVER OVR-REC
    [OVR-REC] Overridden Records:
	From Master         Type    Name
	bloodmoon.esm       LEVI    bm_imperial guard random weapon
	bloodmoon.esm       LEVI    bm_random_enchanted
	bloodmoon.esm       LEVI    bm_randomwpn_smugglers
	bloodmoon.esm       LEVI    bm_skaalhunthelm
	bloodmoon.esm       LEVI    bm_skaalhuntshield
	morrowind.esm       ENCH    free action_en
	morrowind.esm       ENCH    light_en
	morrowind.esm       LEVI    imperial guard random weapon
	morrowind.esm       LEVI    l_m_amulets
	morrowind.esm       LEVI    l_m_armor_boots
	morrowind.esm       LEVI    l_m_armor_bracers
	morrowind.esm       LEVI    l_m_armor_cuirass
	morrowind.esm       LEVI    l_m_armor_gauntlet
	morrowind.esm       LEVI    l_m_armor_helmet
	morrowind.esm       LEVI    l_m_armor_shields
	morrowind.esm       LEVI    l_m_belts
	morrowind.esm       LEVI    l_m_enchantitem_hlaalu_rank0
	morrowind.esm       LEVI    l_m_enchantitem_hlaalu_rank4
	morrowind.esm       LEVI    l_m_enchantitem_hlaalu_rank6
	morrowind.esm       LEVI    l_m_enchantitem_imperial_rank0
	morrowind.esm       LEVI    l_m_enchantitem_redoran_rank2
	morrowind.esm       LEVI    l_m_enchantitem_redoran_rank4
	morrowind.esm       LEVI    l_m_enchantitem_redoran_rank6
	morrowind.esm       LEVI    l_m_enchantitem_redoran_rank8
	morrowind.esm       LEVI    l_m_enchantitem_telvanni_rank01
	morrowind.esm       LEVI    l_m_enchantitem_telvanni_rank6
	morrowind.esm       LEVI    l_m_enchantitem_telvanni_rank8
	morrowind.esm       LEVI    l_m_enchantitem_temple_rank4
	morrowind.esm       LEVI    l_m_enchantitem_temple_rank6
	morrowind.esm       LEVI    l_m_enchantitem_temple_rank8_1
	morrowind.esm       LEVI    l_m_enchantitem_temple_rank8_2
	morrowind.esm       LEVI    l_m_rings
	morrowind.esm       LEVI    l_m_wpn_melee_axe
	morrowind.esm       LEVI    l_m_wpn_melee_blunt
	morrowind.esm       LEVI    l_m_wpn_melee_long blade
	morrowind.esm       LEVI    l_m_wpn_melee_short blade
	morrowind.esm       LEVI    l_m_wpn_melee_spear
	morrowind.esm       LEVI    l_m_wpn_missle_arrow
	morrowind.esm       LEVI    l_m_wpn_missle_bolt
	morrowind.esm       LEVI    random ashlander weapon
	morrowind.esm       LEVI    random ebony weapon
	morrowind.esm       LEVI    random excellent melee weapon
	morrowind.esm       LEVI    random orcish armor
	morrowind.esm       LEVI    random_armor_bonemold
	morrowind.esm       LEVI    random_armor_chitin
	morrowind.esm       LEVI    random_armor_fur
	morrowind.esm       LEVI    random_armor_glass
	morrowind.esm       LEVI    random_armor_iron
	morrowind.esm       LEVI    random_armor_netch_leather
	morrowind.esm       LEVI    random_armor_steel
	morrowind.esm       LEVI    random_de_pants
	morrowind.esm       LEVI    random_de_robe
	morrowind.esm       LEVI    random_de_shirt
	morrowind.esm       LEVI    random_de_shoes_common
	morrowind.esm       LEVI    random_de_weapon
	morrowind.esm       LEVI    random_dwemer_armor
	morrowind.esm       LEVI    random_dwemer_weapon
	morrowind.esm       LEVI    random_glass_weapon
	morrowind.esm       LEVI    random_imp_armor
	morrowind.esm       LEVI    random_imp_weapon
	morrowind.esm       LEVI    random_iron_fur_armor
	morrowind.esm       LEVI    random_iron_weapon
	morrowind.esm       LEVI    random_nordic_weapons
	morrowind.esm       LEVI    random_orcish_weapons
	morrowind.esm       LEVI    random_scroll_all
	morrowind.esm       LEVI    random_silver_weapon
	morrowind.esm       LEVI    random_steel_weapon
	morrowind.esm       LEVI    random_weapon_melee_basic
