Reputation_Fixes_All.ESP: DUP-REC MENUMOD MISSAUT MISSDSC MISSVER MOD-INF OVR-REC
    [MENUMOD] Scripts not checking menumode:
	SCPT(dbcontractScript)
	SCPT(sjoringScript)
	SCPT(varusVantiniusScript)
    [OVR-REC] Overridden Records:
	From Master         Type    Name
	bloodmoon.esm       DIAL    aesliip
	bloodmoon.esm       DIAL    attack on the imperial fort
	bloodmoon.esm       DIAL    death of the horkers
	bloodmoon.esm       DIAL    restore the power of the skaal
	bloodmoon.esm       DIAL    ristaag
	bloodmoon.esm       DIAL    the power of the skaal
	bloodmoon.esm       DIAL    totem of claw and fang
	bloodmoon.esm       DIAL    verdict is yours
	morrowind.esm       DIAL    bandits in suran
	morrowind.esm       DIAL    bitter cup
	morrowind.esm       DIAL    conspiracy against the emperor
	morrowind.esm       DIAL    dandsa
	morrowind.esm       DIAL    dura gra-bol
	morrowind.esm       DIAL    engaer
	morrowind.esm       DIAL    honthjolf
	morrowind.esm       DIAL    ienith
	morrowind.esm       DIAL    jocien ancois
	morrowind.esm       DIAL    joncis dalomax
	morrowind.esm       DIAL    nads tharen
	morrowind.esm       DIAL    nerer beneran
	morrowind.esm       DIAL    orcs at a daedric ruin
	morrowind.esm       DIAL    ragash gra-shuzgub
	morrowind.esm       DIAL    rels tenim
	morrowind.esm       DIAL    rufinus alleius
	morrowind.esm       DIAL    sarano tomb
	morrowind.esm       DIAL    sjoring hard-heart
	morrowind.esm       DIAL    slander
	morrowind.esm       DIAL    sondaale of shimmerene
	morrowind.esm       DIAL    sorkvild the raven
	morrowind.esm       DIAL    vas
	morrowind.esm       DIAL    verethi gang
	tribunal.esm        DIAL    assassin would attack
	tribunal.esm        DIAL    barilzar's mazed band
	tribunal.esm        DIAL    chrysamere
	tribunal.esm        DIAL    evidence of conspiracy
	tribunal.esm        DIAL    fight my champion
	tribunal.esm        DIAL    goblin army
	tribunal.esm        DIAL    greeting 1
	tribunal.esm        DIAL    protect barenziah
	tribunal.esm        DIAL    pyroil tar
	tribunal.esm        DIAL    shrine of the dead

[MOD-INF]: ID=1914988672101923(Topic:aesliip)
  bloodmoon.esm------------>|DATA|ONAM|SCVR:04JX3BM_Draugr|INTV:U|SCVR:12sX0AeslipTalk|INTV|BNAM:Journal BM_Draugr 100  "Tharsten Heart-Fang"->PositionCell -35 -473 -248 0 "Skaal Village, The Greathall"
  Reputation_Fixes_All.ESP->|DATA|ONAM|SCVR:04JX3BM_Draugr|INTV:U|SCVR:12sX0AeslipTalk|INTV|BNAM:Journal BM_Draugr 100  player->modReputation 1  "Tharsten Heart-Fang"->PositionCell -35 -473 -248 0 "Skaal Village, The Greathall"

[MOD-INF]: ID=7704965455886442(Topic:verethi gang)
  morrowind.esm------------>|DATA|ONAM:eydis fire-eye|NAME:Good work, %PCName. Here's the 1000 septims from the contract.|SCVR:34JX3FG_VerethiGang|INTV: |SCVR:56DX3Dovres Verethi|INTV|BNAM:Journal FG_VerethiGang 100  ModPCFacRep 10 "Fighters Guild"  ModDisposition 20  Player->AddItem Gold_001 1000
  Reputation_Fixes_All.ESP->|DATA|ONAM:eydis fire-eye|NAME:Good work, %PCName. Here's the 1000 septims from the contract.|SCVR:34JX3FG_VerethiGang|INTV: |SCVR:56DX3Dovres Verethi|INTV|BNAM:Journal FG_VerethiGang 100  ModPCFacRep 10 "Fighters Guild"  ModDisposition 20  player->modReputation 1  Player->AddItem Gold_001 1000

[MOD-INF]: ID=8185135575641753(Greeting:greeting 1)
  bloodmoon.esm------------>|DATA|ONAM:Falco Galenus|NAME|INTV:<|SCVR:12sX0ColonySide|INTV|BNAM:PCRaiseRank "East Empire Company"  PCRaiseRank "East Empire Company"  PCRaiseRank "East Empire Company"  PCRaiseRank "East Empire Company"  PCRaiseRank "East Empire Company"  PCRaiseRank "East Empire Company"  PCRaiseRank "East Empire Company"  PCRaiseRank "East Empire Company"  PCRaiseRank "East Empire Company"  Journal CO_13 70  Set ColonyState to 23
  Reputation_Fixes_All.ESP->|DATA|ONAM:Falco Galenus|NAME|INTV:(|SCVR:12sX0ColonySide|INTV|SCVR:26DX2Carnius Magius|INTV:|BNAM:PCRaiseRank "East Empire Company"  PCRaiseRank "East Empire Company"  PCRaiseRank "East Empire Company"  PCRaiseRank "East Empire Company"  player->modReputation 5  PCRaiseRank "East Empire Company"  PCRaiseRank "East Empire Company"  PCRaiseRank "East Empire Company"  PCRaiseRank "East Empire Company"  PCRaiseRank "East Empire Company"  Journal CO_13 70  Set ColonyState to 23

[MOD-INF]: ID=10373127657056040(Topic:shrine of the dead)
  tribunal.esm------------->|DATA|ONAM:gavas drin|NAME:Interesting. You've performed your duty well, %PCName. The goddess is very pleased. Take this Blessed Spear as a gift from the Lady Almalexia. It is good that you have been of service to our Lady.|SCVR:04JX0TR_ShrineDead|INTV:<|SCVR:16DX0urvel dulni|INTV:|BNAM:Journal TR_ShrineDead 100  Player->AddItem "ebony spear_blessed_unique" 1  "urvel dulni"-> AiWander 0 0 0 0 0 0
  Reputation_Fixes_All.ESP->|DATA|ONAM:gavas drin|NAME:Interesting. You've performed your duty well, %PCName. The goddess is very pleased. Take this Blessed Spear as a gift from the Lady Almalexia. It is good that you have been of service to our Lady.|SCVR:04JX0TR_ShrineDead|INTV:<|SCVR:16DX0urvel dulni|INTV:|BNAM:Journal TR_ShrineDead 100  player->modReputation 1  Player->AddItem "ebony spear_blessed_unique" 1  "urvel dulni"-> AiWander 0 0 0 0 0 0

[MOD-INF]: ID=16994673217549149(Topic:conspiracy against the emperor)
  morrowind.esm------------>|DATA|ONAM:general darius|NAME:Now the traitors are dead. It saddens me that this could happen to men under my command. We all swore to serve the Emperor, no matter what happens. You've earned my gratitude, %PCName. Long live Uriel Septim!|SCVR:06DX2arius rulician|INTV:|SCVR:16DX2oritius maro|INTV:|SCVR:34JX3IL_TalosTreason|INTV:2|BNAM:Journal IL_TalosTreason 100  ModPCFacRep 10 "Imperial Legion"  ModDisposition 15
  Reputation_Fixes_All.ESP->|DATA|ONAM:general darius|NAME:Now the traitors are dead. It saddens me that this could happen to men under my command. We all swore to serve the Emperor, no matter what happens. You've earned my gratitude, %PCName. Long live Uriel Septim!|SCVR:06DX2arius rulician|INTV:|SCVR:16DX2oritius maro|INTV:|SCVR:34JX3IL_TalosTreason|INTV:2|BNAM:Journal IL_TalosTreason 100  ModPCFacRep 10 "Imperial Legion"  ModDisposition 15  player->modReputation 1

[MOD-INF]: ID=19680231976348865(Topic:sondaale of shimmerene)
  morrowind.esm------------>|DATA|ONAM:hrundi|NAME:Good work, %PCName. Here's the 500 septims for this contract.|SCVR:34JX3FG_Telasero|INTV:F|BNAM:Journal FG_Telasero 100  ModPCFacRep 5 "Fighters Guild"  ModDisposition 10  Player->AddItem Gold_001 500
  Reputation_Fixes_All.ESP->|DATA|ONAM:hrundi|NAME:Good work, %PCName. Here's the 500 septims for this contract.|SCVR:34JX3FG_Telasero|INTV:F|BNAM:Journal FG_Telasero 100  ModPCFacRep 5 "Fighters Guild"  ModDisposition 10  player->modReputation 1  Player->AddItem Gold_001 500

[MOD-INF]: ID=32478233302529384(Topic:sarano tomb)
  morrowind.esm------------>|DATA|ONAM:eydis fire-eye|NAME:You already killed the Hunger? Then take the 1000 septims for this contract.|SCVR:06DX3hunger_fghl|INTV|SCVR:34JX0FG_HungerLoose|INTV:|BNAM:Journal FG_HungerLoose 100  Player->AddItem Gold_001 1000  ModPCFacRep 10 "Fighters Guild"  ModDisposition 10
  Reputation_Fixes_All.ESP->|DATA|ONAM:eydis fire-eye|NAME:You already killed the Hunger? Then take the 1000 septims for this contract.|SCVR:06DX3hunger_fghl|INTV|SCVR:34JX0FG_HungerLoose|INTV:|BNAM:Journal FG_HungerLoose 100  Player->AddItem Gold_001 1000  ModPCFacRep 10 "Fighters Guild"  player->modReputation 1  ModDisposition 10

[MOD-INF]: ID=33065093224215091(Topic:death of the horkers)
  bloodmoon.esm------------>|DATA|ONAM:korst wind-eye|NAME:I feared as much. Even those creatures could not have caused such carnage. This is a bad sign, %PcName, and I fear we have not yet seen the worst. Take this. From what I hear of those grahl, it will be a valuable aid to you. Perhaps it will keep you safe during the troubled times ahead. Now, I fear, we must speak more about the Bloodmoon Prophecy.|SCVR:04JX0BM_FrostGiant1|INTV:Z|BNAM:Player->AddItem "BM ice longsword_FG_Unique" 1  Journal BM_FrostGiant1 100
  Reputation_Fixes_All.ESP->|DATA|ONAM:korst wind-eye|NAME:I feared as much. Even those creatures could not have caused such carnage. This is a bad sign, %PcName, and I fear we have not yet seen the worst. Take this. From what I hear of those grahl, it will be a valuable aid to you. Perhaps it will keep you safe during the troubled times ahead. Now, I fear, we must speak more about the Bloodmoon Prophecy.|SCVR:04JX0BM_FrostGiant1|INTV:Z|BNAM:Player->AddItem "BM ice longsword_FG_Unique" 1  player->modReputation 1  Journal BM_FrostGiant1 100

[MOD-INF]: ID=39981564229741736(Topic:vas)
  morrowind.esm------------>|DATA|ONAM:persius mercius|DNAM:Fighters Guild|NAME:Ulyne Henim gave a very positive report, %PCName. Since this has helped our reputation with the Buoyant Armigers, I've decided to share the contract reward money with you. Take these 500 septims.|SCVR:34JX3FG_Vas|INTV:U|BNAM:Journal FG_Vas 100  ModPCFacRep 5 "Fighters Guild"  ModDisposition 15  Player->AddItem Gold_001 500  "Ulyne Henim"->Disable
  Reputation_Fixes_All.ESP->|DATA|ONAM:persius mercius|DNAM:Fighters Guild|NAME:Ulyne Henim gave a very positive report, %PCName. Since this has helped our reputation with the Buoyant Armigers, I've decided to share the contract reward money with you. Take these 500 septims.|SCVR:34JX3FG_Vas|INTV:U|BNAM:Journal FG_Vas 100  ModPCFacRep 5 "Fighters Guild"  ModDisposition 15  player->modReputation 1  Player->AddItem Gold_001 500  "Ulyne Henim"->Disable

[MOD-INF]: ID=63745851461018789(Topic:engaer)
  morrowind.esm------------>|DATA|ONAM:hrundi|DNAM:Fighters Guild|NAME:Good work, %PCName. Here's the 1000 septims for this bounty.|SCVR:34JX3FG_EngaerBounty|INTV: |SCVR:56DX3engaer|INTV|BNAM:Journal FG_EngaerBounty 100  ModPCFacRep 5 "Fighters Guild"  ModDisposition 10  Player->AddItem Gold_001 1000
  Reputation_Fixes_All.ESP->|DATA|ONAM:hrundi|DNAM:Fighters Guild|NAME:Good work, %PCName. Here's the 1000 septims for this bounty.|SCVR:34JX3FG_EngaerBounty|INTV: |SCVR:56DX3engaer|INTV|BNAM:Journal FG_EngaerBounty 100  ModPCFacRep 5 "Fighters Guild"  ModDisposition 10  player->modReputation 1  Player->AddItem Gold_001 1000

[MOD-INF]: ID=81581064827739327(Topic:bitter cup)
  morrowind.esm------------>|DATA|ONAM:stacey|NAME:So Eydis took the Bitter Cup. Good. She's likely to betray us, too, but only if she thinks we think she won't. Anyway, I found some good lockpicks the other day and thought you might could find a use for them.|SCVR:34JX3TG_BitterBribe|INTV:2|BNAM:Journal TG_BitterBribe 100  Player->AddItem Pick_Grandmaster 1  ModPCFacRep 5 "Thieves Guild"  ModDisposition 10
  Reputation_Fixes_All.ESP->|DATA|ONAM:stacey|NAME:So Eydis took the Bitter Cup. Good. She's likely to betray us, too, but only if she thinks we think she won't. Anyway, I found some good lockpicks the other day and thought you might find a use for them.|SCVR:34JX3TG_BitterBribe|INTV:2|BNAM:Journal TG_BitterBribe 100  Player->AddItem Pick_Grandmaster 1  ModPCFacRep 5 "Thieves Guild"  player->modReputation 1  ModDisposition 10

[MOD-INF]: ID=88712870631227777(Topic:goblin army)
  tribunal.esm------------->|DATA|ONAM:fedris hler|NAME:The warchiefs dead, along with one of the Altmer trainers. Not bad work...for you. Shame you didn't get the other one. It shows a bit of mettle, I suppose. The Lady will be pleased. Take this, and her gratitude.|SCVR:04JX3TR_KillGoblins|INTV:2|SCVR:16DX3yarnar|INTV|SCVR:24JX4TR_KillGoblins|INTV:d|BNAM:Player->AddItem gold_001 10000  Journal TR_KillGoblins 100
  Reputation_Fixes_All.ESP->|DATA|ONAM:fedris hler|NAME:The warchiefs dead, along with one of the Altmer trainers. Not bad work...for you. Shame you didn't get the other one. It shows a bit of mettle, I suppose. The Lady will be pleased. Take this, and her gratitude.|SCVR:04JX3TR_KillGoblins|INTV:2|SCVR:16DX3yarnar|INTV|SCVR:24JX4TR_KillGoblins|INTV:d|BNAM:Player->AddItem gold_001 10000  player->modReputation 1  Journal TR_KillGoblins 100

[MOD-INF]: ID=94403376266721707(Topic:barilzar's mazed band)
  tribunal.esm------------->|DATA|ONAM:gavas drin|NAME:You've been able to retrieve the Mazed Band? Amazing...Almalexia will want to hear about this immediately. You are to speak with her directly. I hope you realize what an honor you're receiving, %PCName.|SCVR:04JX3TR_MazedBand|INTV:F|SCVR:15IX2mazed_band|INTV:|SCVR:24JX4TR_MazedBand|INTV:Z|BNAM:Journal TR_MazedBand 90
  Reputation_Fixes_All.ESP->|DATA|ONAM:gavas drin|NAME:You've been able to retrieve the Mazed Band? Amazing...Almalexia will want to hear about this immediately. You are to speak with her directly. I hope you realize what an honor you're receiving, %PCName.|SCVR:04JX3TR_MazedBand|INTV:F|SCVR:15IX2mazed_band|INTV:|SCVR:24JX4TR_MazedBand|INTV:Z|BNAM:Journal TR_MazedBand 90  player->modReputation 2

[MOD-INF]: ID=98569073422121880(Topic:conspiracy against the emperor)
  morrowind.esm------------>|DATA|ONAM:general darius|NAME:A conspiracy to kill the emperor? Thank the Divines you found this evidence. Well done, %PCName. And, it's good to hear you brought justice to those who would consider such a course of action.|SCVR:06DX2arius rulician|INTV:|SCVR:16DX2oritius maro|INTV:|SCVR:25IX2bk_talostreason|INTV:|SCVR:34JX3IL_TalosTreason|INTV: |BNAM:Journal IL_TalosTreason 100  ModPCFacRep 10 "Imperial Legion"  ModDisposition 15  additem "bk_talostreason" 1  player->removeitem "bk_talostreason" 1
  Reputation_Fixes_All.ESP->|DATA|ONAM:general darius|NAME:A conspiracy to kill the emperor? Thank the Divines you found this evidence. Well done, %PCName. And, it's good to hear you brought justice to those who would consider such a course of action.|SCVR:06DX2arius rulician|INTV:|SCVR:16DX2oritius maro|INTV:|SCVR:25IX2bk_talostreason|INTV:|SCVR:34JX3IL_TalosTreason|INTV: |BNAM:Journal IL_TalosTreason 100  ModPCFacRep 10 "Imperial Legion"  ModDisposition 15  player->modReputation 1  additem "bk_talostreason" 1  player->removeitem "bk_talostreason" 1

[MOD-INF]: ID=132761327679524796(Topic:rufinus alleius)
  morrowind.esm------------>|DATA|ONAM:lorbumol gro-aglakh|NAME:You already killed him? I don't know if I ought to believe that. Well, here's the bounty I owe you.|SCVR:34JX0FG_SilenceMagistrate|INTV:|SCVR:56DX3Rufinus Alleius|INTV|BNAM:Journal FG_SilenceMagistrate 100  ModPCFacRep 10 "Fighters Guild"  ModDisposition 20  Player->AddItem Gold_001 1000
  Reputation_Fixes_All.ESP->|DATA|ONAM:lorbumol gro-aglakh|NAME:You already killed him? I don't know if I ought to believe that. Well, here's the bounty I owe you.|SCVR:04JX3FG_SilenceTaxgirl|INTV:d|SCVR:34JX0FG_SilenceMagistrate|INTV:|SCVR:56DX3Rufinus Alleius|INTV|BNAM:Journal FG_SilenceMagistrate 100  ModPCFacRep 10 "Fighters Guild"  ModDisposition 20  player->modReputation 1  Player->AddItem Gold_001 1000

[MOD-INF]: ID=157232741256349268(Topic:sjoring hard-heart)
  morrowind.esm------------>|DATA|ONAM:stacey|DNAM:Thieves Guild|NAME:So Sjoring Hard-Heart is dead. Whatever his personal vendetta, he won't trouble our Guild again. The remaining leaders of the Fighters Guild are more sympathetic to us. Since you've saved the Thieves Guild here in Vvardenfell, I think you deserve this. It's the Skeleton Key--the most perfect tool ever created for lockpicking. I found it when I lived in Hammerfell. Use it wisely. Now, I have new jobs for you to do.|SCVR:06DX3sjoring hard-heart|INTV|SCVR:14JX0TG_KillHardHeart|INTV: |BNAM:Journal TG_KillHardHeart 100  Player->AddItem Skeleton_key 1  ModPCFacRep 15 "Thieves Guild"  ModDisposition 15
  Reputation_Fixes_All.ESP->|DATA|ONAM:stacey|DNAM:Thieves Guild|NAME:So Sjoring Hard-Heart is dead. Whatever his personal vendetta, he won't trouble our Guild again. The remaining leaders of the Fighters Guild are more sympathetic to us. Since you've saved the Thieves Guild here in Vvardenfell, I think you deserve this. It's the Skeleton Key--the most perfect tool ever created for lockpicking. I found it when I lived in Hammerfell. Use it wisely. Now, I have new jobs for you to do.|SCVR:06DX3sjoring hard-heart|INTV|SCVR:14JX0TG_KillHardHeart|INTV: |BNAM:Journal TG_KillHardHeart 100  Player->AddItem Skeleton_key 1  ModPCFacRep 15 "Thieves Guild"  player->modReputation 2  ModDisposition 15

[MOD-INF]: ID=181646371379631072(Topic:slander)
  morrowind.esm------------>|DATA|ONAM:Frald the White|NAME:So you found Suryn Athones and silenced him. Good. We want good relations with the Ordinators, but we can't tolerate slanders on our character.|SCVR:06DX3suryn athones|INTV|SCVR:34JX3IL_FalseOrdinator|INTV: |BNAM:Journal IL_FalseOrdinator 100  ModPCFacRep 5 "Imperial Legion"  ModDisposition 10
  Reputation_Fixes_All.ESP->|DATA|ONAM:Frald the White|NAME:So you found Suryn Athones and silenced him. Good. We want good relations with the Ordinators, but we can't tolerate slanders on our character.|SCVR:06DX3suryn athones|INTV|SCVR:34JX3IL_FalseOrdinator|INTV: |BNAM:Journal IL_FalseOrdinator 100  ModPCFacRep 5 "Imperial Legion"  player->modReputation 1  ModDisposition 10

[MOD-INF]: ID=191217264158619624(Topic:nerer beneran)
  morrowind.esm------------>|DATA|ONAM:persius mercius|DNAM:Fighters Guild|NAME:Good work. Nerer Beneran has been brought to justice. Here's your share of the bounty, %PCName.|SCVR:56DX3nerer beneran|INTV|BNAM:ModPCFacRep 5 "Fighters Guild"  ModPCFacRep 5 "Redoran"  ModDisposition 10  Player->AddItem Gold_001 500  Journal FG_BeneranBounty 100
  Reputation_Fixes_All.ESP->|DATA|ONAM:persius mercius|DNAM:Fighters Guild|NAME:Good work. Nerer Beneran has been brought to justice. Here's your share of the bounty, %PCName.|SCVR:56DX3nerer beneran|INTV|BNAM:ModPCFacRep 5 "Fighters Guild"  ModPCFacRep 5 "Redoran"  ModDisposition 10  player->modReputation 1  Player->AddItem Gold_001 500  Journal FG_BeneranBounty 100

[MOD-INF]: ID=203221058216814080(Topic:attack on the imperial fort)
  bloodmoon.esm------------>|DATA|ONAM:tharsten heart-fang|NAME:Those soldiers...pfah! They cut their trees and dig their holes, and have little to show after a day's toil. They do not respect this land or its creatures, and for that, I find them offensive. But, though I have no love for them, the Skaal would never do such a thing. We prefer to let the Imperials kill themselves slowly. But these creatures that attacked...these were not wolves of this island. Now, have you finished your business here?|SCVR:04JX3BM_CariusGone|INTV|BNAM:Journal BM_CariusGone 100
  Reputation_Fixes_All.ESP->|DATA|ONAM:tharsten heart-fang|NAME:Those soldiers...pfah! They cut their trees and dig their holes, and have little to show after a day's toil. They do not respect this land or its creatures, and for that, I find them offensive. But, though I have no love for them, the Skaal would never do such a thing. We prefer to let the Imperials kill themselves slowly. But these creatures that attacked...these were not wolves of this island. Now, have you finished your business here?|SCVR:04JX3BM_CariusGone|INTV|SCVR:14JX0BM_SkaalAttack|INTV:|BNAM:Journal BM_CariusGone 100  player->modReputation 2

[MOD-INF]: ID=239495628700830035(Topic:sjoring hard-heart)
  morrowind.esm------------>|DATA|ONAM:persius mercius|DNAM:Fighters Guild|NAME:Sjoring is already dead? I'm glad to hear it, %PCName. You've saved the Fighters Guild from the corruption of the Camonna Tong. As I promised, I am naming you the new Guildmaster. Congratulations, Master %PCName.|SCVR:34JX0FG_KillHardHeart|INTV:|SCVR:56DX3sjoring hard-heart|INTV|BNAM:Journal FG_KillHardHeart 100  PCRaiseRank  PCRaiseRank  ModDisposition 25
  Reputation_Fixes_All.ESP->|DATA|ONAM:persius mercius|DNAM:Fighters Guild|NAME:Sjoring is already dead? I'm glad to hear it, %PCName. You've saved the Fighters Guild from the corruption of the Camonna Tong. As I promised, I am naming you the new Guildmaster. Congratulations, Master %PCName.|SCVR:34JX0FG_KillHardHeart|INTV:|SCVR:56DX3sjoring hard-heart|INTV|BNAM:Journal FG_KillHardHeart 100  PCRaiseRank  PCRaiseRank  if ( necroSjoringRep == 0 )      set necroSjoringRep to 1      player->modReputation 3  endif  ModDisposition 25

[MOD-INF]: ID=240612790302534091(Topic:sjoring hard-heart)
  morrowind.esm------------>|DATA|ONAM:stacey|DNAM:Fighters Guild|NAME:You already killed Sjoring, too, %PCName? What? You're the new Master of the Fighters Guild, too? Oh, what luck! With you in charge, I'm sure both guilds will prosper. Since you've saved the Thieves Guild here in Vvardenfell, I think you deserve this. It's the Skeleton Key--the most perfect tool ever created for lockpicking. I found it when I lived in Hammerfell. Use it wisely. Now, I have new jobs for you to do.|SCVR:01460|INTV|SCVR:16DX3sjoring hard-heart|INTV|BNAM:Journal TG_KillHardHeart 100  Player->AddItem Skeleton_key 1  ModPCFacRep 15 "Thieves Guild"  ModDisposition 15
  Reputation_Fixes_All.ESP->|DATA|ONAM:stacey|DNAM:Fighters Guild|NAME:You already killed Sjoring, too, %PCName? What? You're the new Master of the Fighters Guild, too? Oh, what luck! With you in charge, I'm sure both guilds will prosper. Since you've saved the Thieves Guild here in Vvardenfell, I think you deserve this. It's the Skeleton Key--the most perfect tool ever created for lockpicking. I found it when I lived in Hammerfell. Use it wisely. Now, I have new jobs for you to do.|SCVR:01460|INTV|SCVR:16DX3sjoring hard-heart|INTV|BNAM:Journal TG_KillHardHeart 100  Player->AddItem Skeleton_key 1  ModPCFacRep 15 "Thieves Guild"  player->modReputation 2  ModDisposition 15

[MOD-INF]: ID=253583915584114124(Topic:totem of claw and fang)
  bloodmoon.esm------------>|DATA|ONAM:korst wind-eye|NAME:You have found the Totem! This is good news. Please, take this as a token of my thanks. I hope that your efforts have not left you too drained, as there is still much to be done. For your efforts, I will share with you some knowledge. The Skaal have the ability to summon wolves to fight by our sides. You, too, now possess this ability. The Ristaag must now be performed.|SCVR:04JX0BM_Ceremony1|INTV|SCVR:15IX2Misc_BM_ClawFang_UNIQ|UEIN:|BNAM:Player->RemoveItem Misc_BM_ClawFang_UNIQUE 1  Player->AddSpell BM_summonwolf  Journal BM_Ceremony1 100
  Reputation_Fixes_All.ESP->|DATA|ONAM:korst wind-eye|NAME:You have found the Totem! This is good news. Please, take this as a token of my thanks. I hope that your efforts have not left you too drained, as there is still much to be done. For your efforts, I will share with you some knowledge. The Skaal have the ability to summon wolves to fight by our sides. You, too, now possess this ability. The Ristaag must now be performed.|SCVR:04JX0BM_Ceremony1|INTV|SCVR:15IX2Misc_BM_ClawFang_UNIQ|UEIN:|BNAM:Player->RemoveItem Misc_BM_ClawFang_UNIQUE 1  Player->AddSpell BM_summonwolf  player->modReputation 1  Journal BM_Ceremony1 100

[MOD-INF]: ID=264121051861631065(Topic:verethi gang)
  morrowind.esm------------>|DATA|ONAM:eydis fire-eye|NAME:If you already killed Dovres Verethi, then I guess I ought to go ahead and pay you the 1000 septims.|SCVR:34JX0FG_VerethiGang|INTV:|SCVR:56DX3Dovres Verethi|INTV|BNAM:Journal FG_VerethiGang 100  ModPCFacRep 10 "Fighters Guild"  ModDisposition 20  Player->AddItem Gold_001 1000
  Reputation_Fixes_All.ESP->|DATA|ONAM:eydis fire-eye|NAME:If you already killed Dovres Verethi, then I guess I ought to go ahead and pay you the 1000 septims.|SCVR:34JX0FG_VerethiGang|INTV:|SCVR:56DX3Dovres Verethi|INTV|BNAM:Journal FG_VerethiGang 100  ModPCFacRep 10 "Fighters Guild"  ModDisposition 20  player->modReputation 1  Player->AddItem Gold_001 1000

[MOD-INF]: ID=266821685363619849(Topic:honthjolf)
  morrowind.esm------------>|DATA|ONAM:Frald the White|NAME:So Honthjolf is dead. It is always sad when someone betrays the Legions, but we cannot allow such traitors to live.|SCVR:06DX3honthjolf|INTV|SCVR:34JX3IL_TraitorWarrior|INTV: |BNAM:Journal IL_TraitorWarrior 100  ModPCFacRep 5 "Imperial Legion"  ModDisposition 10
  Reputation_Fixes_All.ESP->|DATA|ONAM:Frald the White|NAME:So Honthjolf is dead. It is always sad when someone betrays the Legions, but we cannot allow such traitors to live.|SCVR:06DX3honthjolf|INTV|SCVR:34JX3IL_TraitorWarrior|INTV: |BNAM:Journal IL_TraitorWarrior 100  ModPCFacRep 5 "Imperial Legion"  player->modReputation 1  ModDisposition 10

[MOD-INF]: ID=275344075627317805(Topic:dandsa)
  morrowind.esm------------>|DATA|ONAM:radd hard-heart|DNAM:Imperial Legion|NAME:You rescued Dandsa? I'm glad to hear it, %PCName.|SCVR:34JX3IL_Damsel|INTV:F|BNAM:Journal IL_Damsel 100  ModPCFacRep 5 "Imperial Legion"  ModDisposition 10  "Dandsa"->Disable
  Reputation_Fixes_All.ESP->|DATA|ONAM:radd hard-heart|DNAM:Imperial Legion|NAME:You rescued Dandsa? I'm glad to hear it, %PCName.|SCVR:34JX3IL_Damsel|INTV:F|BNAM:Journal IL_Damsel 100  ModPCFacRep 5 "Imperial Legion"  ModDisposition 10  player->modReputation 1  "Dandsa"->Disable

[MOD-INF]: ID=313774185293056124(Topic:aesliip)
  bloodmoon.esm------------>|DATA|ONAM:korst wind-eye|NAME:The creature is defeated, and from what you say, there was more to be found in those caves. You have done well, %PCName. Return now to the Skaal village. I will meet you there in a while. There are matters I must attend to.|SCVR:04JX3BM_Draugr|INTV:U|SCVR:12sX0AeslipTalk|INTV:|BNAM:Journal BM_Draugr 100  "Tharsten Heart-Fang"->PositionCell -35 -473 -248 0 "Skaal Village, The Greathall"
  Reputation_Fixes_All.ESP->|DATA|ONAM:korst wind-eye|NAME:The creature is defeated, and from what you say, there was more to be found in those caves. You have done well, %PCName. Return now to the Skaal village. I will meet you there in a while. There are matters I must attend to.|SCVR:04JX3BM_Draugr|INTV:U|SCVR:12sX0AeslipTalk|INTV:|BNAM:Journal BM_Draugr 100  player->modReputation 1  "Tharsten Heart-Fang"->PositionCell -35 -473 -248 0 "Skaal Village, The Greathall"

[MOD-INF]: ID=402925034215549759(Topic:ristaag)
  bloodmoon.esm------------>|DATA|ONAM:korst wind-eye|NAME:You have the heart! You have done well, as the Skaal have come to expect of you. Your efforts are not unappreciated. Allow me to teach you more of the Skaal magic. The ritual I teach you now will allow you to summon a bear to your side to aid you in battle. You have earned this, Blodskaal. Now, I fear we must speak more of the ominous signs that have appeared on the island.|SCVR:04JX3BM_BearHunt1|INTV:K|SCVR:14JX5BM_BearHunt1|INTV:P|SCVR:25IX2BM_bearheart_UNIQ|UEIN:|BNAM:Player->removeitem bm_bearheart_unique 1  Player->addspell bm_summonbear  Journal BM_BearHunt1 100
  Reputation_Fixes_All.ESP->|DATA|ONAM:korst wind-eye|NAME:You have the heart! You have done well, as the Skaal have come to expect of you. Your efforts are not unappreciated. Allow me to teach you more of the Skaal magic. The ritual I teach you now will allow you to summon a bear to your side to aid you in battle. You have earned this, Blodskaal. Now, I fear we must speak more of the ominous signs that have appeared on the island.|SCVR:04JX3BM_BearHunt1|INTV:K|SCVR:14JX5BM_BearHunt1|INTV:P|SCVR:25IX2BM_bearheart_UNIQ|UEIN:|BNAM:Player->removeitem bm_bearheart_unique 1  Player->addspell bm_summonbear  player->modReputation 1  Journal BM_BearHunt1 100

[MOD-INF]: ID=454520132840124526(Topic:ienith)
  morrowind.esm------------>|DATA|ONAM:stacey|DNAM:Thieves Guild|NAME:So Navil and Ranes Ienith are dead. Good work, %PCName. Their deaths, along with the improved defenses at our Guild halls, will keep the Camonna Tong off our backs, but the Fighters Guild is still a problem. Oh, and I found a ring you might like.|SCVR:06DX3Ranes Ienith|INTV|SCVR:16DX3Navil Ienith|INTV|BNAM:Journal TG_KillIenith 100  Player->AddItem "Ring of Shadow Form" 1  ModPCFacRep 5 "Thieves Guild"  ModDisposition 10
  Reputation_Fixes_All.ESP->|DATA|ONAM:stacey|DNAM:Thieves Guild|NAME:So Navil and Ranes Ienith are dead. Good work, %PCName. Their deaths, along with the improved defenses at our Guild halls, will keep the Camonna Tong off our backs, but the Fighters Guild is still a problem. Oh, and I found a ring you might like.|SCVR:06DX3Ranes Ienith|INTV|SCVR:16DX3Navil Ienith|INTV|BNAM:Journal TG_KillIenith 100  Player->AddItem "Ring of Shadow Form" 1  ModPCFacRep 5 "Thieves Guild"  player->modReputation 1  ModDisposition 10

[MOD-INF]: ID=487528561775030244(Topic:goblin army)
  tribunal.esm------------->|DATA|ONAM:fedris hler|NAME:You've killed the warchiefs and their Altmer trainers? And you live to tell the tale...interesting. And surprising. Perhaps I've underestimated you, %PCName. Rest assured, it won't happen again. Take this as a token of our Lady's appreciation. Well done.|SCVR:04JX3TR_KillGoblins|INTV:2|SCVR:16DX3armion|INTV|SCVR:26DX3yarnar|INTV|SCVR:34JX4TR_KillGoblins|INTV:d|SCVR:46DX2goblin_warchief1|INTV:|SCVR:56DX2goblin_warchief2|INTV:|BNAM:Player->AddItem gold_001 15000  Journal TR_KillGoblins 100
  Reputation_Fixes_All.ESP->|DATA|ONAM:fedris hler|NAME:You've killed the warchiefs and their Altmer trainers? And you live to tell the tale...interesting. And surprising. Perhaps I've underestimated you, %PCName. Rest assured, it won't happen again. Take this as a token of our Lady's appreciation. Well done.|SCVR:04JX3TR_KillGoblins|INTV:2|SCVR:16DX3armion|INTV|SCVR:26DX3yarnar|INTV|SCVR:34JX4TR_KillGoblins|INTV:d|SCVR:46DX2goblin_warchief1|INTV:|SCVR:56DX2goblin_warchief2|INTV:|BNAM:Player->AddItem gold_001 15000  player->modReputation 2  Journal TR_KillGoblins 100

[MOD-INF]: ID=499418722108683701(Topic:goblin army)
  tribunal.esm------------->|DATA|ONAM:fedris hler|NAME:You've gotten rid of the goblin warchiefs? Excellent. I'm certain the army itself will scatter over the next few weeks. Our Lady will be pleased. A shame you weren't able to find the Altmer training them, but what can one expect from such as you.... Still, the Lady would wish for you to be rewarded. Take this.|SCVR:04JX3TR_KillGoblins|INTV:2|SCVR:14JX4TR_KillGoblins|INTV:d|BNAM:Player->AddItem gold_001 5000  Journal TR_KillGoblins 100
  Reputation_Fixes_All.ESP->|DATA|ONAM:fedris hler|NAME:You've gotten rid of the goblin warchiefs? Excellent. I'm certain the army itself will scatter over the next few weeks. Our Lady will be pleased. A shame you weren't able to find the Altmer training them, but what can one expect from such as you.... Still, the Lady would wish for you to be rewarded. Take this.|SCVR:04JX3TR_KillGoblins|INTV:2|SCVR:14JX4TR_KillGoblins|INTV:d|BNAM:Player->AddItem gold_001 5000  player->modReputation 1  Journal TR_KillGoblins 100

[MOD-INF]: ID=679917671276097269(Topic:rufinus alleius)
  morrowind.esm------------>|DATA|ONAM:lorbumol gro-aglakh|NAME:Good work. I hope the guards didn't give you any trouble. Here's the 1000 septims I owe you.|SCVR:56DX3Rufinus Alleius|INTV|BNAM:Journal FG_SilenceMagistrate 100  ModPCFacRep 10 "Fighters Guild"  ModDisposition 20  Player->AddItem Gold_001 1000
  Reputation_Fixes_All.ESP->|DATA|ONAM:lorbumol gro-aglakh|NAME:Good work. I hope the guards didn't give you any trouble. Here's the 1000 septims I owe you.|SCVR:04JX3FG_SilenceTaxgirl|INTV:d|SCVR:56DX3Rufinus Alleius|INTV|BNAM:Journal FG_SilenceMagistrate 100  ModPCFacRep 10 "Fighters Guild"  ModDisposition 20  player->modReputation 1  Player->AddItem Gold_001 1000

[MOD-INF]: ID=878817419318133681(Topic:slander)
  morrowind.esm------------>|DATA|ONAM:Frald the White|NAME:You've already killed Suryn Athones? How did you get involved with him? No, nevermind, clearly it's not important. Suryn has been silenced and that is that.|SCVR:06DX3suryn athones|INTV|SCVR:34JX0IL_FalseOrdinator|INTV:|BNAM:Journal IL_FalseOrdinator 100  ModPCFacRep 5 "Imperial Legion"  ModDisposition 10
  Reputation_Fixes_All.ESP->|DATA|ONAM:Frald the White|NAME:You've already killed Suryn Athones? How did you get involved with him? No, nevermind, clearly it's not important. Suryn has been silenced and that is that.|SCVR:06DX3suryn athones|INTV|SCVR:34JX0IL_FalseOrdinator|INTV:|SCVR:44JX3IL_TraitorWarrior|INTV:d|BNAM:Journal IL_FalseOrdinator 100  ModPCFacRep 5 "Imperial Legion"  player->modReputation 1  ModDisposition 10

[MOD-INF]: ID=992166221107817690(Topic:orcs at a daedric ruin)
  morrowind.esm------------>|DATA|ONAM:eydis fire-eye|NAME:If you already killed those Orcs, why did I get this contract? Well, rules are rules. Here's the 500 septims, your share of what the Duke paid.|SCVR:34JX0FG_AlofsFarm|INTV:|SCVR:56DX3burub gra-bamog|INTV|BNAM:Journal FG_AlofsFarm 100  ModPCFacRep 10 "Fighters Guild"  ModDisposition 10  Player->AddItem Gold_001 500
  Reputation_Fixes_All.ESP->|DATA|ONAM:eydis fire-eye|NAME:If you already killed those Orcs, why did I get this contract? Well, rules are rules. Here's the 500 septims, your share of what the Duke paid.|SCVR:34JX0FG_AlofsFarm|INTV:|SCVR:56DX3burub gra-bamog|INTV|BNAM:Journal FG_AlofsFarm 100  ModPCFacRep 10 "Fighters Guild"  ModDisposition 10  player->modReputation 1  Player->AddItem Gold_001 500

[MOD-INF]: ID=1054520043147619122(Topic:rels tenim)
  morrowind.esm------------>|DATA|ONAM:hrundi|NAME:I heard that Rels Tenim is dead. Good work, %PCName. Here's the 200 septims for the contract.|SCVR:56DX3rels tenim|INTV|BNAM:Journal FG_TenimBounty 100  Player->AddItem Gold_001 200  ModPCFacRep 5 "Fighters Guild"  ModDisposition 15
  Reputation_Fixes_All.ESP->|DATA|ONAM:hrundi|NAME:I heard that Rels Tenim is dead. Good work, %PCName. Here's the 200 septims for the contract.|SCVR:56DX3rels tenim|INTV|BNAM:Journal FG_TenimBounty 100  Player->AddItem Gold_001 200  ModPCFacRep 5 "Fighters Guild"  player->modReputation 1  ModDisposition 15

[MOD-INF]: ID=1315817146980114093(Topic:dura gra-bol)
  morrowind.esm------------>|DATA|ONAM:eydis fire-eye|DNAM:Fighters Guild|NAME:I heard that Dura gra-Bol is dead. Here's your 250 septims.|SCVR:34JX3FG_OrcBounty|INTV: |SCVR:56DX3dura gra-bol|INTV|BNAM:Journal FG_OrcBounty 100  Player->AddItem Gold_001 250  ModPCFacRep 5 "Fighters Guild"  ModDisposition 10
  Reputation_Fixes_All.ESP->|DATA|ONAM:eydis fire-eye|DNAM:Fighters Guild|NAME:I heard that Dura gra-Bol is dead. Here's your 250 septims.|SCVR:34JX3FG_OrcBounty|INTV: |SCVR:56DX3dura gra-bol|INTV|BNAM:Journal FG_OrcBounty 100  Player->AddItem Gold_001 250  ModPCFacRep 5 "Fighters Guild"  player->modReputation 1  ModDisposition 10

[MOD-INF]: ID=1687916831263988386(Greeting:greeting 1)
  bloodmoon.esm------------>|DATA|ONAM:Constans Atrius|NAME:I, uhh.... I take it you have resolved your problems with Carnius? Well, that makes you the ranking official at the Raven Rock site. In, uhh, in that case, I'd be happy to forward along the appropriate paperwork and have you instated as the local Factor. I hope that's satisfactory, your factor-ness....|SCVR:04JX0CO_13a|INTV:2|BNAM:Journal CO_13a 60  PCRaiseRank "East Empire Company"  PCRaiseRank "East Empire Company"  PCRaiseRank "East Empire Company"  PCRaiseRank "East Empire Company"  PCRaiseRank "East Empire Company"  PCRaiseRank "East Empire Company"  PCRaiseRank "East Empire Company"  PCRaiseRank "East Empire Company"  PCRaiseRank "East Empire Company"  PCRaiseRank "East Empire Company"  set ColonyState to 23
  Reputation_Fixes_All.ESP->|DATA|ONAM:Constans Atrius|NAME:I, uhh.... I take it you have resolved your problems with Carnius? Well, that makes you the ranking official at the Raven Rock site. In, uhh, in that case, I'd be happy to forward along the appropriate paperwork and have you instated as the local Factor. I hope that's satisfactory, your factor-ness....|SCVR:04JX0CO_13a|INTV:(|SCVR:16DX2Carnius Magius|INTV:|BNAM:Journal CO_13a 60  player->modReputation 5  PCRaiseRank "East Empire Company"  PCRaiseRank "East Empire Company"  PCRaiseRank "East Empire Company"  PCRaiseRank "East Empire Company"  PCRaiseRank "East Empire Company"  PCRaiseRank "East Empire Company"  PCRaiseRank "East Empire Company"  PCRaiseRank "East Empire Company"  PCRaiseRank "East Empire Company"  PCRaiseRank "East Empire Company"  set ColonyState to 23

[MOD-INF]: ID=1787327048204436044(Topic:verdict is yours)
  bloodmoon.esm------------>|DATA|ONAM:tharsten heart-fang|NAME:Halfhand must be exiled permanently from the Skaal, or he must be fed to the ceremonial wolves. Which do you choose?|SCVR:04JX4BM_Trial|INTV:P|BNAM:Journal BM_Trial 80  Choice "I choose exile." 1 "Feed him to the wolves." 2
  Reputation_Fixes_All.ESP->|DATA|ONAM:tharsten heart-fang|NAME:Halfhand must be exiled permanently from the Skaal, or he must be fed to the ceremonial wolves. Which do you choose?|SCVR:04JX4BM_Trial|INTV:P|BNAM:Journal BM_Trial 80  player->modReputation 1  Choice "I choose exile." 1 "Feed him to the wolves." 2

[MOD-INF]: ID=1991218937946728143(Topic:bandits in suran)
  morrowind.esm------------>|DATA|DNAM:Fighters Guild|NAME:You have brought justice to Daldur Sarys and his bandits. House Hlaalu thanks you, %PCName. Here is the bounty money we agreed on.|SCVR:56DX3daldur sarys|INTV|BNAM:Journal FG_SuranBandits 100  ModPCFacRep 5 "Fighters Guild"  ModPCFacRep 5 "Hlaalu"  ModDisposition 20  Player->AddItem Gold_001 1000
  Reputation_Fixes_All.ESP->|DATA|DNAM:Fighters Guild|NAME:You have brought justice to Daldur Sarys and his bandits. House Hlaalu thanks you, %PCName. Here is the bounty money we agreed on.|SCVR:56DX3daldur sarys|INTV|BNAM:Journal FG_SuranBandits 100  ModPCFacRep 5 "Fighters Guild"  ModPCFacRep 5 "Hlaalu"  player->modReputation 1  ModDisposition 20  Player->AddItem Gold_001 1000

[MOD-INF]: ID=2205032328325941687(Topic:ienith)
  morrowind.esm------------>|DATA|ONAM:stacey|DNAM:Thieves Guild|NAME:You've already killed Navil and Ranes Ienith? Good work, %PCName. Their deaths, along with the improved defenses at our Guild halls, will keep the Camonna Tong off our backs, but the Fighters Guild is still a problem. Oh, and I found a ring you might like.|SCVR:06DX3Ranes Ienith|INTV|SCVR:16DX3Navil Ienith|INTV|SCVR:34JX0TG_KillIenith|INTV:|BNAM:Journal TG_KillIenith 100  Player->AddItem "Ring of Shadow Form" 1  ModPCFacRep 5 "Thieves Guild"  ModDisposition 10
  Reputation_Fixes_All.ESP->|DATA|ONAM:stacey|DNAM:Thieves Guild|NAME:You've already killed Navil and Ranes Ienith? Good work, %PCName. Their deaths, along with the improved defenses at our Guild halls, will keep the Camonna Tong off our backs, but the Fighters Guild is still a problem. Oh, and I found a ring you might like.|SCVR:06DX3Ranes Ienith|INTV|SCVR:16DX3Navil Ienith|INTV|SCVR:34JX0TG_KillIenith|INTV:|BNAM:Journal TG_KillIenith 100  Player->AddItem "Ring of Shadow Form" 1  ModPCFacRep 5 "Thieves Guild"  player->modReputation 1  ModDisposition 10

[MOD-INF]: ID=2412610774113751494(Topic:goblin army)
  tribunal.esm------------->|DATA|ONAM:fedris hler|NAME:The warchiefs dead, along with one of the Altmer trainers. Not bad work...for you. Shame you didn't get the other one. It shows a bit of mettle, I suppose. The Lady will be pleased. Take this, and her gratitude.|SCVR:04JX3TR_KillGoblins|INTV:2|SCVR:16DX3armion|INTV|SCVR:24JX4TR_KillGoblins|INTV:d|BNAM:Player->AddItem gold_001 10000  Journal TR_KillGoblins 100
  Reputation_Fixes_All.ESP->|DATA|ONAM:fedris hler|NAME:The warchiefs dead, along with one of the Altmer trainers. Not bad work...for you. Shame you didn't get the other one. It shows a bit of mettle, I suppose. The Lady will be pleased. Take this, and her gratitude.|SCVR:04JX3TR_KillGoblins|INTV:2|SCVR:16DX3armion|INTV|SCVR:24JX4TR_KillGoblins|INTV:d|BNAM:Player->AddItem gold_001 10000  player->modReputation 1  Journal TR_KillGoblins 100

[MOD-INF]: ID=2601311142807014922(Topic:sjoring hard-heart)
  morrowind.esm------------>|DATA|ONAM:persius mercius|DNAM:Fighters Guild|NAME:You have saved the Fighters Guild from Sjoring Hard-Heart and his allies in the Camonna Tong. As I promised, I am naming you the new Guildmaster. Congratulations, Master %PCName.|SCVR:34JX3FG_KillHardHeart|INTV: |SCVR:56DX3sjoring hard-heart|INTV|BNAM:Journal FG_KillHardHeart 100  PCRaiseRank  PCRaiseRank  ModDisposition 25
  Reputation_Fixes_All.ESP->|DATA|ONAM:persius mercius|DNAM:Fighters Guild|NAME:You have saved the Fighters Guild from Sjoring Hard-Heart and his allies in the Camonna Tong. As I promised, I am naming you the new Guildmaster. Congratulations, Master %PCName.|SCVR:34JX3FG_KillHardHeart|INTV: |SCVR:56DX3sjoring hard-heart|INTV|BNAM:Journal FG_KillHardHeart 100  PCRaiseRank  PCRaiseRank  if ( necroSjoringRep == 0 )      set necroSjoringRep to 1      player->modReputation 3  endif  ModDisposition 25

[MOD-INF]: ID=2915623406106918097(Topic:ragash gra-shuzgub)
  morrowind.esm------------>|DATA|ONAM:general darius|NAME:Excellent! Good to hear you were able to get her out of there.|SCVR:34JX3IL_RescueRagash|INTV:F|BNAM:Journal IL_RescueRagash 100  ModPCFacRep 5 "Imperial Legion"  ModDisposition 10  "ragash gra-shuzgub"->Disable
  Reputation_Fixes_All.ESP->|DATA|ONAM:general darius|NAME:Excellent! Good to hear you were able to get her out of there.|SCVR:34JX3IL_RescueRagash|INTV:F|BNAM:Journal IL_RescueRagash 100  ModPCFacRep 5 "Imperial Legion"  ModDisposition 10  player->modReputation 1  "ragash gra-shuzgub"->Disable

[MOD-INF]: ID=6254295691298930079(Topic:engaer)
  morrowind.esm------------>|DATA|ONAM:hrundi|DNAM:Fighters Guild|NAME:You already killed Engaer? I'm impressed, %PCName. Here's the 1000 septims for the bounty.|SCVR:34JX0FG_EngaerBounty|INTV:|SCVR:56DX3engaer|INTV|BNAM:Journal FG_EngaerBounty 100  ModPCFacRep 5 "Fighters Guild"  ModDisposition 10  Player->AddItem Gold_001 1000
  Reputation_Fixes_All.ESP->|DATA|ONAM:hrundi|DNAM:Fighters Guild|NAME:You already killed Engaer? I'm impressed, %PCName. Here's the 1000 septims for the bounty.|SCVR:34JX0FG_EngaerBounty|INTV:|SCVR:56DX3engaer|INTV|BNAM:Journal FG_EngaerBounty 100  ModPCFacRep 5 "Fighters Guild"  ModDisposition 10  player->modReputation 1  Player->AddItem Gold_001 1000

[MOD-INF]: ID=7150243313051313661(Topic:assassin would attack)
  tribunal.esm------------->|DATA|ONAM:meryn othralas|NAME:Ah, yes, well, I do intend to pay you in full. Let's see, during the play I didn't count a single mistake. Very impressive, %PCName, but your acting skills could definitely use some improvement  Here, take this gold and this amulet that will improve your acting abilities whenever you need it. Thank you again, and I hope you can forgive us.|SCVR:01500|INTV|SCVR:13fX0missCounter|FLTV:|BNAM:Journal "MS_Performers" 120  player->AddItem "Gold_001" 2000  player->AddItem "amulet of verbosity" 1
  Reputation_Fixes_All.ESP->|DATA|ONAM:meryn othralas|NAME:Ah, yes, well, I do intend to pay you in full. Let's see, during the play I didn't count a single mistake. Very impressive, %PCName, but your acting skills could definitely use some improvement. Here, take this gold and this amulet that will improve your acting abilities whenever you need it. Thank you again, and I hope you can forgive us.|SCVR:01500|INTV|SCVR:13fX0missCounter|FLTV:|BNAM:Journal "MS_Performers" 120  player->modReputation 1  player->AddItem "Gold_001" 2000  player->AddItem "amulet of verbosity" 1

[MOD-INF]: ID=9413209982831614458(Topic:evidence of conspiracy)
  tribunal.esm------------->|DATA|ONAM:Tienius Delitian|NAME:You say you've ALREADY executed Forven Berano, Hloggar the Bloody, and Bedal Alen? Hmm. Well. Remarkable how you have anticipated our needs. Well, then..... Congratulations are in order. It is customary to pay the executioner for his services. Here are 3000 gold pieces, with our thanks. And now I'd like your help finding the anonymous writer of 'The Common Tongue'.|SCVR:04JX3TR08_Hlaalu|INTV:F|SCVR:16DX3Bedal Alen|INTV|SCVR:26DX3Hloggar the Bloody|INTV|SCVR:36DX3Forven Berano|INTV|BNAM:Journal TR08_Hlaalu 170  player->additem gold_001 3000
  Reputation_Fixes_All.ESP->|DATA|ONAM:Tienius Delitian|NAME:You say you've ALREADY executed Forven Berano, Hloggar the Bloody, and Bedal Alen? Hmm. Well. Remarkable how you have anticipated our needs. Well, then..... Congratulations are in order. It is customary to pay the executioner for his services. Here are 3000 gold pieces, with our thanks. And now I'd like your help finding the anonymous writer of 'The Common Tongue'.|SCVR:04JX3TR08_Hlaalu|INTV:F|SCVR:16DX3Bedal Alen|INTV|SCVR:26DX3Hloggar the Bloody|INTV|SCVR:36DX3Forven Berano|INTV|BNAM:Journal TR08_Hlaalu 170  player->modReputation 1  player->additem gold_001 3000

[MOD-INF]: ID=10284321213265728830(Topic:rels tenim)
  morrowind.esm------------>|DATA|ONAM:hrundi|NAME:Well, if you've already dealt with Rels Tenim, you certainly deserve the 200 septims.|SCVR:34JX0FG_TenimBounty|INTV:|SCVR:56DX3rels tenim|INTV|BNAM:Journal FG_TenimBounty 100  Player->AddItem Gold_001 200  ModPCFacRep 5 "Fighters Guild"  ModDisposition 15
  Reputation_Fixes_All.ESP->|DATA|ONAM:hrundi|NAME:Well, if you've already dealt with Rels Tenim, you certainly deserve the 200 septims.|SCVR:34JX0FG_TenimBounty|INTV:|SCVR:56DX3rels tenim|INTV|BNAM:Journal FG_TenimBounty 100  Player->AddItem Gold_001 200  ModPCFacRep 5 "Fighters Guild"  player->modReputation 1  ModDisposition 15

[MOD-INF]: ID=12089231192216013739(Topic:protect barenziah)
  tribunal.esm------------->|DATA|ONAM:King Hlaalu Helseth|NAME:You were able to hold off the assassins. Interesting. Perhaps the threat was not as great as it seemed. We commend you. Take this as a show of our appreciation. We are impressed with your efforts so far. When you are ready, speak to me about further service to your king.|SCVR:04JX0TR_Assassins|INTV:Z|BNAM:Player->AddItem "Helseth's Collar" 1  Journal TR_Assassins 100
  Reputation_Fixes_All.ESP->|DATA|ONAM:King Hlaalu Helseth|NAME:You were able to hold off the assassins. Interesting. Perhaps the threat was not as great as it seemed. We commend you. Take this as a show of our appreciation. We are impressed with your efforts so far. When you are ready, speak to me about further service to your king.|SCVR:04JX0TR_Assassins|INTV:Z|BNAM:Player->AddItem "Helseth's Collar" 1  player->modReputation 3  Journal TR_Assassins 100

[MOD-INF]: ID=13256133222837523490(Topic:honthjolf)
  morrowind.esm------------>|DATA|ONAM:Frald the White|NAME:Have you already killed Honthjolf? The sooner the better, I suppose. You must have an adventurous spirit to travel to a place like Aharnabi on your own.|SCVR:06DX3honthjolf|INTV|SCVR:34JX0IL_TraitorWarrior|INTV:|BNAM:Journal IL_TraitorWarrior 100  ModPCFacRep 5 "Imperial Legion"  ModDisposition 10
  Reputation_Fixes_All.ESP->|DATA|ONAM:Frald the White|NAME:Have you already killed Honthjolf? The sooner the better, I suppose. You must have an adventurous spirit to travel to a place like Aharnabi on your own.|SCVR:06DX3honthjolf|INTV|SCVR:34JX0IL_TraitorWarrior|INTV:|BNAM:Journal IL_TraitorWarrior 100  ModPCFacRep 5 "Imperial Legion"  player->modReputation 1  ModDisposition 10

[MOD-INF]: ID=14707155682221223996(Topic:fight my champion)
  tribunal.esm------------->|DATA|ONAM:King Hlaalu Helseth|NAME:I'm impressed, %PCName. None have ever defeated Karrod in battle, and I certainly didn't expect you to be the first. You continue to surprise me. You have proven your worth to me, as well as your loyalty. Take this as a token of my faith in our friendship. It was my father's ceremonial dagger, and I place it now in your possession. Do not disgrace his memory, %PCName. Now, let us discuss my plans for you.|SCVR:04JX0TR_Champion|INTV:F|SCVR:12sX2KarrodBeaten|INTV:|BNAM:Player->AddItem "glass dagger_symmachus_unique" 1  RemoveItem "glass dagger_symmachus_unique" 1  StartScript HelsMoveScript  Journal TR_Champion 80
  Reputation_Fixes_All.ESP->|DATA|ONAM:King Hlaalu Helseth|NAME:I'm impressed, %PCName. None have ever defeated Karrod in battle, and I certainly didn't expect you to be the first. You continue to surprise me. You have proven your worth to me, as well as your loyalty. Take this as a token of my faith in our friendship. It was my father's ceremonial dagger, and I place it now in your possession. Do not disgrace his memory, %PCName. Now, let us discuss my plans for you.|SCVR:04JX0TR_Champion|INTV:F|SCVR:12sX2KarrodBeaten|INTV:|BNAM:Player->AddItem "glass dagger_symmachus_unique" 1  RemoveItem "glass dagger_symmachus_unique" 1  player->modReputation 1  StartScript HelsMoveScript  Journal TR_Champion 80

[MOD-INF]: ID=15865178062262113089(Topic:sarano tomb)
  morrowind.esm------------>|DATA|ONAM:eydis fire-eye|NAME:I am sure the Sarano family is grateful. In the meantime, here's some more tangible gratitude: 1000 septims.|SCVR:06DX3hunger_fghl|INTV|SCVR:14JX0FG_HungerLoose|INTV: |BNAM:Journal FG_HungerLoose 100  Player->AddItem Gold_001 1000  ModPCFacRep 10 "Fighters Guild"  ModDisposition 10
  Reputation_Fixes_All.ESP->|DATA|ONAM:eydis fire-eye|NAME:I am sure the Sarano family is grateful. In the meantime, here's some more tangible gratitude: 1000 septims.|SCVR:06DX3hunger_fghl|INTV|SCVR:14JX0FG_HungerLoose|INTV: |BNAM:Journal FG_HungerLoose 100  Player->AddItem Gold_001 1000  ModPCFacRep 10 "Fighters Guild"  player->modReputation 1  ModDisposition 10

[MOD-INF]: ID=17551309881956830497(Topic:orcs at a daedric ruin)
  morrowind.esm------------>|DATA|ONAM:eydis fire-eye|NAME:Alof says the Orcs are gone. Here's 500 septims for the Duke's contract.|SCVR:56DX3burub gra-bamog|INTV|BNAM:Journal FG_AlofsFarm 100  ModPCFacRep 10 "Fighters Guild"  ModDisposition 10  Player->AddItem Gold_001 500
  Reputation_Fixes_All.ESP->|DATA|ONAM:eydis fire-eye|NAME:Alof says the Orcs are gone. Here's 500 septims for the Duke's contract.|SCVR:56DX3burub gra-bamog|INTV|BNAM:Journal FG_AlofsFarm 100  ModPCFacRep 10 "Fighters Guild"  ModDisposition 10  player->modReputation 1  Player->AddItem Gold_001 500

[MOD-INF]: ID=18031287202092918345(Topic:joncis dalomax)
  morrowind.esm------------>|DATA|ONAM:imsin the dreamer|NAME:I am glad to hear that Joncis is safe. You have my gratitude, %PCName.|SCVR:34JX3IL_RescueKnight|INTV:2|BNAM:Journal IL_RescueKnight 100  ModPCFacRep 5 "Imperial Legion"  ModDisposition 15  "joncis dalomax"->disable
  Reputation_Fixes_All.ESP->|DATA|ONAM:imsin the dreamer|NAME:I am glad to hear that Joncis is safe. You have my gratitude, %PCName.|SCVR:34JX3IL_RescueKnight|INTV:2|BNAM:Journal IL_RescueKnight 100  ModPCFacRep 5 "Imperial Legion"  ModDisposition 15  player->modReputation 1  "joncis dalomax"->disable

[MOD-INF]: ID=18291215111498823645(Topic:attack on the imperial fort)
  bloodmoon.esm------------>|DATA|ONAM:tharsten heart-fang|NAME:Those soldiers...pfah! They cut their trees and dig their holes, and have little to show after a day's toil. They do not respect this land or its creatures, and for that, I find them offensive. But, though I have no love for them, the Skaal would never do such a thing. We prefer to let the Imperials kill themselves slowly. But these creatures that attacked...these were not wolves of this island. Now, have you finished your business here?|SCVR:04JX0BM_CariusGone|INTV|BNAM:Journal BM_CariusGone 100
  Reputation_Fixes_All.ESP->|DATA|ONAM:tharsten heart-fang|NAME:Those soldiers...pfah! They cut their trees and dig their holes, and have little to show after a day's toil. They do not respect this land or its creatures, and for that, I find them offensive. But, though I have no love for them, the Skaal would never do such a thing. We prefer to let the Imperials kill themselves slowly. But these creatures that attacked...these were not wolves of this island. Now, have you finished your business here?|SCVR:04JX0BM_CariusGone|INTV|BNAM:Journal BM_CariusGone 100  player->modReputation 2

[MOD-INF]: ID=18533321852598013334(Topic:chrysamere)
  morrowind.esm------------>|DATA|ONAM:Varus Vatinius|NAME:Well done, %PCName. I applaud you. For what you have accomplished, I will make you a %NextPCRank.|SCVR:01500|INTV|BNAM:Journal "IL_KnightShield" 100  PCRaiseRank "Imperial Legion"  AddItem "claymore_chrysamere_unique" 1  Player->RemoveItem "claymore_chrysamere_unique" 1
  Reputation_Fixes_All.ESP->|DATA|ONAM:Varus Vatinius|NAME:Well done, %PCName. I applaud you. For what you have accomplished, I will make you a %NextPCRank.|SCVR:01500|INTV|BNAM:Journal "IL_KnightShield" 100  PCRaiseRank "Imperial Legion"  player->modReputation 2  AddItem "claymore_chrysamere_unique" 1  Player->RemoveItem "claymore_chrysamere_unique" 1

[MOD-INF]: ID=20380242501853911216(Topic:nerer beneran)
  morrowind.esm------------>|DATA|ONAM:persius mercius|DNAM:Fighters Guild|NAME:Well, if you've already brought Nerer Beneran to justice, %PCName, you have my gratitude and the gratitude of House Redoran. Here's your share of the Bounty.|SCVR:34JX0FG_BeneranBounty|INTV:|SCVR:56DX3nerer beneran|INTV|BNAM:ModPCFacRep 5 "Fighters Guild"  ModPCFacRep 5 "Redoran"  ModDisposition 10  Player->AddItem Gold_001 500  Journal FG_BeneranBounty 100
  Reputation_Fixes_All.ESP->|DATA|ONAM:persius mercius|DNAM:Fighters Guild|NAME:Well, if you've already brought Nerer Beneran to justice, %PCName, you have my gratitude and the gratitude of House Redoran. Here's your share of the Bounty.|SCVR:34JX0FG_BeneranBounty|INTV:|SCVR:56DX3nerer beneran|INTV|BNAM:ModPCFacRep 5 "Fighters Guild"  ModPCFacRep 5 "Redoran"  ModDisposition 10  player->modReputation 1  Player->AddItem Gold_001 500  Journal FG_BeneranBounty 100

[MOD-INF]: ID=20800164032569316370(Topic:pyroil tar)
  tribunal.esm------------->|DATA|ONAM:dwarven ghost_radac|NAME:Ah...that's the stuff. Here, I'll do this. There. There's your sword. Not a bad looking blade, actually. Good luck to you, youngster. Now leave this old dwarf alone. Go!|SCVR:05IX2pyroil_tar_unique|INTV:|SCVR:15IX2nerevarblade_01|INTV:|SCVR:24JX4TR_Blade|INTV:P|BNAM:Player->RemoveItem nerevarblade_01 1  Player->RemoveItem pyroil_tar_unique 1  Player->AddItem nerevarblade_01_flame 1  Journal TR_Blade 80
  Reputation_Fixes_All.ESP->|DATA|ONAM:dwarven ghost_radac|NAME:Ah...that's the stuff. Here, I'll do this. There. There's your sword. Not a bad looking blade, actually. Good luck to you, youngster. Now leave this old dwarf alone. Go!|SCVR:05IX2pyroil_tar_unique|INTV:|SCVR:15IX2nerevarblade_01|INTV:|SCVR:24JX4TR_Blade|INTV:P|BNAM:Player->RemoveItem nerevarblade_01 1  Player->RemoveItem pyroil_tar_unique 1  Player->AddItem nerevarblade_01_flame 1  player->modReputation 3  Journal TR_Blade 80

[MOD-INF]: ID=22942152382747617324(Topic:evidence of conspiracy)
  tribunal.esm------------->|DATA|ONAM:Tienius Delitian|NAME:You've executed Forven Berano, Hloggar the Bloody, and Bedal Alen? Congratulations. It is customary to pay the executioner for his services. Here are 3000 gold pieces, with our thanks. And now I'd like your help finding the anonymous writer of 'The Common Tongue'.|SCVR:04JX3TR08_Hlaalu|INTV:F|SCVR:14JX3TR08_Hlaalu_Hloggar_|AINT|SCVR:24JX3TR08_Hlaalu_Alen_|AINT|SCVR:34JX3TR08_Hlaalu_Berano_|AINT|BNAM:Journal TR08_Hlaalu 170  player->additem gold_001 3000
  Reputation_Fixes_All.ESP->|DATA|ONAM:Tienius Delitian|NAME:You've executed Forven Berano, Hloggar the Bloody, and Bedal Alen? Congratulations. It is customary to pay the executioner for his services. Here are 3000 gold pieces, with our thanks. And now I'd like your help finding the anonymous writer of 'The Common Tongue'.|SCVR:04JX3TR08_Hlaalu|INTV:F|SCVR:14JX3TR08_Hlaalu_Hloggar_|AINT|SCVR:24JX3TR08_Hlaalu_Alen_|AINT|SCVR:34JX3TR08_Hlaalu_Berano_|AINT|BNAM:Journal TR08_Hlaalu 170  player->modReputation 1  player->additem gold_001 3000

[MOD-INF]: ID=24802279512844221153(Topic:nads tharen)
  morrowind.esm------------>|DATA|ONAM:stacey|NAME:Yes, this is the right key. This buys us some time in our war with the Camonna Tong. I'm glad you killed Arvama Rathri. She was probably working for the Camonna Tong. Here's a little something for you.|SCVR:01500|INTV|SCVR:16DX0arvama rathri|INTV|BNAM:Journal TG_BrotherThief 110  Player->RemoveItem key_tgbt 1  "stacey"->AddItem key_tgbt 1  Player->AddItem Gold_001 1000  ModPCFacRep 5 "Thieves Guild"  ModDisposition 15
  Reputation_Fixes_All.ESP->|DATA|ONAM:stacey|NAME:Yes, this is the right key. This buys us some time in our war with the Camonna Tong. I'm glad you killed Arvama Rathri. She was probably working for the Camonna Tong. Here's a little something for you.|SCVR:01500|INTV|SCVR:16DX0arvama rathri|INTV|BNAM:Journal TG_BrotherThief 110  Player->RemoveItem key_tgbt 1  "stacey"->AddItem key_tgbt 1  player->modReputation 1  Player->AddItem Gold_001 1000  ModPCFacRep 5 "Thieves Guild"  ModDisposition 15

[MOD-INF]: ID=27281154712155116942(Topic:dura gra-bol)
  morrowind.esm------------>|DATA|ONAM:eydis fire-eye|NAME:You already killed Dura gra-Bol? Well, then, these 250 septims are yours.|SCVR:34JX0FG_OrcBounty|INTV:|SCVR:56DX3dura gra-bol|INTV|BNAM:Journal FG_OrcBounty 100  Player->AddItem Gold_001 250  ModPCFacRep 5 "Fighters Guild"  ModDisposition 10
  Reputation_Fixes_All.ESP->|DATA|ONAM:eydis fire-eye|NAME:You already killed Dura gra-Bol? Well, then, these 250 septims are yours.|SCVR:34JX0FG_OrcBounty|INTV:|SCVR:56DX3dura gra-bol|INTV|BNAM:Journal FG_OrcBounty 100  Player->AddItem Gold_001 250  ModPCFacRep 5 "Fighters Guild"  player->modReputation 1  ModDisposition 10

[MOD-INF]: ID=28039319222421214231(Topic:jocien ancois)
  morrowind.esm------------>|DATA|ONAM:radd hard-heart|NAME:You rescued Jocien? Good. Now he can continue his good works here in Vvardenfell.|SCVR:34JX3IL_RescueHermit|INTV:2|BNAM:"Jocien Ancois"->disable  Journal IL_RescueHermit 100  ModPCFacRep 5 "Imperial Legion"  ModDisposition 10
  Reputation_Fixes_All.ESP->|DATA|ONAM:radd hard-heart|NAME:You rescued Jocien? Good. Now he can continue his good works here in Vvardenfell.|SCVR:34JX3IL_RescueHermit|INTV:2|BNAM:"Jocien Ancois"->disable  Journal IL_RescueHermit 100  ModPCFacRep 5 "Imperial Legion"  player->modReputation 1  ModDisposition 10

[MOD-INF]: ID=30204235622024525152(Topic:sjoring hard-heart)
  morrowind.esm------------>|DATA|ONAM:stacey|DNAM:Thieves Guild|NAME:You already killed Sjoring, too, %PCName? Well, then. I guess that's settled. Sjoring Hard-Heart won't trouble our Guild again. Since you've saved the Thieves Guild here in Vvardenfell, I think you deserve this. It's the Skeleton Key--the most perfect tool ever created for lockpicking. I found when I lived in Hammerfell. Use it wisely. Now, I have new jobs for you to do.|SCVR:06DX3sjoring hard-heart|INTV|SCVR:34JX0TG_KillHardHeart|INTV:|BNAM:Journal TG_KillHardHeart 100  Player->AddItem Skeleton_key 1  ModPCFacRep 15 "Thieves Guild"  ModDisposition 15
  Reputation_Fixes_All.ESP->|DATA|ONAM:stacey|DNAM:Thieves Guild|NAME:You already killed Sjoring, too, %PCName? Well, then. I guess that's settled. Sjoring Hard-Heart won't trouble our Guild again. Since you've saved the Thieves Guild here in Vvardenfell, I think you deserve this. It's the Skeleton Key--the most perfect tool ever created for lockpicking. I found when I lived in Hammerfell. Use it wisely. Now, I have new jobs for you to do.|SCVR:06DX3sjoring hard-heart|INTV|SCVR:34JX0TG_KillHardHeart|INTV:|BNAM:Journal TG_KillHardHeart 100  Player->AddItem Skeleton_key 1  ModPCFacRep 15 "Thieves Guild"  player->modReputation 2  ModDisposition 15

[MOD-INF]: ID=32392142562214631127(Topic:the power of the skaal)
  bloodmoon.esm------------>|DATA|ONAM:tharsten heart-fang|NAME:You have completed the Ritual of the Gifts. I am impressed with your efforts, outlander. But there is more to be done. You have shown a certain loyalty to the Skaal, and it surprises me. Tradition dictates that you now hold this, the Mace of Aevar Stonesinger. This is a treasure of the Skaal that I do not relish giving to an outsider. Still, you have earned it. For now. Now it is time to prove your wisdom.|SCVR:04JX0BM_Stones|INTV:P|BNAM:player->AddItem BM_Mace_Aevar_UNI 1  Journal BM_Stones 100
  Reputation_Fixes_All.ESP->|DATA|ONAM:tharsten heart-fang|NAME:You have completed the Ritual of the Gifts. I am impressed with your efforts, outlander. But there is more to be done. You have shown a certain loyalty to the Skaal, and it surprises me. Tradition dictates that you now hold this, the Mace of Aevar Stone-Singer. This is a treasure of the Skaal that I do not relish giving to an outsider. Still, you have earned it. For now. Now it is time to prove your wisdom.|SCVR:04JX0BM_Stones|INTV:P|BNAM:player->AddItem BM_Mace_Aevar_UNI 1  player->modReputation 1  Journal BM_Stones 100

[MOD-INF]: ID=32709198381821212557(Topic:sorkvild the raven)
  morrowind.esm------------>|DATA|ONAM:radd hard-heart|NAME:Sorkvild the Raven is dead? Good work, %PCName.|SCVR:06DX3sorkvild the raven|INTV|SCVR:34JX3IL_Necromancer|INTV: |BNAM:Journal IL_Necromancer 100  ModPCFacRep 5 "Imperial Legion"  ModDisposition 10
  Reputation_Fixes_All.ESP->|DATA|ONAM:radd hard-heart|NAME:Sorkvild the Raven is dead? Good work, %PCName.|SCVR:06DX3sorkvild the raven|INTV|SCVR:34JX3IL_Necromancer|INTV: |BNAM:Journal IL_Necromancer 100  ModPCFacRep 5 "Imperial Legion"  player->modReputation 1  ModDisposition 10
