RMR_KogoruhnExp_patch (2).ESP: DUP-REC MASTERS MISSAUT MISSDSC MISSVER OVR-REC
    MASTERS: out of sync with the masters installed in your Data Files directory:
	OAAB_Data.esm                1157489 (plugin)    1567893 (installed size)
	Tamriel_Data.esm             8787443 (plugin)   11064795 (installed size)
    [OVR-REC] Overridden Records:
	From Master         Type    Name
	morrowind.esm       LAND    (-1, 12)
	morrowind.esm       LAND    (-1, 13)
	morrowind.esm       LAND    (0, 12)
	morrowind.esm       LAND    (0, 13)
	morrowind.esm       LAND    (1, 12)
	morrowind.esm       LAND    (1, 13)
	morrowind.esm       LTEX    al_ash_01
	morrowind.esm       LTEX    al_ash_02
	morrowind.esm       LTEX    al_ash_03
	morrowind.esm       LTEX    al_ash_04
	morrowind.esm       LTEX    al_road_01
	morrowind.esm       LTEX    ma_crackedearth
	morrowind.esm       LTEX    ma_lavaflow
	morrowind.esm       LTEX    ma_rock04
	morrowind.esm       LTEX    rm_rock_02
	tribunal.esm        LTEX    rm_grayrock
	tribunal.esm        LTEX    rm_rock_01
