RPGfun MagOver - TR Patch.ESP: AUTOSPL DUP-REC MASTERS MISSAUT MISSDSC MISSVER OVR-REC
    MASTERS: out of sync with the masters installed in your Data Files directory:
	Tamriel_Data.esm             7344508 (plugin)   11064795 (installed size)
	TR_Mainland.esm            110316644 (plugin)  163244128 (installed size)
    [AUTOSPL] Auto-calced Spells:
	t_cr_des_skyrenderpoison       Poison Sting
	t_com_mys_necromancerssoultrap Necromancer's Soul Trap
	t_nor_alt_windofkyne           Wind of Kyne
	t_nor_ilu_raveneye             Raven Eye
	t_nor_ilu_raveneyegreater      Greater Raven Eye
	t_nor_des_mountainwind         Mountain Wind
	t_nor_alt_tsunsward            Tsun's Ward
	t_nor_res_whisperhermamora     Whispers of Herma Mora
	t_nor_mys_jogvirssoultheft     Jogvir's Soul Theft
	t_nor_mys_jogvirsswordhand     Jogvir's Sword Hand
	t_nor_mys_extendedarm          Jogvir's Extended Arm
	t_nor_res_eagleeye             Eagle Eye
	t_nor_res_treefellersrage      Treefellers Rage
	t_nor_alt_harkinsgills         Harkin's Gills
	t_rea_mys_soulwither           Dhamcka's Soul-Withering
	t_rea_des_meatrot              Meat Rot
	t_rea_des_mindrot              Mind Rot
	t_rea_des_ironeater            Iron Eater
	t_rea_mys_soultheft            Nahgacra's Soul Thef
	t_rea_des_steeleater           Steel Eater
	t_rea_mys_marastouch           Mara's Touch
	t_rea_des_legbreaker           Kirhnarva's Leg-Breaker
	t_com_mys_daedrabloodlust      Bloodlust of Molag Bal
	t_com_alt_daedrafireeye        Fire Eye
	t_com_res_rejuvenator          Jucilian's Rejuvenator
	t_cr_alt_draugrlightnshield    Draugr Lightning Shield
	t_cr_des_ghostcurse            Ghost Curse
	t_cr_res_welkyndspheal         Healing
	t_com_mys_tag                  Tag
	t_de_mys_templesong            Temple Song
	t_com_ilu_blindfold            Blindfold
	t_com_cnj_bloodletter          Blood-letter
	t_com_cnj_foundation           Foundation
	t_com_cnj_fleshdremora         Flesh of the Dremora
	t_com_cnj_foolsgloves          Fool's Gloves
	t_com_cnj_razorsedge           Razor Edge
	t_com_alt_weightofguilt        Weight of Guilt
	t_com_ilu_serenenature         Serene Nature
	t_com_ilu_smokeandmirrors      Smoke and Mirrors
	t_com_ilu_alluringspeech       Alluring Speech
	t_com_cnj_callofthebeasts      Call of the Beasts
	t_com_cnj_assistance           Assistance
	t_de_res_generosity            Generosity
	t_com_res_pureblood            Pure Blood
	t_com_res_stillimage           Still Image
	t_com_ilu_monstrousvision      Monstrous Vision
	t_com_ilu_onthemove            On the Move
	t_com_mys_fuchonkeyfinder      Fuchon Cire's Keyfinder
	t_com_des_fracturearmor        Fracture Armor
	t_com_mys_reunrefine           Reunrefine
	t_com_des_duck                 Duck
	t_com_des_vampirestouch        Vampire's Touch
	t_com_des_rageofmagnus         Rage of Magnus
	t_com_alt_fling                Fling
	t_com_res_bloodbeat            Blood Beat
	t_com_res_impossibleeffort     Impossible Effort
	t_com_res_unearnedgenius       Unearned Genius
	t_com_ilu_shamefulcowardice    Shameful Cowardice
	t_com_alt_dalgorsentwining     Dalgor's Entwining
	t_com_ilu_orcseye              Orc's Eye
	t_com_ilu_livingstatue         Living Statue
	t_com_ilu_steadfast            Steadfast
	t_com_mys_distortedreflect     Distorted Reflection
	t_de_res_mercyunexpected       Mercy Unexpected
	t_com_ilu_falensjustice        Falen's Justice
	t_com_alt_fuchongentledescent  Fuchon Cire's Gentle Descent
	t_com_ilu_voices               Voices
	t_com_cnj_minionofmehrunes     Minion of Mehrunes
	t_com_cnj_bonesong             The Bone Song
	t_com_alt_dreughsgrace         Dreugh's Grace
	t_com_cnj_kievierspecternane   Kievier Sounien's Specternane
	t_com_alt_suicidedive          Suicide Dive
	t_com_des_fearoftheflame       Fear of the Flame
	t_com_des_terrorbaluokmir      Terror of Baluok-Mir
	t_cr_mys_lichgreatdreadcurse   Dread Curse of the Lich
	t_cr_des_parastylusvenom       Parastylus Venom
	t_de_res_sothasilsmastery      Sotha Sil's Mastery
	t_cr_des_dridreawebbloom       Mephala's Web Bloom
	t_cr_des_dridreapoison         Poison of Mephala
	t_de_res_restorefortitude      Restore Fortitude
	t_de_res_restoresorcery        Restore Sorcery
	t_de_res_restoreconstitution   Restore Constitution
	t_de_res_restorefinesse        Restore Finesse
	t_com_alt_falling1stbarrier    Falling First Barrier
	t_com_ilu_paralysis            Paralysis
	t_cr_goblin_evileye            Evil Eye
	t_cr_goblin_shamanscurse       Shaman's Curse
	t_cr_goblin_feeding            Feeding
	tr_ad_aldrane's ward           Aldrane's Ward
	tr_m1_q50_g03_rewspel          Velrines' Eye Maze
	tr_m1_q50_g03_angondef         Angon's Defender
	tr_m1_q50_g03_angonfire        Angon's Ball of Fire
	tr_m1_q50_g03_rewspela         Velrines' Long Jump
	tr_m1_q50_g03_angonweak        Angon's Ball of Frost
	tr_m1_frostshock               Frostshock
	tr_m1_sp_i2_naginsplode        Dagon's Wrath
	tr_m1_sp_i2_burden             Weight of Oblivion
	tr_m1_good_feather             Cliffracer Weightlessness
	tr_m1_q_mg4dispel              Dispel Other
	tr_m1_q_rr_5_reward            Mithras' Swift Restoral
	tr_m2_do_damagestrength        Damage strength
	tr_m2_do_damageluck            Damage luck
	tr_m2_immolatingtouch          Immolating Touch
	tr_m2_q_22_effects             Restoration
	t_de_des_necromordfire         Fiery Consolation
	tr_m3_oe_vaultshockspell       Dwemer Apparatus Shock
	tr_m3_oe_songfatigue           Road Most Travelled
	tr_m3_oe_ebontowerforgespell   Bellowing Forge
	tr_m3_il_urenim_spell          Weikal's Baleful Recall
    [OVR-REC] Overridden Records:
	From Master         Type    Name
	tamriel_data.esm    ENCH    t_once_ayldestroyed
	tamriel_data.esm    ENCH    t_once_burdentouch30-35
	tamriel_data.esm    ENCH    t_once_daecandles
	tamriel_data.esm    ENCH    t_once_damagehealthtouch4-8
	tamriel_data.esm    ENCH    t_once_damagehealthtouch7-12
	tamriel_data.esm    ENCH    t_once_deafeninghue
	tamriel_data.esm    ENCH    t_once_eighthbarrier
	tamriel_data.esm    ENCH    t_once_fallingbarrier
	tamriel_data.esm    ENCH    t_once_jhunalsintercession
	tamriel_data.esm    ENCH    t_once_seventhbarrier
	tamriel_data.esm    ENCH    t_once_tenthbarrier
	tamriel_data.esm    ENCH    t_once_tergansblaze
	tamriel_data.esm    ENCH    t_strike_askenhost
	tamriel_data.esm    ENCH    t_strike_augdolphin
	tamriel_data.esm    ENCH    t_strike_bloodletter
	tamriel_data.esm    ENCH    t_strike_bonesplitter
	tamriel_data.esm    ENCH    t_strike_drainhealthfatigrest
	tamriel_data.esm    ENCH    t_strike_drainmagckaltabsrbs
	tamriel_data.esm    ENCH    t_strike_dreadpoisonarea
	tamriel_data.esm    ENCH    t_strike_dreadsparksarea
	tamriel_data.esm    ENCH    t_strike_frostbitten
	tamriel_data.esm    ENCH    t_strike_goblinpoison
	tamriel_data.esm    ENCH    t_strike_harrier
	tamriel_data.esm    ENCH    t_strike_heartstinger
	tamriel_data.esm    ENCH    t_strike_mutualblinddrainlbl
	tamriel_data.esm    ENCH    t_strike_redhilted
	tamriel_data.esm    ENCH    t_strike_sanctnighteyedrdes
	tamriel_data.esm    ENCH    t_strike_witchwarrior
	tamriel_data.esm    ENCH    t_use_bileray
	tamriel_data.esm    ENCH    t_use_burdentouch
	tamriel_data.esm    ENCH    t_use_fallingfirstbarrier
	tamriel_data.esm    ENCH    t_use_fallingsecondbarrier
	tamriel_data.esm    ENCH    t_use_fruitfullends
	tamriel_data.esm    ENCH    t_use_horsehair
	tamriel_data.esm    ENCH    t_use_invigoratedflesh
	tamriel_data.esm    ENCH    t_use_invigoratedlungs
	tamriel_data.esm    ENCH    t_use_motherbones
	tamriel_data.esm    ENCH    t_use_poisonbeak
	tamriel_data.esm    ENCH    t_use_restorefinesse
	tamriel_data.esm    ENCH    t_use_restorefortitude
	tamriel_data.esm    ENCH    t_use_restoresorcery
	tamriel_data.esm    SPEL    t_com_alt_daedrafireeye
	tamriel_data.esm    SPEL    t_com_alt_dalgorsentwining
	tamriel_data.esm    SPEL    t_com_alt_dreughsgrace
	tamriel_data.esm    SPEL    t_com_alt_falling1stbarrier
	tamriel_data.esm    SPEL    t_com_alt_fling
	tamriel_data.esm    SPEL    t_com_alt_fuchongentledescent
	tamriel_data.esm    SPEL    t_com_alt_suicidedive
	tamriel_data.esm    SPEL    t_com_alt_weightofguilt
	tamriel_data.esm    SPEL    t_com_cnj_assistance
	tamriel_data.esm    SPEL    t_com_cnj_bloodletter
	tamriel_data.esm    SPEL    t_com_cnj_bonesong
	tamriel_data.esm    SPEL    t_com_cnj_callofthebeasts
	tamriel_data.esm    SPEL    t_com_cnj_fleshdremora
	tamriel_data.esm    SPEL    t_com_cnj_foolsgloves
	tamriel_data.esm    SPEL    t_com_cnj_foundation
	tamriel_data.esm    SPEL    t_com_cnj_kievierspecternane
	tamriel_data.esm    SPEL    t_com_cnj_minionofmehrunes
	tamriel_data.esm    SPEL    t_com_cnj_razorsedge
	tamriel_data.esm    SPEL    t_com_des_duck
	tamriel_data.esm    SPEL    t_com_des_fearoftheflame
	tamriel_data.esm    SPEL    t_com_des_fracturearmor
	tamriel_data.esm    SPEL    t_com_des_rageofmagnus
	tamriel_data.esm    SPEL    t_com_des_terrorbaluokmir
	tamriel_data.esm    SPEL    t_com_des_vampirestouch
	tamriel_data.esm    SPEL    t_com_ilu_alluringspeech
	tamriel_data.esm    SPEL    t_com_ilu_blindfold
	tamriel_data.esm    SPEL    t_com_ilu_falensjustice
	tamriel_data.esm    SPEL    t_com_ilu_livingstatue
	tamriel_data.esm    SPEL    t_com_ilu_monstrousvision
	tamriel_data.esm    SPEL    t_com_ilu_onthemove
	tamriel_data.esm    SPEL    t_com_ilu_orcseye
	tamriel_data.esm    SPEL    t_com_ilu_paralysis
	tamriel_data.esm    SPEL    t_com_ilu_serenenature
	tamriel_data.esm    SPEL    t_com_ilu_shamefulcowardice
	tamriel_data.esm    SPEL    t_com_ilu_smokeandmirrors
	tamriel_data.esm    SPEL    t_com_ilu_steadfast
	tamriel_data.esm    SPEL    t_com_ilu_voices
	tamriel_data.esm    SPEL    t_com_mys_daedrabloodlust
	tamriel_data.esm    SPEL    t_com_mys_distortedreflect
	tamriel_data.esm    SPEL    t_com_mys_fuchonkeyfinder
	tamriel_data.esm    SPEL    t_com_mys_necromancerssoultrap
	tamriel_data.esm    SPEL    t_com_mys_reunrefine
	tamriel_data.esm    SPEL    t_com_mys_tag
	tamriel_data.esm    SPEL    t_com_res_bloodbeat
	tamriel_data.esm    SPEL    t_com_res_impossibleeffort
	tamriel_data.esm    SPEL    t_com_res_pureblood
	tamriel_data.esm    SPEL    t_com_res_rejuvenator
	tamriel_data.esm    SPEL    t_com_res_stillimage
	tamriel_data.esm    SPEL    t_com_res_unearnedgenius
	tamriel_data.esm    SPEL    t_cr_alt_draugrlightnshield
	tamriel_data.esm    SPEL    t_cr_des_dridreapoison
	tamriel_data.esm    SPEL    t_cr_des_dridreawebbloom
	tamriel_data.esm    SPEL    t_cr_des_ghostcurse
	tamriel_data.esm    SPEL    t_cr_des_parastylusvenom
	tamriel_data.esm    SPEL    t_cr_des_skyrenderpoison
	tamriel_data.esm    SPEL    t_cr_mys_lichgreatdreadcurse
	tamriel_data.esm    SPEL    t_cr_res_welkyndspheal
	tamriel_data.esm    SPEL    t_de_des_necromordfire
	tamriel_data.esm    SPEL    t_de_mys_templesong
	tamriel_data.esm    SPEL    t_de_res_generosity
	tamriel_data.esm    SPEL    t_de_res_mercyunexpected
	tamriel_data.esm    SPEL    t_de_res_restoreconstitution
	tamriel_data.esm    SPEL    t_de_res_restorefinesse
	tamriel_data.esm    SPEL    t_de_res_restorefortitude
	tamriel_data.esm    SPEL    t_de_res_restoresorcery
	tamriel_data.esm    SPEL    t_de_res_sothasilsmastery
	tamriel_data.esm    SPEL    t_nor_alt_harkinsgills
	tamriel_data.esm    SPEL    t_nor_alt_tsunsward
	tamriel_data.esm    SPEL    t_nor_alt_windofkyne
	tamriel_data.esm    SPEL    t_nor_des_mountainwind
	tamriel_data.esm    SPEL    t_nor_ilu_raveneye
	tamriel_data.esm    SPEL    t_nor_ilu_raveneyegreater
	tamriel_data.esm    SPEL    t_nor_mys_extendedarm
	tamriel_data.esm    SPEL    t_nor_mys_jogvirssoultheft
	tamriel_data.esm    SPEL    t_nor_mys_jogvirsswordhand
	tamriel_data.esm    SPEL    t_nor_res_eagleeye
	tamriel_data.esm    SPEL    t_nor_res_treefellersrage
	tamriel_data.esm    SPEL    t_nor_res_whisperhermamora
	tamriel_data.esm    SPEL    t_rea_des_ironeater
	tamriel_data.esm    SPEL    t_rea_des_legbreaker
	tamriel_data.esm    SPEL    t_rea_des_meatrot
	tamriel_data.esm    SPEL    t_rea_des_mindrot
	tamriel_data.esm    SPEL    t_rea_des_steeleater
	tamriel_data.esm    SPEL    t_rea_mys_marastouch
	tamriel_data.esm    SPEL    t_rea_mys_soultheft
	tamriel_data.esm    SPEL    t_rea_mys_soulwither
	tr_mainland.esm     ENCH    tr_en_m2-56_gashcrown
	tr_mainland.esm     ENCH    tr_en_scorchstorm
	tr_mainland.esm     ENCH    tr_i2-307_fire_en
	tr_mainland.esm     ENCH    tr_i3-591_en_kaladan
	tr_mainland.esm     ENCH    tr_m1_fire_onhit
	tr_mainland.esm     ENCH    tr_m1_lichkatana_i1-6
	tr_mainland.esm     ENCH    tr_m3_oe_sanctuary
	tr_mainland.esm     SPEL    tr_ad_aldrane's ward
	tr_mainland.esm     SPEL    tr_m1_frostshock
	tr_mainland.esm     SPEL    tr_m1_good_feather
	tr_mainland.esm     SPEL    tr_m1_q50_g03_angondef
	tr_mainland.esm     SPEL    tr_m1_q50_g03_angonfire
	tr_mainland.esm     SPEL    tr_m1_q50_g03_angonweak
	tr_mainland.esm     SPEL    tr_m1_q50_g03_rewspel
	tr_mainland.esm     SPEL    tr_m1_q50_g03_rewspela
	tr_mainland.esm     SPEL    tr_m1_q_mg4dispel
	tr_mainland.esm     SPEL    tr_m1_q_rr_5_reward
	tr_mainland.esm     SPEL    tr_m1_sp_i2_burden
	tr_mainland.esm     SPEL    tr_m2_do_damageluck
	tr_mainland.esm     SPEL    tr_m2_do_damagestrength
	tr_mainland.esm     SPEL    tr_m2_immolatingtouch
	tr_mainland.esm     SPEL    tr_m2_q_22_effects
	tr_mainland.esm     SPEL    tr_m3_il_urenim_spell
	tr_mainland.esm     SPEL    tr_m3_oe_ebontowerforgespell
	tr_mainland.esm     SPEL    tr_m3_oe_songfatigue
	tr_mainland.esm     SPEL    tr_m3_oe_vaultshockspell
