RR - Bitter Coast Dungeons.esp: DUP-REC FOGBUG MASTERS MENUMOD MISSAUT MISSDSC MISSVER OVR-REC
    MASTERS: out of sync with the masters installed in your Data Files directory:
	OAAB_Data.esm                1269934 (plugin)    1567893 (installed size)
    [FOGBUG]: Cells with zero fog density setting:
	Addamasartus
    [MENUMOD] Scripts not checking menumode:
	SCPT(RR_Ghost_Andrano)
	SCPT(RR_Queen_Danger_Abaesen)
	SCPT(RR_Queen_Danger_Band)
	SCPT(RR_Sarys_Ghost_Script)
	SCPT(RR_Shurinbaal_MB_Script)
    [DUP-REC] Duplicate Records:
	From Master         Type    Name
	morrowind.esm       LTEX    rock_coastal
	morrowind.esm       LTEX    sand
	morrowind.esm       PGRD    bitter coast region
	tribunal.esm        LTEX    ai_grass_rocky
    [OVR-REC] Overridden Records:
	From Master         Type    Name
	bloodmoon.esm       LTEX    sand_02
	bloodmoon.esm       LTEX    tx_bc_rock_03.tga
	bloodmoon.esm       LTEX    tx_bm_grass_01.dds
	bloodmoon.esm       LTEX    tx_bm_grass_02.dds
	bloodmoon.esm       LTEX    tx_bm_grass_03.dds
	bloodmoon.esm       LTEX    tx_bm_grass_dirt_01.dds
	bloodmoon.esm       LTEX    tx_bm_grass_snow_02a.dds
	bloodmoon.esm       LTEX    tx_bm_grass_snow_03.dds
	bloodmoon.esm       LTEX    tx_bm_rock_02.dds
	bloodmoon.esm       LTEX    tx_bm_rock_03.dds
	morrowind.esm       BOOK    bk_seydaneentaxrecord
	morrowind.esm       CREA    guar_llovyn_unique
	morrowind.esm       CREA    kwama queen_abaesen
	morrowind.esm       LAND    (-8, -4)
	morrowind.esm       LAND    (-9, -4)
	morrowind.esm       LTEX    al_ash_04
	morrowind.esm       LTEX    daedric stone
	morrowind.esm       LTEX    daedric_scrubruins
	morrowind.esm       LTEX    gl_grass_03
	morrowind.esm       LTEX    scrub plain
	morrowind.esm       LTEX    tx_bc_bank.tga
	morrowind.esm       LTEX    tx_bc_dirt.tga
	morrowind.esm       LTEX    tx_bc_grass.tga
	morrowind.esm       LTEX    tx_bc_mainroad_01.tga
	morrowind.esm       LTEX    tx_bc_moss.tga
	morrowind.esm       LTEX    tx_bc_muck.tga
	morrowind.esm       LTEX    tx_bc_muck_01.tga
	morrowind.esm       LTEX    tx_bc_mud.tga
	morrowind.esm       LTEX    tx_bc_rock_01.tga
	morrowind.esm       LTEX    tx_bc_rock_02.tga
	morrowind.esm       LTEX    tx_bc_rock_04.tga
	morrowind.esm       LTEX    tx_bc_rockyscrub.tga
	morrowind.esm       LTEX    tx_bc_scrub.tga
	morrowind.esm       LTEX    tx_bc_undergrowth.tga
	morrowind.esm       LTEX    tx_rock_wg_01.tga
	morrowind.esm       LTEX    wg_cobblestones
	morrowind.esm       LTEX    wg_dirtroad_01
	morrowind.esm       LTEX    wg_dirtscrub
	morrowind.esm       LTEX    wg_mainroad_01
	morrowind.esm       LTEX    wg_rock
	morrowind.esm       LTEX    wg_rockydirt
	morrowind.esm       LTEX    wg_rockyscrub
	morrowind.esm       LTEX    wg_scrub plain
	morrowind.esm       MISC    misc_skull_llevule
	morrowind.esm       PGRD    abaesen-pulu egg mine
	morrowind.esm       PGRD    abernanit
	morrowind.esm       PGRD    addamasartus
	morrowind.esm       PGRD    aharunartus
	morrowind.esm       PGRD    aleft
	morrowind.esm       PGRD    andrano ancestral tomb
	morrowind.esm       PGRD    andrethi ancestral tomb
	morrowind.esm       PGRD    ashalmimilkala, shrine
	morrowind.esm       PGRD    ashurnibibi, shrine
	morrowind.esm       PGRD    assemanu, shrine
	morrowind.esm       PGRD    band egg mine
	morrowind.esm       PGRD    heran ancestral tomb
	morrowind.esm       PGRD    hlormaren
	morrowind.esm       PGRD    hlormaren, keep, bottom level
	morrowind.esm       PGRD    hlormaren, keep, top level
	morrowind.esm       PGRD    hlormaren, underground
	morrowind.esm       PGRD    ilunibi, carcass of the saint
	morrowind.esm       PGRD    ilunibi, soul's rattle
	morrowind.esm       PGRD    norvayn ancestral tomb
	morrowind.esm       PGRD    samarys ancestral tomb
	morrowind.esm       PGRD    sarys ancestral tomb
	morrowind.esm       PGRD    shal
	morrowind.esm       PGRD    shurinbaal
	morrowind.esm       PGRD    thelas ancestral tomb
	morrowind.esm       PGRD    yasamsi
	morrowind.esm       PGRD    zainsipilu
	morrowind.esm       PGRD    zanabi
	tribunal.esm        LTEX    ai_clover
	tribunal.esm        LTEX    ai_dirt
	tribunal.esm        LTEX    ai_dirtroad
	tribunal.esm        LTEX    ai_grass
	tribunal.esm        LTEX    ai_grass_02
	tribunal.esm        LTEX    ai_grass_dirt
	tribunal.esm        LTEX    rm_grayrock
	tribunal.esm        LTEX    rm_rock_01
	tribunal.esm        LTEX    tx_ai_mainroad_01.tga
