Nchardamz.ESP: AUTOSPL DUP-REC MASTERS MENUMOD MISSAUT MISSDSC MISSVER OVR-REC
    MASTERS: out of sync with the masters installed in your Data Files directory:
	Bloodmoon.esm                9631289 (plugin)    9631798 (installed size)
    [AUTOSPL] Auto-calced Spells:
	cruel noise                    Cruel Noise
    [MENUMOD] Scripts not checking menumode:
	SCPT(SG_Centurion)
	SCPT(SG_SpearsHurt)
	SCPT(SG_arse_Flame)
	SCPT(SG_electro_spider)
	SCPT(SG_fire_Act)
	SCPT(SG_fireface)
	SCPT(SG_snd_Crossover)
	SCPT(SG_snd_Crossover2)
	SCPT(SG_snd_Furnace)
	SCPT(SG_snd_Ruins_1)
	SCPT(SG_snd_SphereDoor)
	SCPT(SG_snd_Steam)
    [DUP-REC] Duplicate Records:
	From Master         Type    Name
	bloodmoon.esm       ACTI    colony_smoke_4
	bloodmoon.esm       REPA    repair_prongs
	morrowind.esm       ACTI    ex_waterfall_mist_s_01
	morrowind.esm       ACTI    steam_bluegreen
	morrowind.esm       ACTI    steam_nchuleftingth_01
	morrowind.esm       ACTI    steam_nchuleftingth_02
	morrowind.esm       CONT    dwrv_chest00
	morrowind.esm       CONT    dwrv_chest_small
	morrowind.esm       CONT    flora_bc_mushroom_02
	morrowind.esm       CONT    flora_bc_mushroom_06
	morrowind.esm       CONT    flora_bc_mushroom_07
	morrowind.esm       CONT    flora_bc_mushroom_08
	morrowind.esm       CONT    flora_bc_podplant_04
	morrowind.esm       CONT    flora_red_lichen_01
	morrowind.esm       INGR    ingred_scrap_metal_01
	morrowind.esm       LIGH    furn_de_firepit_f_01
	morrowind.esm       MISC    misc_dwrv_bowl00
	morrowind.esm       MISC    misc_lw_platter
	morrowind.esm       STAT    dwrv_mechrarm00
	morrowind.esm       STAT    flora_t_mushroom_02
	morrowind.esm       STAT    furn_dwrv_tranny01
	morrowind.esm       STAT    furn_mist512
	morrowind.esm       STAT    in_mud_rock_26
	morrowind.esm       STAT    terrain_ashland_rock_01
	morrowind.esm       STAT    terrain_ashland_rock_02
	morrowind.esm       STAT    terrain_ashland_rock_04
	morrowind.esm       STAT    terrain_ashland_rock_06
	morrowind.esm       STAT    terrain_ashland_rock_07
	morrowind.esm       STAT    terrain_ashland_rock_16
	tribunal.esm        ACTI    act_sotha_steam10
	tribunal.esm        ACTI    furn_dwrv_beltdrive
	tribunal.esm        ACTI    furn_dwrv_dynamo
	tribunal.esm        ACTI    furn_dwrv_steam_00
	tribunal.esm        ACTI    steam_lavariver
	tribunal.esm        STAT    furn_com_torch_ring_01
    [OVR-REC] Overridden Records:
	From Master         Type    Name
	bloodmoon.esm       SNDG    
	morrowind.esm       LIGH    blue water ref 768
	morrowind.esm       LIGH    light_fire_300
	morrowind.esm       SPEL    cruel noise
	tribunal.esm        CREA    centurion_spider_dead
	tribunal.esm        LEVC    in_dwe_all_tribunal
