Nels Llendo Has Standards.ESP: DUP-INF DUP-REC MISSVER MOD-INF OVR-REC
    [OVR-REC] Overridden Records:
	From Master         Type    Name
	morrowind.esm       DIAL    nels llendo
	morrowind.esm       DIAL    proposition
	tribunal.esm        DIAL    greeting 5

[MOD-INF]: ID=232631890635106680(Topic:nels llendo)
  morrowind.esm----------------->|DATA|ONAM:nels llendo|NAME:I see by your blush that my name is familiar to you. Fear not, fair lady. Nels Llendo is far from the heartless villain some have made me out to be. From as charming and gracious a woman as you, I would ask for but a single kiss. It would be the most precious prize I have ever solicited from a...client.|SCVR:01380|INTV|SCVR:14JX0MV_3_Charming|INTV:
  Nels Llendo Has Standards.ESP->|DATA|ONAM:nels llendo|NAME:I see by your blush that my name is familiar to you. Fear not, fair lady. Nels Llendo is far from the heartless villain some have made me out to be. From as charming and gracious a woman as you, I would ask for but a single kiss. It would be the most precious prize I have ever solicited from a...client.|SCVR:01380|INTV|SCVR:14JX0MV_3_Charming|INTV:|SCVR:21563|INTV:-|SCVR:32sX1PCRace|INTV|SCVR:42sX1PCRace|INTV|SCVR:52sX1PCRace|INTV

[MOD-INF]: ID=806472501090824362(Topic:nels llendo)
  morrowind.esm----------------->|DATA|ONAM:nels llendo|NAME:Ah...I see you have heard of me. I am not surprised. No, no...do not tremble in fear. Nels Llendo is a reasonable man, hardly the cutthroat some would make me out to be. I offer you a fair and healthy proposition.|SCVR:01380|INTV:|SCVR:14JX0MV_3_Charming|INTV:
  Nels Llendo Has Standards.ESP->|DATA|ONAM:nels llendo|NAME:Ah...I see you have heard of me. I am not surprised. No, no...do not tremble in fear. Nels Llendo is a reasonable man, hardly the cutthroat some would make me out to be. I offer you a fair and healthy proposition.|SCVR:14JX0MV_3_Charming|INTV:

[DUP-INF]: ID=940021023323811615(Topic:nels llendo)
  |DATA|ONAM:nels llendo|ANAM:Pelagiad, Halfway Tavern|NAME:That is I. Nels Llendo at your service.|SCVR:04JX3MV_3_Charming|INTV:d

[MOD-INF]: ID=943266831494921997(Greeting:greeting 5)
  morrowind.esm----------------->|DATA|ONAM:nels llendo|NAME:Hello, my dear. Nels Llendo at your service.|SCVR:01380|INTV|SCVR:14JX4MV_3_Charming|INTV: 
  Nels Llendo Has Standards.ESP->|DATA|ONAM:nels llendo|NAME:Hello, my dear. Nels Llendo at your service.|SCVR:01380|INTV|SCVR:14JX4MV_3_Charming|INTV: |SCVR:21563|INTV:-|SCVR:32sX1PCRace|INTV|SCVR:42sX1PCRace|INTV|SCVR:52sX1PCRace|INTV

[MOD-INF]: ID=19654316481037027868(Greeting:greeting 5)
  morrowind.esm----------------->|DATA|ONAM:nels llendo|NAME:Greetings, my friend! It is I, Nels Llendo.|SCVR:01380|INTV:|SCVR:14JX4MV_3_Charming|INTV: 
  Nels Llendo Has Standards.ESP->|DATA|ONAM:nels llendo|NAME:Greetings, my friend! It is I, Nels Llendo.|SCVR:14JX4MV_3_Charming|INTV: 

[MOD-INF]: ID=25678167392892913449(Topic:proposition)
  morrowind.esm----------------->|DATA|ONAM:nels llendo|NAME:An excellent choice, my friend. As I said, Nels Llendo can be a very good friend to have. If you are ever in Pelagiad, I can usually be found at the Halfway Tavern. Do stop by and visit -- I'm certain I can be of some service to you. Now, I must be off. Good day to you, sir!|SCVR:01500|INTV|SCVR:15IX3Gold_001|INTV:2|BNAM:journal "MV_3_Charming" 100  additem "Gold_001" 50  player->removeitem "Gold_001" 50  ModDisposition 30  Goodbye
  Nels Llendo Has Standards.ESP->|DATA|ONAM:nels llendo|NAME:An excellent choice, my friend. As I said, Nels Llendo can be a very good friend to have. If you are ever in Pelagiad, I can usually be found at the Halfway Tavern. Do stop by and visit -- I'm certain I can be of some service to you. Now, I must be off. Good day to you!|SCVR:01500|INTV|SCVR:15IX3Gold_001|INTV:2|BNAM:journal "MV_3_Charming" 100  additem "Gold_001" 50  player->removeitem "Gold_001" 50  ModDisposition 30  Goodbye
