Nine-holes - Core_2141292203.esp: MASTERS MENUMOD MISSVER
    MASTERS: out of sync with the masters installed in your Data Files directory:
	Tamriel_Data.esm            10684550 (plugin)   11064795 (installed size)
	OAAB_Data.esm                1700764 (plugin)    1567893 (installed size)
    [MENUMOD] Scripts not checking menumode:
	SCPT(Game_NH_AIMove_Sc)
	SCPT(Game_NH_CheckWinner_Sc)
	SCPT(Game_NH_MovePin_Sc)
	SCPT(Game_NH_PinRed_A1_Sc)
	SCPT(Game_NH_PinRed_A2_Sc)
	SCPT(Game_NH_PinRed_A3_Sc)
	SCPT(Game_NH_PinRed_B1_Sc)
	SCPT(Game_NH_PinRed_B2_Sc)
	SCPT(Game_NH_PinRed_B3_Sc)
	SCPT(Game_NH_PinRed_C1_Sc)
	SCPT(Game_NH_PinRed_C2_Sc)
	SCPT(Game_NH_PinRed_C3_Sc)
	SCPT(Game_NH_PinWhite_A1_Sc)
	SCPT(Game_NH_PinWhite_A2_Sc)
	SCPT(Game_NH_PinWhite_A3_Sc)
	SCPT(Game_NH_PinWhite_B1_Sc)
	SCPT(Game_NH_PinWhite_B2_Sc)
	SCPT(Game_NH_PinWhite_B3_Sc)
	SCPT(Game_NH_PinWhite_C1_Sc)
	SCPT(Game_NH_PinWhite_C2_Sc)
	SCPT(Game_NH_PinWhite_C3_Sc)
