No Arrow Weight.ESP: DUP-REC MISSAUT MISSDSC MISSVER OVR-REC
    [OVR-REC] Overridden Records:
	From Master         Type    Name
	bloodmoon.esm       WEAP    bm_arrow_riekling_uni
	bloodmoon.esm       WEAP    bm_ebonyarrow_s
	bloodmoon.esm       WEAP    silver arrow
	bloodmoon.esm       WEAP    silver arrow_thirsk_0
	bloodmoon.esm       WEAP    silver arrow_thirsk_1
	bloodmoon.esm       WEAP    silver arrow_thirsk_2
	bloodmoon.esm       WEAP    silver arrow_thirsk_3
	bloodmoon.esm       WEAP    silver arrow_thirsk_4
	bloodmoon.esm       WEAP    silver arrow_thirsk_5
	bloodmoon.esm       WEAP    silver arrow_thirsk_6
	bloodmoon.esm       WEAP    silver arrow_thirsk_7
	bloodmoon.esm       WEAP    silver arrow_thirsk_8
	bloodmoon.esm       WEAP    silver arrow_thirsk_9
	bloodmoon.esm       WEAP    steel arrow_carnius
	morrowind.esm       WEAP    arrow of wasting flame
	morrowind.esm       WEAP    arrow of wasting shard
	morrowind.esm       WEAP    arrow of wasting spark
	morrowind.esm       WEAP    arrow of wasting viper
	morrowind.esm       WEAP    bonemold arrow
	morrowind.esm       WEAP    chitin arrow
	morrowind.esm       WEAP    corkbulb arrow
	morrowind.esm       WEAP    cruel flamearrow
	morrowind.esm       WEAP    cruel frostarrow
	morrowind.esm       WEAP    cruel shardarrow
	morrowind.esm       WEAP    cruel sparkarrow
	morrowind.esm       WEAP    cruel viperarrow
	morrowind.esm       WEAP    daedric arrow
	morrowind.esm       WEAP    dire flamearrow
	morrowind.esm       WEAP    dire frostarrow
	morrowind.esm       WEAP    dire shardarrow
	morrowind.esm       WEAP    dire sparkarrow
	morrowind.esm       WEAP    ebony arrow
	morrowind.esm       WEAP    flame arrow
	morrowind.esm       WEAP    glass arrow
	morrowind.esm       WEAP    grey shaft of holding
	morrowind.esm       WEAP    grey shaft of nonsense
	morrowind.esm       WEAP    grey shaft of unraveling
	morrowind.esm       WEAP    iron arrow
	morrowind.esm       WEAP    iron_arrow_uniq_judgement
	morrowind.esm       WEAP    magic_bolt
	morrowind.esm       WEAP    shard arrow
	morrowind.esm       WEAP    shield_bolt
	morrowind.esm       WEAP    shock_bolt
	morrowind.esm       WEAP    spark arrow
	morrowind.esm       WEAP    steel arrow
	morrowind.esm       WEAP    viper arrow
	tribunal.esm        WEAP    dire viperarrow
	tribunal.esm        WEAP    ebony arrow_sadri
