NOD - OAAB Hood-n-Hat AR Value Patch.ESP: DUP-REC MASTERS MISSAUT MISSDSC MISSVER OVR-REC
    MASTERS: out of sync with the masters installed in your Data Files directory:
	OAAB_Data.esm                1384891 (plugin)    1567893 (installed size)
    [OVR-REC] Overridden Records:
	From Master         Type    Name
	oaab_data.esm       ARMO    ab_a_leatherhat
	oaab_data.esm       ARMO    ab_a_wickerhelm
	oaab_data.esm       ARMO    ab_a_wickerhelm02
	oaab_data.esm       ARMO    ab_c_commonhood01
	oaab_data.esm       ARMO    ab_c_commonhood02
	oaab_data.esm       ARMO    ab_c_commonhood02h
	oaab_data.esm       ARMO    ab_c_commonhood02hh
	oaab_data.esm       ARMO    ab_c_commonhood02r
	oaab_data.esm       ARMO    ab_c_commonhood02rr
	oaab_data.esm       ARMO    ab_c_commonhood02t
	oaab_data.esm       ARMO    ab_c_commonhood02tt
	oaab_data.esm       ARMO    ab_c_commonhood03
	oaab_data.esm       ARMO    ab_c_commonhood03a
	oaab_data.esm       ARMO    ab_c_commonhood03b
	oaab_data.esm       ARMO    ab_c_commonhood04
	oaab_data.esm       ARMO    ab_c_commonhood05
	oaab_data.esm       ARMO    ab_c_commonhood05a
	oaab_data.esm       ARMO    ab_c_commonhood05b
	oaab_data.esm       ARMO    ab_c_commonhood05c
	oaab_data.esm       ARMO    ab_c_commonhoodblack
	oaab_data.esm       ARMO    ab_c_dwrvhat
	oaab_data.esm       ARMO    ab_c_expensivehood01
	oaab_data.esm       ARMO    ab_c_expensivehood02
	oaab_data.esm       ARMO    ab_c_expensivehood02a
	oaab_data.esm       ARMO    ab_c_expensivehood03
	oaab_data.esm       ARMO    ab_c_exquisitehood01
	oaab_data.esm       ARMO    ab_c_extravaganthood01
	oaab_data.esm       ARMO    ab_c_extravaganthood01a
	oaab_data.esm       ARMO    ab_c_extravaganthood01b
	oaab_data.esm       ARMO    ab_c_extravaganthood01c
	oaab_data.esm       ARMO    ab_c_extravaganthood01h
	oaab_data.esm       ARMO    ab_c_extravaganthood01r
	oaab_data.esm       ARMO    ab_c_extravaganthood01t
	oaab_data.esm       ARMO    ab_c_extravaganthood02
