NX9_dremora.esp: DUP-REC MISSAUT MISSDSC MISSVER OVR-REC
    [DUP-REC] Duplicate Records:
	From Master         Type    Name
	morrowind.esm       ARMO    chitin_shield
	morrowind.esm       WEAP    steel claymore
	morrowind.esm       WEAP    steel club
	morrowind.esm       WEAP    steel dagger
	morrowind.esm       WEAP    steel dai-katana
	morrowind.esm       WEAP    steel katana
	morrowind.esm       WEAP    steel longbow
	morrowind.esm       WEAP    steel longsword
	morrowind.esm       WEAP    steel shortsword
	morrowind.esm       WEAP    steel spear
	morrowind.esm       WEAP    steel staff
	morrowind.esm       WEAP    steel tanto
	morrowind.esm       WEAP    steel wakizashi
	morrowind.esm       WEAP    steel war axe
	tribunal.esm        WEAP    steel battle axe
	tribunal.esm        WEAP    steel mace
	tribunal.esm        WEAP    steel warhammer
    [OVR-REC] Overridden Records:
	From Master         Type    Name
	morrowind.esm       CREA    dremora
	morrowind.esm       CREA    dremora_gothren_guard1
	morrowind.esm       CREA    dremora_gothren_guard2
	morrowind.esm       CREA    dremora_special_fyr
	morrowind.esm       CREA    dremora_ttmg
	morrowind.esm       CREA    dremora_ttpc
	morrowind.esm       LEVC    in_dae_all_lev+0
	morrowind.esm       LEVC    in_dae_all_lev+2
	morrowind.esm       LEVC    in_dae_all_lev-2
	morrowind.esm       LEVC    in_dae_dremora_lev+0
	morrowind.esm       LEVC    in_dae_dremora_lev+2
	morrowind.esm       LEVC    in_dae_dremora_lev-2
	tribunal.esm        CREA    dremora_lord_khash_uni
	tribunal.esm        CREA    dremora_summon
